YBL103C	0.121404557868	YNL037C
YBL103C	0.0991950128951	YLR276C
YBL103C	0.337193518359	YMR193W
YBL103C	0.0688229910087	YHR051W
YBL103C	0.13118915105	YPL111W
YBL103C	0.914603030034	YGL009C
YBL103C	0.856203165818	YPR002W
YBL103C	0.27682840026	YML123C
YBL103C	0.129047336261	YHR136C
YBL103C	0.0702784951098	YER158C
YBL103C	0.102296394234	YJL217W
YBL103C	0.0811075680983	YKR075C
YBL103C	0.0976983176521	YLR258W
YBL103C	0.124368934519	YDR171W
YBL103C	0.0740843271144	YIL136W
YBL103C	0.171711897415	YKR056W
YBL103C	0.344935570712	YAL062W
YBL103C	0.199203127865	YCR021C
YBL103C	0.0812269300732	YDL110C
YBL103C	0.063611395616	YGR043C
YBL103C	0.114903509507	YGR142W
YBL103C	0.269085040964	YHR018C
YBL103C	0.103672698049	YJL088W
YBL103C	0.390075492873	YJR148W
YBL103C	0.0956424197136	YLR009W
YBL103C	0.0921719664771	YLR130C
YBL103C	0.133201951324	YLR267W
YBL103C	0.153198444276	YLR327C
YBL103C	0.221750836355	YNL036W
YBL103C	0.128503191506	YNR053C
YBL103C	0.164956999908	YOR302W
YBL103C	0.114715136125	YPL012W
YBL103C	0.145041923274	YIL037C
YBL103C	0.0714270971694	YKR009C
YBL103C	0.157618374046	YFR022W
YBL103C	0.754586775938	YPL265W
YBL103C	0.175142439302	YOR100C
YBL103C	0.0859600586924	YOR348C
YBL103C	0.0784783496623	YHL028W
YBL103C	0.108037284614	YGR067C
YBL103C	0.143847573484	YLL011W
YBL103C	0.212236599013	YPL036W
YBL103C	0.0619380051143	YAL054C
YBL103C	0.0723975806508	YLR438W
YBL103C	0.0502439366327	YIL155C
YBL103C	0.0847206660263	YBR054W
YBL103C	0.203670396746	YCL064C
YBL103C	0.13030423761	YDL160C
YBL103C	0.2380381758	YDR384C
YBL103C	0.073453295796	YER067W
YBL103C	0.0652233798183	YER150W
YBL103C	0.163689682009	YFL014W
YBL103C	0.120054943784	YHR029C
YBL103C	0.182385267282	YHR087W
YBL103C	0.0731862747146	YLR178C
YBL103C	0.0706158549764	YMR169C
YBL103C	0.0838617560642	YMR229C
YBL103C	0.270637785699	YNR064C
YBL103C	0.0923532770666	YOR206W
YBL103C	0.191570264546	YOR388C
YBL103C	0.534516769588	YDR380W
YBL103C	0.344720487707	YPL061W
YBL103C	0.223522594668	YJL172W
YBL103C	0.0865383662183	YNL194C
YBL103C	0.0464591954812	YDR361C
YBL103C	0.108200340441	YHR216W
YBL103C	0.0860060272137	YNR046W
YBL103C	0.117552583955	YGR183C
YBL103C	0.0880724871026	YLL034C
YBL103C	0.136981304507	YDR523C
YBL103C	0.0480853905151	YOL014W
YBL103C	0.208686607886	YLR174W
YBL103C	0.357929445545	YJL153C
YBL103C	0.103332051142	YGL229C
YBL103C	0.266085263116	YJL063C
YDL170W	0.199935066322	YNL037C
YDL170W	0.131776403979	YLR276C
YDL170W	0.471182712345	YMR193W
YDL170W	0.0653015459285	YHR051W
YDL170W	0.0796547618697	YPL111W
YDL170W	0.260616270017	YGL009C
YDL170W	0.184832206394	YPR002W
YDL170W	0.179944304351	YML123C
YDL170W	0.205950585871	YHR136C
YDL170W	0.0521009753357	YER158C
YDL170W	0.168767382378	YJL217W
YDL170W	0.0962074265159	YKR075C
YDL170W	0.0874626818962	YLR258W
YDL170W	0.100359524454	YDR171W
YDL170W	0.058747831988	YIL136W
YDL170W	0.517433946079	YKR056W
YDL170W	0.23985691147	YAL062W
YDL170W	0.270896055933	YCR021C
YDL170W	0.0506402655388	YDL110C
YDL170W	0.055254730064	YGR043C
YDL170W	0.0716396730972	YGR142W
YDL170W	0.991559421282	YHR018C
YDL170W	0.840326186669	YJL088W
YDL170W	0.421069809703	YJR148W
YDL170W	0.438054886207	YLR009W
YDL170W	0.093966070546	YLR130C
YDL170W	0.335955091915	YLR267W
YDL170W	0.125891256287	YLR327C
YDL170W	0.957007454944	YNL036W
YDL170W	0.350723191481	YNR053C
YDL170W	0.55857407969	YOR302W
YDL170W	0.246404727035	YPL012W
YDL170W	0.841799107756	YIL037C
YDL170W	0.114218857112	YKR009C
YDL170W	0.406753611592	YFR022W
YDL170W	0.57910201085	YPL265W
YDL170W	0.333351804452	YOR100C
YDL170W	0.19494177716	YOR348C
YDL170W	0.0953003214475	YHL028W
YDL170W	0.200882762663	YGR067C
YDL170W	0.266548799754	YLL011W
YDL170W	0.19934644818	YPL036W
YDL170W	0.193415439428	YAL054C
YDL170W	0.113227884931	YLR438W
YDL170W	0.0556952765327	YIL155C
YDL170W	0.0889176807355	YBR054W
YDL170W	0.150218753492	YCL064C
YDL170W	0.153053423333	YDL160C
YDL170W	0.240416061822	YDR384C
YDL170W	0.116511289758	YER067W
YDL170W	0.0484955853371	YER150W
YDL170W	0.0597013476956	YFL014W
YDL170W	0.652054844815	YHR029C
YDL170W	0.0726454516163	YHR087W
YDL170W	0.0626168314502	YLR178C
YDL170W	0.0880979727958	YMR169C
YDL170W	0.164753845261	YMR229C
YDL170W	0.206143799974	YNR064C
YDL170W	0.311488038134	YOR206W
YDL170W	0.111098657807	YOR388C
YDL170W	0.276888072499	YDR380W
YDL170W	0.249513043086	YPL061W
YDL170W	0.451024852333	YJL172W
YDL170W	0.131392285266	YNL194C
YDL170W	0.0845008284928	YDR361C
YDL170W	0.131996714615	YHR216W
YDL170W	0.240705761729	YNR046W
YDL170W	0.0788929588423	YGR183C
YDL170W	0.168631793547	YLL034C
YDL170W	0.0930790702126	YDR523C
YDL170W	0.142133693881	YOL014W
YDL170W	0.114362084553	YLR174W
YDL170W	0.268380232686	YJL153C
YDL170W	0.311371798278	YGL229C
YDL170W	0.648459930258	YJL063C
YDR043C	0.845627563871	YNL037C
YDR043C	1.0	YLR276C
YDR043C	0.0667483144848	YMR193W
YDR043C	0.385164455908	YHR051W
YDR043C	0.184230281311	YPL111W
YDR043C	0.691016754623	YGL009C
YDR043C	0.0655729844003	YPR002W
YDR043C	0.0809974060472	YML123C
YDR043C	0.0535660425779	YHR136C
YDR043C	1.0	YER158C
YDR043C	0.0882152996503	YJL217W
YDR043C	0.232911035264	YKR075C
YDR043C	0.326506301309	YLR258W
YDR043C	1.0	YDR171W
YDR043C	0.989206786563	YIL136W
YDR043C	0.47211362282	YKR056W
YDR043C	0.26106883075	YAL062W
YDR043C	0.0968725804042	YCR021C
YDR043C	0.990606420317	YDL110C
YDR043C	1.0	YGR043C
YDR043C	0.0619755844506	YGR142W
YDR043C	0.0928978990817	YHR018C
YDR043C	0.0839879127204	YJL088W
YDR043C	0.0131912056728	YJR148W
YDR043C	0.87361848975	YLR009W
YDR043C	0.0490837977212	YLR130C
YDR043C	0.0304669722777	YLR267W
YDR043C	0.988408692455	YLR327C
YDR043C	0.169614159759	YNL036W
YDR043C	0.863930982706	YNR053C
YDR043C	0.0715464213119	YOR302W
YDR043C	1.0	YPL012W
YDR043C	0.081329244235	YIL037C
YDR043C	1.0	YKR009C
YDR043C	0.810016816277	YFR022W
YDR043C	0.166299307513	YPL265W
YDR043C	0.862293103745	YOR100C
YDR043C	0.97915830282	YOR348C
YDR043C	0.739160539463	YHL028W
YDR043C	0.252944582409	YGR067C
YDR043C	0.989311435778	YLL011W
YDR043C	0.144494168275	YPL036W
YDR043C	0.848415597181	YAL054C
YDR043C	0.208487068784	YLR438W
YDR043C	1.0	YIL155C
YDR043C	0.747003784563	YBR054W
YDR043C	0.061777423796	YCL064C
YDR043C	0.410830269338	YDL160C
YDR043C	0.662222551179	YDR384C
YDR043C	0.722540835789	YER067W
YDR043C	0.842220002703	YER150W
YDR043C	0.0766120190134	YFL014W
YDR043C	0.0419182930077	YHR029C
YDR043C	0.960468297786	YHR087W
YDR043C	0.990595616746	YLR178C
YDR043C	1.0	YMR169C
YDR043C	1.0	YMR229C
YDR043C	0.0825732865596	YNR064C
YDR043C	0.946917521741	YOR206W
YDR043C	0.412431448405	YOR388C
YDR043C	0.104241365652	YDR380W
YDR043C	0.0430122185285	YPL061W
YDR043C	0.392892062859	YJL172W
YDR043C	1.0	YNL194C
YDR043C	1.0	YDR361C
YDR043C	1.0	YHR216W
YDR043C	0.686407315017	YNR046W
YDR043C	0.89875556683	YGR183C
YDR043C	1.0	YLL034C
YDR043C	0.462931703629	YDR523C
YDR043C	0.640204875095	YOL014W
YDR043C	1.0	YLR174W
YDR043C	0.13911527828	YJL153C
YDR043C	0.117900053467	YGL229C
YDR043C	0.257469951315	YJL063C
YDR216W	0.0197670047518	YNL037C
YDR216W	0.0522211735095	YLR276C
YDR216W	0.058565432455	YMR193W
YDR216W	0.0961020404042	YHR051W
YDR216W	0.0536700507493	YPL111W
YDR216W	0.0279990860299	YGL009C
YDR216W	0.0363517649842	YPR002W
YDR216W	0.0540819560369	YML123C
YDR216W	0.112470604342	YHR136C
YDR216W	0.100421417488	YER158C
YDR216W	0.106804505675	YJL217W
YDR216W	0.074671665737	YKR075C
YDR216W	0.109810688615	YLR258W
YDR216W	0.102676870168	YDR171W
YDR216W	0.248888590992	YIL136W
YDR216W	0.083986274384	YKR056W
YDR216W	0.0199598918636	YAL062W
YDR216W	0.0385341456888	YCR021C
YDR216W	0.276131164068	YDL110C
YDR216W	0.472397882349	YGR043C
YDR216W	0.458183695949	YGR142W
YDR216W	0.0344012213449	YHR018C
YDR216W	0.0522703166871	YJL088W
YDR216W	0.100023600006	YJR148W
YDR216W	0.0542496392621	YLR009W
YDR216W	0.200474040952	YLR130C
YDR216W	0.0281172658212	YLR267W
YDR216W	0.41181616604	YLR327C
YDR216W	0.0706495214705	YNL036W
YDR216W	0.0833041176403	YNR053C
YDR216W	0.105344076402	YOR302W
YDR216W	0.161196170261	YPL012W
YDR216W	0.226118000524	YIL037C
YDR216W	0.197261536056	YKR009C
YDR216W	0.046389328386	YFR022W
YDR216W	0.016739248014	YPL265W
YDR216W	0.18887761316	YOR100C
YDR216W	0.162256061199	YOR348C
YDR216W	0.0307552039259	YHL028W
YDR216W	0.2032648169	YGR067C
YDR216W	0.0613940343271	YLL011W
YDR216W	0.0486962855869	YPL036W
YDR216W	0.0787890223784	YAL054C
YDR216W	0.13221138158	YLR438W
YDR216W	0.148511104945	YIL155C
YDR216W	0.117449112241	YBR054W
YDR216W	0.057257260573	YCL064C
YDR216W	0.0668283182524	YDL160C
YDR216W	0.0152292235478	YDR384C
YDR216W	0.0525095202411	YER067W
YDR216W	0.404086530663	YER150W
YDR216W	0.954593537419	YFL014W
YDR216W	0.0428794200638	YHR029C
YDR216W	0.177771476121	YHR087W
YDR216W	0.166894855133	YLR178C
YDR216W	0.116865695153	YMR169C
YDR216W	0.107065006777	YMR229C
YDR216W	0.169251142007	YNR064C
YDR216W	0.0840030584385	YOR206W
YDR216W	0.105616984239	YOR388C
YDR216W	0.0502238162005	YDR380W
YDR216W	0.14679327245	YPL061W
YDR216W	0.03784466229	YJL172W
YDR216W	0.0678448689272	YNL194C
YDR216W	0.0920612726465	YDR361C
YDR216W	0.0947743496719	YHR216W
YDR216W	0.0737140697948	YGR183C
YDR216W	0.0748617550907	YLL034C
YDR216W	0.0507754387858	YDR523C
YDR216W	0.256743373567	YOL014W
YDR216W	0.0596427564671	YLR174W
YDR216W	0.0715115482788	YJL153C
YDR216W	0.0803435899666	YGL229C
YDR216W	0.0699168635448	YJL063C
YER040W	0.139282709936	YNL037C
YER040W	0.16652744529	YLR276C
YER040W	0.251439251964	YMR193W
YER040W	0.0858399659508	YHR051W
YER040W	0.0651729619261	YPL111W
YER040W	0.525623715458	YGL009C
YER040W	0.282208580456	YPR002W
YER040W	0.143450335404	YML123C
YER040W	0.119903965599	YHR136C
YER040W	0.053566381477	YER158C
YER040W	0.226256842048	YJL217W
YER040W	0.124985401866	YKR075C
YER040W	0.102996784522	YLR258W
YER040W	0.138333507211	YDR171W
YER040W	0.0541819925164	YIL136W
YER040W	0.258941252033	YKR056W
YER040W	0.351975627568	YAL062W
YER040W	0.165261943418	YCR021C
YER040W	0.0476678120636	YDL110C
YER040W	0.0636149334109	YGR043C
YER040W	0.0604464520407	YGR142W
YER040W	0.580134845804	YHR018C
YER040W	0.522748062762	YJL088W
YER040W	0.870107555772	YJR148W
YER040W	0.309460458527	YLR009W
YER040W	0.0991067155584	YLR130C
YER040W	0.7272364895	YLR267W
YER040W	0.0775916748726	YLR327C
YER040W	0.485604513441	YNL036W
YER040W	0.161430053793	YNR053C
YER040W	0.314816402319	YOR302W
YER040W	0.144952068358	YPL012W
YER040W	0.222694192999	YIL037C
YER040W	0.159124093806	YKR009C
YER040W	0.196624855932	YFR022W
YER040W	0.328373792393	YPL265W
YER040W	0.843894476609	YOR100C
YER040W	0.181611445716	YOR348C
YER040W	0.0593752577243	YHL028W
YER040W	0.203056301294	YGR067C
YER040W	0.17216968125	YLL011W
YER040W	0.154050845077	YPL036W
YER040W	0.359570134325	YAL054C
YER040W	0.0902335091701	YLR438W
YER040W	0.0859088592573	YIL155C
YER040W	0.0939977946517	YBR054W
YER040W	0.125263343441	YCL064C
YER040W	0.139279962008	YDL160C
YER040W	0.312096476906	YDR384C
YER040W	0.123797254786	YER067W
YER040W	0.0491893491414	YER150W
YER040W	0.0597642413294	YFL014W
YER040W	0.7223835854	YHR029C
YER040W	0.0688375279156	YHR087W
YER040W	0.0696826359835	YLR178C
YER040W	0.112706285285	YMR169C
YER040W	0.200100016486	YMR229C
YER040W	0.249757612307	YNR064C
YER040W	0.142852938857	YOR206W
YER040W	0.135037279695	YOR388C
YER040W	0.222729055179	YDR380W
YER040W	0.297216027557	YPL061W
YER040W	0.438238842305	YJL172W
YER040W	0.24590217631	YNL194C
YER040W	0.101738228909	YDR361C
YER040W	0.122294921052	YHR216W
YER040W	0.52726671872	YNR046W
YER040W	0.0724733501643	YGR183C
YER040W	0.217152071479	YLL034C
YER040W	0.0653637471952	YDR523C
YER040W	0.210985111463	YOL014W
YER040W	0.111306951935	YLR174W
YER040W	0.150021142764	YJL153C
YER040W	0.19387343642	YGL229C
YER040W	0.200656896139	YJL063C
YGL254W	0.220361999454	YNL037C
YGL254W	0.0999249639501	YLR276C
YGL254W	0.0779058969414	YMR193W
YGL254W	0.117706617585	YHR051W
YGL254W	0.0401639364085	YPL111W
YGL254W	0.0749879291597	YGL009C
YGL254W	0.0354579675722	YPR002W
YGL254W	0.0587212633177	YML123C
YGL254W	0.0395770382051	YHR136C
YGL254W	0.0339243058053	YER158C
YGL254W	0.0772534445622	YJL217W
YGL254W	0.0791896096477	YKR075C
YGL254W	0.0444188379705	YLR258W
YGL254W	0.0378325558176	YDR171W
YGL254W	0.0406396683892	YIL136W
YGL254W	0.0179750541274	YKR056W
YGL254W	0.257545604041	YAL062W
YGL254W	0.0466431811454	YCR021C
YGL254W	0.0424964981458	YDL110C
YGL254W	0.0272508670299	YGR043C
YGL254W	0.0755114646732	YGR142W
YGL254W	0.0428436724305	YHR018C
YGL254W	0.0480168979675	YJL088W
YGL254W	0.0446131421595	YJR148W
YGL254W	0.0537050268404	YLR009W
YGL254W	0.834329013769	YLR130C
YGL254W	0.0183181379861	YLR267W
YGL254W	0.0385369331673	YLR327C
YGL254W	0.0378330909152	YNL036W
YGL254W	0.0614017629706	YNR053C
YGL254W	0.062428348474	YOR302W
YGL254W	0.0333412354507	YPL012W
YGL254W	0.0643780120124	YIL037C
YGL254W	0.0472857750449	YKR009C
YGL254W	0.0312695577474	YFR022W
YGL254W	0.0190353217552	YPL265W
YGL254W	0.015787458627	YOR100C
YGL254W	0.0571002265764	YOR348C
YGL254W	0.0158838795955	YHL028W
YGL254W	0.0234262779655	YGR067C
YGL254W	0.0410205802761	YLL011W
YGL254W	0.0437641946413	YPL036W
YGL254W	0.0196552479429	YAL054C
YGL254W	0.0336087641449	YLR438W
YGL254W	0.02577346636	YIL155C
YGL254W	0.0338564384531	YBR054W
YGL254W	1.0	YCL064C
YGL254W	0.0594665105039	YDL160C
YGL254W	0.0349678745685	YER067W
YGL254W	0.0300134756158	YER150W
YGL254W	0.0488506757695	YFL014W
YGL254W	0.0379872922677	YHR029C
YGL254W	0.0303817375517	YHR087W
YGL254W	0.0365884145065	YLR178C
YGL254W	0.029759542462	YMR169C
YGL254W	0.0339508929196	YMR229C
YGL254W	0.0241996255992	YNR064C
YGL254W	0.0797025431051	YOR206W
YGL254W	0.0510709848902	YOR388C
YGL254W	0.0601018387159	YDR380W
YGL254W	0.0352076312876	YPL061W
YGL254W	0.0396503767796	YJL172W
YGL254W	0.0304185499219	YNL194C
YGL254W	0.196954190206	YDR361C
YGL254W	0.0999748431988	YHR216W
YGL254W	0.0168916327074	YNR046W
YGL254W	0.0491210336779	YGR183C
YGL254W	0.0437396383321	YLL034C
YGL254W	0.0609733473736	YDR523C
YGL254W	0.0575381830645	YOL014W
YGL254W	0.0372530940257	YLR174W
YGL254W	0.0755977504447	YJL153C
YGL254W	0.0272393314256	YGL229C
YGL254W	0.0215278386827	YJL063C
YJR094C	0.0770812499749	YNL037C
YJR094C	0.150624348311	YLR276C
YJR094C	0.125780055576	YMR193W
YJR094C	0.109188205876	YHR051W
YJR094C	0.62329687576	YPL111W
YJR094C	0.0901377495528	YGL009C
YJR094C	0.105289955385	YPR002W
YJR094C	0.145424912805	YML123C
YJR094C	0.378806666002	YHR136C
YJR094C	0.111387822239	YER158C
YJR094C	0.253815191529	YJL217W
YJR094C	0.240583776957	YKR075C
YJR094C	0.1340678075	YLR258W
YJR094C	0.157060653407	YDR171W
YJR094C	0.158741383714	YIL136W
YJR094C	0.0971748005544	YKR056W
YJR094C	0.108493341423	YAL062W
YJR094C	0.114742081922	YCR021C
YJR094C	0.10854963656	YDL110C
YJR094C	0.0776731704773	YGR043C
YJR094C	0.135484145348	YGR142W
YJR094C	0.0827071949437	YHR018C
YJR094C	0.123846718587	YJL088W
YJR094C	0.509433451158	YJR148W
YJR094C	0.0862779780808	YLR009W
YJR094C	0.314888768464	YLR130C
YJR094C	0.755181733562	YLR267W
YJR094C	0.182168807794	YLR327C
YJR094C	0.16328776398	YNL036W
YJR094C	0.112647196863	YNR053C
YJR094C	0.127568887364	YOR302W
YJR094C	0.133139775927	YPL012W
YJR094C	0.119592813988	YIL037C
YJR094C	0.129689476952	YKR009C
YJR094C	0.0939830047263	YFR022W
YJR094C	0.0946529495983	YPL265W
YJR094C	0.0884443977982	YOR100C
YJR094C	0.169617101954	YOR348C
YJR094C	0.292974050109	YHL028W
YJR094C	0.0628868708486	YGR067C
YJR094C	0.286941372583	YLL011W
YJR094C	0.0928722422254	YPL036W
YJR094C	0.092833637463	YAL054C
YJR094C	0.163684805035	YLR438W
YJR094C	0.0782622410142	YIL155C
YJR094C	0.131723022433	YBR054W
YJR094C	0.247193541491	YCL064C
YJR094C	0.179118553152	YDL160C
YJR094C	0.303213068	YDR384C
YJR094C	0.182770954479	YER067W
YJR094C	0.116350815741	YER150W
YJR094C	0.151004100544	YFL014W
YJR094C	0.213051321889	YHR029C
YJR094C	0.11538842409	YHR087W
YJR094C	0.166279941291	YLR178C
YJR094C	0.247396849936	YMR169C
YJR094C	0.119870410353	YMR229C
YJR094C	0.147750644626	YNR064C
YJR094C	0.1289571481	YOR206W
YJR094C	0.108211458093	YOR388C
YJR094C	0.265654727701	YDR380W
YJR094C	0.108511206567	YPL061W
YJR094C	0.306077891044	YJL172W
YJR094C	0.0581333574878	YNL194C
YJR094C	0.179120431731	YDR361C
YJR094C	0.152704553372	YHR216W
YJR094C	0.191652751074	YNR046W
YJR094C	0.127796066054	YGR183C
YJR094C	0.113118161972	YLL034C
YJR094C	0.211411827051	YDR523C
YJR094C	0.132588405839	YOL014W
YJR094C	0.0732453615182	YLR174W
YJR094C	0.0986393312732	YJL153C
YJR094C	0.11028605422	YGL229C
YJR094C	0.129459320488	YJL063C
YKL062W	0.414523662392	YNL037C
YKL062W	0.212791578221	YLR276C
YKL062W	0.0625133658065	YMR193W
YKL062W	0.382851637888	YHR051W
YKL062W	0.271544817088	YPL111W
YKL062W	0.0273264518837	YGL009C
YKL062W	0.261169481643	YPR002W
YKL062W	0.0803261454111	YML123C
YKL062W	0.0709803649926	YHR136C
YKL062W	0.51311506896	YER158C
YKL062W	0.0723860802733	YJL217W
YKL062W	0.109583912631	YKR075C
YKL062W	1.0	YLR258W
YKL062W	0.272105223146	YDR171W
YKL062W	0.974269655478	YIL136W
YKL062W	0.0436078204269	YKR056W
YKL062W	0.0216293459767	YAL062W
YKL062W	0.0949471928216	YCR021C
YKL062W	0.493970613804	YDL110C
YKL062W	0.392732759009	YGR043C
YKL062W	0.49047821146	YGR142W
YKL062W	0.0349519172274	YHR018C
YKL062W	0.0745225277172	YJL088W
YKL062W	0.0901191854681	YJR148W
YKL062W	0.0918714050201	YLR009W
YKL062W	0.0695431635775	YLR130C
YKL062W	0.0257063952389	YLR267W
YKL062W	0.138170011456	YLR327C
YKL062W	0.0401155925588	YNL036W
YKL062W	0.0447888707709	YNR053C
YKL062W	0.0465867449697	YOR302W
YKL062W	0.184808595999	YPL012W
YKL062W	0.0389684955065	YIL037C
YKL062W	0.119836433716	YKR009C
YKL062W	0.0264770730096	YFR022W
YKL062W	0.0674732887713	YPL265W
YKL062W	0.0619332694438	YOR100C
YKL062W	0.041255967271	YOR348C
YKL062W	0.50109929376	YHL028W
YKL062W	0.266232289525	YGR067C
YKL062W	0.0723052501413	YLL011W
YKL062W	0.678558961919	YPL036W
YKL062W	0.511302893993	YAL054C
YKL062W	0.049469766899	YLR438W
YKL062W	0.320496532873	YIL155C
YKL062W	0.534472848292	YBR054W
YKL062W	0.0666127185886	YCL064C
YKL062W	0.0494118485506	YDL160C
YKL062W	0.0158739837701	YDR384C
YKL062W	0.793430806173	YER067W
YKL062W	0.949156207962	YER150W
YKL062W	0.964679541725	YFL014W
YKL062W	0.0431086102628	YHR029C
YKL062W	0.54033522216	YHR087W
YKL062W	0.969957335626	YLR178C
YKL062W	0.33119821292	YMR169C
YKL062W	0.378760942095	YMR229C
YKL062W	0.064525207238	YNR064C
YKL062W	0.169279441441	YOR206W
YKL062W	0.0794621427741	YOR388C
YKL062W	0.0301541822858	YDR380W
YKL062W	0.0613861611902	YPL061W
YKL062W	0.0152255509284	YJL172W
YKL062W	0.24349754162	YNL194C
YKL062W	0.168537259964	YDR361C
YKL062W	0.0507261315892	YHR216W
YKL062W	0.368958033288	YNR046W
YKL062W	0.308055262503	YGR183C
YKL062W	0.308696836494	YLL034C
YKL062W	0.0498603967922	YDR523C
YKL062W	0.0412704276558	YOL014W
YKL062W	0.111265256427	YLR174W
YKL062W	0.0553269811142	YJL153C
YKL062W	0.304205728254	YGL229C
YKL062W	0.0241645462094	YJL063C
YMR280C	0.0476723148469	YNL037C
YMR280C	0.196302445495	YLR276C
YMR280C	0.0521821053957	YMR193W
YMR280C	0.0889906923779	YHR051W
YMR280C	0.0584226514992	YPL111W
YMR280C	0.0352251497541	YGL009C
YMR280C	0.0344498289731	YPR002W
YMR280C	0.0551178450244	YML123C
YMR280C	0.0692310427026	YHR136C
YMR280C	0.0396871698244	YER158C
YMR280C	0.0522282028148	YJL217W
YMR280C	0.106051367984	YKR075C
YMR280C	0.0673888487096	YLR258W
YMR280C	0.0711693113836	YDR171W
YMR280C	0.0506489042547	YIL136W
YMR280C	0.0689779582966	YKR056W
YMR280C	0.0205200641309	YAL062W
YMR280C	0.0366696875043	YCR021C
YMR280C	0.0777036309341	YDL110C
YMR280C	0.0358480954872	YGR043C
YMR280C	0.0529359703339	YGR142W
YMR280C	0.0361322054312	YHR018C
YMR280C	0.0488631496231	YJL088W
YMR280C	0.0148079116999	YJR148W
YMR280C	0.0960677900281	YLR009W
YMR280C	0.0477293423315	YLR130C
YMR280C	0.0255525738957	YLR267W
YMR280C	0.0442509355744	YLR327C
YMR280C	0.0355659654962	YNL036W
YMR280C	0.0604194391499	YNR053C
YMR280C	0.0467840406488	YOR302W
YMR280C	0.0521190355177	YPL012W
YMR280C	0.031800238121	YIL037C
YMR280C	0.132530814174	YKR009C
YMR280C	0.141629098989	YFR022W
YMR280C	0.129598142206	YPL265W
YMR280C	0.0450951342193	YOR100C
YMR280C	0.0604593086724	YOR348C
YMR280C	0.0296502042264	YHL028W
YMR280C	0.0234623156146	YGR067C
YMR280C	0.0689752153302	YLL011W
YMR280C	0.0559456256747	YPL036W
YMR280C	0.0207538100228	YAL054C
YMR280C	0.156065373193	YLR438W
YMR280C	0.120738360477	YIL155C
YMR280C	0.0487342602595	YBR054W
YMR280C	0.0506832383414	YCL064C
YMR280C	0.0526499183554	YDL160C
YMR280C	0.21753631475	YDR384C
YMR280C	0.0455781951015	YER067W
YMR280C	0.0289328284682	YER150W
YMR280C	0.0348602979462	YFL014W
YMR280C	0.0464011896283	YHR029C
YMR280C	0.032833331641	YHR087W
YMR280C	0.0527652371266	YLR178C
YMR280C	0.0420104398686	YMR169C
YMR280C	0.0471818815842	YMR229C
YMR280C	0.0901073895775	YNR064C
YMR280C	0.0792998575354	YOR206W
YMR280C	0.0770061786137	YOR388C
YMR280C	0.0304856126217	YDR380W
YMR280C	0.0790289269468	YPL061W
YMR280C	0.0284308557615	YNL194C
YMR280C	0.171582004045	YDR361C
YMR280C	0.0533689577467	YHR216W
YMR280C	0.0616544532262	YNR046W
YMR280C	0.0906331778968	YGR183C
YMR280C	0.0736383481101	YLL034C
YMR280C	0.148719816541	YDR523C
YMR280C	0.0540712907535	YOL014W
YMR280C	0.218415875529	YLR174W
YMR280C	0.168599671314	YJL153C
YMR280C	0.0429537152159	YGL229C
YMR280C	0.0826045755051	YJL063C
YOR032C	0.0495351014614	YNL037C
YOR032C	0.0429785393818	YLR276C
YOR032C	0.0541465210994	YMR193W
YOR032C	0.0656250673375	YHR051W
YOR032C	0.0805820235629	YPL111W
YOR032C	0.0286666453092	YGL009C
YOR032C	0.0440774348804	YPR002W
YOR032C	0.0992932317071	YML123C
YOR032C	0.080997280456	YHR136C
YOR032C	0.414858728138	YER158C
YOR032C	0.12737373462	YJL217W
YOR032C	0.0939585075339	YKR075C
YOR032C	0.0728289710937	YLR258W
YOR032C	0.0717706567427	YDR171W
YOR032C	0.0647049087285	YIL136W
YOR032C	0.0382398271259	YKR056W
YOR032C	0.0197636501721	YAL062W
YOR032C	0.06124454452	YCR021C
YOR032C	0.146748606454	YDL110C
YOR032C	0.24703205773	YGR043C
YOR032C	0.0595530526204	YGR142W
YOR032C	0.0377083881018	YHR018C
YOR032C	0.0680970770352	YJL088W
YOR032C	0.0310834244804	YJR148W
YOR032C	0.0776141822287	YLR009W
YOR032C	0.0507463097963	YLR130C
YOR032C	0.0343237926977	YLR267W
YOR032C	0.0933408871862	YLR327C
YOR032C	0.0351406970044	YNL036W
YOR032C	0.0461540379977	YNR053C
YOR032C	0.0635303597242	YOR302W
YOR032C	0.0681357320716	YPL012W
YOR032C	0.0881007114512	YIL037C
YOR032C	0.0543650562518	YKR009C
YOR032C	0.056048631268	YFR022W
YOR032C	0.0488030550394	YPL265W
YOR032C	0.139939843042	YOR100C
YOR032C	0.140078834147	YOR348C
YOR032C	0.198679879574	YHL028W
YOR032C	0.109422245069	YGR067C
YOR032C	0.0543083363512	YLL011W
YOR032C	0.049118955286	YPL036W
YOR032C	0.0688328294746	YAL054C
YOR032C	0.266826997441	YLR438W
YOR032C	0.229715799549	YIL155C
YOR032C	0.0554348013146	YBR054W
YOR032C	0.257478097392	YCL064C
YOR032C	0.121905961835	YDL160C
YOR032C	0.0603883613627	YER067W
YOR032C	0.0852552039634	YER150W
YOR032C	0.0597740248816	YFL014W
YOR032C	0.040532017233	YHR029C
YOR032C	0.0737105448052	YHR087W
YOR032C	0.0602921025738	YLR178C
YOR032C	0.221627166303	YMR169C
YOR032C	0.0756393795374	YMR229C
YOR032C	0.0442186857933	YNR064C
YOR032C	0.0476489246909	YOR206W
YOR032C	0.0522262883899	YOR388C
YOR032C	0.0185705609356	YDR380W
YOR032C	0.111696185366	YPL061W
YOR032C	0.0390431691273	YJL172W
YOR032C	0.27251728465	YNL194C
YOR032C	0.0772316875952	YDR361C
YOR032C	0.0803001788285	YHR216W
YOR032C	0.0382051143594	YNR046W
YOR032C	0.0722666513085	YGR183C
YOR032C	0.0807754583418	YLL034C
YOR032C	0.0491846574445	YDR523C
YOR032C	0.0460767763971	YOL014W
YOR032C	0.157121786973	YLR174W
YOR032C	0.0885506772816	YJL153C
YOR032C	0.0803175096568	YGL229C
YOR032C	0.0528042453045	YJL063C
