YBL103C	0.0865416516535	YNL037C
YBL103C	0.0575776861059	YLR276C
YBL103C	0.327601256136	YMR193W
YBL103C	0.0583347538568	YHR051W
YBL103C	0.0799303755843	YPL111W
YBL103C	0.888563892191	YGL009C
YBL103C	0.872358473426	YPR002W
YBL103C	0.24206642113	YML123C
YBL103C	0.10192562207	YHR136C
YBL103C	0.069694371432	YER158C
YBL103C	0.0961628433858	YJL217W
YBL103C	0.0756318242793	YKR075C
YBL103C	0.0751416542561	YLR258W
YBL103C	0.109694400348	YDR171W
YBL103C	0.0577824470343	YIL136W
YBL103C	0.160892972907	YKR056W
YBL103C	0.360412512196	YAL062W
YBL103C	0.185226169966	YCR021C
YBL103C	0.0792434121404	YDL110C
YBL103C	0.057206104163	YGR043C
YBL103C	0.116094061983	YGR142W
YBL103C	0.214808727963	YHR018C
YBL103C	0.0936390740781	YJL088W
YBL103C	0.348503574444	YJR148W
YBL103C	0.11108942896	YLR009W
YBL103C	0.0858841170569	YLR130C
YBL103C	0.132967067329	YLR267W
YBL103C	0.132695095249	YLR327C
YBL103C	0.183583722736	YNL036W
YBL103C	0.110351295083	YNR053C
YBL103C	0.140368894378	YOR302W
YBL103C	0.0899212899334	YPL012W
YBL103C	0.0926090301616	YIL037C
YBL103C	0.0575071666293	YKR009C
YBL103C	0.115757398269	YFR022W
YBL103C	0.751368240315	YPL265W
YBL103C	0.121904388556	YOR100C
YBL103C	0.0973078948805	YOR348C
YBL103C	0.0578899256228	YHL028W
YBL103C	0.0790258761292	YGR067C
YBL103C	0.12888340686	YLL011W
YBL103C	0.190720329942	YPL036W
YBL103C	0.0552378153563	YAL054C
YBL103C	0.0669422340078	YLR438W
YBL103C	0.0431923057213	YIL155C
YBL103C	0.0939556869883	YBR054W
YBL103C	0.18367534792	YCL064C
YBL103C	0.10221411409	YDL160C
YBL103C	0.215074267986	YDR384C
YBL103C	0.0822243589931	YER067W
YBL103C	0.0384242039203	YER150W
YBL103C	0.114587016084	YFL014W
YBL103C	0.0950720078163	YHR029C
YBL103C	0.157984975953	YHR087W
YBL103C	0.0496086335219	YLR178C
YBL103C	0.0488651732408	YMR169C
YBL103C	0.0688197706653	YMR229C
YBL103C	0.228882119195	YNR064C
YBL103C	0.0866648084394	YOR206W
YBL103C	0.119899741787	YOR388C
YBL103C	0.538630778691	YDR380W
YBL103C	0.32571652153	YPL061W
YBL103C	0.201834470254	YJL172W
YBL103C	0.087149005793	YNL194C
YBL103C	0.0379437876405	YDR361C
YBL103C	0.0957280931895	YHR216W
YBL103C	0.0551241569572	YNR046W
YBL103C	0.0752844534768	YGR183C
YBL103C	0.0833968263116	YLL034C
YBL103C	0.0973955165939	YDR523C
YBL103C	0.035851703253	YOL014W
YBL103C	0.187863199222	YLR174W
YBL103C	0.342831687104	YJL153C
YBL103C	0.0991779311745	YGL229C
YBL103C	0.192718717155	YJL063C
YDL170W	0.184426742482	YNL037C
YDL170W	0.0919105761092	YLR276C
YDL170W	0.535393177936	YMR193W
YDL170W	0.0562439890565	YPL111W
YDL170W	0.242101370107	YGL009C
YDL170W	0.174623633294	YPR002W
YDL170W	0.153553903699	YML123C
YDL170W	0.132055298153	YHR136C
YDL170W	0.0565538901691	YER158C
YDL170W	0.147911925387	YJL217W
YDL170W	0.0520104632989	YKR075C
YDL170W	0.0624756079685	YLR258W
YDL170W	0.0748709757917	YDR171W
YDL170W	0.0362952888693	YIL136W
YDL170W	0.54178808336	YKR056W
YDL170W	0.254640765121	YAL062W
YDL170W	0.257021620319	YCR021C
YDL170W	0.0435923957549	YDL110C
YDL170W	0.0508491190373	YGR043C
YDL170W	0.0843122997814	YGR142W
YDL170W	1.0	YHR018C
YDL170W	0.882307309651	YJL088W
YDL170W	0.413088663601	YJR148W
YDL170W	0.435300153239	YLR009W
YDL170W	0.0598743887332	YLR130C
YDL170W	0.322336014799	YLR267W
YDL170W	0.0827273667511	YLR327C
YDL170W	0.974820249256	YNL036W
YDL170W	0.293211991872	YNR053C
YDL170W	0.603489001851	YOR302W
YDL170W	0.214170883937	YPL012W
YDL170W	0.834039418748	YIL037C
YDL170W	0.0891483480526	YKR009C
YDL170W	0.344999461163	YFR022W
YDL170W	0.581610064443	YPL265W
YDL170W	0.24592059965	YOR100C
YDL170W	0.176268678941	YOR348C
YDL170W	0.0914776355708	YHL028W
YDL170W	0.191292093349	YGR067C
YDL170W	0.234256864832	YLL011W
YDL170W	0.168666408931	YPL036W
YDL170W	0.166605703127	YAL054C
YDL170W	0.0716616785175	YLR438W
YDL170W	0.0252201436552	YIL155C
YDL170W	0.0607946354337	YBR054W
YDL170W	0.153347790592	YCL064C
YDL170W	0.0922104738846	YDL160C
YDL170W	0.241947671623	YDR384C
YDL170W	0.0837553525602	YER067W
YDL170W	0.0403186558349	YER150W
YDL170W	0.0370326885349	YFL014W
YDL170W	0.621941438684	YHR029C
YDL170W	0.0591564406179	YHR087W
YDL170W	0.0381115138784	YLR178C
YDL170W	0.0254159937797	YMR169C
YDL170W	0.132804446376	YMR229C
YDL170W	0.199936979579	YNR064C
YDL170W	0.286700676641	YOR206W
YDL170W	0.0765396619485	YOR388C
YDL170W	0.258633735994	YDR380W
YDL170W	0.259893867425	YPL061W
YDL170W	0.452404560045	YJL172W
YDL170W	0.111377076729	YNL194C
YDL170W	0.0548865553681	YDR361C
YDL170W	0.11070094557	YHR216W
YDL170W	0.269988623565	YNR046W
YDL170W	0.0587793778111	YGR183C
YDL170W	0.148121698313	YLL034C
YDL170W	0.0687156593343	YDR523C
YDL170W	0.131044015534	YOL014W
YDL170W	0.099193422586	YLR174W
YDL170W	0.199299258529	YJL153C
YDL170W	0.27494609336	YGL229C
YDL170W	0.702012352989	YJL063C
YDR043C	0.909795702515	YNL037C
YDR043C	1.0	YLR276C
YDR043C	0.0363912384473	YMR193W
YDR043C	0.356834140692	YHR051W
YDR043C	0.160560735272	YPL111W
YDR043C	0.601562013694	YGL009C
YDR043C	0.0483953186786	YPR002W
YDR043C	0.086658801169	YML123C
YDR043C	0.0478656237207	YHR136C
YDR043C	1.0	YER158C
YDR043C	0.0497342918777	YJL217W
YDR043C	0.185038874329	YKR075C
YDR043C	0.339823660103	YLR258W
YDR043C	1.0	YDR171W
YDR043C	0.980068111595	YIL136W
YDR043C	0.47675217899	YKR056W
YDR043C	0.304571229447	YAL062W
YDR043C	0.0808103662849	YCR021C
YDR043C	1.0	YDL110C
YDR043C	1.0	YGR043C
YDR043C	0.0270291143373	YGR142W
YDR043C	0.0855289749837	YHR018C
YDR043C	0.0672883817045	YJL088W
YDR043C	0.860472796479	YLR009W
YDR043C	0.0369005339711	YLR130C
YDR043C	0.023507584834	YLR267W
YDR043C	1.0	YLR327C
YDR043C	0.11784452482	YNL036W
YDR043C	0.889849258972	YNR053C
YDR043C	0.0459154658694	YOR302W
YDR043C	1.0	YPL012W
YDR043C	0.0727886408099	YIL037C
YDR043C	1.0	YKR009C
YDR043C	0.80744169021	YFR022W
YDR043C	0.172288015088	YPL265W
YDR043C	0.857137366378	YOR100C
YDR043C	1.0	YOR348C
YDR043C	0.733735661729	YHL028W
YDR043C	0.226061090726	YGR067C
YDR043C	0.986101366234	YLL011W
YDR043C	0.0745268153129	YPL036W
YDR043C	0.849744685498	YAL054C
YDR043C	0.198050282349	YLR438W
YDR043C	1.0	YIL155C
YDR043C	0.768141625743	YBR054W
YDR043C	0.0349143539946	YCL064C
YDR043C	0.399852350304	YDL160C
YDR043C	0.670325053028	YDR384C
YDR043C	0.733687392942	YER067W
YDR043C	0.835900689824	YER150W
YDR043C	0.0708012531356	YFL014W
YDR043C	0.0315429164287	YHR029C
YDR043C	0.968517967636	YHR087W
YDR043C	0.980488778874	YLR178C
YDR043C	1.0	YMR169C
YDR043C	1.0	YMR229C
YDR043C	0.0350733927264	YNR064C
YDR043C	0.951559908729	YOR206W
YDR043C	0.413755366907	YOR388C
YDR043C	0.0841949247334	YDR380W
YDR043C	0.0284303709186	YPL061W
YDR043C	0.419277958228	YJL172W
YDR043C	1.0	YNL194C
YDR043C	1.0	YDR361C
YDR043C	1.0	YHR216W
YDR043C	0.702613480147	YNR046W
YDR043C	0.898970848235	YGR183C
YDR043C	1.0	YLL034C
YDR043C	0.507159264374	YDR523C
YDR043C	0.70519230855	YOL014W
YDR043C	1.0	YLR174W
YDR043C	0.168343872464	YJL153C
YDR043C	0.0758098252274	YGL229C
YDR043C	0.253260961635	YJL063C
YDR216W	0.0235671355856	YNL037C
YDR216W	0.0453492156789	YLR276C
YDR216W	0.0492468127675	YMR193W
YDR216W	0.115992171143	YHR051W
YDR216W	0.0634445301526	YPL111W
YDR216W	0.0277818563883	YPR002W
YDR216W	0.0501951708158	YML123C
YDR216W	0.0835297873506	YHR136C
YDR216W	0.0943902467016	YER158C
YDR216W	0.102662968046	YJL217W
YDR216W	0.0529337610613	YKR075C
YDR216W	0.0916129421833	YLR258W
YDR216W	0.0623500252956	YDR171W
YDR216W	0.201317551996	YIL136W
YDR216W	0.0569772657166	YKR056W
YDR216W	0.032141315488	YCR021C
YDR216W	0.242074794152	YDL110C
YDR216W	0.500672910774	YGR043C
YDR216W	0.422183115354	YGR142W
YDR216W	0.0308052326601	YHR018C
YDR216W	0.0457095462946	YJL088W
YDR216W	0.0799994535965	YJR148W
YDR216W	0.177975188039	YLR130C
YDR216W	0.0131464508017	YLR267W
YDR216W	0.389308831248	YLR327C
YDR216W	0.0511263728374	YNL036W
YDR216W	0.061923565597	YNR053C
YDR216W	0.10176720625	YOR302W
YDR216W	0.116577559734	YPL012W
YDR216W	0.229976773258	YIL037C
YDR216W	0.209723007201	YKR009C
YDR216W	0.0335528220291	YFR022W
YDR216W	0.149806309824	YOR100C
YDR216W	0.146847911545	YOR348C
YDR216W	0.0206837959772	YHL028W
YDR216W	0.188088332922	YGR067C
YDR216W	0.0541294754042	YLL011W
YDR216W	0.0596139912091	YPL036W
YDR216W	0.0571348800469	YAL054C
YDR216W	0.112366847744	YLR438W
YDR216W	0.134395672454	YIL155C
YDR216W	0.0755810696776	YBR054W
YDR216W	0.0376945501636	YCL064C
YDR216W	0.0789748741965	YDL160C
YDR216W	0.0271545781289	YER067W
YDR216W	0.34410416643	YER150W
YDR216W	0.944367828098	YFL014W
YDR216W	0.0327260790063	YHR029C
YDR216W	0.136903360434	YHR087W
YDR216W	0.128954181088	YLR178C
YDR216W	0.133583804905	YMR169C
YDR216W	0.105424526547	YMR229C
YDR216W	0.170835071924	YNR064C
YDR216W	0.0755577176205	YOR206W
YDR216W	0.0902673801966	YOR388C
YDR216W	0.0399617602294	YDR380W
YDR216W	0.182076618372	YPL061W
YDR216W	0.0437323234547	YNL194C
YDR216W	0.0722303473643	YDR361C
YDR216W	0.0733670916908	YHR216W
YDR216W	0.0640478903515	YGR183C
YDR216W	0.0677005389499	YLL034C
YDR216W	0.0581710250761	YDR523C
YDR216W	0.225013867234	YOL014W
YDR216W	0.0395453873578	YLR174W
YDR216W	0.038882447276	YGL229C
YDR216W	0.0628862884821	YJL063C
YER040W	0.108335378334	YNL037C
YER040W	0.154282620345	YLR276C
YER040W	0.199474706879	YMR193W
YER040W	0.060041933877	YHR051W
YER040W	0.0630371343959	YPL111W
YER040W	0.451371882615	YGL009C
YER040W	0.231862193707	YPR002W
YER040W	0.128512722874	YML123C
YER040W	0.0933723774921	YHR136C
YER040W	0.0386739173363	YER158C
YER040W	0.221128301191	YJL217W
YER040W	0.120037140022	YKR075C
YER040W	0.0797493715049	YLR258W
YER040W	0.135093881108	YDR171W
YER040W	0.0364738499378	YIL136W
YER040W	0.210355903616	YKR056W
YER040W	0.36265018976	YAL062W
YER040W	0.136190822396	YCR021C
YER040W	0.0414560768296	YDL110C
YER040W	0.0573523469415	YGR043C
YER040W	0.0267366340807	YGR142W
YER040W	0.55999503175	YHR018C
YER040W	0.480231500878	YJL088W
YER040W	0.838477139364	YJR148W
YER040W	0.265843439945	YLR009W
YER040W	0.045727563398	YLR130C
YER040W	0.743851182678	YLR267W
YER040W	0.062094098595	YLR327C
YER040W	0.437269572768	YNL036W
YER040W	0.149008200266	YNR053C
YER040W	0.258721386913	YOR302W
YER040W	0.132758007425	YPL012W
YER040W	0.183606370418	YIL037C
YER040W	0.15608004261	YKR009C
YER040W	0.142117833775	YFR022W
YER040W	0.311497494048	YPL265W
YER040W	0.811631171686	YOR100C
YER040W	0.177893698295	YOR348C
YER040W	0.023147704899	YHL028W
YER040W	0.194004108942	YGR067C
YER040W	0.148217717067	YLL011W
YER040W	0.121021395666	YPL036W
YER040W	0.290474976899	YAL054C
YER040W	0.048073891955	YLR438W
YER040W	0.0661796517343	YIL155C
YER040W	0.0883456307783	YBR054W
YER040W	0.137208424954	YCL064C
YER040W	0.0913545851558	YDL160C
YER040W	0.321421683704	YDR384C
YER040W	0.123509512855	YER067W
YER040W	0.0414453812753	YER150W
YER040W	0.0352513967319	YFL014W
YER040W	0.769663471809	YHR029C
YER040W	0.0554845925034	YHR087W
YER040W	0.0496164247704	YLR178C
YER040W	0.100373746462	YMR169C
YER040W	0.171661306817	YMR229C
YER040W	0.224950659568	YNR064C
YER040W	0.125878106956	YOR206W
YER040W	0.092206317641	YOR388C
YER040W	0.199749905949	YDR380W
YER040W	0.302874118518	YPL061W
YER040W	0.416849098827	YJL172W
YER040W	0.224856914787	YNL194C
YER040W	0.0727432482281	YDR361C
YER040W	0.101025797788	YHR216W
YER040W	0.474099340247	YNR046W
YER040W	0.0393990686722	YGR183C
YER040W	0.197926659694	YLL034C
YER040W	0.0631054382193	YDR523C
YER040W	0.177194293865	YOL014W
YER040W	0.0956964117791	YLR174W
YER040W	0.131773840174	YJL153C
YER040W	0.146302790744	YGL229C
YER040W	0.173070927465	YJL063C
YGL254W	0.186250342607	YNL037C
YGL254W	0.0948748366011	YLR276C
YGL254W	0.0535524176289	YMR193W
YGL254W	0.121594770308	YHR051W
YGL254W	0.0281309548855	YPL111W
YGL254W	0.0680322578686	YGL009C
YGL254W	0.027168717762	YPR002W
YGL254W	0.0422263522997	YML123C
YGL254W	0.0433783799133	YHR136C
YGL254W	0.0152389892259	YER158C
YGL254W	0.0558198930471	YJL217W
YGL254W	0.0745383236772	YKR075C
YGL254W	0.0462270244178	YLR258W
YGL254W	0.0307577855725	YDR171W
YGL254W	0.0339674104479	YIL136W
YGL254W	0.273168066227	YAL062W
YGL254W	0.0301287014022	YCR021C
YGL254W	0.0204108761211	YDL110C
YGL254W	0.0892975800559	YGR142W
YGL254W	0.0343227497022	YHR018C
YGL254W	0.0421094304473	YJL088W
YGL254W	0.0190289052499	YJR148W
YGL254W	0.0245723944459	YLR009W
YGL254W	0.855236244682	YLR130C
YGL254W	0.0123654142876	YLR267W
YGL254W	0.0273534634898	YLR327C
YGL254W	0.0409059334748	YNL036W
YGL254W	0.0657568118827	YNR053C
YGL254W	0.0523601313942	YOR302W
YGL254W	0.0356436284907	YPL012W
YGL254W	0.0557651236393	YIL037C
YGL254W	0.0416749948667	YKR009C
YGL254W	0.0338643450898	YFR022W
YGL254W	0.0189953522575	YOR100C
YGL254W	0.0508517176682	YOR348C
YGL254W	0.031574671824	YGR067C
YGL254W	0.0336157368936	YLL011W
YGL254W	0.0221961756441	YAL054C
YGL254W	0.0427317685222	YLR438W
YGL254W	0.0192159544342	YIL155C
YGL254W	0.0258449174668	YBR054W
YGL254W	1.0	YCL064C
YGL254W	0.0705687516327	YDL160C
YGL254W	0.0243980216042	YER067W
YGL254W	0.0247354138876	YER150W
YGL254W	0.0419314970584	YFL014W
YGL254W	0.0145752512457	YHR029C
YGL254W	0.0184044645707	YHR087W
YGL254W	0.034549628634	YLR178C
YGL254W	0.0204468264381	YMR169C
YGL254W	0.0254493340612	YMR229C
YGL254W	0.0314900145715	YNR064C
YGL254W	0.0489689150131	YOR206W
YGL254W	0.0579816475735	YOR388C
YGL254W	0.0261868420242	YDR380W
YGL254W	0.0248955319385	YNL194C
YGL254W	0.201701377668	YDR361C
YGL254W	0.0858008743392	YHR216W
YGL254W	0.0407628687638	YGR183C
YGL254W	0.0339051266005	YLL034C
YGL254W	0.0549142239285	YDR523C
YGL254W	0.0477920344824	YOL014W
YGL254W	0.0294369520312	YLR174W
YGL254W	0.0650500463312	YJL153C
YGL254W	0.035033409863	YGL229C
YGL254W	0.0241097015148	YJL063C
YJR094C	0.0918950443034	YNL037C
YJR094C	0.111363444383	YLR276C
YJR094C	0.139478779191	YMR193W
YJR094C	0.106024104352	YHR051W
YJR094C	0.648433500923	YPL111W
YJR094C	0.0640469980992	YGL009C
YJR094C	0.0964325436502	YPR002W
YJR094C	0.091138818183	YML123C
YJR094C	0.402650010529	YHR136C
YJR094C	0.100070341062	YER158C
YJR094C	0.192791768761	YJL217W
YJR094C	0.195308111642	YKR075C
YJR094C	0.0950620550464	YLR258W
YJR094C	0.122320129345	YDR171W
YJR094C	0.10128911643	YIL136W
YJR094C	0.0905947934888	YKR056W
YJR094C	0.0326768366331	YAL062W
YJR094C	0.127847465331	YCR021C
YJR094C	0.0947042782358	YDL110C
YJR094C	0.0623131282442	YGR043C
YJR094C	0.157019990057	YGR142W
YJR094C	0.0751798267813	YHR018C
YJR094C	0.113851908408	YJL088W
YJR094C	0.455592624775	YJR148W
YJR094C	0.100212383042	YLR009W
YJR094C	0.276844783358	YLR130C
YJR094C	0.744487411908	YLR267W
YJR094C	0.149555231468	YLR327C
YJR094C	0.134557213333	YNL036W
YJR094C	0.0803938247282	YNR053C
YJR094C	0.109839765559	YOR302W
YJR094C	0.108639363853	YPL012W
YJR094C	0.0882716938108	YIL037C
YJR094C	0.110484909854	YKR009C
YJR094C	0.0729469041256	YFR022W
YJR094C	0.0863339588664	YPL265W
YJR094C	0.0698137062662	YOR100C
YJR094C	0.148552554765	YOR348C
YJR094C	0.277759566176	YHL028W
YJR094C	0.0312299873075	YGR067C
YJR094C	0.220783993591	YLL011W
YJR094C	0.0762967609672	YPL036W
YJR094C	0.0566908495074	YAL054C
YJR094C	0.147575166127	YLR438W
YJR094C	0.0686350301767	YIL155C
YJR094C	0.130341810303	YBR054W
YJR094C	0.207313339277	YCL064C
YJR094C	0.118959308771	YDL160C
YJR094C	0.316441909511	YDR384C
YJR094C	0.160527744401	YER067W
YJR094C	0.0862940841115	YER150W
YJR094C	0.103856677658	YFL014W
YJR094C	0.194315513933	YHR029C
YJR094C	0.0998292068502	YHR087W
YJR094C	0.116585182617	YLR178C
YJR094C	0.223487556072	YMR169C
YJR094C	0.093041144212	YMR229C
YJR094C	0.145304225996	YNR064C
YJR094C	0.101797870959	YOR206W
YJR094C	0.0770067447934	YOR388C
YJR094C	0.233239085463	YDR380W
YJR094C	0.107115105728	YPL061W
YJR094C	0.318681042477	YJL172W
YJR094C	0.0419562528923	YNL194C
YJR094C	0.142268104729	YDR361C
YJR094C	0.139732254513	YHR216W
YJR094C	0.178108652748	YNR046W
YJR094C	0.100004675699	YGR183C
YJR094C	0.112045952338	YLL034C
YJR094C	0.14026543406	YDR523C
YJR094C	0.0935178288188	YOL014W
YJR094C	0.0438650704776	YLR174W
YJR094C	0.0464074856945	YJL153C
YJR094C	0.107471760638	YGL229C
YJR094C	0.106390191374	YJL063C
YKL062W	0.413774209869	YNL037C
YKL062W	0.204437035883	YLR276C
YKL062W	0.0522631886287	YMR193W
YKL062W	0.339400248091	YHR051W
YKL062W	0.193884172103	YPL111W
YKL062W	0.0165401643273	YGL009C
YKL062W	0.238858873879	YPR002W
YKL062W	0.0755697693297	YML123C
YKL062W	0.0664429944591	YHR136C
YKL062W	0.524003278752	YER158C
YKL062W	0.0471109058478	YJL217W
YKL062W	0.107681725692	YKR075C
YKL062W	1.0	YLR258W
YKL062W	0.268441091716	YDR171W
YKL062W	0.961274924759	YIL136W
YKL062W	0.0308363769737	YKR056W
YKL062W	0.0960501499549	YCR021C
YKL062W	0.517784020104	YDL110C
YKL062W	0.398835771	YGR043C
YKL062W	0.535440864606	YGR142W
YKL062W	0.0303784359699	YHR018C
YKL062W	0.0600958237357	YJL088W
YKL062W	0.0725259634698	YJR148W
YKL062W	0.0847842148504	YLR009W
YKL062W	0.0615775636815	YLR130C
YKL062W	0.0126820333009	YLR267W
YKL062W	0.150611209377	YLR327C
YKL062W	0.0433745077148	YNL036W
YKL062W	0.0357101139546	YNR053C
YKL062W	0.0333350486708	YOR302W
YKL062W	0.175330755275	YPL012W
YKL062W	0.0412690944808	YIL037C
YKL062W	0.0740660780541	YKR009C
YKL062W	0.0286739499829	YFR022W
YKL062W	0.0242638571584	YPL265W
YKL062W	0.0561254870916	YOR100C
YKL062W	0.0466174532122	YOR348C
YKL062W	0.476024372767	YHL028W
YKL062W	0.247215840367	YGR067C
YKL062W	0.0431868044792	YLL011W
YKL062W	0.668723872597	YPL036W
YKL062W	0.479443498355	YAL054C
YKL062W	0.0421190769552	YLR438W
YKL062W	0.334256236591	YIL155C
YKL062W	0.494104017672	YBR054W
YKL062W	0.0421447482447	YCL064C
YKL062W	0.0365967419316	YDL160C
YKL062W	0.815813709709	YER067W
YKL062W	0.951462743432	YER150W
YKL062W	0.952780284915	YFL014W
YKL062W	0.0323705968259	YHR029C
YKL062W	0.570872884269	YHR087W
YKL062W	0.953899481685	YLR178C
YKL062W	0.339271513542	YMR169C
YKL062W	0.359849138628	YMR229C
YKL062W	0.0393707112766	YNR064C
YKL062W	0.157723737611	YOR206W
YKL062W	0.0735176053082	YOR388C
YKL062W	0.0210187969179	YDR380W
YKL062W	0.0299206803102	YPL061W
YKL062W	0.241127184152	YNL194C
YKL062W	0.158139829212	YDR361C
YKL062W	0.0444759450672	YHR216W
YKL062W	0.389246746106	YNR046W
YKL062W	0.2846741738	YGR183C
YKL062W	0.267465550094	YLL034C
YKL062W	0.0571216223059	YDR523C
YKL062W	0.0304571849796	YOL014W
YKL062W	0.0979663557251	YLR174W
YKL062W	0.0697575045598	YJL153C
YKL062W	0.286099759274	YGL229C
YKL062W	0.0270625803834	YJL063C
YMR280C	0.036681920024	YNL037C
YMR280C	0.176295572908	YLR276C
YMR280C	0.0261047948154	YMR193W
YMR280C	0.0852361592369	YHR051W
YMR280C	0.0690650888194	YPL111W
YMR280C	0.0214344993662	YGL009C
YMR280C	0.0254145774612	YPR002W
YMR280C	0.050273406777	YML123C
YMR280C	0.0640784091773	YHR136C
YMR280C	0.0165253605821	YER158C
YMR280C	0.0465113893207	YJL217W
YMR280C	0.105180363917	YKR075C
YMR280C	0.0610472988477	YLR258W
YMR280C	0.0645736086845	YDR171W
YMR280C	0.0454847985062	YIL136W
YMR280C	0.0423643340145	YKR056W
YMR280C	0.0305756894413	YCR021C
YMR280C	0.0609672273619	YDL110C
YMR280C	0.0136067598015	YGR043C
YMR280C	0.03244742002	YHR018C
YMR280C	0.0244459274947	YJL088W
YMR280C	0.0913808063931	YLR009W
YMR280C	0.0520663021268	YLR130C
YMR280C	0.0122668370391	YLR267W
YMR280C	0.0481642560832	YLR327C
YMR280C	0.0384576017201	YNL036W
YMR280C	0.0352965763484	YNR053C
YMR280C	0.0337657962055	YOR302W
YMR280C	0.0423617741529	YPL012W
YMR280C	0.0336827040807	YIL037C
YMR280C	0.124187816059	YKR009C
YMR280C	0.131270286256	YFR022W
YMR280C	0.130086276543	YPL265W
YMR280C	0.0542608922083	YOR100C
YMR280C	0.046836457298	YOR348C
YMR280C	0.019790286687	YHL028W
YMR280C	0.031632578915	YGR067C
YMR280C	0.0737691746485	YLL011W
YMR280C	0.0681376481258	YPL036W
YMR280C	0.0234407316506	YAL054C
YMR280C	0.121822034543	YLR438W
YMR280C	0.105454152135	YIL155C
YMR280C	0.0262917065473	YBR054W
YMR280C	0.0323511083853	YCL064C
YMR280C	0.061934784256	YDL160C
YMR280C	0.117496348405	YDR384C
YMR280C	0.0225652131594	YER067W
YMR280C	0.0239746401171	YER150W
YMR280C	0.0334874540758	YFL014W
YMR280C	0.0354811636741	YHR029C
YMR280C	0.0370076498336	YHR087W
YMR280C	0.0520323055186	YLR178C
YMR280C	0.0232166306462	YMR169C
YMR280C	0.0507014412948	YMR229C
YMR280C	0.0432385473531	YNR064C
YMR280C	0.045046595695	YOR206W
YMR280C	0.0742817768842	YOR388C
YMR280C	0.0204571052164	YDR380W
YMR280C	0.0236875760166	YNL194C
YMR280C	0.14776885115	YDR361C
YMR280C	0.0461722729487	YHR216W
YMR280C	0.027797169463	YNR046W
YMR280C	0.0770324406463	YGR183C
YMR280C	0.043494443445	YLL034C
YMR280C	0.100408640214	YDR523C
YMR280C	0.0605199918517	YOL014W
YMR280C	0.209741143514	YLR174W
YMR280C	0.183677642662	YJL153C
YMR280C	0.0359897706271	YGL229C
YMR280C	0.0378702787308	YJL063C
YOR032C	0.0420714393152	YNL037C
YOR032C	0.0466229565383	YLR276C
YOR032C	0.0263164701716	YMR193W
YOR032C	0.0378935308583	YHR051W
YOR032C	0.079245824565	YPL111W
YOR032C	0.0338051255365	YPR002W
YOR032C	0.0840550037213	YML123C
YOR032C	0.0761757082344	YHR136C
YOR032C	0.392843824744	YER158C
YOR032C	0.121497729872	YJL217W
YOR032C	0.0734630607565	YKR075C
YOR032C	0.0601740387065	YLR258W
YOR032C	0.0526735377115	YDR171W
YOR032C	0.0592822760939	YIL136W
YOR032C	0.0214911371793	YKR056W
YOR032C	0.0467137868689	YCR021C
YOR032C	0.130817911749	YDL110C
YOR032C	0.223153543679	YGR043C
YOR032C	0.0251313208139	YGR142W
YOR032C	0.0297884295292	YHR018C
YOR032C	0.0595638215262	YJL088W
YOR032C	0.019190067786	YJR148W
YOR032C	0.0277785272059	YLR009W
YOR032C	0.0553548205258	YLR130C
YOR032C	0.0357770982996	YLR267W
YOR032C	0.0736965105888	YLR327C
YOR032C	0.0216496535372	YNL036W
YOR032C	0.0376902858129	YNR053C
YOR032C	0.0534583290968	YOR302W
YOR032C	0.04782530061	YPL012W
YOR032C	0.0565335179696	YIL037C
YOR032C	0.0500468273025	YKR009C
YOR032C	0.0317595786484	YFR022W
YOR032C	0.0236436974561	YPL265W
YOR032C	0.123396385939	YOR100C
YOR032C	0.0914939089981	YOR348C
YOR032C	0.192316089291	YHL028W
YOR032C	0.043353426018	YGR067C
YOR032C	0.0368888066198	YLL011W
YOR032C	0.0597776269141	YPL036W
YOR032C	0.0443017046832	YAL054C
YOR032C	0.241126139575	YLR438W
YOR032C	0.229153699658	YIL155C
YOR032C	0.0312424107354	YBR054W
YOR032C	0.215733367725	YCL064C
YOR032C	0.092722522127	YDL160C
YOR032C	0.0494551960798	YER067W
YOR032C	0.0742069797734	YER150W
YOR032C	0.0620921092815	YFL014W
YOR032C	0.0301416074776	YHR029C
YOR032C	0.0599000422475	YHR087W
YOR032C	0.0542806389345	YLR178C
YOR032C	0.226845217167	YMR169C
YOR032C	0.0472282207028	YMR229C
YOR032C	0.0340196666005	YNR064C
YOR032C	0.0389997468196	YOR206W
YOR032C	0.0595523022009	YOR388C
YOR032C	0.0189472635826	YDR380W
YOR032C	0.138534706917	YPL061W
YOR032C	0.256389867631	YNL194C
YOR032C	0.0709114340337	YDR361C
YOR032C	0.0599892198951	YHR216W
YOR032C	0.0793676230804	YGR183C
YOR032C	0.0507273723721	YLL034C
YOR032C	0.0563482612465	YDR523C
YOR032C	0.0321344769186	YOL014W
YOR032C	0.13246549597	YLR174W
YOR032C	0.0856877525645	YJL153C
YOR032C	0.0724630145512	YGL229C
YOR032C	0.0387468615417	YJL063C
