YBL103C	0.152275334041	YNL037C
YBL103C	0.0951305644675	YLR276C
YBL103C	0.325547216166	YMR193W
YBL103C	0.0697865347413	YHR051W
YBL103C	0.126598682906	YPL111W
YBL103C	0.90892859927	YGL009C
YBL103C	0.830802368319	YPR002W
YBL103C	0.238338340739	YML123C
YBL103C	0.148035305899	YHR136C
YBL103C	0.0791355089213	YER158C
YBL103C	0.098514678261	YJL217W
YBL103C	0.112039698351	YKR075C
YBL103C	0.0983933082024	YLR258W
YBL103C	0.129850794203	YDR171W
YBL103C	0.0888834807386	YIL136W
YBL103C	0.170694974791	YKR056W
YBL103C	0.325807966619	YAL062W
YBL103C	0.201368028679	YCR021C
YBL103C	0.0939239126029	YDL110C
YBL103C	0.0647934861617	YGR043C
YBL103C	0.127471789321	YGR142W
YBL103C	0.268782113339	YHR018C
YBL103C	0.11287737513	YJL088W
YBL103C	0.386254577636	YJR148W
YBL103C	0.103668941612	YLR009W
YBL103C	0.103067890116	YLR130C
YBL103C	0.141603533873	YLR267W
YBL103C	0.153697299546	YLR327C
YBL103C	0.242514765645	YNL036W
YBL103C	0.146968075385	YNR053C
YBL103C	0.191335016853	YOR302W
YBL103C	0.109240186716	YPL012W
YBL103C	0.136342178218	YIL037C
YBL103C	0.0891608398109	YKR009C
YBL103C	0.157525200328	YFR022W
YBL103C	0.72637584302	YPL265W
YBL103C	0.180637965644	YOR100C
YBL103C	0.101931719406	YOR348C
YBL103C	0.0764604409755	YHL028W
YBL103C	0.116647765561	YGR067C
YBL103C	0.144079801216	YLL011W
YBL103C	0.219424766866	YPL036W
YBL103C	0.0726939178731	YAL054C
YBL103C	0.093994944582	YLR438W
YBL103C	0.0737761356711	YIL155C
YBL103C	0.0829840430731	YBR054W
YBL103C	0.205360433696	YCL064C
YBL103C	0.122206055341	YDL160C
YBL103C	0.21476315566	YDR384C
YBL103C	0.10850175738	YER067W
YBL103C	0.0668249787023	YER150W
YBL103C	0.171697461848	YFL014W
YBL103C	0.110129560312	YHR029C
YBL103C	0.192585389428	YHR087W
YBL103C	0.0777160753999	YLR178C
YBL103C	0.0804002931013	YMR169C
YBL103C	0.101411393731	YMR229C
YBL103C	0.240289548685	YNR064C
YBL103C	0.0972582638597	YOR206W
YBL103C	0.190606915828	YOR388C
YBL103C	0.496205123059	YDR380W
YBL103C	0.325850039088	YPL061W
YBL103C	0.216623692955	YJL172W
YBL103C	0.0964528691778	YNL194C
YBL103C	0.0751017931591	YDR361C
YBL103C	0.106630288555	YHR216W
YBL103C	0.106741220604	YNR046W
YBL103C	0.109735428468	YGR183C
YBL103C	0.0993866344083	YLL034C
YBL103C	0.142306868522	YDR523C
YBL103C	0.0570507582784	YOL014W
YBL103C	0.187069276485	YLR174W
YBL103C	0.308446549467	YJL153C
YBL103C	0.0981883771592	YGL229C
YBL103C	0.242560008139	YJL063C
YDL170W	0.221126205541	YNL037C
YDL170W	0.141039471068	YLR276C
YDL170W	0.460928494938	YMR193W
YDL170W	0.0678416129948	YHR051W
YDL170W	0.0820572182454	YPL111W
YDL170W	0.282366188467	YGL009C
YDL170W	0.190944889102	YPR002W
YDL170W	0.186495897152	YML123C
YDL170W	0.191149179897	YHR136C
YDL170W	0.0720919886558	YER158C
YDL170W	0.17378599109	YJL217W
YDL170W	0.115001003357	YKR075C
YDL170W	0.0947242159071	YLR258W
YDL170W	0.095329076041	YDR171W
YDL170W	0.061072650021	YIL136W
YDL170W	0.492950699996	YKR056W
YDL170W	0.289947292193	YAL062W
YDL170W	0.254685700275	YCR021C
YDL170W	0.052202219852	YDL110C
YDL170W	0.06846439801	YGR043C
YDL170W	0.0734180181882	YGR142W
YDL170W	0.984875090505	YHR018C
YDL170W	0.839631661353	YJL088W
YDL170W	0.437782847758	YJR148W
YDL170W	0.463023265488	YLR009W
YDL170W	0.0967406721534	YLR130C
YDL170W	0.348980036465	YLR267W
YDL170W	0.130681780253	YLR327C
YDL170W	0.946363790318	YNL036W
YDL170W	0.326688903588	YNR053C
YDL170W	0.518557452632	YOR302W
YDL170W	0.242000372387	YPL012W
YDL170W	0.802761350804	YIL037C
YDL170W	0.119818631449	YKR009C
YDL170W	0.392930175623	YFR022W
YDL170W	0.577371424251	YPL265W
YDL170W	0.331899929539	YOR100C
YDL170W	0.204000369046	YOR348C
YDL170W	0.111088117071	YHL028W
YDL170W	0.217540454263	YGR067C
YDL170W	0.261327889668	YLL011W
YDL170W	0.21203302692	YPL036W
YDL170W	0.191868685388	YAL054C
YDL170W	0.1152408168	YLR438W
YDL170W	0.0725307917934	YIL155C
YDL170W	0.0959009622923	YBR054W
YDL170W	0.157960792237	YCL064C
YDL170W	0.168986965968	YDL160C
YDL170W	0.262315567409	YDR384C
YDL170W	0.139111494977	YER067W
YDL170W	0.0632408296539	YER150W
YDL170W	0.0608744504918	YFL014W
YDL170W	0.633403801146	YHR029C
YDL170W	0.0830941528293	YHR087W
YDL170W	0.0655873091586	YLR178C
YDL170W	0.0808969956004	YMR169C
YDL170W	0.170310143202	YMR229C
YDL170W	0.207776486042	YNR064C
YDL170W	0.317532421793	YOR206W
YDL170W	0.113718839575	YOR388C
YDL170W	0.26858602715	YDR380W
YDL170W	0.283765429034	YPL061W
YDL170W	0.463582448508	YJL172W
YDL170W	0.143319184944	YNL194C
YDL170W	0.0910177776763	YDR361C
YDL170W	0.128693651599	YHR216W
YDL170W	0.244217634936	YNR046W
YDL170W	0.0831020943482	YGR183C
YDL170W	0.172440157676	YLL034C
YDL170W	0.10122061655	YDR523C
YDL170W	0.156041599446	YOL014W
YDL170W	0.11655520786	YLR174W
YDL170W	0.261247594171	YJL153C
YDL170W	0.316758763626	YGL229C
YDL170W	0.613063944752	YJL063C
YDR043C	0.841615613622	YNL037C
YDR043C	1.0	YLR276C
YDR043C	0.0797470720553	YMR193W
YDR043C	0.338252534501	YHR051W
YDR043C	0.219572459197	YPL111W
YDR043C	0.644325587625	YGL009C
YDR043C	0.0720786987344	YPR002W
YDR043C	0.0794530921367	YML123C
YDR043C	0.0594586640453	YHR136C
YDR043C	1.0	YER158C
YDR043C	0.106088558574	YJL217W
YDR043C	0.206438396464	YKR075C
YDR043C	0.296896944499	YLR258W
YDR043C	1.0	YDR171W
YDR043C	0.983111971303	YIL136W
YDR043C	0.453865447253	YKR056W
YDR043C	0.280260623909	YAL062W
YDR043C	0.107905073822	YCR021C
YDR043C	0.963075462971	YDL110C
YDR043C	1.0	YGR043C
YDR043C	0.0651556181824	YGR142W
YDR043C	0.0964909365748	YHR018C
YDR043C	0.0855878978701	YJL088W
YDR043C	0.0411371252442	YJR148W
YDR043C	0.808996782092	YLR009W
YDR043C	0.0795487645807	YLR130C
YDR043C	0.0349748231803	YLR267W
YDR043C	0.972765195201	YLR327C
YDR043C	0.161778792339	YNL036W
YDR043C	0.83462761729	YNR053C
YDR043C	0.0808112506881	YOR302W
YDR043C	0.986214503997	YPL012W
YDR043C	0.095034434157	YIL037C
YDR043C	1.0	YKR009C
YDR043C	0.767059590648	YFR022W
YDR043C	0.15468482503	YPL265W
YDR043C	0.842065397037	YOR100C
YDR043C	0.974373319732	YOR348C
YDR043C	0.708725218089	YHL028W
YDR043C	0.238173061776	YGR067C
YDR043C	0.965320452771	YLL011W
YDR043C	0.163513250479	YPL036W
YDR043C	0.813500184452	YAL054C
YDR043C	0.212546030235	YLR438W
YDR043C	1.0	YIL155C
YDR043C	0.687278629603	YBR054W
YDR043C	0.080125198685	YCL064C
YDR043C	0.362039478248	YDL160C
YDR043C	0.608923769249	YDR384C
YDR043C	0.680181801227	YER067W
YDR043C	0.820335014496	YER150W
YDR043C	0.0845929748483	YFL014W
YDR043C	0.0456500408725	YHR029C
YDR043C	0.935988953617	YHR087W
YDR043C	0.983163915024	YLR178C
YDR043C	1.0	YMR169C
YDR043C	1.0	YMR229C
YDR043C	0.0809596618489	YNR064C
YDR043C	0.923762723286	YOR206W
YDR043C	0.388257396385	YOR388C
YDR043C	0.0994882222265	YDR380W
YDR043C	0.0644491101715	YPL061W
YDR043C	0.379597554261	YJL172W
YDR043C	1.0	YNL194C
YDR043C	1.0	YDR361C
YDR043C	1.0	YHR216W
YDR043C	0.684880247126	YNR046W
YDR043C	0.858111148425	YGR183C
YDR043C	1.0	YLL034C
YDR043C	0.446479491527	YDR523C
YDR043C	0.616680748781	YOL014W
YDR043C	0.994444512172	YLR174W
YDR043C	0.153827231163	YJL153C
YDR043C	0.111260056318	YGL229C
YDR043C	0.248518982924	YJL063C
YDR216W	0.0297716319013	YNL037C
YDR216W	0.0709403754963	YLR276C
YDR216W	0.0589557789389	YMR193W
YDR216W	0.125647883137	YHR051W
YDR216W	0.0594166942988	YPL111W
YDR216W	0.0455668505522	YGL009C
YDR216W	0.0381531203484	YPR002W
YDR216W	0.0665304792229	YML123C
YDR216W	0.100852674969	YHR136C
YDR216W	0.108972091392	YER158C
YDR216W	0.102006820929	YJL217W
YDR216W	0.086452869389	YKR075C
YDR216W	0.116121031938	YLR258W
YDR216W	0.103468684473	YDR171W
YDR216W	0.258366042267	YIL136W
YDR216W	0.0703974067563	YKR056W
YDR216W	0.0172387024049	YAL062W
YDR216W	0.0549781138561	YCR021C
YDR216W	0.279074244161	YDL110C
YDR216W	0.482368114359	YGR043C
YDR216W	0.456915991438	YGR142W
YDR216W	0.0354907546915	YHR018C
YDR216W	0.0518531753759	YJL088W
YDR216W	0.10934172063	YJR148W
YDR216W	0.0583428084079	YLR009W
YDR216W	0.198159642673	YLR130C
YDR216W	0.0294221197935	YLR267W
YDR216W	0.386659165407	YLR327C
YDR216W	0.0744370949817	YNL036W
YDR216W	0.0801209802627	YNR053C
YDR216W	0.109780373957	YOR302W
YDR216W	0.151403973567	YPL012W
YDR216W	0.230803663483	YIL037C
YDR216W	0.207504074871	YKR009C
YDR216W	0.0393295418296	YFR022W
YDR216W	0.045261934238	YPL265W
YDR216W	0.188296109683	YOR100C
YDR216W	0.170887904514	YOR348C
YDR216W	0.0431787261981	YHL028W
YDR216W	0.206391368936	YGR067C
YDR216W	0.069427727935	YLL011W
YDR216W	0.0441853194993	YPL036W
YDR216W	0.0692120910096	YAL054C
YDR216W	0.122643774411	YLR438W
YDR216W	0.151165036368	YIL155C
YDR216W	0.104288361102	YBR054W
YDR216W	0.0582622521823	YCL064C
YDR216W	0.0882742000374	YDL160C
YDR216W	0.0376789993895	YDR384C
YDR216W	0.0463808973764	YER067W
YDR216W	0.396909990397	YER150W
YDR216W	0.944522758084	YFL014W
YDR216W	0.049740676029	YHR029C
YDR216W	0.196565060903	YHR087W
YDR216W	0.176546765925	YLR178C
YDR216W	0.131511403938	YMR169C
YDR216W	0.109256441201	YMR229C
YDR216W	0.165627163146	YNR064C
YDR216W	0.0993801373993	YOR206W
YDR216W	0.120419710624	YOR388C
YDR216W	0.0562930101582	YDR380W
YDR216W	0.179231809623	YPL061W
YDR216W	0.052424445062	YJL172W
YDR216W	0.0685529236543	YNL194C
YDR216W	0.106298486679	YDR361C
YDR216W	0.100476496791	YHR216W
YDR216W	0.0272585953385	YNR046W
YDR216W	0.081682784342	YGR183C
YDR216W	0.0740610485329	YLL034C
YDR216W	0.0623687094781	YDR523C
YDR216W	0.228970893577	YOL014W
YDR216W	0.0828764300059	YLR174W
YDR216W	0.0859593804922	YJL153C
YDR216W	0.0808463941067	YGL229C
YDR216W	0.0727737158546	YJL063C
YER040W	0.164597594155	YNL037C
YER040W	0.187243037057	YLR276C
YER040W	0.246546343081	YMR193W
YER040W	0.0736629804228	YHR051W
YER040W	0.0923240277886	YPL111W
YER040W	0.513322562287	YGL009C
YER040W	0.248379610521	YPR002W
YER040W	0.144484842179	YML123C
YER040W	0.134684389292	YHR136C
YER040W	0.0643017204319	YER158C
YER040W	0.223947192042	YJL217W
YER040W	0.126768896128	YKR075C
YER040W	0.103301744812	YLR258W
YER040W	0.139373263628	YDR171W
YER040W	0.059623851007	YIL136W
YER040W	0.269504514422	YKR056W
YER040W	0.370417683821	YAL062W
YER040W	0.172017566741	YCR021C
YER040W	0.0435909757154	YDL110C
YER040W	0.0831809327739	YGR043C
YER040W	0.0622906399302	YGR142W
YER040W	0.569437514998	YHR018C
YER040W	0.493677220216	YJL088W
YER040W	0.882170595558	YJR148W
YER040W	0.344555648493	YLR009W
YER040W	0.0937958976929	YLR130C
YER040W	0.701816266431	YLR267W
YER040W	0.0937839138069	YLR327C
YER040W	0.467909404018	YNL036W
YER040W	0.152455417125	YNR053C
YER040W	0.293384326469	YOR302W
YER040W	0.150777234631	YPL012W
YER040W	0.232655776326	YIL037C
YER040W	0.160039918186	YKR009C
YER040W	0.192497708933	YFR022W
YER040W	0.339705158299	YPL265W
YER040W	0.819960835289	YOR100C
YER040W	0.178545798784	YOR348C
YER040W	0.060051249261	YHL028W
YER040W	0.20766883428	YGR067C
YER040W	0.184954875462	YLL011W
YER040W	0.19178314951	YPL036W
YER040W	0.346397283235	YAL054C
YER040W	0.109333784133	YLR438W
YER040W	0.091558021334	YIL155C
YER040W	0.106533010018	YBR054W
YER040W	0.145654553134	YCL064C
YER040W	0.148380035298	YDL160C
YER040W	0.301361025699	YDR384C
YER040W	0.135126479159	YER067W
YER040W	0.0646910228724	YER150W
YER040W	0.0610484475683	YFL014W
YER040W	0.712101192298	YHR029C
YER040W	0.0796758239839	YHR087W
YER040W	0.075038728557	YLR178C
YER040W	0.128187329866	YMR169C
YER040W	0.194672168772	YMR229C
YER040W	0.235398912806	YNR064C
YER040W	0.168807892195	YOR206W
YER040W	0.140858582421	YOR388C
YER040W	0.230850402349	YDR380W
YER040W	0.298002066424	YPL061W
YER040W	0.437328027478	YJL172W
YER040W	0.258588735615	YNL194C
YER040W	0.105681921218	YDR361C
YER040W	0.119301255306	YHR216W
YER040W	0.528324751439	YNR046W
YER040W	0.0628642791404	YGR183C
YER040W	0.223666458161	YLL034C
YER040W	0.085215700212	YDR523C
YER040W	0.221427882875	YOL014W
YER040W	0.113762705704	YLR174W
YER040W	0.179374217054	YJL153C
YER040W	0.186800123361	YGL229C
YER040W	0.20293461591	YJL063C
YGL254W	0.21690386708	YNL037C
YGL254W	0.0962507524296	YLR276C
YGL254W	0.0673569550954	YMR193W
YGL254W	0.156821181	YHR051W
YGL254W	0.0458100095823	YPL111W
YGL254W	0.0760649174791	YGL009C
YGL254W	0.0374522890198	YPR002W
YGL254W	0.0602382262979	YML123C
YGL254W	0.0476063830679	YHR136C
YGL254W	0.0318021356217	YER158C
YGL254W	0.0977257647581	YJL217W
YGL254W	0.0921176361436	YKR075C
YGL254W	0.0504596912105	YLR258W
YGL254W	0.0398173890321	YDR171W
YGL254W	0.0398274245758	YIL136W
YGL254W	0.0271307394214	YKR056W
YGL254W	0.292513559574	YAL062W
YGL254W	0.0496416957292	YCR021C
YGL254W	0.038859654944	YDL110C
YGL254W	0.031095561137	YGR043C
YGL254W	0.0940218934696	YGR142W
YGL254W	0.0420943785014	YHR018C
YGL254W	0.0484914232812	YJL088W
YGL254W	0.0615985845167	YJR148W
YGL254W	0.0462788035959	YLR009W
YGL254W	0.772129454696	YLR130C
YGL254W	0.0219241340619	YLR267W
YGL254W	0.041830386404	YLR327C
YGL254W	0.0505753456567	YNL036W
YGL254W	0.085083365571	YNR053C
YGL254W	0.0621272207308	YOR302W
YGL254W	0.0361112317249	YPL012W
YGL254W	0.0894785796335	YIL037C
YGL254W	0.0640830041577	YKR009C
YGL254W	0.0360015215387	YFR022W
YGL254W	0.0496090722178	YPL265W
YGL254W	0.0138457912631	YOR100C
YGL254W	0.053032610583	YOR348C
YGL254W	0.0226377122959	YHL028W
YGL254W	0.0351073546658	YGR067C
YGL254W	0.0361296990005	YLL011W
YGL254W	0.0397548036826	YPL036W
YGL254W	0.025646122184	YAL054C
YGL254W	0.0564139506188	YLR438W
YGL254W	0.0311240478792	YIL155C
YGL254W	0.0371431157035	YBR054W
YGL254W	0.992830343108	YCL064C
YGL254W	0.0725386429073	YDL160C
YGL254W	0.0113012778487	YDR384C
YGL254W	0.0406137264104	YER067W
YGL254W	0.0330697021565	YER150W
YGL254W	0.0502972900605	YFL014W
YGL254W	0.0379306918649	YHR029C
YGL254W	0.0280890047505	YHR087W
YGL254W	0.0388537987398	YLR178C
YGL254W	0.0432688035776	YMR169C
YGL254W	0.030545996501	YMR229C
YGL254W	0.0573513445507	YNR064C
YGL254W	0.0784942681535	YOR206W
YGL254W	0.0465415178232	YOR388C
YGL254W	0.0570662496955	YDR380W
YGL254W	0.0578088209487	YPL061W
YGL254W	0.0430005317005	YJL172W
YGL254W	0.0400505403591	YNL194C
YGL254W	0.191356754875	YDR361C
YGL254W	0.0996354655393	YHR216W
YGL254W	0.0142588814636	YNR046W
YGL254W	0.0658365260266	YGR183C
YGL254W	0.0524082958847	YLL034C
YGL254W	0.0639211903319	YDR523C
YGL254W	0.0588693712948	YOL014W
YGL254W	0.0448231409501	YLR174W
YGL254W	0.0784907983145	YJL153C
YGL254W	0.0590052906287	YGL229C
YGL254W	0.0387680986578	YJL063C
YJR094C	0.0685600800111	YNL037C
YJR094C	0.158222982086	YLR276C
YJR094C	0.126570454226	YMR193W
YJR094C	0.121278430397	YHR051W
YJR094C	0.631677244259	YPL111W
YJR094C	0.090460401136	YGL009C
YJR094C	0.108803780027	YPR002W
YJR094C	0.15256128523	YML123C
YJR094C	0.33590611936	YHR136C
YJR094C	0.127461498885	YER158C
YJR094C	0.22406574722	YJL217W
YJR094C	0.199780768588	YKR075C
YJR094C	0.127577759709	YLR258W
YJR094C	0.151935865462	YDR171W
YJR094C	0.168577500656	YIL136W
YJR094C	0.103253876206	YKR056W
YJR094C	0.144334375246	YAL062W
YJR094C	0.118065357375	YCR021C
YJR094C	0.119121312399	YDL110C
YJR094C	0.0793335856923	YGR043C
YJR094C	0.144217172991	YGR142W
YJR094C	0.0891175522066	YHR018C
YJR094C	0.145120559134	YJL088W
YJR094C	0.523095807887	YJR148W
YJR094C	0.098556588276	YLR009W
YJR094C	0.270959335705	YLR130C
YJR094C	0.716517804144	YLR267W
YJR094C	0.193806339553	YLR327C
YJR094C	0.165308663883	YNL036W
YJR094C	0.111828499835	YNR053C
YJR094C	0.126808678731	YOR302W
YJR094C	0.155338451662	YPL012W
YJR094C	0.113293107311	YIL037C
YJR094C	0.135294398644	YKR009C
YJR094C	0.11059769875	YFR022W
YJR094C	0.0924290969116	YPL265W
YJR094C	0.101407094304	YOR100C
YJR094C	0.171647292076	YOR348C
YJR094C	0.292402148646	YHL028W
YJR094C	0.0919795184467	YGR067C
YJR094C	0.27045277229	YLL011W
YJR094C	0.101312978964	YPL036W
YJR094C	0.0827311892106	YAL054C
YJR094C	0.157928780767	YLR438W
YJR094C	0.0882305770472	YIL155C
YJR094C	0.148160740908	YBR054W
YJR094C	0.262864169534	YCL064C
YJR094C	0.190666083291	YDL160C
YJR094C	0.306662218956	YDR384C
YJR094C	0.181726050355	YER067W
YJR094C	0.125979527263	YER150W
YJR094C	0.14814018791	YFL014W
YJR094C	0.231714375784	YHR029C
YJR094C	0.1439400485	YHR087W
YJR094C	0.17698702971	YLR178C
YJR094C	0.274793497273	YMR169C
YJR094C	0.136324960376	YMR229C
YJR094C	0.146466997619	YNR064C
YJR094C	0.14875533309	YOR206W
YJR094C	0.128817534728	YOR388C
YJR094C	0.253680857585	YDR380W
YJR094C	0.11775946635	YPL061W
YJR094C	0.286779832562	YJL172W
YJR094C	0.0696717962589	YNL194C
YJR094C	0.166178767463	YDR361C
YJR094C	0.136280671557	YHR216W
YJR094C	0.176269154838	YNR046W
YJR094C	0.149969786649	YGR183C
YJR094C	0.14568182433	YLL034C
YJR094C	0.246484152172	YDR523C
YJR094C	0.14925712995	YOL014W
YJR094C	0.0779009870293	YLR174W
YJR094C	0.12201396377	YJL153C
YJR094C	0.11613908354	YGL229C
YJR094C	0.120444304809	YJL063C
YKL062W	0.425344624631	YNL037C
YKL062W	0.204361365212	YLR276C
YKL062W	0.0625508107866	YMR193W
YKL062W	0.337976785628	YHR051W
YKL062W	0.285073616094	YPL111W
YKL062W	0.0347212756829	YGL009C
YKL062W	0.260335100242	YPR002W
YKL062W	0.0872048045101	YML123C
YKL062W	0.0763938251157	YHR136C
YKL062W	0.506390430724	YER158C
YKL062W	0.0746662782214	YJL217W
YKL062W	0.105611397676	YKR075C
YKL062W	1.0	YLR258W
YKL062W	0.250017189572	YDR171W
YKL062W	0.969172808295	YIL136W
YKL062W	0.0681283943578	YKR056W
YKL062W	0.0195607222472	YAL062W
YKL062W	0.10938462861	YCR021C
YKL062W	0.485696124492	YDL110C
YKL062W	0.389311835429	YGR043C
YKL062W	0.497023757155	YGR142W
YKL062W	0.0362108465786	YHR018C
YKL062W	0.0725087104684	YJL088W
YKL062W	0.0899964678581	YJR148W
YKL062W	0.0875577250178	YLR009W
YKL062W	0.0798005556446	YLR130C
YKL062W	0.0268360472104	YLR267W
YKL062W	0.146720804009	YLR327C
YKL062W	0.0422373563162	YNL036W
YKL062W	0.0541167787255	YNR053C
YKL062W	0.0615491362504	YOR302W
YKL062W	0.178215331331	YPL012W
YKL062W	0.0414246123226	YIL037C
YKL062W	0.110990634587	YKR009C
YKL062W	0.0320583926466	YFR022W
YKL062W	0.0579559018867	YPL265W
YKL062W	0.0878372153338	YOR100C
YKL062W	0.0586295170534	YOR348C
YKL062W	0.498171625746	YHL028W
YKL062W	0.220512748261	YGR067C
YKL062W	0.0715268449513	YLL011W
YKL062W	0.635707349797	YPL036W
YKL062W	0.493039469198	YAL054C
YKL062W	0.0561009870998	YLR438W
YKL062W	0.306899583488	YIL155C
YKL062W	0.48718031309	YBR054W
YKL062W	0.058997861821	YCL064C
YKL062W	0.0448407130714	YDL160C
YKL062W	0.0374501272554	YDR384C
YKL062W	0.787056726982	YER067W
YKL062W	0.952893812637	YER150W
YKL062W	0.948178576233	YFL014W
YKL062W	0.0430847798412	YHR029C
YKL062W	0.527242530353	YHR087W
YKL062W	0.957655004503	YLR178C
YKL062W	0.341169105318	YMR169C
YKL062W	0.362821481955	YMR229C
YKL062W	0.0779205136961	YNR064C
YKL062W	0.156177570697	YOR206W
YKL062W	0.0966428691133	YOR388C
YKL062W	0.0387826422618	YDR380W
YKL062W	0.0680690901536	YPL061W
YKL062W	0.0236507959166	YJL172W
YKL062W	0.245555989411	YNL194C
YKL062W	0.165808160069	YDR361C
YKL062W	0.0608674787113	YHR216W
YKL062W	0.376334332567	YNR046W
YKL062W	0.280448123768	YGR183C
YKL062W	0.297724307611	YLL034C
YKL062W	0.0538279188251	YDR523C
YKL062W	0.0372899981957	YOL014W
YKL062W	0.111567250033	YLR174W
YKL062W	0.0615425438745	YJL153C
YKL062W	0.321863192017	YGL229C
YKL062W	0.0432234674239	YJL063C
YMR280C	0.0645382822566	YNL037C
YMR280C	0.190170539599	YLR276C
YMR280C	0.0534091942915	YMR193W
YMR280C	0.118338569775	YHR051W
YMR280C	0.073992932728	YPL111W
YMR280C	0.0414942497897	YGL009C
YMR280C	0.0366597919292	YPR002W
YMR280C	0.0747437231917	YML123C
YMR280C	0.0773549847148	YHR136C
YMR280C	0.0372110586524	YER158C
YMR280C	0.067895204426	YJL217W
YMR280C	0.149028712738	YKR075C
YMR280C	0.0808493802575	YLR258W
YMR280C	0.0933387465991	YDR171W
YMR280C	0.0553200443875	YIL136W
YMR280C	0.0889269412895	YKR056W
YMR280C	0.031917108663	YAL062W
YMR280C	0.046534638426	YCR021C
YMR280C	0.0772506772702	YDL110C
YMR280C	0.039865538992	YGR043C
YMR280C	0.0543730151581	YGR142W
YMR280C	0.0388748829625	YHR018C
YMR280C	0.0481301342335	YJL088W
YMR280C	0.0229839400561	YJR148W
YMR280C	0.102227086179	YLR009W
YMR280C	0.0527910222805	YLR130C
YMR280C	0.026944951554	YLR267W
YMR280C	0.0472652985361	YLR327C
YMR280C	0.0377508331808	YNL036W
YMR280C	0.0668249419173	YNR053C
YMR280C	0.0510323017675	YOR302W
YMR280C	0.0612752115208	YPL012W
YMR280C	0.0350456075525	YIL037C
YMR280C	0.143187529127	YKR009C
YMR280C	0.163882655428	YFR022W
YMR280C	0.120881333479	YPL265W
YMR280C	0.0495310859151	YOR100C
YMR280C	0.0788967562513	YOR348C
YMR280C	0.0339112605707	YHL028W
YMR280C	0.0475977664235	YGR067C
YMR280C	0.0910313826134	YLL011W
YMR280C	0.0603258260449	YPL036W
YMR280C	0.0365365687495	YAL054C
YMR280C	0.154290611109	YLR438W
YMR280C	0.124313282381	YIL155C
YMR280C	0.0519378394214	YBR054W
YMR280C	0.0522799959784	YCL064C
YMR280C	0.0568299092198	YDL160C
YMR280C	0.189837328221	YDR384C
YMR280C	0.0402126478263	YER067W
YMR280C	0.0404781278343	YER150W
YMR280C	0.0370918729713	YFL014W
YMR280C	0.0504622322172	YHR029C
YMR280C	0.0303612433338	YHR087W
YMR280C	0.0577400481031	YLR178C
YMR280C	0.0457797432491	YMR169C
YMR280C	0.0628207439565	YMR229C
YMR280C	0.0991227263845	YNR064C
YMR280C	0.0691208213217	YOR206W
YMR280C	0.0881494174483	YOR388C
YMR280C	0.0324870138652	YDR380W
YMR280C	0.0685477208613	YPL061W
YMR280C	0.0237504865466	YJL172W
YMR280C	0.0391234744408	YNL194C
YMR280C	0.168915436252	YDR361C
YMR280C	0.0679639540057	YHR216W
YMR280C	0.0641293777104	YNR046W
YMR280C	0.0812709291744	YGR183C
YMR280C	0.0730917815908	YLL034C
YMR280C	0.144374267578	YDR523C
YMR280C	0.0555292181324	YOL014W
YMR280C	0.207012912786	YLR174W
YMR280C	0.153195016873	YJL153C
YMR280C	0.0505430222123	YGL229C
YMR280C	0.0809497553888	YJL063C
YOR032C	0.0560877304953	YNL037C
YOR032C	0.0614624803212	YLR276C
YOR032C	0.0555608528555	YMR193W
YOR032C	0.0669637310685	YHR051W
YOR032C	0.0929848524603	YPL111W
YOR032C	0.0543180987533	YGL009C
YOR032C	0.0695164253761	YPR002W
YOR032C	0.0972742875758	YML123C
YOR032C	0.0873160996277	YHR136C
YOR032C	0.406643656602	YER158C
YOR032C	0.139045839205	YJL217W
YOR032C	0.0806723006372	YKR075C
YOR032C	0.0805130473006	YLR258W
YOR032C	0.0890622209626	YDR171W
YOR032C	0.0687402241752	YIL136W
YOR032C	0.0320518359672	YKR056W
YOR032C	0.0170577923803	YAL062W
YOR032C	0.061694207689	YCR021C
YOR032C	0.166556824696	YDL110C
YOR032C	0.261579036238	YGR043C
YOR032C	0.0618375527075	YGR142W
YOR032C	0.0357115176669	YHR018C
YOR032C	0.0759328654075	YJL088W
YOR032C	0.037650554476	YJR148W
YOR032C	0.0756670357358	YLR009W
YOR032C	0.0558284430712	YLR130C
YOR032C	0.0401279983346	YLR267W
YOR032C	0.0987763605954	YLR327C
YOR032C	0.0381685495446	YNL036W
YOR032C	0.0400886314105	YNR053C
YOR032C	0.0643187010051	YOR302W
YOR032C	0.0822080215506	YPL012W
YOR032C	0.0843714560003	YIL037C
YOR032C	0.0729979719224	YKR009C
YOR032C	0.0574290849632	YFR022W
YOR032C	0.053408400915	YPL265W
YOR032C	0.15701138455	YOR100C
YOR032C	0.149895859167	YOR348C
YOR032C	0.189173602933	YHL028W
YOR032C	0.105407537829	YGR067C
YOR032C	0.0549343366179	YLL011W
YOR032C	0.0637669241816	YPL036W
YOR032C	0.0854918950288	YAL054C
YOR032C	0.23666131248	YLR438W
YOR032C	0.223465388227	YIL155C
YOR032C	0.0574851386377	YBR054W
YOR032C	0.252211196391	YCL064C
YOR032C	0.134121081231	YDL160C
YOR032C	0.0115607006299	YDR384C
YOR032C	0.0605445187185	YER067W
YOR032C	0.0852732498546	YER150W
YOR032C	0.0683716898341	YFL014W
YOR032C	0.0405680060837	YHR029C
YOR032C	0.0741862919326	YHR087W
YOR032C	0.0614572907074	YLR178C
YOR032C	0.23358980087	YMR169C
YOR032C	0.0808578885642	YMR229C
YOR032C	0.0626942848634	YNR064C
YOR032C	0.0415304892078	YOR206W
YOR032C	0.047802272793	YOR388C
YOR032C	0.0287418286147	YDR380W
YOR032C	0.108400647126	YPL061W
YOR032C	0.0329680380145	YJL172W
YOR032C	0.262836565993	YNL194C
YOR032C	0.0856104160804	YDR361C
YOR032C	0.0816051863559	YHR216W
YOR032C	0.0454333035711	YNR046W
YOR032C	0.0808432048879	YGR183C
YOR032C	0.0796600316151	YLL034C
YOR032C	0.0618077938978	YDR523C
YOR032C	0.0575064900039	YOL014W
YOR032C	0.160294169274	YLR174W
YOR032C	0.113293683754	YJL153C
YOR032C	0.0906177495982	YGL229C
YOR032C	0.0792107153718	YJL063C
