YBL103C	0.0395900279032	YNL037C
YBL103C	0.000590669109273	YLR276C
YBL103C	0.229523445784	YMR193W
YBL103C	0.0452986374704	YHR051W
YBL103C	0.0738224749885	YPL111W
YBL103C	0.661214126937	YGL009C
YBL103C	0.571324780786	YPR002W
YBL103C	0.124822460171	YML123C
YBL103C	0.0965160066289	YHR136C
YBL103C	0.000209101714236	YER158C
YBL103C	0.067348495925	YJL217W
YBL103C	0.0676126317467	YKR075C
YBL103C	0.000953661670879	YLR258W
YBL103C	6.00979541963e-05	YDR171W
YBL103C	0.000978757146417	YIL136W
YBL103C	0.0889570641674	YKR056W
YBL103C	0.0983825024102	YAL062W
YBL103C	0.131968968116	YCR021C
YBL103C	0.00586612139328	YDL110C
YBL103C	0.000245262603544	YGR043C
YBL103C	0.0652942787019	YGR142W
YBL103C	1.94664430854e-05	YHR018C
YBL103C	0.00110499523462	YJL088W
YBL103C	0.023014495848	YJR148W
YBL103C	0.02490539947	YLR009W
YBL103C	0.0368329167867	YLR130C
YBL103C	0.0386574915955	YLR267W
YBL103C	0.0125879012132	YLR327C
YBL103C	0.000561454323087	YNL036W
YBL103C	0.0340160724737	YNR053C
YBL103C	0.111062836089	YOR302W
YBL103C	0.0070951611711	YPL012W
YBL103C	0.0453074746069	YIL037C
YBL103C	0.00228699901859	YKR009C
YBL103C	0.0538967106118	YFR022W
YBL103C	0.423686356014	YPL265W
YBL103C	0.0361879447537	YOR100C
YBL103C	0.00679819187617	YOR348C
YBL103C	0.0146901849633	YHL028W
YBL103C	0.0674547275888	YGR067C
YBL103C	0.0160884261945	YLL011W
YBL103C	0.0754741997239	YPL036W
YBL103C	0.0171426584596	YAL054C
YBL103C	0.060230828254	YLR438W
YBL103C	0.000350816983515	YIL155C
YBL103C	0.0312031088338	YBR054W
YBL103C	0.0143811262566	YCL064C
YBL103C	0.0674705686735	YDL160C
YBL103C	0.0911768454662	YDR384C
YBL103C	0.0155472256448	YER067W
YBL103C	0.00259495966047	YER150W
YBL103C	0.00620346956387	YFL014W
YBL103C	0.000540672698511	YHR029C
YBL103C	0.0150669499595	YHR087W
YBL103C	0.00129366748294	YLR178C
YBL103C	0.000720700448264	YMR169C
YBL103C	0.000375083726103	YMR229C
YBL103C	0.145478681186	YNR064C
YBL103C	0.0132073169891	YOR206W
YBL103C	0.0978298248952	YOR388C
YBL103C	0.384364090901	YDR380W
YBL103C	0.195348278884	YPL061W
YBL103C	0.112857555863	YJL172W
YBL103C	8.89772425589e-05	YNL194C
YBL103C	0.00416361421544	YDR361C
YBL103C	0.000899223617759	YHR216W
YBL103C	0.0265014424215	YNR046W
YBL103C	0.0194609084801	YGR183C
YBL103C	0.00145498140051	YLL034C
YBL103C	0.081299679835	YDR523C
YBL103C	0.0334706207899	YOL014W
YBL103C	0.00591578204499	YLR174W
YBL103C	0.173154783457	YJL153C
YBL103C	0.0642955260033	YGL229C
YBL103C	0.172913425086	YJL063C
YDL170W	0.0837184224961	YNL037C
YDL170W	0.0013981670534	YLR276C
YDL170W	0.343549219599	YMR193W
YDL170W	0.0413999258618	YHR051W
YDL170W	0.0462721172247	YPL111W
YDL170W	0.140941733553	YGL009C
YDL170W	0.0410036780529	YPR002W
YDL170W	0.097586517779	YML123C
YDL170W	0.130847559424	YHR136C
YDL170W	0.00025648847008	YER158C
YDL170W	0.0975842158071	YJL217W
YDL170W	0.065277353192	YKR075C
YDL170W	0.000662066132064	YLR258W
YDL170W	0.000112659219359	YDR171W
YDL170W	0.000817582174439	YIL136W
YDL170W	0.29502999302	YKR056W
YDL170W	0.107553169358	YAL062W
YDL170W	0.184195334458	YCR021C
YDL170W	0.00643432385038	YDL110C
YDL170W	0.000280794701806	YGR043C
YDL170W	0.0444817625043	YGR142W
YDL170W	0.981538916166	YHR018C
YDL170W	0.762881780246	YJL088W
YDL170W	0.239294704578	YJR148W
YDL170W	0.17947325964	YLR009W
YDL170W	0.0343665246502	YLR130C
YDL170W	0.269917975384	YLR267W
YDL170W	0.0107662939573	YLR327C
YDL170W	0.89416441563	YNL036W
YDL170W	0.123025114402	YNR053C
YDL170W	0.372010496292	YOR302W
YDL170W	0.027238061551	YPL012W
YDL170W	0.598900963142	YIL037C
YDL170W	0.00484602601008	YKR009C
YDL170W	0.118110203877	YFR022W
YDL170W	0.422347825609	YPL265W
YDL170W	0.20151694975	YOR100C
YDL170W	0.00655504570122	YOR348C
YDL170W	0.0144478202898	YHL028W
YDL170W	0.109079160832	YGR067C
YDL170W	0.0432397802413	YLL011W
YDL170W	0.0734668822646	YPL036W
YDL170W	0.0535361350447	YAL054C
YDL170W	0.059388164998	YLR438W
YDL170W	0.000518763750137	YIL155C
YDL170W	0.0339063946914	YBR054W
YDL170W	0.0123742893227	YCL064C
YDL170W	0.0608888843754	YDL160C
YDL170W	0.0809333138077	YDR384C
YDL170W	0.0273220576896	YER067W
YDL170W	0.00226118376949	YER150W
YDL170W	0.00151634094562	YFL014W
YDL170W	0.453868346268	YHR029C
YDL170W	0.00952190549619	YHR087W
YDL170W	0.00169139379619	YLR178C
YDL170W	0.00122443596539	YMR169C
YDL170W	0.00163371570913	YMR229C
YDL170W	0.119296864729	YNR064C
YDL170W	0.0657763549157	YOR206W
YDL170W	0.0613065687405	YOR388C
YDL170W	0.215873643235	YDR380W
YDL170W	0.165409828421	YPL061W
YDL170W	0.304191716161	YJL172W
YDL170W	0.000110981502745	YNL194C
YDL170W	0.00784073300884	YDR361C
YDL170W	0.00126204961157	YHR216W
YDL170W	0.112094834445	YNR046W
YDL170W	0.0209394292111	YGR183C
YDL170W	0.00582654923468	YLL034C
YDL170W	0.057810257274	YDR523C
YDL170W	0.0645371268642	YOL014W
YDL170W	0.00438024186533	YLR174W
YDL170W	0.129174518005	YJL153C
YDL170W	0.146469855799	YGL229C
YDL170W	0.350383602242	YJL063C
YDR043C	0.527634201629	YNL037C
YDR043C	0.98476810897	YLR276C
YDR043C	0.0241368636271	YMR193W
YDR043C	0.184237022877	YHR051W
YDR043C	0.0761714883788	YPL111W
YDR043C	0.00614035025784	YGL009C
YDR043C	0.017523062114	YPR002W
YDR043C	0.051448059035	YML123C
YDR043C	0.0342532988747	YHR136C
YDR043C	0.968843007228	YER158C
YDR043C	0.0652282462649	YJL217W
YDR043C	0.114602136915	YKR075C
YDR043C	0.00566742670034	YLR258W
YDR043C	0.998206466703	YDR171W
YDR043C	0.498663669561	YIL136W
YDR043C	0.234528611773	YKR056W
YDR043C	0.116194024149	YAL062W
YDR043C	0.078005314566	YCR021C
YDR043C	0.761019313507	YDL110C
YDR043C	0.974759045447	YGR043C
YDR043C	0.0365315243157	YGR142W
YDR043C	7.34750525806e-10	YHR018C
YDR043C	2.59378665877e-05	YJL088W
YDR043C	1.98366750441e-05	YJR148W
YDR043C	0.553324618222	YLR009W
YDR043C	0.0323423398059	YLR130C
YDR043C	0.000420100881933	YLR267W
YDR043C	0.746956362271	YLR327C
YDR043C	1.16705899294e-06	YNL036W
YDR043C	0.631707200003	YNR053C
YDR043C	0.0294643386617	YOR302W
YDR043C	0.888767539949	YPL012W
YDR043C	0.0251688329124	YIL037C
YDR043C	0.938957840318	YKR009C
YDR043C	0.491587331292	YFR022W
YDR043C	0.00121293347988	YPL265W
YDR043C	0.19269597812	YOR100C
YDR043C	0.821034005032	YOR348C
YDR043C	0.439834337919	YHL028W
YDR043C	0.150524450261	YGR067C
YDR043C	0.810181452871	YLL011W
YDR043C	0.0469372806445	YPL036W
YDR043C	0.559048720202	YAL054C
YDR043C	0.120585158648	YLR438W
YDR043C	0.974234894427	YIL155C
YDR043C	0.473680515678	YBR054W
YDR043C	0.00980006501203	YCL064C
YDR043C	0.20508559063	YDL160C
YDR043C	0.159684918815	YDR384C
YDR043C	0.385762135937	YER067W
YDR043C	0.211236682747	YER150W
YDR043C	0.00333423861691	YFL014W
YDR043C	1.33623838987e-06	YHR029C
YDR043C	0.653892137453	YHR087W
YDR043C	0.614847357099	YLR178C
YDR043C	0.972676215068	YMR169C
YDR043C	0.991597180973	YMR229C
YDR043C	0.0477981442028	YNR064C
YDR043C	0.75477997259	YOR206W
YDR043C	0.190620753832	YOR388C
YDR043C	0.0310889187341	YDR380W
YDR043C	0.0469649216324	YPL061W
YDR043C	0.116361906692	YJL172W
YDR043C	0.993548591345	YNL194C
YDR043C	0.893516867818	YDR361C
YDR043C	0.988575041215	YHR216W
YDR043C	0.400539439056	YNR046W
YDR043C	0.630883466401	YGR183C
YDR043C	0.965923280358	YLL034C
YDR043C	0.284353401588	YDR523C
YDR043C	0.476561987899	YOL014W
YDR043C	0.934547938743	YLR174W
YDR043C	0.0674180995866	YJL153C
YDR043C	0.0627164824382	YGL229C
YDR043C	0.0409814664348	YJL063C
YDR216W	0.0149296441303	YNL037C
YDR216W	0.000879285368897	YLR276C
YDR216W	0.0213881781881	YMR193W
YDR216W	0.0801725742373	YHR051W
YDR216W	0.0474944666247	YPL111W
YDR216W	0.00022673015912	YGL009C
YDR216W	0.0170553945271	YPR002W
YDR216W	0.0619831240953	YML123C
YDR216W	0.0725151839633	YHR136C
YDR216W	0.000904933363461	YER158C
YDR216W	0.066223375758	YJL217W
YDR216W	0.0664170855633	YKR075C
YDR216W	0.00159610996767	YLR258W
YDR216W	0.000133822466755	YDR171W
YDR216W	0.0160783184217	YIL136W
YDR216W	0.0224866212513	YKR056W
YDR216W	0.0454766496297	YAL062W
YDR216W	0.0400637253537	YCR021C
YDR216W	0.0363538929984	YDL110C
YDR216W	0.0107083442539	YGR043C
YDR216W	0.249178063458	YGR142W
YDR216W	3.54225993936e-11	YHR018C
YDR216W	4.94871700518e-06	YJL088W
YDR216W	1.26618875228e-05	YJR148W
YDR216W	0.0115823899368	YLR009W
YDR216W	0.0767176344456	YLR130C
YDR216W	0.000178374491343	YLR267W
YDR216W	0.0631380467021	YLR327C
YDR216W	5.66299321508e-08	YNL036W
YDR216W	0.0156151218563	YNR053C
YDR216W	0.0531117068881	YOR302W
YDR216W	0.00501267573359	YPL012W
YDR216W	0.0522014881008	YIL037C
YDR216W	0.0108239775055	YKR009C
YDR216W	0.0225181205809	YFR022W
YDR216W	0.00136765574021	YPL265W
YDR216W	0.00750689523817	YOR100C
YDR216W	0.0354436682202	YOR348C
YDR216W	0.018901091414	YHL028W
YDR216W	0.0999877432026	YGR067C
YDR216W	0.00903545840269	YLL011W
YDR216W	0.0535883717131	YPL036W
YDR216W	0.0307769395555	YAL054C
YDR216W	0.0856967794648	YLR438W
YDR216W	0.00253775530255	YIL155C
YDR216W	0.0528943114008	YBR054W
YDR216W	0.0101556144305	YCL064C
YDR216W	0.0619134499233	YDL160C
YDR216W	0.0471443967819	YDR384C
YDR216W	0.016279301711	YER067W
YDR216W	0.059622224638	YER150W
YDR216W	0.336851448252	YFL014W
YDR216W	3.70063360718e-07	YHR029C
YDR216W	0.0482899419551	YHR087W
YDR216W	0.0113158999434	YLR178C
YDR216W	0.00299425523509	YMR169C
YDR216W	0.000498151643971	YMR229C
YDR216W	0.10552707422	YNR064C
YDR216W	0.0156499839513	YOR206W
YDR216W	0.0875566106836	YOR388C
YDR216W	0.0149419459919	YDR380W
YDR216W	0.0592666758886	YPL061W
YDR216W	0.0122480905377	YJL172W
YDR216W	0.000436178795785	YNL194C
YDR216W	0.00865250523203	YDR361C
YDR216W	0.000998820905462	YHR216W
YDR216W	0.0160659016666	YNR046W
YDR216W	0.0280893825057	YGR183C
YDR216W	0.0012340700073	YLL034C
YDR216W	0.042519929331	YDR523C
YDR216W	0.0560515420555	YOL014W
YDR216W	0.00280139761882	YLR174W
YDR216W	0.0477984688756	YJL153C
YDR216W	0.0552888341599	YGL229C
YDR216W	0.0499954636582	YJL063C
YER040W	0.0600097789374	YNL037C
YER040W	0.00175929721157	YLR276C
YER040W	0.15665026143	YMR193W
YER040W	0.0440005471474	YHR051W
YER040W	0.0485796757471	YPL111W
YER040W	0.18853598309	YGL009C
YER040W	0.031083746844	YPR002W
YER040W	0.0746963557881	YML123C
YER040W	0.0879783267277	YHR136C
YER040W	0.000264199193119	YER158C
YER040W	0.115729977229	YJL217W
YER040W	0.0703909888686	YKR075C
YER040W	0.000728953401206	YLR258W
YER040W	0.000179580477364	YDR171W
YER040W	0.00086961049959	YIL136W
YER040W	0.164012755274	YKR056W
YER040W	0.147746420393	YAL062W
YER040W	0.113149679531	YCR021C
YER040W	0.00655066648265	YDL110C
YER040W	0.000371644092878	YGR043C
YER040W	0.03611145182	YGR142W
YER040W	0.0184416161887	YHR018C
YER040W	0.235916187187	YJL088W
YER040W	0.737420551066	YJR148W
YER040W	0.10030430402	YLR009W
YER040W	0.037825070673	YLR130C
YER040W	0.647921256862	YLR267W
YER040W	0.0115959206488	YLR327C
YER040W	0.105272216937	YNL036W
YER040W	0.0567824085685	YNR053C
YER040W	0.176603888625	YOR302W
YER040W	0.0128366497947	YPL012W
YER040W	0.135588512943	YIL037C
YER040W	0.00760238739521	YKR009C
YER040W	0.0607155596845	YFR022W
YER040W	0.138100379101	YPL265W
YER040W	0.524779092056	YOR100C
YER040W	0.00898288133772	YOR348C
YER040W	0.0137172036324	YHL028W
YER040W	0.113955822214	YGR067C
YER040W	0.034091102543	YLL011W
YER040W	0.0605213743012	YPL036W
YER040W	0.0738193894773	YAL054C
YER040W	0.0627558737809	YLR438W
YER040W	0.000791602419375	YIL155C
YER040W	0.0327441783114	YBR054W
YER040W	0.0108306622249	YCL064C
YER040W	0.0785633720233	YDL160C
YER040W	0.0901558761653	YDR384C
YER040W	0.0283892353507	YER067W
YER040W	0.00250633567813	YER150W
YER040W	0.00123389727905	YFL014W
YER040W	0.545575139604	YHR029C
YER040W	0.00952867305934	YHR087W
YER040W	0.00219935338993	YLR178C
YER040W	0.002180963028	YMR169C
YER040W	0.0017700785596	YMR229C
YER040W	0.139517664107	YNR064C
YER040W	0.0332484339363	YOR206W
YER040W	0.0600762516887	YOR388C
YER040W	0.179760618457	YDR380W
YER040W	0.179963571385	YPL061W
YER040W	0.268690401142	YJL172W
YER040W	0.000170131633623	YNL194C
YER040W	0.00841059835128	YDR361C
YER040W	0.0018323664582	YHR216W
YER040W	0.219565829355	YNR046W
YER040W	0.0200109668604	YGR183C
YER040W	0.00744838451564	YLL034C
YER040W	0.051517531747	YDR523C
YER040W	0.0763821052804	YOL014W
YER040W	0.00551364841345	YLR174W
YER040W	0.100138244534	YJL153C
YER040W	0.109401001079	YGL229C
YER040W	0.104054204192	YJL063C
YGL254W	0.0443229490512	YNL037C
YGL254W	0.000549147718196	YLR276C
YGL254W	0.0267554425159	YMR193W
YGL254W	0.0840834858167	YHR051W
YGL254W	0.0359606504409	YPL111W
YGL254W	0.000636582567507	YGL009C
YGL254W	0.016000892753	YPR002W
YGL254W	0.0521350351875	YML123C
YGL254W	0.0317312987512	YHR136C
YGL254W	0.000179053950076	YER158C
YGL254W	0.0732712830347	YJL217W
YGL254W	0.0661003301794	YKR075C
YGL254W	0.000755237555812	YLR258W
YGL254W	5.10386539144e-05	YDR171W
YGL254W	0.00103135175287	YIL136W
YGL254W	0.0194926149289	YKR056W
YGL254W	0.142416801676	YAL062W
YGL254W	0.0375566083427	YCR021C
YGL254W	0.004712904015	YDL110C
YGL254W	0.000246164465037	YGR043C
YGL254W	0.0511691027229	YGR142W
YGL254W	3.21944477374e-11	YHR018C
YGL254W	3.38845395333e-06	YJL088W
YGL254W	1.14880181834e-05	YJR148W
YGL254W	0.00953580514544	YLR009W
YGL254W	0.492309072192	YLR130C
YGL254W	0.000120379406643	YLR267W
YGL254W	0.00994466402168	YLR327C
YGL254W	5.27100748001e-08	YNL036W
YGL254W	0.0167387542834	YNR053C
YGL254W	0.0293104984134	YOR302W
YGL254W	0.00349711632546	YPL012W
YGL254W	0.0158543988556	YIL037C
YGL254W	0.0018635600832	YKR009C
YGL254W	0.0217150690676	YFR022W
YGL254W	0.00115947741078	YPL265W
YGL254W	0.00259589303493	YOR100C
YGL254W	0.0075823500417	YOR348C
YGL254W	0.0145445730945	YHL028W
YGL254W	0.0482695197313	YGR067C
YGL254W	0.00690607733431	YLL011W
YGL254W	0.0487504539961	YPL036W
YGL254W	0.0114506527641	YAL054C
YGL254W	0.0557817378856	YLR438W
YGL254W	0.00031787256647	YIL155C
YGL254W	0.0201247331344	YBR054W
YGL254W	0.829735288849	YCL064C
YGL254W	0.0648788373711	YDL160C
YGL254W	0.0381321342884	YDR384C
YGL254W	0.0149250810722	YER067W
YGL254W	0.00311883797661	YER150W
YGL254W	0.00131400929514	YFL014W
YGL254W	3.75289859773e-07	YHR029C
YGL254W	0.00906101300145	YHR087W
YGL254W	0.00120763001496	YLR178C
YGL254W	0.00061928606516	YMR169C
YGL254W	0.000202215115151	YMR229C
YGL254W	0.0429109183051	YNR064C
YGL254W	0.0103735004953	YOR206W
YGL254W	0.0494067440835	YOR388C
YGL254W	0.0118555748011	YDR380W
YGL254W	0.0316911271921	YPL061W
YGL254W	0.016877067359	YJL172W
YGL254W	0.000101310580454	YNL194C
YGL254W	0.00682570938903	YDR361C
YGL254W	0.000687550793837	YHR216W
YGL254W	0.0142094149573	YNR046W
YGL254W	0.0209950932169	YGR183C
YGL254W	0.00098544557407	YLL034C
YGL254W	0.0413807969583	YDR523C
YGL254W	0.0288654645757	YOL014W
YGL254W	0.00129981565207	YLR174W
YGL254W	0.0502008554058	YJL153C
YGL254W	0.0498260942076	YGL229C
YGL254W	0.0260532277215	YJL063C
YJR094C	0.0205990577266	YNL037C
YJR094C	0.000518308912972	YLR276C
YJR094C	0.0589178659728	YMR193W
YJR094C	0.0489297499912	YHR051W
YJR094C	0.31286040449	YPL111W
YJR094C	0.000778304483168	YGL009C
YJR094C	0.0267521854445	YPR002W
YJR094C	0.089701247049	YML123C
YJR094C	0.210617217611	YHR136C
YJR094C	0.000300858714586	YER158C
YJR094C	0.109578565163	YJL217W
YJR094C	0.101601832112	YKR075C
YJR094C	0.000785552321406	YLR258W
YJR094C	7.36672465004e-05	YDR171W
YJR094C	0.000955589739798	YIL136W
YJR094C	0.0298400598752	YKR056W
YJR094C	0.0595036711431	YAL062W
YJR094C	0.0548842814825	YCR021C
YJR094C	0.00637165457653	YDL110C
YJR094C	0.000281428181365	YGR043C
YJR094C	0.0596399177995	YGR142W
YJR094C	2.35450512666e-10	YHR018C
YJR094C	3.56213034133e-05	YJL088W
YJR094C	0.000119311692733	YJR148W
YJR094C	0.012038351525	YLR009W
YJR094C	0.0648473718776	YLR130C
YJR094C	0.0418331011717	YLR267W
YJR094C	0.0150397219158	YLR327C
YJR094C	2.1578958892e-07	YNL036W
YJR094C	0.0186893584573	YNR053C
YJR094C	0.0527565966272	YOR302W
YJR094C	0.0056300434255	YPL012W
YJR094C	0.0321726706106	YIL037C
YJR094C	0.00285674314185	YKR009C
YJR094C	0.033761207199	YFR022W
YJR094C	0.00303390516882	YPL265W
YJR094C	0.00759711255171	YOR100C
YJR094C	0.00844829358512	YOR348C
YJR094C	0.0755239354159	YHL028W
YJR094C	0.0477361838575	YGR067C
YJR094C	0.016901416956	YLL011W
YJR094C	0.0564233507278	YPL036W
YJR094C	0.0174075181337	YAL054C
YJR094C	0.0815731686962	YLR438W
YJR094C	0.000462044177452	YIL155C
YJR094C	0.0347942834153	YBR054W
YJR094C	0.0196451309607	YCL064C
YJR094C	0.0815770332947	YDL160C
YJR094C	0.138111727702	YDR384C
YJR094C	0.0208620107716	YER067W
YJR094C	0.00274841494272	YER150W
YJR094C	0.00126132508686	YFL014W
YJR094C	1.11594214665e-05	YHR029C
YJR094C	0.0120476017626	YHR087W
YJR094C	0.00150553236385	YLR178C
YJR094C	0.00175046631535	YMR169C
YJR094C	0.000297992521936	YMR229C
YJR094C	0.0865189941687	YNR064C
YJR094C	0.0126510217987	YOR206W
YJR094C	0.0678435447372	YOR388C
YJR094C	0.0726325898812	YDR380W
YJR094C	0.0690748374266	YPL061W
YJR094C	0.0892678540618	YJL172W
YJR094C	0.000108667341676	YNL194C
YJR094C	0.00485720053616	YDR361C
YJR094C	0.0010277332848	YHR216W
YJR094C	0.0201676212779	YNR046W
YJR094C	0.0215417340598	YGR183C
YJR094C	0.0014690130945	YLL034C
YJR094C	0.107751012905	YDR523C
YJR094C	0.0623905728615	YOL014W
YJR094C	0.00178210132229	YLR174W
YJR094C	0.070994742594	YJL153C
YJR094C	0.0750586372337	YGL229C
YJR094C	0.0489585811153	YJL063C
YKL062W	0.0822549488872	YNL037C
YKL062W	0.00110655337354	YLR276C
YKL062W	0.0220244050609	YMR193W
YKL062W	0.202932141819	YHR051W
YKL062W	0.136694572383	YPL111W
YKL062W	0.000311690388885	YGL009C
YKL062W	0.165275529013	YPR002W
YKL062W	0.0711132178705	YML123C
YKL062W	0.0485140085835	YHR136C
YKL062W	0.00693027687639	YER158C
YKL062W	0.0618092317069	YJL217W
YKL062W	0.080469302957	YKR075C
YKL062W	0.982481251916	YLR258W
YKL062W	0.000338952988808	YDR171W
YKL062W	0.459433115112	YIL136W
YKL062W	0.0222775238843	YKR056W
YKL062W	0.0492803365583	YAL062W
YKL062W	0.0659177942807	YCR021C
YKL062W	0.0758185805137	YDL110C
YKL062W	0.0049163110402	YGR043C
YKL062W	0.286555992709	YGR142W
YKL062W	2.64919979267e-11	YHR018C
YKL062W	6.6407131972e-06	YJL088W
YKL062W	3.42520637576e-05	YJR148W
YKL062W	0.0199419755293	YLR009W
YKL062W	0.0483484075511	YLR130C
YKL062W	0.000111892625693	YLR267W
YKL062W	0.0363490305964	YLR327C
YKL062W	9.94107621304e-08	YNL036W
YKL062W	0.0143574217231	YNR053C
YKL062W	0.0284761487205	YOR302W
YKL062W	0.015837093383	YPL012W
YKL062W	0.0132898106925	YIL037C
YKL062W	0.00330060699575	YKR009C
YKL062W	0.0224137041456	YFR022W
YKL062W	0.00191428560964	YPL265W
YKL062W	0.0034515252278	YOR100C
YKL062W	0.0130334953861	YOR348C
YKL062W	0.208547041047	YHL028W
YKL062W	0.122562250761	YGR067C
YKL062W	0.00890145182075	YLL011W
YKL062W	0.327465174408	YPL036W
YKL062W	0.12936537796	YAL054C
YKL062W	0.0549752205585	YLR438W
YKL062W	0.00575868506253	YIL155C
YKL062W	0.194387148059	YBR054W
YKL062W	0.0185627656575	YCL064C
YKL062W	0.0507391002135	YDL160C
YKL062W	0.0546814901628	YDR384C
YKL062W	0.390302504747	YER067W
YKL062W	0.68384056897	YER150W
YKL062W	0.638876065016	YFL014W
YKL062W	5.22146731453e-07	YHR029C
YKL062W	0.159975146131	YHR087W
YKL062W	0.343786172506	YLR178C
YKL062W	0.00600301329208	YMR169C
YKL062W	0.00114348987726	YMR229C
YKL062W	0.0536537470056	YNR064C
YKL062W	0.0214401237001	YOR206W
YKL062W	0.0642553875342	YOR388C
YKL062W	0.0132293164056	YDR380W
YKL062W	0.0471713505494	YPL061W
YKL062W	0.0113519725695	YJL172W
YKL062W	0.00113987426748	YNL194C
YKL062W	0.011875635746	YDR361C
YKL062W	0.000593521125903	YHR216W
YKL062W	0.0683920071399	YNR046W
YKL062W	0.0953039264666	YGR183C
YKL062W	0.00386676248734	YLL034C
YKL062W	0.0399468604096	YDR523C
YKL062W	0.0294435557509	YOL014W
YKL062W	0.00356950154821	YLR174W
YKL062W	0.0509405452082	YJL153C
YKL062W	0.148433939471	YGL229C
YKL062W	0.0331808940883	YJL063C
YMR280C	0.0457249370557	YNL037C
YMR280C	0.00607849365457	YLR276C
YMR280C	0.0209316049655	YMR193W
YMR280C	0.0810576680687	YHR051W
YMR280C	0.0450306627611	YPL111W
YMR280C	0.000221190828571	YGL009C
YMR280C	0.0165472162408	YPR002W
YMR280C	0.0620751447883	YML123C
YMR280C	0.052699046325	YHR136C
YMR280C	0.000616366676876	YER158C
YMR280C	0.0610380772064	YJL217W
YMR280C	0.100430912854	YKR075C
YMR280C	0.00120049727692	YLR258W
YMR280C	0.000345265906778	YDR171W
YMR280C	0.00483526384294	YIL136W
YMR280C	0.0304052634388	YKR056W
YMR280C	0.046752947022	YAL062W
YMR280C	0.0381113007104	YCR021C
YMR280C	0.0268378389647	YDL110C
YMR280C	0.000997181180086	YGR043C
YMR280C	0.0325100988696	YGR142W
YMR280C	2.29999306518e-11	YHR018C
YMR280C	3.5570780752e-06	YJL088W
YMR280C	1.25564050391e-05	YJR148W
YMR280C	0.0316788027782	YLR009W
YMR280C	0.0329404980407	YLR130C
YMR280C	0.000115530217473	YLR267W
YMR280C	0.0221556404762	YLR327C
YMR280C	5.62090616451e-08	YNL036W
YMR280C	0.0221957182626	YNR053C
YMR280C	0.0276858402722	YOR302W
YMR280C	0.00969727376178	YPL012W
YMR280C	0.0137252079137	YIL037C
YMR280C	0.015348275746	YKR009C
YMR280C	0.0698003485676	YFR022W
YMR280C	0.00161002049688	YPL265W
YMR280C	0.00547626383103	YOR100C
YMR280C	0.0246919910757	YOR348C
YMR280C	0.0167551347006	YHL028W
YMR280C	0.0483437748058	YGR067C
YMR280C	0.019582524828	YLL011W
YMR280C	0.0581516821442	YPL036W
YMR280C	0.025206123182	YAL054C
YMR280C	0.0978142480915	YLR438W
YMR280C	0.00473728362124	YIL155C
YMR280C	0.0311664083617	YBR054W
YMR280C	0.00916213876217	YCL064C
YMR280C	0.0530128166423	YDL160C
YMR280C	0.136180269378	YDR384C
YMR280C	0.0164354370777	YER067W
YMR280C	0.00528697350687	YER150W
YMR280C	0.00121780157749	YFL014W
YMR280C	3.317688279e-07	YHR029C
YMR280C	0.017836781349	YHR087W
YMR280C	0.00694194730741	YLR178C
YMR280C	0.00132424633767	YMR169C
YMR280C	0.00091375833672	YMR229C
YMR280C	0.058871376651	YNR064C
YMR280C	0.0241327232979	YOR206W
YMR280C	0.0743203648679	YOR388C
YMR280C	0.00998973164609	YDR380W
YMR280C	0.0404556299757	YPL061W
YMR280C	0.0116628098206	YJL172W
YMR280C	0.000372962009529	YNL194C
YMR280C	0.0324045249717	YDR361C
YMR280C	0.00118801815596	YHR216W
YMR280C	0.0380905160357	YNR046W
YMR280C	0.0426136016871	YGR183C
YMR280C	0.00410882474603	YLL034C
YMR280C	0.0918250102815	YDR523C
YMR280C	0.039586840707	YOL014W
YMR280C	0.0236328394084	YLR174W
YMR280C	0.104821610371	YJL153C
YMR280C	0.051181276326	YGL229C
YMR280C	0.0408561234403	YJL063C
YOR032C	0.040322712984	YNL037C
YOR032C	0.000978644640434	YLR276C
YOR032C	0.0220404054702	YMR193W
YOR032C	0.0574239628284	YHR051W
YOR032C	0.0552335803892	YPL111W
YOR032C	0.000227158841527	YGL009C
YOR032C	0.023622494883	YPR002W
YOR032C	0.0848546579993	YML123C
YOR032C	0.0601497423692	YHR136C
YOR032C	0.0208658143409	YER158C
YOR032C	0.0764412087402	YJL217W
YOR032C	0.0645104544605	YKR075C
YOR032C	0.0030444262383	YLR258W
YOR032C	0.000314234371363	YDR171W
YOR032C	0.0138111001463	YIL136W
YOR032C	0.0201337810427	YKR056W
YOR032C	0.0450295322453	YAL062W
YOR032C	0.0410150229001	YCR021C
YOR032C	0.0531863128832	YDL110C
YOR032C	0.00642279565242	YGR043C
YOR032C	0.0356292699083	YGR142W
YOR032C	2.4535617245e-11	YHR018C
YOR032C	4.66107830707e-06	YJL088W
YOR032C	1.56078677161e-05	YJR148W
YOR032C	0.0221992349038	YLR009W
YOR032C	0.0342344430895	YLR130C
YOR032C	0.000147852100926	YLR267W
YOR032C	0.0373844953494	YLR327C
YOR032C	5.85701608662e-08	YNL036W
YOR032C	0.0147146364439	YNR053C
YOR032C	0.0296106104624	YOR302W
YOR032C	0.0109807140036	YPL012W
YOR032C	0.0144251558502	YIL037C
YOR032C	0.00544969705678	YKR009C
YOR032C	0.0298828611742	YFR022W
YOR032C	0.00116488894911	YPL265W
YOR032C	0.00928253489649	YOR100C
YOR032C	0.044512170237	YOR348C
YOR032C	0.137844600899	YHL028W
YOR032C	0.0662692171064	YGR067C
YOR032C	0.00968740311816	YLL011W
YOR032C	0.0506347125639	YPL036W
YOR032C	0.0378851078147	YAL054C
YOR032C	0.136499738904	YLR438W
YOR032C	0.00906737691558	YIL155C
YOR032C	0.0304503856977	YBR054W
YOR032C	0.0332670583955	YCL064C
YOR032C	0.0919624683377	YDL160C
YOR032C	0.0390081603619	YDR384C
YOR032C	0.0361471824115	YER067W
YOR032C	0.0199058277585	YER150W
YOR032C	0.00478668939068	YFL014W
YOR032C	3.35872294394e-07	YHR029C
YOR032C	0.0343644899015	YHR087W
YOR032C	0.0113894208176	YLR178C
YOR032C	0.00824330581393	YMR169C
YOR032C	0.000830611924362	YMR229C
YOR032C	0.0463624073181	YNR064C
YOR032C	0.0166538698742	YOR206W
YOR032C	0.0525293993617	YOR388C
YOR032C	0.0102347928545	YDR380W
YOR032C	0.0615094581461	YPL061W
YOR032C	0.0152577810969	YJL172W
YOR032C	0.00359506420419	YNL194C
YOR032C	0.00964068567352	YDR361C
YOR032C	0.000851278707267	YHR216W
YOR032C	0.0326401118607	YNR046W
YOR032C	0.0430801048726	YGR183C
YOR032C	0.00415247550969	YLL034C
YOR032C	0.0419198207779	YDR523C
YOR032C	0.0371480305313	YOL014W
YOR032C	0.0111981557701	YLR174W
YOR032C	0.0756793730644	YJL153C
YOR032C	0.0599747427181	YGL229C
YOR032C	0.0400527815351	YJL063C
