YBL103C	0.103943161371	YNL037C
YBL103C	0.0527199879995	YLR276C
YBL103C	0.312483948176	YMR193W
YBL103C	0.072690957293	YHR051W
YBL103C	0.143583405886	YPL111W
YBL103C	0.74798339486	YGL009C
YBL103C	0.737226406966	YPR002W
YBL103C	0.24431773646	YML123C
YBL103C	0.154537722654	YHR136C
YBL103C	0.034148919303	YER158C
YBL103C	0.102309571227	YJL217W
YBL103C	0.117389402521	YKR075C
YBL103C	0.0582061757709	YLR258W
YBL103C	0.071967445871	YDR171W
YBL103C	0.00818374557319	YIL136W
YBL103C	0.179285201845	YKR056W
YBL103C	0.232484390663	YAL062W
YBL103C	0.201701171633	YCR021C
YBL103C	0.0485347625153	YDL110C
YBL103C	0.0307988692286	YGR043C
YBL103C	0.140710217688	YGR142W
YBL103C	0.14958481824	YHR018C
YBL103C	0.0768657972597	YJL088W
YBL103C	0.207027869903	YJR148W
YBL103C	0.0859398826299	YLR009W
YBL103C	0.0842968393905	YLR130C
YBL103C	0.0953915155016	YLR267W
YBL103C	0.084856346091	YLR327C
YBL103C	0.136748942928	YNL036W
YBL103C	0.113355991295	YNR053C
YBL103C	0.190641976349	YOR302W
YBL103C	0.0758039763199	YPL012W
YBL103C	0.115677729066	YIL037C
YBL103C	0.0506561435541	YKR009C
YBL103C	0.13521882891	YFR022W
YBL103C	0.561447243183	YPL265W
YBL103C	0.0805039946742	YOR100C
YBL103C	0.0564827019863	YOR348C
YBL103C	0.0677576433331	YHL028W
YBL103C	0.121301316035	YGR067C
YBL103C	0.0928229979218	YLL011W
YBL103C	0.183105454785	YPL036W
YBL103C	0.0581422462833	YAL054C
YBL103C	0.0978632049278	YLR438W
YBL103C	0.03662955844	YIL155C
YBL103C	0.0854633831933	YBR054W
YBL103C	0.10843480661	YCL064C
YBL103C	0.126928424991	YDL160C
YBL103C	0.18191050086	YDR384C
YBL103C	0.0635866494754	YER067W
YBL103C	0.0209609880794	YER150W
YBL103C	0.0353024865415	YFL014W
YBL103C	0.0789864981032	YHR029C
YBL103C	0.090183272485	YHR087W
YBL103C	0.0096212754178	YLR178C
YBL103C	0.0406948018437	YMR169C
YBL103C	0.0514451769904	YMR229C
YBL103C	0.250419298037	YNR064C
YBL103C	0.0771592457917	YOR206W
YBL103C	0.184256715011	YOR388C
YBL103C	0.470642393601	YDR380W
YBL103C	0.30376041244	YPL061W
YBL103C	0.191646695816	YJL172W
YBL103C	0.0536796209553	YNL194C
YBL103C	0.0507425731048	YDR361C
YBL103C	0.0679203700684	YHR216W
YBL103C	0.0765077383689	YNR046W
YBL103C	0.0870425951586	YGR183C
YBL103C	0.0550284717703	YLL034C
YBL103C	0.154692280711	YDR523C
YBL103C	0.0759773040983	YOL014W
YBL103C	0.111431877885	YLR174W
YBL103C	0.309396954621	YJL153C
YBL103C	0.102045238856	YGL229C
YBL103C	0.245462615838	YJL063C
YDL170W	0.167984198298	YNL037C
YDL170W	0.0582161640414	YLR276C
YDL170W	0.43665440244	YMR193W
YDL170W	0.0709129111463	YHR051W
YDL170W	0.0840576929556	YPL111W
YDL170W	0.217968963088	YGL009C
YDL170W	0.143528180435	YPR002W
YDL170W	0.188966635685	YML123C
YDL170W	0.198757828445	YHR136C
YDL170W	0.0254728286853	YER158C
YDL170W	0.192606462012	YJL217W
YDL170W	0.12097785149	YKR075C
YDL170W	0.0585802604755	YLR258W
YDL170W	0.0530112343045	YDR171W
YDL170W	0.00602671901754	YIL136W
YDL170W	0.41272369895	YKR056W
YDL170W	0.201704308315	YAL062W
YDL170W	0.255225540739	YCR021C
YDL170W	0.037516710109	YDL110C
YDL170W	0.025269426599	YGR043C
YDL170W	0.0891010571304	YGR142W
YDL170W	0.976956627883	YHR018C
YDL170W	0.796638218363	YJL088W
YDL170W	0.339060085122	YJR148W
YDL170W	0.348049151997	YLR009W
YDL170W	0.0772442968442	YLR130C
YDL170W	0.291049655252	YLR267W
YDL170W	0.0623876123506	YLR327C
YDL170W	0.905516704328	YNL036W
YDL170W	0.249939308211	YNR053C
YDL170W	0.488318686641	YOR302W
YDL170W	0.147313099785	YPL012W
YDL170W	0.698546320312	YIL037C
YDL170W	0.0648985984337	YKR009C
YDL170W	0.273162060104	YFR022W
YDL170W	0.49786601514	YPL265W
YDL170W	0.243844381357	YOR100C
YDL170W	0.0901444598707	YOR348C
YDL170W	0.0738575568746	YHL028W
YDL170W	0.214698122698	YGR067C
YDL170W	0.166520029421	YLL011W
YDL170W	0.183716681359	YPL036W
YDL170W	0.149170385736	YAL054C
YDL170W	0.121627890752	YLR438W
YDL170W	0.0328606751664	YIL155C
YDL170W	0.0893226716098	YBR054W
YDL170W	0.0890802634495	YCL064C
YDL170W	0.130996309565	YDL160C
YDL170W	0.172755113179	YDR384C
YDL170W	0.0932205594824	YER067W
YDL170W	0.0185152651836	YER150W
YDL170W	0.0119040220599	YFL014W
YDL170W	0.57441207979	YHR029C
YDL170W	0.0488433450898	YHR087W
YDL170W	0.00917040096108	YLR178C
YDL170W	0.0375803791951	YMR169C
YDL170W	0.0783129926709	YMR229C
YDL170W	0.21721650183	YNR064C
YDL170W	0.213119061459	YOR206W
YDL170W	0.11569757819	YOR388C
YDL170W	0.263176066139	YDR380W
YDL170W	0.26094042769	YPL061W
YDL170W	0.380232643398	YJL172W
YDL170W	0.0560628610418	YNL194C
YDL170W	0.0587401754507	YDR361C
YDL170W	0.0858635674785	YHR216W
YDL170W	0.218478262306	YNR046W
YDL170W	0.0706174816147	YGR183C
YDL170W	0.0857184961595	YLL034C
YDL170W	0.0951581018065	YDR523C
YDL170W	0.145460121113	YOL014W
YDL170W	0.0687228484603	YLR174W
YDL170W	0.246850004722	YJL153C
YDL170W	0.276415474511	YGL229C
YDL170W	0.50498206118	YJL063C
YDR043C	0.638532830246	YNL037C
YDR043C	0.986694691922	YLR276C
YDR043C	0.077327584186	YMR193W
YDR043C	0.329038798678	YHR051W
YDR043C	0.160704295773	YPL111W
YDR043C	0.311447625277	YGL009C
YDR043C	0.0567694850237	YPR002W
YDR043C	0.0835138011598	YML123C
YDR043C	0.0626404578853	YHR136C
YDR043C	0.984309271274	YER158C
YDR043C	0.110953763588	YJL217W
YDR043C	0.217442113315	YKR075C
YDR043C	0.243908004229	YLR258W
YDR043C	0.998499091349	YDR171W
YDR043C	0.943578555364	YIL136W
YDR043C	0.369293730663	YKR056W
YDR043C	0.209971230881	YAL062W
YDR043C	0.108120713247	YCR021C
YDR043C	0.863433929057	YDL110C
YDR043C	0.987456393539	YGR043C
YDR043C	0.0726128269284	YGR142W
YDR043C	0.0438560915347	YHR018C
YDR043C	0.0655435949759	YJL088W
YDR043C	0.0323113823471	YJR148W
YDR043C	0.638748166219	YLR009W
YDR043C	0.0753439811918	YLR130C
YDR043C	0.0191385553042	YLR267W
YDR043C	0.851433047869	YLR327C
YDR043C	0.0780879358351	YNL036W
YDR043C	0.725780079278	YNR053C
YDR043C	0.087285995486	YOR302W
YDR043C	0.905987025554	YPL012W
YDR043C	0.0741934309962	YIL037C
YDR043C	0.951765264566	YKR009C
YDR043C	0.623015751624	YFR022W
YDR043C	0.111053418078	YPL265W
YDR043C	0.561219701458	YOR100C
YDR043C	0.885344572833	YOR348C
YDR043C	0.579098927826	YHL028W
YDR043C	0.246453703315	YGR067C
YDR043C	0.854829896953	YLL011W
YDR043C	0.10275496268	YPL036W
YDR043C	0.648952205875	YAL054C
YDR043C	0.223068149911	YLR438W
YDR043C	0.981301973268	YIL155C
YDR043C	0.588218049936	YBR054W
YDR043C	0.0517694166118	YCL064C
YDR043C	0.343326747109	YDL160C
YDR043C	0.44394099274	YDR384C
YDR043C	0.568872283988	YER067W
YDR043C	0.692310685093	YER150W
YDR043C	0.0203855245336	YFL014W
YDR043C	0.033897147988	YHR029C
YDR043C	0.809767789829	YHR087W
YDR043C	0.943931985803	YLR178C
YDR043C	0.982458642886	YMR169C
YDR043C	0.991998350621	YMR229C
YDR043C	0.0845035506015	YNR064C
YDR043C	0.78309073831	YOR206W
YDR043C	0.353431714092	YOR388C
YDR043C	0.0963515086715	YDR380W
YDR043C	0.0828595577743	YPL061W
YDR043C	0.289448817483	YJL172W
YDR043C	0.995828230832	YNL194C
YDR043C	0.927007136124	YDR361C
YDR043C	0.992418443376	YHR216W
YDR043C	0.50633231339	YNR046W
YDR043C	0.749774065588	YGR183C
YDR043C	0.970477516798	YLL034C
YDR043C	0.409453883609	YDR523C
YDR043C	0.563758411917	YOL014W
YDR043C	0.936771499616	YLR174W
YDR043C	0.146422622321	YJL153C
YDR043C	0.115052516526	YGL229C
YDR043C	0.170281834153	YJL063C
YDR216W	0.0228729816679	YNL037C
YDR216W	0.0623324123813	YLR276C
YDR216W	0.0633729298665	YMR193W
YDR216W	0.130547271758	YHR051W
YDR216W	0.0827174608281	YPL111W
YDR216W	0.0356215769628	YGL009C
YDR216W	0.0444167933007	YPR002W
YDR216W	0.0740893094461	YML123C
YDR216W	0.104429714272	YHR136C
YDR216W	0.0494550290033	YER158C
YDR216W	0.106327071883	YJL217W
YDR216W	0.0888406821496	YKR075C
YDR216W	0.0734809919954	YLR258W
YDR216W	0.0651077494204	YDR171W
YDR216W	0.0402954299998	YIL136W
YDR216W	0.0801843629351	YKR056W
YDR216W	0.0511004097463	YAL062W
YDR216W	0.0550428501984	YCR021C
YDR216W	0.168565225428	YDL110C
YDR216W	0.314424374686	YGR043C
YDR216W	0.394838296663	YGR142W
YDR216W	0.0204925637338	YHR018C
YDR216W	0.0417322434013	YJL088W
YDR216W	0.0430563840051	YJR148W
YDR216W	0.0540635243797	YLR009W
YDR216W	0.177925740602	YLR130C
YDR216W	0.0160533188086	YLR267W
YDR216W	0.26220013124	YLR327C
YDR216W	0.0404579893043	YNL036W
YDR216W	0.0713967451243	YNR053C
YDR216W	0.112019837916	YOR302W
YDR216W	0.0782260563603	YPL012W
YDR216W	0.168610685186	YIL037C
YDR216W	0.139637098729	YKR009C
YDR216W	0.0560394748849	YFR022W
YDR216W	0.0402419775354	YPL265W
YDR216W	0.102858175479	YOR100C
YDR216W	0.146793078943	YOR348C
YDR216W	0.0516088785191	YHL028W
YDR216W	0.203336061703	YGR067C
YDR216W	0.059504013187	YLL011W
YDR216W	0.0740454785895	YPL036W
YDR216W	0.0800071367574	YAL054C
YDR216W	0.126862683919	YLR438W
YDR216W	0.106622037429	YIL155C
YDR216W	0.125322283127	YBR054W
YDR216W	0.057120426914	YCL064C
YDR216W	0.0915555754796	YDL160C
YDR216W	0.0638691960321	YDR384C
YDR216W	0.0477676000277	YER067W
YDR216W	0.17046887541	YER150W
YDR216W	0.877959886756	YFL014W
YDR216W	0.0329821389858	YHR029C
YDR216W	0.126454433223	YHR087W
YDR216W	0.028992120551	YLR178C
YDR216W	0.0773054778431	YMR169C
YDR216W	0.0700284019645	YMR229C
YDR216W	0.172004655078	YNR064C
YDR216W	0.080881537446	YOR206W
YDR216W	0.133991063592	YOR388C
YDR216W	0.0592416112321	YDR380W
YDR216W	0.150615128477	YPL061W
YDR216W	0.0617852582596	YJL172W
YDR216W	0.0587464925607	YNL194C
YDR216W	0.0789578711931	YDR361C
YDR216W	0.0758026932311	YHR216W
YDR216W	0.0470902623029	YNR046W
YDR216W	0.0797655374695	YGR183C
YDR216W	0.0548479300877	YLL034C
YDR216W	0.0691615737722	YDR523C
YDR216W	0.180121333264	YOL014W
YDR216W	0.0564444933312	YLR174W
YDR216W	0.0865355505537	YJL153C
YDR216W	0.0844656233094	YGL229C
YDR216W	0.0925874977674	YJL063C
YER040W	0.128363236015	YNL037C
YER040W	0.0746772116638	YLR276C
YER040W	0.233013761838	YMR193W
YER040W	0.0770876640514	YHR051W
YER040W	0.0853872298762	YPL111W
YER040W	0.298039696139	YGL009C
YER040W	0.16725541169	YPR002W
YER040W	0.150944483538	YML123C
YER040W	0.14057717727	YHR136C
YER040W	0.022794437894	YER158C
YER040W	0.225347976732	YJL217W
YER040W	0.133556864913	YKR075C
YER040W	0.067717941672	YLR258W
YER040W	0.078564274518	YDR171W
YER040W	0.00619559500086	YIL136W
YER040W	0.241235929765	YKR056W
YER040W	0.281418348216	YAL062W
YER040W	0.172369327305	YCR021C
YER040W	0.0372914064354	YDL110C
YER040W	0.0277200500135	YGR043C
YER040W	0.0712960415961	YGR142W
YER040W	0.447935490696	YHR018C
YER040W	0.421660040737	YJL088W
YER040W	0.760804260549	YJR148W
YER040W	0.241095924379	YLR009W
YER040W	0.0797202198299	YLR130C
YER040W	0.684568496714	YLR267W
YER040W	0.0539884963369	YLR327C
YER040W	0.336924465434	YNL036W
YER040W	0.138348050237	YNR053C
YER040W	0.264335728198	YOR302W
YER040W	0.0822485650167	YPL012W
YER040W	0.206806877173	YIL037C
YER040W	0.0858456636519	YKR009C
YER040W	0.125122451246	YFR022W
YER040W	0.257535488259	YPL265W
YER040W	0.663359576908	YOR100C
YER040W	0.0840989590185	YOR348C
YER040W	0.0508575380276	YHL028W
YER040W	0.214837527915	YGR067C
YER040W	0.125102192091	YLL011W
YER040W	0.142609475569	YPL036W
YER040W	0.210239080078	YAL054C
YER040W	0.114662262735	YLR438W
YER040W	0.0407778163154	YIL155C
YER040W	0.088330988855	YBR054W
YER040W	0.0747526287193	YCL064C
YER040W	0.145395854389	YDL160C
YER040W	0.212508541424	YDR384C
YER040W	0.0957658185138	YER067W
YER040W	0.0215653865025	YER150W
YER040W	0.0105809292159	YFL014W
YER040W	0.665355042187	YHR029C
YER040W	0.0467834167228	YHR087W
YER040W	0.0117382359629	YLR178C
YER040W	0.0526138297906	YMR169C
YER040W	0.0939261736775	YMR229C
YER040W	0.245634776265	YNR064C
YER040W	0.114194828411	YOR206W
YER040W	0.124313576222	YOR388C
YER040W	0.22480379661	YDR380W
YER040W	0.27566162683	YPL061W
YER040W	0.358309165593	YJL172W
YER040W	0.104629877769	YNL194C
YER040W	0.0625216920136	YDR361C
YER040W	0.080628058944	YHR216W
YER040W	0.380379569662	YNR046W
YER040W	0.0592885593805	YGR183C
YER040W	0.111657167059	YLL034C
YER040W	0.0863224400156	YDR523C
YER040W	0.18504067715	YOL014W
YER040W	0.0708785307803	YLR174W
YER040W	0.186919944483	YJL153C
YER040W	0.203605639003	YGL229C
YER040W	0.194686877793	YJL063C
YGL254W	0.153577459274	YNL037C
YGL254W	0.0818788462474	YLR276C
YGL254W	0.0785120099941	YMR193W
YGL254W	0.174083619281	YHR051W
YGL254W	0.0576834669261	YPL111W
YGL254W	0.0674560342823	YGL009C
YGL254W	0.0425134736074	YPR002W
YGL254W	0.061534794745	YML123C
YGL254W	0.0496066880498	YHR136C
YGL254W	0.0170907767252	YER158C
YGL254W	0.100744671267	YJL217W
YGL254W	0.0952591353059	YKR075C
YGL254W	0.0420652238452	YLR258W
YGL254W	0.0401869202556	YDR171W
YGL254W	0.00453668050942	YIL136W
YGL254W	0.047264093409	YKR056W
YGL254W	0.248704461873	YAL062W
YGL254W	0.0498077240807	YCR021C
YGL254W	0.0280678270176	YDL110C
YGL254W	0.0158951306075	YGR043C
YGL254W	0.0925237226768	YGR142W
YGL254W	0.0238769746508	YHR018C
YGL254W	0.0392054318004	YJL088W
YGL254W	0.0326334378852	YJR148W
YGL254W	0.0461062297444	YLR009W
YGL254W	0.654851178453	YLR130C
YGL254W	0.0134446710471	YLR267W
YGL254W	0.0400762932212	YLR327C
YGL254W	0.0324411999333	YNL036W
YGL254W	0.0687472618769	YNR053C
YGL254W	0.0720568956684	YOR302W
YGL254W	0.0470514856248	YPL012W
YGL254W	0.077824941984	YIL037C
YGL254W	0.0501730517409	YKR009C
YGL254W	0.0492273107294	YFR022W
YGL254W	0.040764077013	YPL265W
YGL254W	0.0169576459664	YOR100C
YGL254W	0.0439517694036	YOR348C
YGL254W	0.0366586418304	YHL028W
YGL254W	0.0339792804969	YGR067C
YGL254W	0.0472107418818	YLL011W
YGL254W	0.058900470578	YPL036W
YGL254W	0.0295225910096	YAL054C
YGL254W	0.0564877431905	YLR438W
YGL254W	0.0243677820837	YIL155C
YGL254W	0.041061215214	YBR054W
YGL254W	0.905966485615	YCL064C
YGL254W	0.0933762708166	YDL160C
YGL254W	0.0471447889706	YDR384C
YGL254W	0.0360109750502	YER067W
YGL254W	0.0161413024977	YER150W
YGL254W	0.0117010927469	YFL014W
YGL254W	0.0307034319406	YHR029C
YGL254W	0.0284647374572	YHR087W
YGL254W	0.00512017986198	YLR178C
YGL254W	0.0290833690611	YMR169C
YGL254W	0.0363699732671	YMR229C
YGL254W	0.0588942277563	YNR064C
YGL254W	0.0645492005177	YOR206W
YGL254W	0.0468833004173	YOR388C
YGL254W	0.0587348278239	YDR380W
YGL254W	0.0587329919767	YPL061W
YGL254W	0.0643050563362	YJL172W
YGL254W	0.0332514756622	YNL194C
YGL254W	0.126130785288	YDR361C
YGL254W	0.0765093463738	YHR216W
YGL254W	0.0411874356639	YNR046W
YGL254W	0.0547977484459	YGR183C
YGL254W	0.0469925056609	YLL034C
YGL254W	0.0691971237598	YDR523C
YGL254W	0.0560724677387	YOL014W
YGL254W	0.0386015352781	YLR174W
YGL254W	0.0812398924004	YJL153C
YGL254W	0.070141529845	YGL229C
YGL254W	0.0487383099969	YJL063C
YJR094C	0.0475008843858	YNL037C
YJR094C	0.0881410234755	YLR276C
YJR094C	0.142823800727	YMR193W
YJR094C	0.11228371315	YHR051W
YJR094C	0.500007371823	YPL111W
YJR094C	0.0455356562808	YGL009C
YJR094C	0.0760617000051	YPR002W
YJR094C	0.161578820341	YML123C
YJR094C	0.351724542839	YHR136C
YJR094C	0.0357097428231	YER158C
YJR094C	0.226192877399	YJL217W
YJR094C	0.211547087157	YKR075C
YJR094C	0.0703985869948	YLR258W
YJR094C	0.0857329240353	YDR171W
YJR094C	0.00724315624646	YIL136W
YJR094C	0.0907317908968	YKR056W
YJR094C	0.113246722351	YAL062W
YJR094C	0.118362415618	YCR021C
YJR094C	0.0488580034515	YDL110C
YJR094C	0.0263704831889	YGR043C
YJR094C	0.150799229391	YGR142W
YJR094C	0.0409645522177	YHR018C
YJR094C	0.0951533005209	YJL088W
YJR094C	0.244441554833	YJR148W
YJR094C	0.0642034684289	YLR009W
YJR094C	0.210224673045	YLR130C
YJR094C	0.65011642005	YLR267W
YJR094C	0.0997859229868	YLR327C
YJR094C	0.0928728165189	YNL036W
YJR094C	0.0852580866729	YNR053C
YJR094C	0.130661634566	YOR302W
YJR094C	0.0737035671087	YPL012W
YJR094C	0.10022780205	YIL037C
YJR094C	0.0713208705726	YKR009C
YJR094C	0.0924271333186	YFR022W
YJR094C	0.0624469884197	YPL265W
YJR094C	0.0365359800995	YOR100C
YJR094C	0.0732751444962	YOR348C
YJR094C	0.212967950474	YHL028W
YJR094C	0.0961320502857	YGR067C
YJR094C	0.119873459768	YLL011W
YJR094C	0.103259456131	YPL036W
YJR094C	0.057801883695	YAL054C
YJR094C	0.166671097119	YLR438W
YJR094C	0.0421505771596	YIL155C
YJR094C	0.1074269195	YBR054W
YJR094C	0.122333909091	YCL064C
YJR094C	0.186590990542	YDL160C
YJR094C	0.245408426071	YDR384C
YJR094C	0.0868612051255	YER067W
YJR094C	0.0245261553025	YER150W
YJR094C	0.0164784690113	YFL014W
YJR094C	0.152150601215	YHR029C
YJR094C	0.0560874247661	YHR087W
YJR094C	0.0109296841632	YLR178C
YJR094C	0.10295802779	YMR169C
YJR094C	0.0631332589547	YMR229C
YJR094C	0.152867302513	YNR064C
YJR094C	0.0774049436378	YOR206W
YJR094C	0.125887485602	YOR388C
YJR094C	0.239969708883	YDR380W
YJR094C	0.127664377375	YPL061W
YJR094C	0.216595845828	YJL172W
YJR094C	0.0392262822872	YNL194C
YJR094C	0.0938351522104	YDR361C
YJR094C	0.0888663386758	YHR216W
YJR094C	0.0912971952561	YNR046W
YJR094C	0.0938776353972	YGR183C
YJR094C	0.0722181939202	YLL034C
YJR094C	0.20164652393	YDR523C
YJR094C	0.140884282776	YOL014W
YJR094C	0.0566034043575	YLR174W
YJR094C	0.126892905521	YJL153C
YJR094C	0.139148934534	YGL229C
YJR094C	0.115643682363	YJL063C
YKL062W	0.276373023198	YNL037C
YKL062W	0.122380941463	YLR276C
YKL062W	0.0722011730692	YMR193W
YKL062W	0.326961797172	YHR051W
YKL062W	0.236268210169	YPL111W
YKL062W	0.0328684479015	YGL009C
YKL062W	0.246756087768	YPR002W
YKL062W	0.0896844036384	YML123C
YKL062W	0.0799144043253	YHR136C
YKL062W	0.399309231696	YER158C
YKL062W	0.0859477257867	YJL217W
YKL062W	0.108622623242	YKR075C
YKL062W	0.989010907905	YLR258W
YKL062W	0.183326963114	YDR171W
YKL062W	0.928008334999	YIL136W
YKL062W	0.0739516717449	YKR056W
YKL062W	0.0511681418857	YAL062W
YKL062W	0.106417449196	YCR021C
YKL062W	0.37885736686	YDL110C
YKL062W	0.277670169782	YGR043C
YKL062W	0.425474338621	YGR142W
YKL062W	0.0187996147397	YHR018C
YKL062W	0.0572365528957	YJL088W
YKL062W	0.0613404213672	YJR148W
YKL062W	0.0814088945342	YLR009W
YKL062W	0.0865226844013	YLR130C
YKL062W	0.0142272249569	YLR267W
YKL062W	0.129119657148	YLR327C
YKL062W	0.0375593062425	YNL036W
YKL062W	0.0581774502136	YNR053C
YKL062W	0.0660995993658	YOR302W
YKL062W	0.142233001181	YPL012W
YKL062W	0.0576981377888	YIL037C
YKL062W	0.0698647558524	YKR009C
YKL062W	0.057561598668	YFR022W
YKL062W	0.0495691429745	YPL265W
YKL062W	0.0431455161096	YOR100C
YKL062W	0.0644199350699	YOR348C
YKL062W	0.398925837551	YHL028W
YKL062W	0.229725547776	YGR067C
YKL062W	0.06674964711	YLL011W
YKL062W	0.506714912177	YPL036W
YKL062W	0.358481702157	YAL054C
YKL062W	0.0562252635902	YLR438W
YKL062W	0.250439243167	YIL155C
YKL062W	0.402336590358	YBR054W
YKL062W	0.0704453235488	YCL064C
YKL062W	0.0628496340117	YDL160C
YKL062W	0.0548610900188	YDR384C
YKL062W	0.636973522172	YER067W
YKL062W	0.856887943628	YER150W
YKL062W	0.907915040054	YFL014W
YKL062W	0.0365916339093	YHR029C
YKL062W	0.426640615739	YHR087W
YKL062W	0.911893636901	YLR178C
YKL062W	0.239752264967	YMR169C
YKL062W	0.240702714682	YMR229C
YKL062W	0.080516870731	YNR064C
YKL062W	0.120840333284	YOR206W
YKL062W	0.0983998090508	YOR388C
YKL062W	0.0472089919356	YDR380W
YKL062W	0.0672732224761	YPL061W
YKL062W	0.0418109907283	YJL172W
YKL062W	0.192580650863	YNL194C
YKL062W	0.115661446211	YDR361C
YKL062W	0.0539451573684	YHR216W
YKL062W	0.218092190902	YNR046W
YKL062W	0.23939697636	YGR183C
YKL062W	0.184293276646	YLL034C
YKL062W	0.0613346424775	YDR523C
YKL062W	0.0591910838548	YOL014W
YKL062W	0.0817608869715	YLR174W
YKL062W	0.062685141985	YJL153C
YKL062W	0.281904164119	YGL229C
YKL062W	0.0560770050495	YJL063C
YMR280C	0.0972571264155	YNL037C
YMR280C	0.136647528728	YLR276C
YMR280C	0.0621467492845	YMR193W
YMR280C	0.122846268739	YHR051W
YMR280C	0.0732856667873	YPL111W
YMR280C	0.0336121019975	YGL009C
YMR280C	0.0409413331046	YPR002W
YMR280C	0.0767108106391	YML123C
YMR280C	0.080463005455	YHR136C
YMR280C	0.0226371323125	YER158C
YMR280C	0.0688103897266	YJL217W
YMR280C	0.154812993045	YKR075C
YMR280C	0.0603675806423	YLR258W
YMR280C	0.0666835469485	YDR171W
YMR280C	0.0123732660371	YIL136W
YMR280C	0.0861258774336	YKR056W
YMR280C	0.0798601851044	YAL062W
YMR280C	0.0466878332251	YCR021C
YMR280C	0.072725008376	YDL110C
YMR280C	0.0232428491581	YGR043C
YMR280C	0.0565543011987	YGR142W
YMR280C	0.0207658552848	YHR018C
YMR280C	0.0404353363459	YJL088W
YMR280C	0.0354322666305	YJR148W
YMR280C	0.0983356320154	YLR009W
YMR280C	0.058233110203	YLR130C
YMR280C	0.0145099791591	YLR267W
YMR280C	0.0571313313378	YLR327C
YMR280C	0.0331932725932	YNL036W
YMR280C	0.0706292353968	YNR053C
YMR280C	0.0635417535921	YOR302W
YMR280C	0.0668466172973	YPL012W
YMR280C	0.0491644267934	YIL037C
YMR280C	0.108591298071	YKR009C
YMR280C	0.142333816774	YFR022W
YMR280C	0.0889435554588	YPL265W
YMR280C	0.050916095653	YOR100C
YMR280C	0.0787985121519	YOR348C
YMR280C	0.0452515122903	YHL028W
YMR280C	0.0589507355415	YGR067C
YMR280C	0.0845141122354	YLL011W
YMR280C	0.0833924776383	YPL036W
YMR280C	0.0526665266295	YAL054C
YMR280C	0.160709456066	YLR438W
YMR280C	0.079617352139	YIL155C
YMR280C	0.0580445313382	YBR054W
YMR280C	0.0478126271047	YCL064C
YMR280C	0.0582323657088	YDL160C
YMR280C	0.189664841764	YDR384C
YMR280C	0.0379603479264	YER067W
YMR280C	0.0229361402602	YER150W
YMR280C	0.00962224162028	YFL014W
YMR280C	0.039903592681	YHR029C
YMR280C	0.0403093611683	YHR087W
YMR280C	0.0145816751215	YLR178C
YMR280C	0.0341821647571	YMR169C
YMR280C	0.0525784078862	YMR229C
YMR280C	0.103358300736	YNR064C
YMR280C	0.0846646168837	YOR206W
YMR280C	0.11480261301	YOR388C
YMR280C	0.0407382891553	YDR380W
YMR280C	0.0696386211442	YPL061W
YMR280C	0.0495285828103	YJL172W
YMR280C	0.0320623743135	YNL194C
YMR280C	0.139184223019	YDR361C
YMR280C	0.0570007734913	YHR216W
YMR280C	0.0839050016725	YNR046W
YMR280C	0.0938804121864	YGR183C
YMR280C	0.0653154252942	YLL034C
YMR280C	0.148785333726	YDR523C
YMR280C	0.0799325383433	YOL014W
YMR280C	0.165444706562	YLR174W
YMR280C	0.181113728013	YJL153C
YMR280C	0.0618422365773	YGL229C
YMR280C	0.0826241226454	YJL063C
YOR032C	0.0903801463711	YNL037C
YOR032C	0.0641132789112	YLR276C
YOR032C	0.0645165673817	YMR193W
YOR032C	0.0867746766857	YHR051W
YOR032C	0.0898470618523	YPL111W
YOR032C	0.0309301677859	YGL009C
YOR032C	0.0620457102191	YPR002W
YOR032C	0.0992831234991	YML123C
YOR032C	0.0907464399309	YHR136C
YOR032C	0.283267303775	YER158C
YOR032C	0.135013981764	YJL217W
YOR032C	0.0826184077488	YKR075C
YOR032C	0.0589276793918	YLR258W
YOR032C	0.0692332908554	YDR171W
YOR032C	0.0193608341073	YIL136W
YOR032C	0.0602799684026	YKR056W
YOR032C	0.0508501391769	YAL062W
YOR032C	0.0618947708905	YCR021C
YOR032C	0.133769118772	YDL110C
YOR032C	0.166492149335	YGR043C
YOR032C	0.0688980509363	YGR142W
YOR032C	0.0194916684798	YHR018C
YOR032C	0.055401367174	YJL088W
YOR032C	0.0389449605503	YJR148W
YOR032C	0.0765893412991	YLR009W
YOR032C	0.0639241692569	YLR130C
YOR032C	0.0225842906858	YLR267W
YOR032C	0.0964044556663	YLR327C
YOR032C	0.0339291984498	YNL036W
YOR032C	0.0550629242385	YNR053C
YOR032C	0.0745406249458	YOR302W
YOR032C	0.0742024859129	YPL012W
YOR032C	0.08024704697	YIL037C
YOR032C	0.0653372833833	YKR009C
YOR032C	0.0737142682606	YFR022W
YOR032C	0.0439428151603	YPL265W
YOR032C	0.0883062566924	YOR100C
YOR032C	0.13219604982	YOR348C
YOR032C	0.207323503596	YHL028W
YOR032C	0.109123601064	YGR067C
YOR032C	0.054531735902	YLL011W
YOR032C	0.0782281131248	YPL036W
YOR032C	0.0949797866464	YAL054C
YOR032C	0.248127569985	YLR438W
YOR032C	0.168932454661	YIL155C
YOR032C	0.0714912378961	YBR054W
YOR032C	0.177419219227	YCL064C
YOR032C	0.150288014348	YDL160C
YOR032C	0.031883431975	YDR384C
YOR032C	0.07134483024	YER067W
YOR032C	0.0489730788258	YER150W
YOR032C	0.0218814843843	YFL014W
YOR032C	0.0339884597624	YHR029C
YOR032C	0.0776479706811	YHR087W
YOR032C	0.0212271146577	YLR178C
YOR032C	0.17316430324	YMR169C
YOR032C	0.0688683170125	YMR229C
YOR032C	0.0644437786183	YNR064C
YOR032C	0.0630634719688	YOR206W
YOR032C	0.0563385730462	YOR388C
YOR032C	0.0405068094264	YDR380W
YOR032C	0.128443262719	YPL061W
YOR032C	0.0635609656642	YJL172W
YOR032C	0.175917324912	YNL194C
YOR032C	0.0796884643809	YDR361C
YOR032C	0.0631026842236	YHR216W
YOR032C	0.0744055152341	YNR046W
YOR032C	0.0978624981934	YGR183C
YOR032C	0.0749981482856	YLL034C
YOR032C	0.0626236709943	YDR523C
YOR032C	0.0688546813382	YOL014W
YOR032C	0.127014268147	YLR174W
YOR032C	0.116981351267	YJL153C
YOR032C	0.0927781080783	YGL229C
YOR032C	0.0832438326179	YJL063C
