YBL103C	0.361173622145	YMR193W
YBL103C	0.935725081441	YGL009C
YBL103C	0.891182943364	YPR002W
YBL103C	0.199224165003	YML123C
YBL103C	0.137855363761	YHR136C
YBL103C	0.0935736584072	YDR171W
YBL103C	0.189472179572	YAL062W
YBL103C	0.182657853447	YCR021C
YBL103C	0.0338895247157	YGR043C
YBL103C	0.147901142746	YHR018C
YBL103C	0.0722518573068	YJL088W
YBL103C	0.212829104501	YJR148W
YBL103C	0.0841050522879	YLR009W
YBL103C	0.104222156019	YLR327C
YBL103C	0.140407474399	YNL036W
YBL103C	0.121195088277	YNR053C
YBL103C	0.130796992058	YOR302W
YBL103C	0.133238735786	YFR022W
YBL103C	0.695293727335	YPL265W
YBL103C	0.106016064105	YLL011W
YBL103C	0.177589714806	YPL036W
YBL103C	0.133523827859	YCL064C
YBL103C	0.189571343259	YDR384C
YBL103C	0.0366136633448	YFL014W
YBL103C	0.104215391214	YHR087W
YBL103C	0.219114825818	YNR064C
YBL103C	0.151745340726	YOR388C
YBL103C	0.523190172747	YDR380W
YBL103C	0.388134551799	YPL061W
YBL103C	0.101186532735	YGR183C
YBL103C	0.130400239264	YLR174W
YBL103C	0.271820470951	YJL153C
YBL103C	0.181075390828	YJL063C
YDL170W	0.105522471382	YNL037C
YDL170W	0.574767351546	YMR193W
YDL170W	0.144408275857	YGL009C
YDL170W	0.148628537823	YPR002W
YDL170W	0.155760765871	YML123C
YDL170W	0.186894246852	YHR136C
YDL170W	0.161283900688	YJL217W
YDL170W	0.491867348622	YKR056W
YDL170W	0.254970880103	YCR021C
YDL170W	1.0	YHR018C
YDL170W	0.875316045732	YJL088W
YDL170W	0.275117801029	YJR148W
YDL170W	0.369549239127	YLR009W
YDL170W	0.308164919699	YLR267W
YDL170W	1.0	YNL036W
YDL170W	0.196500044619	YNR053C
YDL170W	0.555329387245	YOR302W
YDL170W	0.152673708254	YPL012W
YDL170W	0.888253425472	YIL037C
YDL170W	0.344820501556	YFR022W
YDL170W	0.585617152571	YPL265W
YDL170W	0.158465747228	YOR100C
YDL170W	0.132733991286	YOR348C
YDL170W	0.175379526712	YGR067C
YDL170W	0.163334410124	YLL011W
YDL170W	0.137545918234	YPL036W
YDL170W	0.110789491907	YCL064C
YDL170W	0.232330866955	YDR384C
YDL170W	0.0819370875325	YER067W
YDL170W	0.611402763244	YHR029C
YDL170W	0.0968639084926	YMR229C
YDL170W	0.179696756833	YNR064C
YDL170W	0.175990362755	YOR206W
YDL170W	0.304182477724	YDR380W
YDL170W	0.225651401067	YPL061W
YDL170W	0.449428858733	YJL172W
YDL170W	0.111639209424	YHR216W
YDL170W	0.153887745787	YNR046W
YDL170W	0.101173526658	YLL034C
YDL170W	0.202791098686	YJL153C
YDL170W	0.343081004091	YGL229C
YDL170W	0.70995840226	YJL063C
YDR043C	1.0	YNL037C
YDR043C	1.0	YLR276C
YDR043C	0.414324257377	YHR051W
YDR043C	0.187142959454	YPL111W
YDR043C	0.414050341622	YGL009C
YDR043C	1.0	YER158C
YDR043C	0.19112637285	YKR075C
YDR043C	0.306995453666	YLR258W
YDR043C	1.0	YDR171W
YDR043C	0.970789702699	YIL136W
YDR043C	0.545015945783	YKR056W
YDR043C	0.171862590399	YAL062W
YDR043C	0.107997402011	YCR021C
YDR043C	1.0	YDL110C
YDR043C	1.0	YGR043C
YDR043C	0.0451327997663	YHR018C
YDR043C	0.897469534387	YLR009W
YDR043C	1.0	YLR327C
YDR043C	0.0821735695319	YNL036W
YDR043C	1.0	YNR053C
YDR043C	1.0	YPL012W
YDR043C	1.0	YKR009C
YDR043C	0.898317244344	YFR022W
YDR043C	0.0913298244249	YPL265W
YDR043C	0.714616826773	YOR100C
YDR043C	1.0	YOR348C
YDR043C	0.722286025345	YHL028W
YDR043C	0.242086673007	YGR067C
YDR043C	1.0	YLL011W
YDR043C	0.886195835184	YAL054C
YDR043C	0.192838314224	YLR438W
YDR043C	1.0	YIL155C
YDR043C	0.855549335707	YBR054W
YDR043C	0.319901802017	YDL160C
YDR043C	1.0	YDR384C
YDR043C	0.649899966001	YER067W
YDR043C	0.786746763638	YER150W
YDR043C	1.0	YHR087W
YDR043C	0.985263856065	YLR178C
YDR043C	1.0	YMR169C
YDR043C	1.0	YMR229C
YDR043C	1.0	YOR206W
YDR043C	0.295725588952	YOR388C
YDR043C	0.359982548916	YJL172W
YDR043C	1.0	YNL194C
YDR043C	1.0	YDR361C
YDR043C	1.0	YHR216W
YDR043C	0.676916673856	YNR046W
YDR043C	1.0	YGR183C
YDR043C	1.0	YLL034C
YDR043C	0.508214185656	YDR523C
YDR043C	0.777913008366	YOL014W
YDR043C	1.0	YLR174W
YDR043C	0.217660066551	YJL063C
YDR216W	0.0525390620272	YER158C
YDR216W	0.092083905745	YLR258W
YDR216W	0.0401140101463	YIL136W
YDR216W	0.169899612421	YDL110C
YDR216W	0.342287911513	YGR043C
YDR216W	0.482744017043	YGR142W
YDR216W	0.146678129895	YLR130C
YDR216W	0.288657973018	YLR327C
YDR216W	0.101374685488	YPL012W
YDR216W	0.169835184357	YIL037C
YDR216W	0.189263019984	YKR009C
YDR216W	0.0980051453685	YOR100C
YDR216W	0.174639946552	YOR348C
YDR216W	0.137058319006	YLR438W
YDR216W	0.126338605521	YIL155C
YDR216W	0.0954719294786	YBR054W
YDR216W	0.177653600031	YER150W
YDR216W	0.927230422682	YFL014W
YDR216W	0.114048907483	YHR087W
YDR216W	0.0201228909482	YLR178C
YDR216W	0.0919952733888	YMR169C
YDR216W	0.0885373516736	YMR229C
YDR216W	0.159004168144	YNR064C
YDR216W	0.135848928034	YOR388C
YDR216W	0.121634038703	YPL061W
YDR216W	0.073878569036	YNL194C
YDR216W	0.0864933389178	YGR183C
YDR216W	0.23596062539	YOL014W
YER040W	0.0939442161053	YNL037C
YER040W	0.17242528962	YMR193W
YER040W	0.288754075928	YGL009C
YER040W	0.203865464893	YPR002W
YER040W	0.125663707432	YHR136C
YER040W	0.191273175161	YJL217W
YER040W	0.0861037445151	YLR258W
YER040W	0.101827261153	YDR171W
YER040W	0.275682597418	YKR056W
YER040W	0.407990376459	YAL062W
YER040W	0.156632422526	YCR021C
YER040W	0.458606847344	YHR018C
YER040W	0.432361021359	YJL088W
YER040W	0.89306853856	YJR148W
YER040W	0.230250122187	YLR009W
YER040W	0.0850835492775	YLR130C
YER040W	0.740235784035	YLR267W
YER040W	0.303107230007	YNL036W
YER040W	0.119878604454	YNR053C
YER040W	0.325164970374	YOR302W
YER040W	0.224460393431	YIL037C
YER040W	0.107778790524	YKR009C
YER040W	0.0987410622266	YFR022W
YER040W	0.200324433475	YPL265W
YER040W	0.841534252772	YOR100C
YER040W	0.120515099598	YOR348C
YER040W	0.183202573396	YGR067C
YER040W	0.120347283367	YLL011W
YER040W	0.114185296784	YPL036W
YER040W	0.27296433117	YAL054C
YER040W	0.122552577122	YDL160C
YER040W	0.265147847173	YDR384C
YER040W	0.0807075839432	YER067W
YER040W	0.695726154817	YHR029C
YER040W	0.117070776445	YMR229C
YER040W	0.210146331412	YNR064C
YER040W	0.109831625268	YOR206W
YER040W	0.172627349529	YDR380W
YER040W	0.245509912471	YPL061W
YER040W	0.550571141267	YJL172W
YER040W	0.132314697503	YNL194C
YER040W	0.103621172768	YHR216W
YER040W	0.574022545796	YNR046W
YER040W	0.133487214424	YLL034C
YER040W	0.115598919544	YOL014W
YER040W	0.15720761084	YJL153C
YER040W	0.165149559512	YGL229C
YER040W	0.234339189022	YJL063C
YGL254W	0.19893216254	YNL037C
YGL254W	0.109204619045	YLR276C
YGL254W	0.117950528696	YHR051W
YGL254W	0.21063852424	YAL062W
YGL254W	0.901648722597	YLR130C
YGL254W	1.0	YCL064C
YGL254W	0.169586484927	YDR361C
YGL254W	0.100579194761	YHR216W
YJR094C	0.117394322034	YLR276C
YJR094C	0.0882529512799	YMR193W
YJR094C	0.717567597119	YPL111W
YJR094C	0.143170762664	YML123C
YJR094C	0.30082107903	YHR136C
YJR094C	0.0385048986765	YER158C
YJR094C	0.181104009822	YJL217W
YJR094C	0.169444220995	YKR075C
YJR094C	0.0893042719965	YLR258W
YJR094C	0.111491455646	YDR171W
YJR094C	0.0961113709557	YGR142W
YJR094C	0.0427550278683	YHR018C
YJR094C	0.0922097667985	YJL088W
YJR094C	0.350082203998	YJR148W
YJR094C	0.226622457311	YLR130C
YJR094C	0.713711259812	YLR267W
YJR094C	0.122350738216	YLR327C
YJR094C	0.105032691442	YNL036W
YJR094C	0.096718781385	YNR053C
YJR094C	0.0980392868585	YPL012W
YJR094C	0.112120386516	YIL037C
YJR094C	0.0997005327069	YKR009C
YJR094C	0.148182874297	YHL028W
YJR094C	0.138766761907	YLL011W
YJR094C	0.102028393854	YBR054W
YJR094C	0.134485221078	YCL064C
YJR094C	0.12724542005	YDL160C
YJR094C	0.156152828718	YDR384C
YJR094C	0.194216543373	YHR029C
YJR094C	0.125183855619	YMR169C
YJR094C	0.10359367279	YOR206W
YJR094C	0.250994999272	YDR380W
YJR094C	0.139095015272	YJL172W
YJR094C	0.128318820279	YDR361C
YJR094C	0.115727131324	YHR216W
YJR094C	0.113246787664	YGR183C
YJR094C	0.0938260339493	YLL034C
YJR094C	0.276866073874	YDR523C
YJR094C	0.126450248215	YOL014W
YKL062W	0.298509164175	YNL037C
YKL062W	0.161709568296	YLR276C
YKL062W	0.440551978129	YHR051W
YKL062W	0.338003986923	YPL111W
YKL062W	0.271354883986	YPR002W
YKL062W	0.439978872968	YER158C
YKL062W	0.134186096803	YKR075C
YKL062W	1.0	YLR258W
YKL062W	0.238395352196	YDR171W
YKL062W	0.95909098396	YIL136W
YKL062W	0.428374440094	YDL110C
YKL062W	0.306309086233	YGR043C
YKL062W	0.620446504776	YGR142W
YKL062W	0.143075610138	YLR327C
YKL062W	0.167245369902	YPL012W
YKL062W	0.600808364136	YHL028W
YKL062W	0.197080797541	YGR067C
YKL062W	0.821886022418	YPL036W
YKL062W	0.426262552997	YAL054C
YKL062W	0.306253118516	YIL155C
YKL062W	0.450553203492	YBR054W
YKL062W	0.81480721448	YER067W
YKL062W	0.918200026819	YER150W
YKL062W	0.952583190247	YFL014W
YKL062W	0.47565636725	YHR087W
YKL062W	0.937297662777	YLR178C
YKL062W	0.297521137505	YMR169C
YKL062W	0.305981623752	YMR229C
YKL062W	0.116506404493	YOR206W
YKL062W	0.248130222307	YNL194C
YKL062W	0.142233166579	YDR361C
YKL062W	0.173926612818	YNR046W
YKL062W	0.231987222391	YGR183C
YKL062W	0.235421384385	YLL034C
YKL062W	0.101378386812	YLR174W
YKL062W	0.346053373585	YGL229C
YMR280C	0.173658745545	YLR276C
YMR280C	0.16753842088	YKR075C
YMR280C	0.0578667922839	YDL110C
YMR280C	0.13210175735	YKR009C
YMR280C	0.156485599293	YLR438W
YMR280C	0.0893788908425	YIL155C
YMR280C	0.115384106828	YOR388C
YMR280C	0.147789422088	YDR361C
YMR280C	0.123956699631	YDR523C
YMR280C	0.179987916709	YLR174W
YMR280C	0.164616233216	YJL153C
YOR032C	0.13544245086	YML123C
YOR032C	0.303206257325	YER158C
YOR032C	0.126339378602	YJL217W
YOR032C	0.114172490678	YDL110C
YOR032C	0.178861125819	YGR043C
YOR032C	0.0770325223993	YOR100C
YOR032C	0.135677145665	YOR348C
YOR032C	0.126019695796	YHL028W
YOR032C	0.0941188791089	YAL054C
YOR032C	0.218280634592	YLR438W
YOR032C	0.195548788777	YIL155C
YOR032C	0.209627889445	YCL064C
YOR032C	0.143446136621	YDL160C
YOR032C	0.0670441128115	YHR087W
YOR032C	0.0162290437761	YLR178C
YOR032C	0.206342971141	YMR169C
YOR032C	0.219964415278	YNL194C
YOR032C	0.146270193849	YLR174W
