YBL103C	0.123997047787	YNL037C
YBL103C	0.049336757908	YLR276C
YBL103C	0.312912515673	YMR193W
YBL103C	0.112929733658	YPL111W
YBL103C	0.967157038561	YGL009C
YBL103C	0.914108839227	YPR002W
YBL103C	0.131592754959	YML123C
YBL103C	0.0987213090544	YHR136C
YBL103C	0.0307120610771	YER158C
YBL103C	0.0717207120229	YJL217W
YBL103C	0.0722599439488	YKR075C
YBL103C	0.0540252147544	YLR258W
YBL103C	0.0677390403779	YDR171W
YBL103C	0.0545785212665	YIL136W
YBL103C	0.189547789357	YKR056W
YBL103C	0.270760258708	YAL062W
YBL103C	0.136175704667	YCR021C
YBL103C	0.0408243422798	YDL110C
YBL103C	0.161416760415	YGR142W
YBL103C	0.223835445536	YHR018C
YBL103C	0.0960015596258	YJL088W
YBL103C	0.382017625231	YJR148W
YBL103C	0.111331456487	YLR009W
YBL103C	0.0615112757191	YLR130C
YBL103C	0.13734566214	YLR267W
YBL103C	0.130869476386	YLR327C
YBL103C	0.210126748352	YNL036W
YBL103C	0.0875424770012	YNR053C
YBL103C	0.157166239854	YOR302W
YBL103C	0.065582913414	YPL012W
YBL103C	0.0731316719807	YIL037C
YBL103C	0.0498436255931	YKR009C
YBL103C	0.090846196054	YFR022W
YBL103C	0.788775467069	YPL265W
YBL103C	0.0936417157703	YOR100C
YBL103C	0.0530505030473	YOR348C
YBL103C	0.0474517806404	YHL028W
YBL103C	0.0751246790778	YLL011W
YBL103C	0.186677278682	YPL036W
YBL103C	0.0637290800565	YLR438W
YBL103C	0.0359620531461	YIL155C
YBL103C	0.0924609736722	YBR054W
YBL103C	0.152794302761	YCL064C
YBL103C	0.0699686280861	YDL160C
YBL103C	0.116145505631	YDR384C
YBL103C	0.0509308953292	YER067W
YBL103C	0.0445196228719	YER150W
YBL103C	0.0919950259262	YFL014W
YBL103C	0.112794730109	YHR029C
YBL103C	0.152882961927	YHR087W
YBL103C	0.0523509816314	YLR178C
YBL103C	0.151982965813	YNR064C
YBL103C	0.0614040771439	YOR206W
YBL103C	0.170136293257	YOR388C
YBL103C	0.538387843323	YDR380W
YBL103C	0.388125836176	YPL061W
YBL103C	0.127611281731	YJL172W
YBL103C	0.0498349014879	YNL194C
YBL103C	0.0471362821481	YDR361C
YBL103C	0.0627251972551	YHR216W
YBL103C	0.0735246615425	YGR183C
YBL103C	0.0494682019733	YLL034C
YBL103C	0.135950704602	YDR523C
YBL103C	0.134535874889	YLR174W
YBL103C	0.315178499864	YJL153C
YBL103C	0.0656213861658	YGL229C
YBL103C	0.191633022697	YJL063C
YDL170W	0.140368992656	YNL037C
YDL170W	0.052780930525	YLR276C
YDL170W	0.533296812343	YMR193W
YDL170W	0.228650968556	YGL009C
YDL170W	0.117315042625	YPR002W
YDL170W	0.102884046698	YML123C
YDL170W	0.178494151436	YHR136C
YDL170W	0.103923372806	YJL217W
YDL170W	0.0697749285775	YKR075C
YDL170W	0.0552276596746	YLR258W
YDL170W	0.0497390121878	YDR171W
YDL170W	0.0380877509803	YIL136W
YDL170W	0.516219058217	YKR056W
YDL170W	0.170109629924	YAL062W
YDL170W	0.232960312682	YCR021C
YDL170W	1.0	YHR018C
YDL170W	0.904058312538	YJL088W
YDL170W	0.442928745454	YJR148W
YDL170W	0.496705236493	YLR009W
YDL170W	0.0537320856613	YLR130C
YDL170W	0.342886441427	YLR267W
YDL170W	0.111387668022	YLR327C
YDL170W	1.0	YNL036W
YDL170W	0.207453358514	YNR053C
YDL170W	0.696211427623	YOR302W
YDL170W	0.156947932375	YPL012W
YDL170W	0.92444001284	YIL037C
YDL170W	0.0594740509441	YKR009C
YDL170W	0.329014550811	YFR022W
YDL170W	0.609284110463	YPL265W
YDL170W	0.178801746309	YOR100C
YDL170W	0.14509646106	YOR348C
YDL170W	0.0591359682256	YHL028W
YDL170W	0.249412845516	YGR067C
YDL170W	0.186671250162	YLL011W
YDL170W	0.157116989016	YPL036W
YDL170W	0.186490522054	YAL054C
YDL170W	0.0628446068574	YLR438W
YDL170W	0.0800166233242	YCL064C
YDL170W	0.132593094627	YDL160C
YDL170W	0.207020943165	YDR384C
YDL170W	0.108856232902	YER067W
YDL170W	0.0361023186375	YER150W
YDL170W	0.0399649759646	YFL014W
YDL170W	0.626514697717	YHR029C
YDL170W	0.040218305189	YLR178C
YDL170W	0.125416494387	YMR229C
YDL170W	0.1246417076	YNR064C
YDL170W	0.121946835977	YOR206W
YDL170W	0.0630050787801	YOR388C
YDL170W	0.26719128306	YDR380W
YDL170W	0.283590068393	YPL061W
YDL170W	0.443714564667	YJL172W
YDL170W	0.0893642401479	YNL194C
YDL170W	0.0484373718542	YDR361C
YDL170W	0.0789055553483	YHR216W
YDL170W	0.161774058855	YNR046W
YDL170W	0.054409883026	YGR183C
YDL170W	0.0723501676434	YLL034C
YDL170W	0.0551697771203	YDR523C
YDL170W	0.065304180773	YOL014W
YDL170W	0.0597392975181	YLR174W
YDL170W	0.200300539987	YJL153C
YDL170W	0.231962967025	YGL229C
YDL170W	0.732255099971	YJL063C
YDR043C	1.0	YNL037C
YDR043C	1.0	YLR276C
YDR043C	0.0494911666779	YMR193W
YDR043C	0.34072632042	YHR051W
YDR043C	0.188117451398	YPL111W
YDR043C	0.627142699683	YGL009C
YDR043C	0.0390239735432	YPR002W
YDR043C	1.0	YER158C
YDR043C	0.0695173618284	YJL217W
YDR043C	0.122526619421	YKR075C
YDR043C	0.227689901156	YLR258W
YDR043C	1.0	YDR171W
YDR043C	1.0	YIL136W
YDR043C	0.448764199785	YKR056W
YDR043C	0.248957165023	YAL062W
YDR043C	0.0805145907688	YCR021C
YDR043C	1.0	YDL110C
YDR043C	1.0	YGR043C
YDR043C	0.0864003628946	YHR018C
YDR043C	0.0531031422351	YJL088W
YDR043C	0.880421618241	YLR009W
YDR043C	1.0	YLR327C
YDR043C	0.126661789068	YNL036W
YDR043C	0.93448391701	YNR053C
YDR043C	0.0635278664895	YOR302W
YDR043C	1.0	YPL012W
YDR043C	0.050752473986	YIL037C
YDR043C	1.0	YKR009C
YDR043C	0.930669624707	YFR022W
YDR043C	0.19509588681	YPL265W
YDR043C	0.897528189986	YOR100C
YDR043C	1.0	YOR348C
YDR043C	0.758858566944	YHL028W
YDR043C	0.150243645278	YGR067C
YDR043C	1.0	YLL011W
YDR043C	0.0649519467577	YPL036W
YDR043C	0.870810597215	YAL054C
YDR043C	0.127597640586	YLR438W
YDR043C	1.0	YIL155C
YDR043C	0.79686557959	YBR054W
YDR043C	0.0469259365203	YCL064C
YDR043C	0.282124988632	YDL160C
YDR043C	0.759896564709	YDR384C
YDR043C	0.710072200323	YER067W
YDR043C	0.88541433223	YER150W
YDR043C	0.0641650129294	YFL014W
YDR043C	0.958854633061	YHR087W
YDR043C	1.0	YLR178C
YDR043C	1.0	YMR169C
YDR043C	1.0	YMR229C
YDR043C	0.0499361181107	YNR064C
YDR043C	1.0	YOR206W
YDR043C	0.334625806662	YOR388C
YDR043C	0.0655517294593	YDR380W
YDR043C	0.366196490489	YJL172W
YDR043C	1.0	YNL194C
YDR043C	1.0	YDR361C
YDR043C	1.0	YHR216W
YDR043C	0.794697914979	YNR046W
YDR043C	0.948718863294	YGR183C
YDR043C	1.0	YLL034C
YDR043C	0.47025632247	YDR523C
YDR043C	0.790758619856	YOL014W
YDR043C	1.0	YLR174W
YDR043C	0.139321880039	YJL153C
YDR043C	0.0640092039694	YGL229C
YDR043C	0.150596178379	YJL063C
YDR216W	0.0584693229167	YLR276C
YDR216W	0.0768601079849	YHR051W
YDR216W	0.0653434455295	YML123C
YDR216W	0.0741717544438	YHR136C
YDR216W	0.117049478383	YER158C
YDR216W	0.0705372372022	YJL217W
YDR216W	0.0710135838661	YKR075C
YDR216W	0.0682960452566	YLR258W
YDR216W	0.0611556689618	YDR171W
YDR216W	0.191587969045	YIL136W
YDR216W	0.0413465496125	YCR021C
YDR216W	0.266427492609	YDL110C
YDR216W	0.540132615563	YGR043C
YDR216W	0.466254557405	YGR142W
YDR216W	0.213848045201	YLR130C
YDR216W	0.379357855598	YLR327C
YDR216W	0.0335216043307	YNL036W
YDR216W	0.0541207021959	YNR053C
YDR216W	0.0635316819658	YOR302W
YDR216W	0.120917905298	YPL012W
YDR216W	0.114837921462	YIL037C
YDR216W	0.134256006763	YKR009C
YDR216W	0.0464791046931	YFR022W
YDR216W	0.164322409809	YOR100C
YDR216W	0.123644384308	YOR348C
YDR216W	0.235813201503	YGR067C
YDR216W	0.0526150833555	YLL011W
YDR216W	0.0501921021218	YAL054C
YDR216W	0.0906890220349	YLR438W
YDR216W	0.137330728407	YIL155C
YDR216W	0.0718367927989	YBR054W
YDR216W	0.0506626033641	YCL064C
YDR216W	0.065343937355	YDL160C
YDR216W	0.335116433081	YER150W
YDR216W	0.968185249078	YFL014W
YDR216W	0.150804833314	YHR087W
YDR216W	0.112939019953	YLR178C
YDR216W	0.108563560547	YMR169C
YDR216W	0.0629339138311	YMR229C
YDR216W	0.110288863206	YNR064C
YDR216W	0.0689288765227	YOR206W
YDR216W	0.0900025464245	YOR388C
YDR216W	0.22058909368	YPL061W
YDR216W	0.0541745527427	YNL194C
YDR216W	0.0698288717229	YDR361C
YDR216W	0.0699478253899	YHR216W
YDR216W	0.0628482199925	YGR183C
YDR216W	0.0508774141806	YLL034C
YDR216W	0.160716497461	YOL014W
YDR216W	0.049201557287	YLR174W
YDR216W	0.0564392034969	YGL229C
YER040W	0.0642915544968	YNL037C
YER040W	0.067939294031	YLR276C
YER040W	0.23874712851	YMR193W
YER040W	0.459080735898	YGL009C
YER040W	0.241676631546	YPR002W
YER040W	0.0787486588509	YML123C
YER040W	0.0899905912976	YHR136C
YER040W	0.123246978807	YJL217W
YER040W	0.0752311909427	YKR075C
YER040W	0.0638607277199	YLR258W
YER040W	0.073713917701	YDR171W
YER040W	0.0382751303821	YIL136W
YER040W	0.256329609458	YKR056W
YER040W	0.319373455233	YAL062W
YER040W	0.116773136817	YCR021C
YER040W	0.0284354002177	YGR043C
YER040W	0.594391111591	YHR018C
YER040W	0.419121765601	YJL088W
YER040W	0.832048793846	YJR148W
YER040W	0.245428092912	YLR009W
YER040W	0.0617540755433	YLR130C
YER040W	0.732509853838	YLR267W
YER040W	0.418491530443	YNL036W
YER040W	0.0865915452724	YNR053C
YER040W	0.222145109894	YOR302W
YER040W	0.0663275586747	YPL012W
YER040W	0.151773998596	YIL037C
YER040W	0.0764541854545	YKR009C
YER040W	0.161230153441	YFR022W
YER040W	0.260620249023	YPL265W
YER040W	0.922062773122	YOR100C
YER040W	0.0853242089443	YOR348C
YER040W	0.252729484155	YGR067C
YER040W	0.139965037995	YLL011W
YER040W	0.13004052186	YPL036W
YER040W	0.300058540094	YAL054C
YER040W	0.0664059079507	YLR438W
YER040W	0.0387604835048	YIL155C
YER040W	0.0482271930646	YBR054W
YER040W	0.0671694422272	YCL064C
YER040W	0.0814739878804	YDL160C
YER040W	0.244993703135	YDR384C
YER040W	0.110153447557	YER067W
YER040W	0.0359097042686	YER150W
YER040W	0.0380426395934	YFL014W
YER040W	0.726725593282	YHR029C
YER040W	0.0484046637824	YLR178C
YER040W	0.0451483310704	YMR169C
YER040W	0.150071361877	YMR229C
YER040W	0.145762216607	YNR064C
YER040W	0.0761042762908	YOR206W
YER040W	0.0690998098375	YOR388C
YER040W	0.229186100237	YDR380W
YER040W	0.299278217534	YPL061W
YER040W	0.42863441721	YJL172W
YER040W	0.261923606111	YNL194C
YER040W	0.0525734337323	YDR361C
YER040W	0.0732384815811	YHR216W
YER040W	0.514654098815	YNR046W
YER040W	0.157504217348	YLL034C
YER040W	0.049211957722	YDR523C
YER040W	0.207767170994	YOL014W
YER040W	0.0607971142881	YLR174W
YER040W	0.100800230491	YJL153C
YER040W	0.111660457357	YGL229C
YER040W	0.162136246995	YJL063C
YGL254W	0.199351301045	YNL037C
YGL254W	0.0776840294648	YLR276C
YGL254W	0.0805927888917	YHR051W
YGL254W	0.0317418917121	YGL009C
YGL254W	0.0549697372588	YML123C
YGL254W	0.0780236644712	YJL217W
YGL254W	0.0706438879438	YKR075C
YGL254W	0.0394785665009	YLR258W
YGL254W	0.0378812441249	YDR171W
YGL254W	0.0356449090472	YIL136W
YGL254W	0.201828066901	YAL062W
YGL254W	0.021220576886	YHR018C
YGL254W	0.878474305797	YLR130C
YGL254W	0.0627357811515	YNR053C
YGL254W	0.0726054373187	YIL037C
YGL254W	0.0511494787271	YKR009C
YGL254W	0.0469106425513	YFR022W
YGL254W	0.0590266727252	YLR438W
YGL254W	1.0	YCL064C
YGL254W	0.06728589776	YDL160C
YGL254W	0.045251677326	YFL014W
YGL254W	0.0364595201598	YLR178C
YGL254W	0.0650694083601	YOR206W
YGL254W	0.120872595378	YDR361C
YGL254W	0.0710884398061	YHR216W
YGL254W	0.0516802167438	YGR183C
YGL254W	0.0682170746074	YOL014W
YJR094C	0.0835098739562	YLR276C
YJR094C	0.111885416395	YMR193W
YJR094C	0.107112508734	YHR051W
YJR094C	0.689465050992	YPL111W
YJR094C	0.0325947952485	YGL009C
YJR094C	0.0857383842122	YPR002W
YJR094C	0.0945680213453	YML123C
YJR094C	0.260079703875	YHR136C
YJR094C	0.0972249404505	YER158C
YJR094C	0.116694471358	YJL217W
YJR094C	0.108626702163	YKR075C
YJR094C	0.0662344690153	YLR258W
YJR094C	0.0807099385059	YDR171W
YJR094C	0.103612619535	YIL136W
YJR094C	0.0995233401083	YCR021C
YJR094C	0.0615207245529	YDL110C
YJR094C	0.05709506815	YGR043C
YJR094C	0.179008409469	YGR142W
YJR094C	0.0742202408905	YHR018C
YJR094C	0.116977239197	YJL088W
YJR094C	0.506324552469	YJR148W
YJR094C	0.0547911690852	YLR009W
YJR094C	0.221730213535	YLR130C
YJR094C	0.744660873871	YLR267W
YJR094C	0.142059308352	YLR327C
YJR094C	0.170838901114	YNL036W
YJR094C	0.0698625811934	YNR053C
YJR094C	0.0718140885007	YOR302W
YJR094C	0.0688581959205	YPL012W
YJR094C	0.0758127486349	YIL037C
YJR094C	0.0707237758041	YKR009C
YJR094C	0.0664396474788	YFR022W
YJR094C	0.0532536099475	YPL265W
YJR094C	0.0689536991922	YOR100C
YJR094C	0.119534903911	YOR348C
YJR094C	0.271231245196	YHL028W
YJR094C	0.223947249277	YLL011W
YJR094C	0.0638056605611	YPL036W
YJR094C	0.0863117367975	YLR438W
YJR094C	0.0410898453762	YIL155C
YJR094C	0.14088436575	YBR054W
YJR094C	0.153488659579	YCL064C
YJR094C	0.0845938294768	YDL160C
YJR094C	0.325981574543	YDR384C
YJR094C	0.151655119868	YER067W
YJR094C	0.0729408022722	YER150W
YJR094C	0.0998670403399	YFL014W
YJR094C	0.230538582842	YHR029C
YJR094C	0.104997104851	YHR087W
YJR094C	0.11543195052	YLR178C
YJR094C	0.267546967989	YMR169C
YJR094C	0.0573784505791	YMR229C
YJR094C	0.0903897359295	YNR064C
YJR094C	0.0717818886574	YOR206W
YJR094C	0.0697285913275	YOR388C
YJR094C	0.294775676584	YDR380W
YJR094C	0.0630869251178	YPL061W
YJR094C	0.172956888642	YJL172W
YJR094C	0.0914591091953	YDR361C
YJR094C	0.081794860543	YHR216W
YJR094C	0.13344251885	YNR046W
YJR094C	0.0822879439456	YGR183C
YJR094C	0.067095904529	YLL034C
YJR094C	0.195791195106	YDR523C
YJR094C	0.0861272551835	YOL014W
YJR094C	0.0545760181453	YLR174W
YJR094C	0.0714677132746	YJL153C
YJR094C	0.0766031824504	YGL229C
YJR094C	0.0675367456562	YJL063C
YKL062W	0.397775588196	YNL037C
YKL062W	0.115034061545	YLR276C
YKL062W	0.350502772942	YHR051W
YKL062W	0.235198511863	YPL111W
YKL062W	0.256349487915	YPR002W
YKL062W	0.0749667952304	YML123C
YKL062W	0.049621298091	YHR136C
YKL062W	0.528342079415	YER158C
YKL062W	0.0658504577875	YJL217W
YKL062W	0.086023548553	YKR075C
YKL062W	1.0	YLR258W
YKL062W	0.172577119065	YDR171W
YKL062W	0.987831761993	YIL136W
YKL062W	0.0712750801138	YCR021C
YKL062W	0.548054670905	YDL110C
YKL062W	0.413921478297	YGR043C
YKL062W	0.510762525783	YGR142W
YKL062W	0.0466770122808	YJL088W
YKL062W	0.0448198762474	YLR009W
YKL062W	0.0515632125936	YLR130C
YKL062W	0.102325645857	YLR327C
YKL062W	0.0463647551659	YNR053C
YKL062W	0.11746530209	YPL012W
YKL062W	0.0537318032667	YIL037C
YKL062W	0.0687461975852	YKR009C
YKL062W	0.0729678304727	YOR100C
YKL062W	0.059569369051	YOR348C
YKL062W	0.48802437432	YHL028W
YKL062W	0.265879699048	YGR067C
YKL062W	0.0554137180722	YLL011W
YKL062W	0.701099876869	YPL036W
YKL062W	0.525182088161	YAL054C
YKL062W	0.317896245121	YIL155C
YKL062W	0.497572109894	YBR054W
YKL062W	0.0566438027496	YCL064C
YKL062W	0.872077837652	YER067W
YKL062W	0.970415236692	YER150W
YKL062W	1.0	YFL014W
YKL062W	0.589007195135	YHR087W
YKL062W	0.986040920549	YLR178C
YKL062W	0.341914756	YMR169C
YKL062W	0.340916446642	YMR229C
YKL062W	0.0560544713695	YNR064C
YKL062W	0.0807293489064	YOR206W
YKL062W	0.066045083035	YOR388C
YKL062W	0.237095991756	YNL194C
YKL062W	0.101376545429	YDR361C
YKL062W	0.0501563749335	YHR216W
YKL062W	0.34163225275	YNR046W
YKL062W	0.219848845742	YGR183C
YKL062W	0.230398328375	YLL034C
YKL062W	0.0747456124263	YLR174W
YKL062W	0.233972637158	YGL229C
YMR280C	0.123534253621	YLR276C
YMR280C	0.0777047600595	YHR051W
YMR280C	0.0633480670275	YPL111W
YMR280C	0.0654452921252	YML123C
YMR280C	0.053906664087	YHR136C
YMR280C	0.107404938562	YKR075C
YMR280C	0.0565342545136	YLR258W
YMR280C	0.0624399972722	YDR171W
YMR280C	0.0436819283892	YIL136W
YMR280C	0.0596080217217	YKR056W
YMR280C	0.0410461396128	YDL110C
YMR280C	0.0217805096772	YHR018C
YMR280C	0.0450164229511	YLR009W
YMR280C	0.0544954566372	YPL012W
YMR280C	0.0937079754392	YKR009C
YMR280C	0.0644348752613	YFR022W
YMR280C	0.052083598552	YPL265W
YMR280C	0.059849219929	YOR348C
YMR280C	0.0577402987061	YLL011W
YMR280C	0.103543703625	YLR438W
YMR280C	0.106663142333	YIL155C
YMR280C	0.0819433232191	YDR384C
YMR280C	0.0361390260929	YFL014W
YMR280C	0.0233888899299	YHR029C
YMR280C	0.0472306267361	YLR178C
YMR280C	0.0466946790796	YMR229C
YMR280C	0.0615613443617	YNR064C
YMR280C	0.0598574693706	YOR206W
YMR280C	0.0764442059404	YOR388C
YMR280C	0.105336760915	YDR361C
YMR280C	0.0520693563688	YHR216W
YMR280C	0.0573112512188	YGR183C
YMR280C	0.0565474529049	YLL034C
YMR280C	0.14015660949	YDR523C
YMR280C	0.0563320716766	YOL014W
YMR280C	0.171096540688	YLR174W
YMR280C	0.177390693002	YJL153C
YMR280C	0.0529660143335	YJL063C
YOR032C	0.0602800405535	YNL037C
YOR032C	0.0601115732734	YLR276C
YOR032C	0.0550464244376	YHR051W
YOR032C	0.0699819337165	YPL111W
YOR032C	0.0437561231874	YPR002W
YOR032C	0.0894632699138	YML123C
YOR032C	0.0615229174148	YHR136C
YOR032C	0.44008067708	YER158C
YOR032C	0.0814068501972	YJL217W
YOR032C	0.0530624053899	YLR258W
YOR032C	0.0648726526903	YDR171W
YOR032C	0.0471752807733	YIL136W
YOR032C	0.0423316261772	YCR021C
YOR032C	0.169883871804	YDL110C
YOR032C	0.268979177871	YGR043C
YOR032C	0.0443117925107	YJL088W
YOR032C	0.0625394575894	YLR327C
YOR032C	0.0489357406158	YNR053C
YOR032C	0.0501409381239	YOR302W
YOR032C	0.0615239009146	YPL012W
YOR032C	0.0736058763521	YIL037C
YOR032C	0.0614245817343	YKR009C
YOR032C	0.093513711511	YOR100C
YOR032C	0.0960588769733	YOR348C
YOR032C	0.140460008264	YHL028W
YOR032C	0.0599714762638	YAL054C
YOR032C	0.1444323659	YLR438W
YOR032C	0.159622471843	YIL155C
YOR032C	0.0427587074672	YBR054W
YOR032C	0.15140168602	YCL064C
YOR032C	0.0953642026223	YDL160C
YOR032C	0.0479144257061	YER150W
YOR032C	0.0492499513373	YFL014W
YOR032C	0.0471842869415	YHR087W
YOR032C	0.0442805080304	YLR178C
YOR032C	0.242576771984	YMR169C
YOR032C	0.0616899000738	YMR229C
YOR032C	0.0484358642661	YNR064C
YOR032C	0.0518224765867	YOR206W
YOR032C	0.23366299809	YNL194C
YOR032C	0.0692750533202	YDR361C
YOR032C	0.0583105427194	YHR216W
YOR032C	0.0586925400376	YGR183C
YOR032C	0.0659510381787	YLL034C
YOR032C	0.107844044108	YLR174W
YOR032C	0.0761784951067	YJL153C
YOR032C	0.0612098263479	YGL229C
YOR032C	0.0541920179248	YJL063C
