YBL103C	+	YGL009C
YBL103C	+	YPR002W
YBL103C	+	YPL265W
YBL103C	+	YDR380W
YBL103C	-	YPL061W
YBL103C	-	YJL153C
YDL170W	-	YMR193W
YDL170W	-	YKR056W
YDL170W	+	YHR018C
YDL170W	+	YJL088W
YDL170W	+	YNL036W
YDL170W	+	YOR302W
YDL170W	+	YIL037C
YDL170W	+	YJL172W
YDL170W	-	YJL063C
YDR043C	+	YNL037C
YDR043C	-	YLR276C
YDR043C	+	YER158C
YDR043C	+	YDR171W
YDR043C	+	YIL136W
YDR043C	+	YDL110C
YDR043C	+	YGR043C
YDR043C	-	YLR009W
YDR043C	+	YLR327C
YDR043C	-	YNR053C
YDR043C	-	YPL012W
YDR043C	+	YKR009C
YDR043C	+	YFR022W
YDR043C	+	YOR348C
YDR043C	+	YHL028W
YDR043C	+	YGR067C
YDR043C	-	YLL011W
YDR043C	+	YAL054C
YDR043C	+	YIL155C
YDR043C	+	YBR054W
YDR043C	-	YDL160C
YDR043C	-	YDR384C
YDR043C	+	YHR087W
YDR043C	+	YLR178C
YDR043C	+	YMR169C
YDR043C	-	YMR229C
YDR043C	-	YOR206W
YDR043C	+	YNL194C
YDR043C	-	YDR361C
YDR043C	-	YHR216W
YDR043C	-	YNR046W
YDR043C	+	YGR183C
YDR043C	-	YLL034C
YDR043C	-	YDR523C
YDR043C	-	YOL014W
YDR043C	+	YLR174W
YER040W	+	YAL062W
YER040W	+	YJR148W
YER040W	+	YLR267W
YER040W	+	YOR100C
YER040W	+	YHR029C
YGL254W	+	YLR130C
YGL254W	-	YCL064C
YJR094C	-	YPL111W
YJR094C	-	YHR136C
YKL062W	+	YHR051W
YKL062W	+	YLR258W
YKL062W	-	YGR142W
YKL062W	+	YPL036W
YKL062W	+	YER067W
YKL062W	+	YER150W
YKL062W	+	YFL014W
