YBL103C	0.0401900510632	YNL037C
YBL103C	0.000590975417099	YLR276C
YBL103C	0.234430451384	YMR193W
YBL103C	0.0472549905769	YHR051W
YBL103C	0.0765762051334	YPL111W
YBL103C	0.661360413795	YGL009C
YBL103C	0.580615141394	YPR002W
YBL103C	0.131592646412	YML123C
YBL103C	0.0996789491434	YHR136C
YBL103C	0.000209139161429	YER158C
YBL103C	0.071726546402	YJL217W
YBL103C	0.0722751334519	YKR075C
YBL103C	0.000954293476269	YLR258W
YBL103C	6.01010216715e-05	YDR171W
YBL103C	0.00097955801559	YIL136W
YBL103C	0.0907255422262	YKR056W
YBL103C	0.10302151295	YAL062W
YBL103C	0.137118680704	YCR021C
YBL103C	0.00589389877247	YDL110C
YBL103C	0.0674883310158	YGR142W
YBL103C	1.94664430858e-05	YHR018C
YBL103C	0.00110499897886	YJL088W
YBL103C	0.023014760242	YJR148W
YBL103C	0.0251451789972	YLR009W
YBL103C	0.0380639954623	YLR130C
YBL103C	0.0386618175678	YLR267W
YBL103C	0.0127143410633	YLR327C
YBL103C	0.000561454352681	YNL036W
YBL103C	0.0345115696333	YNR053C
YBL103C	0.114225258347	YOR302W
YBL103C	0.00712006085215	YPL012W
YBL103C	0.0459177123109	YIL037C
YBL103C	0.00229126893592	YKR009C
YBL103C	0.0550930602196	YFR022W
YBL103C	0.424178181034	YPL265W
YBL103C	0.0362821292804	YOR100C
YBL103C	0.00684304837098	YOR348C
YBL103C	0.0148944957951	YHL028W
YBL103C	0.0708361763256	YGR067C
YBL103C	0.0162003067658	YLL011W
YBL103C	0.0791912202535	YPL036W
YBL103C	0.0173412268265	YAL054C
YBL103C	0.0637346549681	YLR438W
YBL103C	0.000350928534069	YIL155C
YBL103C	0.0318439600314	YBR054W
YBL103C	0.0145141065145	YCL064C
YBL103C	0.0710769491177	YDL160C
YBL103C	0.0947914455992	YDR384C
YBL103C	0.0157827849903	YER067W
YBL103C	0.00260084063911	YER150W
YBL103C	0.00621103337011	YFL014W
YBL103C	0.00054067287789	YHR029C
YBL103C	0.0152047201263	YHR087W
YBL103C	0.00129523164355	YLR178C
YBL103C	0.00072114704458	YMR169C
YBL103C	0.000375159589042	YMR229C
YBL103C	0.152001191915	YNR064C
YBL103C	0.013345759229	YOR206W
YBL103C	0.102914495013	YOR388C
YBL103C	0.388242529586	YDR380W
YBL103C	0.201741700783	YPL061W
YBL103C	0.114153422382	YJL172W
YBL103C	0.000899757642928	YHR216W
YBL103C	0.0268834403814	YNR046W
YBL103C	0.00145641661982	YLL034C
YBL103C	0.0846824790029	YDR523C
YBL103C	0.0344654829675	YOL014W
YBL103C	0.00592348147893	YLR174W
YBL103C	0.181846781167	YJL153C
YBL103C	0.0676671140003	YGL229C
YBL103C	0.177538886116	YJL063C
YDL170W	0.084987251923	YNL037C
YDL170W	0.00139889211165	YLR276C
YDL170W	0.350893994068	YMR193W
YDL170W	0.0479981623632	YPL111W
YDL170W	0.140972915469	YGL009C
YDL170W	0.0416704423316	YPR002W
YDL170W	0.102879466653	YML123C
YDL170W	0.13513558711	YHR136C
YDL170W	0.000256534403579	YER158C
YDL170W	0.103927766865	YJL217W
YDL170W	0.0697788163462	YKR075C
YDL170W	0.000112664969628	YDR171W
YDL170W	0.300895227831	YKR056W
YDL170W	0.112624602529	YAL062W
YDL170W	0.191383032035	YCR021C
YDL170W	0.00646479179358	YDL110C
YDL170W	0.000280863587141	YGR043C
YDL170W	0.0459764618238	YGR142W
YDL170W	0.981538916189	YHR018C
YDL170W	0.762884365244	YJL088W
YDL170W	0.239297453632	YJR148W
YDL170W	0.18120115858	YLR009W
YDL170W	0.0355151682914	YLR130C
YDL170W	0.269948180595	YLR267W
YDL170W	0.0108744365755	YLR327C
YDL170W	0.894164462762	YNL036W
YDL170W	0.124817167108	YNR053C
YDL170W	0.382603187016	YOR302W
YDL170W	0.0273336505064	YPL012W
YDL170W	0.606967445591	YIL037C
YDL170W	0.00485507373169	YKR009C
YDL170W	0.120731905544	YFR022W
YDL170W	0.422838096831	YPL265W
YDL170W	0.202041427684	YOR100C
YDL170W	0.0146487603181	YHL028W
YDL170W	0.114547207384	YGR067C
YDL170W	0.0435404741228	YLL011W
YDL170W	0.0770850446383	YPL036W
YDL170W	0.0541562595681	YAL054C
YDL170W	0.0628429712003	YLR438W
YDL170W	0.000518928703336	YIL155C
YDL170W	0.0346027661254	YBR054W
YDL170W	0.0124887126409	YCL064C
YDL170W	0.0641434661315	YDL160C
YDL170W	0.0841418210263	YDR384C
YDL170W	0.0277360200372	YER067W
YDL170W	0.00151818979956	YFL014W
YDL170W	0.453868496847	YHR029C
YDL170W	0.00960897252114	YHR087W
YDL170W	0.00169343884377	YLR178C
YDL170W	0.0012251947114	YMR169C
YDL170W	0.00163404613796	YMR229C
YDL170W	0.124645518386	YNR064C
YDL170W	0.0664658383225	YOR206W
YDL170W	0.0644929556978	YOR388C
YDL170W	0.218051923435	YDR380W
YDL170W	0.170823414993	YPL061W
YDL170W	0.307684542649	YJL172W
YDL170W	0.000110991378451	YNL194C
YDL170W	0.00787351528903	YDR361C
YDL170W	0.00126279910951	YHR216W
YDL170W	0.113710595482	YNR046W
YDL170W	0.0213550172473	YGR183C
YDL170W	0.00583229664559	YLL034C
YDL170W	0.0602156848304	YDR523C
YDL170W	0.0664553926465	YOL014W
YDL170W	0.00438594278241	YLR174W
YDL170W	0.135658800982	YJL153C
YDL170W	0.154150576969	YGL229C
YDL170W	0.359756418127	YJL063C
YDR043C	0.535630981569	YNL037C
YDR043C	0.985278787747	YLR276C
YDR043C	0.0246528881429	YMR193W
YDR043C	0.192193833328	YHR051W
YDR043C	0.0790128415543	YPL111W
YDR043C	0.00614170874748	YGL009C
YDR043C	0.0178080061099	YPR002W
YDR043C	0.0353758195742	YHR136C
YDR043C	0.969016513462	YER158C
YDR043C	0.0694684679766	YJL217W
YDR043C	0.122504989459	YKR075C
YDR043C	0.00567118139747	YLR258W
YDR043C	0.998257416417	YDR171W
YDR043C	0.499071701688	YIL136W
YDR043C	0.239191071219	YKR056W
YDR043C	0.121672897825	YAL062W
YDR043C	0.0810492494854	YCR021C
YDR043C	0.76462290788	YDL110C
YDR043C	0.974998176039	YGR043C
YDR043C	0.0377590755966	YGR142W
YDR043C	7.34750525822e-10	YHR018C
YDR043C	2.59379544772e-05	YJL088W
YDR043C	1.98369029308e-05	YJR148W
YDR043C	0.558651813055	YLR009W
YDR043C	0.000420147893384	YLR267W
YDR043C	0.754459205589	YLR327C
YDR043C	1.16705905446e-06	YNL036W
YDR043C	0.640909000813	YNR053C
YDR043C	0.0303033112981	YOR302W
YDR043C	0.891886571038	YPL012W
YDR043C	0.0255078271058	YIL037C
YDR043C	0.940710911623	YKR009C
YDR043C	0.502499134708	YFR022W
YDR043C	0.0012143414814	YPL265W
YDR043C	0.19319749816	YOR100C
YDR043C	0.826451431938	YOR348C
YDR043C	0.445951546087	YHL028W
YDR043C	0.1580701143	YGR067C
YDR043C	0.815815538067	YLL011W
YDR043C	0.565524343084	YAL054C
YDR043C	0.127599996605	YLR438W
YDR043C	0.974544675444	YIL155C
YDR043C	0.48340899265	YBR054W
YDR043C	0.00989068483897	YCL064C
YDR043C	0.216047654207	YDL160C
YDR043C	0.166015441941	YDR384C
YDR043C	0.391606900678	YER067W
YDR043C	0.211715410196	YER150W
YDR043C	0.0033383040088	YFL014W
YDR043C	1.33623883319e-06	YHR029C
YDR043C	0.659871239332	YHR087W
YDR043C	0.615590762981	YLR178C
YDR043C	0.973278953161	YMR169C
YDR043C	0.991797737467	YMR229C
YDR043C	0.0499411654745	YNR064C
YDR043C	0.762691755897	YOR206W
YDR043C	0.200528199254	YOR388C
YDR043C	0.0314026225059	YDR380W
YDR043C	0.0485020048367	YPL061W
YDR043C	0.117698011287	YJL172W
YDR043C	0.993637002425	YNL194C
YDR043C	0.897252681839	YDR361C
YDR043C	0.989162129836	YHR216W
YDR043C	0.406312907765	YNR046W
YDR043C	0.64340470651	YGR183C
YDR043C	0.966876084116	YLL034C
YDR043C	0.296185065037	YDR523C
YDR043C	0.490727052242	YOL014W
YDR043C	0.935764259775	YLR174W
YDR043C	0.0708023431835	YJL153C
YDR043C	0.0660052670946	YGL229C
YDR043C	0.0420777270393	YJL063C
YDR216W	0.000879741346678	YLR276C
YDR216W	0.0218454382723	YMR193W
YDR216W	0.0836350595001	YHR051W
YDR216W	0.0492661079098	YPL111W
YDR216W	0.000226780320847	YGL009C
YDR216W	0.0173327337408	YPR002W
YDR216W	0.065344997378	YML123C
YDR216W	0.0748915914247	YHR136C
YDR216W	0.000905095424371	YER158C
YDR216W	0.0705282867712	YJL217W
YDR216W	0.0709971435597	YKR075C
YDR216W	0.00159716739811	YLR258W
YDR216W	0.000133829297222	YDR171W
YDR216W	0.0160914745244	YIL136W
YDR216W	0.0229336582199	YKR056W
YDR216W	0.0476210010312	YAL062W
YDR216W	0.0416270979685	YCR021C
YDR216W	0.0365260367035	YDL110C
YDR216W	0.0107109712546	YGR043C
YDR216W	0.257551074349	YGR142W
YDR216W	3.54225993944e-11	YHR018C
YDR216W	4.94873377374e-06	YJL088W
YDR216W	1.26620329845e-05	YJR148W
YDR216W	0.0116939006952	YLR009W
YDR216W	0.0792817931398	YLR130C
YDR216W	0.000178394452367	YLR267W
YDR216W	0.0637722402049	YLR327C
YDR216W	5.66299351357e-08	YNL036W
YDR216W	0.0158425804653	YNR053C
YDR216W	0.0546240187461	YOR302W
YDR216W	0.005030267163	YPL012W
YDR216W	0.0529045799531	YIL037C
YDR216W	0.0108441862982	YKR009C
YDR216W	0.0230179571093	YFR022W
YDR216W	0.00136924334694	YPL265W
YDR216W	0.00752643305331	YOR100C
YDR216W	0.0356775360999	YOR348C
YDR216W	0.019163967458	YHL028W
YDR216W	0.105000044639	YGR067C
YDR216W	0.00909829191023	YLL011W
YDR216W	0.0562275395153	YPL036W
YDR216W	0.0311334377405	YAL054C
YDR216W	0.090682044883	YLR438W
YDR216W	0.00253856224185	YIL155C
YDR216W	0.0539806577321	YBR054W
YDR216W	0.0102495219731	YCL064C
YDR216W	0.0652227959007	YDL160C
YDR216W	0.0490133816322	YDR384C
YDR216W	0.0165259528978	YER067W
YDR216W	0.0597573469811	YER150W
YDR216W	0.337262166651	YFL014W
YDR216W	3.70063483494e-07	YHR029C
YDR216W	0.0487314986984	YHR087W
YDR216W	0.0113295818866	YLR178C
YDR216W	0.00299611068469	YMR169C
YDR216W	0.000498252398137	YMR229C
YDR216W	0.110258361775	YNR064C
YDR216W	0.0158140308078	YOR206W
YDR216W	0.0921073341712	YOR388C
YDR216W	0.0150927181965	YDR380W
YDR216W	0.0612063749005	YPL061W
YDR216W	0.0123887270271	YJL172W
YDR216W	0.000436217609225	YNL194C
YDR216W	0.00868868155004	YDR361C
YDR216W	0.000999414078831	YHR216W
YDR216W	0.0162974793129	YNR046W
YDR216W	0.0286468767525	YGR183C
YDR216W	0.00123528731572	YLL034C
YDR216W	0.0442891414835	YDR523C
YDR216W	0.057717587019	YOL014W
YDR216W	0.00280504365847	YLR174W
YDR216W	0.0581881209564	YGL229C
YDR216W	0.0513328500912	YJL063C
YER040W	0.0609192821404	YNL037C
YER040W	0.00176020954386	YLR276C
YER040W	0.159999303648	YMR193W
YER040W	0.0459008384565	YHR051W
YER040W	0.0503917975644	YPL111W
YER040W	0.188577694747	YGL009C
YER040W	0.0315892022818	YPR002W
YER040W	0.0787477760175	YML123C
YER040W	0.090861479478	YHR136C
YER040W	0.0002642465075	YER158C
YER040W	0.123253110077	YJL217W
YER040W	0.0752450833943	YKR075C
YER040W	0.000729436336299	YLR258W
YER040W	0.000179589643377	YDR171W
YER040W	0.000870322059391	YIL136W
YER040W	0.167273350279	YKR056W
YER040W	0.154713077924	YAL062W
YER040W	0.117565023056	YCR021C
YER040W	0.00658168533388	YDL110C
YER040W	0.000371735265638	YGR043C
YER040W	0.0373248876064	YGR142W
YER040W	0.0184416161891	YHR018C
YER040W	0.235916986581	YJL088W
YER040W	0.737429022664	YJR148W
YER040W	0.101269994959	YLR009W
YER040W	0.0390893104338	YLR130C
YER040W	0.647993762585	YLR267W
YER040W	0.0117123964969	YLR327C
YER040W	0.105272222486	YNL036W
YER040W	0.0576095329281	YNR053C
YER040W	0.181632538062	YOR302W
YER040W	0.0128816985931	YPL012W
YER040W	0.137414728673	YIL037C
YER040W	0.00761658135218	YKR009C
YER040W	0.0620632678321	YFR022W
YER040W	0.138260689247	YPL265W
YER040W	0.526144907958	YOR100C
YER040W	0.0090421530643	YOR348C
YER040W	0.119668331698	YGR067C
YER040W	0.0343281755783	YLL011W
YER040W	0.0635019847824	YPL036W
YER040W	0.0746744607982	YAL054C
YER040W	0.0664065907542	YLR438W
YER040W	0.000791854128079	YIL155C
YER040W	0.0334166800803	YBR054W
YER040W	0.0109308118397	YCL064C
YER040W	0.0827626757206	YDL160C
YER040W	0.0937300011563	YDR384C
YER040W	0.0288193667356	YER067W
YER040W	0.0025120158075	YER150W
YER040W	0.00123540175325	YFL014W
YER040W	0.545575320609	YHR029C
YER040W	0.00961580196598	YHR087W
YER040W	0.00220201260645	YLR178C
YER040W	0.00218231450496	YMR169C
YER040W	0.00177043656863	YMR229C
YER040W	0.145772913698	YNR064C
YER040W	0.0335969519339	YOR206W
YER040W	0.0631986933579	YOR388C
YER040W	0.181574498975	YDR380W
YER040W	0.185853477582	YPL061W
YER040W	0.271775590187	YJL172W
YER040W	0.000170146772814	YNL194C
YER040W	0.00844576325121	YDR361C
YER040W	0.00183345465227	YHR216W
YER040W	0.222730702328	YNR046W
YER040W	0.0204081275631	YGR183C
YER040W	0.00745573173348	YLL034C
YER040W	0.0536611252258	YDR523C
YER040W	0.0786524446348	YOL014W
YER040W	0.0055208244675	YLR174W
YER040W	0.105164969033	YJL153C
YER040W	0.115137871512	YGL229C
YER040W	0.106837670347	YJL063C
YGL254W	0.0449947039692	YNL037C
YGL254W	0.000549432493955	YLR276C
YGL254W	0.0273274499019	YMR193W
YGL254W	0.0877148751446	YHR051W
YGL254W	0.000636723404884	YGL009C
YGL254W	0.0549627626448	YML123C
YGL254W	0.0780343496962	YJL217W
YGL254W	0.0706585450308	YKR075C
YGL254W	0.000755737904283	YLR258W
YGL254W	0.00103219565764	YIL136W
YGL254W	0.149132152757	YAL062W
YGL254W	0.000246224854786	YGR043C
YGL254W	0.0528885135267	YGR142W
YGL254W	3.21944477382e-11	YHR018C
YGL254W	0.508763680012	YLR130C
YGL254W	0.000120392877718	YLR267W
YGL254W	0.0169825803514	YNR053C
YGL254W	0.030145090576	YOR302W
YGL254W	0.0160679387194	YIL037C
YGL254W	0.00763238064564	YOR348C
YGL254W	0.0147468587591	YHL028W
YGL254W	0.0506892301409	YGR067C
YGL254W	0.0511513597228	YPL036W
YGL254W	0.0590267462813	YLR438W
YGL254W	0.837407734715	YCL064C
YGL254W	0.0683466867598	YDL160C
YGL254W	0.00312590622503	YER150W
YGL254W	0.00131561144884	YFL014W
YGL254W	3.75289984283e-07	YHR029C
YGL254W	0.0119752038742	YDR380W
YGL254W	0.0170708552394	YJL172W
YGL254W	0.000101319595592	YNL194C
YGL254W	0.00685424783274	YDR361C
YGL254W	0.000687959112103	YHR216W
YGL254W	0.0214117860251	YGR183C
YGL254W	0.0431026109408	YDR523C
YGL254W	0.0527208303756	YJL153C
YJR094C	0.0209112553269	YNL037C
YJR094C	0.0601774771523	YMR193W
YJR094C	0.0510429232287	YHR051W
YJR094C	0.324530741025	YPL111W
YJR094C	0.000778476675069	YGL009C
YJR094C	0.0271872049959	YPR002W
YJR094C	0.094566510462	YML123C
YJR094C	0.217519390371	YHR136C
YJR094C	0.000300912594175	YER158C
YJR094C	0.116701819854	YJL217W
YJR094C	0.108608196207	YKR075C
YJR094C	0.000786072753554	YLR258W
YJR094C	7.36710065694e-05	YDR171W
YJR094C	0.000956371652213	YIL136W
YJR094C	0.0304332841644	YKR056W
YJR094C	0.0623094358959	YAL062W
YJR094C	0.0570259840301	YCR021C
YJR094C	0.00640182576689	YDL110C
YJR094C	0.000281497222107	YGR043C
YJR094C	0.0616439693374	YGR142W
YJR094C	2.35450512671e-10	YHR018C
YJR094C	3.56214241149e-05	YJL088W
YJR094C	0.000119313063403	YJR148W
YJR094C	0.0121542521048	YLR009W
YJR094C	0.0670147868871	YLR130C
YJR094C	0.041837782511	YLR267W
YJR094C	0.0151907892107	YLR327C
YJR094C	2.15789600295e-07	YNL036W
YJR094C	0.0189615981181	YNR053C
YJR094C	0.0542587970148	YOR302W
YJR094C	0.00564980143834	YPL012W
YJR094C	0.0326059981535	YIL037C
YJR094C	0.00286207679392	YKR009C
YJR094C	0.0345106074228	YFR022W
YJR094C	0.00303742699681	YPL265W
YJR094C	0.00761688517087	YOR100C
YJR094C	0.00850403794248	YOR348C
YJR094C	0.0765743209696	YHL028W
YJR094C	0.0170189511488	YLL011W
YJR094C	0.0592021380984	YPL036W
YJR094C	0.0176091544467	YAL054C
YJR094C	0.086318550022	YLR438W
YJR094C	0.000462191095322	YIL155C
YJR094C	0.0355088903577	YBR054W
YJR094C	0.019826786732	YCL064C
YJR094C	0.0859374206954	YDL160C
YJR094C	0.143587006724	YDR384C
YJR094C	0.0211780955649	YER067W
YJR094C	0.00275464369834	YER150W
YJR094C	0.00126286300342	YFL014W
YJR094C	1.11594251688e-05	YHR029C
YJR094C	0.012157763415	YHR087W
YJR094C	0.0015073526882	YLR178C
YJR094C	0.0017515510265	YMR169C
YJR094C	0.000298052792716	YMR229C
YJR094C	0.0903980578438	YNR064C
YJR094C	0.0127836328201	YOR206W
YJR094C	0.0713696886812	YOR388C
YJR094C	0.0733654914529	YDR380W
YJR094C	0.071335541134	YPL061W
YJR094C	0.0902928560874	YJL172W
YJR094C	0.000108677011456	YNL194C
YJR094C	0.00487750860031	YDR361C
YJR094C	0.00102834362846	YHR216W
YJR094C	0.0204583220654	YNR046W
YJR094C	0.021969276132	YGR183C
YJR094C	0.00147046215492	YLL034C
YJR094C	0.112234425847	YDR523C
YJR094C	0.0642450356626	YOL014W
YJR094C	0.0017844207403	YLR174W
YJR094C	0.0745585259774	YJL153C
YJR094C	0.0789946311682	YGL229C
YJR094C	0.0502682307789	YJL063C
YKL062W	0.0835015980301	YNL037C
YKL062W	0.00110712720744	YLR276C
YKL062W	0.0224952671055	YMR193W
YKL062W	0.211696355231	YHR051W
YKL062W	0.141793561067	YPL111W
YKL062W	0.000311759347193	YGL009C
YKL062W	0.167963088377	YPR002W
YKL062W	0.0749702939811	YML123C
YKL062W	0.0501038694331	YHR136C
YKL062W	0.00693151799207	YER158C
YKL062W	0.0658271972552	YJL217W
YKL062W	0.0860183882767	YKR075C
YKL062W	0.983132150417	YLR258W
YKL062W	0.000338970289396	YDR171W
YKL062W	0.459809046792	YIL136W
YKL062W	0.0227204039699	YKR056W
YKL062W	0.0516040424518	YAL062W
YKL062W	0.0684900481962	YCR021C
YKL062W	0.0761775982222	YDL110C
YKL062W	0.00491751712325	YGR043C
YKL062W	0.29618499622	YGR142W
YKL062W	2.64919979273e-11	YHR018C
YKL062W	6.64073569903e-06	YJL088W
YKL062W	3.42524572504e-05	YJR148W
YKL062W	0.0201339691358	YLR009W
YKL062W	0.0499643722568	YLR130C
YKL062W	0.0367141403874	YLR327C
YKL062W	9.94107673704e-08	YNL036W
YKL062W	0.0292869834668	YOR302W
YKL062W	0.0158926719054	YPL012W
YKL062W	0.00330676935913	YKR009C
YKL062W	0.022911222934	YFR022W
YKL062W	0.00191650775709	YPL265W
YKL062W	0.00346050833729	YOR100C
YKL062W	0.0131194942706	YOR348C
YKL062W	0.211447509593	YHL028W
YKL062W	0.128706193266	YGR067C
YKL062W	0.00896335343273	YLL011W
YKL062W	0.343592470629	YPL036W
YKL062W	0.130863854518	YAL054C
YKL062W	0.00576051617259	YIL155C
YKL062W	0.198379482197	YBR054W
YKL062W	0.0187344129485	YCL064C
YKL062W	0.0568492743256	YDR384C
YKL062W	0.396216061588	YER067W
YKL062W	0.685390362534	YER150W
YKL062W	0.63965503793	YFL014W
YKL062W	5.22146904685e-07	YHR029C
YKL062W	0.161437937381	YHR087W
YKL062W	0.34420184098	YLR178C
YKL062W	0.00600673317823	YMR169C
YKL062W	0.00114372115496	YMR229C
YKL062W	0.0560593031848	YNR064C
YKL062W	0.0216648641793	YOR206W
YKL062W	0.0675950382925	YOR388C
YKL062W	0.0133628072642	YDR380W
YKL062W	0.0487151898264	YPL061W
YKL062W	0.00113997569938	YNL194C
YKL062W	0.0119252880448	YDR361C
YKL062W	0.0693778254505	YNR046W
YKL062W	0.09719543799	YGR183C
YKL062W	0.00387057673005	YLL034C
YKL062W	0.0303187196798	YOL014W
YKL062W	0.00357414728079	YLR174W
YKL062W	0.0534976510152	YJL153C
YKL062W	0.156217655069	YGL229C
YKL062W	0.0340684881687	YJL063C
YMR280C	0.046417940387	YNL037C
YMR280C	0.0060816458258	YLR276C
YMR280C	0.0845583786769	YHR051W
YMR280C	0.0467103990949	YPL111W
YMR280C	0.0168162919244	YPR002W
YMR280C	0.0654420091378	YML123C
YMR280C	0.0544260557602	YHR136C
YMR280C	0.000616477059529	YER158C
YMR280C	0.107356531489	YKR075C
YMR280C	0.00120129261208	YLR258W
YMR280C	0.000345283529585	YDR171W
YMR280C	0.00483922030319	YIL136W
YMR280C	0.0310097240487	YKR056W
YMR280C	0.0489574794202	YAL062W
YMR280C	0.0395984855221	YCR021C
YMR280C	0.0269649220541	YDL110C
YMR280C	0.000997425811337	YGR043C
YMR280C	3.55709012824e-06	YJL088W
YMR280C	1.25565492889e-05	YJR148W
YMR280C	0.0319837940057	YLR009W
YMR280C	0.0340414791261	YLR130C
YMR280C	0.000115543145899	YLR267W
YMR280C	0.0223781839974	YLR327C
YMR280C	5.62090646078e-08	YNL036W
YMR280C	0.0225190335237	YNR053C
YMR280C	0.0097313052683	YPL012W
YMR280C	0.0139100701122	YIL037C
YMR280C	0.0153769315819	YKR009C
YMR280C	0.0713497125026	YFR022W
YMR280C	0.00161188944628	YPL265W
YMR280C	0.0054905166249	YOR100C
YMR280C	0.0248549161872	YOR348C
YMR280C	0.0169881648168	YHL028W
YMR280C	0.0507672075598	YGR067C
YMR280C	0.0197187037208	YLL011W
YMR280C	0.061015587918	YPL036W
YMR280C	0.0254980929909	YAL054C
YMR280C	0.103504426783	YLR438W
YMR280C	0.00473878995256	YIL155C
YMR280C	0.0318065058029	YBR054W
YMR280C	0.0558464134089	YDL160C
YMR280C	0.141578977979	YDR384C
YMR280C	0.0166844539049	YER067W
YMR280C	0.00529895541886	YER150W
YMR280C	0.0179998784819	YHR087W
YMR280C	0.00695034074751	YLR178C
YMR280C	0.00132506693316	YMR169C
YMR280C	0.00091394314984	YMR229C
YMR280C	0.0615108643249	YNR064C
YMR280C	0.024385688247	YOR206W
YMR280C	0.078183139219	YOR388C
YMR280C	0.0417796749692	YPL061W
YMR280C	0.0117967259297	YJL172W
YMR280C	0.000372995197613	YNL194C
YMR280C	0.0325400090159	YDR361C
YMR280C	0.00118872368858	YHR216W
YMR280C	0.0386395616003	YNR046W
YMR280C	0.0434593603209	YGR183C
YMR280C	0.00411287776322	YLL034C
YMR280C	0.0956457580261	YDR523C
YMR280C	0.040763498015	YOL014W
YMR280C	0.0236635977231	YLR174W
YMR280C	0.110083429762	YJL153C
YMR280C	0.0538651672226	YGL229C
YMR280C	0.0419490311002	YJL063C
YOR032C	0.0409338406579	YNL037C
YOR032C	0.000979152143717	YLR276C
YOR032C	0.0225116095893	YMR193W
YOR032C	0.0599039832957	YHR051W
YOR032C	0.0572939065345	YPL111W
YOR032C	0.000227209098096	YGL009C
YOR032C	0.0240066222714	YPR002W
YOR032C	0.0894570495664	YML123C
YOR032C	0.0621209198352	YHR136C
YOR032C	0.0208695511165	YER158C
YOR032C	0.0814103393168	YJL217W
YOR032C	0.00304644318515	YLR258W
YOR032C	0.000314250410281	YDR171W
YOR032C	0.0138224010951	YIL136W
YOR032C	0.0205340432405	YKR056W
YOR032C	0.0426155171885	YCR021C
YOR032C	0.0534381618106	YDL110C
YOR032C	0.00642437131046	YGR043C
YOR032C	0.0368265031673	YGR142W
YOR032C	2.45356172455e-11	YHR018C
YOR032C	4.66109410097e-06	YJL088W
YOR032C	1.56080470216e-05	YJR148W
YOR032C	0.0224129605281	YLR009W
YOR032C	0.0353786721253	YLR130C
YOR032C	0.000147868646337	YLR267W
YOR032C	0.0377600059218	YLR327C
YOR032C	5.85701639535e-08	YNL036W
YOR032C	0.0149289780781	YNR053C
YOR032C	0.030453748067	YOR302W
YOR032C	0.0110192496012	YPL012W
YOR032C	0.0146194455135	YIL037C
YOR032C	0.00545987185603	YKR009C
YOR032C	0.0305461734402	YFR022W
YOR032C	0.00116624117941	YPL265W
YOR032C	0.00930669407883	YOR100C
YOR032C	0.0448058747939	YOR348C
YOR032C	0.139761741162	YHL028W
YOR032C	0.0695912372002	YGR067C
YOR032C	0.00975477031634	YLL011W
YOR032C	0.0531284159328	YPL036W
YOR032C	0.0383239419667	YAL054C
YOR032C	0.14444038069	YLR438W
YOR032C	0.00907026010244	YIL155C
YOR032C	0.0310757774254	YBR054W
YOR032C	0.0335746742196	YCL064C
YOR032C	0.0968779693322	YDL160C
YOR032C	0.0405545935699	YDR384C
YOR032C	0.036694856114	YER067W
YOR032C	0.0199509405014	YER150W
YOR032C	0.00479252573608	YFL014W
YOR032C	3.35872405826e-07	YHR029C
YOR032C	0.0346787141816	YHR087W
YOR032C	0.0114031916541	YLR178C
YOR032C	0.00824841394174	YMR169C
YOR032C	0.000830779920619	YMR229C
YOR032C	0.0484410575827	YNR064C
YOR032C	0.0168284397018	YOR206W
YOR032C	0.0552595960835	YOR388C
YOR032C	0.0103380673733	YDR380W
YOR032C	0.063522559664	YPL061W
YOR032C	0.015432975815	YJL172W
YOR032C	0.00359538411156	YNL194C
YOR032C	0.00968099359608	YDR361C
YOR032C	0.000851784259219	YHR216W
YOR032C	0.0331105940307	YNR046W
YOR032C	0.043935122266	YGR183C
YOR032C	0.00415657158476	YLL034C
YOR032C	0.0436640630078	YDR523C
YOR032C	0.0382521979976	YOL014W
YOR032C	0.0112127302524	YLR174W
YOR032C	0.0794783148217	YJL153C
YOR032C	0.0631197535025	YGL229C
YOR032C	0.041124199674	YJL063C
