YBL103C	0.122309973189	YNL037C
YBL103C	0.05221395328	YLR276C
YBL103C	0.368352496898	YMR193W
YBL103C	0.112927927788	YPL111W
YBL103C	0.968152735608	YGL009C
YBL103C	0.924206199237	YPR002W
YBL103C	0.192885079797	YML123C
YBL103C	0.0977034949214	YHR136C
YBL103C	0.0313651925226	YER158C
YBL103C	0.071726546402	YJL217W
YBL103C	0.0722751334519	YKR075C
YBL103C	0.0572394785259	YLR258W
YBL103C	0.0719689243097	YDR171W
YBL103C	0.0536155886726	YIL136W
YBL103C	0.197418696979	YKR056W
YBL103C	0.2707682944	YAL062W
YBL103C	0.1366317782	YCR021C
YBL103C	0.0420410954638	YDL110C
YBL103C	0.122610189406	YGR142W
YBL103C	0.233313095505	YHR018C
YBL103C	0.103466709328	YJL088W
YBL103C	0.459233162185	YJR148W
YBL103C	0.117692817414	YLR009W
YBL103C	0.0661494080108	YLR130C
YBL103C	0.142094142959	YLR267W
YBL103C	0.13684629738	YLR327C
YBL103C	0.220757201742	YNL036W
YBL103C	0.0942705680007	YNR053C
YBL103C	0.158252801738	YOR302W
YBL103C	0.0697641959534	YPL012W
YBL103C	0.0788579516365	YIL037C
YBL103C	0.0499694380825	YKR009C
YBL103C	0.097013481205	YFR022W
YBL103C	0.804763961777	YPL265W
YBL103C	0.0944242933206	YOR100C
YBL103C	0.0531406126141	YOR348C
YBL103C	0.0503515663779	YHL028W
YBL103C	0.0798627335879	YLL011W
YBL103C	0.193409533659	YPL036W
YBL103C	0.0637152437433	YLR438W
YBL103C	0.0361677363645	YIL155C
YBL103C	0.0990338958817	YBR054W
YBL103C	0.161308193785	YCL064C
YBL103C	0.0690109125951	YDL160C
YBL103C	0.123519570129	YDR384C
YBL103C	0.0533778839862	YER067W
YBL103C	0.0441560893273	YER150W
YBL103C	0.0924302763754	YFL014W
YBL103C	0.121232685057	YHR029C
YBL103C	0.152888407384	YHR087W
YBL103C	0.0518644067155	YLR178C
YBL103C	0.204585361954	YNR064C
YBL103C	0.0653761448871	YOR206W
YBL103C	0.179799777361	YOR388C
YBL103C	0.548935895948	YDR380W
YBL103C	0.388121612935	YPL061W
YBL103C	0.0678798264911	YJL172W
YBL103C	0.0500423947082	YNL194C
YBL103C	0.0497297791943	YDR361C
YBL103C	0.067542990593	YHR216W
YBL103C	0.0783574092906	YGR183C
YBL103C	0.0523684192581	YLL034C
YBL103C	0.136861978443	YDR523C
YBL103C	0.0558617163562	YOL014W
YBL103C	0.142799951968	YLR174W
YBL103C	0.330534206244	YJL153C
YBL103C	0.0637348065228	YGL229C
YBL103C	0.186679313313	YJL063C
YDL170W	0.140637365427	YNL037C
YDL170W	0.0558723104467	YLR276C
YDL170W	0.548422865988	YMR193W
YDL170W	0.29721608287	YGL009C
YDL170W	0.125869481545	YPR002W
YDL170W	0.16439532641	YML123C
YDL170W	0.186192768453	YHR136C
YDL170W	0.103927766865	YJL217W
YDL170W	0.0697788163462	YKR075C
YDL170W	0.0585133991479	YLR258W
YDL170W	0.0528438645686	YDR171W
YDL170W	0.0374152235493	YIL136W
YDL170W	0.530662229745	YKR056W
YDL170W	0.170090760055	YAL062W
YDL170W	0.233712268927	YCR021C
YDL170W	0.0481625712456	YGR142W
YDL170W	1.0	YHR018C
YDL170W	0.914965975344	YJL088W
YDL170W	0.469569701067	YJR148W
YDL170W	0.511086804882	YLR009W
YDL170W	0.0577836026035	YLR130C
YDL170W	0.344573645934	YLR267W
YDL170W	0.116466338796	YLR327C
YDL170W	1.0	YNL036W
YDL170W	0.210864288235	YNR053C
YDL170W	0.720170156646	YOR302W
YDL170W	0.166953879048	YPL012W
YDL170W	0.932985104319	YIL037C
YDL170W	0.0596272543545	YKR009C
YDL170W	0.338197347142	YFR022W
YDL170W	0.615404708886	YPL265W
YDL170W	0.180291462187	YOR100C
YDL170W	0.145335709655	YOR348C
YDL170W	0.062749521496	YHL028W
YDL170W	0.263835167638	YGR067C
YDL170W	0.198443716085	YLL011W
YDL170W	0.161156691725	YPL036W
YDL170W	0.193506886267	YAL054C
YDL170W	0.0628238315494	YLR438W
YDL170W	0.084475526764	YCL064C
YDL170W	0.145569664149	YDL160C
YDL170W	0.220160109586	YDR384C
YDL170W	0.114087906085	YER067W
YDL170W	0.0358060781691	YER150W
YDL170W	0.0401513581216	YFL014W
YDL170W	0.639463387556	YHR029C
YDL170W	0.0398431912751	YLR178C
YDL170W	0.13193518559	YMR229C
YDL170W	0.122759503442	YNR064C
YDL170W	0.129843281262	YOR206W
YDL170W	0.0611793740745	YOR388C
YDL170W	0.268875404295	YDR380W
YDL170W	0.283591533772	YPL061W
YDL170W	0.446228197407	YJL172W
YDL170W	0.0897336018302	YNL194C
YDL170W	0.0511026845392	YDR361C
YDL170W	0.0849668882642	YHR216W
YDL170W	0.169843623851	YNR046W
YDL170W	0.0579832674466	YGR183C
YDL170W	0.0765918075753	YLL034C
YDL170W	0.055538850313	YDR523C
YDL170W	0.0712861884748	YOL014W
YDL170W	0.0634068509648	YLR174W
YDL170W	0.206081542584	YJL153C
YDL170W	0.242593904273	YGL229C
YDL170W	0.757312733377	YJL063C
YDR043C	1.0	YNL037C
YDR043C	1.0	YLR276C
YDR043C	0.0560545577542	YMR193W
YDR043C	0.357872677604	YHR051W
YDR043C	0.188117812954	YPL111W
YDR043C	0.688339694919	YGL009C
YDR043C	0.0418675969902	YPR002W
YDR043C	1.0	YER158C
YDR043C	0.0694684679766	YJL217W
YDR043C	0.122504989459	YKR075C
YDR043C	0.241211112105	YLR258W
YDR043C	1.0	YDR171W
YDR043C	1.0	YIL136W
YDR043C	0.464238095289	YKR056W
YDR043C	0.248946572649	YAL062W
YDR043C	0.080761447106	YCR021C
YDR043C	1.0	YDL110C
YDR043C	1.0	YGR043C
YDR043C	0.0900762007706	YHR018C
YDR043C	0.057236949597	YJL088W
YDR043C	0.887588299511	YLR009W
YDR043C	0.0535908553586	YLR130C
YDR043C	1.0	YLR327C
YDR043C	0.133088075433	YNL036W
YDR043C	0.941977782266	YNR053C
YDR043C	0.0711486408554	YOR302W
YDR043C	1.0	YPL012W
YDR043C	0.0547310529834	YIL037C
YDR043C	1.0	YKR009C
YDR043C	0.939110384109	YFR022W
YDR043C	0.205920960201	YPL265W
YDR043C	0.951397387239	YOR100C
YDR043C	1.0	YOR348C
YDR043C	0.77103853763	YHL028W
YDR043C	0.141655498789	YGR067C
YDR043C	1.0	YLL011W
YDR043C	0.0715858693006	YPL036W
YDR043C	0.865949597373	YAL054C
YDR043C	0.127561134353	YLR438W
YDR043C	1.0	YIL155C
YDR043C	0.803116377619	YBR054W
YDR043C	0.0495407009882	YCL064C
YDR043C	0.293058361628	YDL160C
YDR043C	0.790001566541	YDR384C
YDR043C	0.720294259352	YER067W
YDR043C	0.888523993798	YER150W
YDR043C	0.0644496449772	YFL014W
YDR043C	0.958846545282	YHR087W
YDR043C	1.0	YLR178C
YDR043C	1.0	YMR169C
YDR043C	1.0	YMR229C
YDR043C	1.0	YOR206W
YDR043C	0.353976261328	YOR388C
YDR043C	0.073440255191	YDR380W
YDR043C	0.4480012213	YJL172W
YDR043C	1.0	YNL194C
YDR043C	1.0	YDR361C
YDR043C	1.0	YHR216W
YDR043C	0.802122438104	YNR046W
YDR043C	1.0	YGR183C
YDR043C	1.0	YLL034C
YDR043C	0.471725961523	YDR523C
YDR043C	0.848929015994	YOL014W
YDR043C	1.0	YLR174W
YDR043C	0.162017115528	YJL153C
YDR043C	0.0621695337524	YGL229C
YDR043C	0.165968148093	YJL063C
YDR216W	0.06189284821	YLR276C
YDR216W	0.0731248428053	YHR051W
YDR216W	0.0648365271976	YML123C
YDR216W	0.0734073772377	YHR136C
YDR216W	0.119509924514	YER158C
YDR216W	0.0705282867712	YJL217W
YDR216W	0.0709971435597	YKR075C
YDR216W	0.0723471166586	YLR258W
YDR216W	0.0649692299866	YDR171W
YDR216W	0.20589816614	YIL136W
YDR216W	0.0414792819441	YCR021C
YDR216W	0.2743619098	YDL110C
YDR216W	0.548583514025	YGR043C
YDR216W	0.528185104191	YGR142W
YDR216W	0.176038562284	YLR130C
YDR216W	0.396639852321	YLR327C
YDR216W	0.0352233972019	YNL036W
YDR216W	0.0582795793817	YNR053C
YDR216W	0.0711507331238	YOR302W
YDR216W	0.128628354907	YPL012W
YDR216W	0.123835688727	YIL037C
YDR216W	0.132040280034	YKR009C
YDR216W	0.0496314243751	YFR022W
YDR216W	0.165688875744	YOR100C
YDR216W	0.123842232883	YOR348C
YDR216W	0.250081613457	YGR067C
YDR216W	0.0559321502126	YLL011W
YDR216W	0.052076189495	YAL054C
YDR216W	0.0906544264772	YLR438W
YDR216W	0.137688945096	YIL155C
YDR216W	0.076941003173	YBR054W
YDR216W	0.0534839714917	YCL064C
YDR216W	0.0633269255784	YDL160C
YDR216W	0.344903675089	YER150W
YDR216W	0.96911908228	YFL014W
YDR216W	0.150789606621	YHR087W
YDR216W	0.135086077777	YLR178C
YDR216W	0.109127153654	YMR169C
YDR216W	0.0662013859895	YMR229C
YDR216W	0.220614667028	YNR064C
YDR216W	0.0733691607235	YOR206W
YDR216W	0.0873749542302	YOR388C
YDR216W	0.220578189851	YPL061W
YDR216W	0.0543971428705	YNL194C
YDR216W	0.0736716993497	YDR361C
YDR216W	0.0753183031811	YHR216W
YDR216W	0.0669739724963	YGR183C
YDR216W	0.0538552173488	YLL034C
YDR216W	0.175435031716	YOL014W
YDR216W	0.0522224838957	YLR174W
YER040W	0.0644111348455	YNL037C
YER040W	0.0719197239486	YLR276C
YER040W	0.245053455231	YMR193W
YER040W	0.556976168787	YGL009C
YER040W	0.259286288679	YPR002W
YER040W	0.0781350145593	YML123C
YER040W	0.0890607713566	YHR136C
YER040W	0.123253110077	YJL217W
YER040W	0.0752450833943	YKR075C
YER040W	0.0676576292206	YLR258W
YER040W	0.0783080055101	YDR171W
YER040W	0.0375988682013	YIL136W
YER040W	0.261179268719	YKR056W
YER040W	0.319380886679	YAL062W
YER040W	0.117147554744	YCR021C
YER040W	0.0288801863703	YGR043C
YER040W	0.619559931178	YHR018C
YER040W	0.433320375725	YJL088W
YER040W	0.882394481556	YJR148W
YER040W	0.259453014385	YLR009W
YER040W	0.0664107187411	YLR130C
YER040W	0.733425650263	YLR267W
YER040W	0.439680627859	YNL036W
YER040W	0.0932461373968	YNR053C
YER040W	0.220524904964	YOR302W
YER040W	0.0705566800517	YPL012W
YER040W	0.149202340561	YIL037C
YER040W	0.0766525377335	YKR009C
YER040W	0.17217330429	YFR022W
YER040W	0.2750847956	YPL265W
YER040W	0.921414034413	YOR100C
YER040W	0.0838384575201	YOR348C
YER040W	0.266668099785	YGR067C
YER040W	0.148792690524	YLL011W
YER040W	0.0876357421924	YPL036W
YER040W	0.311346134743	YAL054C
YER040W	0.0663863657563	YLR438W
YER040W	0.0389796071924	YIL155C
YER040W	0.0516525948818	YBR054W
YER040W	0.0709124147798	YCL064C
YER040W	0.0803569631392	YDL160C
YER040W	0.26055008632	YDR384C
YER040W	0.115444219405	YER067W
YER040W	0.0356143946077	YER150W
YER040W	0.0382181151734	YFL014W
YER040W	0.740188442142	YHR029C
YER040W	0.0479520558525	YLR178C
YER040W	0.045399926435	YMR169C
YER040W	0.157869723625	YMR229C
YER040W	0.20070774277	YNR064C
YER040W	0.0810287499055	YOR206W
YER040W	0.0815780712887	YOR388C
YER040W	0.231383284464	YDR380W
YER040W	0.299275808912	YPL061W
YER040W	0.495941168747	YJL172W
YER040W	0.262339251757	YNL194C
YER040W	0.0554586442708	YDR361C
YER040W	0.0788645282079	YHR216W
YER040W	0.522665787321	YNR046W
YER040W	0.0532304310582	YGR183C
YER040W	0.166737326121	YLL034C
YER040W	0.0494933705385	YDR523C
YER040W	0.163515216681	YOL014W
YER040W	0.0645279229631	YLR174W
YER040W	0.0964081824906	YJL153C
YER040W	0.174699631881	YGL229C
YER040W	0.163933419284	YJL063C
YGL254W	0.199734190714	YNL037C
YGL254W	0.0822290846365	YLR276C
YGL254W	0.133736989051	YHR051W
YGL254W	0.0780343496962	YJL217W
YGL254W	0.0706585450308	YKR075C
YGL254W	0.0418277390096	YLR258W
YGL254W	0.0402473278181	YDR171W
YGL254W	0.0350159710481	YIL136W
YGL254W	0.201829902931	YAL062W
YGL254W	0.0473694810569	YGR142W
YGL254W	0.0221218478294	YHR018C
YGL254W	0.936861900755	YLR130C
YGL254W	0.067550596379	YNR053C
YGL254W	0.078289763974	YIL037C
YGL254W	0.0512777221808	YKR009C
YGL254W	0.0500937094031	YFR022W
YGL254W	1.0	YCL064C
YGL254W	0.0663600124189	YDL160C
YGL254W	0.0454655846299	YFL014W
YGL254W	0.036121166011	YLR178C
YGL254W	0.0692805080377	YOR206W
YGL254W	0.127517328616	YDR361C
YGL254W	0.0765489276808	YHR216W
YGL254W	0.0550757725746	YGR183C
YGL254W	0.0744653477256	YOL014W
YJR094C	0.088403911339	YLR276C
YJR094C	0.124305687491	YMR193W
YJR094C	0.123910912644	YHR051W
YJR094C	0.689463877063	YPL111W
YJR094C	0.036320147918	YGL009C
YJR094C	0.0919913917373	YPR002W
YJR094C	0.0938306584065	YML123C
YJR094C	0.316812361152	YHR136C
YJR094C	0.0992844340199	YER158C
YJR094C	0.116701819854	YJL217W
YJR094C	0.108608196207	YKR075C
YJR094C	0.0701739782452	YLR258W
YJR094C	0.0857489713734	YDR171W
YJR094C	0.131458727236	YIL136W
YJR094C	0.0998323169881	YCR021C
YJR094C	0.0633531210213	YDL110C
YJR094C	0.0579893379738	YGR043C
YJR094C	0.147146649271	YGR142W
YJR094C	0.0773786653336	YHR018C
YJR094C	0.126080997744	YJL088W
YJR094C	0.583789779528	YJR148W
YJR094C	0.0579217728187	YLR009W
YJR094C	0.238443529831	YLR130C
YJR094C	0.770417710918	YLR267W
YJR094C	0.148531863644	YLR327C
YJR094C	0.179510672387	YNL036W
YJR094C	0.0752311493833	YNR053C
YJR094C	0.0804285552366	YOR302W
YJR094C	0.0732487069327	YPL012W
YJR094C	0.0817552761832	YIL037C
YJR094C	0.0709070931407	YKR009C
YJR094C	0.0709491172358	YFR022W
YJR094C	0.0562128402623	YPL265W
YJR094C	0.0695292887271	YOR100C
YJR094C	0.119731573323	YOR348C
YJR094C	0.287788063317	YHL028W
YJR094C	0.238072483039	YLL011W
YJR094C	0.0703211074459	YPL036W
YJR094C	0.145605592599	YLR438W
YJR094C	0.041320384826	YIL155C
YJR094C	0.150897764788	YBR054W
YJR094C	0.1620391073	YCL064C
YJR094C	0.0834394258882	YDL160C
YJR094C	0.330988393297	YDR384C
YJR094C	0.158923120537	YER067W
YJR094C	0.114948718091	YER150W
YJR094C	0.100339004982	YFL014W
YJR094C	0.247818656424	YHR029C
YJR094C	0.105001678866	YHR087W
YJR094C	0.137567397801	YLR178C
YJR094C	0.268073839596	YMR169C
YJR094C	0.0603624281627	YMR229C
YJR094C	0.0890302422163	YNR064C
YJR094C	0.0764300141374	YOR206W
YJR094C	0.0677027876016	YOR388C
YJR094C	0.319999620863	YDR380W
YJR094C	0.0630873156732	YPL061W
YJR094C	0.311343172897	YJL172W
YJR094C	0.0964887730099	YDR361C
YJR094C	0.0880780991828	YHR216W
YJR094C	0.140099157003	YNR046W
YJR094C	0.0876916239014	YGR183C
YJR094C	0.0710292899495	YLL034C
YJR094C	0.190463294401	YDR523C
YJR094C	0.0940152638489	YOL014W
YJR094C	0.0579291575157	YLR174W
YJR094C	0.0683502505136	YJL153C
YJR094C	0.0744040529618	YGL229C
YJR094C	0.0744290794215	YJL063C
YKL062W	0.397799137948	YNL037C
YKL062W	0.121775509817	YLR276C
YKL062W	0.422548118467	YHR051W
YKL062W	0.235199663264	YPL111W
YKL062W	0.258683797644	YPR002W
YKL062W	0.0743869263105	YML123C
YKL062W	0.539447801638	YER158C
YKL062W	0.0658271972552	YJL217W
YKL062W	0.0860183882767	YKR075C
YKL062W	1.0	YLR258W
YKL062W	0.183083710254	YDR171W
YKL062W	1.0	YIL136W
YKL062W	0.0682468429974	YCR021C
YKL062W	0.564336433685	YDL110C
YKL062W	0.420391904408	YGR043C
YKL062W	0.571442495051	YGR142W
YKL062W	0.0503108487081	YJL088W
YKL062W	0.0473811769223	YLR009W
YKL062W	0.0554508472788	YLR130C
YKL062W	0.106797852569	YLR327C
YKL062W	0.0499288665038	YNR053C
YKL062W	0.124956937038	YPL012W
YKL062W	0.0579438359543	YIL037C
YKL062W	0.0689245561047	YKR009C
YKL062W	0.0735771866796	YOR100C
YKL062W	0.0596615238476	YOR348C
YKL062W	0.501613022344	YHL028W
YKL062W	0.279965240604	YGR067C
YKL062W	0.0589087483918	YLL011W
YKL062W	0.77485736757	YPL036W
YKL062W	0.544942925512	YAL054C
YKL062W	0.314083046122	YIL155C
YKL062W	0.512222145267	YBR054W
YKL062W	0.0597981348679	YCL064C
YKL062W	0.88973626133	YER067W
YKL062W	1.0	YER150W
YKL062W	1.0	YFL014W
YKL062W	0.58903416057	YHR087W
YKL062W	1.0	YLR178C
YKL062W	0.33819489609	YMR169C
YKL062W	0.358637928465	YMR229C
YKL062W	0.0552110682471	YNR064C
YKL062W	0.0859566591982	YOR206W
YKL062W	0.0641220748612	YOR388C
YKL062W	0.233933746946	YNL194C
YKL062W	0.106957366217	YDR361C
YKL062W	0.0540092441343	YHR216W
YKL062W	0.358679435618	YNR046W
YKL062W	0.179614191892	YGR183C
YKL062W	0.243907817452	YLL034C
YKL062W	0.0793367588457	YLR174W
YKL062W	0.310793573093	YGL229C
YMR280C	0.130764224592	YLR276C
YMR280C	0.0739321306827	YHR051W
YMR280C	0.0633439849778	YPL111W
YMR280C	0.064932784078	YML123C
YMR280C	0.0533474310098	YHR136C
YMR280C	0.107356531489	YKR075C
YMR280C	0.0598901645842	YLR258W
YMR280C	0.0663299468562	YDR171W
YMR280C	0.0429033880524	YIL136W
YMR280C	0.0657906589655	YKR056W
YMR280C	0.0422684902564	YDL110C
YMR280C	0.0227048342614	YHR018C
YMR280C	0.0475850883255	YLR009W
YMR280C	0.0579667641643	YPL012W
YMR280C	0.0939421141006	YKR009C
YMR280C	0.0687912056194	YFR022W
YMR280C	0.0549734658012	YPL265W
YMR280C	0.046390149177	YOR100C
YMR280C	0.0599429486394	YOR348C
YMR280C	0.0613777449239	YLL011W
YMR280C	0.0556571436927	YPL036W
YMR280C	0.103472903152	YLR438W
YMR280C	0.106837784662	YIL155C
YMR280C	0.0716584093339	YDR384C
YMR280C	0.0363054818013	YFL014W
YMR280C	0.0251386855347	YHR029C
YMR280C	0.0467839873867	YLR178C
YMR280C	0.0491216823049	YMR229C
YMR280C	0.060580141658	YNR064C
YMR280C	0.063730587474	YOR206W
YMR280C	0.07416617007	YOR388C
YMR280C	0.111129696784	YDR361C
YMR280C	0.0560664283392	YHR216W
YMR280C	0.0610673187206	YGR183C
YMR280C	0.0598567615181	YLL034C
YMR280C	0.141059631412	YDR523C
YMR280C	0.0614870410275	YOL014W
YMR280C	0.181596239961	YLR174W
YMR280C	0.184447930991	YJL153C
YMR280C	0.0583644125655	YJL063C
YOR032C	0.0603957489716	YNL037C
YOR032C	0.0636345783311	YLR276C
YOR032C	0.069982323617	YPL111W
YOR032C	0.046945869577	YPR002W
YOR032C	0.0887609558491	YML123C
YOR032C	0.110758282513	YHR136C
YOR032C	0.449367994637	YER158C
YOR032C	0.0814103393168	YJL217W
YOR032C	0.0562179274591	YLR258W
YOR032C	0.0689187864043	YDR171W
YOR032C	0.0463415062673	YIL136W
YOR032C	0.0424641913302	YCR021C
YOR032C	0.174965177978	YDL110C
YOR032C	0.273197122964	YGR043C
YOR032C	0.0477594433223	YJL088W
YOR032C	0.0653896523331	YLR327C
YOR032C	0.0526973486028	YNR053C
YOR032C	0.056155134059	YOR302W
YOR032C	0.0654483664019	YPL012W
YOR032C	0.0793760823916	YIL037C
YOR032C	0.0615828520695	YKR009C
YOR032C	0.094293804311	YOR100C
YOR032C	0.0962191652086	YOR348C
YOR032C	0.138337470279	YHL028W
YOR032C	0.0622280224929	YAL054C
YOR032C	0.203709721501	YLR438W
YOR032C	0.160531003383	YIL155C
YOR032C	0.0457999409877	YBR054W
YOR032C	0.159838902364	YCL064C
YOR032C	0.0940619590032	YDL160C
YOR032C	0.0475188254156	YER150W
YOR032C	0.0494812399612	YFL014W
YOR032C	0.047183207482	YHR087W
YOR032C	0.0438670339468	YLR178C
YOR032C	0.243517089469	YMR169C
YOR032C	0.0648983189215	YMR229C
YOR032C	0.0551788018506	YOR206W
YOR032C	0.234634706243	YNL194C
YOR032C	0.073089030077	YDR361C
YOR032C	0.0627899093828	YHR216W
YOR032C	0.0625454979065	YGR183C
YOR032C	0.0698183915867	YLL034C
YOR032C	0.114467443561	YLR174W
YOR032C	0.0728603825954	YJL153C
YOR032C	0.0594517046675	YGL229C
YOR032C	0.0597237560688	YJL063C
