YBL103C	0.062823424913	YNL037C
YBL103C	0.05221395328	YLR276C
YBL103C	0.368352496898	YMR193W
YBL103C	0.112927927788	YPL111W
YBL103C	0.830279651967	YGL009C
YBL103C	0.923414333884	YPR002W
YBL103C	0.192885079797	YML123C
YBL103C	0.0977034949214	YHR136C
YBL103C	0.0336640157405	YER158C
YBL103C	0.071726546402	YJL217W
YBL103C	0.0722751334519	YKR075C
YBL103C	0.0572394785259	YLR258W
YBL103C	0.0719689243097	YDR171W
YBL103C	0.00495803238534	YIL136W
YBL103C	0.197418696979	YKR056W
YBL103C	0.2707682944	YAL062W
YBL103C	0.1366317782	YCR021C
YBL103C	0.0465159190007	YDL110C
YBL103C	0.0307141919448	YGR043C
YBL103C	0.122610189406	YGR142W
YBL103C	0.140275513746	YHR018C
YBL103C	0.0613368286994	YJL088W
YBL103C	0.224718354199	YJR148W
YBL103C	0.0687341836681	YLR009W
YBL103C	0.0668428493964	YLR130C
YBL103C	0.0902570509079	YLR267W
YBL103C	0.0826441364894	YLR327C
YBL103C	0.12422323764	YNL036W
YBL103C	0.0942705680007	YNR053C
YBL103C	0.158252801738	YOR302W
YBL103C	0.0700526517593	YPL012W
YBL103C	0.0788579516365	YIL037C
YBL103C	0.0499694380825	YKR009C
YBL103C	0.102386819701	YFR022W
YBL103C	0.632111796454	YPL265W
YBL103C	0.0440047845628	YOR100C
YBL103C	0.0536247980624	YOR348C
YBL103C	0.0530421521609	YHL028W
YBL103C	0.0829628100875	YLL011W
YBL103C	0.193409533659	YPL036W
YBL103C	0.0637152437433	YLR438W
YBL103C	0.0365918151852	YIL155C
YBL103C	0.101363684176	YBR054W
YBL103C	0.103213547345	YCL064C
YBL103C	0.0690109125951	YDL160C
YBL103C	0.179560497379	YDR384C
YBL103C	0.0393759207981	YER067W
YBL103C	0.0350680013588	YFL014W
YBL103C	0.0919210387626	YHR029C
YBL103C	0.0830512243467	YHR087W
YBL103C	0.0401977647235	YMR169C
YBL103C	0.0510101646499	YMR229C
YBL103C	0.204585361954	YNR064C
YBL103C	0.0653761448871	YOR206W
YBL103C	0.179799777361	YOR388C
YBL103C	0.548935895948	YDR380W
YBL103C	0.388121612935	YPL061W
YBL103C	0.0680614588062	YJL172W
YBL103C	0.0536952800814	YNL194C
YBL103C	0.0497297791943	YDR361C
YBL103C	0.067542990593	YHR216W
YBL103C	0.0488649178362	YNR046W
YBL103C	0.0783574092906	YGR183C
YBL103C	0.0533837753304	YLL034C
YBL103C	0.136861978443	YDR523C
YBL103C	0.0558617163562	YOL014W
YBL103C	0.10224206406	YLR174W
YBL103C	0.330534206244	YJL153C
YBL103C	0.0637348065228	YGL229C
YBL103C	0.186679313313	YJL063C
YDL170W	0.134026665907	YNL037C
YDL170W	0.0558723104467	YLR276C
YDL170W	0.548422865988	YMR193W
YDL170W	0.193944745261	YGL009C
YDL170W	0.127184518928	YPR002W
YDL170W	0.16439532641	YML123C
YDL170W	0.186192768453	YHR136C
YDL170W	0.0245025631512	YER158C
YDL170W	0.103927766865	YJL217W
YDL170W	0.0697788163462	YKR075C
YDL170W	0.0585133991479	YLR258W
YDL170W	0.0528438645686	YDR171W
YDL170W	0.530662229745	YKR056W
YDL170W	0.170090760055	YAL062W
YDL170W	0.233712268927	YCR021C
YDL170W	0.0311463986449	YDL110C
YDL170W	0.0249343448853	YGR043C
YDL170W	0.0481625712456	YGR142W
YDL170W	1.0	YHR018C
YDL170W	0.912956167081	YJL088W
YDL170W	0.331896672538	YJR148W
YDL170W	0.337717293146	YLR009W
YDL170W	0.0583893456125	YLR130C
YDL170W	0.28961336364	YLR267W
YDL170W	0.0547243862809	YLR327C
YDL170W	0.968362837473	YNL036W
YDL170W	0.210864288235	YNR053C
YDL170W	0.720170156646	YOR302W
YDL170W	0.114538497859	YPL012W
YDL170W	0.932985104319	YIL037C
YDL170W	0.0596272543545	YKR009C
YDL170W	0.301541723335	YFR022W
YDL170W	0.548940027969	YPL265W
YDL170W	0.200514965505	YOR100C
YDL170W	0.0949875845675	YOR348C
YDL170W	0.066102604281	YHL028W
YDL170W	0.263835167638	YGR067C
YDL170W	0.127816521729	YLL011W
YDL170W	0.161156691725	YPL036W
YDL170W	0.136638257036	YAL054C
YDL170W	0.0628238315494	YLR438W
YDL170W	0.0320852373574	YIL155C
YDL170W	0.0467589962309	YBR054W
YDL170W	0.0856398627532	YCL064C
YDL170W	0.145569664149	YDL160C
YDL170W	0.158494552125	YDR384C
YDL170W	0.0696567317283	YER067W
YDL170W	0.563288761536	YHR029C
YDL170W	0.0421007943756	YHR087W
YDL170W	0.0364803506826	YMR169C
YDL170W	0.0759406304957	YMR229C
YDL170W	0.122759503442	YNR064C
YDL170W	0.129843281262	YOR206W
YDL170W	0.0611793740745	YOR388C
YDL170W	0.268875404295	YDR380W
YDL170W	0.283591533772	YPL061W
YDL170W	0.447422211369	YJL172W
YDL170W	0.0559997289631	YNL194C
YDL170W	0.0511026845392	YDR361C
YDL170W	0.0849668882642	YHR216W
YDL170W	0.219160960038	YNR046W
YDL170W	0.0579832674466	YGR183C
YDL170W	0.0780768238887	YLL034C
YDL170W	0.055538850313	YDR523C
YDL170W	0.0712861884748	YOL014W
YDL170W	0.063526014445	YLR174W
YDL170W	0.206081542584	YJL153C
YDL170W	0.242593904273	YGL229C
YDL170W	0.757312733377	YJL063C
YDR043C	0.940717672019	YNL037C
YDR043C	1.0	YLR276C
YDR043C	0.0560545577542	YMR193W
YDR043C	0.357872677604	YHR051W
YDR043C	0.188117812954	YPL111W
YDR043C	0.385919826968	YGL009C
YDR043C	0.0423050140232	YPR002W
YDR043C	1.0	YER158C
YDR043C	0.0694684679766	YJL217W
YDR043C	0.122504989459	YKR075C
YDR043C	0.241211112105	YLR258W
YDR043C	1.0	YDR171W
YDR043C	0.960288892513	YIL136W
YDR043C	0.464238095289	YKR056W
YDR043C	0.248946572649	YAL062W
YDR043C	0.080761447106	YCR021C
YDR043C	1.0	YDL110C
YDR043C	1.0	YGR043C
YDR043C	0.0428164832352	YHR018C
YDR043C	0.0585897644816	YJL088W
YDR043C	0.880500952997	YLR009W
YDR043C	0.0541526459795	YLR130C
YDR043C	0.0112646517274	YLR267W
YDR043C	1.0	YLR327C
YDR043C	0.0727157993693	YNL036W
YDR043C	0.941977782266	YNR053C
YDR043C	0.0711486408554	YOR302W
YDR043C	1.0	YPL012W
YDR043C	0.0547310529834	YIL037C
YDR043C	1.0	YKR009C
YDR043C	0.885292512647	YFR022W
YDR043C	0.133998245376	YPL265W
YDR043C	0.637871310735	YOR100C
YDR043C	1.0	YOR348C
YDR043C	0.712470126024	YHL028W
YDR043C	0.141655498789	YGR067C
YDR043C	1.0	YLL011W
YDR043C	0.0715858693006	YPL036W
YDR043C	0.801573434949	YAL054C
YDR043C	0.127561134353	YLR438W
YDR043C	1.0	YIL155C
YDR043C	0.798484658806	YBR054W
YDR043C	0.0502235262194	YCL064C
YDR043C	0.293058361628	YDL160C
YDR043C	0.663215814316	YDR384C
YDR043C	0.632170609159	YER067W
YDR043C	0.733287781565	YER150W
YDR043C	0.0204246568505	YFL014W
YDR043C	0.953400559367	YHR087W
YDR043C	0.964843324306	YLR178C
YDR043C	1.0	YMR169C
YDR043C	1.0	YMR229C
YDR043C	1.0	YOR206W
YDR043C	0.353976261328	YOR388C
YDR043C	0.073440255191	YDR380W
YDR043C	0.446524187234	YJL172W
YDR043C	1.0	YNL194C
YDR043C	1.0	YDR361C
YDR043C	1.0	YHR216W
YDR043C	0.677249693844	YNR046W
YDR043C	1.0	YGR183C
YDR043C	1.0	YLL034C
YDR043C	0.471725961523	YDR523C
YDR043C	0.848929015994	YOL014W
YDR043C	1.0	YLR174W
YDR043C	0.162017115528	YJL153C
YDR043C	0.0621695337524	YGL229C
YDR043C	0.165968148093	YJL063C
YDR216W	0.06189284821	YLR276C
YDR216W	0.0731248428053	YHR051W
YDR216W	0.0389823002926	YPR002W
YDR216W	0.0648365271976	YML123C
YDR216W	0.0734073772377	YHR136C
YDR216W	0.047729709113	YER158C
YDR216W	0.0705282867712	YJL217W
YDR216W	0.0709971435597	YKR075C
YDR216W	0.0723471166586	YLR258W
YDR216W	0.0649692299866	YDR171W
YDR216W	0.038925487777	YIL136W
YDR216W	0.0414792819441	YCR021C
YDR216W	0.145508927091	YDL110C
YDR216W	0.310194696151	YGR043C
YDR216W	0.528185104191	YGR142W
YDR216W	0.0203975534934	YHR018C
YDR216W	0.0365695770651	YJL088W
YDR216W	0.0368857357518	YJR148W
YDR216W	0.115679037628	YLR130C
YDR216W	0.228857737699	YLR327C
YDR216W	0.0403416679707	YNL036W
YDR216W	0.0582795793817	YNR053C
YDR216W	0.0711507331238	YOR302W
YDR216W	0.0760545081935	YPL012W
YDR216W	0.123835688727	YIL037C
YDR216W	0.132040280034	YKR009C
YDR216W	0.0523803870954	YFR022W
YDR216W	0.115468375534	YOR100C
YDR216W	0.124970609168	YOR348C
YDR216W	0.250081613457	YGR067C
YDR216W	0.0581032998422	YLL011W
YDR216W	0.0592595170437	YAL054C
YDR216W	0.0906544264772	YLR438W
YDR216W	0.104921709147	YIL155C
YDR216W	0.0787510526205	YBR054W
YDR216W	0.0542211472779	YCL064C
YDR216W	0.0633269255784	YDL160C
YDR216W	0.1621154815	YER150W
YDR216W	0.901974486607	YFL014W
YDR216W	0.0908736779436	YHR087W
YDR216W	0.0279048900303	YLR178C
YDR216W	0.0749920226971	YMR169C
YDR216W	0.069408878175	YMR229C
YDR216W	0.220614667028	YNR064C
YDR216W	0.0733691607235	YOR206W
YDR216W	0.0873749542302	YOR388C
YDR216W	0.220578189851	YPL061W
YDR216W	0.0583679066338	YNL194C
YDR216W	0.0736716993497	YDR361C
YDR216W	0.0753183031811	YHR216W
YDR216W	0.0669739724963	YGR183C
YDR216W	0.0548994005175	YLL034C
YDR216W	0.175435031716	YOL014W
YDR216W	0.0523206280683	YLR174W
YER040W	0.066540274148	YNL037C
YER040W	0.0719197239486	YLR276C
YER040W	0.245053455231	YMR193W
YER040W	0.281536640652	YGL009C
YER040W	0.174441354011	YPR002W
YER040W	0.0781350145593	YML123C
YER040W	0.0890607713566	YHR136C
YER040W	0.0218568417215	YER158C
YER040W	0.123253110077	YJL217W
YER040W	0.0752450833943	YKR075C
YER040W	0.0676576292206	YLR258W
YER040W	0.0783080055101	YDR171W
YER040W	0.261179268719	YKR056W
YER040W	0.319380886679	YAL062W
YER040W	0.117147554744	YCR021C
YER040W	0.030107542492	YDL110C
YER040W	0.0271301275137	YGR043C
YER040W	0.434932530194	YHR018C
YER040W	0.348210717988	YJL088W
YER040W	0.8025759033	YJR148W
YER040W	0.188171041464	YLR009W
YER040W	0.0671068994358	YLR130C
YER040W	0.714964605857	YLR267W
YER040W	0.0458859781141	YLR327C
YER040W	0.299816338182	YNL036W
YER040W	0.0932461373968	YNR053C
YER040W	0.220524904964	YOR302W
YER040W	0.0708484125618	YPL012W
YER040W	0.149202340561	YIL037C
YER040W	0.0766525377335	YKR009C
YER040W	0.0758766712818	YFR022W
YER040W	0.260708957609	YPL265W
YER040W	0.790282577671	YOR100C
YER040W	0.0846023433532	YOR348C
YER040W	0.266668099785	YGR067C
YER040W	0.0941776832226	YLL011W
YER040W	0.0876357421924	YPL036W
YER040W	0.205366341406	YAL054C
YER040W	0.0663863657563	YLR438W
YER040W	0.0394366561401	YIL155C
YER040W	0.0528677304658	YBR054W
YER040W	0.0718898088225	YCL064C
YER040W	0.0803569631392	YDL160C
YER040W	0.180887653475	YDR384C
YER040W	0.100821746823	YER067W
YER040W	0.0166187971841	YER150W
YER040W	0.718139604235	YHR029C
YER040W	0.0393044568862	YHR087W
YER040W	0.00724042640323	YLR178C
YER040W	0.0496179538146	YMR169C
YER040W	0.0917814456178	YMR229C
YER040W	0.20070774277	YNR064C
YER040W	0.0810287499055	YOR206W
YER040W	0.0815780712887	YOR388C
YER040W	0.231383284464	YDR380W
YER040W	0.299275808912	YPL061W
YER040W	0.434974101007	YJL172W
YER040W	0.104536912953	YNL194C
YER040W	0.0554586442708	YDR361C
YER040W	0.0788645282079	YHR216W
YER040W	0.397431058099	YNR046W
YER040W	0.0532304310582	YGR183C
YER040W	0.103012620049	YLL034C
YER040W	0.0494933705385	YDR523C
YER040W	0.163515216681	YOL014W
YER040W	0.0646491933266	YLR174W
YER040W	0.0964081824906	YJL153C
YER040W	0.174699631881	YGL229C
YER040W	0.163933419284	YJL063C
YGL254W	0.140910721259	YNL037C
YGL254W	0.0822290846365	YLR276C
YGL254W	0.133736989051	YHR051W
YGL254W	0.0514855915912	YGL009C
YGL254W	0.0381239338718	YPR002W
YGL254W	0.0168176788168	YER158C
YGL254W	0.0780343496962	YJL217W
YGL254W	0.0706585450308	YKR075C
YGL254W	0.0418277390096	YLR258W
YGL254W	0.0402473278181	YDR171W
YGL254W	0.201829902931	YAL062W
YGL254W	0.0259422740723	YDL110C
YGL254W	0.0157233244207	YGR043C
YGL254W	0.0473694810569	YGR142W
YGL254W	0.0239126855769	YHR018C
YGL254W	0.936200026789	YLR130C
YGL254W	0.0408355241093	YLR327C
YGL254W	0.031893557313	YNL036W
YGL254W	0.067550596379	YNR053C
YGL254W	0.0489709640801	YPL012W
YGL254W	0.078289763974	YIL037C
YGL254W	0.0512777221808	YKR009C
YGL254W	0.0528682769559	YFR022W
YGL254W	0.0425609357379	YOR348C
YGL254W	0.0476318556359	YLL011W
YGL254W	0.0244475247661	YIL155C
YGL254W	1.0	YCL064C
YGL254W	0.0663600124189	YDL160C
YGL254W	0.0293485370852	YMR169C
YGL254W	0.0366633404626	YMR229C
YGL254W	0.0692805080377	YOR206W
YGL254W	0.0332286029837	YNL194C
YGL254W	0.127517328616	YDR361C
YGL254W	0.0765489276808	YHR216W
YGL254W	0.0550757725746	YGR183C
YGL254W	0.0475688180827	YLL034C
YGL254W	0.0744653477256	YOL014W
YGL254W	0.0389469115012	YLR174W
YJR094C	0.0527617855535	YNL037C
YJR094C	0.088403911339	YLR276C
YJR094C	0.124305687491	YMR193W
YJR094C	0.123910912644	YHR051W
YJR094C	0.689463877063	YPL111W
YJR094C	0.0351275081593	YGL009C
YJR094C	0.0511086810153	YPR002W
YJR094C	0.0938306584065	YML123C
YJR094C	0.316812361152	YHR136C
YJR094C	0.0349851592218	YER158C
YJR094C	0.116701819854	YJL217W
YJR094C	0.108608196207	YKR075C
YJR094C	0.0701739782452	YLR258W
YJR094C	0.0857489713734	YDR171W
YJR094C	0.00381362566784	YIL136W
YJR094C	0.0998323169881	YCR021C
YJR094C	0.0447917173613	YDL110C
YJR094C	0.0260853732413	YGR043C
YJR094C	0.147146649271	YGR142W
YJR094C	0.0405609848128	YHR018C
YJR094C	0.0782849839007	YJL088W
YJR094C	0.279940295724	YJR148W
YJR094C	0.0499819356545	YLR009W
YJR094C	0.178738193752	YLR130C
YJR094C	0.699268414267	YLR267W
YJR094C	0.0970077308301	YLR327C
YJR094C	0.0929473100013	YNL036W
YJR094C	0.0752311493833	YNR053C
YJR094C	0.0804285552366	YOR302W
YJR094C	0.0735515702352	YPL012W
YJR094C	0.0817552761832	YIL037C
YJR094C	0.0709070931407	YKR009C
YJR094C	0.0748788146155	YFR022W
YJR094C	0.069150158673	YOR348C
YJR094C	0.203396684337	YHL028W
YJR094C	0.108592804165	YLL011W
YJR094C	0.0703211074459	YPL036W
YJR094C	0.0486630285194	YAL054C
YJR094C	0.145605592599	YLR438W
YJR094C	0.0418048801754	YIL155C
YJR094C	0.0841635022053	YBR054W
YJR094C	0.103954535126	YCL064C
YJR094C	0.0834394258882	YDL160C
YJR094C	0.249299563064	YDR384C
YJR094C	0.0995274754141	YER067W
YJR094C	0.0186466038145	YER150W
YJR094C	0.0102072298716	YFL014W
YJR094C	0.178007231214	YHR029C
YJR094C	0.0475250181853	YHR087W
YJR094C	0.00750701552519	YLR178C
YJR094C	0.102116040275	YMR169C
YJR094C	0.0632870197515	YMR229C
YJR094C	0.0890302422163	YNR064C
YJR094C	0.0764300141374	YOR206W
YJR094C	0.0677027876016	YOR388C
YJR094C	0.319999620863	YDR380W
YJR094C	0.0630873156732	YPL061W
YJR094C	0.249882159266	YJL172W
YJR094C	0.0391140162922	YNL194C
YJR094C	0.0964887730099	YDR361C
YJR094C	0.0880780991828	YHR216W
YJR094C	0.0797222249192	YNR046W
YJR094C	0.0876916239014	YGR183C
YJR094C	0.0724064562241	YLL034C
YJR094C	0.190463294401	YDR523C
YJR094C	0.0940152638489	YOL014W
YJR094C	0.0580380265086	YLR174W
YJR094C	0.0683502505136	YJL153C
YJR094C	0.0744040529618	YGL229C
YJR094C	0.0744290794215	YJL063C
YKL062W	0.270733703795	YNL037C
YKL062W	0.121775509817	YLR276C
YKL062W	0.422548118467	YHR051W
YKL062W	0.235199663264	YPL111W
YKL062W	0.215676370836	YPR002W
YKL062W	0.0743869263105	YML123C
YKL062W	0.399732309644	YER158C
YKL062W	0.0658271972552	YJL217W
YKL062W	0.0860183882767	YKR075C
YKL062W	1.0	YLR258W
YKL062W	0.183083710254	YDR171W
YKL062W	0.942197928775	YIL136W
YKL062W	0.0682468429974	YCR021C
YKL062W	0.36682641844	YDL110C
YKL062W	0.277584864765	YGR043C
YKL062W	0.571442495051	YGR142W
YKL062W	0.0188076525649	YHR018C
YKL062W	0.0514999628288	YJL088W
YKL062W	0.0557724015213	YJR148W
YKL062W	0.050368471106	YLR009W
YKL062W	0.0560321361145	YLR130C
YKL062W	0.113238340911	YLR327C
YKL062W	0.0362616443161	YNL036W
YKL062W	0.0499288665038	YNR053C
YKL062W	0.125473599682	YPL012W
YKL062W	0.0579438359543	YIL037C
YKL062W	0.0689245561047	YKR009C
YKL062W	0.0309607437359	YOR100C
YKL062W	0.0602051239352	YOR348C
YKL062W	0.474981220934	YHL028W
YKL062W	0.279965240604	YGR067C
YKL062W	0.0611954423016	YLL011W
YKL062W	0.77485736757	YPL036W
YKL062W	0.433509866176	YAL054C
YKL062W	0.249507678017	YIL155C
YKL062W	0.453988096722	YBR054W
YKL062W	0.0606223395007	YCL064C
YKL062W	0.762789345633	YER067W
YKL062W	0.906832440848	YER150W
YKL062W	0.932046931481	YFL014W
YKL062W	0.0239551352017	YHR029C
YKL062W	0.425671348983	YHR087W
YKL062W	0.929930877154	YLR178C
YKL062W	0.23807021544	YMR169C
YKL062W	0.239890091573	YMR229C
YKL062W	0.0552110682471	YNR064C
YKL062W	0.0859566591982	YOR206W
YKL062W	0.0641220748612	YOR388C
YKL062W	0.192310836648	YNL194C
YKL062W	0.106957366217	YDR361C
YKL062W	0.0540092441343	YHR216W
YKL062W	0.280636164407	YNR046W
YKL062W	0.179614191892	YGR183C
YKL062W	0.181679347624	YLL034C
YKL062W	0.0794858601516	YLR174W
YKL062W	0.310793573093	YGL229C
YMR280C	0.0543976257278	YNL037C
YMR280C	0.130764224592	YLR276C
YMR280C	0.0739321306827	YHR051W
YMR280C	0.0633439849778	YPL111W
YMR280C	0.064932784078	YML123C
YMR280C	0.0533474310098	YHR136C
YMR280C	0.0214176288761	YER158C
YMR280C	0.107356531489	YKR075C
YMR280C	0.0598901645842	YLR258W
YMR280C	0.0663299468562	YDR171W
YMR280C	0.0081670723547	YIL136W
YMR280C	0.0657906589655	YKR056W
YMR280C	0.0495576231153	YDL110C
YMR280C	0.0221900203176	YGR043C
YMR280C	0.0204280265832	YHR018C
YMR280C	0.0351464138901	YJL088W
YMR280C	0.0993616307377	YLR009W
YMR280C	0.0446747310039	YLR327C
YMR280C	0.0582064408271	YPL012W
YMR280C	0.0939421141006	YKR009C
YMR280C	0.123046726733	YFR022W
YMR280C	0.093018008039	YPL265W
YMR280C	0.0414556258616	YOR100C
YMR280C	0.0604891129012	YOR348C
YMR280C	0.0637602792561	YLL011W
YMR280C	0.0556571436927	YPL036W
YMR280C	0.103472903152	YLR438W
YMR280C	0.0742140814035	YIL155C
YMR280C	0.0465348599405	YCL064C
YMR280C	0.141706407334	YDR384C
YMR280C	0.0177776164783	YER150W
YMR280C	0.0272720733143	YHR029C
YMR280C	0.0275729603296	YHR087W
YMR280C	0.0140560663311	YLR178C
YMR280C	0.0333192272183	YMR169C
YMR280C	0.0515016538081	YMR229C
YMR280C	0.060580141658	YNR064C
YMR280C	0.063730587474	YOR206W
YMR280C	0.07416617007	YOR388C
YMR280C	0.0316135722093	YNL194C
YMR280C	0.111129696784	YDR361C
YMR280C	0.0560664283392	YHR216W
YMR280C	0.0610673187206	YGR183C
YMR280C	0.0610173068837	YLL034C
YMR280C	0.141059631412	YDR523C
YMR280C	0.0614870410275	YOL014W
YMR280C	0.141111263744	YLR174W
YMR280C	0.184447930991	YJL153C
YMR280C	0.0583644125655	YJL063C
YOR032C	0.0623921578712	YNL037C
YOR032C	0.0636345783311	YLR276C
YOR032C	0.069982323617	YPL111W
YOR032C	0.0474363425073	YPR002W
YOR032C	0.0887609558491	YML123C
YOR032C	0.110758282513	YHR136C
YOR032C	0.275495449889	YER158C
YOR032C	0.0814103393168	YJL217W
YOR032C	0.0562179274591	YLR258W
YOR032C	0.0689187864043	YDR171W
YOR032C	0.0176979248341	YIL136W
YOR032C	0.0424641913302	YCR021C
YOR032C	0.0977976193687	YDL110C
YOR032C	0.162099532579	YGR043C
YOR032C	0.0194799161628	YHR018C
YOR032C	0.0488882541038	YJL088W
YOR032C	0.034003182386	YJR148W
YOR032C	0.0437861257169	YLR009W
YOR032C	0.0517219725118	YLR130C
YOR032C	0.0139511043934	YLR267W
YOR032C	0.0693330021606	YLR327C
YOR032C	0.0330797345919	YNL036W
YOR032C	0.0526973486028	YNR053C
YOR032C	0.056155134059	YOR302W
YOR032C	0.0657189774369	YPL012W
YOR032C	0.0793760823916	YIL037C
YOR032C	0.0615828520695	YKR009C
YOR032C	0.0640193094041	YOR100C
YOR032C	0.0970958566383	YOR348C
YOR032C	0.192063299176	YHL028W
YOR032C	0.0522716556859	YLL011W
YOR032C	0.0708116817931	YAL054C
YOR032C	0.203709721501	YLR438W
YOR032C	0.162413283156	YIL155C
YOR032C	0.0468773919496	YBR054W
YOR032C	0.162041980506	YCL064C
YOR032C	0.0940619590032	YDL160C
YOR032C	0.0351727100471	YER067W
YOR032C	0.0398600185268	YER150W
YOR032C	0.0219655148667	YFL014W
YOR032C	0.0216226482742	YHR029C
YOR032C	0.053427132449	YHR087W
YOR032C	0.0157426150808	YLR178C
YOR032C	0.168317375439	YMR169C
YOR032C	0.0680426768179	YMR229C
YOR032C	0.0551788018506	YOR206W
YOR032C	0.17379319656	YNL194C
YOR032C	0.073089030077	YDR361C
YOR032C	0.0627899093828	YHR216W
YOR032C	0.0625454979065	YGR183C
YOR032C	0.0711720801047	YLL034C
YOR032C	0.114682567617	YLR174W
YOR032C	0.0728603825954	YJL153C
YOR032C	0.0594517046675	YGL229C
YOR032C	0.0597237560688	YJL063C
