YBL103C	0.131420789532	YNL037C
YBL103C	0.0885117141568	YLR276C
YBL103C	0.325547216166	YMR193W
YBL103C	0.0697865347413	YHR051W
YBL103C	0.126598682906	YPL111W
YBL103C	0.8794547365	YGL009C
YBL103C	0.830802368319	YPR002W
YBL103C	0.238338340739	YML123C
YBL103C	0.148035305899	YHR136C
YBL103C	0.079146056262	YER158C
YBL103C	0.098514678261	YJL217W
YBL103C	0.112039698351	YKR075C
YBL103C	0.0983933082024	YLR258W
YBL103C	0.125079766912	YDR171W
YBL103C	0.05896713524	YIL136W
YBL103C	0.170694974791	YKR056W
YBL103C	0.325807966619	YAL062W
YBL103C	0.201368028679	YCR021C
YBL103C	0.0816355233882	YDL110C
YBL103C	0.0732565319008	YGR043C
YBL103C	0.127471789321	YGR142W
YBL103C	0.239572786148	YHR018C
YBL103C	0.10826708079	YJL088W
YBL103C	0.331485346341	YJR148W
YBL103C	0.100933034134	YLR009W
YBL103C	0.103067890116	YLR130C
YBL103C	0.136309584732	YLR267W
YBL103C	0.137566820506	YLR327C
YBL103C	0.216272819551	YNL036W
YBL103C	0.146968075385	YNR053C
YBL103C	0.191335016853	YOR302W
YBL103C	0.11034381113	YPL012W
YBL103C	0.136342178218	YIL037C
YBL103C	0.0891633973573	YKR009C
YBL103C	0.146638603411	YFR022W
YBL103C	0.700088300399	YPL265W
YBL103C	0.126557459115	YOR100C
YBL103C	0.101231141012	YOR348C
YBL103C	0.0840915483195	YHL028W
YBL103C	0.116647765561	YGR067C
YBL103C	0.136866181042	YLL011W
YBL103C	0.219704201871	YPL036W
YBL103C	0.0729702179456	YAL054C
YBL103C	0.093994944582	YLR438W
YBL103C	0.0737761356711	YIL155C
YBL103C	0.0829840430731	YBR054W
YBL103C	0.186457267298	YCL064C
YBL103C	0.122206055341	YDL160C
YBL103C	0.205347851409	YDR384C
YBL103C	0.0968240207696	YER067W
YBL103C	0.0571472961436	YER150W
YBL103C	0.132359882697	YFL014W
YBL103C	0.103098741336	YHR029C
YBL103C	0.166556397299	YHR087W
YBL103C	0.0558968110871	YLR178C
YBL103C	0.08490428686	YMR169C
YBL103C	0.0956138086885	YMR229C
YBL103C	0.240289548685	YNR064C
YBL103C	0.0973893956732	YOR206W
YBL103C	0.190606915828	YOR388C
YBL103C	0.496205123059	YDR380W
YBL103C	0.325850039088	YPL061W
YBL103C	0.217170421779	YJL172W
YBL103C	0.0949551433844	YNL194C
YBL103C	0.0751017931591	YDR361C
YBL103C	0.106630288555	YHR216W
YBL103C	0.0967922795842	YNR046W
YBL103C	0.109735428468	YGR183C
YBL103C	0.0995899431792	YLL034C
YBL103C	0.142306868522	YDR523C
YBL103C	0.0570507582784	YOL014W
YBL103C	0.187069276485	YLR174W
YBL103C	0.308446549467	YJL153C
YBL103C	0.0981883771592	YGL229C
YBL103C	0.242560008139	YJL063C
YDL170W	0.219211316079	YNL037C
YDL170W	0.114057991181	YLR276C
YDL170W	0.460928494938	YMR193W
YDL170W	0.0678416129948	YHR051W
YDL170W	0.0820572182454	YPL111W
YDL170W	0.262946426932	YGL009C
YDL170W	0.190944889102	YPR002W
YDL170W	0.186495897152	YML123C
YDL170W	0.191149179897	YHR136C
YDL170W	0.064920082091	YER158C
YDL170W	0.17378599109	YJL217W
YDL170W	0.115001003357	YKR075C
YDL170W	0.0947242159071	YLR258W
YDL170W	0.100077307229	YDR171W
YDL170W	0.0414529973642	YIL136W
YDL170W	0.492950699996	YKR056W
YDL170W	0.289947292193	YAL062W
YDL170W	0.254685700275	YCR021C
YDL170W	0.0578142807351	YDL110C
YDL170W	0.0665099781325	YGR043C
YDL170W	0.0734180181882	YGR142W
YDL170W	0.982188677759	YHR018C
YDL170W	0.836030468196	YJL088W
YDL170W	0.402954946165	YJR148W
YDL170W	0.44920221401	YLR009W
YDL170W	0.0967406721534	YLR130C
YDL170W	0.34705850453	YLR267W
YDL170W	0.10358238843	YLR327C
YDL170W	0.940386098568	YNL036W
YDL170W	0.326688903588	YNR053C
YDL170W	0.518557452632	YOR302W
YDL170W	0.222150204727	YPL012W
YDL170W	0.802761350804	YIL037C
YDL170W	0.119793383766	YKR009C
YDL170W	0.385384998786	YFR022W
YDL170W	0.564221998183	YPL265W
YDL170W	0.29388941091	YOR100C
YDL170W	0.185159859428	YOR348C
YDL170W	0.102411444796	YHL028W
YDL170W	0.217540454263	YGR067C
YDL170W	0.230458272859	YLL011W
YDL170W	0.209820527286	YPL036W
YDL170W	0.191779935741	YAL054C
YDL170W	0.1152408168	YLR438W
YDL170W	0.0725307917934	YIL155C
YDL170W	0.0959009622923	YBR054W
YDL170W	0.152218034311	YCL064C
YDL170W	0.168986965968	YDL160C
YDL170W	0.2401583736	YDR384C
YDL170W	0.12582678164	YER067W
YDL170W	0.0459582458003	YER150W
YDL170W	0.0459271003817	YFL014W
YDL170W	0.631731484722	YHR029C
YDL170W	0.0843360606008	YHR087W
YDL170W	0.0453213513677	YLR178C
YDL170W	0.0839271426263	YMR169C
YDL170W	0.148856290991	YMR229C
YDL170W	0.207776486042	YNR064C
YDL170W	0.285342888311	YOR206W
YDL170W	0.113718839575	YOR388C
YDL170W	0.26858602715	YDR380W
YDL170W	0.283765429034	YPL061W
YDL170W	0.452749196787	YJL172W
YDL170W	0.118246001625	YNL194C
YDL170W	0.0910177776763	YDR361C
YDL170W	0.128693651599	YHR216W
YDL170W	0.243562286877	YNR046W
YDL170W	0.0831020943482	YGR183C
YDL170W	0.154813484624	YLL034C
YDL170W	0.10122061655	YDR523C
YDL170W	0.156041599446	YOL014W
YDL170W	0.11655520786	YLR174W
YDL170W	0.261247594171	YJL153C
YDL170W	0.316758763626	YGL229C
YDL170W	0.613063944752	YJL063C
YDR043C	0.812713447956	YNL037C
YDR043C	1.0	YLR276C
YDR043C	0.0797470720553	YMR193W
YDR043C	0.338252534501	YHR051W
YDR043C	0.219572459197	YPL111W
YDR043C	0.518942035972	YGL009C
YDR043C	0.0720786987344	YPR002W
YDR043C	0.0794530921367	YML123C
YDR043C	0.0594586640453	YHR136C
YDR043C	1.0	YER158C
YDR043C	0.106088558574	YJL217W
YDR043C	0.206438396464	YKR075C
YDR043C	0.296896944499	YLR258W
YDR043C	1.0	YDR171W
YDR043C	0.965150166244	YIL136W
YDR043C	0.453865447253	YKR056W
YDR043C	0.280260623909	YAL062W
YDR043C	0.107905073822	YCR021C
YDR043C	0.956979598127	YDL110C
YDR043C	1.0	YGR043C
YDR043C	0.0651556181824	YGR142W
YDR043C	0.0908388892188	YHR018C
YDR043C	0.0890852580912	YJL088W
YDR043C	0.0427408974779	YJR148W
YDR043C	0.790854171258	YLR009W
YDR043C	0.0795487645807	YLR130C
YDR043C	0.0350780538697	YLR267W
YDR043C	0.959141485835	YLR327C
YDR043C	0.14274616964	YNL036W
YDR043C	0.83462761729	YNR053C
YDR043C	0.0808112506881	YOR302W
YDR043C	0.986075232814	YPL012W
YDR043C	0.095034434157	YIL037C
YDR043C	1.0	YKR009C
YDR043C	0.739008162246	YFR022W
YDR043C	0.150835561131	YPL265W
YDR043C	0.744677795002	YOR100C
YDR043C	0.974173595047	YOR348C
YDR043C	0.708350368983	YHL028W
YDR043C	0.238173061776	YGR067C
YDR043C	0.959206147421	YLL011W
YDR043C	0.142906827927	YPL036W
YDR043C	0.801820778672	YAL054C
YDR043C	0.212546030235	YLR438W
YDR043C	1.0	YIL155C
YDR043C	0.687278629603	YBR054W
YDR043C	0.0815000366104	YCL064C
YDR043C	0.362039478248	YDL160C
YDR043C	0.607617582809	YDR384C
YDR043C	0.655521411149	YER067W
YDR043C	0.78900627608	YER150W
YDR043C	0.0747536202943	YFL014W
YDR043C	0.045858284475	YHR029C
YDR043C	0.918591565919	YHR087W
YDR043C	0.963722315484	YLR178C
YDR043C	1.0	YMR169C
YDR043C	1.0	YMR229C
YDR043C	0.0809596618489	YNR064C
YDR043C	0.916351236749	YOR206W
YDR043C	0.388257396385	YOR388C
YDR043C	0.0994882222265	YDR380W
YDR043C	0.0644491101715	YPL061W
YDR043C	0.378031742623	YJL172W
YDR043C	1.0	YNL194C
YDR043C	1.0	YDR361C
YDR043C	1.0	YHR216W
YDR043C	0.657944588694	YNR046W
YDR043C	0.858111148425	YGR183C
YDR043C	1.0	YLL034C
YDR043C	0.446479491527	YDR523C
YDR043C	0.616680748781	YOL014W
YDR043C	0.994444512172	YLR174W
YDR043C	0.153827231163	YJL153C
YDR043C	0.111260056318	YGL229C
YDR043C	0.248518982924	YJL063C
YDR216W	0.0298698620969	YNL037C
YDR216W	0.0843052260343	YLR276C
YDR216W	0.0589557789389	YMR193W
YDR216W	0.125647883137	YHR051W
YDR216W	0.0594166942988	YPL111W
YDR216W	0.0416927624345	YGL009C
YDR216W	0.0381531203484	YPR002W
YDR216W	0.0665304792229	YML123C
YDR216W	0.100852674969	YHR136C
YDR216W	0.107008867677	YER158C
YDR216W	0.102006820929	YJL217W
YDR216W	0.086452869389	YKR075C
YDR216W	0.116121031938	YLR258W
YDR216W	0.103471728641	YDR171W
YDR216W	0.211641734356	YIL136W
YDR216W	0.0703974067563	YKR056W
YDR216W	0.0172387024049	YAL062W
YDR216W	0.0549781138561	YCR021C
YDR216W	0.257087180557	YDL110C
YDR216W	0.442836708154	YGR043C
YDR216W	0.456915991438	YGR142W
YDR216W	0.0358190193162	YHR018C
YDR216W	0.0519251737138	YJL088W
YDR216W	0.0722058025091	YJR148W
YDR216W	0.0589944877453	YLR009W
YDR216W	0.198159642673	YLR130C
YDR216W	0.0295089612821	YLR267W
YDR216W	0.353070751671	YLR327C
YDR216W	0.0645573034012	YNL036W
YDR216W	0.0801209802627	YNR053C
YDR216W	0.109780373957	YOR302W
YDR216W	0.131757752418	YPL012W
YDR216W	0.230803663483	YIL037C
YDR216W	0.201421947306	YKR009C
YDR216W	0.0480697934431	YFR022W
YDR216W	0.0457917281531	YPL265W
YDR216W	0.174654503317	YOR100C
YDR216W	0.172219740415	YOR348C
YDR216W	0.043234294026	YHL028W
YDR216W	0.206391368936	YGR067C
YDR216W	0.0694395709429	YLL011W
YDR216W	0.0532121242525	YPL036W
YDR216W	0.078404943224	YAL054C
YDR216W	0.122643774411	YLR438W
YDR216W	0.151165036368	YIL155C
YDR216W	0.104288361102	YBR054W
YDR216W	0.0655546840676	YCL064C
YDR216W	0.0882742000374	YDL160C
YDR216W	0.0378048464602	YDR384C
YDR216W	0.0475744275498	YER067W
YDR216W	0.360008703659	YER150W
YDR216W	0.923291583841	YFL014W
YDR216W	0.046724268455	YHR029C
YDR216W	0.174735419603	YHR087W
YDR216W	0.13965987736	YLR178C
YDR216W	0.13659888854	YMR169C
YDR216W	0.11573454018	YMR229C
YDR216W	0.165627163146	YNR064C
YDR216W	0.0992828623174	YOR206W
YDR216W	0.120419710624	YOR388C
YDR216W	0.0562930101582	YDR380W
YDR216W	0.179231809623	YPL061W
YDR216W	0.0525567572519	YJL172W
YDR216W	0.0772173925222	YNL194C
YDR216W	0.106298486679	YDR361C
YDR216W	0.100476496791	YHR216W
YDR216W	0.0276819069554	YNR046W
YDR216W	0.081682784342	YGR183C
YDR216W	0.0863320460406	YLL034C
YDR216W	0.0623687094781	YDR523C
YDR216W	0.228970893577	YOL014W
YDR216W	0.0828764300059	YLR174W
YDR216W	0.0859593804922	YJL153C
YDR216W	0.0808463941067	YGL229C
YDR216W	0.0727737158546	YJL063C
YER040W	0.154357037673	YNL037C
YER040W	0.160434808108	YLR276C
YER040W	0.246546343081	YMR193W
YER040W	0.0736629804228	YHR051W
YER040W	0.0923240277886	YPL111W
YER040W	0.432339747598	YGL009C
YER040W	0.248379610521	YPR002W
YER040W	0.144484842179	YML123C
YER040W	0.134684389292	YHR136C
YER040W	0.0594899657154	YER158C
YER040W	0.223947192042	YJL217W
YER040W	0.126768896128	YKR075C
YER040W	0.103301744812	YLR258W
YER040W	0.13937736415	YDR171W
YER040W	0.0414056850123	YIL136W
YER040W	0.269504514422	YKR056W
YER040W	0.370417683821	YAL062W
YER040W	0.172017566741	YCR021C
YER040W	0.0548904643891	YDL110C
YER040W	0.0726755307096	YGR043C
YER040W	0.0622906399302	YGR142W
YER040W	0.547097617384	YHR018C
YER040W	0.492974189045	YJL088W
YER040W	0.834659654353	YJR148W
YER040W	0.32148778995	YLR009W
YER040W	0.0937958976929	YLR130C
YER040W	0.698175825195	YLR267W
YER040W	0.0849257540405	YLR327C
YER040W	0.430217160038	YNL036W
YER040W	0.152455417125	YNR053C
YER040W	0.293384326469	YOR302W
YER040W	0.132909358469	YPL012W
YER040W	0.232655776326	YIL037C
YER040W	0.153956429129	YKR009C
YER040W	0.166013532158	YFR022W
YER040W	0.331976363779	YPL265W
YER040W	0.776970263431	YOR100C
YER040W	0.173638690222	YOR348C
YER040W	0.0601285307785	YHL028W
YER040W	0.20766883428	YGR067C
YER040W	0.170715310173	YLL011W
YER040W	0.180158609159	YPL036W
YER040W	0.317237489359	YAL054C
YER040W	0.109333784133	YLR438W
YER040W	0.091558021334	YIL155C
YER040W	0.106533010018	YBR054W
YER040W	0.127263192015	YCL064C
YER040W	0.148380035298	YDL160C
YER040W	0.299331165447	YDR384C
YER040W	0.133107025145	YER067W
YER040W	0.0482348543078	YER150W
YER040W	0.0451331594125	YFL014W
YER040W	0.704573099608	YHR029C
YER040W	0.0861836006993	YHR087W
YER040W	0.0552379679727	YLR178C
YER040W	0.115770271632	YMR169C
YER040W	0.176606514347	YMR229C
YER040W	0.235398912806	YNR064C
YER040W	0.157330605687	YOR206W
YER040W	0.140858582421	YOR388C
YER040W	0.230850402349	YDR380W
YER040W	0.298002066424	YPL061W
YER040W	0.435907919725	YJL172W
YER040W	0.226905591644	YNL194C
YER040W	0.105681921218	YDR361C
YER040W	0.119301255306	YHR216W
YER040W	0.501759353177	YNR046W
YER040W	0.0628642791404	YGR183C
YER040W	0.193094811413	YLL034C
YER040W	0.085215700212	YDR523C
YER040W	0.221427882875	YOL014W
YER040W	0.113762705704	YLR174W
YER040W	0.179374217054	YJL153C
YER040W	0.186800123361	YGL229C
YER040W	0.20293461591	YJL063C
YGL254W	0.21761953189	YNL037C
YGL254W	0.110548020855	YLR276C
YGL254W	0.0673569550954	YMR193W
YGL254W	0.156821181	YHR051W
YGL254W	0.0458100095823	YPL111W
YGL254W	0.0833895007856	YGL009C
YGL254W	0.0374522890198	YPR002W
YGL254W	0.0602382262979	YML123C
YGL254W	0.0476063830679	YHR136C
YGL254W	0.0370872195259	YER158C
YGL254W	0.0977257647581	YJL217W
YGL254W	0.0921176361436	YKR075C
YGL254W	0.0504596912105	YLR258W
YGL254W	0.0398185605057	YDR171W
YGL254W	0.0353662779509	YIL136W
YGL254W	0.0271307394214	YKR056W
YGL254W	0.292513559574	YAL062W
YGL254W	0.0496416957292	YCR021C
YGL254W	0.0392017602759	YDL110C
YGL254W	0.0320680576247	YGR043C
YGL254W	0.0940218934696	YGR142W
YGL254W	0.0396349963104	YHR018C
YGL254W	0.048558753813	YJL088W
YGL254W	0.0551839263315	YJR148W
YGL254W	0.0547192737809	YLR009W
YGL254W	0.772129454696	YLR130C
YGL254W	0.0247491753522	YLR267W
YGL254W	0.0490618604269	YLR327C
YGL254W	0.0473372486331	YNL036W
YGL254W	0.085083365571	YNR053C
YGL254W	0.0621272207308	YOR302W
YGL254W	0.0494386850266	YPL012W
YGL254W	0.0894785796335	YIL037C
YGL254W	0.0640848423554	YKR009C
YGL254W	0.0364489788748	YFR022W
YGL254W	0.0501897496686	YPL265W
YGL254W	0.0156639333908	YOR100C
YGL254W	0.0597752108989	YOR348C
YGL254W	0.0226668453577	YHL028W
YGL254W	0.0351073546658	YGR067C
YGL254W	0.0488603561326	YLL011W
YGL254W	0.0398899714924	YPL036W
YGL254W	0.0261898317393	YAL054C
YGL254W	0.0564139506188	YLR438W
YGL254W	0.0311240478792	YIL155C
YGL254W	0.0371431157035	YBR054W
YGL254W	0.985673723588	YCL064C
YGL254W	0.0725386429073	YDL160C
YGL254W	0.0212033377188	YDR384C
YGL254W	0.0416588486626	YER067W
YGL254W	0.0357121109755	YER150W
YGL254W	0.0477966847197	YFL014W
YGL254W	0.0381037218068	YHR029C
YGL254W	0.0285088171212	YHR087W
YGL254W	0.0350067296707	YLR178C
YGL254W	0.0478643755313	YMR169C
YGL254W	0.0408499079229	YMR229C
YGL254W	0.0573513445507	YNR064C
YGL254W	0.0789932600052	YOR206W
YGL254W	0.0465415178232	YOR388C
YGL254W	0.0570662496955	YDR380W
YGL254W	0.0578088209487	YPL061W
YGL254W	0.0525884657774	YJL172W
YGL254W	0.0408554897837	YNL194C
YGL254W	0.191356754875	YDR361C
YGL254W	0.0996354655393	YHR216W
YGL254W	0.0249762892543	YNR046W
YGL254W	0.0658365260266	YGR183C
YGL254W	0.0581007600476	YLL034C
YGL254W	0.0639211903319	YDR523C
YGL254W	0.0588693712948	YOL014W
YGL254W	0.0448231409501	YLR174W
YGL254W	0.0784907983145	YJL153C
YGL254W	0.0590052906287	YGL229C
YGL254W	0.0387680986578	YJL063C
YJR094C	0.0687862909923	YNL037C
YJR094C	0.151193286293	YLR276C
YJR094C	0.126570454226	YMR193W
YJR094C	0.121278430397	YHR051W
YJR094C	0.631677244259	YPL111W
YJR094C	0.0620799330239	YGL009C
YJR094C	0.108803780027	YPR002W
YJR094C	0.15256128523	YML123C
YJR094C	0.33590611936	YHR136C
YJR094C	0.111343070166	YER158C
YJR094C	0.22406574722	YJL217W
YJR094C	0.199780768588	YKR075C
YJR094C	0.127577759709	YLR258W
YJR094C	0.14716548794	YDR171W
YJR094C	0.103989136689	YIL136W
YJR094C	0.103253876206	YKR056W
YJR094C	0.144334375246	YAL062W
YJR094C	0.118065357375	YCR021C
YJR094C	0.113027533435	YDL110C
YJR094C	0.0787139854906	YGR043C
YJR094C	0.144217172991	YGR142W
YJR094C	0.0825273877548	YHR018C
YJR094C	0.14393355567	YJL088W
YJR094C	0.429174641801	YJR148W
YJR094C	0.0858475274735	YLR009W
YJR094C	0.270959335705	YLR130C
YJR094C	0.712920755548	YLR267W
YJR094C	0.17086922364	YLR327C
YJR094C	0.161011419072	YNL036W
YJR094C	0.111828499835	YNR053C
YJR094C	0.126808678731	YOR302W
YJR094C	0.132360448583	YPL012W
YJR094C	0.113293107311	YIL037C
YJR094C	0.135298279515	YKR009C
YJR094C	0.0995428570802	YFR022W
YJR094C	0.0890722637849	YPL265W
YJR094C	0.0712407553792	YOR100C
YJR094C	0.152554634774	YOR348C
YJR094C	0.283958814123	YHL028W
YJR094C	0.0919795184467	YGR067C
YJR094C	0.224035836149	YLL011W
YJR094C	0.101657446858	YPL036W
YJR094C	0.0762835600693	YAL054C
YJR094C	0.157928780767	YLR438W
YJR094C	0.0882305770472	YIL155C
YJR094C	0.148160740908	YBR054W
YJR094C	0.212902069781	YCL064C
YJR094C	0.190666083291	YDL160C
YJR094C	0.284653142037	YDR384C
YJR094C	0.155336590338	YER067W
YJR094C	0.0879102505421	YER150W
YJR094C	0.104403459553	YFL014W
YJR094C	0.228209656773	YHR029C
YJR094C	0.123209527983	YHR087W
YJR094C	0.117962290444	YLR178C
YJR094C	0.230275793666	YMR169C
YJR094C	0.125161731645	YMR229C
YJR094C	0.146466997619	YNR064C
YJR094C	0.138760600965	YOR206W
YJR094C	0.128817534728	YOR388C
YJR094C	0.253680857585	YDR380W
YJR094C	0.11775946635	YPL061W
YJR094C	0.275500355016	YJL172W
YJR094C	0.0731785409414	YNL194C
YJR094C	0.166178767463	YDR361C
YJR094C	0.136280671557	YHR216W
YJR094C	0.144703638669	YNR046W
YJR094C	0.149969786649	YGR183C
YJR094C	0.131661910035	YLL034C
YJR094C	0.246484152172	YDR523C
YJR094C	0.14925712995	YOL014W
YJR094C	0.0779009870293	YLR174W
YJR094C	0.12201396377	YJL153C
YJR094C	0.11613908354	YGL229C
YJR094C	0.120444304809	YJL063C
YKL062W	0.404654213123	YNL037C
YKL062W	0.195537901257	YLR276C
YKL062W	0.0625508107866	YMR193W
YKL062W	0.337976785628	YHR051W
YKL062W	0.285073616094	YPL111W
YKL062W	0.0411488874403	YGL009C
YKL062W	0.260335100242	YPR002W
YKL062W	0.0872048045101	YML123C
YKL062W	0.0763938251157	YHR136C
YKL062W	0.468827857005	YER158C
YKL062W	0.0746662782214	YJL217W
YKL062W	0.105611397676	YKR075C
YKL062W	1.0	YLR258W
YKL062W	0.245249697716	YDR171W
YKL062W	0.947214629416	YIL136W
YKL062W	0.0681283943578	YKR056W
YKL062W	0.0195607222472	YAL062W
YKL062W	0.10938462861	YCR021C
YKL062W	0.465100169213	YDL110C
YKL062W	0.366714028503	YGR043C
YKL062W	0.497023757155	YGR142W
YKL062W	0.0349850392938	YHR018C
YKL062W	0.0726093890979	YJL088W
YKL062W	0.087099868524	YJR148W
YKL062W	0.0963588419005	YLR009W
YKL062W	0.0798005556446	YLR130C
YKL062W	0.0269152557211	YLR267W
YKL062W	0.16866687638	YLR327C
YKL062W	0.0477957923189	YNL036W
YKL062W	0.0541167787255	YNR053C
YKL062W	0.0615491362504	YOR302W
YKL062W	0.186531133751	YPL012W
YKL062W	0.0414246123226	YIL037C
YKL062W	0.110993818313	YKR009C
YKL062W	0.0406532664639	YFR022W
YKL062W	0.0586342795274	YPL265W
YKL062W	0.0697468702252	YOR100C
YKL062W	0.0653939578559	YOR348C
YKL062W	0.489993101325	YHL028W
YKL062W	0.220512748261	YGR067C
YKL062W	0.0731951523909	YLL011W
YKL062W	0.625582977754	YPL036W
YKL062W	0.459263032801	YAL054C
YKL062W	0.0561009870998	YLR438W
YKL062W	0.306899583488	YIL155C
YKL062W	0.48718031309	YBR054W
YKL062W	0.0721740450701	YCL064C
YKL062W	0.0448407130714	YDL160C
YKL062W	0.047404239276	YDR384C
YKL062W	0.759865245142	YER067W
YKL062W	0.913203229506	YER150W
YKL062W	0.926921112735	YFL014W
YKL062W	0.0465159627955	YHR029C
YKL062W	0.516992859309	YHR087W
YKL062W	0.936504521496	YLR178C
YKL062W	0.315450255638	YMR169C
YKL062W	0.328128959182	YMR229C
YKL062W	0.0779205136961	YNR064C
YKL062W	0.155410934537	YOR206W
YKL062W	0.0966428691133	YOR388C
YKL062W	0.0387826422618	YDR380W
YKL062W	0.0680690901536	YPL061W
YKL062W	0.0237104873181	YJL172W
YKL062W	0.242644614424	YNL194C
YKL062W	0.165808160069	YDR361C
YKL062W	0.0608674787113	YHR216W
YKL062W	0.323827879081	YNR046W
YKL062W	0.280448123768	YGR183C
YKL062W	0.268787998615	YLL034C
YKL062W	0.0538279188251	YDR523C
YKL062W	0.0372899981957	YOL014W
YKL062W	0.111567250033	YLR174W
YKL062W	0.0615425438745	YJL153C
YKL062W	0.321863192017	YGL229C
YKL062W	0.0432234674239	YJL063C
YMR280C	0.0741430448542	YNL037C
YMR280C	0.183788946994	YLR276C
YMR280C	0.0534091942915	YMR193W
YMR280C	0.118338569775	YHR051W
YMR280C	0.073992932728	YPL111W
YMR280C	0.044671567815	YGL009C
YMR280C	0.0366597919292	YPR002W
YMR280C	0.0747437231917	YML123C
YMR280C	0.0773549847148	YHR136C
YMR280C	0.0463709787748	YER158C
YMR280C	0.067895204426	YJL217W
YMR280C	0.149028712738	YKR075C
YMR280C	0.0808493802575	YLR258W
YMR280C	0.0933414927328	YDR171W
YMR280C	0.0494467060651	YIL136W
YMR280C	0.0889269412895	YKR056W
YMR280C	0.031917108663	YAL062W
YMR280C	0.046534638426	YCR021C
YMR280C	0.0837015578135	YDL110C
YMR280C	0.0480285894236	YGR043C
YMR280C	0.0543730151581	YGR142W
YMR280C	0.0374715444719	YHR018C
YMR280C	0.0481969631141	YJL088W
YMR280C	0.0418390578234	YJR148W
YMR280C	0.101979363654	YLR009W
YMR280C	0.0527910222805	YLR130C
YMR280C	0.0270244815037	YLR267W
YMR280C	0.0541598181683	YLR327C
YMR280C	0.0472480581298	YNL036W
YMR280C	0.0668249419173	YNR053C
YMR280C	0.0510323017675	YOR302W
YMR280C	0.0677711326619	YPL012W
YMR280C	0.0350456075525	YIL037C
YMR280C	0.143191636409	YKR009C
YMR280C	0.162316723163	YFR022W
YMR280C	0.120689773431	YPL265W
YMR280C	0.0772429857206	YOR100C
YMR280C	0.0795116478247	YOR348C
YMR280C	0.0339549018555	YHL028W
YMR280C	0.0475977664235	YGR067C
YMR280C	0.0911088520791	YLL011W
YMR280C	0.0605309360952	YPL036W
YMR280C	0.0373111607679	YAL054C
YMR280C	0.154290611109	YLR438W
YMR280C	0.124313282381	YIL155C
YMR280C	0.0519378394214	YBR054W
YMR280C	0.0650007225927	YCL064C
YMR280C	0.0568299092198	YDL160C
YMR280C	0.190471380931	YDR384C
YMR280C	0.0412474490321	YER067W
YMR280C	0.0394032413222	YER150W
YMR280C	0.0384375146356	YFL014W
YMR280C	0.0506924277839	YHR029C
YMR280C	0.0363068159632	YHR087W
YMR280C	0.0551460875708	YLR178C
YMR280C	0.0544651285538	YMR169C
YMR280C	0.0726445750989	YMR229C
YMR280C	0.0991227263845	YNR064C
YMR280C	0.0763901625861	YOR206W
YMR280C	0.0881494174483	YOR388C
YMR280C	0.0324870138652	YDR380W
YMR280C	0.0685477208613	YPL061W
YMR280C	0.0238104295538	YJL172W
YMR280C	0.0494051299826	YNL194C
YMR280C	0.168915436252	YDR361C
YMR280C	0.0679639540057	YHR216W
YMR280C	0.0862033713608	YNR046W
YMR280C	0.0812709291744	YGR183C
YMR280C	0.0787949561622	YLL034C
YMR280C	0.144374267578	YDR523C
YMR280C	0.0555292181324	YOL014W
YMR280C	0.207012912786	YLR174W
YMR280C	0.153195016873	YJL153C
YMR280C	0.0505430222123	YGL229C
YMR280C	0.0809497553888	YJL063C
YOR032C	0.0656753294091	YNL037C
YOR032C	0.0750405177174	YLR276C
YOR032C	0.0555608528555	YMR193W
YOR032C	0.0669637310685	YHR051W
YOR032C	0.0929848524603	YPL111W
YOR032C	0.0401627914506	YGL009C
YOR032C	0.0695164253761	YPR002W
YOR032C	0.0972742875758	YML123C
YOR032C	0.0873160996277	YHR136C
YOR032C	0.373366816033	YER158C
YOR032C	0.139045839205	YJL217W
YOR032C	0.0806723006372	YKR075C
YOR032C	0.0805130473006	YLR258W
YOR032C	0.0938102677724	YDR171W
YOR032C	0.0603761816841	YIL136W
YOR032C	0.0320518359672	YKR056W
YOR032C	0.0170577923803	YAL062W
YOR032C	0.061694207689	YCR021C
YOR032C	0.16750774826	YDL110C
YOR032C	0.248934417927	YGR043C
YOR032C	0.0618375527075	YGR142W
YOR032C	0.0354973851955	YHR018C
YOR032C	0.0760382984896	YJL088W
YOR032C	0.0559786100862	YJR148W
YOR032C	0.0765122237728	YLR009W
YOR032C	0.0558284430712	YLR130C
YOR032C	0.0402464389886	YLR267W
YOR032C	0.106294593102	YLR327C
YOR032C	0.0474243428908	YNL036W
YOR032C	0.0400886314105	YNR053C
YOR032C	0.0643187010051	YOR302W
YOR032C	0.0894919385622	YPL012W
YOR032C	0.0843714560003	YIL037C
YOR032C	0.0790594609497	YKR009C
YOR032C	0.0581428621668	YFR022W
YOR032C	0.054033549758	YPL265W
YOR032C	0.148020042414	YOR100C
YOR032C	0.151064090981	YOR348C
YOR032C	0.196949763782	YHL028W
YOR032C	0.105407537829	YGR067C
YOR032C	0.0621196316189	YLL011W
YOR032C	0.0639837340935	YPL036W
YOR032C	0.0873043624224	YAL054C
YOR032C	0.23666131248	YLR438W
YOR032C	0.223465388227	YIL155C
YOR032C	0.0574851386377	YBR054W
YOR032C	0.229644695096	YCL064C
YOR032C	0.134121081231	YDL160C
YOR032C	0.0115993131284	YDR384C
YOR032C	0.0670471603215	YER067W
YOR032C	0.0808029945034	YER150W
YOR032C	0.0615765850366	YFL014W
YOR032C	0.0437331986386	YHR029C
YOR032C	0.0865948241883	YHR087W
YOR032C	0.0561980687178	YLR178C
YOR032C	0.224125378577	YMR169C
YOR032C	0.0916217813817	YMR229C
YOR032C	0.0626942848634	YNR064C
YOR032C	0.0487168981002	YOR206W
YOR032C	0.047802272793	YOR388C
YOR032C	0.0287418286147	YDR380W
YOR032C	0.108400647126	YPL061W
YOR032C	0.0330512448715	YJL172W
YOR032C	0.248270570738	YNL194C
YOR032C	0.0856104160804	YDR361C
YOR032C	0.0816051863559	YHR216W
YOR032C	0.0461388588266	YNR046W
YOR032C	0.0808432048879	YGR183C
YOR032C	0.0967010288489	YLL034C
YOR032C	0.0618077938978	YDR523C
YOR032C	0.0575064900039	YOL014W
YOR032C	0.160294169274	YLR174W
YOR032C	0.113293683754	YJL153C
YOR032C	0.0906177495982	YGL229C
YOR032C	0.0792107153718	YJL063C
