YBL103C	0.266045322929	YMR193W
YBL103C	0.102328144092	YPL111W
YBL103C	0.662797883592	YGL009C
YBL103C	0.647394433331	YPR002W
YBL103C	0.199222163906	YML123C
YBL103C	0.137852946744	YHR136C
YBL103C	0.10399905779	YKR056W
YBL103C	0.182668332325	YCR021C
YBL103C	0.085512203476	YGR142W
YBL103C	1.94664430899e-05	YHR018C
YBL103C	0.00110503443921	YJL088W
YBL103C	0.0230169449181	YJR148W
YBL103C	0.0386998342345	YLR267W
YBL103C	0.000561454620804	YNL036W
YBL103C	0.0378929371882	YNR053C
YBL103C	0.138362269996	YOR302W
YBL103C	0.0511738432315	YIL037C
YBL103C	0.427288079048	YPL265W
YBL103C	0.0375213601043	YOR100C
YBL103C	0.110098675455	YPL036W
YBL103C	0.140284020327	YDR384C
YBL103C	0.00626535632774	YFL014W
YBL103C	0.000540674467263	YHR029C
YBL103C	0.219132545486	YNR064C
YBL103C	0.151772480666	YOR388C
YBL103C	0.423001133015	YDR380W
YBL103C	0.274003492086	YPL061W
YBL103C	0.126611426832	YJL172W
YBL103C	0.112152215632	YDR523C
YBL103C	0.00603153710738	YLR174W
YBL103C	0.271842237744	YJL153C
YBL103C	0.224587120146	YJL063C
YDL170W	0.10473413411	YNL037C
YDL170W	0.00140466024868	YLR276C
YDL170W	0.398214930759	YMR193W
YDL170W	0.141279320727	YGL009C
YDL170W	0.0464631568773	YPR002W
YDL170W	0.15575239595	YML123C
YDL170W	0.186888395727	YHR136C
YDL170W	0.161274555011	YJL217W
YDL170W	0.344917422591	YKR056W
YDL170W	0.164059450396	YAL062W
YDL170W	0.254958836519	YCR021C
YDL170W	0.981538916394	YHR018C
YDL170W	0.76290884685	YJL088W
YDL170W	0.239320168942	YJR148W
YDL170W	0.199459756876	YLR009W
YDL170W	0.270213624142	YLR267W
YDL170W	0.894164889771	YNL036W
YDL170W	0.137046478138	YNR053C
YDL170W	0.463451308664	YOR302W
YDL170W	0.0284296322861	YPL012W
YDL170W	0.676446088972	YIL037C
YDL170W	0.144776194151	YFR022W
YDL170W	0.425938169905	YPL265W
YDL170W	0.208942234497	YOR100C
YDL170W	0.175385672867	YGR067C
YDL170W	0.0463707436986	YLL011W
YDL170W	0.107170482851	YPL036W
YDL170W	0.0622418387887	YAL054C
YDL170W	0.453869831048	YHR029C
YDL170W	0.00163853591566	YMR229C
YDL170W	0.179695233854	YNR064C
YDL170W	0.0722797878679	YOR206W
YDL170W	0.237573690774	YDR380W
YDL170W	0.232010596007	YPL061W
YDL170W	0.341263346695	YJL172W
YDL170W	0.00126846567386	YHR216W
YDL170W	0.13151654067	YNR046W
YDL170W	0.00590054493366	YLL034C
YDL170W	0.0832271107439	YOL014W
YDL170W	0.20279595708	YJL153C
YDL170W	0.223033431375	YGL229C
YDL170W	0.45509273866	YJL063C
YDR043C	0.660085433845	YNL037C
YDR043C	0.989341447773	YLR276C
YDR043C	0.269835787993	YHR051W
YDR043C	0.105584201014	YPL111W
YDR043C	0.00615505777873	YGL009C
YDR043C	0.97061541768	YER158C
YDR043C	0.191101929336	YKR075C
YDR043C	0.00569639840237	YLR258W
YDR043C	0.998816609828	YDR171W
YDR043C	0.50226922573	YIL136W
YDR043C	0.274185697083	YKR056W
YDR043C	0.17724003723	YAL062W
YDR043C	0.107973116163	YCR021C
YDR043C	0.798370319333	YDL110C
YDR043C	0.976904643023	YGR043C
YDR043C	7.34750525976e-10	YHR018C
YDR043C	2.59387868482e-05	YJL088W
YDR043C	0.614943942319	YLR009W
YDR043C	0.813757860808	YLR327C
YDR043C	1.16705961179e-06	YNL036W
YDR043C	0.703703852628	YNR053C
YDR043C	0.927648037702	YPL012W
YDR043C	0.958710764396	YKR009C
YDR043C	0.602574041711	YFR022W
YDR043C	0.199796236976	YOR100C
YDR043C	0.865522062275	YOR348C
YDR043C	0.484963064803	YHL028W
YDR043C	0.242024524122	YGR067C
YDR043C	0.868846147939	YLL011W
YDR043C	0.649957646153	YAL054C
YDR043C	0.192845229091	YLR438W
YDR043C	0.977817622764	YIL155C
YDR043C	0.577374146144	YBR054W
YDR043C	0.31989823828	YDL160C
YDR043C	0.245690035473	YDR384C
YDR043C	0.434109381318	YER067W
YDR043C	0.215221882978	YER150W
YDR043C	0.705433146248	YHR087W
YDR043C	0.622138321969	YLR178C
YDR043C	0.980342590354	YMR169C
YDR043C	0.994522844951	YMR229C
YDR043C	0.829406499883	YOR206W
YDR043C	0.295727654697	YOR388C
YDR043C	0.130542850432	YJL172W
YDR043C	0.994450885849	YNL194C
YDR043C	0.931474802014	YDR361C
YDR043C	0.993600801683	YHR216W
YDR043C	0.469937456861	YNR046W
YDR043C	0.726019220401	YGR183C
YDR043C	0.978190261279	YLL034C
YDR043C	0.392263094705	YDR523C
YDR043C	0.614574575449	YOL014W
YDR043C	0.952834389146	YLR174W
YDR216W	0.000906588857013	YER158C
YDR216W	0.00160426923021	YLR258W
YDR216W	0.0161945716876	YIL136W
YDR216W	0.038138150566	YDL110C
YDR216W	0.0107319149995	YGR043C
YDR216W	0.326334338747	YGR142W
YDR216W	0.096932009513	YLR130C
YDR216W	0.0687845828954	YLR327C
YDR216W	0.0661666547261	YOR302W
YDR216W	0.0589604870211	YIL037C
YDR216W	0.011051682304	YKR009C
YDR216W	0.0373641976149	YOR348C
YDR216W	0.137050158191	YLR438W
YDR216W	0.00254708784431	YIL155C
YDR216W	0.0644734306565	YBR054W
YDR216W	0.0607470600612	YER150W
YDR216W	0.340211929967	YFL014W
YDR216W	0.052096246054	YHR087W
YDR216W	0.0114500858158	YLR178C
YDR216W	0.00301785515866	YMR169C
YDR216W	0.158953986955	YNR064C
YDR216W	0.135834690662	YOR388C
YDR216W	0.00043657491303	YNL194C
YDR216W	0.0649361794651	YJL063C
YER040W	0.0750739448704	YNL037C
YER040W	0.00176746752306	YLR276C
YER040W	0.181576523682	YMR193W
YER040W	0.188987569204	YGL009C
YER040W	0.0352224257561	YPR002W
YER040W	0.125658655104	YHR136C
YER040W	0.191263519665	YJL217W
YER040W	0.191746121274	YKR056W
YER040W	0.22536943051	YAL062W
YER040W	0.15661911704	YCR021C
YER040W	0.018441616193	YHR018C
YER040W	0.235924557357	YJL088W
YER040W	0.737499023114	YJR148W
YER040W	0.111474389743	YLR009W
YER040W	0.648630943256	YLR267W
YER040W	0.105272272759	YNL036W
YER040W	0.063253988036	YNR053C
YER040W	0.220013424659	YOR302W
YER040W	0.0133982087075	YPL012W
YER040W	0.153144384354	YIL037C
YER040W	0.00776231936934	YKR009C
YER040W	0.0744234398754	YFR022W
YER040W	0.13927435912	YPL265W
YER040W	0.544115600438	YOR100C
YER040W	0.183226735553	YGR067C
YER040W	0.0365596163903	YLL011W
YER040W	0.0882861053403	YPL036W
YER040W	0.0858234262798	YAL054C
YER040W	0.122545344246	YDL160C
YER040W	0.0319472344382	YER067W
YER040W	0.545576924393	YHR029C
YER040W	0.00177530109873	YMR229C
YER040W	0.210153547082	YNR064C
YER040W	0.0365357696537	YOR206W
YER040W	0.197830512991	YDR380W
YER040W	0.252424271611	YPL061W
YER040W	0.30143551138	YJL172W
YER040W	0.0018416819219	YHR216W
YER040W	0.257608108964	YNR046W
YER040W	0.00754297711176	YLL034C
YER040W	0.0985024007716	YOL014W
YER040W	0.00562153486214	YLR174W
YER040W	0.15721081413	YJL153C
YER040W	0.166587729151	YGL229C
YER040W	0.135149911274	YJL063C
YGL254W	0.123149697592	YHR051W
YGL254W	0.217239736863	YAL062W
YGL254W	0.622027882037	YLR130C
YGL254W	0.889037557642	YCL064C
YJR094C	0.0682929041323	YMR193W
YJR094C	0.433667721872	YPL111W
YJR094C	0.00078016869758	YGL009C
YJR094C	0.143167155315	YML123C
YJR094C	0.300822683167	YHR136C
YJR094C	0.181097262394	YJL217W
YJR094C	0.169423595957	YKR075C
YJR094C	0.0781070085703	YGR142W
YJR094C	2.3545051272e-10	YHR018C
YJR094C	3.56225672366e-05	YJL088W
YJR094C	0.000119324389196	YJR148W
YJR094C	0.0819340444104	YLR130C
YJR094C	0.0418789221452	YLR267W
YJR094C	2.15789703345e-07	YNL036W
YJR094C	0.00305969614834	YPL265W
YJR094C	0.0832729871855	YHL028W
YJR094C	0.0424111168027	YBR054W
YJR094C	0.0210491942232	YCL064C
YJR094C	0.127246137356	YDL160C
YJR094C	0.212497683125	YDR384C
YJR094C	1.11594579733e-05	YHR029C
YJR094C	0.0799337621302	YDR380W
YJR094C	0.0968871943912	YPL061W
YJR094C	0.100146864661	YJL172W
YJR094C	0.148641604228	YDR523C
YJR094C	0.0804589136397	YOL014W
YJR094C	0.11429372498	YGL229C
YKL062W	0.102903286888	YNL037C
YKL062W	0.29721688693	YHR051W
YKL062W	0.189477552758	YPL111W
YKL062W	0.18728131712	YPR002W
YKL062W	0.00694295518968	YER158C
YKL062W	0.134184575099	YKR075C
YKL062W	0.987503664307	YLR258W
YKL062W	0.000339160170231	YDR171W
YKL062W	0.462755017235	YIL136W
YKL062W	0.079539774171	YDL110C
YKL062W	0.00492713261205	YGR043C
YKL062W	0.375286086974	YGR142W
YKL062W	0.0610877581739	YLR130C
YKL062W	0.039599782363	YLR327C
YKL062W	0.0165299112977	YPL012W
YKL062W	0.229944784803	YHL028W
YKL062W	0.197064798206	YGR067C
YKL062W	0.477692802202	YPL036W
YKL062W	0.150401948013	YAL054C
YKL062W	0.00577986250574	YIL155C
YKL062W	0.236940532525	YBR054W
YKL062W	0.0198894708529	YCL064C
YKL062W	0.439218790748	YER067W
YKL062W	0.696741934199	YER150W
YKL062W	0.645249590632	YFL014W
YKL062W	0.172584688197	YHR087W
YKL062W	0.347862847599	YLR178C
YKL062W	0.00605032744661	YMR169C
YKL062W	0.00114686369397	YMR229C
YKL062W	0.00114090944814	YNL194C
YKL062W	0.012380130531	YDR361C
YKL062W	0.0802417009937	YNR046W
YKL062W	0.1096755361	YGR183C
YKL062W	0.226024192297	YGL229C
YMR280C	0.0572032002869	YNL037C
YMR280C	0.00610672264639	YLR276C
YMR280C	0.118718048059	YHR051W
YMR280C	0.167471058812	YKR075C
YMR280C	0.000345476946905	YDR171W
YMR280C	0.00487022491278	YIL136W
YMR280C	0.0281550463755	YDL110C
YMR280C	0.000999376132298	YGR043C
YMR280C	0.0352066169241	YLR009W
YMR280C	0.0156711585343	YKR009C
YMR280C	0.0855593207391	YFR022W
YMR280C	0.0260299365271	YOR348C
YMR280C	0.0210004823036	YLL011W
YMR280C	0.156428961018	YLR438W
YMR280C	0.00475470488214	YIL155C
YMR280C	0.209525955629	YDR384C
YMR280C	0.00702426610307	YLR178C
YMR280C	0.000916454340604	YMR229C
YMR280C	0.0265187714169	YOR206W
YMR280C	0.115300074922	YOR388C
YMR280C	0.000373300716236	YNL194C
YMR280C	0.0337811177041	YDR361C
YMR280C	0.00119405785395	YHR216W
YMR280C	0.0490396333444	YGR183C
YMR280C	0.00416100577923	YLL034C
YMR280C	0.126671819303	YDR523C
YMR280C	0.0240952669927	YLR174W
YMR280C	0.164563407133	YJL153C
YOR032C	0.13543178496	YML123C
YOR032C	0.0209039864567	YER158C
YOR032C	0.126332130889	YJL217W
YOR032C	0.00305998924678	YLR258W
YOR032C	0.000314426443793	YDR171W
YOR032C	0.0139109604337	YIL136W
YOR032C	0.055796709554	YDL110C
YOR032C	0.00643693323324	YGR043C
YOR032C	0.04072785038	YLR327C
YOR032C	0.00962456798535	YOR100C
YOR032C	0.0469240800548	YOR348C
YOR032C	0.151987997196	YHL028W
YOR032C	0.218296544242	YLR438W
YOR032C	0.00910072200351	YIL155C
YOR032C	0.0356446986688	YCL064C
YOR032C	0.143445629304	YDL160C
YOR032C	0.0406774785061	YER067W
YOR032C	0.0202813719508	YER150W
YOR032C	0.00483444213823	YFL014W
YOR032C	0.037073163664	YHR087W
YOR032C	0.011524478513	YLR178C
YOR032C	0.00830827735841	YMR169C
YOR032C	0.00359832907388	YNL194C
YOR032C	0.0100502364336	YDR361C
YOR032C	0.0495764841212	YGR183C
YOR032C	0.00420521089653	YLL034C
YOR032C	0.011417271892	YLR174W
