YBL103C	0.0727745086657	YNL037C
YBL103C	0.0523083180604	YLR276C
YBL103C	0.333619134885	YMR193W
YBL103C	0.0594477403375	YHR051W
YBL103C	0.101079327469	YPL111W
YBL103C	0.781794358834	YGL009C
YBL103C	0.80078009135	YPR002W
YBL103C	0.2617537444	YML123C
YBL103C	0.102764670694	YHR136C
YBL103C	0.0339818736289	YER158C
YBL103C	0.100678574254	YJL217W
YBL103C	0.076967679287	YKR075C
YBL103C	0.0575251590753	YLR258W
YBL103C	0.0719111604507	YDR171W
YBL103C	0.00793514391571	YIL136W
YBL103C	0.163065161908	YKR056W
YBL103C	0.255486057498	YAL062W
YBL103C	0.185436224305	YCR021C
YBL103C	0.0422432908126	YDL110C
YBL103C	0.0304131983334	YGR043C
YBL103C	0.119877593638	YGR142W
YBL103C	0.149576914138	YHR018C
YBL103C	0.076115210172	YJL088W
YBL103C	0.199159222845	YJR148W
YBL103C	0.0685449410607	YLR009W
YBL103C	0.0686440217017	YLR130C
YBL103C	0.0908829903442	YLR267W
YBL103C	0.0815553183491	YLR327C
YBL103C	0.136483954731	YNL036W
YBL103C	0.10479652535	YNR053C
YBL103C	0.141405911035	YOR302W
YBL103C	0.0711898454875	YPL012W
YBL103C	0.0949723221881	YIL037C
YBL103C	0.048519678431	YKR009C
YBL103C	0.130408004706	YFR022W
YBL103C	0.584789952836	YPL265W
YBL103C	0.0655141219073	YOR100C
YBL103C	0.0495353428461	YOR348C
YBL103C	0.057894652094	YHL028W
YBL103C	0.080557868875	YGR067C
YBL103C	0.0757314739627	YLL011W
YBL103C	0.135919653414	YPL036W
YBL103C	0.0478431561946	YAL054C
YBL103C	0.0680056999408	YLR438W
YBL103C	0.0361111982623	YIL155C
YBL103C	0.075570233407	YBR054W
YBL103C	0.105950750595	YCL064C
YBL103C	0.107452034264	YDL160C
YBL103C	0.184038913034	YDR384C
YBL103C	0.055413468282	YER067W
YBL103C	0.0191301252724	YER150W
YBL103C	0.0338002895621	YFL014W
YBL103C	0.0786821175297	YHR029C
YBL103C	0.0858093671175	YHR087W
YBL103C	0.00943838902164	YLR178C
YBL103C	0.0397700268376	YMR169C
YBL103C	0.0507575046719	YMR229C
YBL103C	0.241397105137	YNR064C
YBL103C	0.0648887614436	YOR206W
YBL103C	0.123173060435	YOR388C
YBL103C	0.552031510947	YDR380W
YBL103C	0.326161149665	YPL061W
YBL103C	0.188749997662	YJL172W
YBL103C	0.0536673109026	YNL194C
YBL103C	0.0476582183488	YDR361C
YBL103C	0.0675796564353	YHR216W
YBL103C	0.0549461969907	YNR046W
YBL103C	0.0657341517152	YGR183C
YBL103C	0.0524503405171	YLL034C
YBL103C	0.0978633699373	YDR523C
YBL103C	0.0563588115356	YOL014W
YBL103C	0.108496717008	YLR174W
YBL103C	0.428401250549	YJL153C
YBL103C	0.104153368263	YGL229C
YBL103C	0.23889486686	YJL063C
YDL170W	0.181925282176	YNL037C
YDL170W	0.0568192735898	YLR276C
YDL170W	0.549126180127	YMR193W
YDL170W	0.0317110428397	YHR051W
YDL170W	0.0567609278231	YPL111W
YDL170W	0.2060257172	YGL009C
YDL170W	0.136466909139	YPR002W
YDL170W	0.1629466056	YML123C
YDL170W	0.13224012318	YHR136C
YDL170W	0.025124521251	YER158C
YDL170W	0.155789613376	YJL217W
YDL170W	0.0498281830166	YKR075C
YDL170W	0.0584799000447	YLR258W
YDL170W	0.0528734337427	YDR171W
YDL170W	0.00579072817028	YIL136W
YDL170W	0.52597196099	YKR056W
YDL170W	0.228028617712	YAL062W
YDL170W	0.257505478821	YCR021C
YDL170W	0.0282855074991	YDL110C
YDL170W	0.024980285049	YGR043C
YDL170W	0.0647074596548	YGR142W
YDL170W	0.976965708986	YHR018C
YDL170W	0.797341840298	YJL088W
YDL170W	0.342465704291	YJR148W
YDL170W	0.387303768666	YLR009W
YDL170W	0.060957278535	YLR130C
YDL170W	0.289757071444	YLR267W
YDL170W	0.0589994232137	YLR327C
YDL170W	0.905795940925	YNL036W
YDL170W	0.259781861117	YNR053C
YDL170W	0.619855123651	YOR302W
YDL170W	0.143790852628	YPL012W
YDL170W	0.78802669503	YIL037C
YDL170W	0.0621995845247	YKR009C
YDL170W	0.277324114232	YFR022W
YDL170W	0.53468593574	YPL265W
YDL170W	0.249657134163	YOR100C
YDL170W	0.0877437815652	YOR348C
YDL170W	0.066352664337	YHL028W
YDL170W	0.202095686208	YGR067C
YDL170W	0.156955334547	YLL011W
YDL170W	0.140143548384	YPL036W
YDL170W	0.125599427553	YAL054C
YDL170W	0.07359290469	YLR438W
YDL170W	0.0316638122936	YIL155C
YDL170W	0.0680039942404	YBR054W
YDL170W	0.0845871246567	YCL064C
YDL170W	0.0969345043359	YDL160C
YDL170W	0.171090041959	YDR384C
YDL170W	0.0787997357567	YER067W
YDL170W	0.0169695337332	YER150W
YDL170W	0.0114824395381	YFL014W
YDL170W	0.574608212544	YHR029C
YDL170W	0.0451332520002	YHR087W
YDL170W	0.00875772856879	YLR178C
YDL170W	0.0367717024478	YMR169C
YDL170W	0.0781010249159	YMR229C
YDL170W	0.212022044626	YNR064C
YDL170W	0.212801644256	YOR206W
YDL170W	0.0787939109362	YOR388C
YDL170W	0.261620548683	YDR380W
YDL170W	0.260252839488	YPL061W
YDL170W	0.43017296593	YJL172W
YDL170W	0.0560251350192	YNL194C
YDL170W	0.0537224116123	YDR361C
YDL170W	0.0853332741327	YHR216W
YDL170W	0.190078376089	YNR046W
YDL170W	0.0586303451235	YGR183C
YDL170W	0.0836551124397	YLL034C
YDL170W	0.069045581672	YDR523C
YDL170W	0.115900663681	YOL014W
YDL170W	0.0672540079614	YLR174W
YDL170W	0.205616135951	YJL153C
YDL170W	0.293277746346	YGL229C
YDL170W	0.644816733501	YJL063C
YDR043C	0.761055412244	YNL037C
YDR043C	0.991615258072	YLR276C
YDR043C	0.040023159544	YMR193W
YDR043C	0.407491638391	YHR051W
YDR043C	0.13437387698	YPL111W
YDR043C	0.321770189311	YGL009C
YDR043C	0.0473209197712	YPR002W
YDR043C	0.0925741102077	YML123C
YDR043C	0.0499784650414	YHR136C
YDR043C	0.986998343763	YER158C
YDR043C	0.047269763978	YJL217W
YDR043C	0.196619204676	YKR075C
YDR043C	0.244032252084	YLR258W
YDR043C	0.999197377762	YDR171W
YDR043C	0.946104625417	YIL136W
YDR043C	0.415282562198	YKR056W
YDR043C	0.234874372793	YAL062W
YDR043C	0.081064419945	YCR021C
YDR043C	0.908146968179	YDL110C
YDR043C	0.990200178083	YGR043C
YDR043C	0.0569722096005	YGR142W
YDR043C	0.0438564985605	YHR018C
YDR043C	0.0653134845659	YJL088W
YDR043C	0.0317697922863	YJR148W
YDR043C	0.734248055064	YLR009W
YDR043C	0.0420716261302	YLR130C
YDR043C	0.0154840430497	YLR267W
YDR043C	0.906699208968	YLR327C
YDR043C	0.078110993593	YNL036W
YDR043C	0.81001482986	YNR053C
YDR043C	0.0503690712303	YOR302W
YDR043C	0.941796927668	YPL012W
YDR043C	0.0548987988604	YIL037C
YDR043C	0.970987073156	YKR009C
YDR043C	0.741580290783	YFR022W
YDR043C	0.104804729993	YPL265W
YDR043C	0.56784783473	YOR100C
YDR043C	0.923739475688	YOR348C
YDR043C	0.658998248434	YHL028W
YDR043C	0.23594265685	YGR067C
YDR043C	0.91283641288	YLL011W
YDR043C	0.0771971418165	YPL036W
YDR043C	0.737903603062	YAL054C
YDR043C	0.210250633916	YLR438W
YDR043C	0.986865452822	YIL155C
YDR043C	0.686154712401	YBR054W
YDR043C	0.0474443077238	YCL064C
YDR043C	0.428658662934	YDL160C
YDR043C	0.510914965754	YDR384C
YDR043C	0.615612092223	YER067W
YDR043C	0.703365099664	YER150W
YDR043C	0.0194107084419	YFL014W
YDR043C	0.03385677038	YHR029C
YDR043C	0.864109780099	YHR087W
YDR043C	0.947133201774	YLR178C
YDR043C	0.98935916241	YMR169C
YDR043C	0.995046869978	YMR229C
YDR043C	0.0331709520281	YNR064C
YDR043C	0.857694913267	YOR206W
YDR043C	0.446679620131	YOR388C
YDR043C	0.0894783210273	YDR380W
YDR043C	0.0284674877209	YPL061W
YDR043C	0.312313320751	YJL172W
YDR043C	0.996835508528	YNL194C
YDR043C	0.958343654867	YDR361C
YDR043C	0.995771282596	YHR216W
YDR043C	0.608145532176	YNR046W
YDR043C	0.838901544989	YGR183C
YDR043C	0.98251463469	YLL034C
YDR043C	0.508381805521	YDR523C
YDR043C	0.678028872726	YOL014W
YDR043C	0.958903934384	YLR174W
YDR043C	0.179080859922	YJL153C
YDR043C	0.0776780543404	YGL229C
YDR043C	0.181334353903	YJL063C
YDR216W	0.02726188172	YNL037C
YDR216W	0.0618917386607	YLR276C
YDR216W	0.0541519747961	YMR193W
YDR216W	0.11948329518	YHR051W
YDR216W	0.0640253162193	YPL111W
YDR216W	0.0243809423066	YGL009C
YDR216W	0.0325482718815	YPR002W
YDR216W	0.0482170105391	YML123C
YDR216W	0.0852392982031	YHR136C
YDR216W	0.0488789083929	YER158C
YDR216W	0.108353320265	YJL217W
YDR216W	0.0506981752944	YKR075C
YDR216W	0.073378707533	YLR258W
YDR216W	0.0649170842379	YDR171W
YDR216W	0.0390424978172	YIL136W
YDR216W	0.0625508457595	YKR056W
YDR216W	0.0322463531704	YCR021C
YDR216W	0.166485590018	YDL110C
YDR216W	0.314670356796	YGR043C
YDR216W	0.484289134144	YGR142W
YDR216W	0.0204921571238	YHR018C
YDR216W	0.0416997331059	YJL088W
YDR216W	0.042541238375	YJR148W
YDR216W	0.0473622034103	YLR009W
YDR216W	0.145511282177	YLR130C
YDR216W	0.0144586662193	YLR267W
YDR216W	0.265655794001	YLR327C
YDR216W	0.040443393842	YNL036W
YDR216W	0.0630105430904	YNR053C
YDR216W	0.105621623783	YOR302W
YDR216W	0.0769632003531	YPL012W
YDR216W	0.153130525477	YIL037C
YDR216W	0.13972916409	YKR009C
YDR216W	0.0396514999258	YFR022W
YDR216W	0.0183857777919	YPL265W
YDR216W	0.0968020912115	YOR100C
YDR216W	0.141513700257	YOR348C
YDR216W	0.0241418096066	YHL028W
YDR216W	0.199659156676	YGR067C
YDR216W	0.0530388078044	YLL011W
YDR216W	0.0609621417061	YPL036W
YDR216W	0.0603708979593	YAL054C
YDR216W	0.116559344926	YLR438W
YDR216W	0.106252210031	YIL155C
YDR216W	0.102260780882	YBR054W
YDR216W	0.0512207124874	YCL064C
YDR216W	0.0803396538959	YDL160C
YDR216W	0.0190449534257	YDR384C
YDR216W	0.0407520521174	YER067W
YDR216W	0.164351988192	YER150W
YDR216W	0.8810421508	YFL014W
YDR216W	0.032968425559	YHR029C
YDR216W	0.109929555397	YHR087W
YDR216W	0.0275729481498	YLR178C
YDR216W	0.0759946812088	YMR169C
YDR216W	0.0699189508808	YMR229C
YDR216W	0.180582708042	YNR064C
YDR216W	0.0762591510442	YOR206W
YDR216W	0.0906556545888	YOR388C
YDR216W	0.044091309677	YDR380W
YDR216W	0.182315641276	YPL061W
YDR216W	0.0487832197706	YJL172W
YDR216W	0.0585410423335	YNL194C
YDR216W	0.0739484245336	YDR361C
YDR216W	0.0753577855698	YHR216W
YDR216W	0.0237926693155	YNR046W
YDR216W	0.0672950629064	YGR183C
YDR216W	0.0539394644441	YLL034C
YDR216W	0.0584513599292	YDR523C
YDR216W	0.186369038166	YOL014W
YDR216W	0.0522702332917	YLR174W
YDR216W	0.03554911913	YJL153C
YDR216W	0.0365337267095	YGL229C
YDR216W	0.0648472819679	YJL063C
YER040W	0.117348750845	YNL037C
YER040W	0.0737702301299	YLR276C
YER040W	0.201279352381	YMR193W
YER040W	0.0347595943225	YHR051W
YER040W	0.0616679006962	YPL111W
YER040W	0.29245367651	YGL009C
YER040W	0.170182688558	YPR002W
YER040W	0.137548619388	YML123C
YER040W	0.0942069672444	YHR136C
YER040W	0.022472853734	YER158C
YER040W	0.237626452958	YJL217W
YER040W	0.12823648602	YKR075C
YER040W	0.0671984729081	YLR258W
YER040W	0.078477564595	YDR171W
YER040W	0.00597125471741	YIL136W
YER040W	0.208136832537	YKR056W
YER040W	0.321741765129	YAL062W
YER040W	0.136633888755	YCR021C
YER040W	0.0273420734335	YDL110C
YER040W	0.0272790354458	YGR043C
YER040W	0.055321238937	YGR142W
YER040W	0.447939654389	YHR018C
YER040W	0.422032467325	YJL088W
YER040W	0.768446002196	YJR148W
YER040W	0.210244786842	YLR009W
YER040W	0.0692993632446	YLR130C
YER040W	0.699779991607	YLR267W
YER040W	0.0492464247201	YLR327C
YER040W	0.337028363728	YNL036W
YER040W	0.115221508337	YNR053C
YER040W	0.282614105138	YOR302W
YER040W	0.0746035116336	YPL012W
YER040W	0.205313933645	YIL037C
YER040W	0.0828784742408	YKR009C
YER040W	0.100174240097	YFR022W
YER040W	0.226040721383	YPL265W
YER040W	0.709535092569	YOR100C
YER040W	0.0813069440018	YOR348C
YER040W	0.0411106006564	YHL028W
YER040W	0.204538024302	YGR067C
YER040W	0.117876592526	YLL011W
YER040W	0.093770786437	YPL036W
YER040W	0.212365474319	YAL054C
YER040W	0.0457635879965	YLR438W
YER040W	0.039730031249	YIL155C
YER040W	0.0719507806677	YBR054W
YER040W	0.0711381091293	YCL064C
YER040W	0.0933487085008	YDL160C
YER040W	0.226386270856	YDR384C
YER040W	0.0811495331336	YER067W
YER040W	0.0196555782007	YER150W
YER040W	0.0101640918722	YFL014W
YER040W	0.665582227376	YHR029C
YER040W	0.0431279102968	YHR087W
YER040W	0.011216463149	YLR178C
YER040W	0.0514424325132	YMR169C
YER040W	0.0937434319691	YMR229C
YER040W	0.237760937767	YNR064C
YER040W	0.0912142013157	YOR206W
YER040W	0.0969558705429	YOR388C
YER040W	0.200614973389	YDR380W
YER040W	0.303289469877	YPL061W
YER040W	0.386128064757	YJL172W
YER040W	0.104638306241	YNL194C
YER040W	0.0569710099446	YDR361C
YER040W	0.0797808609878	YHR216W
YER040W	0.426533330935	YNR046W
YER040W	0.0537437829829	YGR183C
YER040W	0.109427415159	YLL034C
YER040W	0.0633607692976	YDR523C
YER040W	0.154429607146	YOL014W
YER040W	0.0685985884868	YLR174W
YER040W	0.134040534716	YJL153C
YER040W	0.151561936986	YGL229C
YER040W	0.172205322807	YJL063C
YGL254W	0.143971563067	YNL037C
YGL254W	0.0815396149828	YLR276C
YGL254W	0.0588909120076	YMR193W
YGL254W	0.125269966278	YHR051W
YGL254W	0.0283896962083	YPL111W
YGL254W	0.0695824765138	YGL009C
YGL254W	0.0318315788328	YPR002W
YGL254W	0.0405561284267	YML123C
YGL254W	0.0451823191641	YHR136C
YGL254W	0.0170027151766	YER158C
YGL254W	0.0530984114052	YJL217W
YGL254W	0.0759472088369	YKR075C
YGL254W	0.0415438764116	YLR258W
YGL254W	0.0402150244178	YDR171W
YGL254W	0.00435971870601	YIL136W
YGL254W	0.0219233776112	YKR056W
YGL254W	0.272445130194	YAL062W
YGL254W	0.0302284334722	YCR021C
YGL254W	0.0235593975464	YDL110C
YGL254W	0.0155692386415	YGR043C
YGL254W	0.0660215612713	YGR142W
YGL254W	0.0238763705558	YHR018C
YGL254W	0.0391808504848	YJL088W
YGL254W	0.0321737623451	YJR148W
YGL254W	0.0297378213471	YLR009W
YGL254W	0.763478233772	YLR130C
YGL254W	0.00830792845606	YLR267W
YGL254W	0.0370255374077	YLR327C
YGL254W	0.0324297030821	YNL036W
YGL254W	0.0551958901802	YNR053C
YGL254W	0.0574373005092	YOR302W
YGL254W	0.0461207035156	YPL012W
YGL254W	0.0629361435144	YIL037C
YGL254W	0.0497900053785	YKR009C
YGL254W	0.0400208283298	YFR022W
YGL254W	0.0376603975463	YPL265W
YGL254W	0.00983693199233	YOR100C
YGL254W	0.0393152164633	YOR348C
YGL254W	0.0203983693201	YHL028W
YGL254W	0.0293863785596	YGR067C
YGL254W	0.0434800922375	YLL011W
YGL254W	0.0547877318202	YPL036W
YGL254W	0.0286332042654	YAL054C
YGL254W	0.0406778253019	YLR438W
YGL254W	0.0241264175987	YIL155C
YGL254W	0.0289114531361	YBR054W
YGL254W	0.944663015427	YCL064C
YGL254W	0.0714894373705	YDL160C
YGL254W	0.0349375905848	YER067W
YGL254W	0.0139826025895	YER150W
YGL254W	0.0115276148098	YFL014W
YGL254W	0.030689560335	YHR029C
YGL254W	0.0207275092301	YHR087W
YGL254W	0.00499082482891	YLR178C
YGL254W	0.0290362440686	YMR169C
YGL254W	0.0364817421702	YMR229C
YGL254W	0.0297793154173	YNR064C
YGL254W	0.0594215393325	YOR206W
YGL254W	0.0592527891129	YOR388C
YGL254W	0.0288923374579	YDR380W
YGL254W	0.0511108549365	YJL172W
YGL254W	0.0331234513529	YNL194C
YGL254W	0.125816060547	YDR361C
YGL254W	0.0762252238981	YHR216W
YGL254W	0.0242583480656	YNR046W
YGL254W	0.0462031507043	YGR183C
YGL254W	0.0467370599212	YLL034C
YGL254W	0.0551761092314	YDR523C
YGL254W	0.0533460831274	YOL014W
YGL254W	0.0373463466706	YLR174W
YGL254W	0.0359649955407	YJL153C
YGL254W	0.0329240602817	YGL229C
YGL254W	0.0268283296515	YJL063C
YJR094C	0.0411560854543	YNL037C
YJR094C	0.0882681497089	YLR276C
YJR094C	0.146586705423	YMR193W
YJR094C	0.112419614395	YHR051W
YJR094C	0.626050748338	YPL111W
YJR094C	0.0466730101327	YGL009C
YJR094C	0.070820277981	YPR002W
YJR094C	0.0913786797931	YML123C
YJR094C	0.432456910902	YHR136C
YJR094C	0.0353407136132	YER158C
YJR094C	0.205822257754	YJL217W
YJR094C	0.210718601388	YKR075C
YJR094C	0.0701148912548	YLR258W
YJR094C	0.0856801473421	YDR171W
YJR094C	0.00702160060255	YIL136W
YJR094C	0.0730028607516	YKR056W
YJR094C	0.0910058000219	YAL062W
YJR094C	0.128255091105	YCR021C
YJR094C	0.0406774623212	YDL110C
YJR094C	0.0258297412289	YGR043C
YJR094C	0.134325896649	YGR142W
YJR094C	0.0409636873997	YHR018C
YJR094C	0.0950151301618	YJL088W
YJR094C	0.246829465316	YJR148W
YJR094C	0.0555940689657	YLR009W
YJR094C	0.189116206932	YLR130C
YJR094C	0.657014723482	YLR267W
YJR094C	0.0879568328074	YLR327C
YJR094C	0.0928636688781	YNL036W
YJR094C	0.0747570484509	YNR053C
YJR094C	0.114521286206	YOR302W
YJR094C	0.0692706428727	YPL012W
YJR094C	0.0945889385225	YIL037C
YJR094C	0.0688498708347	YKR009C
YJR094C	0.0566826149407	YFR022W
YJR094C	0.0554205026011	YPL265W
YJR094C	0.0279187914141	YOR100C
YJR094C	0.0673347544221	YOR348C
YJR094C	0.216832173565	YHL028W
YJR094C	0.0290616848404	YGR067C
YJR094C	0.120218961035	YLL011W
YJR094C	0.0794235667292	YPL036W
YJR094C	0.050863109445	YAL054C
YJR094C	0.15797275578	YLR438W
YJR094C	0.0412557920044	YIL155C
YJR094C	0.0933971319295	YBR054W
YJR094C	0.117343487846	YCL064C
YJR094C	0.12461000366	YDL160C
YJR094C	0.237148776285	YDR384C
YJR094C	0.0801077983501	YER067W
YJR094C	0.0225015299511	YER150W
YJR094C	0.0162424674529	YFL014W
YJR094C	0.152033511698	YHR029C
YJR094C	0.0514522144043	YHR087W
YJR094C	0.0106598519421	YLR178C
YJR094C	0.102622316368	YMR169C
YJR094C	0.0629735509139	YMR229C
YJR094C	0.154124856845	YNR064C
YJR094C	0.0655536343466	YOR206W
YJR094C	0.0783598941141	YOR388C
YJR094C	0.249359649894	YDR380W
YJR094C	0.107262758616	YPL061W
YJR094C	0.235775617507	YJL172W
YJR094C	0.0391531568427	YNL194C
YJR094C	0.0956794594877	YDR361C
YJR094C	0.0880739863357	YHR216W
YJR094C	0.0870789782001	YNR046W
YJR094C	0.0870178088222	YGR183C
YJR094C	0.0711404028862	YLL034C
YJR094C	0.13619107404	YDR523C
YJR094C	0.097810095097	YOL014W
YJR094C	0.055652891963	YLR174W
YJR094C	0.0753705269747	YJL153C
YJR094C	0.112098714233	YGL229C
YJR094C	0.100885503591	YJL063C
YKL062W	0.292589789446	YNL037C
YKL062W	0.122039010954	YLR276C
YKL062W	0.0574711731196	YMR193W
YKL062W	0.353780744672	YHR051W
YKL062W	0.188418888157	YPL111W
YKL062W	0.0231577407191	YGL009C
YKL062W	0.248555060115	YPR002W
YKL062W	0.0763217664599	YML123C
YKL062W	0.0692269319786	YHR136C
YKL062W	0.398314815929	YER158C
YKL062W	0.0447920642015	YJL217W
YKL062W	0.112156512354	YKR075C
YKL062W	0.993213532342	YLR258W
YKL062W	0.183355745483	YDR171W
YKL062W	0.930492721753	YIL136W
YKL062W	0.0338535473949	YKR056W
YKL062W	0.0278941886307	YAL062W
YKL062W	0.0930597111762	YCR021C
YKL062W	0.378360543406	YDL110C
YKL062W	0.277524357114	YGR043C
YKL062W	0.522403758084	YGR142W
YKL062W	0.0187990282599	YHR018C
YKL062W	0.0571586977776	YJL088W
YKL062W	0.060976016421	YJR148W
YKL062W	0.0684008951719	YLR009W
YKL062W	0.0654703513811	YLR130C
YKL062W	0.00867040009417	YLR267W
YKL062W	0.1192887658	YLR327C
YKL062W	0.0375479739706	YNL036W
YKL062W	0.0512137565273	YNR053C
YKL062W	0.0365684548034	YOR302W
YKL062W	0.143260996266	YPL012W
YKL062W	0.046580311273	YIL037C
YKL062W	0.0669248530006	YKR009C
YKL062W	0.0338870924288	YFR022W
YKL062W	0.0438148327301	YPL265W
YKL062W	0.035635866834	YOR100C
YKL062W	0.0601935807962	YOR348C
YKL062W	0.420188675651	YHL028W
YKL062W	0.263587373159	YGR067C
YKL062W	0.0558614280352	YLL011W
YKL062W	0.640427781245	YPL036W
YKL062W	0.377172939026	YAL054C
YKL062W	0.0400896871014	YLR438W
YKL062W	0.250091765134	YIL155C
YKL062W	0.457900907405	YBR054W
YKL062W	0.0667120270634	YCL064C
YKL062W	0.034558403824	YDL160C
YKL062W	0.0220897180681	YDR384C
YKL062W	0.68930867914	YER067W
YKL062W	0.875336425641	YER150W
YKL062W	0.911102468006	YFL014W
YKL062W	0.0365807097651	YHR029C
YKL062W	0.44992065015	YHR087W
YKL062W	0.914986199202	YLR178C
YKL062W	0.239756348794	YMR169C
YKL062W	0.240469542267	YMR229C
YKL062W	0.0372346227606	YNR064C
YKL062W	0.11564843315	YOR206W
YKL062W	0.0748807877873	YOR388C
YKL062W	0.02319138047	YDR380W
YKL062W	0.0285926132925	YPL061W
YKL062W	0.192451325995	YNL194C
YKL062W	0.10968184061	YDR361C
YKL062W	0.0537808543037	YHR216W
YKL062W	0.227797143367	YNR046W
YKL062W	0.244193224616	YGR183C
YKL062W	0.183600462472	YLL034C
YKL062W	0.0573979874681	YDR523C
YKL062W	0.0339971284148	YOL014W
YKL062W	0.0762193040273	YLR174W
YKL062W	0.0406695504713	YJL153C
YKL062W	0.305736233228	YGL229C
YKL062W	0.0301142358571	YJL063C
YMR280C	0.0595208618312	YNL037C
YMR280C	0.13687834462	YLR276C
YMR280C	0.0287068350809	YMR193W
YMR280C	0.0848973606973	YHR051W
YMR280C	0.0696948984468	YPL111W
YMR280C	0.0275134543446	YGL009C
YMR280C	0.0297752873012	YPR002W
YMR280C	0.0482885939385	YML123C
YMR280C	0.0658404026425	YHR136C
YMR280C	0.0221494232595	YER158C
YMR280C	0.0442332220845	YJL217W
YMR280C	0.105912898665	YKR075C
YMR280C	0.0594837219193	YLR258W
YMR280C	0.0665923693148	YDR171W
YMR280C	0.0115902971677	YIL136W
YMR280C	0.0465067177161	YKR056W
YMR280C	0.0306748923532	YCR021C
YMR280C	0.0722973450675	YDL110C
YMR280C	0.0228398994914	YGR043C
YMR280C	0.0207654530872	YHR018C
YMR280C	0.0404118239364	YJL088W
YMR280C	0.0349723692879	YJR148W
YMR280C	0.092719513842	YLR009W
YMR280C	0.0510839582131	YLR130C
YMR280C	0.0131327759849	YLR267W
YMR280C	0.0464984417354	YLR327C
YMR280C	0.03318107757	YNL036W
YMR280C	0.0569060254028	YNR053C
YMR280C	0.03703629279	YOR302W
YMR280C	0.0605873586169	YPL012W
YMR280C	0.0380118598621	YIL037C
YMR280C	0.104872550823	YKR009C
YMR280C	0.137330799144	YFR022W
YMR280C	0.0948837450902	YPL265W
YMR280C	0.0480805284079	YOR100C
YMR280C	0.0755711126702	YOR348C
YMR280C	0.0230995472542	YHL028W
YMR280C	0.0294315848873	YGR067C
YMR280C	0.0829725503025	YLL011W
YMR280C	0.0700374806643	YPL036W
YMR280C	0.0302335581517	YAL054C
YMR280C	0.125560998465	YLR438W
YMR280C	0.0788597909935	YIL155C
YMR280C	0.0462183347894	YBR054W
YMR280C	0.0439597611139	YCL064C
YMR280C	0.063294668023	YDL160C
YMR280C	0.206066259818	YDR384C
YMR280C	0.0366390939089	YER067W
YMR280C	0.0164661337327	YER150W
YMR280C	0.00945406477623	YFL014W
YMR280C	0.0398925187047	YHR029C
YMR280C	0.0330243114277	YHR087W
YMR280C	0.0135535472614	YLR178C
YMR280C	0.0329646827328	YMR169C
YMR280C	0.0520103343608	YMR229C
YMR280C	0.0408555529359	YNR064C
YMR280C	0.0787758737451	YOR206W
YMR280C	0.0742204372554	YOR388C
YMR280C	0.0225688534904	YDR380W
YMR280C	0.0318334688599	YNL194C
YMR280C	0.141681900601	YDR361C
YMR280C	0.0565748681283	YHR216W
YMR280C	0.0626652045893	YNR046W
YMR280C	0.0813328545172	YGR183C
YMR280C	0.0641485109316	YLL034C
YMR280C	0.100864908203	YDR523C
YMR280C	0.0633746269381	YOL014W
YMR280C	0.165063254432	YLR174W
YMR280C	0.191300546255	YJL153C
YMR280C	0.033819536808	YGL229C
YMR280C	0.0421353162917	YJL063C
YOR032C	0.0631984856699	YNL037C
YOR032C	0.0637098056902	YLR276C
YOR032C	0.0289434530922	YMR193W
YOR032C	0.0349359806867	YHR051W
YOR032C	0.0799760324733	YPL111W
YOR032C	0.0217955501927	YGL009C
YOR032C	0.0513716469514	YPR002W
YOR032C	0.0839144963396	YML123C
YOR032C	0.0786641127061	YHR136C
YOR032C	0.284041172656	YER158C
YOR032C	0.128552420158	YJL217W
YOR032C	0.0749439508116	YKR075C
YOR032C	0.0579278627419	YLR258W
YOR032C	0.0691422573682	YDR171W
YOR032C	0.0183960687707	YIL136W
YOR032C	0.0466394239442	YKR056W
YOR032C	0.0468642750099	YCR021C
YOR032C	0.128547848809	YDL110C
YOR032C	0.166048379442	YGR043C
YOR032C	0.0544773193104	YGR142W
YOR032C	0.0194911986427	YHR018C
YOR032C	0.0553575226976	YJL088W
YOR032C	0.0384872594438	YJR148W
YOR032C	0.0602242757037	YLR009W
YOR032C	0.0557174095353	YLR130C
YOR032C	0.0200100952845	YLR267W
YOR032C	0.0836202376876	YLR327C
YOR032C	0.0339162467173	YNL036W
YOR032C	0.0430592359237	YNR053C
YOR032C	0.058565213641	YOR302W
YOR032C	0.0670941813753	YPL012W
YOR032C	0.0757788465168	YIL037C
YOR032C	0.0616845065202	YKR009C
YOR032C	0.053597853653	YFR022W
YOR032C	0.0404523003895	YPL265W
YOR032C	0.0784437963212	YOR100C
YOR032C	0.124636460876	YOR348C
YOR032C	0.185185599259	YHL028W
YOR032C	0.0403445551474	YGR067C
YOR032C	0.0477154706716	YLL011W
YOR032C	0.0614912754948	YPL036W
YOR032C	0.0700960124758	YAL054C
YOR032C	0.257606145141	YLR438W
YOR032C	0.168295832676	YIL155C
YOR032C	0.0501100923859	YBR054W
YOR032C	0.168195480448	YCL064C
YOR032C	0.0929542048679	YDL160C
YOR032C	0.0516699169991	YER067W
YOR032C	0.0446458524105	YER150W
YOR032C	0.0208750731028	YFL014W
YOR032C	0.0339722832311	YHR029C
YOR032C	0.0657515741509	YHR087W
YOR032C	0.0200877937753	YLR178C
YOR032C	0.173172898024	YMR169C
YOR032C	0.0684111266908	YMR229C
YOR032C	0.0321745794676	YNR064C
YOR032C	0.0567788703348	YOR206W
YOR032C	0.0605931774914	YOR388C
YOR032C	0.0209058378035	YDR380W
YOR032C	0.138725442407	YPL061W
YOR032C	0.0275386102591	YJL172W
YOR032C	0.175983177424	YNL194C
YOR032C	0.0736971044715	YDR361C
YOR032C	0.0628294909762	YHR216W
YOR032C	0.0548669852152	YNR046W
YOR032C	0.0795495421416	YGR183C
YOR032C	0.0743796241732	YLL034C
YOR032C	0.0566200939672	YDR523C
YOR032C	0.0540046015914	YOL014W
YOR032C	0.126724071631	YLR174W
YOR032C	0.0858008165263	YJL153C
YOR032C	0.0742455242555	YGL229C
YOR032C	0.0658054773128	YJL063C
