YBL103C	0.123032288692	YNL037C
YBL103C	0.095527875489	YLR276C
YBL103C	0.33016392064	YMR193W
YBL103C	0.066570210493	YHR051W
YBL103C	0.130954158885	YPL111W
YBL103C	0.88895846338	YGL009C
YBL103C	0.834868777743	YPR002W
YBL103C	0.257356684032	YML123C
YBL103C	0.125154607124	YHR136C
YBL103C	0.0731119106977	YER158C
YBL103C	0.098274760706	YJL217W
YBL103C	0.0794744846792	YKR075C
YBL103C	0.0935200352215	YLR258W
YBL103C	0.119038194725	YDR171W
YBL103C	0.0582828507415	YIL136W
YBL103C	0.167536461994	YKR056W
YBL103C	0.344564350611	YAL062W
YBL103C	0.198928634305	YCR021C
YBL103C	0.0797156929483	YDL110C
YBL103C	0.0629919178728	YGR043C
YBL103C	0.110748135676	YGR142W
YBL103C	0.240906507387	YHR018C
YBL103C	0.0984674126505	YJL088W
YBL103C	0.341551596387	YJR148W
YBL103C	0.0921656083936	YLR009W
YBL103C	0.0884021802649	YLR130C
YBL103C	0.13027141632	YLR267W
YBL103C	0.148278123815	YLR327C
YBL103C	0.216350587993	YNL036W
YBL103C	0.133405684142	YNR053C
YBL103C	0.148271048475	YOR302W
YBL103C	0.110358170305	YPL012W
YBL103C	0.139139958524	YIL037C
YBL103C	0.0713900311425	YKR009C
YBL103C	0.150872338282	YFR022W
YBL103C	0.729405824125	YPL265W
YBL103C	0.116472983853	YOR100C
YBL103C	0.086275653107	YOR348C
YBL103C	0.0750709242458	YHL028W
YBL103C	0.104179773638	YGR067C
YBL103C	0.133605953365	YLL011W
YBL103C	0.200749574509	YPL036W
YBL103C	0.0607221866753	YAL054C
YBL103C	0.0709908288464	YLR438W
YBL103C	0.0501361788878	YIL155C
YBL103C	0.0803279683925	YBR054W
YBL103C	0.176626817321	YCL064C
YBL103C	0.123341083997	YDL160C
YBL103C	0.230759610885	YDR384C
YBL103C	0.0824263559114	YER067W
YBL103C	0.0558110306639	YER150W
YBL103C	0.121629527129	YFL014W
YBL103C	0.106900132223	YHR029C
YBL103C	0.169841897277	YHR087W
YBL103C	0.055572364736	YLR178C
YBL103C	0.0705795032906	YMR169C
YBL103C	0.0888743043421	YMR229C
YBL103C	0.257038019248	YNR064C
YBL103C	0.0883046590649	YOR206W
YBL103C	0.180978520778	YOR388C
YBL103C	0.523958049208	YDR380W
YBL103C	0.344506572857	YPL061W
YBL103C	0.218590209004	YJL172W
YBL103C	0.0872114121259	YNL194C
YBL103C	0.0447290981806	YDR361C
YBL103C	0.101822577478	YHR216W
YBL103C	0.0837052449415	YNR046W
YBL103C	0.110472343274	YGR183C
YBL103C	0.0932314052805	YLL034C
YBL103C	0.13660096436	YDR523C
YBL103C	0.0468785683463	YOL014W
YBL103C	0.199982007356	YLR174W
YBL103C	0.341030068326	YJL153C
YBL103C	0.0992115754457	YGL229C
YBL103C	0.245925809226	YJL063C
YDL170W	0.199747808909	YNL037C
YDL170W	0.116321473291	YLR276C
YDL170W	0.463241703459	YMR193W
YDL170W	0.0630150958605	YHR051W
YDL170W	0.079512275253	YPL111W
YDL170W	0.247784448897	YGL009C
YDL170W	0.17691913217	YPR002W
YDL170W	0.169398813219	YML123C
YDL170W	0.19696522474	YHR136C
YDL170W	0.0603542527802	YER158C
YDL170W	0.160585635566	YJL217W
YDL170W	0.0924869168195	YKR075C
YDL170W	0.0837219832444	YLR258W
YDL170W	0.0960566293914	YDR171W
YDL170W	0.0392533919547	YIL136W
YDL170W	0.506793026244	YKR056W
YDL170W	0.239618758455	YAL062W
YDL170W	0.270362836942	YCR021C
YDL170W	0.0497006948901	YDL110C
YDL170W	0.0547202005997	YGR043C
YDL170W	0.0693583513737	YGR142W
YDL170W	0.985786189764	YHR018C
YDL170W	0.836486191028	YJL088W
YDL170W	0.369559239168	YJR148W
YDL170W	0.429965861115	YLR009W
YDL170W	0.0652136935802	YLR130C
YDL170W	0.328583517997	YLR267W
YDL170W	0.102918673601	YLR327C
YDL170W	0.947592469181	YNL036W
YDL170W	0.328244920206	YNR053C
YDL170W	0.518225741263	YOR302W
YDL170W	0.216291722288	YPL012W
YDL170W	0.830118729136	YIL037C
YDL170W	0.114091391998	YKR009C
YDL170W	0.365625611988	YFR022W
YDL170W	0.573010599095	YPL265W
YDL170W	0.301030436468	YOR100C
YDL170W	0.191305710461	YOR348C
YDL170W	0.0911623125675	YHL028W
YDL170W	0.192174859777	YGR067C
YDL170W	0.231698800121	YLL011W
YDL170W	0.18877456517	YPL036W
YDL170W	0.182530817117	YAL054C
YDL170W	0.107033457576	YLR438W
YDL170W	0.0555546615647	YIL155C
YDL170W	0.0961470957831	YBR054W
YDL170W	0.135273863783	YCL064C
YDL170W	0.142873189887	YDL160C
YDL170W	0.232406988541	YDR384C
YDL170W	0.112876392159	YER067W
YDL170W	0.0440707176055	YER150W
YDL170W	0.0450107320206	YFL014W
YDL170W	0.636240489035	YHR029C
YDL170W	0.0819034157678	YHR087W
YDL170W	0.0440471259813	YLR178C
YDL170W	0.0772847395121	YMR169C
YDL170W	0.150561352741	YMR229C
YDL170W	0.196717798512	YNR064C
YDL170W	0.301339825522	YOR206W
YDL170W	0.105471770234	YOR388C
YDL170W	0.27292389651	YDR380W
YDL170W	0.249049482399	YPL061W
YDL170W	0.445453599053	YJL172W
YDL170W	0.109408535996	YNL194C
YDL170W	0.0813558263898	YDR361C
YDL170W	0.124215422852	YHR216W
YDL170W	0.239185677092	YNR046W
YDL170W	0.0741442610684	YGR183C
YDL170W	0.151913427784	YLL034C
YDL170W	0.0927655704773	YDR523C
YDL170W	0.135730428066	YOL014W
YDL170W	0.109595661994	YLR174W
YDL170W	0.255655642578	YJL153C
YDL170W	0.293961266962	YGL229C
YDL170W	0.614458273087	YJL063C
YDR043C	0.845396580453	YNL037C
YDR043C	1.0	YLR276C
YDR043C	0.0735566743955	YMR193W
YDR043C	0.365983605966	YHR051W
YDR043C	0.183898004656	YPL111W
YDR043C	0.555511295777	YGL009C
YDR043C	0.0618382586813	YPR002W
YDR043C	0.0772098701165	YML123C
YDR043C	0.0512545910599	YHR136C
YDR043C	1.0	YER158C
YDR043C	0.0856216687938	YJL217W
YDR043C	0.218721302403	YKR075C
YDR043C	0.312570518365	YLR258W
YDR043C	1.0	YDR171W
YDR043C	0.971879575357	YIL136W
YDR043C	0.459900137374	YKR056W
YDR043C	0.260796984865	YAL062W
YDR043C	0.0965783374693	YCR021C
YDR043C	0.980923638954	YDL110C
YDR043C	1.0	YGR043C
YDR043C	0.0598453716141	YGR142W
YDR043C	0.0869700281557	YHR018C
YDR043C	0.0797671491389	YJL088W
YDR043C	0.0368898776564	YJR148W
YDR043C	0.866003107408	YLR009W
YDR043C	0.05898031438	YLR130C
YDR043C	0.0295665956338	YLR267W
YDR043C	0.986331470877	YLR327C
YDR043C	0.141365839077	YNL036W
YDR043C	0.85482739703	YNR053C
YDR043C	0.0679352921286	YOR302W
YDR043C	1.0	YPL012W
YDR043C	0.0763042476855	YIL037C
YDR043C	1.0	YKR009C
YDR043C	0.771614394724	YFR022W
YDR043C	0.146183122476	YPL265W
YDR043C	0.789509775438	YOR100C
YDR043C	0.979122093006	YOR348C
YDR043C	0.728320793515	YHL028W
YDR043C	0.243269325952	YGR067C
YDR043C	0.977548176579	YLL011W
YDR043C	0.136297316574	YPL036W
YDR043C	0.830399061762	YAL054C
YDR043C	0.198366513757	YLR438W
YDR043C	1.0	YIL155C
YDR043C	0.716776154996	YBR054W
YDR043C	0.0789604248784	YCL064C
YDR043C	0.388294887908	YDL160C
YDR043C	0.621978124557	YDR384C
YDR043C	0.693097851048	YER067W
YDR043C	0.796648847788	YER150W
YDR043C	0.0724498473328	YFL014W
YDR043C	0.0398386974378	YHR029C
YDR043C	0.960307789023	YHR087W
YDR043C	0.969671779558	YLR178C
YDR043C	1.0	YMR169C
YDR043C	1.0	YMR229C
YDR043C	0.0787912199058	YNR064C
YDR043C	0.945730897881	YOR206W
YDR043C	0.387405297221	YOR388C
YDR043C	0.0982570079117	YDR380W
YDR043C	0.0429347701767	YPL061W
YDR043C	0.379560332737	YJL172W
YDR043C	1.0	YNL194C
YDR043C	1.0	YDR361C
YDR043C	1.0	YHR216W
YDR043C	0.663369698457	YNR046W
YDR043C	0.878201182973	YGR183C
YDR043C	1.0	YLL034C
YDR043C	0.461549745109	YDR523C
YDR043C	0.62671077249	YOL014W
YDR043C	1.0	YLR174W
YDR043C	0.132560179354	YJL153C
YDR043C	0.1120756901	YGL229C
YDR043C	0.242158210532	YJL063C
YDR216W	0.019730682553	YNL037C
YDR216W	0.0598943605991	YLR276C
YDR216W	0.0426101384487	YMR193W
YDR216W	0.0945872269457	YHR051W
YDR216W	0.0535762025604	YPL111W
YDR216W	0.0378707726174	YGL009C
YDR216W	0.0342820629434	YPR002W
YDR216W	0.0550927988708	YML123C
YDR216W	0.10768891086	YHR136C
YDR216W	0.102308339285	YER158C
YDR216W	0.102150840833	YJL217W
YDR216W	0.0736947926756	YKR075C
YDR216W	0.105129040753	YLR258W
YDR216W	0.0982744319301	YDR171W
YDR216W	0.210302305827	YIL136W
YDR216W	0.0788061485553	YKR056W
YDR216W	0.0199526977419	YAL062W
YDR216W	0.0384130062906	YCR021C
YDR216W	0.259702723198	YDL110C
YDR216W	0.458925109736	YGR043C
YDR216W	0.440592293156	YGR142W
YDR216W	0.0337861150723	YHR018C
YDR216W	0.0496452314961	YJL088W
YDR216W	0.0693581750478	YJR148W
YDR216W	0.0522777871646	YLR009W
YDR216W	0.167282434317	YLR130C
YDR216W	0.0272854742317	YLR267W
YDR216W	0.373553506192	YLR327C
YDR216W	0.062407458769	YNL036W
YDR216W	0.0785219613441	YNR053C
YDR216W	0.100892270421	YOR302W
YDR216W	0.13431730087	YPL012W
YDR216W	0.215666200401	YIL037C
YDR216W	0.20904041951	YKR009C
YDR216W	0.043887878053	YFR022W
YDR216W	0.0161431926776	YPL265W
YDR216W	0.1586825213	YOR100C
YDR216W	0.16272348562	YOR348C
YDR216W	0.0294238866744	YHL028W
YDR216W	0.193475966352	YGR067C
YDR216W	0.0593066522681	YLL011W
YDR216W	0.0491102263819	YPL036W
YDR216W	0.0772489589528	YAL054C
YDR216W	0.126864717716	YLR438W
YDR216W	0.148041979461	YIL155C
YDR216W	0.11464345606	YBR054W
YDR216W	0.0553268761645	YCL064C
YDR216W	0.0671515776107	YDL160C
YDR216W	0.0157553103777	YDR384C
YDR216W	0.0510986613319	YER067W
YDR216W	0.352216169733	YER150W
YDR216W	0.931874034899	YFL014W
YDR216W	0.0407525700028	YHR029C
YDR216W	0.178522772663	YHR087W
YDR216W	0.136563959637	YLR178C
YDR216W	0.116794919802	YMR169C
YDR216W	0.103871201546	YMR229C
YDR216W	0.162361413615	YNR064C
YDR216W	0.0803381115922	YOR206W
YDR216W	0.103588776056	YOR388C
YDR216W	0.0460014370731	YDR380W
YDR216W	0.146530125897	YPL061W
YDR216W	0.0359285078398	YJL172W
YDR216W	0.0683395455858	YNL194C
YDR216W	0.0886336185269	YDR361C
YDR216W	0.0891900596006	YHR216W
YDR216W	0.0799129915213	YGR183C
YDR216W	0.0722010348842	YLL034C
YDR216W	0.0504796958745	YDR523C
YDR216W	0.240189301884	YOL014W
YDR216W	0.057156481406	YLR174W
YDR216W	0.0693444769203	YJL153C
YDR216W	0.0777087817209	YGL229C
YDR216W	0.0687348202021	YJL063C
YER040W	0.139032147184	YNL037C
YER040W	0.149780861166	YLR276C
YER040W	0.223321425591	YMR193W
YER040W	0.0818383449277	YHR051W
YER040W	0.0668508822	YPL111W
YER040W	0.433250269176	YGL009C
YER040W	0.259058926348	YPR002W
YER040W	0.134643499768	YML123C
YER040W	0.116085571917	YHR136C
YER040W	0.0525725799427	YER158C
YER040W	0.213557058823	YJL217W
YER040W	0.118409055202	YKR075C
YER040W	0.0985949105455	YLR258W
YER040W	0.13241556424	YDR171W
YER040W	0.0376609419845	YIL136W
YER040W	0.254797566594	YKR056W
YER040W	0.351599061581	YAL062W
YER040W	0.16497101623	YCR021C
YER040W	0.0467841534583	YDL110C
YER040W	0.062998567616	YGR043C
YER040W	0.0584048091795	YGR142W
YER040W	0.54997038618	YHR018C
YER040W	0.508380575424	YJL088W
YER040W	0.85996240801	YJR148W
YER040W	0.302587168414	YLR009W
YER040W	0.0706686765749	YLR130C
YER040W	0.719548532861	YLR267W
YER040W	0.0837483573617	YLR327C
YER040W	0.44102024417	YNL036W
YER040W	0.155801718494	YNR053C
YER040W	0.278322638279	YOR302W
YER040W	0.128712056071	YPL012W
YER040W	0.218065534838	YIL037C
YER040W	0.15889268457	YKR009C
YER040W	0.162992719405	YFR022W
YER040W	0.307668975626	YPL265W
YER040W	0.773821009969	YOR100C
YER040W	0.170980078746	YOR348C
YER040W	0.0463027141551	YHL028W
YER040W	0.194593204455	YGR067C
YER040W	0.152634488968	YLL011W
YER040W	0.146194409629	YPL036W
YER040W	0.320047019808	YAL054C
YER040W	0.0870683066592	YLR438W
YER040W	0.0856711847174	YIL155C
YER040W	0.0891251592204	YBR054W
YER040W	0.130629874972	YCL064C
YER040W	0.132540953133	YDL160C
YER040W	0.286389644486	YDR384C
YER040W	0.107243692164	YER067W
YER040W	0.0464515687284	YER150W
YER040W	0.0416971951544	YFL014W
YER040W	0.712464102952	YHR029C
YER040W	0.0782257416789	YHR087W
YER040W	0.054972651566	YLR178C
YER040W	0.101935387694	YMR169C
YER040W	0.182332094608	YMR229C
YER040W	0.237786203684	YNR064C
YER040W	0.136591106846	YOR206W
YER040W	0.126568953749	YOR388C
YER040W	0.220093965654	YDR380W
YER040W	0.296989722124	YPL061W
YER040W	0.431312175253	YJL172W
YER040W	0.231620406443	YNL194C
YER040W	0.097961220762	YDR361C
YER040W	0.115085505922	YHR216W
YER040W	0.500556074517	YNR046W
YER040W	0.0681120602362	YGR183C
YER040W	0.198707678011	YLL034C
YER040W	0.0652306820877	YDR523C
YER040W	0.199875799475	YOL014W
YER040W	0.106669905092	YLR174W
YER040W	0.145461925225	YJL153C
YER040W	0.184960071336	YGL229C
YER040W	0.179928466423	YJL063C
YGL254W	0.220171523126	YNL037C
YGL254W	0.0962176544651	YLR276C
YGL254W	0.0738637677904	YMR193W
YGL254W	0.114485044713	YHR051W
YGL254W	0.0400922927839	YPL111W
YGL254W	0.0708745685218	YGL009C
YGL254W	0.0243720910134	YPR002W
YGL254W	0.0578834868892	YML123C
YGL254W	0.0386408874233	YHR136C
YGL254W	0.0338404932745	YER158C
YGL254W	0.0767858448916	YJL217W
YGL254W	0.0776023529351	YKR075C
YGL254W	0.0425197144318	YLR258W
YGL254W	0.0362120873118	YDR171W
YGL254W	0.0333688219272	YIL136W
YGL254W	0.0168669309154	YKR056W
YGL254W	0.25727144874	YAL062W
YGL254W	0.0464943642622	YCR021C
YGL254W	0.0417062483783	YDL110C
YGL254W	0.0269868528185	YGR043C
YGL254W	0.0734594234815	YGR142W
YGL254W	0.0401195158568	YHR018C
YGL254W	0.0456061564178	YJL088W
YGL254W	0.043384865356	YJR148W
YGL254W	0.05175432971	YLR009W
YGL254W	0.775005675214	YLR130C
YGL254W	0.0177760884166	YLR267W
YGL254W	0.0373704079138	YLR327C
YGL254W	0.0439025963401	YNL036W
YGL254W	0.0578814830302	YNR053C
YGL254W	0.0595989982059	YOR302W
YGL254W	0.0320796575634	YPL012W
YGL254W	0.0604047301722	YIL037C
YGL254W	0.0471419194722	YKR009C
YGL254W	0.0295826066594	YFR022W
YGL254W	0.0183571450103	YPL265W
YGL254W	0.0167242578024	YOR100C
YGL254W	0.0573896011172	YOR348C
YGL254W	0.0151940893546	YHL028W
YGL254W	0.0257780248847	YGR067C
YGL254W	0.0396260356594	YLL011W
YGL254W	0.0441858841521	YPL036W
YGL254W	0.0192694476274	YAL054C
YGL254W	0.0361602223358	YLR438W
YGL254W	0.0257379810129	YIL155C
YGL254W	0.0220962645256	YBR054W
YGL254W	1.0	YCL064C
YGL254W	0.0600039322679	YDL160C
YGL254W	0.0447448662847	YER067W
YGL254W	0.028633907644	YER150W
YGL254W	0.0469969366278	YFL014W
YGL254W	0.0361060178552	YHR029C
YGL254W	0.0305088998895	YHR087W
YGL254W	0.0337694083857	YLR178C
YGL254W	0.0389416239295	YMR169C
YGL254W	0.032937313109	YMR229C
YGL254W	0.0262298155976	YNR064C
YGL254W	0.0762065410384	YOR206W
YGL254W	0.0508790138079	YOR388C
YGL254W	0.05505010245	YDR380W
YGL254W	0.0351423391244	YPL061W
YGL254W	0.037636711529	YJL172W
YGL254W	0.0371911068503	YNL194C
YGL254W	0.189629078061	YDR361C
YGL254W	0.0940814901136	YHR216W
YGL254W	0.0164404536767	YNR046W
YGL254W	0.0461635482915	YGR183C
YGL254W	0.0421822130525	YLL034C
YGL254W	0.0608729712923	YDR523C
YGL254W	0.0551724535293	YOL014W
YGL254W	0.0356997050923	YLR174W
YGL254W	0.0732742831999	YJL153C
YGL254W	0.0296228458807	YGL229C
YGL254W	0.019986471034	YJL063C
YJR094C	0.0769356097926	YNL037C
YJR094C	0.154639832326	YLR276C
YJR094C	0.120682126579	YMR193W
YJR094C	0.103433972032	YHR051W
YJR094C	0.622913221972	YPL111W
YJR094C	0.0671110618416	YGL009C
YJR094C	0.108920704656	YPR002W
YJR094C	0.138288654037	YML123C
YJR094C	0.358675306892	YHR136C
YJR094C	0.103006196549	YER158C
YJR094C	0.237244942518	YJL217W
YJR094C	0.223908691332	YKR075C
YJR094C	0.128335994239	YLR258W
YJR094C	0.150326589092	YDR171W
YJR094C	0.102854006158	YIL136W
YJR094C	0.091179290575	YKR056W
YJR094C	0.108384605771	YAL062W
YJR094C	0.114390933232	YCR021C
YJR094C	0.0952154616256	YDL110C
YJR094C	0.0680225268828	YGR043C
YJR094C	0.129170330679	YGR142W
YJR094C	0.0762910328767	YHR018C
YJR094C	0.11762208375	YJL088W
YJR094C	0.434321560388	YJR148W
YJR094C	0.083141441432	YLR009W
YJR094C	0.297547656934	YLR130C
YJR094C	0.728617964285	YLR267W
YJR094C	0.167439003974	YLR327C
YJR094C	0.134539790414	YNL036W
YJR094C	0.0959437527577	YNR053C
YJR094C	0.108552064344	YOR302W
YJR094C	0.134860861546	YPL012W
YJR094C	0.11436947383	YIL037C
YJR094C	0.120206238974	YKR009C
YJR094C	0.0887623617275	YFR022W
YJR094C	0.0912790662195	YPL265W
YJR094C	0.0614667422804	YOR100C
YJR094C	0.156887755361	YOR348C
YJR094C	0.283908954372	YHL028W
YJR094C	0.0614519040813	YGR067C
YJR094C	0.240115681777	YLL011W
YJR094C	0.089810649915	YPL036W
YJR094C	0.0751012053226	YAL054C
YJR094C	0.154226851497	YLR438W
YJR094C	0.078082232753	YIL155C
YJR094C	0.137044531133	YBR054W
YJR094C	0.228359348392	YCL064C
YJR094C	0.168326810997	YDL160C
YJR094C	0.295245204919	YDR384C
YJR094C	0.153178036683	YER067W
YJR094C	0.0857982731883	YER150W
YJR094C	0.10395162733	YFL014W
YJR094C	0.199752696589	YHR029C
YJR094C	0.102719339552	YHR087W
YJR094C	0.113952386731	YLR178C
YJR094C	0.236498039178	YMR169C
YJR094C	0.113474104295	YMR229C
YJR094C	0.141095326893	YNR064C
YJR094C	0.12329812277	YOR206W
YJR094C	0.103654868797	YOR388C
YJR094C	0.249812440729	YDR380W
YJR094C	0.108309350703	YPL061W
YJR094C	0.29560648131	YJL172W
YJR094C	0.0586033174058	YNL194C
YJR094C	0.172456408113	YDR361C
YJR094C	0.143702856518	YHR216W
YJR094C	0.164291562083	YNR046W
YJR094C	0.111213983528	YGR183C
YJR094C	0.117386107449	YLL034C
YJR094C	0.215940123274	YDR523C
YJR094C	0.126797441474	YOL014W
YJR094C	0.0701897957083	YLR174W
YJR094C	0.0961156897623	YJL153C
YJR094C	0.10656452563	YGL229C
YJR094C	0.123923697072	YJL063C
YKL062W	0.414699730846	YNL037C
YKL062W	0.194323509232	YLR276C
YKL062W	0.0573221567185	YMR193W
YKL062W	0.365677253559	YHR051W
YKL062W	0.271218747142	YPL111W
YKL062W	0.0265122142792	YGL009C
YKL062W	0.256847395385	YPR002W
YKL062W	0.0791427208849	YML123C
YKL062W	0.0682905137208	YHR136C
YKL062W	0.481555611095	YER158C
YKL062W	0.0711956411564	YJL217W
YKL062W	0.10609116309	YKR075C
YKL062W	1.0	YLR258W
YKL062W	0.260711207443	YDR171W
YKL062W	0.952874703474	YIL136W
YKL062W	0.0409171495581	YKR056W
YKL062W	0.0226402875022	YAL062W
YKL062W	0.0978216887226	YCR021C
YKL062W	0.4755461805	YDL110C
YKL062W	0.380036868384	YGR043C
YKL062W	0.474262140563	YGR142W
YKL062W	0.0343261405377	YHR018C
YKL062W	0.0707774176885	YJL088W
YKL062W	0.0787766961205	YJR148W
YKL062W	0.0885316724248	YLR009W
YKL062W	0.0682044558142	YLR130C
YKL062W	0.0249458786948	YLR267W
YKL062W	0.143146544947	YLR327C
YKL062W	0.0457215902093	YNL036W
YKL062W	0.0422166120534	YNR053C
YKL062W	0.0567539380898	YOR302W
YKL062W	0.177786744816	YPL012W
YKL062W	0.0365602362045	YIL037C
YKL062W	0.110308100081	YKR009C
YKL062W	0.0250484744786	YFR022W
YKL062W	0.06506838277	YPL265W
YKL062W	0.0744681817433	YOR100C
YKL062W	0.0413322190045	YOR348C
YKL062W	0.478939173809	YHL028W
YKL062W	0.252616991202	YGR067C
YKL062W	0.0784486277786	YLL011W
YKL062W	0.649068157112	YPL036W
YKL062W	0.482018344569	YAL054C
YKL062W	0.0501075057574	YLR438W
YKL062W	0.323996107688	YIL155C
YKL062W	0.497967047912	YBR054W
YKL062W	0.0643670889559	YCL064C
YKL062W	0.0495149636495	YDL160C
YKL062W	0.0182713918869	YDR384C
YKL062W	0.784035656602	YER067W
YKL062W	0.935847200596	YER150W
YKL062W	0.934578957583	YFL014W
YKL062W	0.0409704835498	YHR029C
YKL062W	0.520334322818	YHR087W
YKL062W	0.943615569949	YLR178C
YKL062W	0.335083518622	YMR169C
YKL062W	0.347848401517	YMR229C
YKL062W	0.0633392209152	YNR064C
YKL062W	0.161851363095	YOR206W
YKL062W	0.0777485275812	YOR388C
YKL062W	0.0276183374293	YDR380W
YKL062W	0.0631164788208	YPL061W
YKL062W	0.0144520004154	YJL172W
YKL062W	0.24720610723	YNL194C
YKL062W	0.16226095864	YDR361C
YKL062W	0.0477357134652	YHR216W
YKL062W	0.353735272162	YNR046W
YKL062W	0.295954801021	YGR183C
YKL062W	0.286988849681	YLL034C
YKL062W	0.0495690443497	YDR523C
YKL062W	0.0402937922355	YOL014W
YKL062W	0.106625254921	YLR174W
YKL062W	0.05492963409	YJL153C
YKL062W	0.287763506826	YGL229C
YKL062W	0.0224343498656	YJL063C
YMR280C	0.0475850387366	YNL037C
YMR280C	0.189018185314	YLR276C
YMR280C	0.0374921303476	YMR193W
YMR280C	0.0882360963026	YHR051W
YMR280C	0.0583225248819	YPL111W
YMR280C	0.0188381607313	YGL009C
YMR280C	0.032488007578	YPR002W
YMR280C	0.0560114830864	YML123C
YMR280C	0.0672560428971	YHR136C
YMR280C	0.0395961011877	YER158C
YMR280C	0.0532434389996	YJL217W
YMR280C	0.105416526927	YKR075C
YMR280C	0.0645149035219	YLR258W
YMR280C	0.0681262984977	YDR171W
YMR280C	0.0501181689882	YIL136W
YMR280C	0.0647258591727	YKR056W
YMR280C	0.0205043802829	YAL062W
YMR280C	0.0365551575121	YCR021C
YMR280C	0.0762704624887	YDL110C
YMR280C	0.0426059353401	YGR043C
YMR280C	0.0512264474839	YGR142W
YMR280C	0.0354873302519	YHR018C
YMR280C	0.0464157382443	YJL088W
YMR280C	0.0273158948323	YJR148W
YMR280C	0.0925806748407	YLR009W
YMR280C	0.0579712263682	YLR130C
YMR280C	0.0247984986874	YLR267W
YMR280C	0.042915993747	YLR327C
YMR280C	0.0348830450509	YNL036W
YMR280C	0.0569550532362	YNR053C
YMR280C	0.0565483706456	YOR302W
YMR280C	0.0588565799933	YPL012W
YMR280C	0.0298394629853	YIL037C
YMR280C	0.132314223459	YKR009C
YMR280C	0.137313275755	YFR022W
YMR280C	0.124985454183	YPL265W
YMR280C	0.0564840692184	YOR100C
YMR280C	0.0697569035156	YOR348C
YMR280C	0.0283660469703	YHL028W
YMR280C	0.0258253010826	YGR067C
YMR280C	0.0752202355957	YLL011W
YMR280C	0.0561320464663	YPL036W
YMR280C	0.0312589346477	YAL054C
YMR280C	0.149398572993	YLR438W
YMR280C	0.120424968917	YIL155C
YMR280C	0.0353276364898	YBR054W
YMR280C	0.048974584866	YCL064C
YMR280C	0.0526625526673	YDL160C
YMR280C	0.214042179876	YDR384C
YMR280C	0.0443029908597	YER067W
YMR280C	0.0381672660905	YER150W
YMR280C	0.0354394423474	YFL014W
YMR280C	0.0485828079633	YHR029C
YMR280C	0.0329768940416	YHR087W
YMR280C	0.05085728107	YLR178C
YMR280C	0.0419959557455	YMR169C
YMR280C	0.0535768148942	YMR229C
YMR280C	0.0867650567274	YNR064C
YMR280C	0.0758223806645	YOR206W
YMR280C	0.076749362762	YOR388C
YMR280C	0.0279253419636	YDR380W
YMR280C	0.0788877673525	YPL061W
YMR280C	0.0353406513467	YNL194C
YMR280C	0.165198672796	YDR361C
YMR280C	0.0502250823964	YHR216W
YMR280C	0.0600131817183	YNR046W
YMR280C	0.0791622088128	YGR183C
YMR280C	0.0710216188062	YLL034C
YMR280C	0.148443786272	YDR523C
YMR280C	0.0528814584728	YOL014W
YMR280C	0.209316831127	YLR174W
YMR280C	0.162802346674	YJL153C
YMR280C	0.0438247341257	YGL229C
YMR280C	0.0798168391498	YJL063C
YOR032C	0.0494432761519	YNL037C
YOR032C	0.0413803717989	YLR276C
YOR032C	0.0609281391616	YMR193W
YOR032C	0.0648420751106	YHR051W
YOR032C	0.0804363133698	YPL111W
YOR032C	0.0362740792025	YGL009C
YOR032C	0.0415659112278	YPR002W
YOR032C	0.0974491023083	YML123C
YOR032C	0.0785013157211	YHR136C
YOR032C	0.383502990641	YER158C
YOR032C	0.12151784979	YJL217W
YOR032C	0.090415255633	YKR075C
YOR032C	0.0697169045377	YLR258W
YOR032C	0.0686962370942	YDR171W
YOR032C	0.060129004119	YIL136W
YOR032C	0.035880323766	YKR056W
YOR032C	0.0197433059353	YAL062W
YOR032C	0.0610547791401	YCR021C
YOR032C	0.151879191392	YDL110C
YOR032C	0.251732038499	YGR043C
YOR032C	0.0575457852434	YGR142W
YOR032C	0.0335216693749	YHR018C
YOR032C	0.0646775988064	YJL088W
YOR032C	0.042663545833	YJR148W
YOR032C	0.0747919568632	YLR009W
YOR032C	0.0613066989661	YLR130C
YOR032C	0.0333086133909	YLR267W
YOR032C	0.0994703390777	YLR327C
YOR032C	0.0413171404029	YNL036W
YOR032C	0.0435034642166	YNR053C
YOR032C	0.0606302029085	YOR302W
YOR032C	0.0736312137333	YPL012W
YOR032C	0.0826567302292	YIL037C
YOR032C	0.0634993637208	YKR009C
YOR032C	0.0530238258473	YFR022W
YOR032C	0.0599628020744	YPL265W
YOR032C	0.131064555477	YOR100C
YOR032C	0.140480292538	YOR348C
YOR032C	0.196708649913	YHL028W
YOR032C	0.105327297468	YGR067C
YOR032C	0.0524602798321	YLL011W
YOR032C	0.0492450300807	YPL036W
YOR032C	0.0674826549624	YAL054C
YOR032C	0.251817653732	YLR438W
YOR032C	0.228794123715	YIL155C
YOR032C	0.0525600334365	YBR054W
YOR032C	0.238495387655	YCL064C
YOR032C	0.118529263112	YDL160C
YOR032C	0.058697853069	YER067W
YOR032C	0.0771973700337	YER150W
YOR032C	0.05996768328	YFL014W
YOR032C	0.0385212153425	YHR029C
YOR032C	0.0740201789997	YHR087W
YOR032C	0.0552804494217	YLR178C
YOR032C	0.230288708245	YMR169C
YOR032C	0.0733778485599	YMR229C
YOR032C	0.0444461337702	YNR064C
YOR032C	0.045557047814	YOR206W
YOR032C	0.0522572664415	YOR388C
YOR032C	0.0170086784252	YDR380W
YOR032C	0.11148882392	YPL061W
YOR032C	0.0370612642811	YJL172W
YOR032C	0.259452011556	YNL194C
YOR032C	0.0743545057596	YDR361C
YOR032C	0.075566211951	YHR216W
YOR032C	0.0371827876832	YNR046W
YOR032C	0.0708145600922	YGR183C
YOR032C	0.0778977880127	YLL034C
YOR032C	0.0488979365081	YDR523C
YOR032C	0.0453394132928	YOL014W
YOR032C	0.150570115228	YLR174W
YOR032C	0.0873697717302	YJL153C
YOR032C	0.0781685666279	YGL229C
YOR032C	0.0662230861296	YJL063C
