YBL103C	0.0864984286837	YNL037C
YBL103C	0.049259424565	YLR276C
YBL103C	0.33016392064	YMR193W
YBL103C	0.0668201947998	YHR051W
YBL103C	0.112583325437	YPL111W
YBL103C	0.746107046844	YGL009C
YBL103C	0.740174642152	YPR002W
YBL103C	0.247869540013	YML123C
YBL103C	0.125154607124	YHR136C
YBL103C	0.0332273182607	YER158C
YBL103C	0.098274760706	YJL217W
YBL103C	0.0794744846792	YKR075C
YBL103C	0.0546639895981	YLR258W
YBL103C	0.0676921742936	YDR171W
YBL103C	0.00802408527374	YIL136W
YBL103C	0.148862051879	YKR056W
YBL103C	0.22764070158	YAL062W
YBL103C	0.198928634305	YCR021C
YBL103C	0.0432277172863	YDL110C
YBL103C	0.0300250944576	YGR043C
YBL103C	0.1075300329	YGR142W
YBL103C	0.142300269557	YHR018C
YBL103C	0.0721109247558	YJL088W
YBL103C	0.199235037255	YJR148W
YBL103C	0.0736587084589	YLR009W
YBL103C	0.0758144369146	YLR130C
YBL103C	0.0915169969367	YLR267W
YBL103C	0.0780968662216	YLR327C
YBL103C	0.129200341055	YNL036W
YBL103C	0.0990429491484	YNR053C
YBL103C	0.148271048475	YOR302W
YBL103C	0.0698539544853	YPL012W
YBL103C	0.0926279820853	YIL037C
YBL103C	0.0487801748823	YKR009C
YBL103C	0.112049330358	YFR022W
YBL103C	0.556068474251	YPL265W
YBL103C	0.0743414615638	YOR100C
YBL103C	0.0529712269969	YOR348C
YBL103C	0.0584482417706	YHL028W
YBL103C	0.104179773638	YGR067C
YBL103C	0.0855956784891	YLL011W
YBL103C	0.170354012191	YPL036W
YBL103C	0.0416722007806	YAL054C
YBL103C	0.0709908288464	YLR438W
YBL103C	0.0361460733331	YIL155C
YBL103C	0.0754442431278	YBR054W
YBL103C	0.100645400609	YCL064C
YBL103C	0.123017133048	YDL160C
YBL103C	0.166201216681	YDR384C
YBL103C	0.0543276367536	YER067W
YBL103C	0.0200625703454	YER150W
YBL103C	0.0347499630748	YFL014W
YBL103C	0.0739016851734	YHR029C
YBL103C	0.0895652762075	YHR087W
YBL103C	0.00934744866352	YLR178C
YBL103C	0.0402608784033	YMR169C
YBL103C	0.0483390578538	YMR229C
YBL103C	0.257038019248	YNR064C
YBL103C	0.0679228635211	YOR206W
YBL103C	0.181779764965	YOR388C
YBL103C	0.488385371913	YDR380W
YBL103C	0.344506572857	YPL061W
YBL103C	0.179527179585	YJL172W
YBL103C	0.0534701248044	YNL194C
YBL103C	0.0461792131664	YDR361C
YBL103C	0.0628403374892	YHR216W
YBL103C	0.0579116461594	YNR046W
YBL103C	0.0717204049219	YGR183C
YBL103C	0.0504766595372	YLL034C
YBL103C	0.127065320743	YDR523C
YBL103C	0.0565717300743	YOL014W
YBL103C	0.105577210583	YLR174W
YBL103C	0.341030068326	YJL153C
YBL103C	0.0992702561717	YGL229C
YBL103C	0.247723694736	YJL063C
YDL170W	0.171054446408	YNL037C
YDL170W	0.0546081888406	YLR276C
YDL170W	0.463241703459	YMR193W
YDL170W	0.0632517300087	YHR051W
YDL170W	0.0652002071477	YPL111W
YDL170W	0.215500524597	YGL009C
YDL170W	0.126271845512	YPR002W
YDL170W	0.159852361461	YML123C
YDL170W	0.19696522474	YHR136C
YDL170W	0.0247020879329	YER158C
YDL170W	0.160585635566	YJL217W
YDL170W	0.0924869168195	YKR075C
YDL170W	0.0550279688587	YLR258W
YDL170W	0.0498600619392	YDR171W
YDL170W	0.00589417319444	YIL136W
YDL170W	0.440143100675	YKR056W
YDL170W	0.224333209538	YAL062W
YDL170W	0.270362836942	YCR021C
YDL170W	0.0353322630636	YDL110C
YDL170W	0.0246978625421	YGR043C
YDL170W	0.0706534178207	YGR142W
YDL170W	0.977178819635	YHR018C
YDL170W	0.794547864137	YJL088W
YDL170W	0.334855297491	YJR148W
YDL170W	0.352978788209	YLR009W
YDL170W	0.0626444223499	YLR130C
YDL170W	0.291212920942	YLR267W
YDL170W	0.0569995965735	YLR327C
YDL170W	0.904886127946	YNL036W
YDL170W	0.250132342596	YNR053C
YDL170W	0.518225741263	YOR302W
YDL170W	0.140326839158	YPL012W
YDL170W	0.719293128357	YIL037C
YDL170W	0.0629310127972	YKR009C
YDL170W	0.270199748541	YFR022W
YDL170W	0.495439094224	YPL265W
YDL170W	0.24578954857	YOR100C
YDL170W	0.0899209646649	YOR348C
YDL170W	0.0657331325263	YHL028W
YDL170W	0.192174859777	YGR067C
YDL170W	0.160148779967	YLL011W
YDL170W	0.153106285591	YPL036W
YDL170W	0.137591349382	YAL054C
YDL170W	0.107033457576	YLR438W
YDL170W	0.0325011707624	YIL155C
YDL170W	0.0772784190672	YBR054W
YDL170W	0.0833689760843	YCL064C
YDL170W	0.125467026843	YDL160C
YDL170W	0.172282044144	YDR384C
YDL170W	0.0823008770879	YER067W
YDL170W	0.0180038869237	YER150W
YDL170W	0.0116326675959	YFL014W
YDL170W	0.566548468057	YHR029C
YDL170W	0.0459634368631	YHR087W
YDL170W	0.00891341670364	YLR178C
YDL170W	0.0369567220604	YMR169C
YDL170W	0.0741941850966	YMR229C
YDL170W	0.196717798512	YNR064C
YDL170W	0.205537011367	YOR206W
YDL170W	0.102393504816	YOR388C
YDL170W	0.273188269983	YDR380W
YDL170W	0.249049482399	YPL061W
YDL170W	0.402125665056	YJL172W
YDL170W	0.0558411624111	YNL194C
YDL170W	0.0541415107701	YDR361C
YDL170W	0.079640802395	YHR216W
YDL170W	0.210811689355	YNR046W
YDL170W	0.059151238998	YGR183C
YDL170W	0.0802440665146	YLL034C
YDL170W	0.102529401645	YDR523C
YDL170W	0.128163188808	YOL014W
YDL170W	0.0638430188704	YLR174W
YDL170W	0.255655642578	YJL153C
YDL170W	0.293543665838	YGL229C
YDL170W	0.532724374389	YJL063C
YDR043C	0.68124537052	YNL037C
YDR043C	0.988274173855	YLR276C
YDR043C	0.0735566743955	YMR193W
YDR043C	0.350318874676	YHR051W
YDR043C	0.148039473151	YPL111W
YDR043C	0.299511721793	YGL009C
YDR043C	0.0514222878668	YPR002W
YDR043C	0.0772619307535	YML123C
YDR043C	0.0512545910599	YHR136C
YDR043C	0.984301503144	YER158C
YDR043C	0.0856216687938	YJL217W
YDR043C	0.218721302403	YKR075C
YDR043C	0.230828969315	YLR258W
YDR043C	0.998742805653	YDR171W
YDR043C	0.941854516911	YIL136W
YDR043C	0.391628011231	YKR056W
YDR043C	0.209192244365	YAL062W
YDR043C	0.0965783374693	YCR021C
YDR043C	0.874733152093	YDL110C
YDR043C	0.98798403296	YGR043C
YDR043C	0.0609628107004	YGR142W
YDR043C	0.0417095590944	YHR018C
YDR043C	0.0614171993435	YJL088W
YDR043C	0.0309314708226	YJR148W
YDR043C	0.66000966741	YLR009W
YDR043C	0.06586793826	YLR130C
YDR043C	0.0184153083144	YLR267W
YDR043C	0.866346081318	YLR327C
YDR043C	0.073745102974	YNL036W
YDR043C	0.746071158509	YNR053C
YDR043C	0.0679352921286	YOR302W
YDR043C	0.917333961504	YPL012W
YDR043C	0.0657921632218	YIL037C
YDR043C	0.958485705893	YKR009C
YDR043C	0.650821126203	YFR022W
YDR043C	0.105175367938	YPL265W
YDR043C	0.559194192918	YOR100C
YDR043C	0.899984033824	YOR348C
YDR043C	0.597431862119	YHL028W
YDR043C	0.243269325952	YGR067C
YDR043C	0.873038288376	YLL011W
YDR043C	0.106648042504	YPL036W
YDR043C	0.672842067869	YAL054C
YDR043C	0.198366513757	YLR438W
YDR043C	0.983028523238	YIL155C
YDR043C	0.608593447017	YBR054W
YDR043C	0.0487577334272	YCL064C
YDR043C	0.360968748071	YDL160C
YDR043C	0.445222386113	YDR384C
YDR043C	0.572953075489	YER067W
YDR043C	0.69351502231	YER150W
YDR043C	0.0200791751081	YFL014W
YDR043C	0.031694379532	YHR029C
YDR043C	0.82681070108	YHR087W
YDR043C	0.942502746504	YLR178C
YDR043C	0.984635621429	YMR169C
YDR043C	0.993004141229	YMR229C
YDR043C	0.0787912199058	YNR064C
YDR043C	0.805093657106	YOR206W
YDR043C	0.364678597922	YOR388C
YDR043C	0.0956822000656	YDR380W
YDR043C	0.0429347701767	YPL061W
YDR043C	0.279208646413	YJL172W
YDR043C	0.996074290677	YNL194C
YDR043C	0.936327320074	YDR361C
YDR043C	0.993405978162	YHR216W
YDR043C	0.530237144229	YNR046W
YDR043C	0.76869889049	YGR183C
YDR043C	0.974403004979	YLL034C
YDR043C	0.441222057312	YDR523C
YDR043C	0.592625799614	YOL014W
YDR043C	0.944385302866	YLR174W
YDR043C	0.132560179354	YJL153C
YDR043C	0.112141979571	YGL229C
YDR043C	0.160404508583	YJL063C
YDR216W	0.0243731550387	YNL037C
YDR216W	0.0588099110384	YLR276C
YDR216W	0.0426101384487	YMR193W
YDR216W	0.108226295024	YHR051W
YDR216W	0.0659560044439	YPL111W
YDR216W	0.0341218303827	YGL009C
YDR216W	0.0415102178989	YPR002W
YDR216W	0.0551299465333	YML123C
YDR216W	0.10768891086	YHR136C
YDR216W	0.0479899379038	YER158C
YDR216W	0.102150840833	YJL217W
YDR216W	0.0736947926756	YKR075C
YDR216W	0.0691488647037	YLR258W
YDR216W	0.0612479196898	YDR171W
YDR216W	0.0402016606275	YIL136W
YDR216W	0.0663415204141	YKR056W
YDR216W	0.0345751062822	YAL062W
YDR216W	0.0384130062906	YCR021C
YDR216W	0.158798936703	YDL110C
YDR216W	0.30796578952	YGR043C
YDR216W	0.409596226724	YGR142W
YDR216W	0.0194902390986	YHR018C
YDR216W	0.0391050162241	YJL088W
YDR216W	0.0412256855676	YJR148W
YDR216W	0.0503780057588	YLR009W
YDR216W	0.16803032436	YLR130C
YDR216W	0.0147181451562	YLR267W
YDR216W	0.255172644628	YLR327C
YDR216W	0.0382079222782	YNL036W
YDR216W	0.0672920429994	YNR053C
YDR216W	0.100892270421	YOR302W
YDR216W	0.0747499983901	YPL012W
YDR216W	0.158081938354	YIL037C
YDR216W	0.141424250631	YKR009C
YDR216W	0.0524063623369	YFR022W
YDR216W	0.0377789409085	YPL265W
YDR216W	0.10014597133	YOR100C
YDR216W	0.140320074044	YOR348C
YDR216W	0.0521063814509	YHL028W
YDR216W	0.193475966352	YGR067C
YDR216W	0.0547943006114	YLL011W
YDR216W	0.0529221274974	YPL036W
YDR216W	0.0775632923609	YAL054C
YDR216W	0.126864717716	YLR438W
YDR216W	0.105811976844	YIL155C
YDR216W	0.104171299119	YBR054W
YDR216W	0.0502834793383	YCL064C
YDR216W	0.0788685188903	YDL160C
YDR216W	0.0424926507623	YDR384C
YDR216W	0.0414459847644	YER067W
YDR216W	0.170129771077	YER150W
YDR216W	0.877466794384	YFL014W
YDR216W	0.0308388915183	YHR029C
YDR216W	0.124671954543	YHR087W
YDR216W	0.0287034470691	YLR178C
YDR216W	0.0767203354351	YMR169C
YDR216W	0.066318104881	YMR229C
YDR216W	0.162361413615	YNR064C
YDR216W	0.079138877024	YOR206W
YDR216W	0.113899128512	YOR388C
YDR216W	0.0540695751814	YDR380W
YDR216W	0.146530125897	YPL061W
YDR216W	0.0483259937279	YJL172W
YDR216W	0.0584589070988	YNL194C
YDR216W	0.071144200953	YDR361C
YDR216W	0.070429506612	YHR216W
YDR216W	0.0432766902692	YNR046W
YDR216W	0.0716807408412	YGR183C
YDR216W	0.0519689780556	YLL034C
YDR216W	0.0600387010915	YDR523C
YDR216W	0.167631513063	YOL014W
YDR216W	0.0508532364839	YLR174W
YDR216W	0.0693444769203	YJL153C
YDR216W	0.0777547441775	YGL229C
YDR216W	0.0836441743753	YJL063C
YER040W	0.122818526928	YNL037C
YER040W	0.0702860008207	YLR276C
YER040W	0.223321425591	YMR193W
YER040W	0.0821456640991	YHR051W
YER040W	0.0790644822938	YPL111W
YER040W	0.29450640878	YGL009C
YER040W	0.154970231016	YPR002W
YER040W	0.125073613393	YML123C
YER040W	0.116085571917	YHR136C
YER040W	0.0221283468269	YER158C
YER040W	0.213557058823	YJL217W
YER040W	0.118409055202	YKR075C
YER040W	0.0637398257209	YLR258W
YER040W	0.0739412903592	YDR171W
YER040W	0.00606238778064	YIL136W
YER040W	0.237056684222	YKR056W
YER040W	0.279282598023	YAL062W
YER040W	0.16497101623	YCR021C
YER040W	0.032004166515	YDL110C
YER040W	0.0270575631702	YGR043C
YER040W	0.0594953499321	YGR142W
YER040W	0.427042444784	YHR018C
YER040W	0.410030981581	YJL088W
YER040W	0.759857782597	YJR148W
YER040W	0.23661904245	YLR009W
YER040W	0.0696003655292	YLR130C
YER040W	0.685441559329	YLR267W
YER040W	0.0483609187859	YLR327C
YER040W	0.324077225816	YNL036W
YER040W	0.116161502807	YNR053C
YER040W	0.278322638279	YOR302W
YER040W	0.0761786905691	YPL012W
YER040W	0.209883304169	YIL037C
YER040W	0.0843668581266	YKR009C
YER040W	0.0991418130554	YFR022W
YER040W	0.252245243872	YPL265W
YER040W	0.66809204372	YOR100C
YER040W	0.0835245592606	YOR348C
YER040W	0.0431811375092	YHL028W
YER040W	0.194593204455	YGR067C
YER040W	0.111372856413	YLL011W
YER040W	0.124628550037	YPL036W
YER040W	0.202861134584	YAL054C
YER040W	0.0870683066592	YLR438W
YER040W	0.0402488670281	YIL155C
YER040W	0.0729978019708	YBR054W
YER040W	0.0708445419504	YCL064C
YER040W	0.133495482901	YDL160C
YER040W	0.214761553308	YDR384C
YER040W	0.0847654614696	YER067W
YER040W	0.0207633206633	YER150W
YER040W	0.0102659185156	YFL014W
YER040W	0.657664879151	YHR029C
YER040W	0.0412706450072	YHR087W
YER040W	0.011511606506	YLR178C
YER040W	0.0519628434796	YMR169C
YER040W	0.0891411105818	YMR229C
YER040W	0.237786203684	YNR064C
YER040W	0.100171620768	YOR206W
YER040W	0.102687456614	YOR388C
YER040W	0.219899823003	YDR380W
YER040W	0.296989722124	YPL061W
YER040W	0.377825422249	YJL172W
YER040W	0.104218019552	YNL194C
YER040W	0.0576784385871	YDR361C
YER040W	0.0748218898196	YHR216W
YER040W	0.39394298298	YNR046W
YER040W	0.0545609491584	YGR183C
YER040W	0.105767944746	YLL034C
YER040W	0.0749245028246	YDR523C
YER040W	0.180552675052	YOL014W
YER040W	0.0666172507817	YLR174W
YER040W	0.145461925225	YJL153C
YER040W	0.171225637428	YGL229C
YER040W	0.166247165457	YJL063C
YGL254W	0.149660480349	YNL037C
YGL254W	0.0771974408911	YLR276C
YGL254W	0.0738637677904	YMR193W
YGL254W	0.128198833032	YHR051W
YGL254W	0.0530441463555	YPL111W
YGL254W	0.0648484278011	YGL009C
YGL254W	0.0397393172831	YPR002W
YGL254W	0.0579225162411	YML123C
YGL254W	0.0386408874233	YHR136C
YGL254W	0.0166427229407	YER158C
YGL254W	0.0767858448916	YJL217W
YGL254W	0.0776023529351	YKR075C
YGL254W	0.0396091306962	YLR258W
YGL254W	0.0378336200389	YDR171W
YGL254W	0.00443818841194	YIL136W
YGL254W	0.03138546342	YKR056W
YGL254W	0.252252765462	YAL062W
YGL254W	0.0464943642622	YCR021C
YGL254W	0.0243226065785	YDL110C
YGL254W	0.0153707895123	YGR043C
YGL254W	0.0953818123486	YGR142W
YGL254W	0.0227089021765	YHR018C
YGL254W	0.0367414603977	YJL088W
YGL254W	0.0312474009118	YJR148W
YGL254W	0.0364735576327	YLR009W
YGL254W	0.676208195652	YLR130C
YGL254W	0.0123348975188	YLR267W
YGL254W	0.0337429088531	YLR327C
YGL254W	0.0306368774071	YNL036W
YGL254W	0.0635216234269	YNR053C
YGL254W	0.0595989982059	YOR302W
YGL254W	0.0422257062417	YPL012W
YGL254W	0.0698176953268	YIL037C
YGL254W	0.0490260442238	YKR009C
YGL254W	0.0421806187197	YFR022W
YGL254W	0.0385528858824	YPL265W
YGL254W	0.0160625193207	YOR100C
YGL254W	0.043129642743	YOR348C
YGL254W	0.0265127183094	YHL028W
YGL254W	0.0257780248847	YGR067C
YGL254W	0.0390285166002	YLL011W
YGL254W	0.0476155612988	YPL036W
YGL254W	0.0249402229709	YAL054C
YGL254W	0.0361602223358	YLR438W
YGL254W	0.0239146305132	YIL155C
YGL254W	0.0415980988257	YBR054W
YGL254W	0.914087804403	YCL064C
YGL254W	0.0604360669265	YDL160C
YGL254W	0.0149990291916	YDR384C
YGL254W	0.0357613020437	YER067W
YGL254W	0.0153304508187	YER150W
YGL254W	0.0114090418788	YFL014W
YGL254W	0.0287109595167	YHR029C
YGL254W	0.0249519691585	YHR087W
YGL254W	0.00494259688712	YLR178C
YGL254W	0.0287625274195	YMR169C
YGL254W	0.0345261051282	YMR229C
YGL254W	0.0262298155976	YNR064C
YGL254W	0.0523869679423	YOR206W
YGL254W	0.0511042698984	YOR388C
YGL254W	0.0463911769298	YDR380W
YGL254W	0.0351423391244	YPL061W
YGL254W	0.0501859008959	YJL172W
YGL254W	0.033086352821	YNL194C
YGL254W	0.120076877974	YDR361C
YGL254W	0.0708972662116	YHR216W
YGL254W	0.0316149463288	YNR046W
YGL254W	0.0543309479986	YGR183C
YGL254W	0.0437377754026	YLL034C
YGL254W	0.0610277474034	YDR523C
YGL254W	0.0573532930099	YOL014W
YGL254W	0.0346492227512	YLR174W
YGL254W	0.0732742831999	YJL153C
YGL254W	0.0428927287071	YGL229C
YGL254W	0.0327509283634	YJL063C
YJR094C	0.0367929663732	YNL037C
YJR094C	0.0831007263733	YLR276C
YJR094C	0.120682126579	YMR193W
YJR094C	0.0867833149386	YHR051W
YJR094C	0.540969487397	YPL111W
YJR094C	0.0437203713535	YGL009C
YJR094C	0.0666743312029	YPR002W
YJR094C	0.147368297194	YML123C
YJR094C	0.358675306892	YHR136C
YJR094C	0.0346598153133	YER158C
YJR094C	0.237244942518	YJL217W
YJR094C	0.223908691332	YKR075C
YJR094C	0.0664538239396	YLR258W
YJR094C	0.0806084704274	YDR171W
YJR094C	0.00708031061163	YIL136W
YJR094C	0.0857161921622	YKR056W
YJR094C	0.125948656808	YAL062W
YJR094C	0.114390933232	YCR021C
YJR094C	0.044595565332	YDL110C
YJR094C	0.025648458531	YGR043C
YJR094C	0.118196110949	YGR142W
YJR094C	0.0389592743183	YHR018C
YJR094C	0.0891623779127	YJL088W
YJR094C	0.234059266604	YJR148W
YJR094C	0.0574917840569	YLR009W
YJR094C	0.185791762297	YLR130C
YJR094C	0.628676314911	YLR267W
YJR094C	0.0958681834709	YLR327C
YJR094C	0.0877047255455	YNL036W
YJR094C	0.0722350354713	YNR053C
YJR094C	0.108552064344	YOR302W
YJR094C	0.0677311277681	YPL012W
YJR094C	0.0902017453412	YIL037C
YJR094C	0.0701311770898	YKR009C
YJR094C	0.082062898808	YFR022W
YJR094C	0.0588506392876	YPL265W
YJR094C	0.0324915626783	YOR100C
YJR094C	0.0710498625427	YOR348C
YJR094C	0.199116003168	YHL028W
YJR094C	0.0614519040813	YGR067C
YJR094C	0.109026707116	YLL011W
YJR094C	0.0896986387909	YPL036W
YJR094C	0.044303214672	YAL054C
YJR094C	0.154226851497	YLR438W
YJR094C	0.0416337643664	YIL155C
YJR094C	0.0993196177779	YBR054W
YJR094C	0.114140030203	YCL064C
YJR094C	0.163549515397	YDL160C
YJR094C	0.240566323037	YDR384C
YJR094C	0.078075530167	YER067W
YJR094C	0.0237103862168	YER150W
YJR094C	0.0162752423112	YFL014W
YJR094C	0.142265112336	YHR029C
YJR094C	0.0553260324438	YHR087W
YJR094C	0.0106857849118	YLR178C
YJR094C	0.102515173244	YMR169C
YJR094C	0.0597298463267	YMR229C
YJR094C	0.141095326893	YNR064C
YJR094C	0.0692279463704	YOR206W
YJR094C	0.103231709403	YOR388C
YJR094C	0.219695831564	YDR380W
YJR094C	0.108309350703	YPL061W
YJR094C	0.198019819482	YJL172W
YJR094C	0.0390235834735	YNL194C
YJR094C	0.0901037174672	YDR361C
YJR094C	0.0821731369245	YHR216W
YJR094C	0.0814387833163	YNR046W
YJR094C	0.083842909583	YGR183C
YJR094C	0.0672445600071	YLL034C
YJR094C	0.20441860159	YDR523C
YJR094C	0.119061791972	YOL014W
YJR094C	0.0530389905169	YLR174W
YJR094C	0.0961156897623	YJL153C
YJR094C	0.10662755541	YGL229C
YJR094C	0.0945837318345	YJL063C
YKL062W	0.280030612858	YNL037C
YKL062W	0.115682852617	YLR276C
YKL062W	0.0573221567185	YMR193W
YKL062W	0.350011371855	YHR051W
YKL062W	0.255606192653	YPL111W
YKL062W	0.0312421680574	YGL009C
YKL062W	0.245850341134	YPR002W
YKL062W	0.0791960847936	YML123C
YKL062W	0.0682905137208	YHR136C
YKL062W	0.389072665822	YER158C
YKL062W	0.0711956411564	YJL217W
YKL062W	0.10609116309	YKR075C
YKL062W	0.990190323742	YLR258W
YKL062W	0.172813172475	YDR171W
YKL062W	0.926156007365	YIL136W
YKL062W	0.0672330785244	YKR056W
YKL062W	0.0241188228273	YAL062W
YKL062W	0.0978216887226	YCR021C
YKL062W	0.373864129085	YDL110C
YKL062W	0.271556543263	YGR043C
YKL062W	0.443894761071	YGR142W
YKL062W	0.0178794694973	YHR018C
YKL062W	0.0536316207751	YJL088W
YKL062W	0.0587347959698	YJR148W
YKL062W	0.0704148611684	YLR009W
YKL062W	0.0832691459407	YLR130C
YKL062W	0.0128791235411	YLR267W
YKL062W	0.117697621973	YLR327C
YKL062W	0.0354711324603	YNL036W
YKL062W	0.0501144331423	YNR053C
YKL062W	0.0567539380898	YOR302W
YKL062W	0.132124147038	YPL012W
YKL062W	0.0471335497686	YIL037C
YKL062W	0.0694588221732	YKR009C
YKL062W	0.0475158090626	YFR022W
YKL062W	0.0469335840097	YPL265W
YKL062W	0.0406995534188	YOR100C
YKL062W	0.0616153408832	YOR348C
YKL062W	0.406247695484	YHL028W
YKL062W	0.252616991202	YGR067C
YKL062W	0.057647609783	YLL011W
YKL062W	0.534614285338	YPL036W
YKL062W	0.357713644164	YAL054C
YKL062W	0.0501075057574	YLR438W
YKL062W	0.254082011841	YIL155C
YKL062W	0.407468092212	YBR054W
YKL062W	0.0644211696493	YCL064C
YKL062W	0.0498715591443	YDL160C
YKL062W	0.0598837627922	YDR384C
YKL062W	0.639440004491	YER067W
YKL062W	0.863054759941	YER150W
YKL062W	0.910480893882	YFL014W
YKL062W	0.0342146775571	YHR029C
YKL062W	0.435581197264	YHR087W
YKL062W	0.908758302536	YLR178C
YKL062W	0.243562642293	YMR169C
YKL062W	0.22836141255	YMR229C
YKL062W	0.0633392209152	YNR064C
YKL062W	0.115675044221	YOR206W
YKL062W	0.0780927427704	YOR388C
YKL062W	0.0351567024648	YDR380W
YKL062W	0.0631164788208	YPL061W
YKL062W	0.0294624836733	YJL172W
YKL062W	0.195620491576	YNL194C
YKL062W	0.107974948257	YDR361C
YKL062W	0.0500652631801	YHR216W
YKL062W	0.206160054361	YNR046W
YKL062W	0.237662349266	YGR183C
YKL062W	0.174422368178	YLL034C
YKL062W	0.0496950790042	YDR523C
YKL062W	0.0418865126477	YOL014W
YKL062W	0.0754110924877	YLR174W
YKL062W	0.05492963409	YJL153C
YKL062W	0.274089878125	YGL229C
YKL062W	0.050920563732	YJL063C
YMR280C	0.0848115867959	YNL037C
YMR280C	0.129636777839	YLR276C
YMR280C	0.0374921303476	YMR193W
YMR280C	0.0885674402957	YHR051W
YMR280C	0.0716150246428	YPL111W
YMR280C	0.0321209094215	YGL009C
YMR280C	0.038235484641	YPR002W
YMR280C	0.0650356488554	YML123C
YMR280C	0.0672560428971	YHR136C
YMR280C	0.0219497286356	YER158C
YMR280C	0.0532434389996	YJL217W
YMR280C	0.105416526927	YKR075C
YMR280C	0.0566680479292	YLR258W
YMR280C	0.0627601948739	YDR171W
YMR280C	0.0122241417447	YIL136W
YMR280C	0.079650970796	YKR056W
YMR280C	0.0531481300796	YAL062W
YMR280C	0.0365551575121	YCR021C
YMR280C	0.0683348688015	YDL110C
YMR280C	0.0225475722298	YGR043C
YMR280C	0.0521829531104	YGR142W
YMR280C	0.0197509558272	YHR018C
YMR280C	0.037900218008	YJL088W
YMR280C	0.0339284030763	YJR148W
YMR280C	0.0892776976871	YLR009W
YMR280C	0.0537392809803	YLR130C
YMR280C	0.0133158019513	YLR267W
YMR280C	0.0519598981819	YLR327C
YMR280C	0.031350018874	YNL036W
YMR280C	0.0582211805958	YNR053C
YMR280C	0.0565483706456	YOR302W
YMR280C	0.0588580785991	YPL012W
YMR280C	0.0457038923419	YIL037C
YMR280C	0.108403735004	YKR009C
YMR280C	0.140391179359	YFR022W
YMR280C	0.0841460344279	YPL265W
YMR280C	0.0483317706699	YOR100C
YMR280C	0.0735116940078	YOR348C
YMR280C	0.0364273344777	YHL028W
YMR280C	0.0258253010826	YGR067C
YMR280C	0.0792565882535	YLL011W
YMR280C	0.0604889763016	YPL036W
YMR280C	0.048232100668	YAL054C
YMR280C	0.149398572993	YLR438W
YMR280C	0.0791042570617	YIL155C
YMR280C	0.0507820812388	YBR054W
YMR280C	0.0433035059457	YCL064C
YMR280C	0.0530418163815	YDL160C
YMR280C	0.185822690361	YDR384C
YMR280C	0.0377374996425	YER067W
YMR280C	0.022364661347	YER150W
YMR280C	0.00935848533312	YFL014W
YMR280C	0.0373130660359	YHR029C
YMR280C	0.0391044577293	YHR087W
YMR280C	0.0143098162258	YLR178C
YMR280C	0.033152556032	YMR169C
YMR280C	0.04978564366	YMR229C
YMR280C	0.0867650567274	YNR064C
YMR280C	0.0755974945223	YOR206W
YMR280C	0.0872519849386	YOR388C
YMR280C	0.0282062861625	YDR380W
YMR280C	0.0788877673525	YPL061W
YMR280C	0.0381254128458	YJL172W
YMR280C	0.0318722385427	YNL194C
YMR280C	0.135027701606	YDR361C
YMR280C	0.0526943071517	YHR216W
YMR280C	0.0791422151531	YNR046W
YMR280C	0.0789562204882	YGR183C
YMR280C	0.0614414641612	YLL034C
YMR280C	0.13720295906	YDR523C
YMR280C	0.0623739718466	YOL014W
YMR280C	0.157699967742	YLR174W
YMR280C	0.162802346674	YJL153C
YMR280C	0.0438506551657	YGL229C
YMR280C	0.0685020875469	YJL063C
YOR032C	0.0768954920143	YNL037C
YOR032C	0.060523990964	YLR276C
YOR032C	0.0609281391616	YMR193W
YOR032C	0.0650855699272	YHR051W
YOR032C	0.0810962509261	YPL111W
YOR032C	0.0296004388878	YGL009C
YOR032C	0.0545087771206	YPR002W
YOR032C	0.0975148097408	YML123C
YOR032C	0.0785013157211	YHR136C
YOR032C	0.27639786554	YER158C
YOR032C	0.12151784979	YJL217W
YOR032C	0.090415255633	YKR075C
YOR032C	0.0551396497628	YLR258W
YOR032C	0.0651520479152	YDR171W
YOR032C	0.0189261270682	YIL136W
YOR032C	0.0370783010984	YKR056W
YOR032C	0.0351526336166	YAL062W
YOR032C	0.0610547791401	YCR021C
YOR032C	0.129158749768	YDL110C
YOR032C	0.162965706008	YGR043C
YOR032C	0.0586202862106	YGR142W
YOR032C	0.0185377083785	YHR018C
YOR032C	0.0519165464327	YJL088W
YOR032C	0.0372880546055	YJR148W
YOR032C	0.0707796254844	YLR009W
YOR032C	0.0492098228511	YLR130C
YOR032C	0.0217903057101	YLR267W
YOR032C	0.0887662335441	YLR327C
YOR032C	0.0320420816909	YNL036W
YOR032C	0.0507931898022	YNR053C
YOR032C	0.0606302029085	YOR302W
YOR032C	0.0673509769328	YPL012W
YOR032C	0.0709057425768	YIL037C
YOR032C	0.0647876824412	YKR009C
YOR032C	0.0568211681851	YFR022W
YOR032C	0.0415784653742	YPL265W
YOR032C	0.0855805668485	YOR100C
YOR032C	0.134209208156	YOR348C
YOR032C	0.206832455443	YHL028W
YOR032C	0.105327297468	YGR067C
YOR032C	0.0500149807533	YLL011W
YOR032C	0.0743522291609	YPL036W
YOR032C	0.0896068417271	YAL054C
YOR032C	0.251817653732	YLR438W
YOR032C	0.168179130613	YIL155C
YOR032C	0.0537710468728	YBR054W
YOR032C	0.167756485387	YCL064C
YOR032C	0.119382883878	YDL160C
YOR032C	0.0153433344923	YDR384C
YOR032C	0.0640944131397	YER067W
YOR032C	0.0461697605713	YER150W
YOR032C	0.0214633218295	YFL014W
YOR032C	0.0317797989697	YHR029C
YOR032C	0.0696330374411	YHR087W
YOR032C	0.0207833598427	YLR178C
YOR032C	0.172506199821	YMR169C
YOR032C	0.0651228222719	YMR229C
YOR032C	0.0444461337702	YNR064C
YOR032C	0.0561364583426	YOR206W
YOR032C	0.0524886244546	YOR388C
YOR032C	0.0248832594449	YDR380W
YOR032C	0.11148882392	YPL061W
YOR032C	0.0509465819475	YJL172W
YOR032C	0.175308876807	YNL194C
YOR032C	0.071213972566	YDR361C
YOR032C	0.0584632453275	YHR216W
YOR032C	0.0685353423955	YNR046W
YOR032C	0.0816735581538	YGR183C
YOR032C	0.0704635349822	YLL034C
YOR032C	0.0490222647985	YDR523C
YOR032C	0.0645949701642	YOL014W
YOR032C	0.118227304658	YLR174W
YOR032C	0.0873697717302	YJL153C
YOR032C	0.0782148010337	YGL229C
YOR032C	0.0695702479724	YJL063C
