YGL035C	+	YBR020W
YGL035C	-	YLR044C
YGL035C	+	YHR043C
YGL035C	-	YBR050C
YGL035C	-	YLL043W
YGL035C	-	YFL054C
YGL035C	+	YFR053C
YGL035C	-	YPL043W
YGL035C	-	YLR241W
YGL035C	-	YMR163C
YGL209W	-	YHR092C
YGL209W	+	YEL066W
YGL209W	-	YOL023W
YGL209W	+	YBR126C
YGL209W	+	YNL136W
YGL209W	+	YJR010CA
YGL209W	-	YLR377C
YGL209W	-	YPL028W
YGL209W	-	YBR101C
YGL209W	-	YIL115C
YCR065W	+	YIR029W
YCR065W	-	YAL040C
YCR065W	-	YIL111W
YCR065W	-	YAR064W
YCR065W	-	YHL024W
YCR065W	+	YOR355W
YCR065W	-	YHR138C
YCR065W	-	YPR109W
YCR065W	+	YOL151W
YCR065W	-	YGR250C
YCR065W	-	YBR007C
YCR065W	-	YJR156C
YCR065W	-	YKR096W
YCR065W	+	YDL169C
YCR065W	+	YOR307C
YCR065W	-	YOL164W
YCR065W	-	YPL280W
YCR065W	-	YHR062C
YCR065W	+	YGR251W
YCR065W	-	YIL164C
YCR065W	+	YKL162CA
YCR065W	-	YDL247W
YCR065W	+	YGL225W
YCR065W	-	YPL051W
YCR065W	+	YOR058C
YCR065W	-	YNL041C
YCR065W	+	YNL293W
YCR065W	+	YCR027C
YCR065W	+	YGR075C
YCR065W	+	YOL165C
YCR065W	-	YDL215C
YCR065W	-	YMR250W
YCR065W	+	YHR114W
YCR065W	-	YDR088C
YCR065W	+	YNR059W
YCR065W	+	YMR234W
YCR065W	+	YDR083W
YCR065W	+	YOR076C
YCR065W	+	YNL012W
YCR065W	-	YML067C
YCR065W	+	YPR084W
YCR065W	-	YGR287C
YCR065W	-	YHR109W
YCR065W	+	YDR038C
YCR065W	-	YNL107W
YCR065W	-	YIL089W
YCR065W	+	YBR107C
YCR065W	+	YOR144C
YCR065W	+	YCL044C
YCR065W	-	YJL199C
YCR065W	-	YBR108W
YCR065W	-	YOR134W
YCR065W	+	YDR356W
YCR065W	-	YJL155C
YCR065W	+	YDR143C
YCR065W	+	YDL025C
YCR065W	-	YOR067C
YCR065W	-	YGL210W
YCR065W	-	YGL214W
YCR065W	+	YDR070C
YCR065W	+	YOL014W
YCR065W	+	YDL110C
YCR065W	-	YEL061C
YCR065W	-	YDL031W
YCR065W	-	YLR161W
YCR065W	+	YMR247C
YCR065W	+	YNL013C
YCR065W	+	YNL108C
YCR065W	+	YBR231C
YCR065W	-	YOR072W
YCR065W	-	YNL128W
YCR065W	-	YHL010C
YCR065W	+	YDL223C
YCR065W	-	YPL276W
YCR065W	+	YPL277C
YCR065W	-	YNR071C
YCR065W	-	YGL124C
YCR065W	+	YDR132C
YCR065W	-	YDL142C
YCR065W	+	YDR039C
YCR065W	+	YAR042W
YCR065W	-	YDL012C
YCR065W	+	YIL091C
YCR065W	+	YPR046W
YCR065W	-	YIL144W
YCR065W	+	YIL090W
YCR065W	-	YDR412W
YCR065W	+	YMR201C
YCR065W	-	YIL145C
YCR065W	-	YDL088C
YCR065W	-	YHR132C
YCR065W	-	YHR108W
YCR065W	+	YNL093W
YCR065W	+	YLR005W
YCR065W	-	YLR160C
YCR065W	+	YCL052C
YCR065W	-	YHR107C
YCR065W	-	YNL271C
YCR065W	+	YER107C
YCR065W	-	YDL185W
YCR065W	-	YLR037C
YCR065W	-	YEL058W
YCR065W	+	YOR071C
YCR065W	-	YPR045C
YCR065W	+	YER023W
YCR065W	-	YDR268W
YCR065W	+	YGL147C
YCR065W	-	YBL071C
YCR065W	+	YGL223C
YCR065W	+	YLR192C
YCR065W	-	YDL107W
YCR065W	-	YDR246W
YCR065W	+	YCL051W
YCR065W	+	YDR267C
YCR065W	-	YLR004C
YCR065W	+	YBR035C
YCR065W	-	YGL161C
YCR065W	+	YGL160W
YCR065W	-	YOR354C
YCR065W	-	YBL093C
YCR065W	-	YPL161C
YCR065W	-	YBL092W
YCR065W	+	YGR292W
YCR065W	-	YDL175C
YCR065W	+	YGR165W
YCR065W	-	YCL058C
YCR065W	-	YDR113C
YCR065W	+	YNL112W
YCR065W	+	YHL039W
YER040W	+	YLR048W
YER040W	-	YDR077W
YER040W	-	YDL066W
YER040W	-	YDL067C
YER040W	-	YCR064C
YER040W	-	YKR039W
YER040W	+	YDL198C
YER040W	-	YHR037W
YER040W	+	YNL142W
YER040W	-	YKR092C
YER040W	+	YLR257W
YER040W	+	YOR102W
YER040W	+	YNL141W
YER040W	-	YJL006C
YER040W	+	YGR183C
YER040W	+	YFL053W
YER040W	-	YNR006W
YER040W	+	YNR018W
YER040W	+	YEL005C
YEL009C	-	YPL111W
YEL009C	+	YBL043W
YEL009C	-	YNL037C
YEL009C	+	YEL062W
YEL009C	+	YHR051W
YEL009C	-	YJR146W
YEL009C	+	YHR071W
YEL009C	-	YER176W
YEL009C	+	YER175C
YEL009C	-	YHR022C
YEL009C	-	YOL140W
YEL009C	+	YNL004W
YEL009C	+	YHR023W
YEL009C	+	YNL130C
YEL009C	+	YNL311C
YEL009C	-	YJR018W
YEL009C	-	YLR356W
YEL009C	+	YNL129W
YEL009C	-	YJR110W
YEL009C	+	YPR039W
YEL009C	+	YJL212C
YEL009C	+	YOR221C
YEL009C	-	YPL135W
YEL009C	+	YGL059W
YEL009C	-	YJL071W
YEL009C	-	YLL009C
YEL009C	+	YMR096W
YEL009C	-	YPR058W
YEL009C	+	YMR287C
YEL009C	-	YDR243C
YEL009C	-	YDR126W
YEL009C	+	YPL112C
YEL009C	+	YHR025W
YEL009C	+	YMR062C
YEL009C	+	YGR269W
YEL009C	-	YHR122W
YEL009C	+	YBR218C
YEL009C	+	YHR024C
YEL009C	+	YLL008W
YEL009C	+	YIL165C
YEL009C	-	YOR203W
YEL009C	-	YBR147W
YEL009C	-	YPL252C
YEL009C	+	YBR143C
YEL009C	-	YMR095C
YEL009C	-	YIL067C
YEL009C	-	YJL072C
YEL009C	-	YJR111C
YEL009C	-	YER052C
YEL009C	-	YER086W
YEL009C	-	YBR114W
YEL009C	-	YOR202W
YEL009C	-	YGL202W
YEL009C	-	YNL239W
YEL009C	-	YER089C
YEL009C	-	YER090W
YEL009C	-	YBR047W
YEL009C	+	YDR486C
YEL009C	+	YGR204W
YEL009C	+	YPR027C
YEL009C	+	YBL102W
YEL009C	+	YJR026W
YEL009C	+	YIL117C
YEL009C	+	YGL118C
YEL009C	+	YGR267C
YEL009C	+	YPR185W
YEL009C	+	YJR028W
YEL009C	+	YJR025C
YEL009C	-	YIL116W
YEL009C	-	YER039C
YEL009C	+	YGL125W
YEL009C	-	YPL273W
YEL009C	-	YCR053W
YEL009C	-	YBR250W
YEL009C	+	YJR029W
YEL009C	+	YER085C
YEL009C	+	YDL197C
YEL009C	+	YLR343W
YEL009C	-	YGL180W
YEL009C	-	YGR161C
YEL009C	+	YDR481C
YEL009C	-	YBR144C
YEL009C	+	YMR300C
YEL009C	+	YDR035W
YEL009C	+	YOR337W
YEL009C	+	YNL125C
YEL009C	-	YEL059W
YDR259C	-	YOL156W
YDR259C	-	YIL118W
YDR259C	-	YOR319W
YDR259C	-	YAR050W
YDR259C	+	YJL216C
YDR259C	-	YNL178W
YDR259C	-	YOR030W
YDR259C	+	YHL034C
YDR259C	+	YCR021C
YDR259C	-	YDL037C
YDR259C	-	YHR047C
YDR259C	+	YJL171C
YDR259C	-	YMR150C
YDR259C	+	YOR029W
YDR259C	-	YLR296W
YDR259C	-	YMR239C
YDR259C	+	YJL148W
YDR259C	+	YJL030W
YDR259C	-	YIR021WA
YDR259C	+	YIR022W
YDR259C	+	YHR093W
YDR259C	+	YIR035C
YDR259C	+	YOR284W
YDR259C	-	YIR038C
YDR259C	+	YLR074C
YDR259C	+	YLR075W
YDR259C	-	YOR181W
YDR259C	+	YIL030C
YDR259C	-	YNR067C
YDR259C	-	YJL218W
YDR259C	-	YOR369C
YDR259C	+	YOL158C
YDR259C	-	YOR180C
YDR259C	-	YMR320W
YPL177C	+	YBL029W
YPL177C	-	YKR093W
YPL177C	+	YBR291C
YPL177C	+	YFR005C
YPL177C	-	YFR006W
YPL177C	-	YBR293W
YML099C	+	YML098W
YML099C	+	YKL107W
YML099C	+	YLR438W
YML099C	+	YBR086C
YML099C	-	YBR087W
YML099C	-	YBR094W
YKR034W	-	YNL339C
YKR034W	+	YOR375C
YKR034W	-	YBL018C
YKR034W	-	YAL025C
YKR034W	+	YKL049C
YKR034W	+	YOR174W
YKR034W	-	YOL042W
YKR034W	-	YOR348C
YKR034W	+	YPL122C
YKR034W	+	YNL256W
YKR034W	-	YDL206W
YKR034W	-	YJL157C
YFL021W	-	YCR096C
YFL021W	+	YJL210W
YFL021W	+	YLR262C
YFL021W	+	YJL085W
YFL021W	-	YDR067C
YFL021W	-	YDR319C
YFL021W	-	YBR268W
YFL021W	+	YLR054C
YFL021W	+	YOR154W
YFL021W	+	YBR266C
YFL021W	+	YGL004C
YFL021W	+	YDR086C
YJL110C	+	YCL065W
YJL110C	+	YKR106W
YJL110C	+	YMR260C
YJL110C	+	YGL156W
YJL110C	+	YNL050C
YJL110C	+	YKL136W
YJL110C	+	YLL047W
YJL110C	-	YLR265C
YJL110C	-	YLL048C
YJL110C	+	YKR056W
YJL110C	+	YDR416W
YJL110C	+	YBR169C
YJL110C	+	YDR415C
YJL110C	+	YGL133W
YKL020C	+	YJL175W
YKL020C	+	YOL115W
YKL020C	+	YJR051W
YKL020C	+	YFR002W
YDL170W	-	YEL063C
YDL170W	+	YDR545W
YDL170W	+	YLL065W
YDL170W	-	YNR068C
YDL170W	-	YPR060C
YDL170W	+	YBR006W
YDL170W	+	YDL071C
YDL170W	+	YDL068W
YDL170W	-	YDR129C
YDL170W	-	YDR065W
YDL170W	+	YHR157W
YDL170W	+	YFR055W
YDL170W	-	YOR204W
YDL170W	+	YMR288W
YDL170W	+	YJR112W
YDL170W	+	YBR249C
YDL170W	+	YBR257W
YDL170W	+	YJR027W
YDL170W	-	YHR164C
YDL170W	+	YKL211C
YDL170W	+	YNL183C
YDL170W	+	YBR102C
YDL170W	-	YPR111W
YDL170W	-	YPL250C
YHL027W	-	YJR011C
YHL027W	+	YDR282C
YHL027W	+	YLR121C
YHL027W	+	YCR063W
YHL027W	+	YNL265C
YHL027W	-	YNL285W
YHL027W	+	YJL204C
YHL027W	-	YLR011W
YHL027W	+	YAL004W
YHL027W	+	YDR284C
YHL027W	-	YHR113W
YHL027W	-	YDR285W
YHL027W	+	YPL241C
YHL027W	+	YIL072W
YML113W	-	YGR296W
YML113W	-	YGR071C
YML113W	+	YJR123W
YLR013W	+	YEL074W
YLR013W	+	YFL062W
YLR013W	-	YEL076C
YIL101C	-	YDL246C
YIL101C	+	YDR441C
YIL101C	+	YIR020C
YIL101C	-	YIL170W
YIL101C	+	YNL036W
YIL101C	+	YPR127W
YIL101C	+	YPR126C
YIL101C	-	YLR042C
YIL101C	+	YJR145C
YIL101C	-	YBR025C
YIL101C	-	YDR317W
YIL101C	+	YBL095W
YIL101C	-	YHR050W
YIL101C	+	YFL013WA
YIL101C	+	YBR073W
YIL101C	+	YJL213W
YPL248C	+	YBR057C
YPL248C	-	YBR018C
YPL248C	+	YDR007W
YPL248C	+	YMR105C
YPL248C	-	YAR003W
YPL248C	-	YAL049C
YPL248C	-	YAR002CA
YPL248C	+	YOR119C
YPL248C	+	YBR022W
YPL248C	-	YNR081W
YPL248C	-	YGR173W
YPL248C	-	YGR102C
YPL248C	+	YDR493W
YPL248C	-	YDR006C
YPL248C	-	YLR077W
YPL248C	+	YLR076C
YPL248C	-	YEL057C
YPL248C	+	YNL073W
YPL248C	-	YBR017C
YPL248C	-	YNL074C
YPL248C	-	YML053C
YPL248C	+	YBR212W
YPR065W	-	YJR159W
YPR065W	-	YHR194W
YPR065W	-	YIR020WB
YPR065W	-	YEL040W
YPR065W	+	YCR107W
YPR065W	-	YIL056W
YPR065W	-	YAL064W
YPR065W	-	YBR069C
YPR065W	-	YAR009C
YPR065W	-	YER001W
YPR065W	-	YHR094C
YPR065W	-	YCR102C
YPR065W	-	YMR152W
YPR065W	+	YMR151W
YPR065W	-	YOR269W
YPR065W	-	YOL080C
YPR065W	-	YOL078W
YPR065W	+	YEL039C
YPR065W	-	YDR042C
YPR065W	-	YJR100C
YPR065W	-	YCR098C
YPR065W	+	YLL027W
YPR065W	-	YOR223W
YPR065W	+	YMR149W
YPR065W	+	YPR169W
YPR065W	-	YOL025W
YPR065W	+	YOL026C
YPR065W	+	YGL117W
YPR065W	-	YML055W
YPR065W	+	YML056C
YPR065W	-	YGR124W
YPR065W	+	YIL134CA
YPR065W	+	YOL146W
YPR065W	+	YGL055W
YPR065W	-	YMR103C
YPR065W	+	YIL135C
YPR065W	-	YJL012C
YPR065W	+	YIL015CA
YPR065W	+	YGR255C
YGL013C	+	YBL112C
YGL013C	+	YDR544C
YGL013C	-	YLR465C
YGL013C	-	YCR105W
YGL013C	+	YOL157C
YGL013C	+	YER188CA
YGL013C	+	YPL265W
YGL013C	-	YPR202W
YGL013C	-	YIL013C
YGL013C	+	YBL087C
YGL013C	+	YJR101W
YGL013C	-	YDR332W
YGL013C	-	YPR010C
YGL013C	-	YDR368W
YGL013C	-	YIL002WA
YGL013C	-	YKL132C
YGL013C	-	YML111W
YGL013C	+	YOR268C
YGL013C	-	YKL209C
YGL013C	+	YGL012W
YGL013C	+	YLR464W
YGL013C	+	YLR466W
YGL013C	+	YJL188C
YGL013C	+	YHR086WA
YGL013C	+	YAL001C
YGL013C	-	YMR241W
YGL013C	+	YGL005C
YGL013C	+	YGR091W
YGL013C	+	YHR197W
YGL013C	+	YDL148C
YGL013C	+	YMR240C
YGL013C	-	YDL147W
YGL013C	+	YOR381W
YGL013C	-	YEL054C
YGL013C	+	YDR406W
YGL013C	+	YAR068W
YGL013C	-	YGR038CB
YGL013C	+	YJL042W
YGL013C	-	YPR170C
YGL013C	-	YER074W
YGL013C	+	YHL012W
YGL013C	+	YDR470C
YGL013C	+	YLR207W
YGL013C	-	YDR471W
YGL013C	+	YIL134W
YGL013C	+	YIL129C
YKL109W	+	YCL067C
YKL109W	-	YNL338W
YKL109W	-	YBL111C
YKL109W	+	YIL175W
YKL109W	-	YCL066W
YKL109W	+	YOL077WA
YKL109W	+	YGR166W
YKL109W	-	YHR145C
YKL109W	-	YLR452C
YKL109W	-	YOR212W
YKL109W	+	YPR191W
YKL109W	-	YOR256C
YKL109W	+	YJR121W
YKL109W	-	YOR257W
YKL109W	-	YDL104C
YKL109W	-	YDR299W
YKL109W	-	YNL054WB
YKL109W	-	YJL059W
YKL109W	+	YPR190C
YKL109W	-	YPL271W
YKL109W	-	YNL054WA
YKL109W	-	YNL055C
YKL109W	+	YPR020W
YKL109W	+	YKL141W
YKL109W	+	YDR298C
YKL109W	-	YPL272C
YKL109W	-	YFL026W
YKL109W	+	YDR322CA
YKL109W	+	YDL005C
YKL109W	+	YPR186C
YKL109W	+	YDR529C
YKL109W	+	YDL004W
YKL109W	+	YPR187W
YKL109W	-	YBL099W
YKL109W	+	YLR038C
YKL109W	-	YLR395C
YKL109W	+	YML091C
YKL109W	+	YJR079W
YKL109W	-	YJR078W
YKL109W	-	YHR050WA
YKL109W	+	YIL035C
YKL109W	+	YJR097W
YKL109W	-	YIL125W
YKL109W	-	YJL166W
YKL109W	-	YDR232W
YKL109W	+	YMR256C
YKL109W	+	YIL043C
YKL109W	-	YPR068C
YKL109W	+	YJR004C
YKL109W	-	YHR001WA
YKL109W	-	YEL024W
YKL109W	-	YEL025C
YKL109W	+	YGL193C
YKL109W	-	YKL148C
YKL109W	+	YDR148C
YKL109W	-	YDL230W
YKL109W	-	YBR039W
YJL056C	-	YJL055W
YJL056C	-	YML066C
YJL056C	-	YHR146W
YBR182C	+	YDR543C
YBR182C	-	YLR463C
YBR182C	-	YOR178C
YBR182C	+	YNL288W
YBR182C	-	YMR013WA
YBR182C	+	YEL001C
YBR182C	+	YBR183W
YBR182C	+	YHR030C
YBR182C	-	YLR390WA
YBR182C	-	YDR351W
YBR182C	+	YLR394W
YBR182C	-	YGL115W
YBR182C	+	YDR350C
YBR182C	-	YLR389C
YBR182C	+	YBL037W
YBR182C	-	YDR420W
YBR182C	-	YKL164C
YBR182C	-	YOR267C
YBR182C	-	YPL176C
YBR182C	+	YKL186C
YBR182C	-	YDL060W
YBR182C	+	YDL061C
YBR182C	-	YPL175W
YBR182C	-	YPL249CA
YBR182C	-	YDR418W
YBR182C	-	YNL115C
YBR182C	+	YNL113W
YOR113W	+	YAL037W
YOR113W	+	YDR402C
YOR113W	-	YLL019C
YGL162W	+	YDR442W
YGL162W	-	YEL069C
YGL162W	+	YDR343C
YGL162W	+	YKL110C
YGL162W	+	YKR075C
YGL162W	+	YOR049C
YGL162W	-	YGR069W
YGL162W	+	YDR133C
YGL162W	-	YOR313C
YGL162W	-	YJL105W
YGL162W	-	YDR366C
YGL162W	+	YHR081W
YGL162W	-	YIL012W
YGL162W	-	YHR080C
YGL162W	+	YNL038W
YGL162W	-	YOL159C
YGL162W	-	YNL231C
YGL162W	+	YOR136W
YGL162W	-	YLL033W
YGL162W	+	YLL034C
YGL162W	+	YJR150C
YGL162W	-	YPL012W
YGL162W	-	YIL014CA
YGL162W	+	YPR006C
YGL162W	+	YOR042W
YGL162W	-	YGL056C
YGL162W	-	YPL156C
YGL162W	+	YGL234W
YGL162W	+	YER044C
YPL089C	+	YNL336W
YPL089C	+	YKL096W
YPL089C	-	YHL041W
YPL089C	-	YNL066W
YPL089C	+	YDR309C
YPL089C	+	YDR525W
YPL089C	-	YML124C
YPL089C	+	YIL040W
YDR043C	+	YBL109W
YDR043C	+	YPR203W
YDR043C	+	YJL106W
YDR043C	+	YOR050C
YDR043C	-	YJL214W
YDR043C	+	YJL108C
YDR043C	-	YJL076W
YDR043C	-	YNR069C
YDR043C	-	YCL074W
YDR043C	-	YPR156C
YDR043C	+	YDR111C
YDR043C	-	YOL122C
YDR043C	+	YDR436W
YDR043C	+	YGR237C
YDR043C	+	YLR187W
YDR043C	-	YBR177C
YDR043C	-	YJR161C
YDR043C	-	YAR031W
YDR043C	-	YIL098C
YDR043C	+	YGR143W
YDR043C	-	YDR435C
YDR043C	+	YNR070W
YDR043C	+	YIL097W
YDR043C	-	YPR157W
YDR043C	-	YPR061C
YDR043C	+	YER096W
YDR043C	+	YAR029W
YDR043C	-	YAR070C
YDR043C	-	YNL217W
YDR043C	-	YPR158W
YDR043C	-	YER010C
YDR043C	-	YMR084W
YDR043C	-	YDL024C
YDR043C	+	YEL020WA
YDR043C	-	YAR071W
YDR043C	-	YAL018C
YDR043C	-	YPR158CD
YDR043C	-	YEL017W
YDR043C	-	YLR012C
YDR043C	-	YFL065C
YDR043C	+	YFL063W
YDR043C	+	YLR410WB
YKL043W	-	YIL172C
YKL043W	+	YPR013C
YKL043W	-	YDR345C
YKL043W	-	YDL036C
YKL043W	-	YBR162WA
YKL043W	-	YEL044W
YKL043W	+	YJR083C
YKL043W	-	YLL062C
YKL043W	+	YFR016C
YKL043W	-	YOR275C
YKL043W	+	YMR018W
YKL043W	-	YOR276W
YKL043W	-	YIR001C
YKL043W	+	YLL061W
YKL043W	-	YGR145W
YKL043W	+	YMR089C
YKL043W	+	YDL047W
YKL043W	+	YIL011W
YKL043W	-	YMR081C
YKL043W	+	YEL068C
YKL043W	+	YPR121W
YKL043W	+	YJL138C
YKL043W	-	YGR171C
YKL043W	+	YJR129C
YKL043W	-	YER038C
YKL043W	-	YDR524CB
YKL043W	-	YMR015C
YKL043W	-	YBR067C
YKL043W	-	YPL025C
YER045C	+	YPL078C
YMR016C	-	YDR040C
YMR016C	-	YDR041W
YMR016C	+	YPL283C
YMR016C	-	YIL099W
YMR016C	+	YIL171W
YMR016C	+	YKR102W
YMR016C	+	YMR017W
YMR016C	-	YML133C
YMR016C	+	YLL066C
YMR016C	+	YML132W
YMR016C	-	YOR138C
YMR016C	+	YJR094WA
YMR016C	-	YGL158W
YMR016C	-	YKL044W
YMR016C	-	YDR516C
YMR016C	+	YOR107W
YMR016C	+	YGL259W
YMR016C	+	YKR105C
YMR016C	+	YGR146C
YMR016C	+	YPL056C
YMR016C	+	YHL048W
YMR016C	-	YOR019W
YMR016C	-	YHL046C
YMR016C	-	YEL075C
YMR016C	-	YIL177C
YMR016C	+	YGR238C
YMR016C	+	YGL033W
YMR016C	+	YIL096C
YMR016C	+	YIL095W
YMR016C	-	YPL281C
YMR016C	+	YDL244W
YMR016C	+	YGL034C
YMR016C	-	YJR157W
YMR016C	-	YNL294C
YMR016C	+	YHL050C
YMR016C	-	YNL040W
YMR016C	+	YER033C
YMR016C	+	YOR070C
YMR016C	+	YAR019C
YMR016C	-	YNL005C
YMR016C	+	YDL205C
YMR016C	-	YPL058C
YMR016C	-	YJR152W
YMR016C	-	YJL172W
YMR016C	-	YLR342W
YMR016C	-	YIL173W
YMR016C	+	YEL011W
YMR016C	+	YNL018C
YMR016C	+	YGR244C
YMR016C	-	YHR202W
YMR016C	-	YOR352W
YMR016C	-	YHR073W
YMR016C	+	YAL061W
YMR016C	+	YNL150W
YMR016C	-	YMR205C
YMR016C	+	YDR517W
YMR016C	-	YHR013C
YMR016C	+	YCR024C
YMR016C	+	YMR321C
YMR016C	+	YOR020C
YMR016C	+	YHR054C
YMR016C	+	YMR206W
YMR016C	-	YGL167C
YMR016C	-	YGR286C
YMR016C	+	YGR113W
YMR016C	+	YOL132W
YMR016C	+	YGR087C
YMR016C	-	YFR057W
YMR016C	+	YPR049C
YMR016C	+	YGL123W
YMR016C	-	YPR002CA
YMR016C	+	YCR037C
YMR016C	-	YOR173W
YMR016C	-	YHR055C
YMR016C	+	YOR351C
YMR016C	-	YOR084W
YMR016C	-	YAR023C
YMR016C	+	YHR014W
YMR016C	-	YHL021C
YMR016C	+	YJR151C
YMR016C	+	YNL035C
YMR016C	-	YOR087W
YMR016C	-	YHR112C
YMR016C	+	YKL156W
YMR016C	+	YPL149W
YMR016C	-	YNL034W
YMR016C	+	YIR042C
YMR016C	-	YPR028W
YMR016C	+	YGR133W
YMR016C	-	YOR291W
YMR016C	+	YDR122W
YMR016C	+	YGR132C
YMR016C	-	YOR310C
YMR016C	-	YCR017C
YMR016C	+	YNR076W
YMR016C	-	YKL124W
YMR016C	+	YML004C
YMR016C	-	YNL283C
YMR016C	+	YBR202W
YMR016C	-	YNL302C
YMR016C	-	YKL090W
YMR016C	+	YDR098C
YMR016C	+	YJL222W
YMR016C	-	YJL223C
YMR016C	-	YPL024W
YPL230W	-	YGL206C
YPL230W	-	YGL205W
YNL167C	+	YOR318C
YNL167C	+	YDR536W
YNL167C	-	YDR535C
YNL167C	-	YGL007CA
YNL167C	-	YHR049W
YNL167C	-	YHR096C
YMR070W	-	YOR315W
YMR070W	+	YJL011C
YMR070W	+	YBL074C
YMR070W	+	YOL085C
YMR070W	-	YOL084W
YMR070W	+	YBR013C
YMR070W	+	YPR141C
YMR070W	+	YKR003W
YMR070W	-	YMR106C
YMR070W	+	YBR097W
YMR070W	-	YFL020C
YOR140W	+	YKR047W
YBR112C	-	YAL063C
YBR112C	+	YIL162W
YBR112C	-	YJR048W
YBR112C	+	YCR005C
YBR112C	+	YDR172W
YBR112C	+	YML058WA
YBR112C	-	YHR211W
YKL032C	-	YOR023C
YKL032C	-	YOR024W
YKL032C	-	YLL041C
YKL032C	+	YOR253W
YIR013C	-	STA3
YKL038W	-	YMR011W
YKL038W	+	YPR196W
YKL038W	-	YOL121C
YKL038W	+	YDR473C
YKL038W	-	YKR076W
YKL038W	-	YJL008C
YKL038W	-	YDR278C
YKL038W	-	YGL009C
YKL038W	+	YJL192C
YKL038W	+	YLR368W
YML051W	-	YBL113C
YML051W	-	YBR019C
YML051W	-	YGR172C
YML051W	-	YGR103W
YML051W	+	MEL1
YML051W	-	YOR120W
YML051W	+	YFL014W
YML051W	+	YDR085C
YML051W	+	YML052W
YOR028C	-	YJL219W
YOR028C	+	YJL221C
YOR028C	+	YBL029CA
YOR028C	+	YNL087W
YOR028C	+	YOR179C
YOR028C	+	YER046W
YOR028C	-	YDL214C
YOR028C	-	YML131W
YOR028C	+	YNL180C
YOR028C	+	YDR508C
YOR028C	+	YAL037CA
YOR028C	+	YMR283C
YOR028C	-	YPR184W
YOR028C	-	YLR412CA
YOR028C	-	YOL060C
YOR028C	+	YJR103W
YOR028C	+	YOL059W
YOR028C	+	YBR072W
YOR028C	-	YGR178C
YOR028C	+	YHL044W
YOR028C	+	YDR504C
YOR028C	+	YGR035WA
YOR028C	-	YDR338C
YOR028C	-	YJR154W
YOR028C	+	YDL129W
YOR028C	+	YOL133W
YOR028C	-	YDR505C
YOR028C	-	YJL029C
YOR028C	+	YPL165C
YOR028C	-	YOL135C
YOR028C	+	YMR090W
YOR028C	+	YJL028W
YOR028C	-	YLR001C
YOR028C	+	YNL039W
YOR028C	-	YIL045W
YOR028C	+	YLR264CA
YOR028C	+	YBR201W
YOR028C	-	YJR084W
YOR028C	-	YBR295W
YOR028C	+	YLL006WA
YOR028C	-	YPR014C
YOR028C	+	YPR022C
YOR028C	-	YPL278C
YOR028C	-	YGL006WA
YOR028C	-	YOR316CA
YOR028C	-	YGR233C
YOR028C	+	YJR133W
YOR028C	+	YMR083W
YOR028C	-	YJR003C
YOR028C	+	YLR021W
YOR028C	+	YBR054W
YOR028C	-	YLR030W
YOR028C	-	YMR082C
YOR028C	-	YLR029C
YOR028C	-	YMR244CA
YOR028C	-	YMR246W
YOR028C	+	YKL101W
YOR028C	+	YLR332W
YOR028C	+	YPR158CC
YOR028C	+	YLR034C
YOR028C	+	YJR132W
YLR228C	-	YDR089W
YLR228C	-	YDL168W
YOL089C	-	YNL134C
YOL089C	-	YJR013W
YOL089C	+	YGR271W
YOL089C	+	YDR098CA
YOL089C	+	YGL097W
YOL089C	-	YCR108C
YOL089C	-	YMR118C
YOL089C	-	YCR102WA
YOL089C	-	YPR072W
YOL089C	-	YER134C
YLR451W	+	YCR019W
YLR451W	+	YER190W
YLR451W	-	YMR014W
YLR451W	-	YER073W
YLR451W	+	YLR154C
YLR451W	+	YJL198W
YLR451W	+	YLR355C
YLR451W	+	YKL120W
YLR451W	+	YHR218W
YLR451W	-	YLR162WA
YLR451W	-	YOR001W
YLR451W	-	YNL104C
YLR451W	-	YPR108WA
YLR451W	-	YML071C
YLR451W	-	YOR108W
YLR451W	+	YCR020CA
YLR451W	+	YCL018W
YLR451W	+	YPR144C
YLR451W	-	YKL118W
YLR451W	-	YOR227W
YLR451W	+	YPL198W
YLR451W	+	YGR190C
YLR451W	+	YOR011WA
YLR451W	+	YHR175W
YLR451W	-	YJR001W
YLR451W	+	YOL013WB
YLR451W	-	YOR201C
YLR451W	-	YJL191W
YLR451W	+	YLR354C
YLR451W	+	YMR108W
YLR451W	+	YHR207C
YLR451W	+	YHR208W
YLR451W	-	YJL048C
YLR451W	+	YML070W
YLR451W	+	YOR271C
YLR451W	+	YGR175C
YLR451W	-	YOR272W
YOR032C	+	YLR035C
YOR032C	-	YEL002C
YOR032C	-	YER136W
YOR032C	-	YBR133C
YBL103C	-	YDR084C
YBL103C	+	YCR018CA
YBL103C	-	YMR193W
YBL103C	-	YGL255W
YBL103C	+	YER002W
YBL103C	-	STA1
YBL103C	-	YLR130C
YBL103C	-	YGR271CA
YBL103C	+	YDR522C
YBL103C	-	YCR097W
YBL103C	+	STA2
YBL103C	+	YCR040W
YBL103C	-	YKL178C
YBL103C	-	YJR109C
YBL103C	-	YDR127W
YBL103C	+	YDR079W
YBL103C	-	YHR018C
YBL103C	-	YLR267W
YBL103C	+	YDR078C
YBL103C	-	YER069W
YBL103C	+	YEL050C
YBL103C	+	YEL071W
YBL103C	+	YLR082C
YBL103C	-	YKL067W
YBL103C	-	YNL001W
YBL103C	-	YPR198W
YBL103C	-	YNR001C
YBL103C	+	YGR272C
YBL103C	-	YMR227C
YBL103C	+	YGR218W
YBL103C	-	YKR004C
YBL103C	-	YHR161C
YBL103C	-	YHR162W
YBL103C	-	YEL010W
YBL103C	-	YMR135WA
YBL103C	-	YKL071W
YBL103C	+	YER044CA
YBL103C	+	YAL062W
YBL103C	-	YDR540C
YBL103C	-	YCR090C
YBL103C	+	YPL124W
YBL103C	-	YPR001W
YBL103C	-	YDL013W
YBL103C	+	YLR318W
YBL103C	+	YLR316C
YBL103C	+	YCR095C
YBL103C	+	YER129W
YBL103C	+	YBR282W
YBL103C	-	YLR140W
YBL103C	+	YDR519W
YBL103C	+	YDR483W
YBL103C	-	YPL268W
YBL103C	+	YDR482C
YBL103C	+	YLR397C
YMR042W	-	YNR072W
YMR042W	+	YNL240C
YMR042W	+	YLL016W
YMR042W	-	YFR045W
YIR023W	+	YDL210W
YIR023W	-	YIR028W
YIR023W	+	YBR208C
YIR023W	+	YMR098C
YIR023W	+	YMR195W
YIR023W	+	YDL171C
YIR023W	+	YIR027C
YIR023W	+	YBR209W
YIR023W	+	YDR099W
YIR023W	-	YPR035W
YIR023W	-	YBL041W
YIR023W	+	YDL237W
YIR023W	+	YBR043C
YIR023W	+	YMR088C
YIR023W	-	YLR094C
YIR023W	-	YDR047W
YIR023W	+	YCL014W
YIR023W	-	YDR098CB
YIR023W	+	YJR148W
YIR023W	-	YLR110C
YIR023W	-	YLR031W
YIR023W	+	YGL203C
YIR023W	-	YGR055W
YIR023W	-	YGR018C
YIR023W	-	YLL032C
YIR023W	+	YJL133W
YIR023W	-	YCL063W
YIR023W	+	YGR120C
YIR023W	-	YGR155W
YLR113W	+	YIR032C
YLR113W	+	YLR392C
YLR113W	-	YDR417C
YLR113W	-	YDR524WA
YLR113W	-	YJL206C
YLR113W	+	YPL061W
YOL116W	+	YBL042C
YOL116W	+	YNL028W
YOL116W	+	YPL275W
YOL067C	-	YPR155C
YOL067C	+	YDR323C
YDR463W	+	YPL217C
YDR463W	+	YLR261C
YDR463W	+	YPL216W
YDR463W	+	YEL045C
YDR463W	-	YDL181W
YDR463W	+	YCL025C
YDR463W	-	YCL012W
YDR463W	-	YPL060CA
YDR463W	-	YDL152W
YDR463W	+	YDR103W
YDR463W	+	YBL104C
YDR463W	-	YDR068W
YDR463W	-	YDR494W
YDR463W	-	YPL059W
YDR463W	-	YGR283C
YDR463W	+	YNL173C
YDR463W	-	YNL267W
YDR463W	+	YKL161C
YHR006W	+	YGL001C
YHR006W	-	YCR041W
YHR006W	-	YCR039C
YHR006W	+	YBR068C
YHR006W	+	YDR102C
YHR006W	-	YFL017C
YHR006W	-	YLR374C
YHR006W	-	YFL002WA
YHR006W	+	YDR101C
YHR006W	+	YDL019C
YHR006W	-	YEL052W
YHR006W	-	YBR040W
YHR006W	-	YFL002WB
YHR006W	+	YFL003C
YHR006W	-	YGL170C
YHR006W	+	YHR005CA
YHR006W	-	YBR281C
YDR034C	+	YMR136W
YDR034C	-	YGR067C
YDR034C	-	YDR510W
YDR034C	+	YNL065W
YDR034C	+	YOR236W
YDR034C	-	YJR016C
YDR034C	-	YBR162C
YDR034C	-	YGL134W
YDR034C	-	YMR228W
YDR034C	-	YLL005C
YDR034C	+	YDR046C
YDR034C	-	YIR034C
YDR034C	+	YBR115C
YDR034C	-	YDR125C
YDR034C	+	YPL264C
YDR034C	-	YJL130C
YDR034C	+	YDL054C
YDR034C	+	YMR063W
YDR034C	+	YCR023C
YDR034C	+	YGL026C
YDR034C	-	YBR256C
YDR034C	+	YDR244W
YDR034C	-	YOL152W
YDR034C	-	YBR104W
YPL038W	-	YHR193C
YPL038W	+	YLR180W
YPL038W	-	YER092W
YPL038W	-	YLR027C
YDR081C	-	YNR049C
YDR081C	-	YLR322W
YDR081C	-	YLR046C
YKL062W	-	YLR467W
YKL062W	+	YML115C
YKL062W	+	YNL002C
YKL062W	+	YLR302C
YKL062W	-	YBR166C
YKL062W	+	YIL176C
YKL062W	-	YDL192W
YKL062W	+	YER013W
YKL062W	+	YMR087W
YKL062W	-	YGR142W
YKL062W	-	YJL225C
YKL062W	-	YBL108CA
YKL062W	+	YDR261C
YKL062W	-	YHR087W
YKL062W	+	YKR066C
YKL062W	+	YDR354W
YKL062W	+	YDR258C
YKL062W	+	YMR170C
YKL062W	+	YHL038C
YKL062W	-	YJR118C
YKL062W	+	YDR353W
YKL062W	+	YNL006W
YKL062W	-	YAL003W
YKL062W	+	YHR104W
YKL062W	-	YNL007C
YKL062W	+	YCL040W
YKL062W	+	YDR484W
YKL062W	-	YLL063C
YKL062W	+	YDR004W
YKL062W	+	YML057W
YKL062W	+	YHR034C
YKL062W	-	YHR035W
YKL062W	+	YOR228C
YKL062W	+	YPL146C
YKL062W	+	YBR074W
YKL062W	+	YDR457W
YKL062W	-	YIL066C
YKL062W	-	YKR055W
YKL062W	-	YJL098W
YKL062W	-	YGR088W
YKL062W	-	YMR251WA
YKL062W	-	YML028W
YKL062W	-	YGR192C
YKL062W	+	YDR228C
YKL062W	-	YNL135C
YKL062W	-	YMR050C
YKL062W	-	YMR165C
YKL062W	+	YIL051C
YKL062W	-	YPL150W
YKL062W	+	YDR061W
YKL062W	-	YPL151C
YKL062W	+	YMR051C
YKL062W	-	YDR229W
YKL062W	+	YDR145W
YKL062W	+	YGL038C
YKL062W	+	YBR117C
YKL062W	-	YNL160W
YKL062W	-	YER066CA
YKL062W	-	YML125C
YDR073W	+	YEL077C
YPR199C	+	YER007CA
YPR199C	-	YML048WA
YMR037C	+	YML116W
YMR037C	-	YMR172CA
YMR037C	+	YDR210WD
YMR037C	+	YGR072W
YMR037C	-	YMR178W
YMR037C	+	YDL182W
YMR037C	+	YGR050C
YMR037C	-	YMR086CA
YMR037C	+	YLR277C
YMR037C	+	YLR053C
YMR037C	+	YHR088W
YMR037C	-	YPL123C
YMR037C	+	YBR012C
YMR037C	+	YMR137C
YMR037C	+	YLL024C
YMR037C	-	YMR169C
YMR037C	-	YKL085W
YMR037C	-	YER103W
YMR037C	-	YKL036C
YMR037C	-	YER077C
YMR037C	-	YOR238W
YMR037C	+	YDR013W
YMR037C	-	YKL070W
YMR037C	+	YFL012W
YMR037C	+	YNL159C
YMR037C	+	YJL164C
YMR037C	-	YLR164W
YMR037C	+	YLR163C
YMR037C	+	YFL013C
YMR037C	+	YNL158W
YMR037C	+	YBR244W
YMR037C	+	YBR243C
YMR037C	+	YKR054C
YMR037C	+	YDR455C
YMR037C	-	YOL052CA
YMR037C	+	YAL005C
YMR037C	-	YKL087C
YMR037C	+	YLR108C
YMR037C	-	YML008C
YMR037C	+	YGL231C
YMR037C	+	YOR043W
YMR037C	+	YGR211W
YMR037C	+	YLR111W
YMR037C	-	YKL037W
YMR037C	-	YBR085CA
YMR037C	+	YNL156C
YMR037C	-	YDR490C
YMR037C	-	YKL052C
YMR037C	+	YDR171W
YMR037C	-	YAL060W
YMR037C	-	YKL152C
YMR037C	+	YDR033W
YMR037C	+	YBR168W
YMR037C	+	YBR167C
YKR064W	-	YMR315W
YEL056W	+	YBR211C
YEL056W	+	YDR527W
YOR025W	+	YLR287C
YOR025W	-	YLR167W
YOR025W	+	YLR166C
YML007W	-	YMR258C
YML007W	+	YDR453C
YML007W	+	YOL117W
YML007W	+	YBL032W
YML007W	+	YBL033C
YML007W	-	YJL047CA
YML007W	-	YOL118C
YML007W	+	YDR308C
YML007W	-	YLR043C
YML007W	-	YGR234W
YML007W	-	YLL058W
YML007W	+	YDR307W
YML007W	-	YFL055W
YML007W	+	YDR438W
YML007W	+	YLL059C
YML007W	+	YML130C
YML007W	-	YJR104C
YHR124W	+	YBR063C
YBR275C	-	YDR210W
YBR275C	-	YOL057W
YBR275C	+	YBL076C
YDR423C	+	YKL154W
YDR423C	-	YCL026CA
YBL008W	+	YBL008WA
YBL008W	+	YLR456W
YOL028C	+	YJL088W
YOL028C	-	YHR179W
YOL028C	+	YLR023C
YOL028C	+	YHR007C
YOL028C	-	YLR460C
YOL028C	+	YLL052C
YOL028C	-	YLL053C
YOL028C	+	YJR102C
YOL028C	-	YIR005W
YOL028C	+	YOL058W
YOL028C	-	YOL119C
YOL028C	+	YIR031C
YOL028C	-	YOR226C
YOL028C	-	YDR011W
YOL028C	+	YDR010C
YOL028C	-	YBR008C
YOL028C	+	YPL170W
YOL028C	+	YMR038C
YOL028C	-	YLR022C
YOL028C	-	YDR135C
YOL028C	-	YDL239C
YOL028C	-	YKR052C
YOL028C	-	YLL060C
YOL028C	-	YKR071C
YOL028C	-	YHR134W
YOL028C	-	YPR048W
YOL028C	+	YOR008C
YOL028C	+	YDR137W
YOL028C	-	YBR254C
YOL028C	+	YPL091W
YOL028C	+	YJL052W
YOL028C	-	YDL204W
YOL028C	-	YHR111W
YOL028C	-	YJL101C
YOL028C	+	YLR297W
YOL028C	+	YKL040C
YOL028C	-	YPR201W
YOL028C	-	YMR119WA
YOL028C	+	YKR098C
YOL028C	+	YMR119W
YOL028C	+	YER185W
YOL028C	+	YDL243C
YOL028C	-	YDR341C
YOL028C	-	YBR046C
YOL028C	-	YGR011W
YOL028C	-	YMR318C
YOL028C	+	YMR031WA
YOL028C	+	YML086C
YOL028C	+	YLR193C
YOL028C	+	YMR316CB
YOL028C	-	YBR174C
YOL028C	-	YBR176W
YOL028C	+	YPR085C
YOL028C	+	YNL249C
YOL028C	+	YLR298C
YOL028C	-	YDL233W
YOL028C	-	YDR182W
YOL028C	+	YFL056C
YOL028C	+	YPR200C
YOL028C	+	YGR009C
YOL028C	+	YGR039W
YOL028C	-	YKR044W
YOL028C	-	YKL157W
YOL028C	+	YDL124W
YOL028C	-	YER148W
YOL028C	-	YLR254C
YOL028C	-	YPR118W
YOL028C	-	YNL212W
YOL028C	-	YBL027W
YOL028C	-	YHR191C
YOL028C	-	YER147C
YOL028C	-	YJR122W
YOL028C	+	YBL028C
YOL028C	+	YNL261W
YOL028C	-	YKR043C
YOL028C	-	YNL213C
YOL028C	-	YER141W
YOL028C	-	YKR061W
YOL028C	+	YNL174W
YOL028C	-	YOR163W
YDR181C	-	YJL031C
YDR181C	+	YHR133C
YDR181C	+	YGR144W
YDR181C	+	YDL234C
YDR181C	+	YLR299W
YDR181C	+	YDL218W
YDR181C	+	YDL125C
YDR181C	+	YDR361C
YPR086W	+	YHR192W
YNL103W	+	YLL004W
YNL103W	+	YLR179C
YNL103W	+	YAL012W
YNL103W	+	YNL277WA
YNL103W	+	YEL047C
YNL103W	-	YLL025W
YNL103W	+	YGR256W
YNL103W	+	YDR226W
YNL103W	-	YGR084C
YNL103W	+	YGL184C
YNL103W	+	YOL049W
YNL103W	-	YJR010W
YNL103W	+	YNL277W
YNL103W	+	YNL017C
YNL103W	+	YNL016W
YNL103W	-	YLR301W
YLR453C	+	YIL019W
YLR357W	+	YLR081W
YLR357W	+	YAR002W
YLR357W	+	YDL034W
YLR357W	-	YPR194C
YLR357W	+	YDR005C
YLR357W	+	YDR008C
YLR357W	+	YLR080W
YLR357W	-	YDR491C
YLR357W	-	YBR021W
YOR290C	-	YNL151C
YOR290C	-	YOR048C
YHR206W	+	YMR135C
YHR206W	+	YBR157C
YHR206W	+	YBR158W
YHR206W	+	YCR073WA
YHR206W	-	YLR294C
YHR206W	+	YCR073C
YHR206W	+	YPL187W
YHR206W	+	YPR062W
YHR206W	+	YEL076CA
YHR206W	+	YPR063C
YHR206W	-	YOR208W
YHR206W	+	YLR258W
YHR206W	+	YOR273C
YHR206W	+	YBR053C
YHR206W	+	YOR274W
YHR206W	+	YLL020C
YHR206W	-	YIR018CA
YHR206W	-	YJR077C
YHR206W	+	YIL050W
YHR206W	-	YMR145C
YHR206W	-	YKL035W
YHR206W	-	YNL015W
YHR206W	-	YMR252C
YHR206W	+	YER149C
YHR206W	-	YNL071W
YHR206W	-	YBR032W
YHR206W	+	YPR161C
YHR206W	-	YDR358W
YHR206W	+	YHR004C
YHR206W	+	YLL018CA
YHR206W	-	YER154W
YHR206W	+	YOR207C
YHR206W	-	YER152C
YHR206W	-	YER150W
YHR206W	+	YLR253W
YHR206W	+	YGR138C
YHR206W	+	YLR414C
YHR206W	-	YOL126C
YHR206W	+	YGR015C
YHR206W	+	YGR016W
YHR206W	+	YNL098C
YHR206W	-	YOR343CA
YHR206W	+	YGR140W
YHR206W	+	YNL014W
YHR206W	-	YPR159CA
YHR206W	-	YIL113W
YHR206W	-	YNL234W
YHR206W	+	YOR349W
YHR206W	+	YIL114C
YHR206W	-	YNL170W
YHR206W	+	YOR343CB
YHR206W	+	YHR002W
YHR206W	+	YDL006W
YHR206W	+	YNL172W
YHR206W	-	YKR097W
YHR206W	+	YER011W
YHR206W	-	YDR525WA
YHR206W	+	YGL007W
YHR206W	-	YDL049C
YHR206W	+	YGR086C
YHR206W	-	YNR014W
YHR206W	-	YFR024CA
YHR206W	-	YEL021W
YHR206W	-	YEL017CA
YBR195C	-	YDL245C
YBR195C	-	YHL016C
YBR195C	+	YIR014W
YBR195C	+	YGR019W
YBR195C	+	YOR047C
YBR195C	+	YFL004W
YBR195C	+	YJL217W
YBR195C	+	YNL143C
YBR195C	-	YLR304C
YBR195C	-	YPR038W
YBR195C	-	YJL173C
YBR195C	+	YDR090C
YBR195C	+	YKR038C
YBR195C	+	YLR138W
YBR195C	+	YMR020W
YBR195C	+	YDL236W
YBR195C	-	YOR376W
YBR195C	+	YNL070W
YBR195C	+	YPR149W
YBR195C	-	YER158C
YBR195C	+	YEL004W
YNL309W	-	YKL086W
YDR520C	+	YLR288C
YDR520C	-	YLR289W
YDR520C	+	YHR128W
YDR520C	-	YER037W
YDR520C	+	YER036C
YIR017C	-	YDL151C
YIR017C	-	YDL149W
YIR017C	-	YMR126C
YIR017C	-	YOL050C
YIR017C	-	YOR339C
YIR017C	-	YLR067C
YIR017C	-	YLR068W
YIR017C	+	YNL082W
YIR017C	-	YDR144C
YJL089W	+	YOL079W
YJL089W	-	YOL125W
YJL089W	-	YLR308W
YJL089W	+	YLR128W
YJL089W	+	YLR127C
YJL089W	-	YGL230C
YJL089W	-	YLR430W
YMR280C	+	YNL137C
YMR280C	-	YER065C
YMR280C	-	YJR095W
YMR280C	-	YNL116W
YMR280C	+	YLR309C
YMR280C	-	YNL117W
YGL166W	+	YHR053C
YGL166W	+	YOR031W
YLR256W	-	YBL045C
YLR256W	-	YBL044W
YLR256W	-	YOR317W
YLR256W	-	YOR018W
YLR256W	-	YKL034W
YLR256W	-	YDR044W
YLR256W	-	YMR202W
YLR256W	-	YJL100W
YLR256W	-	YJR105W
YLR256W	-	YEL038W
YLR256W	-	YNL052W
YLR256W	+	YPR064W
YLR256W	-	YOR064C
YLR256W	-	YNL155W
YLR256W	+	YKL019W
YLR256W	+	YBR015C
YLR256W	+	YNR041C
YLR256W	-	YEL036C
YLR256W	+	YDR492W
YLR256W	+	YEL034W
YLR256W	-	YEL035C
YLR256W	+	YNR043W
YLR256W	-	YIL155C
YLR256W	-	YPL218W
YLR256W	+	YER053C
YLR256W	-	YOL027C
YLR256W	+	YML126C
YLR256W	-	YKR046C
YLR256W	-	YHR190W
YLR256W	+	YMR220W
YLR256W	-	YOR356W
YLR256W	+	YMR282C
YLR256W	-	YLR153C
YLR256W	-	YGL187C
YLR256W	+	YLR205C
YLR256W	-	YGR060W
YLR256W	+	YLR139C
YLR256W	+	YMR134W
YLR256W	+	YGR266W
YLR256W	-	YDR233C
YLR256W	-	YLR256WA
YLR256W	+	YGR264C
YLR256W	+	YDR234W
YLR256W	+	YGL191W
YLR256W	-	YKL051W
YLR256W	+	YIR002C
YLR256W	+	YGR049W
YLR256W	+	YER146W
YLR256W	+	YER145C
YLR256W	+	YGR176W
YJR127C	+	YPL026C
YGL252C	+	YGR209C
YGL252C	+	YLL054C
YGL252C	-	YFL057C
YGR288W	+	YGR289C
YKL015W	-	YOR306C
YKL015W	+	YHR048W
YKL015W	-	YMR056C
YKL015W	+	YPL137C
YKL015W	-	YPR124W
YKL015W	+	YLL026W
YKL015W	+	YJL058C
YKL015W	+	YGR010W
YKL015W	-	YKL175W
YKL015W	-	YLR143W
YKL015W	+	YKL176C
YKL015W	-	YDL196W
YKL015W	-	YLR410WA
YKL015W	-	YEL067C
YKL015W	+	YFR024C
YKL015W	+	YEL065W
YKL015W	-	YGR257C
YKL015W	-	YHL035C
YKL015W	+	YLR126C
YKL015W	+	YDL050C
YKL015W	-	YMR251W
YKL015W	+	YGR107W
YKL015W	+	YLL051C
YKL015W	-	YDR264C
YKL015W	+	YBL064C
YKL015W	-	YLR312C
YKL015W	+	YOL155C
YKL015W	-	YNL114C
YKL015W	+	YNL270C
YKL015W	+	YLR312WA
YKL015W	-	YOL154W
YKL015W	+	YLR212C
YKL015W	-	YNL268W
YKL015W	+	YDR265W
YKL015W	+	YML038C
YKL015W	-	YLR311C
YKL015W	+	YIL133C
YKL015W	-	YPR151C
YKL015W	+	YLR052W
YKL015W	-	YGL074C
YKL015W	+	YLL010C
YMR021C	+	YJR050W
YMR021C	-	YGR137W
YMR021C	+	YDL128W
YMR021C	+	YNL250W
YMR164C	+	YLR175W
YMR164C	+	YGL247W
YMR164C	+	YKR008W
YMR164C	+	YDL062W
YMR164C	+	YBR184W
YCR106W	-	YFL023W
YCR106W	+	YFL024C
YCR106W	-	YGL157W
YCR106W	+	YBR016W
YCR106W	-	YDR020C
YCR106W	-	YDR021W
YCR106W	+	YGR100W
YCR106W	+	YKL077W
YCR106W	-	YJL124C
YCR106W	+	YOR316C
YPL202C	+	YER189W
YPL202C	+	YHR091C
YPL202C	-	YLL011W
YPL202C	+	YDR534C
YPL202C	-	YIR041W
YPL202C	+	YGL261C
YPL202C	-	YLR461W
YPL202C	-	YOR302W
YPL202C	-	YKL103C
YPL202C	-	YDL154W
YPL202C	-	YHR033W
YPL202C	+	YMR177W
YPL202C	-	YMR265C
YPL202C	+	YGR130C
YPL202C	+	YMR266W
YPL202C	+	YJL079C
YPL202C	+	YKL224C
YPL202C	+	YLR141W
YPL202C	-	YLR206W
YPL202C	-	YLR214W
YPL202C	+	YPL282C
YPL202C	-	YDR052C
YPL202C	-	YBR296C
YPL202C	+	YMR041C
YPL202C	+	YNL259C
YPL202C	-	YMR034C
YPL202C	-	YNL193W
YPL202C	-	YOR330C
YPL202C	-	YNL194C
YPL202C	+	YBR132C
YPL202C	-	YJL205CA
YPL202C	+	YMR035W
YPL202C	-	YFL042C
YPL202C	-	YJR135C
YPL202C	-	YLR285W
YPL202C	+	YLL064C
YPL202C	+	YOR396W
YPL202C	+	YIL070C
YPL202C	+	YFL041W
YPL202C	+	YOR332W
YPL202C	-	YBR134W
YPL202C	-	YGL072C
YPL202C	+	YBR206W
YPL202C	+	YHR116W
YPL202C	+	YBR204C
YPL202C	+	YDR475C
YPL202C	-	YBR205W
YPL202C	-	YKL054C
YPL202C	+	YGL011C
YPL202C	-	YNL334C
YPL202C	+	YBR089CA
YPL202C	-	YLR284C
YPL202C	-	YGL010W
YLR120C	+	YHL045W
YLR120C	-	YKL223W
YLR120C	-	YGL260W
YLR120C	+	YFL043C
