YGL035C	-	YIL172C
YGL035C	-	YEL069C
YGL035C	-	YLR044C
YGL035C	-	YLL043W
YGL035C	+	YDR088C
YGL035C	-	YPL043W
YGL035C	+	YNL137C
YGL035C	-	YNL093W
YGL035C	-	YMR163C
YGL035C	+	YDL107W
YGL035C	-	YBR101C
YGL209W	-	YHR092C
YGL209W	-	YLR121C
YGL209W	-	YOR307C
YGL209W	+	YOR227W
YGL209W	-	YHR114W
YGL209W	-	YNR059W
YGL209W	-	YDR083W
YGL209W	-	YOR076C
YGL209W	+	YML067C
YGL209W	+	YNL136W
YGL209W	+	YHR109W
YGL209W	-	YOR144C
YGL209W	+	YJL155C
YGL209W	-	YDL025C
YGL209W	+	YJR010CA
YGL209W	-	YDR070C
YGL209W	-	YOL014W
YGL209W	+	YNL128W
YGL209W	-	YPL277C
YGL209W	-	YHR008C
YGL209W	-	YDR039C
YGL209W	-	YAR042W
YGL209W	+	YDL012C
YGL209W	+	YIL144W
YGL209W	+	YDR412W
YGL209W	+	YIL145C
YGL209W	+	YHR132C
YGL209W	-	YLR005W
YGL209W	+	YNL271C
YGL209W	-	YGL147C
YGL209W	+	YBL071C
YGL209W	-	YGL223C
YGL209W	-	YCL051W
YGL209W	-	YDR267C
YGL209W	+	YLR004C
YGL209W	+	YLR127C
YGL209W	-	YBR101C
YGL209W	+	YCL058C
YGL209W	-	YIL115C
YCR065W	+	YIR029W
YCR065W	-	YIL111W
YCR065W	-	YDR089W
YCR065W	-	YAR064W
YCR065W	-	YHL024W
YCR065W	-	YHR138C
YCR065W	-	YPR109W
YCR065W	+	YOL151W
YCR065W	-	YGR250C
YCR065W	-	YBR007C
YCR065W	-	YIL096C
YCR065W	+	YDL169C
YCR065W	+	YOR307C
YCR065W	-	YOL164W
YCR065W	-	YPL280W
YCR065W	+	YDL244W
YCR065W	+	YJR157W
YCR065W	-	YIL164C
YCR065W	+	YKL162CA
YCR065W	-	YDL247W
YCR065W	+	YGL225W
YCR065W	-	YNL041C
YCR065W	+	YNL293W
YCR065W	+	YCR027C
YCR065W	+	YGR075C
YCR065W	-	YJL198W
YCR065W	+	YOL165C
YCR065W	-	YDL215C
YCR065W	-	YMR250W
YCR065W	+	YHR114W
YCR065W	-	YDR088C
YCR065W	+	YNR059W
YCR065W	+	YMR234W
YCR065W	+	YDR083W
YCR065W	+	YOR076C
YCR065W	+	YNL012W
YCR065W	-	YML067C
YCR065W	-	YNL136W
YCR065W	+	YPR084W
YCR065W	-	YGR287C
YCR065W	-	YHR109W
YCR065W	+	YDR038C
YCR065W	-	YNL107W
YCR065W	-	YIL089W
YCR065W	+	YBR107C
YCR065W	+	YOR144C
YCR065W	+	YCL044C
YCR065W	-	YJL199C
YCR065W	-	YOR134W
YCR065W	+	YDR356W
YCR065W	-	YJL155C
YCR065W	+	YDR143C
YCR065W	+	YDL025C
YCR065W	-	YGL210W
YCR065W	-	YGL214W
YCR065W	+	YDR070C
YCR065W	+	YOL014W
YCR065W	+	YDL110C
YCR065W	-	YEL061C
YCR065W	-	YDL031W
YCR065W	-	YLR161W
YCR065W	+	YMR247C
YCR065W	+	YNL013C
YCR065W	+	YNL108C
YCR065W	+	YBR231C
YCR065W	-	YOR072W
YCR065W	-	YNL128W
YCR065W	-	YHL010C
YCR065W	+	YDL223C
YCR065W	-	YPL276W
YCR065W	-	YNR071C
YCR065W	+	YPL170W
YCR065W	-	YGL124C
YCR065W	+	YDR132C
YCR065W	-	YDL142C
YCR065W	+	YDR039C
YCR065W	+	YAR042W
YCR065W	-	YDL012C
YCR065W	+	YIL091C
YCR065W	+	YPR046W
YCR065W	-	YIL144W
YCR065W	+	YIL090W
YCR065W	-	YDR412W
YCR065W	-	YIL145C
YCR065W	-	YDL088C
YCR065W	-	YHR132C
YCR065W	-	YHR108W
YCR065W	+	YNL093W
YCR065W	+	YLR005W
YCR065W	-	YLR160C
YCR065W	+	YCL052C
YCR065W	-	YHR107C
YCR065W	-	YNL271C
YCR065W	+	YER107C
YCR065W	-	YDL185W
YCR065W	-	YLR037C
YCR065W	-	YEL058W
YCR065W	+	YOR071C
YCR065W	+	YER023W
YCR065W	-	YDR268W
YCR065W	+	YGL147C
YCR065W	-	YBL071C
YCR065W	+	YGL223C
YCR065W	+	YLR192C
YCR065W	-	YDL107W
YCR065W	-	YDR246W
YCR065W	+	YCL051W
YCR065W	+	YDR267C
YCR065W	-	YLR004C
YCR065W	+	YBR035C
YCR065W	-	YGL161C
YCR065W	+	YGL160W
YCR065W	+	YKL148C
YCR065W	-	YNR076W
YCR065W	-	YPL161C
YCR065W	-	YBL092W
YCR065W	+	YGR292W
YCR065W	-	YDL175C
YCR065W	+	YGR165W
YCR065W	-	YCL058C
YCR065W	-	YDR113C
YCR065W	+	YNL112W
YCR065W	+	YHL039W
YER040W	+	YLR048W
YER040W	-	YMR135C
YER040W	-	YDL066W
YER040W	-	YDL067C
YER040W	-	YHR051W
YER040W	+	YHL034C
YER040W	-	YHR037W
YER040W	+	YDL171C
YER040W	-	YNL311C
YER040W	+	YJL173C
YER040W	+	YNL142W
YER040W	-	YKR092C
YER040W	+	YDL180W
YER040W	-	YGR282C
YER040W	-	YDR299W
YER040W	+	YOR203W
YER040W	+	YPL252C
YER040W	+	YNL141W
YER040W	-	YJL006C
YER040W	+	YOR348C
YER040W	+	YGR183C
YER040W	-	YJL203W
YER040W	-	YBR257W
YER040W	-	YJR025C
YER040W	-	YML007CA
YER040W	+	YFL053W
YER040W	-	YGR171C
YER040W	-	YNR006W
YER040W	+	YGR073C
YER040W	-	YNL183C
YER040W	+	YEL005C
YER040W	-	YJR123W
YER040W	+	YGR248W
YER040W	+	YLR397C
YEL009C	+	YDR040C
YEL009C	+	YIR029W
YEL009C	+	YBL043W
YEL009C	+	YAR050W
YEL009C	-	YJR048W
YEL009C	-	YNL037C
YEL009C	-	YGR069W
YEL009C	-	YJR145C
YEL009C	+	YDR510W
YEL009C	-	YER176W
YEL009C	+	YER175C
YEL009C	-	YOL140W
YEL009C	+	YNL130C
YEL009C	-	YGR271CA
YEL009C	-	YJR018W
YEL009C	-	YLR356W
YEL009C	+	YJR016C
YEL009C	-	YNL104C
YEL009C	+	YNL129W
YEL009C	-	YJR110W
YEL009C	-	YDR127W
YEL009C	-	YHR018C
YEL009C	+	YJL212C
YEL009C	+	YOR221C
YEL009C	-	YPL135W
YEL009C	+	YIR034C
YEL009C	-	YBR115C
YEL009C	+	YDL192W
YEL009C	-	YDR010C
YEL009C	+	YGL059W
YEL009C	-	YJL071W
YEL009C	-	YLL009C
YEL009C	+	YMR096W
YEL009C	-	YPR058W
YEL009C	+	YMR287C
YEL009C	-	YDR126W
YEL009C	+	YPL112C
YEL009C	+	YMR062C
YEL009C	+	YGR269W
YEL009C	-	YHR122W
YEL009C	+	YBR218C
YEL009C	+	YHR024C
YEL009C	+	YLL008W
YEL009C	+	YIL165C
YEL009C	-	YBR147W
YEL009C	-	YPL252C
YEL009C	+	YBR143C
YEL009C	-	YMR095C
YEL009C	-	YIL067C
YEL009C	+	YMR288W
YEL009C	-	YJL072C
YEL009C	-	YER052C
YEL009C	-	YER086W
YEL009C	-	YMR257C
YEL009C	-	YOR202W
YEL009C	+	YGL117W
YEL009C	+	YDL239C
YEL009C	-	YNL239W
YEL009C	+	YBR254C
YEL009C	-	YGR144W
YEL009C	-	YER089C
YEL009C	-	YER090W
YEL009C	-	YBR047W
YEL009C	-	YBR046C
YEL009C	+	YDR486C
YEL009C	+	YGR204W
YEL009C	-	YCR023C
YEL009C	+	YBL102W
YEL009C	+	YJR026W
YEL009C	+	YIL117C
YEL009C	-	YGL026C
YEL009C	+	YGL118C
YEL009C	+	YGR267C
YEL009C	+	YPR185W
YEL009C	+	YBR256C
YEL009C	+	YJR028W
YEL009C	-	YIL116W
YEL009C	-	YML052W
YEL009C	+	YJR027W
YEL009C	-	YER039C
YEL009C	+	YGL125W
YEL009C	-	YPL273W
YEL009C	-	YCR053W
YEL009C	-	YBR250W
YEL009C	+	YJR029W
YEL009C	+	YER085C
YEL009C	+	YBL028C
YEL009C	+	YDL197C
YEL009C	+	YOL152W
YEL009C	-	YGR161C
YEL009C	+	YDR481C
YEL009C	+	YCL063W
YEL009C	-	YBR144C
YEL009C	+	YMR300C
YEL009C	-	YPL250C
YEL009C	+	YDR482C
YEL009C	+	YNL125C
YDR259C	-	YHR092C
YDR259C	-	YCR018CA
YDR259C	-	YMR193W
YDR259C	-	YIR020C
YDR259C	+	YPL265W
YDR259C	-	YOR319W
YDR259C	+	YOR049C
YDR259C	-	YOR030W
YDR259C	-	YGR019W
YDR259C	+	YHL034C
YDR259C	+	YNL180C
YDR259C	-	YNL066W
YDR259C	+	YOR029W
YDR259C	+	YBR025C
YDR259C	+	YMR195W
YDR259C	-	YMR239C
YDR259C	+	YJL030W
YDR259C	-	YIL176C
YDR259C	-	YIR021WA
YDR259C	+	YIR022W
YDR259C	+	YHR093W
YDR259C	+	YIR035C
YDR259C	+	YOR284W
YDR259C	-	YIR038C
YDR259C	+	YLR075W
YDR259C	-	YOR181W
YDR259C	-	YLL032C
YDR259C	+	YIL030C
YDR259C	-	YNR067C
YDR259C	-	YOR369C
YDR259C	+	YGR120C
YDR259C	-	YOR180C
YDR259C	+	YDR020C
YDR259C	+	YDR021W
YPL177C	+	YBL029W
YPL177C	-	YBL043W
YPL177C	-	YKR075C
YPL177C	+	YGL259W
YPL177C	+	YNL004W
YPL177C	-	YKR093W
YPL177C	-	YFR053C
YPL177C	+	YBR291C
YPL177C	+	YFR005C
YPL177C	-	YFR006W
YPL177C	-	YBR293W
YPL177C	+	YFL014W
YPL177C	-	YOL052CA
YPL177C	-	YNL256W
YPL177C	-	YCR022C
YPL177C	-	YKR008W
YPL177C	+	YNL259C
YML099C	-	YBL030C
YML099C	+	YHR071W
YML099C	+	YAL037CA
YML099C	-	YBL074C
YML099C	+	YKL107W
YML099C	+	YDR072C
YML099C	+	YPL059W
YML099C	+	YLR438W
YML099C	-	YEL068C
YML099C	-	YOR354C
YML099C	+	YAL017W
YML099C	+	YBR086C
YML099C	-	YBR087W
YML099C	-	YBR094W
YML099C	+	YER146W
YKR034W	+	YDL210W
YKR034W	+	YKR106W
YKR034W	+	YOR375C
YKR034W	-	YMR171C
YKR034W	-	YBL018C
YKR034W	-	YMR315W
YKR034W	-	YAL025C
YKR034W	-	YHR143WA
YKR034W	+	YKL049C
YKR034W	-	YOL042W
YKR034W	-	YBR255W
YKR034W	+	YFL057C
YKR034W	+	YBL059W
YKR034W	+	YPL122C
YKR034W	+	YDR415C
YKR034W	+	YHL040C
YIL119C	-	YDR442W
YIL119C	-	YJR101W
YIL119C	+	YPR010C
YIL119C	-	YLR295C
YFL021W	+	YIL174W
YFL021W	+	YIL099W
YFL021W	-	YDR516C
YFL021W	-	YAL037CA
YFL021W	+	YOR302W
YFL021W	+	YKL209C
YFL021W	+	YJL210W
YFL021W	-	YDL237W
YFL021W	+	YLR262C
YFL021W	+	YMR087W
YFL021W	-	YBR268W
YFL021W	+	YLR054C
YFL021W	+	YOR154W
YFL021W	+	YBR266C
YFL021W	+	YGL004C
YFL021W	-	YML124C
YFL021W	-	YKL223W
YFL021W	+	YDR086C
YFL021W	+	YNL235C
YFL021W	+	YLR410WA
YFL021W	+	YLR012C
YFL021W	-	YJL157C
YJL110C	-	YHR029C
YJL110C	+	YBL112C
YJL110C	-	YLR467W
YJL110C	+	YCL066W
YJL110C	+	YMR260C
YJL110C	+	YER002W
YJL110C	-	YNR050C
YJL110C	-	YJR146W
YJL110C	+	YNR060W
YJL110C	+	YML131W
YJL110C	+	YDL198C
YJL110C	+	YBR162WA
YJL110C	+	YNL050C
YJL110C	+	YKL136W
YJL110C	-	YLR265C
YJL110C	+	YMR062C
YJL110C	-	YJR061W
YJL110C	-	YLL048C
YJL110C	+	YKR056W
YJL110C	+	YDR416W
YJL110C	+	YBR169C
YJL110C	-	YNL173C
YJL110C	+	YDR415C
YJL110C	+	YDL049C
YJL110C	+	YGL133W
YJL110C	-	YGR175C
YJL110C	+	YFL043C
YKL020C	-	YDR040C
YKL020C	+	YDR084C
YKL020C	-	YER188CA
YKL020C	+	YBL045C
YKL020C	+	YJL011C
YKL020C	+	YBL044W
YKL020C	-	YOL085C
YKL020C	-	YEL039C
YKL020C	+	YJL175W
YKL020C	-	YMR137C
YKL020C	-	YLL024C
YKL020C	+	YOR018W
YKL020C	+	YER077C
YKL020C	+	YOR238W
YKL020C	-	YDR455C
YKL020C	+	YMR202W
YKL020C	+	YGR183C
YKL020C	+	YJR105W
YKL020C	-	YMR201C
YKL020C	+	YDR529C
YKL020C	+	YJR051W
YKL020C	+	YNL052W
YKL020C	+	YFR002W
YKL020C	+	YOR064C
YKL020C	+	YNL155W
YKL020C	-	YKL019W
YKL020C	+	YGL160W
YKL020C	-	YBR015C
YKL020C	+	YER141W
YKL020C	-	YNR041C
YKL020C	+	YEL036C
YKL020C	-	YDR492W
YKL020C	-	YEL034W
YKL020C	+	YEL035C
YKL020C	-	YNR043W
YKL020C	+	YPL218W
YKL020C	-	YER053C
YKL020C	+	YOL027C
YKL020C	-	YML126C
YKL020C	+	YKR046C
YKL020C	+	YHR190W
YKL020C	-	YMR220W
YKL020C	+	YOR356W
YKL020C	+	YLR153C
YKL020C	+	YGR060W
YKL020C	-	YLR139C
YKL020C	-	YMR134W
YKL020C	-	YGR266W
YKL020C	+	YDR233C
YKL020C	+	YLR256WA
YKL020C	-	YML054C
YKL020C	-	YGR264C
YKL020C	-	YDR234W
YKL020C	-	YGL191W
YKL020C	+	YKL051W
YKL020C	+	YER066CA
YKL020C	-	YIR002C
YKL020C	-	YGR049W
YKL020C	-	YBR168W
YKL020C	-	YEL059W
YDL170W	-	YEL063C
YDL170W	-	YNL339C
YDL170W	+	YLL065W
YDL170W	-	YKR102W
YDL170W	+	YHR071W
YDL170W	-	YNR068C
YDL170W	-	YPR060C
YDL170W	-	YHR022C
YDL170W	+	YBR006W
YDL170W	+	YDL071C
YDL170W	+	YDL068W
YDL170W	-	YDR129C
YDL170W	+	YNL143C
YDL170W	+	YHR157W
YDL170W	+	YLR302C
YDL170W	+	YER044CA
YDL170W	+	YDR258C
YDL170W	-	YLR392C
YDL170W	-	YDR243C
YDL170W	-	YLR393W
YDL170W	+	YNL105W
YDL170W	+	YBR249C
YDL170W	+	YJR025C
YDL170W	-	YOL109W
YDL170W	-	YER149C
YDL170W	+	YLR030W
YDL170W	-	YHR164C
YDL170W	+	YER085C
YDL170W	+	YDL197C
YDL170W	+	YNL183C
YDL170W	+	YBR102C
YDL170W	+	YFR033C
YDL170W	-	YGR180C
YDL170W	-	YIL133C
YHL027W	+	YJR158W
YHL027W	-	YOL156W
YHL027W	+	YKL110C
YHL027W	+	YDR282C
YHL027W	-	YCR021C
YHL027W	+	YKR096W
YHL027W	-	YJL076W
YHL027W	-	YIR032C
YHL027W	-	YPR145W
YHL027W	-	YLR142W
YHL027W	+	YHR143WA
YHL027W	+	YDR350C
YHL027W	+	YCR063W
YHL027W	+	YNL265C
YHL027W	-	YNL285W
YHL027W	+	YPR167C
YHL027W	-	YLR011W
YHL027W	+	YAL004W
YHL027W	+	YDR284C
YHL027W	-	YDR285W
YHL027W	+	YPL241C
YHL027W	-	YNR018W
YHL027W	+	YDR490C
YHL027W	+	YKR047W
YHL027W	+	YIL072W
YHL027W	-	YJL223C
YER028C	+	YDR041W
YER028C	+	YOR138C
YER028C	-	YJR094WA
YER028C	+	YDR493W
YER028C	+	YLR299W
YER028C	-	YPL041C
YER028C	-	YNR018W
YML113W	+	YMR258C
YML113W	+	YIL174W
YML113W	-	YJL217W
YML113W	+	YLR049C
YML113W	-	YHR025W
YML113W	-	YOL115W
YML113W	+	YKL223W
YML113W	-	YOR354C
YML113W	-	YJR006W
YLR013W	-	YPR203W
YLR013W	-	YIL177C
YLR013W	+	YFL062W
YLR013W	-	YEL076C
YLR013W	-	YEL020WA
YIL101C	+	YBR057C
YIL101C	+	YJR145C
YIL101C	-	YBR025C
YIL101C	+	YKR092C
YIL101C	-	YDR317W
YIL101C	+	YOR275C
YIL101C	-	YOR134W
YIL101C	+	YMR095C
YIL101C	+	YBL095W
YIL101C	-	YHR050W
YIL101C	+	YFL013WA
YIL101C	+	YBR073W
YIL101C	+	YJL213W
YIL101C	+	YML053C
YIL101C	+	YLR213C
YIL101C	+	YNL115C
YIL101C	-	YNL113W
YPL248C	+	YBR057C
YPL248C	-	YOR315W
YPL248C	-	YBR018C
YPL248C	-	YLR081W
YPL248C	-	YAR002W
YPL248C	+	YGR251W
YPL248C	+	YER108C
YPL248C	+	YDR007W
YPL248C	+	YPR194C
YPL248C	+	YMR086CA
YPL248C	-	YMR135WA
YPL248C	-	YAR003W
YPL248C	-	YAL049C
YPL248C	-	YAR002CA
YPL248C	+	YOR119C
YPL248C	-	YDR005C
YPL248C	-	YDR008C
YPL248C	+	YBR022W
YPL248C	-	YNR081W
YPL248C	-	YGR173W
YPL248C	-	YGR102C
YPL248C	-	YDR006C
YPL248C	-	YLR077W
YPL248C	+	YLR076C
YPL248C	-	YEL057C
YPL248C	+	YNL073W
YPL248C	-	YBR017C
YPL248C	-	YNL074C
YPL248C	-	YML053C
YPL248C	+	YBR212W
YPL248C	+	YPR158CD
YPR065W	+	YLR463C
YPR065W	+	YLR465C
YPR065W	+	YDR441C
YPR065W	-	YJL221C
YPR065W	-	YIR020WB
YPR065W	-	YEL040W
YPR065W	-	YIL056W
YPR065W	+	YPR202W
YPR065W	+	YOR107W
YPR065W	-	YER001W
YPR065W	+	YGR069W
YPR065W	+	YPR126C
YPR065W	-	YOL077WA
YPR065W	-	YHR094C
YPR065W	+	YJL105W
YPR065W	+	YGR238C
YPR065W	-	YCR102C
YPR065W	-	YMR152W
YPR065W	+	YMR151W
YPR065W	+	YIL012W
YPR065W	+	YML111W
YPR065W	+	YEL039C
YPR065W	-	YJR100C
YPR065W	+	YPR108WA
YPR065W	+	YML071C
YPR065W	-	YOR136W
YPR065W	+	YOR303W
YPR065W	-	YJL172W
YPR065W	-	YCR098C
YPR065W	+	YLL033W
YPR065W	-	YLL034C
YPR065W	+	YLL027W
YPR065W	-	YOR223W
YPR065W	-	YOR212W
YPR065W	+	YMR241W
YPR065W	-	YOL043C
YPR065W	-	YPL078C
YPR065W	-	YBR108W
YPR065W	-	YHR197W
YPR065W	+	YPR169W
YPR065W	-	YDL148C
YPR065W	-	YOL025W
YPR065W	+	YOL026C
YPR065W	+	YDL147W
YPR065W	-	YJR150C
YPR065W	-	YER007CA
YPR065W	+	YGL117W
YPR065W	-	YHR055C
YPR065W	+	YGR256W
YPR065W	-	YGR009C
YPR065W	-	YML055W
YPR065W	+	YPL012W
YPR065W	+	YML056C
YPR065W	+	YOL050C
YPR065W	-	YGR124W
YPR065W	+	YPR170C
YPR065W	+	YIL134CA
YPR065W	+	YOL146W
YPR065W	-	YPL061W
YPR065W	-	YMR103C
YPR065W	-	YHL012W
YPR065W	-	YJL012C
YPR065W	+	YIL015CA
YPR065W	-	YDR470C
YPR065W	-	YIL019W
YPR065W	-	YLR207W
YPR065W	-	YIL129C
YPR065W	+	YGR255C
YGL013C	+	YBL112C
YGL013C	-	YCR105W
YGL013C	+	YOL157C
YGL013C	+	YPL265W
YGL013C	+	YBR069C
YGL013C	-	YIL013C
YGL013C	+	YBL087C
YGL013C	-	YDR332W
YGL013C	-	YMR151W
YGL013C	-	YDR368W
YGL013C	-	YIL002WA
YGL013C	-	YML111W
YGL013C	+	YOR268C
YGL013C	-	YKL209C
YGL013C	+	YHR086WA
YGL013C	-	YMR241W
YGL013C	+	YGR091W
YGL013C	+	YHR197W
YGL013C	+	YDL148C
YGL013C	+	YMR240C
YGL013C	-	YDL147W
YGL013C	+	YOR381W
YGL013C	-	YEL054C
YGL013C	-	YER185W
YGL013C	-	YML056C
YGL013C	+	YDR406W
YGL013C	+	YAR068W
YGL013C	-	YGR038CB
YGL013C	+	YJL042W
YGL013C	-	YPR170C
YGL013C	-	YPL156C
YGL013C	-	YER074W
YGL013C	+	YDR470C
YGL013C	+	YLR207W
YGL013C	-	YDR471W
YGL013C	+	YIL134W
YGL013C	+	YIL129C
YKL109W	+	YCL067C
YKL109W	-	YNL338W
YKL109W	-	YDR543C
YKL109W	+	YPL283C
YKL109W	-	YCL066W
YKL109W	-	YEL001C
YKL109W	+	YOL077WA
YKL109W	+	YDR007W
YKL109W	-	YLR452C
YKL109W	-	YDL205C
YKL109W	+	YFL023W
YKL109W	-	YOR212W
YKL109W	+	YPR191W
YKL109W	-	YOR256C
YKL109W	+	YJR121W
YKL109W	-	YOR257W
YKL109W	-	YDL104C
YKL109W	-	YDR299W
YKL109W	-	YMR118C
YKL109W	-	YNL054WB
YKL109W	-	YOR204W
YKL109W	-	YJL059W
YKL109W	+	YPR190C
YKL109W	+	YBR182CA
YKL109W	-	YBR108W
YKL109W	-	YPL271W
YKL109W	-	YNL054WA
YKL109W	-	YNL055C
YKL109W	+	YPR020W
YKL109W	-	YLR390W
YKL109W	+	YKL141W
YKL109W	+	YDR298C
YKL109W	-	YPL272C
YKL109W	-	YFL026W
YKL109W	+	YDR322CA
YKL109W	+	YGR144W
YKL109W	+	YDL005C
YKL109W	+	YPR186C
YKL109W	+	YDR529C
YKL109W	+	YOL166C
YKL109W	+	YDL004W
YKL109W	+	YPR187W
YKL109W	-	YBL099W
YKL109W	+	YLR038C
YKL109W	-	YLR395C
YKL109W	+	YML091C
YKL109W	+	YJR079W
YKL109W	-	YJR078W
YKL109W	-	YHR050WA
YKL109W	+	YIL035C
YKL109W	+	YJR097W
YKL109W	-	YIL125W
YKL109W	-	YJL166W
YKL109W	-	YDR232W
YKL109W	+	YMR256C
YKL109W	+	YIL043C
YKL109W	-	YPR068C
YKL109W	-	YHR001WA
YKL109W	+	YGL193C
YKL109W	-	YKL148C
YKL109W	+	YDR148C
YKL109W	-	YDL230W
YKL109W	-	YBR039W
YKL109W	-	YGR107W
YKL109W	-	YLR212C
YJL056C	-	YJL055W
YJL056C	-	YHR146W
YBR182C	+	YDR543C
YBR182C	-	YLR463C
YBR182C	+	YCL065W
YBR182C	-	YOR178C
YBR182C	+	YNL288W
YBR182C	+	YKR106W
YBR182C	-	YPR126C
YBR182C	+	YHR081W
YBR182C	+	YHR030C
YBR182C	-	YLR162WA
YBR182C	-	YCR073C
YBR182C	-	YLR390WA
YBR182C	-	YEL050C
YBR182C	-	YPL060CA
YBR182C	-	YDR351W
YBR182C	+	YLR394W
YBR182C	-	YGL115W
YBR182C	-	YLR389C
YBR182C	+	YBL037W
YBR182C	-	YDR420W
YBR182C	+	YHR050W
YBR182C	-	YEL054C
YBR182C	-	YPL176C
YBR182C	-	YFL013WA
YBR182C	+	YKL186C
YBR182C	+	YDL061C
YBR182C	-	YDR418W
YBR182C	-	YNL115C
YBR182C	+	YNL113W
YOR113W	+	YDR210W
YGL162W	-	YMR258C
YGL162W	+	YHR194W
YGL162W	+	YIR020C
YGL162W	+	YCL065W
YGL162W	-	YIL171W
YGL162W	-	YEL069C
YGL162W	+	YMR011W
YGL162W	+	YDR343C
YGL162W	+	YML132W
YGL162W	+	YAL064W
YGL162W	-	YNL178W
YGL162W	+	YOR049C
YGL162W	+	YDR133C
YGL162W	+	YHR081W
YGL162W	-	YHR080C
YGL162W	+	YPL051W
YGL162W	+	YOL080C
YGL162W	+	YNL038W
YGL162W	+	YOR268C
YGL162W	-	YOL159C
YGL162W	-	YNL231C
YGL162W	+	YNL050C
YGL162W	-	YLR049C
YGL162W	+	YJL188C
YGL162W	-	YGR142W
YGL162W	+	YJR150C
YGL162W	+	YJL206C
YGL162W	+	YER092W
YGL162W	-	YPL012W
YGL162W	+	YPR006C
YGL162W	-	YGL056C
YGL162W	-	YIL135C
YGL162W	-	YGR248W
YGL162W	+	YPL024W
YGL162W	+	YER044C
YPL089C	+	YJR159W
YPL089C	-	YKL110C
YPL089C	+	YKL096W
YPL089C	-	YOR313C
YPL089C	-	YNL066W
YPL089C	-	YIR032C
YPL089C	-	YLR154C
YPL089C	+	YDR103W
YPL089C	+	YGL089C
YPL089C	-	YMR288W
YPL089C	+	YDR525W
YPL089C	+	YGR234W
YPL089C	+	YPL028W
YPL089C	+	YIL040W
YPL089C	-	YNR019W
YPL089C	-	YBR184W
YIR019C	+	YBR050C
YIR019C	+	YDR368W
YIR019C	-	YOR236W
YIR019C	-	YFL054C
YIR019C	+	YLR390WA
YIR019C	+	YPR198W
YIR019C	+	YDR420W
YIR019C	-	YIL113W
YIR019C	+	YDL060W
YIR019C	-	YDL061C
YIR019C	+	YEL024W
YDR043C	+	YDR111C
YDR043C	+	YDR436W
YDR043C	-	YAR031W
YDR043C	-	YIL098C
YDR043C	+	YGR143W
YDR043C	+	YIL097W
YDR043C	+	YER096W
YDR043C	-	YPR158W
YDR043C	-	YAL018C
YKL043W	+	YDL246C
YKL043W	-	YJL219W
YKL043W	+	YJL221C
YKL043W	-	YIL172C
YKL043W	+	YPR013C
YKL043W	+	YOR179C
YKL043W	-	YDL036C
YKL043W	-	YMR178W
YKL043W	-	YEL044W
YKL043W	+	YDR261C
YKL043W	+	YHL044W
YKL043W	+	YFR016C
YKL043W	-	YJR154W
YKL043W	+	YDL129W
YKL043W	-	YIR001C
YKL043W	-	YGR145W
YKL043W	-	YJL029C
YKL043W	+	YMR089C
YKL043W	+	YNL039W
YKL043W	-	YIL045W
YKL043W	-	YPR014C
YKL043W	-	YMR081C
YKL043W	+	YMR083W
YKL043W	-	YJR003C
YKL043W	+	YLR021W
YKL043W	-	YMR082C
YKL043W	+	YPR121W
YKL043W	-	YLR029C
YKL043W	+	YJR129C
YKL043W	-	YER038C
YKL043W	-	YMR015C
YKL043W	-	YPL025C
YER045C	+	YPL078C
YER045C	-	YHR001WA
YER045C	-	YEL077C
YMR016C	-	YDR041W
YMR016C	+	YPL283C
YMR016C	-	YMR013WA
YMR016C	-	YEL040W
YMR016C	+	YIL171W
YMR016C	+	YKR102W
YMR016C	+	YDR343C
YMR016C	+	YLL066C
YMR016C	-	YOR138C
YMR016C	+	YJR094WA
YMR016C	-	YGL158W
YMR016C	+	YKL096W
YMR016C	-	YHL016C
YMR016C	-	YKL044W
YMR016C	+	YOR107W
YMR016C	+	YKR105C
YMR016C	-	YAR009C
YMR016C	-	YER001W
YMR016C	-	YIR028W
YMR016C	+	YHL048W
YMR016C	-	YOR019W
YMR016C	-	YLR460C
YMR016C	-	YHL046C
YMR016C	-	YEL075C
YMR016C	-	YIL177C
YMR016C	+	YGR238C
YMR016C	+	YGL033W
YMR016C	+	YIL096C
YMR016C	+	YIL095W
YMR016C	+	YOL164W
YMR016C	-	YPL281C
YMR016C	+	YDL244W
YMR016C	+	YGL034C
YMR016C	+	YGR251W
YMR016C	-	YJR157W
YMR016C	+	YJL077C
YMR016C	+	YGL225W
YMR016C	+	YDR309C
YMR016C	-	YBL074C
YMR016C	+	YEL007W
YMR016C	-	YNL294C
YMR016C	+	YHL050C
YMR016C	-	YNL040W
YMR016C	-	YNL293W
YMR016C	+	YOR070C
YMR016C	+	YAR019C
YMR016C	-	YNL005C
YMR016C	-	YPL058C
YMR016C	+	YER048C
YMR016C	+	YJL173C
YMR016C	+	YLR262C
YMR016C	-	YLR342W
YMR016C	-	YIL173W
YMR016C	+	YMR315W
YMR016C	+	YEL011W
YMR016C	+	YNL018C
YMR016C	+	YGR244C
YMR016C	-	YHR202W
YMR016C	-	YOR352W
YMR016C	-	YHR073W
YMR016C	+	YAL061W
YMR016C	+	YNL150W
YMR016C	+	YLR187W
YMR016C	-	YMR205C
YMR016C	+	YDR517W
YMR016C	-	YHR013C
YMR016C	-	YNL265C
YMR016C	+	YCR024C
YMR016C	+	YMR321C
YMR016C	+	YML065W
YMR016C	+	YOR020C
YMR016C	+	YHR054C
YMR016C	+	YMR206W
YMR016C	-	YGL167C
YMR016C	-	YGR286C
YMR016C	+	YGR113W
YMR016C	+	YOL132W
YMR016C	+	YGR087C
YMR016C	+	YPR049C
YMR016C	+	YGL123W
YMR016C	-	YOR173W
YMR016C	+	YNL240C
YMR016C	+	YDL242W
YMR016C	-	YHR055C
YMR016C	+	YOR351C
YMR016C	-	YOR084W
YMR016C	-	YLR241W
YMR016C	-	YAR023C
YMR016C	+	YHR014W
YMR016C	-	YHL021C
YMR016C	+	YJR151C
YMR016C	+	YNL035C
YMR016C	-	YOR087W
YMR016C	-	YHR112C
YMR016C	+	YKL156W
YMR016C	+	YPL149W
YMR016C	+	YGR130C
YMR016C	-	YNL034W
YMR016C	+	YIR042C
YMR016C	-	YLR395C
YMR016C	-	YBR169C
YMR016C	-	YPR028W
YMR016C	-	YOR291W
YMR016C	+	YPR159CA
YMR016C	+	YDR122W
YMR016C	+	YGR132C
YMR016C	-	YOR310C
YMR016C	-	YCR017C
YMR016C	-	YCL063W
YMR016C	-	YKL124W
YMR016C	-	YER136W
YMR016C	+	YML004C
YMR016C	-	YNL283C
YMR016C	+	YBR202W
YMR016C	-	YNL302C
YMR016C	-	YKL090W
YMR016C	+	YEL077C
YMR016C	+	YDR098C
YMR016C	+	YJL222W
YMR016C	-	YJL223C
YMR016C	+	YEL065W
YMR016C	-	YPL024W
YJR094C	+	YER073W
YJR094C	+	YHR062C
YJR094C	-	YER044CA
YJR094C	-	YPR190C
YJR094C	-	YOR087W
YJR094C	+	YMR165C
YPL230W	-	YBR157C
YPL230W	+	YCR040W
YPL230W	-	YGL206C
YPL230W	+	YFL055W
YPL230W	-	YGL205W
YPL230W	+	YOR343CA
YPL230W	+	YPR159CA
YPL230W	-	YEL021W
YNL167C	+	YDR536W
YNL167C	+	YHR080C
YNL167C	-	YLR464W
YNL167C	+	YNL018C
YNL167C	+	YOL043C
YNL167C	-	YHR049W
YNL167C	-	YOR316CA
YNL167C	+	YKL155C
YNL167C	-	YHR096C
YNL167C	+	YIL135C
YNL167C	-	YJR006W
YMR070W	-	YBR019C
YMR070W	+	YOL085C
YMR070W	-	YOL084W
YMR070W	+	YKR003W
YMR070W	-	YMR106C
YMR070W	+	YBR097W
YMR070W	-	YPL061W
YMR070W	-	YFL020C
YMR070W	-	YEL065W
YOR140W	+	YMR173W
YOR140W	-	YPL051W
YOR140W	+	YMR056C
YOR140W	-	YGR271W
YOR140W	+	YGL089C
YOR140W	+	YMR169C
YOR140W	-	YOL122C
YOR140W	-	YOR082C
YOR140W	-	YBR234C
YOR140W	+	YJL079C
YOR140W	-	YNL173C
YOR140W	+	YPR158CC
YOR140W	+	YBL063W
YBR112C	-	YDR545W
YBR112C	-	YAL063C
YBR112C	-	YJR048W
YBR112C	-	YCR096C
YBR112C	+	YCR005C
YBR112C	+	YDR172W
YBR112C	+	YML058WA
YBR112C	-	YHR211W
YBR112C	-	YNR043W
YBR112C	+	YIL155C
YBR112C	+	YOL027C
YBR112C	-	YLR205C
YBR112C	-	YGR264C
YKL032C	-	YNL337W
YKL032C	-	YIL111W
YKL032C	+	YEL001C
YKL032C	+	YMR260C
YKL032C	-	YOR313C
YKL032C	-	YBR007C
YKL032C	+	YOR058C
YKL032C	+	YPL062W
YKL032C	-	YKR076W
YKL032C	-	YJR160C
YKL032C	-	YLR287C
YKL032C	-	YOR023C
YKL032C	-	YOR024W
YKL032C	-	YLL041C
YKL032C	+	YMR257C
YKL032C	-	YMR004W
YKL032C	+	YDR085C
YKL032C	+	YLR167W
YKL032C	-	YDR438W
YKL032C	-	YLR166C
YKL032C	-	YGR073C
YKL032C	+	YPR122W
YKL032C	-	YEL067C
YKL032C	+	YLR397C
YIR013C	-	YHL041W
YIR013C	+	YIR031C
YKL038W	-	YJR158W
YKL038W	+	YIR020WB
YKL038W	-	YMR011W
YKL038W	-	YPR196W
YKL038W	-	YOL121C
YKL038W	+	YDR134C
YKL038W	+	YHL015W
YKL038W	-	YER073W
YKL038W	+	YCR102C
YKL038W	+	YER108C
YKL038W	+	YOL080C
YKL038W	-	YKR076W
YKL038W	-	YJL008C
YKL038W	+	YKL120W
YKL038W	+	YPL058C
YKL038W	-	YOR108W
YKL038W	+	YCR096C
YKL038W	+	YLR267W
YKL038W	-	YOR303W
YKL038W	+	YCR020CA
YKL038W	+	YGR272C
YKL038W	+	YEL046C
YKL038W	-	YLL034C
YKL038W	-	YOR227W
YKL038W	+	YNL007C
YKL038W	-	YFR055W
YKL038W	+	YOR011WA
YKL038W	-	YGR269W
YKL038W	+	YNL151C
YKL038W	+	YHR175W
YKL038W	+	YOL013WB
YKL038W	-	YBR182CA
YKL038W	-	YML065W
YKL038W	-	YNL253W
YKL038W	-	YDR419W
YKL038W	-	YOR201C
YKL038W	-	YGL009C
YKL038W	+	YER086W
YKL038W	+	YJL192C
YKL038W	-	YPR063C
YKL038W	+	YGR093W
YKL038W	+	YLR354C
YKL038W	+	YLR368W
YKL038W	-	YKL001C
YKL038W	-	YGL184C
YKL038W	+	YHR207C
YKL038W	-	YNL035C
YKL038W	+	YIL014CA
YKL038W	+	YLL020C
YKL038W	-	YJR077C
YKL038W	+	YFL053W
YKL038W	-	YER153C
YKL038W	+	YGR133W
YKL038W	+	YER158C
YKL038W	-	YJR004C
YKL038W	+	YEL025C
YKL038W	+	YNL017C
YKL038W	-	YDR098C
YKL038W	+	YDR035W
YKL038W	+	YER145C
YKL038W	-	YOR272W
YML051W	-	YBR019C
YML051W	+	YDL151C
YML051W	+	YBR021W
YML051W	-	YLR051C
YOR028C	-	YER189W
YOR028C	+	YNL087W
YOR028C	+	YER046W
YOR028C	-	YDL214C
YOR028C	-	YML131W
YOR028C	+	YNL180C
YOR028C	+	YDR508C
YOR028C	+	YLL011W
YOR028C	-	YPR184W
YOR028C	-	YOL060C
YOR028C	+	YLR304C
YOR028C	+	YBR209W
YOR028C	-	YCL025C
YOR028C	+	YBR072W
YOR028C	-	YGR178C
YOR028C	+	YHL044W
YOR028C	+	YDR504C
YOR028C	+	YGR035WA
YOR028C	-	YDR338C
YOR028C	-	YJR154W
YOR028C	+	YDL129W
YOR028C	+	YOL133W
YOR028C	-	YDR505C
YOR028C	-	YJL029C
YOR028C	+	YPL165C
YOR028C	-	YOL135C
YOR028C	+	YMR090W
YOR028C	+	YJL028W
YOR028C	-	YLR001C
YOR028C	+	YNL039W
YOR028C	-	YIL045W
YOR028C	+	YLR264CA
YOR028C	+	YBR201W
YOR028C	-	YJR084W
YOR028C	-	YBR295W
YOR028C	+	YLL006WA
YOR028C	-	YPR014C
YOR028C	+	YPR022C
YOR028C	+	YPL171C
YOR028C	-	YGL006WA
YOR028C	+	YJL047CA
YOR028C	-	YOR316CA
YOR028C	-	YGR192C
YOR028C	+	YJR133W
YOR028C	-	YGR210C
YOR028C	+	YMR083W
YOR028C	-	YJR003C
YOR028C	+	YLR021W
YOR028C	-	YMR082C
YOR028C	-	YLR029C
YOR028C	-	YMR244CA
YOR028C	+	YJR129C
YOR028C	-	YER038C
YOR028C	-	YMR246W
YOR028C	+	YKL101W
YOR028C	-	YMR282C
YOR028C	+	YLR332W
YOR028C	+	YPR158CC
YOR028C	+	YLR034C
YOR028C	+	YJR132W
YOR028C	-	YMR320W
YMR172W	+	YNL336W
YMR172W	-	YPR013C
YMR172W	+	YNL037C
YMR172W	+	YKL132C
YMR172W	-	YOR174W
YMR172W	+	YML066C
YMR172W	+	YBL032W
YMR172W	-	YNR019W
YMR172W	-	YDR506C
YNL236W	+	YJR146W
YNL236W	+	YOR222W
YNL236W	+	YKL164C
YNL236W	+	YMR084W
YDR277C	+	YLR462W
YDR277C	+	YOR058C
YDR277C	+	YNL159C
YDR277C	+	YLR255C
YDR277C	-	YDR003W
YDR277C	+	YGL135W
YDR277C	+	YGL074C
YLR228C	-	YJR156C
YLR228C	+	YMR283C
YLR228C	+	YCL044C
YLR228C	-	YOR067C
YLR228C	-	YOR072W
YLR228C	+	YPL277C
YLR228C	-	YHR107C
YLR228C	+	YER023W
YLR228C	-	YDR268W
YLR228C	-	YPL161C
YLR228C	-	YBL092W
YLR228C	-	YDL175C
YOL089C	-	YNL339C
YOL089C	+	YPR109W
YOL089C	+	YML098W
YOL089C	-	YJR013W
YOL089C	+	YDR099W
YOL089C	+	YDR098CA
YOL089C	-	YDR067C
YOL089C	-	YPR156C
YOL089C	-	YCR108C
YOL089C	-	YCR102WA
YOL089C	+	YDL234C
YOL089C	-	YER134C
YOL089C	-	YGR136W
YML081W	-	YOR317W
YML081W	-	YNR049C
YML081W	+	YJR148W
YML081W	+	YLR466W
YML081W	-	YOR023C
YML081W	-	MAL61
YML081W	+	YAL012W
YML081W	-	YNL256W
YML081W	-	YIL035C
YML081W	+	YPR160W
YML081W	+	YPL274W
YLR451W	+	YCR019W
YLR451W	-	YMR136W
YLR451W	+	YLR154C
YLR451W	+	YJL198W
YLR451W	+	YLR355C
YLR451W	+	YHR218W
YLR451W	-	YLR356W
YLR451W	-	YLR162WA
YLR451W	-	YOR001W
YLR451W	-	YNL104C
YLR451W	-	YOR108W
YLR451W	-	YNL231C
YLR451W	-	YBR068C
YLR451W	+	YCR020CA
YLR451W	+	YCL018W
YLR451W	-	YKL118W
YLR451W	+	YLL004W
YLR451W	+	YMR228W
YLR451W	+	YLL005C
YLR451W	+	YPL198W
YLR451W	+	YGR190C
YLR451W	+	YDR125C
YLR451W	+	YOR011WA
YLR451W	+	YHR175W
YLR451W	-	YJR001W
YLR451W	+	YOL013WB
YLR451W	+	YJL130C
YLR451W	-	YOR201C
YLR451W	-	YMR063W
YLR451W	-	YJL191W
YLR451W	+	YPR002CA
YLR451W	+	YLR354C
YLR451W	+	YMR108W
YLR451W	+	YKL086W
YLR451W	-	YLL054C
YLR451W	-	YER092W
YLR451W	+	YPR027C
YLR451W	+	YHR207C
YLR451W	+	YHR208W
YLR451W	+	YML070W
YLR451W	+	YBR104W
YLR451W	+	YEL067C
YLR451W	-	YJL222W
YLR451W	+	YNL016W
YOR032C	+	YJR159W
YOR032C	-	YCR041W
YOR032C	+	YPL056C
YOR032C	-	YCR064C
YOR032C	-	YOR130C
YOR032C	+	YLR035C
YOR032C	-	YFL002WA
YOR032C	-	YEL002C
YOR032C	-	YFL002WB
YOR032C	+	YFL003C
YOR032C	-	YHR112C
YOR032C	+	YNL092W
YOR032C	+	YBL028C
YOR032C	-	YER136W
YOR032C	-	YBR133C
YBL103C	+	YCR018CA
YBL103C	+	YNL036W
YBL103C	-	YGL255W
YBL103C	+	YER002W
YBL103C	-	STA1
YBL103C	-	YLR130C
YBL103C	+	YDR522C
YBL103C	-	YCR097W
YBL103C	+	STA2
YBL103C	-	YJR109C
YBL103C	-	YDR127W
YBL103C	+	YDR079W
YBL103C	-	YHR018C
YBL103C	-	YLR267W
YBL103C	+	YDR078C
YBL103C	-	YER069W
YBL103C	+	YEL050C
YBL103C	+	YPR038W
YBL103C	+	YEL071W
YBL103C	+	YPL137C
YBL103C	+	YLR082C
YBL103C	-	YKL067W
YBL103C	-	YPR198W
YBL103C	-	YNR001C
YBL103C	-	YMR227C
YBL103C	+	YMR228W
YBL103C	+	YLL005C
YBL103C	+	YGR218W
YBL103C	-	YHR162W
YBL103C	-	YEL010W
YBL103C	-	YMR135WA
YBL103C	+	YAL062W
YBL103C	-	YDR540C
YBL103C	-	YCR090C
YBL103C	+	YPL124W
YBL103C	-	YDL013W
YBL103C	+	YLR316C
YBL103C	+	YCR095C
YBL103C	+	YDL044C
YBL103C	+	YER129W
YBL103C	-	YLR140W
YBL103C	+	YDR519W
YBL103C	+	YDR483W
YBL103C	+	YDR482C
YBL103C	+	YDR058C
YLR266C	+	YOR318C
YLR266C	-	YPL014W
YLR266C	+	YLR285W
YIR023W	+	YDL210W
YIR023W	-	YIR028W
YIR023W	+	YBR208C
YIR023W	+	YDR508C
YIR023W	-	YLR412CA
YIR023W	+	YMR195W
YIR023W	+	YDL171C
YIR023W	-	YJR109C
YIR023W	+	YIR027C
YIR023W	+	YBR209W
YIR023W	+	YDR099W
YIR023W	+	YOR221C
YIR023W	+	YDL237W
YIR023W	+	YBR043C
YIR023W	-	YLR094C
YIR023W	-	YDR047W
YIR023W	-	YDR098CB
YIR023W	-	YLR110C
YIR023W	-	YLR031W
YIR023W	+	YGL203C
YIR023W	-	YDL236W
YIR023W	-	YGR055W
YIR023W	-	YGR018C
YIR023W	-	YLL032C
YIR023W	+	YJL133W
YIR023W	+	YGR120C
YIR023W	-	YGR155W
YIR033W	+	YAL063C
YIR033W	-	YML133C
YIR033W	+	YOR047C
YIR033W	+	YMR150C
YIR033W	+	YPR060C
YIR033W	-	YLR294C
YIR033W	-	YCL018W
YIR033W	+	YCL012W
YIR033W	+	YLR454W
YIR033W	-	YHR195W
YLR113W	-	YCR039C
YLR113W	-	YNR050C
YLR113W	-	YHL048W
YLR113W	-	YDL168W
YLR113W	-	YOR153W
YLR113W	+	YGL261C
YLR113W	-	YOR130C
YLR113W	-	YHR218W
YLR113W	-	YNL002C
YLR113W	-	YNL006W
YLR113W	+	YOR102W
YLR113W	-	YLL062C
YLR113W	-	YAR002CA
YLR113W	+	YCR104W
YLR113W	+	YNL150W
YLR113W	-	YHR013C
YLR113W	+	YBR266C
YLR113W	-	YOR120W
YLR113W	-	YFL026W
YLR113W	+	YGR209C
YLR113W	-	YDL125C
YLR113W	-	YGL236C
YLR113W	+	YDR416W
YLR113W	+	YKL211C
YLR113W	+	YER011W
YLR113W	+	YEL073C
YLR113W	-	YPR123C
YOL116W	+	YBL029CA
YOL116W	+	YNL028W
YOL116W	+	YPR022C
YOL067C	-	YBL097W
YOL067C	-	YPR155C
YOL067C	+	YDR323C
YDR463W	+	YHR193C
YDR463W	+	YIL175W
YDR463W	-	YDR510W
YDR463W	-	YNL005C
YDR463W	+	YDR079W
YDR463W	-	YDR434W
YDR463W	-	YJR152W
YDR463W	-	YKR038C
YDR463W	-	YMR227C
YDR463W	+	YLR261C
YDR463W	+	YPL216W
YDR463W	-	YDL181W
YDR463W	-	YCL012W
YDR463W	+	YDR047W
YDR463W	+	YFL023W
YDR463W	-	YDR494W
YDR463W	-	YPL059W
YDR463W	+	YKL086W
YDR463W	-	YGR283C
YDR463W	+	YLR046C
YDR463W	+	YJR078W
YDR463W	+	YNL092W
YDR463W	+	YGR171C
YDR463W	-	YNL267W
YDR463W	-	YPL175W
YDR463W	-	YPL249CA
YDR463W	-	YPL268W
YDR463W	+	YJR123W
YDR463W	+	YKL161C
YDR463W	+	YGL247W
YHR006W	+	YGL001C
YHR006W	+	YMR017W
YHR006W	-	YKL044W
YHR006W	-	YDR345C
YHR006W	+	YMR173WA
YHR006W	-	YLR296W
YHR006W	+	YLR142W
YHR006W	-	YGR071C
YHR006W	+	YDR102C
YHR006W	+	YLR466W
YHR006W	+	YER013W
YHR006W	+	YLR035C
YHR006W	-	YFL017C
YHR006W	-	YLR374C
YHR006W	-	YFL002WA
YHR006W	-	YLR187W
YHR006W	-	YEL002C
YHR006W	+	YDR101C
YHR006W	+	YBL037W
YHR006W	+	YKR054C
YHR006W	-	YBR040W
YHR006W	-	YFL002WB
YHR006W	+	YFL003C
YHR006W	+	YHR005CA
YHR006W	+	YJR077C
YHR006W	+	YER153C
YHR006W	+	YGR132C
YHR006W	-	YKL124W
YHR006W	+	YPL015C
YHR006W	-	YBR133C
YHR006W	+	YER145C
YHR006W	+	YJR049C
YHR006W	+	YNL251C
YDR034C	+	YPL111W
YDR034C	-	YIL056W
YDR034C	-	YGR067C
YDR034C	+	YIL164C
YDR034C	-	YHR023W
YDR034C	-	YNL130C
YDR034C	-	YGR271CA
YDR034C	-	YJR016C
YDR034C	+	YDR129C
YDR034C	-	YBR162C
YDR034C	+	YPR108WA
YDR034C	-	YNL129W
YDR034C	+	YJR110W
YDR034C	+	YNL001W
YDR034C	+	YDR046C
YDR034C	-	YIR034C
YDR034C	+	YDL154W
YDR034C	-	YGR190C
YDR034C	-	YOR275C
YDR034C	-	YDR125C
YDR034C	-	YFR055W
YDR034C	+	YPL264C
YDR034C	+	YJR001W
YDR034C	+	YML103C
YDR034C	+	YOR203W
YDR034C	-	YJL130C
YDR034C	+	YDL054C
YDR034C	+	YMR063W
YDR034C	-	YGR055W
YDR034C	+	YJL191W
YDR034C	+	YDR533C
YDR034C	+	YCR023C
YDR034C	-	YBL102W
YDR034C	+	YGL026C
YDR034C	-	YGR267C
YDR034C	-	YBR256C
YDR034C	-	YJR028W
YDR034C	+	YDR244W
YDR034C	+	YPR160W
YDR034C	+	YCR053W
YDR034C	+	YBR250W
YDR034C	-	YML070W
YDR034C	-	YOL152W
YDR034C	+	YGL180W
YDR034C	-	YBR104W
YDR034C	-	YNL124W
YDR034C	+	YBR144C
YDR081C	-	YDR544C
YDR081C	-	YJL107C
YDR081C	+	YHR043C
YDR081C	+	YJL076W
YDR081C	-	YDL151C
YDR081C	+	YDR278C
YDR081C	+	YKL103C
YDR081C	+	YLR257W
YDR081C	+	YCL014W
YDR081C	-	YBL104C
YDR081C	+	YDR068W
YDR081C	-	YDL180W
YDR081C	+	YOR073W
YDR081C	-	YAL001C
YDR081C	+	YDR494W
YDR081C	-	YLR322W
YDR081C	+	YDR074W
YDR081C	-	YBR040W
YDR081C	-	YLR022C
YDR081C	-	YKL155C
YDR081C	-	YLR046C
YDR081C	+	YPL041C
YDR081C	+	YNL235C
YDR081C	-	YER091CA
YDR081C	+	YBR102C
YDR081C	-	YPL250C
YDR081C	+	YOR048C
YDR081C	+	YGL011C
YKL062W	+	YER189W
YKL062W	-	YLR467W
YKL062W	+	YIL170W
YKL062W	-	YDR473C
YKL062W	-	YPR039W
YKL062W	+	YLR302C
YKL062W	-	YDR098CA
YKL062W	-	YDR102C
YKL062W	-	YFR053C
YKL062W	-	YBR166C
YKL062W	-	YJL225C
YKL062W	-	YHR086WA
YKL062W	-	YBL108CA
YKL062W	+	YKR066C
YKL062W	+	YDR354W
YKL062W	+	YMR170C
YKL062W	+	YHL038C
YKL062W	-	YJR118C
YKL062W	+	YDR353W
YKL062W	+	YER103W
YKL062W	+	YHR104W
YKL062W	+	YDR484W
YKL062W	-	YLL063C
YKL062W	+	YML057W
YKL062W	+	YHR034C
YKL062W	-	YHR035W
YKL062W	+	YOR228C
YKL062W	+	YPL146C
YKL062W	+	YBR074W
YKL062W	+	YBR244W
YKL062W	-	YBR243C
YKL062W	+	YDR457W
YKL062W	-	YJL098W
YKL062W	-	YCR037C
YKL062W	-	YMR251WA
YKL062W	-	YML028W
YKL062W	+	YBR255W
YKL062W	-	YGR192C
YKL062W	-	YIL011W
YKL062W	+	YDR228C
YKL062W	-	YNL135C
YKL062W	-	YBR249C
YKL062W	+	YBL099W
YKL062W	-	YMR050C
YKL062W	-	YBR054W
YKL062W	+	YIL051C
YKL062W	-	YPL150W
YKL062W	+	YDR061W
YKL062W	-	YPL151C
YKL062W	+	YMR051C
YKL062W	+	YER037W
YKL062W	-	YDR229W
YKL062W	+	YDR145W
YKL062W	+	YBR117C
YKL062W	-	YNL160W
YKL062W	-	YML125C
YKR067W	-	YGR233C
YKR067W	-	YGL055W
YDR073W	-	YML115C
YDR073W	+	YBR166C
YDR073W	-	YMR170C
YDR073W	-	YML057W
YDR073W	-	YDR435C
YDR073W	-	YDR228C
YDR073W	+	YMR050C
YDR073W	-	YIL051C
YDR073W	+	YEL068C
YDR073W	-	YOR343CA
YDR073W	+	YDR229W
YDR073W	+	YER066CA
YDR073W	+	YML125C
YGR040W	-	YGL158W
YGR040W	+	YKR039W
YGR040W	-	YGL059W
YGR040W	+	YDR126W
YGR040W	+	YDR419W
YGR040W	+	YBR114W
YGR040W	+	YDR453C
YGR040W	+	YBR137W
YGR040W	+	YPR064W
YGR040W	+	YGR161C
YMR037C	-	YBL109W
YMR037C	+	YML116W
YMR037C	-	YBL044W
YMR037C	-	YMR172CA
YMR037C	+	YDR495C
YMR037C	+	YDR210WD
YMR037C	+	YGR072W
YMR037C	-	YMR178W
YMR037C	-	YDR098CB
YMR037C	+	YDR067C
YMR037C	+	YDL182W
YMR037C	-	YJL188C
YMR037C	-	YMR086CA
YMR037C	+	YLR277C
YMR037C	+	YLR053C
YMR037C	+	YHR088W
YMR037C	+	YAL062W
YMR037C	+	YMR137C
YMR037C	+	YLL024C
YMR037C	+	YJR118C
YMR037C	+	YDR353W
YMR037C	-	YER103W
YMR037C	-	YCL040W
YMR037C	-	YDR484W
YMR037C	-	YOR018W
YMR037C	-	YKL036C
YMR037C	-	YER077C
YMR037C	+	YDR013W
YMR037C	-	YKL070W
YMR037C	+	YFL012W
YMR037C	+	YJL164C
YMR037C	-	YLR164W
YMR037C	+	YLR163C
YMR037C	+	YFL013C
YMR037C	+	YNL158W
YMR037C	+	YBR244W
YMR037C	+	YBR243C
YMR037C	+	YDR132C
YMR037C	+	YAL005C
YMR037C	-	YKL087C
YMR037C	+	YLR108C
YMR037C	-	YML008C
YMR037C	+	YGL231C
YMR037C	+	YOR043W
YMR037C	+	YLR258W
YMR037C	-	YEL038W
YMR037C	-	YDR438W
YMR037C	+	YGR211W
YMR037C	+	YLR111W
YMR037C	-	YKL037W
YMR037C	-	YKL035W
YMR037C	-	YBR085CA
YMR037C	-	YNL155W
YMR037C	+	YNL156C
YMR037C	+	YKL019W
YMR037C	+	YNR041C
YMR037C	+	YDR492W
YMR037C	+	YEL034W
YMR037C	-	YEL035C
YMR037C	-	YIL155C
YMR037C	-	YPL218W
YMR037C	+	YER053C
YMR037C	+	YML126C
YMR037C	-	YEL033W
YMR037C	-	YKR046C
YMR037C	-	YHR190W
YMR037C	+	YMR220W
YMR037C	-	YLR153C
YMR037C	+	YGL193C
YMR037C	+	YMR134W
YMR037C	-	YDR233C
YMR037C	-	YLR256WA
YMR037C	-	YKL052C
YMR037C	+	YDR171W
YMR037C	-	YAL060W
YMR037C	-	YKL051W
YMR037C	-	YNL160W
YMR037C	+	YDR052C
YMR037C	+	YIR002C
YMR037C	+	YGR049W
YMR037C	-	YKL152C
YMR037C	+	YDR033W
YMR037C	+	YBR168W
YMR037C	+	YFL041W
YKR064W	-	YDR473C
YKR064W	-	YPL062W
YKR064W	+	YBR162WA
YKR064W	+	YDR319C
YKR064W	+	YJR061W
YKR064W	-	YBR008C
YKR064W	+	YDR457W
YKR064W	-	YBR114W
YKR064W	+	YPR200C
YKR064W	-	YOR082C
YKR064W	+	YLR020C
YKR064W	-	YML048WA
YKR064W	-	YHR113W
YKR064W	+	YDR003W
YKR064W	-	YGR155W
YKR064W	-	YIR030C
YGR089W	-	YOL159C
YGR089W	+	YLR450W
YGR089W	-	YPL278C
YEL056W	+	YBR018C
YEL056W	+	YDR011W
YEL056W	+	YLR392C
YEL056W	-	YOR119C
YEL056W	+	YDR417C
YEL056W	-	YDL019C
YEL056W	-	YBR099C
YEL056W	+	YPR148C
YEL056W	-	YLL019C
YEL056W	-	YBR204C
YIL010W	+	YDL168W
YIL010W	-	YNR069C
YIL010W	-	YJR047C
YIL010W	+	YOR271C
YPL270W	+	YAR009C
YPL270W	+	YBR006W
YPL270W	+	YGR071C
YPL270W	+	YHR087W
YPL270W	+	YNL007C
YPL270W	-	YDR493W
YPL270W	-	YER090W
YPL270W	+	YMR282C
YOR025W	-	YPR145W
YOR025W	+	YCR083W
YOR025W	+	YDR358W
YML102W	+	YBL113C
YML102W	+	YOR050C
YML102W	+	YEL074W
YML102W	+	YJL077C
YML102W	-	YCR040W
YML102W	-	YHR133C
YML102W	-	YOR310C
YML102W	-	YFR045W
YOR229W	-	YOR236W
YOR229W	-	YDR010C
YOR229W	-	YDR004W
YOR229W	+	YGR088W
YOR229W	-	YLR297W
YOR229W	+	YMR259C
YOR230W	+	YLR048W
YOR230W	+	YDR210W
YOR230W	+	YLR112W
YOR230W	+	YDR065W
YOR230W	-	YPR062W
YOR230W	+	YOL122C
YOR230W	-	YMR287C
YOR230W	+	YDR524WA
YOR230W	-	YEL052W
YOR230W	-	YOR120W
YOR230W	+	YOR267C
YOR230W	-	YDL243C
YOR230W	-	YDR357C
YOR230W	-	YAR071W
YOR230W	-	YGL135W
YOR230W	-	YGL260W
YML007W	-	YLR450W
YML007W	+	YDL183C
YML007W	-	YOL118C
YML007W	+	YDR308C
YML007W	-	YLR043C
YML007W	-	YLL058W
YML007W	+	YDR307W
YML007W	+	YAR070C
YML007W	+	YLL059C
YML007W	-	YOR042W
YBR275C	-	YOR050C
YBR275C	+	YDR345C
YBR275C	+	YOR355W
YBR275C	+	YPR144C
YBR275C	+	YLR074C
YBR275C	+	YMR265C
YBR275C	+	YAR071W
YDR423C	+	YKL154W
YDR423C	-	YCL026CA
YBL008W	-	YDL198C
YBL008W	+	YGL134W
YBL008W	-	YJL175W
YBL008W	+	YKL071W
YBL008W	-	YPL112C
YBL008W	-	YLR390W
YBL008W	+	YLR109W
YOL028C	-	YEL070W
YOL028C	+	YJL088W
YOL028C	-	YHR179W
YOL028C	+	YLR023C
YOL028C	-	YLR460C
YOL028C	+	YLL052C
YOL028C	-	YLL053C
YOL028C	+	YJR103W
YOL028C	+	YJR102C
YOL028C	+	YCL074W
YOL028C	-	YIR005W
YOL028C	-	YNL311C
YOL028C	+	YOL058W
YOL028C	-	YOL119C
YOL028C	+	YGL097W
YOL028C	+	YPL170W
YOL028C	-	YGR209C
YOL028C	+	YJL203W
YOL028C	-	YLR022C
YOL028C	-	YDL239C
YOL028C	-	YLL060C
YOL028C	-	YKR071C
YOL028C	-	YHR134W
YOL028C	+	YOR008C
YOL028C	+	YDR137W
YOL028C	+	YPL091W
YOL028C	-	YDL204W
YOL028C	-	YHR111W
YOL028C	+	YMR119W
YOL028C	+	YER185W
YOL028C	-	YBR047W
YOL028C	+	YDL243C
YOL028C	-	YDR341C
YOL028C	-	YBR046C
YOL028C	+	YDR486C
YOL028C	-	YGR011W
YOL028C	-	YMR318C
YOL028C	+	YMR031WA
YOL028C	+	YML086C
YOL028C	+	YLR193C
YOL028C	+	YMR316CB
YOL028C	-	YBR174C
YOL028C	-	YBR176W
YOL028C	+	YPR085C
YOL028C	+	YNL249C
YOL028C	-	YDL233W
YOL028C	-	YDR182W
YOL028C	+	YFL056C
YOL028C	+	YGR009C
YOL028C	-	YGR010W
YOL028C	+	YGR039W
YOL028C	-	YKR044W
YOL028C	-	YKL157W
YOL028C	+	YDL124W
YOL028C	-	YDR361C
YOL028C	-	YER148W
YOL028C	-	YLR254C
YOL028C	-	YPR118W
YOL028C	-	YNL212W
YOL028C	+	YML007CA
YOL028C	-	YGR015C
YOL028C	+	YJR027W
YOL028C	-	YBL027W
YOL028C	-	YHR191C
YOL028C	-	YER147C
YOL028C	-	YJR122W
YOL028C	+	YNL261W
YOL028C	-	YKR043C
YOL028C	-	YER141W
YOL028C	-	YKR047W
YOL028C	-	YKR061W
YOL028C	+	YNL174W
YOL028C	-	YOR163W
YOL028C	-	YNL268W
YDR181C	-	YGL097W
YDR181C	-	YPR141C
YDR181C	+	YNL253W
YDR181C	+	YPL276W
YDR181C	+	YDR135C
YDR181C	+	YKR052C
YDR181C	+	YHR133C
YDR181C	-	YPL091W
YDR181C	+	YHR111W
YDR181C	-	YPR085C
YDR181C	-	YLR298C
YDR181C	+	YDR182W
YDR181C	-	YGR039W
YDR181C	+	YPR118W
YDR181C	+	YNL213C
YDR181C	+	YOR163W
YDR181C	-	YML003W
YPR086W	+	YER190W
YPR086W	+	YDR545W
YPR086W	+	YAR050W
YPR086W	-	YNL134C
YPR086W	+	YHR156C
YPR086W	+	YLL060C
YPR086W	-	YKL040C
YPR086W	+	YMR119WA
YPR086W	+	YDL218W
YPR086W	+	YHR192W
YPR086W	+	YBR167C
YNL103W	-	YEL063C
YNL103W	-	YMR014W
YNL103W	+	YEL062W
YNL103W	-	YNL065W
YNL103W	+	YOR269W
YNL103W	+	YOL078W
YNL103W	+	YBR162C
YNL103W	-	YML071C
YNL103W	+	YLL004W
YNL103W	-	YPR156C
YNL103W	-	YLL009C
YNL103W	-	YPL264C
YNL103W	-	YDL054C
YNL103W	+	YDR167W
YNL103W	+	YLR179C
YNL103W	+	YAL012W
YNL103W	+	YNL277WA
YNL103W	+	YEL047C
YNL103W	-	YLL025W
YNL103W	+	YGR256W
YNL103W	+	YDR226W
YNL103W	-	YGR084C
YNL103W	+	YGL184C
YNL103W	+	YPL028W
YNL103W	+	YPR185W
YNL103W	+	YGR131W
YNL103W	+	YOL049W
YNL103W	-	YML048WA
YNL103W	+	YER142C
YNL103W	-	YDR244W
YNL103W	-	YLR067C
YNL103W	-	YJR010W
YNL103W	-	YAR047C
YNL103W	+	YML075C
YNL103W	+	YNL277W
YNL103W	-	YOR389W
YNL103W	+	YNL017C
YNL103W	-	YIL019W
YNL103W	+	YML003W
YNL103W	-	YJL157C
YNL103W	+	YNL016W
YNL103W	-	YLR301W
YNL103W	+	YNL251C
YLR453C	+	YHR007C
YLR453C	-	YGR250C
YLR453C	-	YJL108C
YLR453C	+	YKR004C
YLR453C	+	YHR201C
YLR453C	-	YLR318W
YLR453C	-	YJL100W
YLR453C	-	YLR454W
YLR453C	-	YHR113W
YLR453C	-	YJL166W
YLR453C	+	YOR031W
YLR357W	+	YIL162W
YLR357W	+	YCR064C
YLR357W	+	YLR081W
YLR357W	-	YHL045W
YLR357W	+	YAR002W
YLR357W	+	YHR043C
YLR357W	+	YDL034W
YLR357W	-	YDL036C
YLR357W	-	YGL134W
YLR357W	-	YPR194C
YLR357W	+	YAR003W
YLR357W	+	YDR005C
YLR357W	+	YDR008C
YLR357W	+	YGR172C
YLR357W	+	YGR103W
YLR357W	-	YBR022W
YLR357W	+	YLR080W
YLR357W	+	YNR081W
YLR357W	+	YGR173W
YLR357W	-	MEL1
YLR357W	-	YDR491C
YLR357W	-	YNL105W
YLR357W	-	YLR076C
YLR357W	-	YBR021W
YLR357W	+	YEL057C
YLR357W	-	YLR075W
YLR357W	+	YDL230W
YOR290C	-	YHL049C
YOR290C	+	YKR105C
YOR290C	+	YGR146C
YOR290C	-	YNR069C
YOR290C	-	YIR041W
YOR290C	+	YDL205C
YOR290C	-	YHR073W
YOR290C	-	YEL052W
YOR290C	-	YFL014W
YOR290C	+	YDL044C
YOR290C	-	YDR085C
YOR290C	+	YPR161C
YOR290C	-	YOR048C
YHR206W	-	YEL066W
YHR206W	+	YBR157C
YHR206W	+	YBR158W
YHR206W	+	YLR125W
YHR206W	+	YCR073WA
YHR206W	-	YLR294C
YHR206W	+	YBR068C
YHR206W	+	YER048C
YHR206W	+	YPL217C
YHR206W	+	YBR115C
YHR206W	-	YHR161C
YHR206W	-	YMR087W
YHR206W	+	YMR018W
YHR206W	+	YGR237C
YHR206W	+	YDR524WA
YHR206W	-	YAR031W
YHR206W	+	YNR070W
YHR206W	+	YKR054C
YHR206W	+	YOR267C
YHR206W	-	YMR251WA
YHR206W	-	YOR208W
YHR206W	+	YLR258W
YHR206W	+	YAR029W
YHR206W	-	YAR070C
YHR206W	+	YOR273C
YHR206W	-	YNL217W
YHR206W	-	YBR282W
YHR206W	+	YOR274W
YHR206W	-	YBR054W
YHR206W	-	YJR079W
YHR206W	-	YIR018CA
YHR206W	+	YIL050W
YHR206W	-	YKL035W
YHR206W	-	YNL015W
YHR206W	-	YMR252C
YHR206W	+	YER149C
YHR206W	-	YNL071W
YHR206W	-	YBR032W
YHR206W	+	YPR161C
YHR206W	-	YDR358W
YHR206W	+	YHR004C
YHR206W	+	YLL018CA
YHR206W	-	YER154W
YHR206W	+	YOR207C
YHR206W	-	YER152C
YHR206W	-	YER150W
YHR206W	+	YLR253W
YHR206W	+	YGR138C
YHR206W	+	YLR414C
YHR206W	-	YBR085CA
YHR206W	+	YGR016W
YHR206W	+	YNL098C
YHR206W	+	YGR140W
YHR206W	+	YNL014W
YHR206W	-	YNL234W
YHR206W	+	YOR349W
YHR206W	+	YIL114C
YHR206W	-	YNL170W
YHR206W	+	YOR343CB
YHR206W	+	YHR002W
YHR206W	+	YDL006W
YHR206W	+	YNL172W
YHR206W	+	YER011W
YHR206W	-	YDR525WA
YHR206W	-	YGL055W
YHR206W	+	YGL007W
YHR206W	+	YGR086C
YHR206W	-	YEL017W
YHR206W	-	YNR014W
YHR206W	-	YEL021W
YHR206W	-	YEL017CA
YHR206W	-	YIL115C
YHR206W	-	YPL025C
YBR066C	-	YLR296W
YBR066C	+	YPR191W
YBR066C	+	YHR025W
YBR066C	+	YDL183C
YBR066C	-	YPR168W
YBR066C	+	YJL052W
YBR195C	-	YDL245C
YBR195C	+	YJL219W
YBR195C	+	YMR014W
YBR195C	+	YIL118W
YBR195C	-	YHL016C
YBR195C	+	YNL178W
YBR195C	+	YDR089W
YBR195C	+	YHR047C
YBR195C	+	YFL004W
YBR195C	+	YPR184W
YBR195C	+	YJL217W
YBR195C	-	YMR098C
YBR195C	+	YLL053C
YBR195C	+	YCL074W
YBR195C	-	YDR278C
YBR195C	+	YNL143C
YBR195C	-	YLR304C
YBR195C	-	YPR038W
YBR195C	-	YDL215C
YBR195C	+	YDR090C
YBR195C	-	YKL103C
YBR195C	+	YBL042C
YBR195C	+	YEL046C
YBR195C	+	YLR094C
YBR195C	-	YOL057W
YBR195C	+	YPR124W
YBR195C	-	YGR142W
YBR195C	+	YHR087W
YBR195C	-	YER062C
YBR195C	+	YLR138W
YBR195C	-	YGL203C
YBR195C	+	YDL236W
YBR195C	+	YDL019C
YBR195C	-	YOR284W
YBR195C	-	YDL047W
YBR195C	-	YOR376W
YBR195C	-	YDL155W
YBR195C	+	YDR453C
YBR195C	+	YPR167C
YBR195C	+	YEL047C
YBR195C	+	YNL070W
YBR195C	-	YGR131W
YBR195C	+	YAR029W
YBR195C	-	YOL050C
YBR195C	-	YOL125W
YBR195C	+	YIR018CA
YBR195C	+	YPR149W
YBR195C	-	YNL071W
YBR195C	-	YGR015C
YBR195C	-	YER158C
YBR195C	+	YLR027C
YBR195C	+	YGL038C
YBR195C	-	YHR053C
YBR195C	-	YLR410WA
YBR195C	+	YOR180C
YBR195C	+	YMR300C
YBR195C	-	YFR024CA
YBR195C	+	YLR410WB
YBR195C	-	YER146W
YBR195C	-	YGR176W
YBR195C	-	YFL043C
YBR195C	-	YJR135C
YNL309W	-	YPR048W
YNL309W	+	YDR357C
YDR520C	+	YLR257W
YDR520C	-	YDL152W
YDR520C	-	YLR277C
YDR520C	-	YBR012C
YDR520C	+	YOL115W
YDR520C	+	YLR288C
YDR520C	-	YLR289W
YDR520C	+	YHR128W
YDR520C	-	YER037W
YDR520C	+	YER036C
YOR304W	-	YCR107W
YOR304W	-	YGL259W
YOR304W	-	YAL064CA
YOR304W	+	YOR317W
YOR304W	-	YBL042C
YOR304W	-	YJL085W
YOR304W	-	YDR068W
YOR304W	+	YGR282C
YOR304W	-	YLR393W
YOR304W	+	YOL025W
YOR304W	-	YCR037C
YOR304W	+	YGR234W
YOR304W	+	YKR056W
YOR304W	+	YIL113W
YOR304W	-	YLR410WB
YOR304W	+	YIL133C
YIL038C	-	YPR127W
YIL038C	-	YOL023W
YIL038C	+	YNR049C
YIR017C	-	YDL149W
YIR017C	-	YMR126C
YIR017C	-	YOR339C
YIR017C	-	YLR067C
YIR017C	-	YLR068W
YIR017C	-	YJR010W
YIR017C	+	YNL082W
YIR017C	-	YDR144C
YIR017C	-	YDR145W
YNL257C	-	YBL113C
YNL257C	+	YJL216C
YNL257C	-	YEL075C
YNL257C	+	YOR153W
YNL257C	-	YPR035W
YNL257C	-	MAL61
YNL257C	+	YJR112W
YNL257C	-	YLL016W
YNL257C	+	YML004C
YNL257C	+	YPL268W
YJL089W	+	YGL156W
YJL089W	+	YHL050C
YJL089W	-	YFL054C
YJL089W	+	YBL041W
YJL089W	-	YIR031C
YJL089W	-	YAL003W
YJL089W	+	YJR010CA
YJL089W	+	YLR109W
YJL089W	-	YKR098C
YJL089W	-	YML089C
YJL089W	+	YOL079W
YJL089W	+	YBR053C
YJL089W	-	YJR004C
YJL089W	-	YLR308W
YJL089W	+	YLR128W
YJL089W	+	YLR127C
YJL089W	-	YGL230C
YJL089W	-	YLR430W
YJL089W	-	YGR176W
YJL089W	-	YBR184W
YMR280C	+	YBR126C
YMR280C	+	YNL137C
YMR280C	-	YJL031C
YMR280C	-	YBL033C
YMR280C	-	YER065C
YMR280C	-	YLR308W
YMR280C	+	YLR128W
YMR280C	-	YJR095W
YMR280C	-	YNL116W
YMR280C	-	YGL230C
YMR280C	+	YLR309C
YMR280C	-	YNL117W
YMR280C	-	YLR430W
YGL166W	+	YJR011C
YGL166W	-	YMR017W
YGL166W	+	YNL087W
YGL166W	+	YDR516C
YGL166W	+	YPL281C
YGL166W	-	YJR103W
YGL166W	-	YER033C
YGL166W	+	YMR088C
YGL166W	+	YLR342W
YGL166W	+	YMR020W
YGL166W	+	YFR057W
YGL166W	+	YPR002CA
YGL166W	-	YGL118C
YGL166W	-	YDR525WA
YGL166W	+	YHR053C
YGL166W	-	YNL277W
YGL166W	-	YNR076W
YGL166W	-	YBR202W
YGL166W	+	YOR031W
YBR103W	-	YHR007C
YBR103W	+	YMR171C
YBR103W	-	YPR040W
YBR103W	-	YOL057W
YBR103W	-	YOR102W
YBR103W	-	YGL262W
YBR103W	+	YOL166C
YBR103W	+	YNL193W
YBR103W	-	YOR396W
YBR103W	-	YBR206W
YBR103W	+	YBR205W
YJR127C	+	YGL033W
YJR127C	+	YAL061W
YJR127C	-	YMR205C
YJR127C	+	YBR177C
YJR127C	+	YOR020C
YJR127C	+	YGR102C
YJR127C	-	YGL167C
YJR127C	-	YOR173W
YJR127C	-	YKL001C
YJR127C	+	YPL149W
YJR127C	+	YOL109W
YJR127C	-	YOR291W
YJR127C	-	YPL175W
YJR127C	-	YKL090W
YJR127C	-	YDR506C
YIL122W	+	YCL024W
YIL122W	+	YLL026W
YIL122W	-	YPR001W
YIL122W	+	YJL204C
YIL122W	-	YKL039W
YIL122W	+	YOR084W
YIL122W	-	YIL040W
YIL122W	-	YBR211C
YGL252C	+	YIR005W
YGL252C	-	YMR177W
YGL252C	-	YKL063C
YGL252C	-	YMR038C
YGL252C	+	YLR108C
YGL252C	+	YHR134W
YGL252C	-	YNL239W
YGL252C	-	YOR008C
YGL252C	+	YBR254C
YGL252C	+	YLL054C
YGL252C	+	YJL101C
YGL252C	+	YER089C
YGL252C	-	YKR098C
YGL252C	-	YML086C
YGL252C	+	YDL234C
YGL252C	-	YLR193C
YGL252C	-	YMR316CB
YGL252C	-	YNL249C
YGL252C	-	YLR298C
YGL252C	+	YDL233W
YGL252C	-	YFL056C
YGL252C	+	YKR044W
YGL252C	+	YDL125C
YGL252C	+	YML055W
YGL252C	-	YDR402C
YGL252C	+	YNL212W
YGL252C	-	YLL020C
YGL252C	+	YHR191C
YGL252C	+	YER147C
YGL252C	-	YNL261W
YGL252C	+	YKR061W
YGL252C	-	YNL174W
YGL252C	+	YMR034C
YGL252C	+	YNL194C
YCR081W	-	YLR047C
YCR081W	-	YAL040C
YCR081W	+	YJL171C
YCR081W	+	YGR050C
YCR081W	-	YJL101C
YCR081W	-	YKL039W
YCR081W	+	YLL016W
YCR081W	+	YFR024CA
YNL097C	+	YBL109W
YNL097C	+	YDR332W
YNL097C	-	YMR138W
YNL097C	-	YOR073W
YNL097C	+	YMR149W
YNL097C	+	YNR072W
YNL097C	+	YPR072W
YNL097C	-	YDR533C
YNL097C	+	YIL134CA
YNL097C	+	YGL136C
YGR288W	-	YGR292W
YGR288W	+	YGR289C
YKL015W	+	YBL111C
YKL015W	+	YHR048W
YKL015W	+	YPL137C
YKL015W	-	YPR124W
YKL015W	-	YOR311C
YKL015W	+	YOR228C
YKL015W	-	YML028W
YKL015W	-	YKL175W
YKL015W	+	YKL176C
YKL015W	+	YLR206W
YKL015W	+	YPR111W
YKL015W	+	YFR024C
YKL015W	-	YGR257C
YKL015W	-	YHL035C
YKL015W	+	YLR126C
YKL015W	+	YDL050C
YKL015W	-	YGR255C
YKL015W	-	YMR320W
YKL015W	-	YOR272W
YKL015W	-	YMR251W
YKL015W	+	YGR107W
YKL015W	+	YLL051C
YKL015W	-	YDR264C
YKL015W	+	YBL064C
YKL015W	-	YLR312C
YKL015W	+	YOL155C
YKL015W	+	YNL270C
YKL015W	+	YLR312WA
YKL015W	-	YOL154W
YKL015W	+	YDR265W
YKL015W	+	YML038C
YKL015W	-	YLR311C
YKL015W	-	YPR151C
YKL015W	+	YLR052W
YKL015W	+	YLL010C
YKL015W	+	YOR316C
YMR021C	+	YDR306C
YMR021C	-	YLR411W
YMR021C	+	YJR050W
YMR021C	+	YDL128W
YMR021C	+	YNL250W
YMR164C	+	YFR016C
YMR164C	+	YLR175W
YMR164C	+	YDL062W
YCR106W	-	YDL245C
YCR106W	+	YLL065W
YCR106W	+	YIL170W
YCR106W	-	YMR136W
YCR106W	-	YJL214W
YCR106W	-	YOR179C
YCR106W	-	YHL015W
YCR106W	+	YFL004W
YCR106W	-	YLR125W
YCR106W	+	YDR042C
YCR106W	+	YFL024C
YCR106W	-	YIR022W
YCR106W	+	YOR276W
YCR106W	-	YHR093W
YCR106W	+	YIR038C
YCR106W	-	YMR108W
YCR106W	+	YKL040C
YCR106W	+	YJL218W
YCR106W	+	YOR369C
YCR106W	+	YMR259C
YCR106W	+	YBR016W
YCR106W	-	YOL158C
YCR106W	+	YMR103C
YCR106W	+	YEL004W
YCR106W	-	YDR020C
YCR106W	-	YDR021W
YCR106W	+	YGR100W
YCR106W	+	YKL077W
YCR106W	-	YJL124C
YCR106W	+	YER044C
YCR106W	+	YOR316C
YPL202C	+	YHR091C
YPL202C	-	YDR441C
YPL202C	-	YLL011W
YPL202C	-	YBR183W
YPL202C	-	YEL007W
YPL202C	+	YDR534C
YPL202C	-	YIR041W
YPL202C	+	YOR070C
YPL202C	-	YLR461W
YPL202C	-	YGR271W
YPL202C	-	YCL025C
YPL202C	-	YDL154W
YPL202C	-	YHR033W
YPL202C	-	YLR053C
YPL202C	+	YPL123C
YPL202C	+	YMR177W
YPL202C	-	YMR118C
YPL202C	+	YGR130C
YPL202C	+	YMR266W
YPL202C	-	YML052W
YPL202C	+	YKL224C
YPL202C	-	YLR140W
YPL202C	-	YLR192C
YPL202C	-	YER091CA
YPL202C	+	YLR205C
YPL202C	-	YLR206W
YPL202C	-	YLR214W
YPL202C	+	YPL282C
YPL202C	-	YBR296C
YPL202C	+	YMR041C
YPL202C	+	YEL060C
YPL202C	-	YNL193W
YPL202C	-	YOR330C
YPL202C	-	YNL194C
YPL202C	+	YBR132C
YPL202C	-	YJL205CA
YPL202C	+	YMR035W
YPL202C	-	YFL042C
YPL202C	-	YLR285W
YPL202C	+	YLL064C
YPL202C	+	YOR396W
YPL202C	+	YIL070C
YPL202C	+	YFL041W
YPL202C	+	YOR332W
YPL202C	-	YBR134W
YPL202C	-	YLR052W
YPL202C	-	YGL072C
YPL202C	+	YBR206W
YPL202C	+	YHR116W
YPL202C	+	YBR204C
YPL202C	+	YDR475C
YPL202C	-	YBR205W
YPL202C	-	YKL054C
YPL202C	+	YGL011C
YPL202C	-	YNL334C
YPL202C	+	YBR089CA
YPL202C	-	YLR284C
YPL202C	-	YGL010W
YLR120C	+	YCR107W
YLR120C	-	YDL037C
YLR120C	+	YGR035C
YLR120C	-	YJL108C
YLR120C	-	YGL261C
YLR120C	+	YDR417C
YLR120C	-	YMR149W
YLR120C	+	YJR161C
YLR120C	+	YDR524C
YLR120C	-	YJL079C
YLR120C	-	YDL024C
YLR120C	-	YDR306C
YLR120C	-	YEL033W
YLR120C	+	YDR052C
YLR120C	-	YOR337W
YLR120C	-	YGL136C
YLR120C	+	YMR034C
YLR120C	+	YFL042C
YLR120C	-	YLL064C
YLR120C	+	YBR134W
YLR120C	+	YLR051C
YLR120C	-	YBR089CA
