YGL035C	+	YJL219W
YGL035C	-	YIL172C
YGL035C	-	YEL069C
YGL035C	+	YMR260C
YGL035C	-	YDR345C
YGL035C	+	YBR020W
YGL035C	-	YLR044C
YGL035C	+	YHR043C
YGL035C	-	YBR050C
YGL035C	-	YMR283C
YGL035C	-	YCR073WA
YGL035C	-	YLL043W
YGL035C	-	YFL054C
YGL035C	+	YFR053C
YGL035C	-	YPL043W
YGL035C	+	YNL137C
YGL035C	-	YLR241W
YGL035C	-	YMR163C
YGL035C	-	YBR101C
YGL209W	-	YHR092C
YGL209W	+	YEL066W
YGL209W	+	YIL111W
YGL209W	+	YBR007C
YGL209W	-	YLR044C
YGL209W	-	YDL169C
YGL209W	-	YOR307C
YGL209W	+	YPL280W
YGL209W	+	YHR062C
YGL209W	-	YGR251W
YGL209W	-	YKL162CA
YGL209W	+	YDL247W
YGL209W	-	YGL225W
YGL209W	-	YOR058C
YGL209W	-	YOL023W
YGL209W	-	YGR075C
YGL209W	+	YLR452C
YGL209W	-	YFL054C
YGL209W	+	YBR126C
YGL209W	+	YMR250W
YGL209W	-	YHR114W
YGL209W	+	YDR088C
YGL209W	-	YNR059W
YGL209W	-	YMR234W
YGL209W	-	YDR083W
YGL209W	-	YOR076C
YGL209W	+	YNL054WB
YGL209W	+	YML067C
YGL209W	+	YNL136W
YGL209W	-	YPR084W
YGL209W	+	YGR287C
YGL209W	+	YHR109W
YGL209W	-	YDR038C
YGL209W	+	YIL089W
YGL209W	-	YOR144C
YGL209W	-	YCL044C
YGL209W	+	YJL199C
YGL209W	+	YJL059W
YGL209W	+	YOR134W
YGL209W	-	YDR356W
YGL209W	+	YJL155C
YGL209W	+	YNL054WA
YGL209W	-	YPR020W
YGL209W	+	YJR010CA
YGL209W	+	YOR067C
YGL209W	+	YGL210W
YGL209W	+	YGL214W
YGL209W	-	YDR070C
YGL209W	-	YOL014W
YGL209W	+	YEL061C
YGL209W	+	YDL031W
YGL209W	-	YDR298C
YGL209W	-	YMR247C
YGL209W	-	YNL108C
YGL209W	-	YBR231C
YGL209W	+	YOR072W
YGL209W	+	YNL128W
YGL209W	+	YHL010C
YGL209W	-	YLR377C
YGL209W	+	YNR071C
YGL209W	+	YDL142C
YGL209W	-	YDR039C
YGL209W	-	YAR042W
YGL209W	+	YDL012C
YGL209W	-	YIL091C
YGL209W	+	YIL144W
YGL209W	+	YDR412W
YGL209W	+	YIL145C
YGL209W	-	YPL028W
YGL209W	+	YDL088C
YGL209W	+	YBL099W
YGL209W	-	YLR038C
YGL209W	+	YHR132C
YGL209W	+	YHR108W
YGL209W	-	YNL093W
YGL209W	-	YMR163C
YGL209W	-	YLR005W
YGL209W	+	YLR160C
YGL209W	-	YCL052C
YGL209W	+	YHR107C
YGL209W	+	YNL271C
YGL209W	-	YER107C
YGL209W	+	YEL058W
YGL209W	-	YOR071C
YGL209W	-	YER023W
YGL209W	+	YDR232W
YGL209W	+	YDR268W
YGL209W	-	YGL147C
YGL209W	+	YBL071C
YGL209W	-	YGL223C
YGL209W	+	YDL107W
YGL209W	-	YCL051W
YGL209W	-	YDR267C
YGL209W	+	YLR004C
YGL209W	-	YBR035C
YGL209W	+	YLR127C
YGL209W	-	YBR101C
YGL209W	+	YPL161C
YGL209W	+	YBL092W
YGL209W	-	YDR148C
YGL209W	+	YDL175C
YGL209W	+	YBR039W
YGL209W	-	YIL115C
YGL209W	+	YDR113C
YCR065W	+	YIR029W
YCR065W	+	YPL283C
YCR065W	-	YAL040C
YCR065W	-	YGL158W
YCR065W	-	YIL111W
YCR065W	+	YAR009C
YCR065W	-	YDR089W
YCR065W	-	YAR064W
YCR065W	-	YHL024W
YCR065W	+	YOR355W
YCR065W	-	YGR166W
YCR065W	-	YHL048W
YCR065W	-	YHR138C
YCR065W	-	YPR109W
YCR065W	+	YOL151W
YCR065W	-	YOR019W
YCR065W	-	YGR250C
YCR065W	-	YBR007C
YCR065W	-	YGL156W
YCR065W	-	YJR156C
YCR065W	-	YIL096C
YCR065W	-	YKR096W
YCR065W	+	YDL169C
YCR065W	+	YOR307C
YCR065W	-	YOL164W
YCR065W	-	YPL281C
YCR065W	-	YPL280W
YCR065W	+	YDL244W
YCR065W	-	YHR062C
YCR065W	+	YGR251W
YCR065W	+	YJR157W
YCR065W	-	YIL164C
YCR065W	+	YKL162CA
YCR065W	-	YDL168W
YCR065W	-	YDL247W
YCR065W	+	YGL225W
YCR065W	-	YPL051W
YCR065W	+	YOR058C
YCR065W	-	YNL294C
YCR065W	-	YNL041C
YCR065W	+	YNL293W
YCR065W	-	YOR070C
YCR065W	+	YCR027C
YCR065W	+	YGR075C
YCR065W	-	YAR019C
YCR065W	-	YJL198W
YCR065W	+	YOL165C
YCR065W	-	YDL215C
YCR065W	-	YOR227W
YCR065W	-	YMR250W
YCR065W	+	YHR114W
YCR065W	-	YDR088C
YCR065W	+	YNR059W
YCR065W	+	YMR234W
YCR065W	+	YDR083W
YCR065W	+	YOR076C
YCR065W	+	YNL012W
YCR065W	-	YML067C
YCR065W	-	YNL136W
YCR065W	+	YPR084W
YCR065W	-	YGR287C
YCR065W	-	YHR109W
YCR065W	+	YDR038C
YCR065W	-	YNL107W
YCR065W	-	YIL089W
YCR065W	+	YBR107C
YCR065W	+	YOR144C
YCR065W	+	YCL044C
YCR065W	-	YJL199C
YCR065W	-	YBR108W
YCR065W	-	YOR134W
YCR065W	+	YDR356W
YCR065W	-	YJL155C
YCR065W	+	YDR143C
YCR065W	+	YDL025C
YCR065W	-	YOR067C
YCR065W	-	YGL210W
YCR065W	-	YGL214W
YCR065W	+	YDR070C
YCR065W	+	YOL014W
YCR065W	+	YDL110C
YCR065W	-	YEL061C
YCR065W	-	YDL031W
YCR065W	-	YLR161W
YCR065W	+	YMR247C
YCR065W	+	YNL013C
YCR065W	+	YNL108C
YCR065W	+	YBR231C
YCR065W	-	YOR072W
YCR065W	-	YNL128W
YCR065W	-	YHL010C
YCR065W	+	YDL223C
YCR065W	-	YPL276W
YCR065W	+	YPL277C
YCR065W	-	YNR071C
YCR065W	+	YPL170W
YCR065W	-	YGL124C
YCR065W	+	YGL123W
YCR065W	+	YMR202W
YCR065W	+	YDR132C
YCR065W	-	YDL142C
YCR065W	+	YDR039C
YCR065W	+	YAR042W
YCR065W	-	YDL012C
YCR065W	+	YIL091C
YCR065W	+	YPR046W
YCR065W	-	YIL144W
YCR065W	+	YIL090W
YCR065W	-	YDR412W
YCR065W	+	YMR201C
YCR065W	-	YIL145C
YCR065W	-	YDL088C
YCR065W	-	YHR132C
YCR065W	-	YHR108W
YCR065W	+	YNL093W
YCR065W	+	YLR005W
YCR065W	-	YLR160C
YCR065W	+	YCL052C
YCR065W	-	YHR107C
YCR065W	-	YNL271C
YCR065W	+	YER107C
YCR065W	-	YDL185W
YCR065W	-	YLR037C
YCR065W	-	YEL058W
YCR065W	+	YOR071C
YCR065W	-	YPR045C
YCR065W	+	YER023W
YCR065W	-	YDR268W
YCR065W	+	YGL147C
YCR065W	-	YBL071C
YCR065W	+	YGL223C
YCR065W	+	YLR192C
YCR065W	-	YDL107W
YCR065W	-	YDR246W
YCR065W	+	YCL051W
YCR065W	+	YDR267C
YCR065W	-	YLR004C
YCR065W	+	YBR035C
YCR065W	-	YGL161C
YCR065W	+	YGL160W
YCR065W	-	YOR354C
YCR065W	+	YKL148C
YCR065W	-	YNR076W
YCR065W	-	YBL093C
YCR065W	-	YPL161C
YCR065W	-	YBL092W
YCR065W	+	YGR292W
YCR065W	-	YDL175C
YCR065W	+	YGR165W
YCR065W	-	YCL058C
YCR065W	+	YIL115C
YCR065W	-	YDR113C
YCR065W	+	YNL112W
YCR065W	+	YHL039W
YER040W	+	YEL063C
YER040W	+	YPL111W
YER040W	+	YLR048W
YER040W	-	YDR077W
YER040W	+	YGL255W
YER040W	-	YDL066W
YER040W	-	YDL067C
YER040W	-	YPL056C
YER040W	-	YCR064C
YER040W	-	YKR039W
YER040W	+	YER176W
YER040W	+	YNR068C
YER040W	+	YDL198C
YER040W	+	YPR060C
YER040W	-	YER175C
YER040W	-	YHR037W
YER040W	+	YDL171C
YER040W	+	YJR018W
YER040W	+	YDR522C
YER040W	+	YOL058W
YER040W	+	YNL142W
YER040W	-	YKR092C
YER040W	-	YPR144C
YER040W	+	YLR257W
YER040W	+	YMR088C
YER040W	+	YOR102W
YER040W	-	YGL059W
YER040W	-	YMR096W
YER040W	+	YDR243C
YER040W	+	YDR126W
YER040W	-	YPL112C
YER040W	-	YGR269W
YER040W	+	YHR122W
YER040W	-	YIL165C
YER040W	+	YPL252C
YER040W	+	YMR095C
YER040W	+	YNL141W
YER040W	-	YJL006C
YER040W	+	YOR348C
YER040W	+	YGR183C
YER040W	+	YER090W
YER040W	-	YJR026W
YER040W	-	YGL118C
YER040W	-	YJR025C
YER040W	+	YIL116W
YER040W	+	YFL053W
YER040W	-	YJR027W
YER040W	+	YER039C
YER040W	+	YPL273W
YER040W	-	YNR006W
YER040W	-	YJR029W
YER040W	+	YGL180W
YER040W	+	YGR161C
YER040W	-	YDR481C
YER040W	-	YNL183C
YER040W	+	YNR018W
YER040W	+	YGL007W
YER040W	-	YCL063W
YER040W	+	YPR111W
YER040W	+	YEL005C
YER040W	-	YMR300C
YER040W	-	YNL125C
YEL009C	-	YEL063C
YEL009C	-	YPL111W
YEL009C	+	YDR545W
YEL009C	-	YBL111C
YEL009C	+	YMR135C
YEL009C	+	YBL043W
YEL009C	+	YIL056W
YEL009C	-	YNL037C
YEL009C	-	YGR069W
YEL009C	-	YBL044W
YEL009C	+	YEL062W
YEL009C	-	STA1
YEL009C	+	YHR051W
YEL009C	-	YJR146W
YEL009C	-	YJR145C
YEL009C	+	YHR071W
YEL009C	-	YNL065W
YEL009C	-	YER176W
YEL009C	-	YPR060C
YEL009C	+	YER175C
YEL009C	-	YHR022C
YEL009C	-	YOL140W
YEL009C	+	YNL004W
YEL009C	+	YHR023W
YEL009C	+	YNL130C
YEL009C	+	YNL311C
YEL009C	-	YGR271CA
YEL009C	-	YJR018W
YEL009C	-	YLR356W
YEL009C	+	YJR016C
YEL009C	-	YDR129C
YEL009C	+	YNL129W
YEL009C	-	YJR110W
YEL009C	-	YDR127W
YEL009C	-	YHR018C
YEL009C	+	YDR078C
YEL009C	+	YPR039W
YEL009C	+	YJL212C
YEL009C	+	YEL071W
YEL009C	+	YOL119C
YEL009C	+	YOR221C
YEL009C	-	YPL135W
YEL009C	-	YKL067W
YEL009C	+	YHR157W
YEL009C	-	YBR115C
YEL009C	+	YDR258C
YEL009C	+	YGL059W
YEL009C	-	YJL071W
YEL009C	-	YLL009C
YEL009C	+	YMR096W
YEL009C	-	YPR058W
YEL009C	+	YMR287C
YEL009C	-	YDR243C
YEL009C	-	YDR126W
YEL009C	+	YPL112C
YEL009C	+	YHR025W
YEL009C	+	YMR062C
YEL009C	+	YGR269W
YEL009C	+	YML058WA
YEL009C	-	YHR122W
YEL009C	+	YBR218C
YEL009C	+	YHR024C
YEL009C	+	YLL008W
YEL009C	+	YIL165C
YEL009C	-	YOR203W
YEL009C	-	YBR147W
YEL009C	+	YNL285W
YEL009C	-	YPL252C
YEL009C	+	YBR143C
YEL009C	-	YMR095C
YEL009C	-	YNL141W
YEL009C	+	YJL006C
YEL009C	-	YIL067C
YEL009C	+	YMR288W
YEL009C	-	YJL072C
YEL009C	-	YJR111C
YEL009C	-	YER052C
YEL009C	-	YER086W
YEL009C	-	YBR114W
YEL009C	-	YOR202W
YEL009C	+	YGL117W
YEL009C	-	YGL202W
YEL009C	+	YMR108W
YEL009C	-	YNL239W
YEL009C	+	YBR254C
YEL009C	-	YER089C
YEL009C	-	YER090W
YEL009C	-	YBR047W
YEL009C	+	YDR486C
YEL009C	+	YDR226W
YEL009C	+	YGR204W
YEL009C	+	YPR027C
YEL009C	-	YCR023C
YEL009C	+	YBL102W
YEL009C	+	YER129W
YEL009C	+	YIL117C
YEL009C	-	YGL026C
YEL009C	+	YGL118C
YEL009C	+	YGR267C
YEL009C	+	YPR185W
YEL009C	+	YBR256C
YEL009C	+	YJR028W
YEL009C	+	YJR025C
YEL009C	-	YIL116W
YEL009C	+	YJR027W
YEL009C	-	YER039C
YEL009C	+	YGL125W
YEL009C	-	YPL273W
YEL009C	-	YHR164C
YEL009C	-	YCR053W
YEL009C	-	YBR250W
YEL009C	+	YJR029W
YEL009C	+	YER085C
YEL009C	+	YDL197C
YEL009C	+	YOL152W
YEL009C	+	YLR343W
YEL009C	-	YGL180W
YEL009C	-	YGR161C
YEL009C	+	YDR481C
YEL009C	+	YDR519W
YEL009C	+	YNL183C
YEL009C	+	YDR483W
YEL009C	-	YPR111W
YEL009C	-	YEL005C
YEL009C	-	YBR144C
YEL009C	+	YMR300C
YEL009C	+	YDR482C
YEL009C	+	YDR035W
YEL009C	+	YOR337W
YEL009C	+	YNL125C
YEL009C	-	YEL059W
YDR259C	+	YDL245C
YDR259C	-	YHR092C
YDR259C	+	YDR084C
YDR259C	-	YCR018CA
YDR259C	-	YMR193W
YDR259C	-	YLL065W
YDR259C	-	YOL156W
YDR259C	-	YIL170W
YDR259C	-	YIL118W
YDR259C	-	YML116W
YDR259C	-	YOR319W
YDR259C	-	YAR050W
YDR259C	+	YJL216C
YDR259C	-	YNL178W
YDR259C	+	YOR049C
YDR259C	+	YOR179C
YDR259C	-	YOR030W
YDR259C	+	YHL034C
YDR259C	+	YCR021C
YDR259C	-	YDL037C
YDR259C	+	YBR208C
YDR259C	-	YHR047C
YDR259C	+	YML115C
YDR259C	+	YNL180C
YDR259C	+	YJL171C
YDR259C	-	YNL066W
YDR259C	-	YFL004W
YDR259C	-	YMR150C
YDR259C	+	YOR029W
YDR259C	+	YBR025C
YDR259C	+	YMR195W
YDR259C	-	YLR296W
YDR259C	-	YLL053C
YDR259C	-	YMR239C
YDR259C	+	YJL148W
YDR259C	+	YJL030W
YDR259C	-	YIR021WA
YDR259C	+	YIR022W
YDR259C	+	YHR093W
YDR259C	-	YLR031W
YDR259C	+	YGL203C
YDR259C	+	YIR035C
YDR259C	+	YOR284W
YDR259C	-	YIR038C
YDR259C	+	YGL157W
YDR259C	+	YLR074C
YDR259C	+	YLR075W
YDR259C	-	YGR233C
YDR259C	-	YEL047C
YDR259C	-	YOR181W
YDR259C	-	YNL070W
YDR259C	-	YLL032C
YDR259C	-	YIR018CA
YDR259C	+	YIL030C
YDR259C	-	YNR067C
YDR259C	-	YJL218W
YDR259C	-	YOR369C
YDR259C	+	YER158C
YDR259C	-	YBR016W
YDR259C	+	YOL158C
YDR259C	+	YGR120C
YDR259C	+	YEL067C
YDR259C	-	YOR180C
YDR259C	-	YMR320W
YDR259C	+	YDR020C
YDR259C	+	YDR021W
YDR259C	-	YGR100W
YDR259C	-	YKL077W
YDR259C	+	YJL124C
YPL177C	-	YDL246C
YPL177C	+	YBL029W
YPL177C	+	YOR178C
YPL177C	-	YKR093W
YPL177C	+	YBR291C
YPL177C	+	YFR005C
YPL177C	-	YFR006W
YPL177C	-	YBR293W
YML099C	+	YML098W
YML099C	+	YKL107W
YML099C	-	YDL071C
YML099C	-	YDL068W
YML099C	-	YFR057W
YML099C	+	YLR438W
YML099C	+	YBR086C
YML099C	-	YBR087W
YML099C	-	YBR094W
YKR034W	-	YNL339C
YKR034W	+	YOR375C
YKR034W	+	YOL023W
YKR034W	+	YBR006W
YKR034W	-	YBL018C
YKR034W	-	YAL025C
YKR034W	+	YKL136W
YKR034W	-	YLR265C
YKR034W	+	YKL049C
YKR034W	+	YOR174W
YKR034W	-	YOL042W
YKR034W	-	YLL048C
YKR034W	-	YOR348C
YKR034W	+	YKR056W
YKR034W	+	YPL122C
YKR034W	+	YNL256W
YKR034W	+	YDR415C
YKR034W	-	YDL206W
YKR034W	+	YDL049C
YKR034W	+	YGL133W
YKR034W	-	YJL157C
YFL021W	-	YML098W
YFL021W	-	YNL143C
YFL021W	-	YCR096C
YFL021W	+	YKL209C
YFL021W	+	YJL210W
YFL021W	-	YDL237W
YFL021W	+	YLR262C
YFL021W	+	YJL085W
YFL021W	+	YDR068W
YFL021W	-	YDR067C
YFL021W	+	YFL023W
YFL021W	-	YFL024C
YFL021W	-	YDR319C
YFL021W	-	YBR268W
YFL021W	+	YLR054C
YFL021W	+	YOR154W
YFL021W	+	YBR266C
YFL021W	+	YGL004C
YFL021W	+	YAL012W
YFL021W	+	YDR086C
YFL021W	+	YBR087W
YJL110C	-	YNL338W
YJL110C	+	YDL210W
YJL110C	+	YBL112C
YJL110C	+	YCL065W
YJL110C	+	YKR106W
YJL110C	+	YKR105C
YJL110C	+	YMR260C
YJL110C	+	YER002W
YJL110C	+	YGL156W
YJL110C	+	YNL050C
YJL110C	-	YBR166C
YJL110C	-	YAL025C
YJL110C	+	YKL136W
YJL110C	+	YLL047W
YJL110C	-	YLR265C
YJL110C	-	YOL042W
YJL110C	-	YLL048C
YJL110C	+	YKR056W
YJL110C	+	YPL122C
YJL110C	+	YDR416W
YJL110C	+	YBR169C
YJL110C	+	YDR415C
YJL110C	+	YGL133W
YKL020C	-	YDR040C
YKL020C	-	YPL051W
YKL020C	+	YJL175W
YKL020C	-	YDR210WD
YKL020C	+	YOL115W
YKL020C	+	YJR051W
YKL020C	+	YFR002W
YKL020C	+	YEL036C
YKL020C	-	YML126C
YKL020C	+	YDR233C
YKL020C	-	YIR002C
YDL170W	+	YIR029W
YDL170W	+	YHR091C
YDL170W	+	YLL065W
YDL170W	-	YCR041W
YDL170W	+	YDL066W
YDL170W	-	YLR130C
YDL170W	-	YNR068C
YDL170W	+	YBR006W
YDL170W	-	YOL140W
YDL170W	+	YBR162WA
YDL170W	+	YDL071C
YDL170W	+	YDL068W
YDL170W	-	YLR356W
YDL170W	-	YDR129C
YDL170W	-	YNL104C
YDL170W	-	YCR097W
YDL170W	+	STA2
YDL170W	-	YDR065W
YDL170W	+	YHR157W
YDL170W	-	YDL154W
YDL170W	-	YJL071W
YDL170W	-	YPR058W
YDL170W	+	YMR287C
YDL170W	+	YFR055W
YDL170W	+	YMR062C
YDL170W	-	YOR204W
YDL170W	+	YBR218C
YDL170W	+	YHR024C
YDL170W	+	YLL008W
YDL170W	-	YBR147W
YDL170W	+	YBR143C
YDL170W	-	YIL067C
YDL170W	+	YMR288W
YDL170W	-	YJL072C
YDL170W	-	YER052C
YDL170W	+	YJR112W
YDL170W	-	YOR202W
YDL170W	+	YDL239C
YDL170W	-	YBR046C
YDL170W	+	YBR249C
YDL170W	+	YJR026W
YDL170W	+	YIL117C
YDL170W	+	YBR257W
YDL170W	+	YGL125W
YDL170W	+	YNR006W
YDL170W	-	YHR164C
YDL170W	+	YKL211C
YDL170W	+	YER085C
YDL170W	+	YDL197C
YDL170W	+	YBR102C
YDL170W	-	YPL250C
YHL027W	-	YJR011C
YHL027W	+	YDR282C
YHL027W	+	YLR121C
YHL027W	+	YLL011W
YHL027W	+	YCR063W
YHL027W	+	YNL265C
YHL027W	-	YNL285W
YHL027W	+	YJL204C
YHL027W	-	YLR011W
YHL027W	+	YAL004W
YHL027W	+	YDR284C
YHL027W	-	YHR113W
YHL027W	-	YDR285W
YHL027W	+	YPL241C
YHL027W	+	YIL072W
YER028C	-	YIL171W
YML113W	-	YGR296W
YML113W	-	YGR071C
YML113W	+	YJR123W
YLR013W	-	YLR467W
YLR013W	+	YCL065W
YLR013W	-	YPR203W
YLR013W	+	YEL074W
YLR013W	-	YIL177C
YLR013W	+	YFL062W
YLR013W	-	YDR111C
YLR013W	-	YGR143W
YLR013W	-	YEL076C
YLR013W	+	YPR158W
YLR013W	-	YEL020WA
YLR013W	+	YFL065C
YIL101C	-	YDL246C
YIL101C	-	YER190W
YIL101C	+	YDR441C
YIL101C	+	YIR020C
YIL101C	+	YBR057C
YIL101C	-	YIL170W
YIL101C	+	YNL036W
YIL101C	+	YPR127W
YIL101C	+	YPR126C
YIL101C	-	YLR042C
YIL101C	+	YMR172CA
YIL101C	+	YJR145C
YIL101C	-	YBR183W
YIL101C	-	YHR030C
YIL101C	-	YBR025C
YIL101C	-	YDR317W
YIL101C	+	YDR351W
YIL101C	-	YLR394W
YIL101C	+	YLR389C
YIL101C	+	YDR420W
YIL101C	+	YBL095W
YIL101C	-	YHR050W
YIL101C	+	YLR179C
YIL101C	-	YLR180W
YIL101C	+	YFL013WA
YIL101C	+	YBR073W
YIL101C	-	YKL186C
YIL101C	+	YJL213W
YIL101C	+	YML053C
YIL101C	+	YDR418W
YIL101C	+	YNL115C
YIL101C	-	YNL113W
YPL248C	+	YBR057C
YPL248C	-	YBR018C
YPL248C	-	YLR081W
YPL248C	-	YAR002W
YPL248C	+	YDR007W
YPL248C	+	YPR194C
YPL248C	+	YMR086CA
YPL248C	-	YMR135WA
YPL248C	-	YDR011W
YPL248C	+	YMR105C
YPL248C	-	YAR003W
YPL248C	-	YAL049C
YPL248C	-	YAR002CA
YPL248C	+	YOR119C
YPL248C	-	YDR005C
YPL248C	-	YDR008C
YPL248C	+	YBR022W
YPL248C	-	YNR081W
YPL248C	-	YGR173W
YPL248C	-	YGR102C
YPL248C	+	YDR493W
YPL248C	-	YDR006C
YPL248C	-	YLR077W
YPL248C	+	YLR076C
YPL248C	-	YEL057C
YPL248C	-	YDL149W
YPL248C	+	YNL073W
YPL248C	-	YBR017C
YPL248C	-	YNL074C
YPL248C	-	YML053C
YPL248C	-	YBR211C
YPL248C	+	YBR212W
YPR065W	+	YLR463C
YPR065W	+	YLR465C
YPR065W	-	YOL157C
YPR065W	+	YBL029W
YPR065W	-	YJL221C
YPR065W	-	YJR159W
YPR065W	-	YHR194W
YPR065W	-	YIR020WB
YPR065W	-	YEL040W
YPR065W	+	YCR107W
YPR065W	-	YPL265W
YPR065W	-	YIL056W
YPR065W	-	YAL064W
YPR065W	+	YOR107W
YPR065W	-	YBR069C
YPR065W	-	YAR009C
YPR065W	-	YER001W
YPR065W	-	YGR146C
YPR065W	+	YPR126C
YPR065W	-	YOL077WA
YPR065W	-	YHR094C
YPR065W	+	YJL105W
YPR065W	-	YCR102C
YPR065W	-	YMR152W
YPR065W	+	YMR150C
YPR065W	+	YDR332W
YPR065W	+	YMR151W
YPR065W	+	YHR080C
YPR065W	-	YOR269W
YPR065W	-	YOL080C
YPR065W	+	YML111W
YPR065W	-	YOL078W
YPR065W	+	YEL039C
YPR065W	-	YDR042C
YPR065W	-	YJR100C
YPR065W	+	YPR108WA
YPR065W	+	YML071C
YPR065W	-	YJL172W
YPR065W	-	YCR098C
YPR065W	+	YLL027W
YPR065W	-	YOR223W
YPR065W	+	YMR241W
YPR065W	+	YMR149W
YPR065W	-	YGR091W
YPR065W	-	YHR197W
YPR065W	+	YPR169W
YPR065W	-	YDL148C
YPR065W	-	YOL025W
YPR065W	-	YMR240C
YPR065W	+	YOL026C
YPR065W	+	YDL147W
YPR065W	-	YJR150C
YPR065W	+	YDR044W
YPR065W	-	YER007CA
YPR065W	+	YGL117W
YPR065W	+	YJL052W
YPR065W	-	YPR201W
YPR065W	+	YPR200C
YPR065W	-	YML055W
YPR065W	+	YML056C
YPR065W	-	YAR068W
YPR065W	-	YJL042W
YPR065W	-	YGR124W
YPR065W	-	YPR006C
YPR065W	+	YPR170C
YPR065W	+	YIL134CA
YPR065W	+	YOL146W
YPR065W	+	YGL055W
YPR065W	-	YMR103C
YPR065W	+	YIL135C
YPR065W	-	YHL012W
YPR065W	-	YJL012C
YPR065W	+	YIL015CA
YPR065W	-	YDR470C
YPR065W	-	YLR207W
YPR065W	+	YDR471W
YPR065W	-	YIL134W
YPR065W	-	YIL129C
YPR065W	+	YGR255C
YPR065W	+	YLR411W
YPR065W	-	YJR049C
YGL013C	+	YBL112C
YGL013C	-	YBL113C
YGL013C	+	YDR544C
YGL013C	-	YLR465C
YGL013C	-	YCR105W
YGL013C	+	YOL157C
YGL013C	+	YER188CA
YGL013C	+	YIL175W
YGL013C	+	YIR020WB
YGL013C	+	YPL265W
YGL013C	-	YLL066C
YGL013C	-	YPR202W
YGL013C	-	YIL013C
YGL013C	+	YBL087C
YGL013C	+	YJR101W
YGL013C	+	YHR048W
YGL013C	+	YCR102C
YGL013C	+	YMR152W
YGL013C	-	YDR332W
YGL013C	-	YPR010C
YGL013C	-	YDR368W
YGL013C	-	YIL002WA
YGL013C	-	YKL132C
YGL013C	-	YML111W
YGL013C	+	YCL074W
YGL013C	+	YOR268C
YGL013C	+	YJR100C
YGL013C	-	YKL209C
YGL013C	+	YGL012W
YGL013C	+	YLR464W
YGL013C	+	YLR466W
YGL013C	+	YJL188C
YGL013C	+	YHR086WA
YGL013C	+	YAL001C
YGL013C	-	YMR241W
YGL013C	+	YGL005C
YGL013C	+	YGR091W
YGL013C	+	YHR197W
YGL013C	+	YDL148C
YGL013C	+	YMR240C
YGL013C	-	YDL147W
YGL013C	+	YOR381W
YGL013C	-	YDL223C
YGL013C	-	YEL054C
YGL013C	-	YOR267C
YGL013C	-	YER185W
YGL013C	-	YML056C
YGL013C	+	YDR406W
YGL013C	+	YAR068W
YGL013C	-	YGR038CB
YGL013C	+	YJL042W
YGL013C	-	YPR170C
YGL013C	+	YPL249CA
YGL013C	-	YER074W
YGL013C	+	YHL012W
YGL013C	+	YDR470C
YGL013C	+	YLR207W
YGL013C	-	YDR471W
YGL013C	+	YIL134W
YGL013C	+	YIL129C
YGL013C	-	YPL026C
YGL013C	+	YIL133C
YGL013C	-	YNL259C
YKL109W	+	YCL067C
YKL109W	-	YNL338W
YKL109W	-	YER189W
YKL109W	-	YBL111C
YKL109W	-	YDR543C
YKL109W	+	YIL175W
YKL109W	-	YCL066W
YKL109W	-	YEL001C
YKL109W	+	YOL077WA
YKL109W	+	YGR166W
YKL109W	-	YHR145C
YKL109W	-	YLR296W
YKL109W	+	YDR007W
YKL109W	+	YLR294C
YKL109W	-	YLR452C
YKL109W	-	YDL205C
YKL109W	+	YCR040W
YKL109W	-	YOR212W
YKL109W	+	YPR191W
YKL109W	-	YOR256C
YKL109W	+	YJR121W
YKL109W	-	YOR257W
YKL109W	-	YDL104C
YKL109W	-	YDR299W
YKL109W	-	YNL054WB
YKL109W	-	YJL059W
YKL109W	+	YPR190C
YKL109W	-	YPL271W
YKL109W	-	YNL054WA
YKL109W	-	YNL055C
YKL109W	+	YPR020W
YKL109W	+	YKL141W
YKL109W	-	YJL058C
YKL109W	+	YDR298C
YKL109W	-	YPL272C
YKL109W	-	YFL026W
YKL109W	+	YDR322CA
YKL109W	+	YDL005C
YKL109W	+	YPR186C
YKL109W	-	YOL079W
YKL109W	+	YDR529C
YKL109W	+	YDL004W
YKL109W	+	YPR187W
YKL109W	-	YBL099W
YKL109W	+	YLR038C
YKL109W	-	YLR395C
YKL109W	+	YML091C
YKL109W	+	YJR079W
YKL109W	-	YJR078W
YKL109W	-	YHR050WA
YKL109W	+	YIL035C
YKL109W	+	YJR097W
YKL109W	-	YIL125W
YKL109W	-	YJL166W
YKL109W	-	YDR232W
YKL109W	+	YMR256C
YKL109W	+	YIL043C
YKL109W	-	YKL176C
YKL109W	-	YPR068C
YKL109W	+	YJR004C
YKL109W	+	YOR064C
YKL109W	-	YHR001WA
YKL109W	+	YGL187C
YKL109W	-	YEL024W
YKL109W	-	YEL025C
YKL109W	+	YGL193C
YKL109W	+	YGL191W
YKL109W	-	YKL148C
YKL109W	+	YDR148C
YKL109W	-	YDL230W
YKL109W	-	YBR039W
YKL109W	+	YGR257C
YKL109W	-	YLR126C
YKL109W	-	YDL050C
YKL109W	+	YMR251W
YKL109W	-	YGR107W
YKL109W	-	YLL051C
YKL109W	+	YDR264C
YKL109W	-	YBL064C
YKL109W	+	YLR312C
YKL109W	-	YDR265W
YKL109W	-	YLL010C
YJL056C	-	YJL055W
YJL056C	-	YML066C
YJL056C	-	YHR146W
YBR182C	+	YNL339C
YBR182C	+	YDR543C
YBR182C	-	YLR463C
YBR182C	-	YOR178C
YBR182C	+	YNL288W
YBR182C	-	YMR013WA
YBR182C	-	YMR014W
YBR182C	+	YKR106W
YBR182C	+	YGL259W
YBR182C	+	YEL001C
YBR182C	+	YOL121C
YBR182C	-	YPR127W
YBR182C	+	YBR183W
YBR182C	+	YHR081W
YBR182C	+	YHR030C
YBR182C	-	YDR368W
YBR182C	-	YIL002WA
YBR182C	-	YLR162WA
YBR182C	-	YLR390WA
YBR182C	-	YPR198W
YBR182C	-	YPL060CA
YBR182C	-	YDR351W
YBR182C	+	YLR394W
YBR182C	-	YGL115W
YBR182C	+	YDR350C
YBR182C	-	YLR389C
YBR182C	+	YBL037W
YBR182C	-	YDR420W
YBR182C	+	YHR050W
YBR182C	-	YEL054C
YBR182C	-	YKL164C
YBR182C	-	YOR267C
YBR182C	-	YPL176C
YBR182C	-	YFL013WA
YBR182C	+	YKL186C
YBR182C	-	YJL213W
YBR182C	+	YMR165C
YBR182C	-	YDL060W
YBR182C	+	YDL061C
YBR182C	-	YPL175W
YBR182C	-	YPL249CA
YBR182C	+	YER074W
YBR182C	-	YDR418W
YBR182C	-	YNL115C
YBR182C	+	YNL113W
YOR113W	+	YPR013C
YOR113W	-	YDL037C
YOR113W	+	YAL037CA
YOR113W	+	YAL037W
YOR113W	-	YOL118C
YOR113W	+	YDR308C
YOR113W	+	YDR307W
YOR113W	+	YDR402C
YOR113W	-	YLL020C
YOR113W	-	YLL019C
YGL162W	+	YDR442W
YGL162W	+	YIR020C
YGL162W	+	YDR077W
YGL162W	-	YEL069C
YGL162W	+	YMR011W
YGL162W	+	YDR343C
YGL162W	+	YKL110C
YGL162W	+	YKR075C
YGL162W	-	YPR202W
YGL162W	+	YKL096W
YGL162W	+	YAL064W
YGL162W	+	YOR049C
YGL162W	-	YGR069W
YGL162W	+	YDR133C
YGL162W	-	YOR313C
YGL162W	-	YJL105W
YGL162W	-	YDR366C
YGL162W	+	YHR081W
YGL162W	-	YIL012W
YGL162W	-	YHR080C
YGL162W	+	YMR056C
YGL162W	+	YNL038W
YGL162W	+	YOR268C
YGL162W	-	YOL159C
YGL162W	-	YNL231C
YGL162W	+	YOR136W
YGL162W	-	YLL033W
YGL162W	+	YLL034C
YGL162W	-	YLL027W
YGL162W	+	YOR223W
YGL162W	+	YAL001C
YGL162W	+	YPL078C
YGL162W	+	YOL025W
YGL162W	-	YOL026C
YGL162W	+	YJR150C
YGL162W	+	YML055W
YGL162W	-	YPL012W
YGL162W	-	YGR038CB
YGL162W	-	YIL014CA
YGL162W	+	YBR097W
YGL162W	+	YGR124W
YGL162W	+	YPR006C
YGL162W	-	YIL134CA
YGL162W	-	YOL146W
YGL162W	+	YOR042W
YGL162W	-	YER065C
YGL162W	-	YGL056C
YGL162W	+	YLR153C
YGL162W	-	YPL156C
YGL162W	-	YIL135C
YGL162W	+	YJL012C
YGL162W	-	YIL015CA
YGL162W	+	YGL234W
YGL162W	+	YER044C
YPL089C	+	YNL336W
YPL089C	+	YMR013WA
YPL089C	+	YKL096W
YPL089C	-	YHL041W
YPL089C	-	YNL066W
YPL089C	+	YDR309C
YPL089C	-	YLR154C
YPL089C	+	YDR525W
YPL089C	-	YML124C
YPL089C	+	YIL040W
YIR019C	+	YLR390WA
YIR019C	+	YGL115W
YIR019C	-	YDR350C
YIR019C	-	YBL037W
YIR019C	+	YPL176C
YIR019C	+	YDL060W
YIR019C	-	YDL061C
YDR043C	+	YBL109W
YDR043C	+	YPR203W
YDR043C	+	YJL106W
YDR043C	+	YOR050C
YDR043C	-	YJL214W
YDR043C	+	YDR133C
YDR043C	+	YJL108C
YDR043C	-	YJL076W
YDR043C	-	YNR069C
YDR043C	-	YCL074W
YDR043C	-	YGL012W
YDR043C	-	YLR464W
YDR043C	-	YJL225C
YDR043C	-	YPR156C
YDR043C	+	YDR111C
YDR043C	-	YOL122C
YDR043C	+	YDR436W
YDR043C	+	YGR237C
YDR043C	+	YLR187W
YDR043C	-	YBR177C
YDR043C	-	YJR161C
YDR043C	-	YAR031W
YDR043C	-	YIL098C
YDR043C	+	YGR143W
YDR043C	-	YDR435C
YDR043C	+	YNR070W
YDR043C	+	YIL097W
YDR043C	-	YPR157W
YDR043C	-	YPR061C
YDR043C	-	YDL124W
YDR043C	+	YAR029W
YDR043C	-	YAR070C
YDR043C	-	YNL217W
YDR043C	-	YPR158W
YDR043C	-	YNL015W
YDR043C	+	YFL053W
YDR043C	-	YNL071W
YDR043C	-	YBR032W
YDR043C	+	YHR004C
YDR043C	+	YLL018CA
YDR043C	-	YER154W
YDR043C	+	YOR207C
YDR043C	-	YER152C
YDR043C	-	YER150W
YDR043C	+	YLR253W
YDR043C	+	YLR414C
YDR043C	-	YER010C
YDR043C	+	YGR140W
YDR043C	+	YNL014W
YDR043C	-	YMR084W
YDR043C	-	YNL234W
YDR043C	-	YDL024C
YDR043C	+	YIL114C
YDR043C	+	YEL020WA
YDR043C	+	YOR343CB
YDR043C	+	YHR002W
YDR043C	-	YAR071W
YDR043C	+	YDL006W
YDR043C	+	YNL172W
YDR043C	-	YJR095W
YDR043C	-	YDR525WA
YDR043C	-	YAL018C
YDR043C	-	YPR158CD
YDR043C	+	YGR086C
YDR043C	-	YEL017W
YDR043C	-	YLR012C
YDR043C	-	YFL065C
YDR043C	-	YEL017CA
YDR043C	+	YFL063W
YDR043C	+	YLR410WB
YKL043W	+	YOL156W
YKL043W	-	YIL172C
YKL043W	+	YPR013C
YKL043W	+	YAL040C
YKL043W	+	YKR075C
YKL043W	+	YBR069C
YKL043W	-	YIL013C
YKL043W	+	YOR179C
YKL043W	-	YDR345C
YKL043W	+	YCR064C
YKL043W	-	YGR250C
YKL043W	+	YBR158W
YKL043W	+	YOR047C
YKL043W	-	YJL171C
YKL043W	-	YPR184W
YKL043W	-	YOL060C
YKL043W	-	YFL062W
YKL043W	-	YER033C
YKL043W	-	YDL036C
YKL043W	-	YBR162WA
YKL043W	+	YOL059W
YKL043W	-	YEL044W
YKL043W	+	YBR072W
YKL043W	-	YBL108CA
YKL043W	+	YDR261C
YKL043W	+	YMR137C
YKL043W	+	YJR083C
YKL043W	-	YGR178C
YKL043W	-	YLL062C
YKL043W	+	YGL206C
YKL043W	+	YFR016C
YKL043W	-	YDR338C
YKL043W	-	YOR275C
YKL043W	+	YMR018W
YKL043W	-	YOR276W
YKL043W	+	YDL129W
YKL043W	-	YIR001C
YKL043W	-	YDR505C
YKL043W	+	YLL061W
YKL043W	-	YGR145W
YKL043W	-	YJL029C
YKL043W	+	YMR089C
YKL043W	-	YOL135C
YKL043W	-	YLR001C
YKL043W	+	YNL039W
YKL043W	-	YIL045W
YKL043W	+	YDL047W
YKL043W	+	YBR201W
YKL043W	-	YJR084W
YKL043W	+	YLL006WA
YKL043W	-	YPR014C
YKL043W	+	YPR022C
YKL043W	-	YJL031C
YKL043W	-	YGL006WA
YKL043W	+	YIL011W
YKL043W	+	YJR133W
YKL043W	-	YMR081C
YKL043W	+	YGL205W
YKL043W	+	YMR083W
YKL043W	+	YLR021W
YKL043W	+	YEL068C
YKL043W	-	YMR082C
YKL043W	+	YPR121W
YKL043W	+	YJL138C
YKL043W	-	YGR171C
YKL043W	-	YLR029C
YKL043W	+	YJR129C
YKL043W	-	YER038C
YKL043W	-	YDR524CB
YKL043W	+	YKL101W
YKL043W	-	YMR015C
YKL043W	+	YPR158CC
YKL043W	+	YLR034C
YKL043W	-	YBR067C
YKL043W	+	YJR132W
YKL043W	+	YDL062W
YKL043W	-	YPL025C
YER045C	+	YPL078C
YMR016C	-	YDR040C
YMR016C	-	YDR041W
YMR016C	+	YPL283C
YMR016C	+	YJR159W
YMR016C	-	YIL099W
YMR016C	-	YNL288W
YMR016C	-	YEL040W
YMR016C	+	YIL171W
YMR016C	+	YMR136W
YMR016C	+	YKR102W
YMR016C	+	YMR017W
YMR016C	+	YDR343C
YMR016C	-	YML133C
YMR016C	+	YLL066C
YMR016C	+	YML132W
YMR016C	-	YOR138C
YMR016C	+	YJR094WA
YMR016C	-	YNL087W
YMR016C	-	YGL158W
YMR016C	-	YHL016C
YMR016C	-	YKL044W
YMR016C	-	YDR516C
YMR016C	+	YOR107W
YMR016C	+	YGL259W
YMR016C	+	YKR105C
YMR016C	+	YGR146C
YMR016C	+	YPL056C
YMR016C	-	YHL024W
YMR016C	-	YIR028W
YMR016C	+	YHL048W
YMR016C	-	YEL074W
YMR016C	-	YOR019W
YMR016C	+	YHR047C
YMR016C	-	YLR460C
YMR016C	-	YHL046C
YMR016C	-	YEL075C
YMR016C	-	YIL177C
YMR016C	+	YGR238C
YMR016C	+	YGL033W
YMR016C	+	YJR156C
YMR016C	+	YIL096C
YMR016C	+	YKR096W
YMR016C	+	YIL095W
YMR016C	+	YOL164W
YMR016C	-	YPL281C
YMR016C	+	YDL244W
YMR016C	+	YGL034C
YMR016C	-	YJR157W
YMR016C	+	YDR309C
YMR016C	-	YNL294C
YMR016C	-	YIR041W
YMR016C	+	YNL041C
YMR016C	+	YHL050C
YMR016C	-	YNL040W
YMR016C	-	YNL293W
YMR016C	+	YJR103W
YMR016C	+	YER033C
YMR016C	+	YOR070C
YMR016C	+	YAR019C
YMR016C	-	YNL005C
YMR016C	-	YOL165C
YMR016C	+	YDL205C
YMR016C	-	YPL058C
YMR016C	+	YJL173C
YMR016C	-	YJR152W
YMR016C	-	YJL172W
YMR016C	+	YLR262C
YMR016C	-	YLR342W
YMR016C	-	YIL173W
YMR016C	+	YKL071W
YMR016C	+	YEL011W
YMR016C	+	YGR244C
YMR016C	-	YHR202W
YMR016C	-	YOR352W
YMR016C	-	YHR073W
YMR016C	+	YAL061W
YMR016C	+	YNL150W
YMR016C	-	YMR205C
YMR016C	+	YDR517W
YMR016C	-	YHR013C
YMR016C	+	YCR024C
YMR016C	+	YMR321C
YMR016C	+	YOR020C
YMR016C	+	YHR054C
YMR016C	+	YMR206W
YMR016C	-	YGL167C
YMR016C	-	YGR286C
YMR016C	+	YGR113W
YMR016C	+	YOL132W
YMR016C	+	YGR087C
YMR016C	-	YFR057W
YMR016C	+	YKL164C
YMR016C	+	YGL124C
YMR016C	+	YPR049C
YMR016C	+	YGL123W
YMR016C	-	YPR002CA
YMR016C	-	YGR088W
YMR016C	+	YCR037C
YMR016C	-	YOR173W
YMR016C	+	YDL242W
YMR016C	-	YHR055C
YMR016C	+	YOR351C
YMR016C	-	YOR084W
YMR016C	-	YAR023C
YMR016C	+	YHR014W
YMR016C	-	YHL021C
YMR016C	+	YJR151C
YMR016C	+	YNL035C
YMR016C	-	YOR087W
YMR016C	-	YHR112C
YMR016C	+	YKL156W
YMR016C	+	YPL149W
YMR016C	+	YGR130C
YMR016C	-	YNL034W
YMR016C	+	YIR042C
YMR016C	-	YPR028W
YMR016C	+	YGR133W
YMR016C	-	YOR291W
YMR016C	+	YDR122W
YMR016C	+	YGR132C
YMR016C	-	YOR310C
YMR016C	-	YCR017C
YMR016C	+	YNR076W
YMR016C	-	YKL124W
YMR016C	-	YER136W
YMR016C	+	YML004C
YMR016C	-	YNL283C
YMR016C	+	YBR202W
YMR016C	-	YOR031W
YMR016C	-	YNL302C
YMR016C	-	YKL090W
YMR016C	+	YDR098C
YMR016C	+	YJL222W
YMR016C	-	YOR048C
YMR016C	-	YJL223C
YMR016C	-	YPL024W
YMR016C	+	YPL026C
YPL230W	-	YGL206C
YPL230W	-	YGL205W
YNL167C	+	YOR318C
YNL167C	+	YDR536W
YNL167C	-	YDR535C
YNL167C	-	YHR033W
YNL167C	-	YGL007CA
YNL167C	-	YHR049W
YNL167C	-	YOR316CA
YNL167C	-	YHR096C
YMR070W	-	YOR315W
YMR070W	+	YJL011C
YMR070W	-	YNL037C
YMR070W	+	YBL074C
YMR070W	+	YOL085C
YMR070W	-	YOL084W
YMR070W	+	YBR013C
YMR070W	+	YPR141C
YMR070W	+	YKR003W
YMR070W	-	YMR106C
YMR070W	+	YBR097W
YMR070W	-	YFL020C
YOR140W	-	YIL162W
YOR140W	+	YDR417C
YOR140W	+	YKR047W
YBR112C	-	YAL063C
YBR112C	+	YIL162W
YBR112C	-	YJR048W
YBR112C	+	YHR051W
YBR112C	+	YCR005C
YBR112C	+	YDR172W
YBR112C	+	YML058WA
YBR112C	-	YHR211W
YBR112C	+	YJR105W
YBR112C	-	YEL034W
YBR112C	+	YIL155C
YBR112C	-	YER053C
YBR112C	+	YOL027C
YBR112C	-	YMR220W
YBR112C	-	YGR264C
YKL032C	-	YOR023C
YKL032C	-	YOR024W
YKL032C	-	YLL041C
YKL032C	+	YOR253W
YIR013C	-	STA3
YKL038W	-	YMR011W
YKL038W	+	YPR196W
YKL038W	-	YOL121C
YKL038W	+	YPR109W
YKL038W	-	YER073W
YKL038W	-	YJL217W
YKL038W	+	YDR473C
YKL038W	-	YKR076W
YKL038W	-	YDR042C
YKL038W	-	YJL008C
YKL038W	-	YDR278C
YKL038W	+	YKL120W
YKL038W	+	YHR218W
YKL038W	-	YOR108W
YKL038W	+	YLR267W
YKL038W	+	YCR020CA
YKL038W	+	YKR092C
YKL038W	+	YOR011WA
YKL038W	+	YHR175W
YKL038W	+	YOL013WB
YKL038W	-	YOR201C
YKL038W	-	YGL009C
YKL038W	+	YER086W
YKL038W	+	YJL192C
YKL038W	+	YLR354C
YKL038W	+	YLR368W
YKL038W	+	YHR207C
YKL038W	+	YHR208W
YKL038W	-	YJR104C
YKL038W	+	YMR015C
YML051W	-	YBL113C
YML051W	-	YBR019C
YML051W	-	YDL034W
YML051W	-	YGR172C
YML051W	-	YGR103W
YML051W	-	YLR080W
YML051W	+	MEL1
YML051W	+	YDR491C
YML051W	+	YBR021W
YML051W	-	YOR120W
YML051W	+	YFL014W
YML051W	+	YDR085C
YML051W	+	YML052W
YOR028C	-	YJL219W
YOR028C	+	YJL221C
YOR028C	+	YBL029CA
YOR028C	+	YNL087W
YOR028C	-	YDR089W
YOR028C	+	YER046W
YOR028C	-	YDL214C
YOR028C	+	YOR306C
YOR028C	-	YML131W
YOR028C	+	YNL180C
YOR028C	+	YDR508C
YOR028C	+	YAL037CA
YOR028C	+	YMR283C
YOR028C	-	YPR184W
YOR028C	-	YLR412CA
YOR028C	-	YDL168W
YOR028C	-	YKL132C
YOR028C	-	YOL060C
YOR028C	+	YJR103W
YOR028C	+	YOL059W
YOR028C	+	YBR209W
YOR028C	-	YCL025C
YOR028C	+	YBR072W
YOR028C	-	YGR178C
YOR028C	+	YHL044W
YOR028C	+	YDR504C
YOR028C	+	YGR035WA
YOR028C	+	YFR016C
YOR028C	-	YDR338C
YOR028C	-	YJR154W
YOR028C	+	YDL129W
YOR028C	+	YOL133W
YOR028C	-	YDR505C
YOR028C	-	YGR145W
YOR028C	-	YJL029C
YOR028C	+	YPL165C
YOR028C	-	YOL135C
YOR028C	+	YMR090W
YOR028C	+	YJL028W
YOR028C	-	YLR001C
YOR028C	+	YNL039W
YOR028C	-	YIL045W
YOR028C	+	YLR264CA
YOR028C	+	YBR201W
YOR028C	-	YJR084W
YOR028C	-	YBR295W
YOR028C	+	YLL006WA
YOR028C	-	YPR014C
YOR028C	+	YNL028W
YOR028C	+	YPR022C
YOR028C	-	YPL278C
YOR028C	+	YBR008C
YOR028C	-	YGL006WA
YOR028C	-	YGL007CA
YOR028C	-	YOR316CA
YOR028C	-	YGR233C
YOR028C	-	YGR192C
YOR028C	+	YJR133W
YOR028C	+	YMR083W
YOR028C	-	YJR003C
YOR028C	+	YLR021W
YOR028C	+	YBR054W
YOR028C	-	YLR030W
YOR028C	-	YMR082C
YOR028C	-	YLR029C
YOR028C	-	YMR244CA
YOR028C	+	YJR129C
YOR028C	-	YER038C
YOR028C	-	YMR246W
YOR028C	+	YKL101W
YOR028C	+	YLR332W
YOR028C	+	YPR158CC
YOR028C	+	YLR034C
YOR028C	+	YJR132W
YNL236W	+	YPR169W
YNL236W	+	YBL095W
YNL236W	+	YBR073W
YLR228C	-	YHR138C
YLR228C	+	YPR010C
YLR228C	+	YNL012W
YLR228C	-	YNL107W
YLR228C	+	YBR107C
YLR228C	+	YDR143C
YLR228C	+	YDL025C
YLR228C	+	YDL110C
YLR228C	-	YLR161W
YLR228C	+	YNL013C
YLR228C	+	YPL277C
YLR228C	+	YPR046W
YLR228C	+	YIL090W
YLR228C	-	YDL185W
YLR228C	-	YLR037C
YLR228C	-	YDR246W
YLR228C	+	YGR165W
YLR228C	-	YCL058C
YLR228C	+	YHL039W
YOL089C	-	YNL038W
YOL089C	-	YNL134C
YOL089C	-	YJR013W
YOL089C	+	YDR099W
YOL089C	+	YGR072W
YOL089C	+	YGR271W
YOL089C	+	YDR098CA
YOL089C	-	YDR098CB
YOL089C	+	YGL097W
YOL089C	-	YCR108C
YOL089C	-	YMR118C
YOL089C	-	YCR102WA
YOL089C	-	YPR072W
YOL089C	-	YER134C
YLR451W	+	YCR019W
YLR451W	+	YER190W
YLR451W	-	YMR014W
YLR451W	-	YER073W
YLR451W	+	YLR154C
YLR451W	+	YGR271CA
YLR451W	-	YJL008C
YLR451W	+	YJL198W
YLR451W	+	YLR355C
YLR451W	+	YKL120W
YLR451W	+	YHR218W
YLR451W	-	YLR162WA
YLR451W	-	YOR001W
YLR451W	-	YNL104C
YLR451W	-	YPR108WA
YLR451W	-	YML071C
YLR451W	-	YOR108W
YLR451W	-	YNL231C
YLR451W	-	YBR068C
YLR451W	+	YCR020CA
YLR451W	+	YCL018W
YLR451W	+	YPR144C
YLR451W	-	YKL118W
YLR451W	+	YLL004W
YLR451W	+	YDL181W
YLR451W	-	YOR227W
YLR451W	+	YPL198W
YLR451W	+	YGR190C
YLR451W	+	YDR125C
YLR451W	+	YOR011WA
YLR451W	-	YPL264C
YLR451W	+	YHR175W
YLR451W	-	YJR001W
YLR451W	+	YOL013WB
YLR451W	+	YJL130C
YLR451W	-	YOR201C
YLR451W	-	YMR063W
YLR451W	-	YJL191W
YLR451W	+	YLR354C
YLR451W	+	YMR108W
YLR451W	+	YLR368W
YLR451W	-	YER092W
YLR451W	+	YGL184C
YLR451W	+	YHR207C
YLR451W	+	YHR208W
YLR451W	-	YJL048C
YLR451W	+	YML070W
YLR451W	+	YNL277W
YLR451W	+	YBR104W
YLR451W	+	YNL017C
YLR451W	+	YOR271C
YLR451W	+	YNL016W
YLR451W	+	YGR175C
YLR451W	-	YOR272W
YOR032C	-	YOR001W
YOR032C	+	YLR035C
YOR032C	-	YFL002WA
YOR032C	-	YEL002C
YOR032C	-	YFL002WB
YOR032C	+	YFL003C
YOR032C	+	YHR005CA
YOR032C	-	YER136W
YOR032C	-	YBR133C
YBL103C	-	YDR084C
YBL103C	+	YCR018CA
YBL103C	-	YMR193W
YBL103C	+	YBL043W
YBL103C	-	YGL255W
YBL103C	+	YER002W
YBL103C	-	STA1
YBL103C	-	YLR130C
YBL103C	-	YOL080C
YBL103C	+	YDR522C
YBL103C	-	YCR097W
YBL103C	+	STA2
YBL103C	+	YCR040W
YBL103C	-	YKL178C
YBL103C	-	YJR109C
YBL103C	-	YDR127W
YBL103C	+	YDR079W
YBL103C	-	YHR018C
YBL103C	-	YLR267W
YBL103C	+	YDR078C
YBL103C	-	YER069W
YBL103C	+	YEL050C
YBL103C	+	YEL071W
YBL103C	+	YPL137C
YBL103C	+	YLR082C
YBL103C	-	YPL135W
YBL103C	-	YKL067W
YBL103C	-	YNL002C
YBL103C	-	YNL001W
YBL103C	-	YPR198W
YBL103C	-	YNR001C
YBL103C	+	YGR272C
YBL103C	-	YCR005C
YBL103C	-	YMR227C
YBL103C	+	YMR228W
YBL103C	+	YLL005C
YBL103C	+	YGR218W
YBL103C	-	YKR004C
YBL103C	+	YLR302C
YBL103C	-	YDR067C
YBL103C	-	YJR148W
YBL103C	-	YHR161C
YBL103C	-	YHR162W
YBL103C	-	YEL010W
YBL103C	-	YER013W
YBL103C	-	YMR135WA
YBL103C	-	YKL071W
YBL103C	+	YER044CA
YBL103C	+	YAL062W
YBL103C	-	YDR540C
YBL103C	-	YCR090C
YBL103C	+	YPL124W
YBL103C	-	YPR001W
YBL103C	-	YDL013W
YBL103C	+	YLR318W
YBL103C	+	YLR316C
YBL103C	+	YCR095C
YBL103C	+	YER129W
YBL103C	+	YBR257W
YBL103C	+	YBR282W
YBL103C	-	YLR140W
YBL103C	+	YDR519W
YBL103C	+	YDR483W
YBL103C	-	YPL268W
YBL103C	+	YDR482C
YBL103C	+	YOR337W
YBL103C	+	YLR397C
YMR042W	-	YER069W
YMR042W	+	YFR005C
YMR042W	-	YNR072W
YMR042W	+	YLR438W
YMR042W	+	YNL240C
YMR042W	+	YLL016W
YMR042W	-	YFR045W
YIR023W	+	YDL210W
YIR023W	-	YDR545W
YIR023W	+	YEL062W
YIR023W	-	YIR028W
YIR023W	-	YGR019W
YIR023W	+	YBR208C
YIR023W	+	YDR508C
YIR023W	+	YMR098C
YIR023W	+	YMR195W
YIR023W	+	YDL171C
YIR023W	-	YJR109C
YIR023W	+	YLR304C
YIR023W	-	YNL142W
YIR023W	+	YIR027C
YIR023W	-	YJL212C
YIR023W	+	YDL215C
YIR023W	+	YBR209W
YIR023W	+	YDR099W
YIR023W	-	YKL118W
YIR023W	+	YOR221C
YIR023W	-	YPR035W
YIR023W	-	YBL042C
YIR023W	-	YBL041W
YIR023W	+	YDL237W
YIR023W	+	YBR043C
YIR023W	+	YMR088C
YIR023W	-	YCL012W
YIR023W	-	YLR094C
YIR023W	-	YDR047W
YIR023W	+	YCL014W
YIR023W	-	YDR098CB
YIR023W	+	YJR148W
YIR023W	-	YLR110C
YIR023W	-	YLR138W
YIR023W	-	YLR031W
YIR023W	+	YGL203C
YIR023W	-	YDL236W
YIR023W	+	YOR376W
YIR023W	-	YGR055W
YIR023W	-	YGR018C
YIR023W	-	YLL032C
YIR023W	+	YJL133W
YIR023W	-	YCL063W
YIR023W	+	YGR120C
YIR023W	-	YGR155W
YIR023W	+	YEL065W
YIR033W	-	YBR043C
YIR033W	+	YGR018C
YIR033W	-	YJL133W
YIR033W	+	YGR155W
YLR113W	-	YCL066W
YLR113W	+	YOR313C
YLR113W	+	YIR032C
YLR113W	+	YLR392C
YLR113W	-	YDR417C
YLR113W	-	YDR524WA
YLR113W	-	YDR525W
YLR113W	-	YJL206C
YLR113W	+	YPL061W
YLR113W	+	YJR004C
YOL116W	-	YDL214C
YOL116W	+	YBL042C
YOL116W	+	YKR038C
YOL116W	+	YJR083C
YOL116W	+	YDR504C
YOL116W	+	YGR035WA
YOL116W	+	YOL133W
YOL116W	-	YIR001C
YOL116W	+	YLL061W
YOL116W	+	YMR089C
YOL116W	+	YPL165C
YOL116W	+	YMR090W
YOL116W	+	YLR264CA
YOL116W	-	YBR295W
YOL116W	+	YNL028W
YOL116W	+	YPL275W
YOL116W	-	YMR081C
YOL116W	-	YJR003C
YOL116W	-	YMR244CA
YOL116W	+	YLR332W
YOL067C	-	YPR155C
YOL067C	+	YDR323C
YDR463W	-	YDR510W
YDR463W	-	YMR227C
YDR463W	+	YPL217C
YDR463W	+	YLR261C
YDR463W	+	YPL216W
YDR463W	+	YEL045C
YDR463W	-	YDL181W
YDR463W	+	YCL025C
YDR463W	-	YCL012W
YDR463W	-	YPL060CA
YDR463W	-	YDL152W
YDR463W	+	YDR047W
YDR463W	-	YCL014W
YDR463W	+	YDR103W
YDR463W	+	YBL104C
YDR463W	-	YDR068W
YDR463W	-	YDR494W
YDR463W	+	YLR322W
YDR463W	+	YCR095C
YDR463W	-	YPL059W
YDR463W	-	YGR283C
YDR463W	+	YLR046C
YDR463W	+	YNL173C
YDR463W	-	YNL267W
YDR463W	+	YKL161C
YHR006W	+	YGL001C
YHR006W	-	YCR041W
YHR006W	-	YCR039C
YHR006W	+	YBR068C
YHR006W	+	YDR102C
YHR006W	+	YLR035C
YHR006W	-	YFL017C
YHR006W	-	YLR374C
YHR006W	-	YFL002WA
YHR006W	-	YEL002C
YHR006W	+	YDR101C
YHR006W	+	YDL019C
YHR006W	-	YEL052W
YHR006W	-	YBR040W
YHR006W	-	YFL002WB
YHR006W	+	YFL003C
YHR006W	-	YGL170C
YHR006W	+	YHR005CA
YHR006W	-	YBR281C
YHR006W	-	YBR133C
YDR034C	+	YMR136W
YDR034C	-	YGR067C
YDR034C	-	YDR510W
YDR034C	+	YNL065W
YDR034C	+	YIL164C
YDR034C	+	YHR022C
YDR034C	-	YHR023W
YDR034C	-	YNL130C
YDR034C	+	YOR236W
YDR034C	-	YLR355C
YDR034C	-	YJR016C
YDR034C	-	YBR162C
YDR034C	-	YNL129W
YDR034C	-	YGL134W
YDR034C	+	YJR110W
YDR034C	-	YOR302W
YDR034C	-	YCL018W
YDR034C	-	YMR228W
YDR034C	-	YLL005C
YDR034C	+	YDR046C
YDR034C	-	YIR034C
YDR034C	+	YBR115C
YDR034C	-	YGR190C
YDR034C	+	YLL009C
YDR034C	-	YDR125C
YDR034C	+	YPL264C
YDR034C	+	YJR001W
YDR034C	-	YJL130C
YDR034C	+	YDL054C
YDR034C	+	YMR063W
YDR034C	+	YJL191W
YDR034C	+	YGR084C
YDR034C	+	YCR023C
YDR034C	-	YBL102W
YDR034C	+	YGL026C
YDR034C	-	YGR267C
YDR034C	-	YPR185W
YDR034C	-	YBR256C
YDR034C	-	YJR028W
YDR034C	+	YDR244W
YDR034C	+	YPR121W
YDR034C	+	YCR053W
YDR034C	+	YBR250W
YDR034C	-	YML070W
YDR034C	-	YOL152W
YDR034C	-	YBR104W
YDR034C	+	YBR144C
YPL038W	-	YHR193C
YPL038W	-	YJL210W
YPL038W	+	YLR180W
YPL038W	+	YNL277WA
YPL038W	-	YER092W
YPL038W	+	YGR204W
YPL038W	-	YLR027C
YDR081C	-	YDR046C
YDR081C	-	YNR049C
YDR081C	-	YBL104C
YDR081C	+	YDR494W
YDR081C	+	YDR524WA
YDR081C	-	YLR322W
YDR081C	-	YLL025W
YDR081C	-	YLR046C
YDR081C	-	YKL161C
YKL062W	-	YLR467W
YKL062W	+	YML115C
YKL062W	-	YMR098C
YKL062W	+	YNL002C
YKL062W	-	YNL001W
YKL062W	+	YMR178W
YKL062W	+	YGR218W
YKL062W	+	YLR302C
YKL062W	-	YPR124W
YKL062W	-	YDR102C
YKL062W	-	YBR166C
YKL062W	+	YIL176C
YKL062W	-	YDL192W
YKL062W	+	YER013W
YKL062W	+	YMR087W
YKL062W	-	YGR142W
YKL062W	-	YJL225C
YKL062W	+	YER044CA
YKL062W	+	YLR277C
YKL062W	-	YHR086WA
YKL062W	+	YHR088W
YKL062W	-	YBL108CA
YKL062W	+	YDR261C
YKL062W	-	YHR087W
YKL062W	+	YKR066C
YKL062W	-	YMR315W
YKL062W	+	YDR354W
YKL062W	+	YDR258C
YKL062W	+	YBR013C
YKL062W	+	YLL024C
YKL062W	+	YMR170C
YKL062W	+	YHL038C
YKL062W	-	YJR118C
YKL062W	+	YDR353W
YKL062W	+	YNL006W
YKL062W	+	YER103W
YKL062W	-	YAL003W
YKL062W	+	YHR104W
YKL062W	-	YNL007C
YKL062W	+	YCL040W
YKL062W	+	YDR484W
YKL062W	-	YLL063C
YKL062W	+	YDR004W
YKL062W	+	YML057W
YKL062W	+	YHR034C
YKL062W	-	YHR035W
YKL062W	+	YOR228C
YKL062W	+	YPL146C
YKL062W	+	YBR074W
YKL062W	+	YBR244W
YKL062W	-	YBR243C
YKL062W	-	YKR054C
YKL062W	+	YDR457W
YKL062W	+	YDR455C
YKL062W	-	YIL066C
YKL062W	-	YKR055W
YKL062W	-	YJL098W
YKL062W	+	YAL005C
YKL062W	-	YGR088W
YKL062W	-	YMR251WA
YKL062W	-	YML028W
YKL062W	+	YDR085C
YKL062W	-	YGR192C
YKL062W	+	YDR228C
YKL062W	-	YNL135C
YKL062W	-	YLR288C
YKL062W	-	YMR050C
YKL062W	-	YMR165C
YKL062W	+	YIL051C
YKL062W	+	YLR289W
YKL062W	-	YHR128W
YKL062W	-	YPL150W
YKL062W	+	YDR061W
YKL062W	-	YPL151C
YKL062W	+	YMR051C
YKL062W	+	YER037W
YKL062W	-	YDR229W
YKL062W	-	YER036C
YKL062W	+	YDR145W
YKL062W	+	YGL038C
YKL062W	+	YBR117C
YKL062W	-	YNL160W
YKL062W	-	YER066CA
YKL062W	-	YML125C
YKR067W	-	YIL098C
YKR067W	-	YPR061C
YKR067W	+	YER096W
YDR073W	-	YOR228C
YDR073W	+	YEL077C
YPR199C	+	YER007CA
YPR199C	-	YML048WA
YPR199C	+	YAL018C
YMR037C	+	YML116W
YMR037C	+	YCR021C
YMR037C	-	YMR172CA
YMR037C	-	YOL159C
YMR037C	+	YDR210WD
YMR037C	+	YGR072W
YMR037C	-	YMR178W
YMR037C	-	YDR098CA
YMR037C	+	YDL182W
YMR037C	+	YGR050C
YMR037C	-	YMR086CA
YMR037C	+	YGR142W
YMR037C	+	YLR277C
YMR037C	+	YLR053C
YMR037C	+	YHR088W
YMR037C	+	YMR105C
YMR037C	-	YPL123C
YMR037C	-	YDR354W
YMR037C	+	YAL062W
YMR037C	+	YBR012C
YMR037C	+	YMR137C
YMR037C	+	YLL024C
YMR037C	+	YMR170C
YMR037C	-	YHL038C
YMR037C	-	YMR169C
YMR037C	+	YJR118C
YMR037C	+	YDR353W
YMR037C	-	YKL085W
YMR037C	-	YNL006W
YMR037C	-	YER103W
YMR037C	-	YNL007C
YMR037C	-	YCL040W
YMR037C	-	YDR484W
YMR037C	-	YOR018W
YMR037C	-	YKL036C
YMR037C	-	YER077C
YMR037C	-	YOR238W
YMR037C	+	YDR013W
YMR037C	-	YKL070W
YMR037C	+	YFL012W
YMR037C	+	YNL159C
YMR037C	+	YJL164C
YMR037C	-	YLR164W
YMR037C	+	YLR163C
YMR037C	+	YFL013C
YMR037C	+	YNL158W
YMR037C	+	YBR244W
YMR037C	+	YBR243C
YMR037C	+	YKR054C
YMR037C	+	YDR455C
YMR037C	-	YKR055W
YMR037C	-	YOL052CA
YMR037C	+	YGR209C
YMR037C	+	YAL005C
YMR037C	-	YKL087C
YMR037C	+	YLR108C
YMR037C	-	YML008C
YMR037C	+	YGL231C
YMR037C	+	YOR043W
YMR037C	+	YLR258W
YMR037C	-	YNL052W
YMR037C	+	YGR211W
YMR037C	+	YLR111W
YMR037C	-	YKL037W
YMR037C	-	YKL035W
YMR037C	-	YBR085CA
YMR037C	-	YNL155W
YMR037C	+	YNL156C
YMR037C	+	YKL019W
YMR037C	+	YNR041C
YMR037C	+	YDR492W
YMR037C	-	YEL035C
YMR037C	+	YNR043W
YMR037C	-	YPL218W
YMR037C	-	YDR490C
YMR037C	-	YKR046C
YMR037C	-	YHR190W
YMR037C	+	YMR134W
YMR037C	-	YLR256WA
YMR037C	-	YKL052C
YMR037C	+	YBR117C
YMR037C	+	YDR171W
YMR037C	-	YAL060W
YMR037C	-	YKL051W
YMR037C	-	YNL160W
YMR037C	-	YER066CA
YMR037C	+	YGR049W
YMR037C	-	YKL152C
YMR037C	+	YDR033W
YMR037C	+	YBR168W
YMR037C	+	YBR167C
YKR064W	-	YMR315W
YEL056W	+	YBR018C
YEL056W	+	YAL049C
YEL056W	+	YAR002CA
YEL056W	-	YOR119C
YEL056W	+	YGR102C
YEL056W	-	YDR493W
YEL056W	+	YLR077W
YEL056W	+	YNL074C
YEL056W	+	YBR211C
YEL056W	+	YDR527W
YIL010W	-	YMR020W
YOR025W	+	YPR039W
YOR025W	+	YLR287C
YOR025W	-	YLR167W
YOR025W	+	YLR166C
YML102W	+	YIL014CA
YOR229W	+	YHR087W
YOR229W	-	YHR104W
YOR229W	+	YLL063C
YOR229W	-	YDR004W
YOR229W	-	YML057W
YOR229W	-	YHR034C
YOR229W	+	YHR035W
YOR229W	-	YPL146C
YOR229W	-	YBR074W
YOR229W	+	YJL098W
YOR229W	-	YDR228C
YOR229W	+	YNL135C
YOR229W	+	YMR050C
YOR229W	-	YIL051C
YOR229W	+	YPL150W
YOR229W	-	YDR061W
YOR229W	+	YPL151C
YOR229W	-	YMR051C
YOR229W	+	YDR229W
YOR229W	+	YML125C
YML007W	-	YMR258C
YML007W	+	YDR453C
YML007W	+	YOL117W
YML007W	+	YBL032W
YML007W	+	YBL033C
YML007W	-	YJL047CA
YML007W	-	YOL118C
YML007W	+	YDR308C
YML007W	-	YLR043C
YML007W	-	YGR234W
YML007W	-	YLL058W
YML007W	-	YPL091W
YML007W	-	YJL100W
YML007W	+	YDR307W
YML007W	-	YFL055W
YML007W	+	YDR438W
YML007W	+	YLL059C
YML007W	-	YFR002W
YML007W	+	YML130C
YML007W	-	YJR104C
YHR124W	+	YBR063C
YBR275C	-	YDR210W
YBR275C	-	YOL057W
YBR275C	+	YBL076C
YDR423C	+	YKL154W
YDR423C	-	YCL026CA
YBL008W	-	YOR208W
YBL008W	+	YBL008WA
YBL008W	+	YLR456W
YOL028C	+	YJL088W
YOL028C	-	YHR179W
YOL028C	+	YLR023C
YOL028C	-	YDR041W
YOL028C	+	YHR007C
YOL028C	-	YLR460C
YOL028C	-	YML131W
YOL028C	+	YLL052C
YOL028C	-	YLL053C
YOL028C	+	YJR102C
YOL028C	-	YIR005W
YOL028C	+	YNL134C
YOL028C	+	YDR278C
YOL028C	+	YOL058W
YOL028C	-	YOL119C
YOL028C	+	YIR031C
YOL028C	-	YOR226C
YOL028C	-	YDR011W
YOL028C	+	YDR010C
YOL028C	+	YMR177W
YOL028C	-	YBR008C
YOL028C	+	YPL170W
YOL028C	-	YDR132C
YOL028C	+	YMR038C
YOL028C	-	YLR022C
YOL028C	-	YDL239C
YOL028C	-	YKR052C
YOL028C	-	YLR108C
YOL028C	-	YLL060C
YOL028C	-	YKR071C
YOL028C	-	YHR134W
YOL028C	+	YNL239W
YOL028C	-	YPR048W
YOL028C	+	YOR008C
YOL028C	+	YDR137W
YOL028C	-	YBR254C
YOL028C	-	YLL054C
YOL028C	+	YPL091W
YOL028C	+	YJL052W
YOL028C	-	YDL204W
YOL028C	-	YHR111W
YOL028C	-	YJL101C
YOL028C	+	YLR297W
YOL028C	+	YKL040C
YOL028C	-	YER089C
YOL028C	-	YPR201W
YOL028C	-	YMR119WA
YOL028C	+	YKR098C
YOL028C	+	YMR119W
YOL028C	+	YER185W
YOL028C	+	YDL242W
YOL028C	-	YBR047W
YOL028C	+	YDL243C
YOL028C	-	YDR341C
YOL028C	-	YBR046C
YOL028C	+	YDR486C
YOL028C	-	YGR011W
YOL028C	-	YMR318C
YOL028C	+	YMR031WA
YOL028C	+	YML086C
YOL028C	-	YDL234C
YOL028C	+	YLR193C
YOL028C	+	YMR316CB
YOL028C	-	YBR176W
YOL028C	+	YPR085C
YOL028C	+	YNL249C
YOL028C	+	YLR298C
YOL028C	-	YLR299W
YOL028C	-	YDL233W
YOL028C	-	YDR182W
YOL028C	+	YFL056C
YOL028C	+	YPR200C
YOL028C	+	YGR009C
YOL028C	+	YGR039W
YOL028C	-	YKR044W
YOL028C	-	YKL157W
YOL028C	+	YDL124W
YOL028C	-	YER148W
YOL028C	-	YLR254C
YOL028C	-	YPR118W
YOL028C	-	YNL212W
YOL028C	-	YBL027W
YOL028C	-	YHR191C
YOL028C	-	YER147C
YOL028C	-	YJR122W
YOL028C	+	YNL261W
YOL028C	-	YKR043C
YOL028C	-	YER141W
YOL028C	-	YKR061W
YOL028C	+	YNL174W
YOL028C	-	YOR163W
YDR181C	-	YHR007C
YDR181C	-	YLL052C
YDR181C	-	YJL031C
YDR181C	+	YDR135C
YDR181C	+	YKR052C
YDR181C	+	YLL060C
YDR181C	+	YHR133C
YDR181C	+	YGR144W
YDR181C	+	YHR111W
YDR181C	+	YMR119WA
YDR181C	-	YMR119W
YDR181C	-	YDL243C
YDR181C	+	YDR341C
YDR181C	+	YMR318C
YDR181C	-	YMR031WA
YDR181C	+	YDL234C
YDR181C	+	YBR174C
YDR181C	-	YPR085C
YDR181C	-	YLR298C
YDR181C	+	YLR299W
YDR181C	+	YDR182W
YDR181C	+	YDL218W
YDR181C	-	YGR039W
YDR181C	+	YKL157W
YDR181C	+	YDL125C
YDR181C	+	YDR361C
YDR181C	+	YER148W
YDR181C	+	YHR192W
YDR181C	+	YLR254C
YDR181C	+	YPR118W
YDR181C	+	YJR122W
YDR181C	-	YBL028C
YDR181C	+	YKR043C
YDR181C	+	YNL213C
YDR181C	+	YOR163W
YPR086W	-	YLR023C
YPR086W	+	YDR135C
YPR086W	+	YHR133C
YPR086W	+	YGR144W
YPR086W	-	YLR297W
YPR086W	+	YBR174C
YPR086W	+	YBR176W
YPR086W	+	YDL218W
YPR086W	+	YDR361C
YPR086W	+	YHR192W
YPR086W	-	YBL028C
YPR086W	+	YNL213C
YNL103W	+	YGR067C
YNL103W	-	YDL151C
YNL103W	+	YBR162C
YNL103W	+	YLL004W
YNL103W	+	YIR034C
YNL103W	+	YLL033W
YNL103W	-	YDL054C
YNL103W	+	YLR179C
YNL103W	+	YAL012W
YNL103W	+	YNL277WA
YNL103W	+	YEL047C
YNL103W	-	YLL025W
YNL103W	+	YGR256W
YNL103W	+	YDR226W
YNL103W	-	YGR084C
YNL103W	+	YGL184C
YNL103W	+	YOL049W
YNL103W	-	YDR244W
YNL103W	-	YOR339C
YNL103W	-	YLR067C
YNL103W	-	YLR068W
YNL103W	-	YJR010W
YNL103W	+	YNL277W
YNL103W	+	YNL017C
YNL103W	+	YNL016W
YNL103W	-	YLR301W
YLR453C	+	YCL067C
YLR453C	+	YPR191W
YLR453C	-	YOR256C
YLR453C	-	YOR257W
YLR453C	-	YDR299W
YLR453C	+	YPR190C
YLR453C	-	YPL271W
YLR453C	-	YNL055C
YLR453C	+	YKL141W
YLR453C	+	YPR187W
YLR453C	-	YHR050WA
YLR453C	+	YJR097W
YLR453C	-	YJL166W
YLR453C	-	YHR001WA
YLR453C	+	YIL019W
YLR357W	+	YLR081W
YLR357W	+	YAR002W
YLR357W	+	YDL034W
YLR357W	-	YDL036C
YLR357W	-	YPR194C
YLR357W	-	YLR082C
YLR357W	+	YAR003W
YLR357W	+	YDR005C
YLR357W	+	YDR008C
YLR357W	+	YGR172C
YLR357W	-	YBR022W
YLR357W	+	YLR080W
YLR357W	+	YNR081W
YLR357W	+	YGR173W
YLR357W	-	MEL1
YLR357W	-	YDR491C
YLR357W	+	YDR006C
YLR357W	-	YLR076C
YLR357W	-	YBR021W
YLR357W	+	YEL057C
YLR357W	-	YNL073W
YLR357W	+	YBR017C
YLR357W	-	YBR212W
YOR290C	-	YKL044W
YOR290C	+	YIL095W
YOR290C	-	YNL005C
YOR290C	+	YNL018C
YOR290C	-	YOR352W
YOR290C	-	YNL151C
YOR290C	+	YHR054C
YOR290C	+	YMR206W
YOR290C	-	YGR286C
YOR290C	+	YGR087C
YOR290C	-	YAR023C
YOR290C	-	YHR112C
YOR290C	-	YCR017C
YOR290C	+	YML004C
YOR290C	-	YNL302C
YHR206W	+	YCR019W
YHR206W	+	YCR105W
YHR206W	+	YMR135C
YHR206W	-	YER001W
YHR206W	+	YBR157C
YHR206W	+	YBR158W
YHR206W	-	YHR071W
YHR206W	+	YCR073WA
YHR206W	-	YLR294C
YHR206W	+	YCR073C
YHR206W	+	YPL187W
YHR206W	+	YKR093W
YHR206W	-	YCR098C
YHR206W	-	YEL044W
YHR206W	+	YIR031C
YHR206W	-	YLR110C
YHR206W	+	YPR062W
YHR206W	+	YGR237C
YHR206W	-	YDR435C
YHR206W	+	YNR070W
YHR206W	+	YIL097W
YHR206W	+	YEL076CA
YHR206W	-	YDR453C
YHR206W	+	YPR063C
YHR206W	-	YMR251WA
YHR206W	-	YOR208W
YHR206W	+	YLR258W
YHR206W	+	YER096W
YHR206W	+	YAR029W
YHR206W	-	YDR406W
YHR206W	-	YAR070C
YHR206W	+	YOR273C
YHR206W	-	YNL217W
YHR206W	+	YBR053C
YHR206W	+	YOR274W
YHR206W	-	YIL040W
YHR206W	-	YML091C
YHR206W	-	YML052W
YHR206W	+	YLL020C
YHR206W	-	YBR054W
YHR206W	-	YJR079W
YHR206W	-	YIR018CA
YHR206W	-	YJR077C
YHR206W	+	YIL050W
YHR206W	-	YJR078W
YHR206W	-	YMR145C
YHR206W	-	YKL035W
YHR206W	-	YNL015W
YHR206W	-	YMR252C
YHR206W	+	YER149C
YHR206W	-	YNL071W
YHR206W	-	YBR032W
YHR206W	+	YPR161C
YHR206W	-	YDR358W
YHR206W	+	YHR004C
YHR206W	+	YLL018CA
YHR206W	-	YER154W
YHR206W	+	YOR207C
YHR206W	-	YER152C
YHR206W	-	YER150W
YHR206W	+	YLR253W
YHR206W	+	YGR138C
YHR206W	+	YLR414C
YHR206W	-	YOL126C
YHR206W	-	YBR085CA
YHR206W	+	YGR015C
YHR206W	+	YGR016W
YHR206W	+	YNL098C
YHR206W	-	YOR343CA
YHR206W	+	YGR140W
YHR206W	+	YNL014W
YHR206W	-	YPR159CA
YHR206W	-	YIL113W
YHR206W	-	YNL234W
YHR206W	+	YOR349W
YHR206W	+	YPR064W
YHR206W	+	YIL114C
YHR206W	-	YNL170W
YHR206W	+	YOR343CB
YHR206W	+	YHR002W
YHR206W	+	YDL006W
YHR206W	+	YNL172W
YHR206W	-	YKR097W
YHR206W	+	YER011W
YHR206W	-	YDR525WA
YHR206W	-	YGL055W
YHR206W	+	YGL007W
YHR206W	-	YDL049C
YHR206W	+	YGR086C
YHR206W	-	YEL017W
YHR206W	-	YFR024C
YHR206W	-	YNR014W
YHR206W	-	YFR024CA
YHR206W	-	YEL021W
YHR206W	-	YEL017CA
YHR206W	-	YPL025C
YBR195C	-	YDL245C
YBR195C	-	YOR318C
YBR195C	+	YAR050W
YBR195C	-	YHL016C
YBR195C	-	YBL087C
YBR195C	+	YIR014W
YBR195C	+	YGR019W
YBR195C	-	YER046W
YBR195C	-	YHL034C
YBR195C	+	YOR047C
YBR195C	+	YFL004W
YBR195C	-	YMR151W
YBR195C	+	YLR412CA
YBR195C	+	YJL217W
YBR195C	-	YJL148W
YBR195C	+	YNL143C
YBR195C	-	YLR304C
YBR195C	-	YPR038W
YBR195C	-	YJL173C
YBR195C	-	YJR152W
YBR195C	+	YDR090C
YBR195C	+	YPR035W
YBR195C	+	YKR038C
YBR195C	+	YLR094C
YBR195C	-	YOR275C
YBR195C	+	YLR138W
YBR195C	+	YIR021WA
YBR195C	+	YMR020W
YBR195C	-	YIR035C
YBR195C	+	YDL236W
YBR195C	-	YOR284W
YBR195C	-	YOR376W
YBR195C	+	YGR055W
YBR195C	-	YLR075W
YBR195C	+	YNL070W
YBR195C	+	YPR149W
YBR195C	+	YNR067C
YBR195C	+	YOR369C
YBR195C	-	YER158C
YBR195C	+	YEL004W
YBR195C	+	YOR180C
YNL309W	-	YKL086W
YDR520C	+	YLR288C
YDR520C	-	YLR289W
YDR520C	+	YHR128W
YDR520C	-	YER037W
YDR520C	+	YER036C
YIR017C	-	YDL151C
YIR017C	-	YDL149W
YIR017C	-	YMR126C
YIR017C	+	YOL049W
YIR017C	-	YOL050C
YIR017C	-	YOR339C
YIR017C	-	YLR067C
YIR017C	-	YLR068W
YIR017C	-	YJR010W
YIR017C	+	YNL082W
YIR017C	-	YDR144C
YIR017C	-	YDR145W
YJL089W	+	YBR108W
YJL089W	+	YOL079W
YJL089W	-	YOL125W
YJL089W	-	YLR308W
YJL089W	+	YLR128W
YJL089W	+	YLR127C
YJL089W	-	YNL116W
YJL089W	-	YGL230C
YJL089W	+	YLR309C
YJL089W	-	YNL117W
YJL089W	-	YLR430W
YMR280C	-	YLL043W
YMR280C	+	YBR126C
YMR280C	-	YPL043W
YMR280C	+	YJR010CA
YMR280C	+	YNL137C
YMR280C	-	YLR377C
YMR280C	-	YER065C
YMR280C	-	YLR308W
YMR280C	+	YLR128W
YMR280C	-	YJR095W
YMR280C	-	YNL116W
YMR280C	-	YGL230C
YMR280C	+	YLR309C
YMR280C	-	YNL117W
YMR280C	-	YLR430W
YGL166W	-	YGL034C
YGL166W	+	YNL040W
YGL166W	+	YPL058C
YGL166W	+	YLR342W
YGL166W	+	YIL173W
YGL166W	-	YNL018C
YGL166W	-	YGR244C
YGL166W	+	YHR202W
YGL166W	+	YHR073W
YGL166W	+	YHR013C
YGL166W	-	YGR113W
YGL166W	-	YOR351C
YGL166W	+	YOR084W
YGL166W	-	YHR014W
YGL166W	+	YHL021C
YGL166W	-	YNL035C
YGL166W	+	YNL034W
YGL166W	-	YIR042C
YGL166W	-	YGR133W
YGL166W	-	YDR122W
YGL166W	+	YOR310C
YGL166W	+	YHR053C
YGL166W	+	YNL283C
YGL166W	-	YBR202W
YGL166W	+	YOR031W
YGL166W	-	YDR098C
YGL166W	-	YJL222W
YGL166W	+	YOR048C
YLR256W	+	YAL063C
YLR256W	-	YBL045C
YLR256W	+	YJR048W
YLR256W	-	YBL044W
YLR256W	-	YOR317W
YLR256W	+	YEL039C
YLR256W	-	YJL175W
YLR256W	+	YDL182W
YLR256W	-	YOR018W
YLR256W	-	YKL036C
YLR256W	-	YER077C
YLR256W	-	YDR172W
YLR256W	-	YOR238W
YLR256W	+	YDR013W
YLR256W	-	YKL070W
YLR256W	+	YFL012W
YLR256W	+	YJL164C
YLR256W	+	YHR211W
YLR256W	-	YLR164W
YLR256W	+	YLR163C
YLR256W	+	YMR106C
YLR256W	-	YKL034W
YLR256W	+	YFL013C
YLR256W	+	YNL158W
YLR256W	-	YDR044W
YLR256W	-	YMR202W
YLR256W	-	YGR183C
YLR256W	-	YJL100W
YLR256W	-	YJR105W
YLR256W	+	YGL231C
YLR256W	+	YOR043W
YLR256W	-	YDR529C
YLR256W	-	YPL028W
YLR256W	-	YJR051W
YLR256W	-	YEL038W
YLR256W	-	YNL052W
YLR256W	+	YGR211W
YLR256W	-	YLR395C
YLR256W	+	YLR111W
YLR256W	-	YMR256C
YLR256W	-	YOR349W
YLR256W	+	YPR064W
YLR256W	-	YOR064C
YLR256W	-	YNL155W
YLR256W	+	YNL156C
YLR256W	+	YKL019W
YLR256W	-	YGL160W
YLR256W	+	YBR015C
YLR256W	-	YER141W
YLR256W	+	YNR041C
YLR256W	-	YEL036C
YLR256W	+	YDR492W
YLR256W	+	YEL034W
YLR256W	-	YEL035C
YLR256W	+	YNR043W
YLR256W	-	YIL155C
YLR256W	-	YPL218W
YLR256W	+	YER053C
YLR256W	-	YOL027C
YLR256W	+	YML126C
YLR256W	-	YKR046C
YLR256W	-	YHR190W
YLR256W	+	YMR220W
YLR256W	-	YOR356W
YLR256W	+	YMR282C
YLR256W	-	YLR153C
YLR256W	-	YGL187C
YLR256W	+	YLR205C
YLR256W	-	YGR060W
YLR256W	+	YLR139C
YLR256W	+	YGL193C
YLR256W	+	YMR134W
YLR256W	+	YGR266W
YLR256W	-	YDR233C
YLR256W	-	YLR256WA
YLR256W	+	YGR264C
YLR256W	+	YDR234W
YLR256W	+	YLR214W
YLR256W	-	YKL052C
YLR256W	+	YGL191W
YLR256W	-	YAL060W
YLR256W	-	YKL051W
YLR256W	+	YIR002C
YLR256W	+	YGR049W
YLR256W	-	YKL152C
YLR256W	+	YDR033W
YLR256W	+	YER146W
YLR256W	+	YER145C
YLR256W	+	YGR176W
YBR103W	+	YLR461W
YBR103W	-	YKL224C
YBR103W	-	YMR041C
YBR103W	+	YNL193W
YBR103W	-	YBR132C
YBR103W	+	YJL205CA
YBR103W	-	YBR206W
YBR103W	-	YHR116W
YBR103W	-	YBR204C
YBR103W	-	YDR475C
YBR103W	+	YBR205W
YJR127C	+	YKR102W
YJR127C	+	YMR017W
YJR127C	-	YOR138C
YJR127C	+	YJR094WA
YJR127C	+	YNL178W
YJR127C	+	YGR238C
YJR127C	+	YGL033W
YJR127C	+	YHL050C
YJR127C	+	YEL011W
YJR127C	+	YAL061W
YJR127C	-	YMR205C
YJR127C	+	YDR517W
YJR127C	+	YCR024C
YJR127C	+	YMR321C
YJR127C	+	YOR020C
YJR127C	-	YGL167C
YJR127C	+	YOL132W
YJR127C	+	YPR049C
YJR127C	-	YOR173W
YJR127C	-	YHR055C
YJR127C	+	YJR151C
YJR127C	+	YKL156W
YJR127C	+	YPL149W
YJR127C	-	YPR028W
YJR127C	-	YOR291W
YJR127C	+	YGR132C
YJR127C	-	YKL124W
YJR127C	-	YKL090W
YJR127C	-	YJL223C
YJR127C	-	YPL024W
YIL122W	+	YPR149W
YGL252C	-	YJL088W
YGL252C	+	YLR048W
YGL252C	+	YHR179W
YGL252C	-	YJR102C
YGL252C	+	YIR005W
YGL252C	-	YDR010C
YGL252C	+	YGR209C
YGL252C	-	YMR038C
YGL252C	+	YLR022C
YGL252C	+	YKR071C
YGL252C	+	YHR134W
YGL252C	-	YOR008C
YGL252C	-	YDR137W
YGL252C	+	YLL054C
YGL252C	+	YDL204W
YGL252C	-	YKR098C
YGL252C	+	YGR011W
YGL252C	-	YML086C
YGL252C	-	YLR193C
YGL252C	-	YMR316CB
YGL252C	-	YNL249C
YGL252C	+	YDL233W
YGL252C	-	YFL056C
YGL252C	-	YFL057C
YGL252C	+	YKR044W
YGL252C	+	YDL125C
YGL252C	+	YNL212W
YGL252C	+	YBL027W
YGL252C	+	YHR191C
YGL252C	+	YER147C
YGL252C	-	YNL261W
YGL252C	+	YKR061W
YGL252C	-	YNL174W
YCR081W	-	YMR126C
YCR081W	+	YNL082W
YNL097C	+	YPL012W
YNL097C	-	YLR411W
YNL097C	+	YJR049C
YGR288W	-	YGR292W
YGR288W	+	YGR289C
YKL015W	-	YOR306C
YKL015W	+	YHR048W
YKL015W	-	YMR056C
YKL015W	+	YPR038W
YKL015W	+	YPL137C
YKL015W	-	YPR124W
YKL015W	+	YLL026W
YKL015W	-	YJR121W
YKL015W	+	YDL104C
YKL015W	+	YJL058C
YKL015W	+	YPL272C
YKL015W	+	YOR381W
YKL015W	-	YML028W
YKL015W	+	YGR256W
YKL015W	-	YGR009C
YKL015W	+	YGR010W
YKL015W	-	YKL175W
YKL015W	-	YPR186C
YKL015W	-	YDL004W
YKL015W	-	YIL035C
YKL015W	-	YLR143W
YKL015W	+	YIL125W
YKL015W	-	YIL043C
YKL015W	+	YKL176C
YKL015W	+	YPR068C
YKL015W	-	YDL196W
YKL015W	+	YLR206W
YKL015W	-	YLR139C
YKL015W	-	YLR410WA
YKL015W	-	YEL067C
YKL015W	+	YFR024C
YKL015W	+	YPL250C
YKL015W	+	YEL065W
YKL015W	-	YOR271C
YKL015W	-	YGR257C
YKL015W	-	YHL035C
YKL015W	+	YLR126C
YKL015W	+	YDL050C
YKL015W	-	YER145C
YKL015W	-	YGR255C
YKL015W	-	YMR320W
YKL015W	-	YLR301W
YKL015W	-	YOR272W
YKL015W	-	YMR251W
YKL015W	+	YGR107W
YKL015W	+	YLL051C
YKL015W	-	YDR264C
YKL015W	+	YBL064C
YKL015W	-	YLR312C
YKL015W	+	YOL155C
YKL015W	-	YNL114C
YKL015W	+	YNL270C
YKL015W	+	YLR312WA
YKL015W	-	YOL154W
YKL015W	+	YLR212C
YKL015W	-	YNL268W
YKL015W	+	YDR265W
YKL015W	+	YML038C
YKL015W	-	YLR311C
YKL015W	+	YIL133C
YKL015W	-	YPR151C
YKL015W	+	YLR052W
YKL015W	-	YGL074C
YKL015W	+	YLL010C
YKL015W	+	YOR316C
YMR021C	+	YJR050W
YMR021C	-	YGR137W
YMR021C	+	YDL128W
YMR021C	+	YNL250W
YMR164C	+	YHL044W
YMR164C	-	YJR154W
YMR164C	-	YMR246W
YMR164C	+	YLR175W
YMR164C	+	YGL247W
YMR164C	+	YKR008W
YMR164C	+	YDL062W
YMR164C	+	YBR184W
YCR106W	+	YOR319W
YCR106W	+	YOR030W
YCR106W	-	YOR029W
YCR106W	-	YFL023W
YCR106W	+	YFL024C
YCR106W	-	YJL030W
YCR106W	-	YIR022W
YCR106W	-	YHR093W
YCR106W	+	YIR038C
YCR106W	-	YGL157W
YCR106W	+	YKL040C
YCR106W	+	YOR181W
YCR106W	+	YOL126C
YCR106W	-	YIL030C
YCR106W	+	YJL218W
YCR106W	+	YBR016W
YCR106W	-	YOL158C
YCR106W	+	YMR103C
YCR106W	-	YDR020C
YCR106W	-	YDR021W
YCR106W	+	YGR100W
YCR106W	+	YBR168W
YCR106W	+	YKL077W
YCR106W	-	YJL124C
YCR106W	+	YER044C
YPL202C	+	YER189W
YPL202C	+	YHR091C
YPL202C	-	YDR441C
YPL202C	-	YCR107W
YPL202C	-	YLL011W
YPL202C	+	YDR534C
YPL202C	-	YIR041W
YPL202C	+	YGL261C
YPL202C	-	YLR461W
YPL202C	-	YOR302W
YPL202C	-	YKL103C
YPL202C	-	YDL154W
YPL202C	-	YHR033W
YPL202C	+	YMR177W
YPL202C	-	YMR265C
YPL202C	+	YGR130C
YPL202C	+	YMR266W
YPL202C	+	YJL079C
YPL202C	+	YKL223W
YPL202C	+	YKL224C
YPL202C	+	YLR141W
YPL202C	-	YLR140W
YPL202C	-	YLR192C
YPL202C	+	YBR102C
YPL202C	-	YGL056C
YPL202C	+	YLR205C
YPL202C	-	YLR206W
YPL202C	-	YLR214W
YPL202C	+	YPL282C
YPL202C	-	YDR052C
YPL202C	+	YFR024CA
YPL202C	-	YBR296C
YPL202C	+	YMR041C
YPL202C	+	YLR397C
YPL202C	+	YNL259C
YPL202C	-	YMR034C
YPL202C	-	YNL193W
YPL202C	-	YOR330C
YPL202C	-	YNL194C
YPL202C	+	YBR132C
YPL202C	-	YJL205CA
YPL202C	+	YMR035W
YPL202C	-	YFL042C
YPL202C	-	YFL043C
YPL202C	-	YJR135C
YPL202C	-	YLR285W
YPL202C	+	YLL064C
YPL202C	+	YOR396W
YPL202C	+	YIL070C
YPL202C	+	YFL041W
YPL202C	+	YOR332W
YPL202C	-	YBR134W
YPL202C	-	YLR052W
YPL202C	+	YGL074C
YPL202C	-	YGL072C
YPL202C	+	YOR316C
YPL202C	+	YBR206W
YPL202C	+	YHR116W
YPL202C	+	YBR204C
YPL202C	+	YDR475C
YPL202C	-	YBR205W
YPL202C	-	YKL054C
YPL202C	+	YGL011C
YPL202C	-	YNL334C
YPL202C	+	YBR089CA
YPL202C	-	YLR284C
YPL202C	-	YGL010W
YLR120C	+	YDR442W
YLR120C	+	YHL045W
YLR120C	-	YDR534C
YLR120C	+	YMR265C
YLR120C	-	YMR266W
YLR120C	-	YKL223W
YLR120C	-	YLR141W
YLR120C	-	YPL282C
YLR120C	+	YDR052C
YLR120C	+	YBR296C
YLR120C	+	YMR034C
YLR120C	+	YOR330C
YLR120C	+	YNL194C
YLR120C	-	YGL260W
YLR120C	-	YMR035W
YLR120C	+	YFL042C
YLR120C	+	YFL043C
YLR120C	+	YLR285W
YLR120C	-	YLL064C
YLR120C	-	YOR396W
YLR120C	-	YIL070C
YLR120C	-	YFL041W
YLR120C	-	YOR332W
YLR120C	+	YBR134W
YLR120C	+	YGL072C
YLR120C	+	YKL054C
YLR120C	-	YGL011C
YLR120C	+	YNL334C
YLR120C	-	YBR089CA
YLR120C	+	YLR284C
YLR120C	+	YGL010W
