YKL112W	0.0686480152077	YIL037C
YDR216W	0.991416870567	YLR174W
YER040W	0.309371336596	YBL103C
YER040W	0.930223133985	YDL170W
YGR142W	0.98366816928	YKR075C
YGR142W	0.363768853871	YGL254W
YML123C	1.0	YHR136C
YHR136C	1.0	YML123C
YDR171W	2.84620397678e-05	YLR327C
YDR171W	0.998882995062	YLL033W
YDR171W	0.999999913822	YLR130C
YGR043C	0.0350158612072	YOL014W
YHR018C	0.995138928238	YKL112W
YHR018C	0.999411158299	YER040W
YHR018C	0.212878479248	YGR142W
YHR018C	0.0697768660146	YDL170W
YHR018C	0.0163318307198	YKR075C
YHR018C	0.636231146129	YGL254W
YHR018C	0.00335145222666	YMR229C
YHR018C	0.999794654907	YJL088W
YHR018C	0.820367405875	YLR438W
YHR018C	0.968597389049	YHR029C
YAL054C	0.0323218250584	YGR067C
YFL014W	0.977173570945	YNL194C
YOR348C	0.999999611705	YMR280C
YOR348C	0.901028963131	YHL028W
YOR348C	8.61783139608e-08	YLR130C
YDL170W	0.690628663404	YBL103C
YDL170W	0.000588841701172	YER040W
YDL170W	0.014028461937	YCR010C
YDL170W	4.86272809653e-05	YOR302W
YBR054W	0.00858312943323	YLR174W
YBR054W	0.439159288023	YGL009C
YCR010C	0.000397206149912	YDL160C
YER150W	0.511527820541	YBR054W
YER150W	2.91427475943e-14	YMR169C
YER150W	0.022826429055	YNL194C
YER150W	2.09115019172e-06	YER067W
YLR009W	0.568946378352	YAL054C
YLR009W	0.137834270261	YJL172W
YLR009W	1.57491047922e-05	YPL012W
YLR009W	0.0389024921662	YOR100C
YLR009W	0.304839409293	YNR046W
YLR009W	0.391766277458	YCL064C
YLR009W	0.588785869539	YDL091C
YLR009W	0.0136256913219	YOR206W
YLR009W	0.0574113948634	YLR276C
YPL111W	0.086787476424	YPL036W
YOR388C	0.999978427843	YJL217W
YOR388C	0.668911239888	YJL153C
YJL172W	0.0048610717623	YKL112W
YJL172W	0.797146878293	YCR021C
YJL172W	0.993090025971	YHR018C
YJL172W	0.961097507834	YOR100C
YJL172W	0.996648547773	YMR229C
YJL172W	0.65802189357	YAL062W
YJL172W	0.0314026109505	YHR029C
YPL012W	0.787121520752	YGR142W
YPL012W	2.15459699217e-13	YML123C
YPL012W	0.926074557223	YDR384C
YPL012W	0.00113880943841	YLR009W
YPL012W	0.986374308678	YOR206W
YPL012W	0.134367476035	YKR009C
YPL012W	0.0538181005137	YDR361C
YPL012W	0.34197810643	YAL062W
YPL012W	0.994192587286	YDR380W
YPL012W	0.0895786625635	YLL034C
YOR100C	0.967678174942	YGR067C
YMR169C	9.73222649043e-06	YGR043C
YNR046W	0.065098428915	YER002W
YNR046W	0.373891455349	YDL018C
YNR046W	0.00475182352172	YDR523C
YNR046W	0.622848644327	YOR056C
YMR193W	1.0	YJL063C
YMR193W	0.99960279385	YDL160C
YDL018C	0.996843074592	YKL040C
YIL136W	4.05916154626e-07	YFL014W
YIL136W	0.999997542918	YLR178C
YIL136W	0.00222771815642	YHR087W
YER158C	0.999999157005	YOR032C
YGR067C	0.931351984792	YIL037C
YGR067C	0.303168387937	YNL270C
YGR067C	0.964984138793	YOL014W
YPL265W	0.690343174884	YNL036W
YPL265W	0.0468430914474	YOR348C
YPL265W	0.999963332108	YPL111W
YPL265W	0.99706891171	YJR110W
YPL265W	0.980292888654	YJR148W
YPL265W	1.39441610899e-06	YLL011W
YPL265W	0.999011470621	YDR043C
YPL265W	0.995248176478	YDR523C
YPL265W	0.913212523576	YPL036W
YPL265W	0.974927692501	YBL042C
YPL265W	0.999957900342	YLR267W
YPL265W	1.9306608554e-05	YNR053C
YPL265W	0.629940911399	YGL229C
YKR056W	0.370059088601	YGL229C
YJL063C	1.0	YMR193W
YDL160C	0.50675455497	YHR216W
YLR327C	0.952363494569	YDR216W
YHR051W	1.36756275137e-21	YMR193W
YHR051W	0.864245675534	YGR183C
YHL028W	0.697451428685	YER158C
YMR229C	0.950582455311	YNR064C
YMR229C	0.879854719418	YFR022W
YOR206W	0.202853121707	YCR021C
YOR206W	0.00690997402904	YHR018C
YOR206W	0.431053621648	YAL054C
YOR206W	0.0739254427772	YDR384C
YOR206W	0.998861190562	YLR009W
YOR206W	0.862165729739	YJL172W
YOR206W	0.999984250895	YPL012W
YOR206W	0.695160590707	YNR046W
YOR206W	0.0494175446892	YNR064C
YOR206W	0.608233722542	YCL064C
YOR206W	0.411214130461	YDL091C
YOR206W	0.942588605137	YLR276C
YOR206W	0.179632594125	YLR438W
YOR206W	0.166002983302	YNL037C
YOR206W	0.865632523965	YKR009C
YOR206W	0.335633906356	YPR002W
YOR206W	0.946181899486	YDR361C
YOR206W	0.00580741271427	YDR380W
YOR206W	0.910421337437	YLL034C
YLL011W	3.88295475404e-07	YMR280C
YLL011W	0.309656825116	YNL036W
YLL011W	0.953156908553	YOR348C
YLL011W	0.626108544651	YDL018C
YLL011W	0.0673586374119	YPL265W
YLL011W	0.123151916796	YKR056W
YLL011W	0.000988529378821	YDR043C
YLL011W	0.979651969276	YDR258C
YLL011W	0.999980693391	YNR053C
YLL011W	0.960284727513	YDL110C
YNR028W	0.00315692540781	YKL040C
YDR258C	0.000787643325556	YLR258W
YKL071W	0.49324544503	YHR216W
YNL194C	0.0476365054309	YDR216W
YNL194C	0.999999594084	YFL014W
YNL194C	0.999999999811	YER150W
YNL194C	1.0	YMR169C
YNL194C	0.286183459124	YIL136W
YNL194C	0.000743895914503	YIL155C
YNL194C	0.052337707791	YKL015W
YLR276C	0.833997016698	YNL037C
YLR276C	0.664366093644	YPR002W
YLR438W	3.56486745318e-28	YHR136C
YNL037C	4.9615009483e-19	YJL063C
YNL037C	0.560840711977	YGL009C
YKR009C	0.368395538274	YHR051W
YKR009C	2.45708188212e-06	YLR178C
YGL009C	2.15721567153e-05	YJL217W
YDR361C	0.120145280582	YFR022W
YOR302W	0.985971538063	YCR010C
YOR302W	0.997338623993	YPL061W
YOR302W	0.0362985561418	YNR028W
YNL270C	0.331088760112	YJL153C
YFR022W	0.696831612063	YNL270C
YJL217W	0.999997433478	YOR388C
YJL217W	0.398503037206	YJR094C
YHR029C	0.00266137600652	YPL061W
YHR029C	0.000205345092838	YJL088W
YHR029C	0.963701443858	YNR028W
YHR029C	0.999951372719	YOR302W
YOL014W	0.601496962794	YJR094C
YNR053C	3.66678916099e-05	YPL111W
YNR053C	0.00293108828978	YJR110W
YNR053C	0.019707111346	YJR148W
YNR053C	0.932641362588	YPL265W
YNR053C	0.876848083204	YKR056W
YNR053C	0.999998605584	YLL011W
YNR053C	0.0203480307239	YDR258C
YNR053C	0.0250723074986	YBL042C
YNR053C	4.20996577667e-05	YLR267W
YNR053C	0.0397152724868	YDL110C
YLR258W	0.933479454382	YKL062W
YDR380W	0.524403739182	YKL071W
YLL034C	0.934901571085	YER002W
YLL034C	0.631604461726	YHR051W
YLL034C	0.377151355673	YOR056C
YDL110C	0.135754324466	YGR183C
YER067W	0.993968228377	YDR171W
YER067W	1.88968575646e-10	YER150W
YER067W	0.99997153796	YLR327C
YER067W	0.00111700493781	YLL033W
YER067W	0.997772281844	YHR087W
YLR178C	0.999990267774	YGR043C
YLR178C	0.713816540876	YIL136W
YLR178C	0.947662292209	YKL015W
YLR178C	0.0665205456184	YKL062W
YJL153C	2.56652221915e-06	YOR388C
YHR087W	0.0060317716225	YDR171W
YHR087W	0.488472179459	YBR054W
YHR087W	0.999256104085	YIL155C
YHR087W	0.99999790885	YER067W
YKL062W	0.302548571315	YER158C
YKL062W	0.0989710368693	YHL028W
YKL062W	0.475596260818	YKL071W
YKL062W	0.999212356674	YLR258W
YKL062W	8.42994957832e-07	YOR032C
