YBL103C	9.66341187884e-05	YCR010C
YBL103C	2.56247483757e-07	YPL061W
YBL103C	1.58932240243e-08	YNR028W
YBL103C	8.41179021228e-11	YOR302W
YKL112W	3.15133754661e-05	YPL061W
YKL112W	0.0593719322323	YIL037C
YKL112W	5.71708426213e-11	YNR028W
YKL112W	2.49633250122e-14	YOR302W
YKL112W	0.0003441081551	YFR022W
YKL112W	5.53388390109e-10	YOR032C
YKL112W	0.0099739015629	YJL153C
YDR216W	0.0216282489478	YBR054W
YDR216W	0.000365764944021	YCR010C
YDR216W	0.991185000361	YLR174W
YDR216W	5.17360366781e-15	YLR327C
YDR216W	0.0151199742368	YNL270C
YDR216W	0.246211993185	YHR216W
YMR280C	1.03712066387e-14	YOR348C
YMR280C	0.0222989619088	YBR054W
YMR280C	1.68537163863e-15	YIL136W
YMR280C	2.09398039201e-15	YLR327C
YMR280C	1.19824040264e-09	YIL155C
YER040W	0.309529244571	YBL103C
YER040W	3.08945516374e-08	YGR142W
YER040W	8.05551344166e-17	YHR018C
YER040W	0.92912377956	YDL170W
YER040W	0.000304415299688	YCR010C
YER040W	3.72427645341e-06	YPL061W
YER040W	4.80480332117e-05	YJR110W
YER040W	0.00642444360162	YGL254W
YER040W	7.13443325302e-05	YJL088W
YER040W	3.83975332123e-05	YNR028W
YER040W	9.0549755449e-06	YOR302W
YER040W	0.00302866415002	YHR029C
YGR142W	0.0231931229162	YCR021C
YGR142W	4.13549965451e-06	YCR010C
YGR142W	1.59727782903e-06	YPL061W
YGR142W	0.960496203761	YKR075C
YGR142W	0.175362529541	YGL254W
YGR142W	0.0229521295048	YKL071W
YGR142W	9.74143872871e-19	YOR302W
YML123C	1.0	YHR136C
YML123C	0.0298515312809	YIL037C
YML123C	0.0259248003351	YGL009C
YML123C	0.0176906064454	YHR216W
YHR136C	1.0	YML123C
YHR136C	0.0301111594338	YIL037C
YHR136C	0.0377188449639	YGL009C
YHR136C	0.00515121944458	YHR216W
YDR171W	2.79282201962e-05	YDR216W
YDR171W	0.190959325028	YBR054W
YDR171W	2.45918792505e-05	YCR010C
YDR171W	1.24746667548e-22	YER150W
YDR171W	2.84616127124e-05	YLR327C
YDR171W	0.998877139739	YLL033W
YDR171W	0.999999809198	YLR130C
YDR171W	8.66979668617e-08	YER067W
YDR171W	5.24938467196e-10	YHR087W
YGR043C	1.01537527926e-16	YMR169C
YGR043C	1.61079641873e-05	YLR174W
YGR043C	0.000243494577201	YGR067C
YGR043C	2.61067585105e-22	YNL194C
YGR043C	0.0081380851264	YKL015W
YGR043C	0.0749273964661	YGL009C
YGR043C	0.107925733567	YNL270C
YGR043C	0.0337660706324	YOL014W
YGR043C	6.84210767038e-12	YLR178C
YGR043C	0.00713997229541	YHR216W
YHR018C	8.77298765446e-09	YBL103C
YHR018C	0.995012869435	YKL112W
YHR018C	0.999375596005	YER040W
YHR018C	0.15669434441	YGR142W
YHR018C	4.21380281939e-16	YML123C
YHR018C	0.0739643570195	YCR021C
YHR018C	1.9042762162e-07	YAL054C
YHR018C	0.0696951655472	YDL170W
YHR018C	2.88669458643e-07	YDR384C
YHR018C	0.0159469025584	YKR075C
YHR018C	1.00681761456e-19	YLR009W
YHR018C	0.00366104312906	YJL172W
YHR018C	1.45484856928e-23	YPL012W
YHR018C	1.29919241849e-05	YOR100C
YHR018C	3.78651466746e-14	YNR046W
YHR018C	0.306708031038	YGL254W
YHR018C	0.0155200715402	YNR064C
YHR018C	0.000320239969943	YGR067C
YHR018C	5.21747703256e-09	YDL091C
YHR018C	0.00334512293587	YMR229C
YHR018C	1.38054163517e-20	YOR206W
YHR018C	0.999648020487	YJL088W
YHR018C	5.81492224368e-09	YNR028W
YHR018C	1.0356634807e-17	YLR276C
YHR018C	0.540212831839	YLR438W
YHR018C	4.34528439715e-06	YNL037C
YHR018C	7.43918975404e-05	YKR009C
YHR018C	1.68323206156e-05	YPR002W
YHR018C	3.59214463065e-12	YDR361C
YHR018C	7.07325934395e-15	YOR302W
YHR018C	0.0912468581914	YAL062W
YHR018C	8.73414476444e-13	YOR056C
YHR018C	0.965098856868	YHR029C
YHR018C	5.48348383334e-07	YDR380W
YHR018C	2.05411503058e-19	YLL034C
YAL054C	1.60492131132e-08	YGR043C
YAL054C	3.25983234245e-29	YLR009W
YAL054C	2.24848699055e-17	YJL172W
YAL054C	2.30443560599e-21	YNR046W
YAL054C	0.0321423181201	YGR067C
YAL054C	3.36902579908e-31	YOR206W
YAL054C	1.53794144524e-25	YLR276C
YAL054C	2.59691651637e-07	YKR009C
YAL054C	8.52635609162e-25	YDR361C
YAL054C	0.0549065941093	YAL062W
YFL014W	0.019444751736	YDR216W
YFL014W	3.51470156403e-29	YHR136C
YFL014W	0.175445455308	YBR054W
YFL014W	3.91934263225e-11	YER150W
YFL014W	1.62514471853e-19	YMR169C
YFL014W	3.83934728519e-05	YIL136W
YFL014W	8.10922336005e-06	YDL160C
YFL014W	2.30958668803e-16	YLR327C
YFL014W	1.84497628973e-06	YIL155C
YFL014W	0.018824779928	YKL071W
YFL014W	0.969625879475	YNL194C
YFL014W	0.0216870345473	YKL015W
YFL014W	0.0142189062521	YGL009C
YFL014W	2.05830724302e-15	YER067W
YFL014W	6.15095204221e-11	YLR178C
YFL014W	1.09583486872e-10	YHR087W
YFL014W	1.26027086176e-07	YKL062W
YOR348C	0.999999158207	YMR280C
YOR348C	7.93410904598e-11	YNL036W
YOR348C	4.91815129228e-09	YDR171W
YOR348C	4.3056529636e-22	YPL111W
YOR348C	3.85712948215e-05	YGR183C
YOR348C	4.42369176869e-21	YPL265W
YOR348C	1.77043883473e-14	YLR327C
YOR348C	0.89404824657	YHL028W
YOR348C	2.55632584272e-09	YIL155C
YOR348C	1.86432463675e-24	YLL011W
YOR348C	4.7257173858e-08	YDR258C
YOR348C	2.6194155079e-06	YLL033W
YOR348C	8.61783209916e-08	YLR130C
YOR348C	9.76469555345e-27	YNR053C
YOR348C	4.85797912969e-16	YDL110C
YOR348C	4.56369449606e-10	YHR087W
YDL170W	0.690401440666	YBL103C
YDL170W	0.000590293004513	YER040W
YDL170W	0.0139036187714	YCR010C
YDL170W	9.20946956169e-06	YPL061W
YDL170W	0.000329176254929	YJR110W
YDL170W	7.1269061189e-05	YJL088W
YDL170W	5.15877438815e-06	YNR028W
YDL170W	4.86411320465e-05	YOR302W
YDL170W	0.00057383538125	YHR029C
YDL170W	6.60128402275e-05	YKL040C
YBR054W	0.00857933580122	YLR174W
YBR054W	3.12161190529e-05	YDL160C
YBR054W	0.0270697850738	YJR094C
YBR054W	0.308380391384	YGL009C
YCR010C	1.19779058222e-06	YDR216W
YCR010C	0.000397039830304	YDL160C
YDR384C	1.64210721376e-33	YPL012W
YDR384C	0.0282433071122	YHR051W
YDR384C	3.59276614524e-06	YDR380W
YER150W	0.00538368875744	YDR216W
YER150W	7.88359890372e-31	YHR136C
YER150W	1.58265397915e-11	YDR171W
YER150W	9.14934770079e-13	YFL014W
YER150W	0.277329562982	YBR054W
YER150W	2.91428648089e-14	YMR169C
YER150W	1.02601857551e-11	YIL136W
YER150W	0.000131022817937	YER158C
YER150W	6.960052801e-09	YLR327C
YER150W	2.02516754702e-06	YIL155C
YER150W	0.0226419765819	YNL194C
YER150W	6.86522562076e-05	YKL015W
YER150W	5.82996904223e-08	YJL217W
YER150W	2.09117461784e-06	YER067W
YER150W	2.64917151169e-07	YHR087W
YPL061W	0.0619857238897	YHR216W
YLR009W	7.69825539779e-12	YBL103C
YLR009W	1.31334259459e-07	YKL112W
YLR009W	4.66900377787e-09	YER040W
YLR009W	0.00482339272842	YGR142W
YLR009W	2.97022665776e-15	YML123C
YLR009W	0.0661288455798	YCR021C
YLR009W	0.000686709612744	YHR018C
YLR009W	0.500385301003	YAL054C
YLR009W	7.44504586492e-12	YDL170W
YLR009W	0.0239613494115	YDR384C
YLR009W	0.00614882911612	YKR075C
YLR009W	0.13604165748	YJL172W
YLR009W	1.57492693154e-05	YPL012W
YLR009W	0.0378283161532	YOR100C
YLR009W	0.302492196076	YNR046W
YLR009W	0.0561853075025	YGL254W
YLR009W	0.0548508392665	YER002W
YLR009W	0.00818214627533	YDL018C
YLR009W	5.20812134104e-06	YJR148W
YLR009W	0.0230995240183	YNR064C
YLR009W	7.29681618744e-05	YGR067C
YLR009W	0.258432143772	YCL064C
YLR009W	7.50447109653e-22	YJL063C
YLR009W	0.351835292178	YDL091C
YLR009W	0.0515875662683	YHR051W
YLR009W	0.000571338789943	YMR229C
YLR009W	0.013625494255	YOR206W
YLR009W	2.00202657511e-09	YJL088W
YLR009W	0.0573841076054	YLR276C
YLR009W	0.0948941671247	YLR438W
YLR009W	0.109155450519	YNL037C
YLR009W	0.0412718633313	YKR009C
YLR009W	0.108050288515	YPR002W
YLR009W	0.000188520623363	YDR361C
YLR009W	0.00338620676065	YFR022W
YLR009W	0.0414141587487	YAL062W
YLR009W	0.000114281952501	YDR523C
YLR009W	0.109270742699	YOR056C
YLR009W	1.34218159011e-10	YHR029C
YLR009W	0.000269138845353	YDR380W
YLR009W	0.0320777815241	YLL034C
YLR009W	4.16172983823e-05	YKL040C
YPL111W	0.00509326906387	YNL036W
YPL111W	1.5268707265e-07	YOR348C
YPL111W	0.000145355556425	YJR110W
YPL111W	3.36587409057e-05	YPL265W
YPL111W	7.66476342804e-10	YKR056W
YPL111W	1.33864879797e-05	YHL028W
YPL111W	3.35004167043e-15	YLL011W
YPL111W	0.000182402690629	YDR043C
YPL111W	9.95597630502e-08	YDR258C
YPL111W	0.0843932022158	YPL036W
YPL111W	9.26802609105e-06	YBL042C
YPL111W	3.83007419914e-10	YLR130C
YPL111W	6.17064696878e-08	YLR267W
YPL111W	2.55631290032e-14	YNR053C
YPL111W	1.15264360492e-09	YDL110C
YPL111W	0.00035690725789	YGL229C
YOR388C	0.0423437914813	YJR094C
YOR388C	0.999977667637	YJL217W
YOR388C	0.529886151489	YJL153C
YJL172W	4.90855865699e-09	YBL103C
YJL172W	0.00486080263556	YKL112W
YJL172W	2.84730261588e-05	YER040W
YJL172W	0.0255347623312	YGR142W
YJL172W	5.29152993059e-19	YML123C
YJL172W	0.589836065695	YCR021C
YJL172W	0.992401237898	YHR018C
YJL172W	0.0137153440587	YAL054C
YJL172W	7.06990196955e-06	YDL170W
YJL172W	8.35387422009e-05	YDR384C
YJL172W	0.00667654503618	YKR075C
YJL172W	5.40501834108e-15	YLR009W
YJL172W	5.14206099816e-20	YPL012W
YJL172W	0.934815764421	YOR100C
YJL172W	1.22663827708e-09	YNR046W
YJL172W	0.133385571733	YGL254W
YJL172W	8.50494247233e-06	YER002W
YJL172W	0.0395191409029	YNR064C
YJL172W	0.000117602980199	YGR067C
YJL172W	0.161470804323	YCL064C
YJL172W	6.50026780866e-06	YDL091C
YJL172W	0.994806810866	YMR229C
YJL172W	4.61195353166e-16	YOR206W
YJL172W	3.99335868771e-06	YJL088W
YJL172W	6.87321912705e-07	YNR028W
YJL172W	1.67767922489e-11	YLR276C
YJL172W	0.0442279410131	YLR438W
YJL172W	0.0150101573185	YNL037C
YJL172W	6.37254865293e-06	YKR009C
YJL172W	0.0655333815838	YPR002W
YJL172W	1.41668245659e-10	YDR361C
YJL172W	3.60761705729e-17	YOR302W
YJL172W	0.00109245812958	YFR022W
YJL172W	0.382856292284	YAL062W
YJL172W	8.78922255206e-05	YDR523C
YJL172W	3.95549798509e-09	YOR056C
YJL172W	0.031298606243	YHR029C
YJL172W	6.43761864044e-07	YDR380W
YJL172W	2.7422871894e-15	YLL034C
YJL172W	1.78938098854e-05	YKL040C
YPL012W	9.07707878094e-08	YKL112W
YPL012W	4.38505731528e-12	YER040W
YPL012W	0.579395572657	YGR142W
YPL012W	2.15370281885e-13	YML123C
YPL012W	0.0800328488522	YCR021C
YPL012W	9.63621852469e-10	YGR043C
YPL012W	7.17511323455e-06	YHR018C
YPL012W	0.000508285125648	YAL054C
YPL012W	1.49995960803e-13	YDL170W
YPL012W	0.887627485131	YDR384C
YPL012W	0.00126086558182	YKR075C
YPL012W	0.00113886051143	YLR009W
YPL012W	9.35807021061e-05	YJL172W
YPL012W	7.21023975698e-06	YOR100C
YPL012W	0.000981292713212	YNR046W
YPL012W	0.15370762362	YGL254W
YPL012W	0.0016767771878	YER002W
YPL012W	0.0540939772294	YCL064C
YPL012W	0.000993427612518	YDL091C
YPL012W	0.0637475953941	YHR051W
YPL012W	5.19470799013e-08	YMR229C
YPL012W	0.986373671068	YOR206W
YPL012W	3.49138994605e-08	YJL088W
YPL012W	0.00047358445566	YLR276C
YPL012W	0.0723254793378	YLR438W
YPL012W	0.000948618258913	YNL037C
YPL012W	0.12322996285	YKR009C
YPL012W	0.000252404396105	YPR002W
YPL012W	0.0538097432452	YDR361C
YPL012W	0.00259157569133	YFR022W
YPL012W	0.198908263892	YAL062W
YPL012W	0.000136562570447	YOR056C
YPL012W	0.993763623266	YDR380W
YPL012W	0.0867070320242	YLL034C
YPL012W	8.8944763212e-11	YLR178C
YOR100C	1.36233724242e-07	YPL061W
YOR100C	0.00611695100785	YNR064C
YOR100C	0.962296705015	YGR067C
YOR100C	1.26756685666e-18	YOR302W
YOR100C	0.0190797158659	YOL014W
YMR169C	0.000557955353834	YDR216W
YMR169C	9.72921238467e-06	YGR043C
YMR169C	8.04081144167e-22	YFL014W
YMR169C	6.17648248298e-15	YER150W
YMR169C	2.36970586608e-05	YLR174W
YMR169C	0.0436847101409	YJR094C
YMR169C	0.0047986815984	YNL194C
YMR169C	0.000799385826737	YKL015W
YMR169C	0.0552466292926	YHR216W
YNR046W	2.31521387638e-09	YKL112W
YNR046W	8.73651026885e-11	YER040W
YNR046W	3.28330323322e-05	YGR142W
YNR046W	1.90926836017e-16	YML123C
YNR046W	0.0013427361854	YCR021C
YNR046W	3.93231152632e-07	YHR018C
YNR046W	0.0538591425866	YAL054C
YNR046W	2.94291790758e-13	YDL170W
YNR046W	0.000127334635545	YDR384C
YNR046W	0.00241576262776	YKR075C
YNR046W	4.60574973947e-10	YLR009W
YNR046W	4.70082886207e-05	YJL172W
YNR046W	2.06626789271e-14	YPL012W
YNR046W	0.00129690052718	YOR100C
YNR046W	0.00020343785437	YJR110W
YNR046W	1.02222013523e-23	YMR193W
YNR046W	0.00450463290417	YGL254W
YNR046W	0.0588790603856	YER002W
YNR046W	0.246977376167	YDL018C
YNR046W	1.10669705772e-05	YGR183C
YNR046W	2.67392480977e-06	YJR148W
YNR046W	0.00119810293952	YNR064C
YNR046W	0.0127574359902	YCL064C
YNR046W	1.02351805901e-21	YJL063C
YNR046W	0.207181657493	YDL091C
YNR046W	0.0603008169706	YHR051W
YNR046W	1.76823537957e-05	YMR229C
YNR046W	1.43271873651e-11	YOR206W
YNR046W	5.91049919214e-08	YLR276C
YNR046W	0.0106348990243	YLR438W
YNR046W	0.0342147171097	YNL037C
YNR046W	0.0298025340727	YKR009C
YNR046W	0.000879475253673	YPR002W
YNR046W	5.02372522122e-11	YDR361C
YNR046W	0.000228801094793	YFR022W
YNR046W	0.0433928607058	YAL062W
YNR046W	0.00473584290848	YDR523C
YNR046W	0.507465175222	YOR056C
YNR046W	1.24451126165e-11	YHR029C
YNR046W	0.000911144803217	YOL014W
YNR046W	8.46142198612e-05	YDR380W
YNR046W	1.93877642395e-07	YLL034C
YNR046W	0.000207877457216	YKL040C
YJR110W	0.000417756926985	YKL040C
YMR193W	1.0	YJL063C
YMR193W	0.999181817804	YDL160C
YMR193W	0.0444766701584	YKL071W
YLR174W	0.024419103326	YKL071W
YLR174W	0.0212175683427	YNL270C
YER002W	4.21691332389e-23	YPL111W
YER002W	4.61758679096e-22	YPL265W
YER002W	1.83314708783e-21	YKR056W
YER002W	4.0345384237e-22	YJL063C
YER002W	1.19841894584e-10	YDR043C
YER002W	0.000165280624421	YDR523C
YER002W	1.48964563405e-05	YBL042C
YER002W	1.10069636313e-16	YLR267W
YER002W	6.19360128002e-28	YNR053C
YER002W	1.73293609286e-19	YDL110C
YDL018C	0.0444293974465	YJL153C
YDL018C	0.995853056245	YKL040C
YIL136W	3.58423561959e-07	YMR280C
YIL136W	1.54311714888e-29	YHR136C
YIL136W	5.3285592596e-10	YGR043C
YIL136W	4.0592572374e-07	YFL014W
YIL136W	0.0143172530655	YBR054W
YIL136W	4.64929728124e-12	YER150W
YIL136W	1.38629144565e-17	YMR169C
YIL136W	0.000229559737541	YER158C
YIL136W	6.50831845358e-22	YJL063C
YIL136W	0.00853079026194	YIL037C
YIL136W	0.000668151574689	YIL155C
YIL136W	0.00293346234322	YNL194C
YIL136W	0.0110749536231	YKL015W
YIL136W	6.23071871029e-08	YJL217W
YIL136W	7.6320062276e-08	YLR258W
YIL136W	6.6570667428e-13	YER067W
YIL136W	0.999996016408	YLR178C
YIL136W	0.00222772051117	YHR087W
YIL136W	0.00048133464565	YKL062W
YER158C	0.999999070046	YOR032C
YER158C	0.00962656772701	YJL153C
YJR148W	1.54239573935e-07	YNL036W
YJR148W	5.08309794436e-19	YOR348C
YJR148W	1.86547907446e-16	YPL111W
YJR148W	0.000232704566018	YJR110W
YJR148W	3.01976821143e-15	YPL265W
YJR148W	6.08958224283e-15	YKR056W
YJR148W	0.00363862211738	YCL064C
YJR148W	2.95029751519e-22	YLL011W
YJR148W	5.27997720386e-12	YDR043C
YJR148W	3.20998626983e-18	YDR258C
YJR148W	0.000519858976706	YDR523C
YJR148W	2.8348284982e-05	YPL036W
YJR148W	5.09898502596e-07	YBL042C
YJR148W	4.37542969535e-10	YLR267W
YJR148W	1.25723018971e-21	YNR053C
YJR148W	3.70258132541e-15	YDL110C
YJR148W	6.95910073015e-06	YGL229C
YNR064C	8.12797416869e-07	YPL061W
YNR064C	0.00777041226145	YNL270C
YNR064C	0.0044582517323	YOL014W
YGR067C	8.47210782976e-05	YLR174W
YGR067C	0.804892307645	YIL037C
YGR067C	0.19782518477	YNL270C
YGR067C	0.930541420893	YOL014W
YPL265W	6.01566165707e-09	YMR280C
YPL265W	0.642838712016	YNL036W
YPL265W	2.25023659022e-13	YDR171W
YPL265W	0.0466049334269	YOR348C
YPL265W	0.999958388448	YPL111W
YPL265W	0.995062826665	YJR110W
YPL265W	0.0240845721282	YDL018C
YPL265W	4.22560851731e-05	YGR183C
YPL265W	0.964202640059	YJR148W
YPL265W	0.083171519493	YKR056W
YPL265W	0.00029769583905	YHL028W
YPL265W	1.39436971639e-06	YLL011W
YPL265W	0.998297463999	YDR043C
YPL265W	0.0153156587205	YDR258C
YPL265W	2.5352120423e-07	YLL033W
YPL265W	0.991895641452	YDR523C
YPL265W	0.888019376936	YPL036W
YPL265W	0.973931294449	YBL042C
YPL265W	8.02971639715e-08	YLR130C
YPL265W	0.999956832024	YLR267W
YPL265W	1.93061270346e-05	YNR053C
YPL265W	4.5599969899e-08	YLR258W
YPL265W	0.0221159302365	YDL110C
YPL265W	0.456021897946	YGL229C
YKR056W	3.09365771495e-09	YMR280C
YKR056W	7.98870989507e-05	YNL036W
YKR056W	1.11979626345e-07	YOR348C
YKR056W	1.38650217372e-07	YPL111W
YKR056W	0.000525506156338	YJR110W
YKR056W	0.0875421550736	YDL018C
YKR056W	3.29413743668e-05	YGR183C
YKR056W	0.0118402793411	YJR148W
YKR056W	0.000506421457462	YPL265W
YKR056W	0.000461919322066	YHL028W
YKR056W	1.42395421441e-08	YLL011W
YKR056W	1.06274969283e-05	YDR043C
YKR056W	2.54927253534e-07	YDR258C
YKR056W	0.00518769781511	YPL036W
YKR056W	0.00037984782497	YBL042C
YKR056W	8.43207004484e-12	YLR130C
YKR056W	1.45133061548e-08	YLR267W
YKR056W	1.01384919982e-07	YNR053C
YKR056W	3.37358498754e-07	YLR258W
YKR056W	8.80766312474e-05	YDL110C
YKR056W	0.267888545339	YGL229C
YKR056W	5.71120057379e-15	YKL062W
YJL063C	1.0	YMR193W
YJL063C	1.02118479137e-05	YDL160C
YJL063C	0.0621658684146	YKL071W
YDL160C	1.97001431295e-22	YMR193W
YDL160C	0.163542309064	YNL270C
YDL160C	6.7619311366e-10	YOR032C
YDL160C	0.290434136228	YHR216W
YIL037C	8.4632161622e-08	YOR388C
YIL037C	0.00628396893927	YNL270C
YLR327C	0.928147929269	YDR216W
YLR327C	2.28658857193e-07	YDR171W
YLR327C	4.40741658606e-22	YER150W
YLR327C	8.61332922231e-08	YOR388C
YLR327C	5.47385346872e-07	YLL033W
YLR327C	0.00656136091958	YNL270C
YLR327C	7.9497918966e-08	YJL217W
YLR327C	7.0072648235e-10	YER067W
YDL091C	2.23501533494e-24	YMR193W
YDL091C	1.77219858135e-05	YER002W
YDL091C	5.63520974845e-22	YKR056W
YDL091C	8.41679739656e-22	YJL063C
YDL091C	8.75364946558e-10	YOR056C
YDL091C	4.08639051769e-05	YBL042C
YDL091C	0.00268240632953	YOL014W
YDL091C	1.09297854674e-26	YLL034C
YHR051W	1.36776623202e-21	YMR193W
YHR051W	0.859373037979	YGR183C
YHR051W	7.40917631996e-09	YOR032C
YHL028W	0.00218746271795	YBR054W
YHL028W	0.577174420252	YER158C
YHL028W	4.38271021383e-09	YOR032C
YMR229C	4.0289578152e-11	YBL103C
YMR229C	0.000118693770907	YKL112W
YMR229C	2.96397700107e-07	YGR043C
YMR229C	2.95525243066e-14	YHR018C
YMR229C	1.83396938732e-13	YDL170W
YMR229C	2.07278097472e-12	YDR384C
YMR229C	5.13202547288e-06	YPL061W
YMR229C	3.24315800026e-14	YJL172W
YMR229C	0.000102190663288	YOR100C
YMR229C	0.826789141527	YNR064C
YMR229C	0.00317412361397	YGR067C
YMR229C	3.25473727464e-09	YJL088W
YMR229C	0.0014202386381	YNR028W
YMR229C	6.57813627434e-05	YKL015W
YMR229C	2.07225162909e-05	YPR002W
YMR229C	1.45506671751e-23	YDR361C
YMR229C	1.78583296327e-09	YOR302W
YMR229C	0.849392025247	YFR022W
YMR229C	3.57618653109e-08	YHR029C
YMR229C	0.00146450553451	YOL014W
YOR206W	4.27274042682e-12	YBL103C
YOR206W	2.38784146524e-06	YKL112W
YOR206W	3.32145482403e-09	YER040W
YOR206W	0.155908370546	YGR142W
YOR206W	1.50441523249e-14	YML123C
YOR206W	0.150077237484	YCR021C
YOR206W	1.07980634259e-09	YGR043C
YOR206W	0.00690277378673	YHR018C
YOR206W	0.379109795647	YAL054C
YOR206W	1.49911137291e-11	YDL170W
YOR206W	0.070854003328	YDR384C
YOR206W	0.00512317077809	YKR075C
YOR206W	0.998858408626	YLR009W
YOR206W	0.850953124523	YJL172W
YOR206W	0.999984195261	YPL012W
YOR206W	0.0175418857636	YOR100C
YOR206W	0.689805451153	YNR046W
YOR206W	0.150327050713	YGL254W
YOR206W	0.0322075837368	YER002W
YOR206W	4.46089380362e-06	YJR148W
YOR206W	0.0429818334253	YNR064C
YOR206W	0.401228840504	YCL064C
YOR206W	0.245725666117	YDL091C
YOR206W	0.0654436365555	YHR051W
YOR206W	0.00111531919182	YMR229C
YOR206W	1.21126819819e-08	YJL088W
YOR206W	0.942128880094	YLR276C
YOR206W	0.118287576413	YLR438W
YOR206W	0.139381885324	YNL037C
YOR206W	0.793865730134	YKR009C
YOR206W	0.276885739268	YPR002W
YOR206W	0.94600019636	YDR361C
YOR206W	0.023473089548	YFR022W
YOR206W	0.0326539494781	YAL062W
YOR206W	0.00012364344694	YDR523C
YOR206W	0.0333051519665	YOR056C
YOR206W	5.25583870567e-11	YHR029C
YOR206W	0.00580482938214	YDR380W
YOR206W	0.881208679757	YLL034C
YOR206W	1.59188429009e-05	YKL040C
YJR094C	2.6952342566e-08	YOR388C
YJR094C	1.81943060231e-07	YJL217W
YIL155C	1.08195611768e-05	YDR216W
YIL155C	1.26626748013e-10	YMR280C
YIL155C	7.51862331794e-13	YDR171W
YIL155C	9.69619122611e-18	YFL014W
YIL155C	4.5601927812e-16	YER150W
YIL155C	3.96701406289e-24	YMR169C
YIL155C	3.32020602806e-13	YIL136W
YIL155C	0.00230638455958	YER158C
YIL155C	3.47146243878e-09	YLR327C
YIL155C	3.79005339162e-15	YNL194C
YIL155C	0.0013861619397	YKL015W
YIL155C	6.16199211997e-08	YLL033W
YIL155C	1.04900434522e-07	YJL217W
YIL155C	4.94585295819e-11	YER067W
YIL155C	2.48269112316e-06	YHR087W
YIL155C	3.16874487286e-14	YKL062W
YLL011W	3.88293260361e-07	YMR280C
YLL011W	0.28834849696	YNL036W
YLL011W	0.948308570379	YOR348C
YLL011W	4.80523946408e-06	YPL111W
YLL011W	0.000390385463559	YJR110W
YLL011W	0.413582205903	YDL018C
YLL011W	0.00548575816464	YGR183C
YLL011W	0.00454865430745	YJR148W
YLL011W	0.0673222629864	YPL265W
YLL011W	0.112908594684	YKR056W
YLL011W	0.00341984127342	YHL028W
YLL011W	0.000987821429158	YDR043C
YLL011W	0.964644520887	YDR258C
YLL011W	4.3589910668e-07	YLL033W
YLL011W	7.0759341366e-05	YDR523C
YLL011W	0.00471576303702	YPL036W
YLL011W	0.00056324344241	YBL042C
YLL011W	1.91652094239e-08	YLR130C
YLL011W	9.91975054181e-07	YLR267W
YLL011W	0.999980592488	YNR053C
YLL011W	4.42158351022e-07	YLR258W
YLL011W	0.938962521613	YDL110C
YLL011W	0.0371115582409	YGL229C
YLL011W	4.551464282e-15	YKL062W
YNR028W	0.00769584582773	YCR010C
YNR028W	0.00947122573605	YKL071W
YNR028W	0.00315379220992	YKL040C
YDR043C	0.0283808991787	YER158C
YDR043C	0.00378524441712	YIL037C
YDR043C	0.0311699702647	YJR094C
YDR043C	2.87746404887e-08	YOR032C
YDR258C	7.5066133593e-10	YMR280C
YDR258C	2.16039766651e-12	YDR171W
YDR258C	2.16758424317e-10	YOR348C
YDR258C	0.00186198679926	YBR054W
YDR258C	1.28774483965e-24	YPL111W
YDR258C	5.45367101075e-16	YIL136W
YDR258C	6.66803702823e-24	YPL265W
YDR258C	8.69856762845e-27	YLL011W
YDR258C	0.000786945382169	YLR258W
YDR258C	5.66285954917e-15	YER067W
YDR258C	1.19078040979e-07	YGL229C
YDR258C	2.15367454268e-12	YHR087W
YDR258C	5.01295636994e-11	YKL062W
YKL071W	1.63998630782e-05	YLR174W
YKL071W	0.282659629002	YHR216W
YNL194C	0.0464245349235	YDR216W
YNL194C	2.44688707253e-28	YHR136C
YNL194C	5.2129225742e-09	YGR043C
YNL194C	0.999999594073	YFL014W
YNL194C	0.0291437363519	YBR054W
YNL194C	0.999999999743	YER150W
YNL194C	1.0	YMR169C
YNL194C	4.73982899729e-05	YLR174W
YNL194C	0.285912845125	YIL136W
YNL194C	0.00067469814557	YER158C
YNL194C	3.7955789346e-14	YLR327C
YNL194C	0.0358832832209	YJR094C
YNL194C	0.000743376085763	YIL155C
YNL194C	0.0500689755642	YKL015W
YNL194C	1.3545436626e-07	YJL217W
YNL194C	1.84770576835e-10	YER067W
YNL194C	5.92704377143e-12	YLR178C
YNL194C	1.07227390309e-09	YOR032C
YNL194C	5.22304590951e-07	YHR087W
YLR276C	7.67086440311e-13	YBL103C
YLR276C	4.56503767244e-11	YER040W
YLR276C	1.26934643805e-05	YGR142W
YLR276C	7.33499513372e-11	YNL036W
YLR276C	2.92356504605e-16	YML123C
YLR276C	0.0110990834764	YCR021C
YLR276C	1.53908762097e-06	YHR018C
YLR276C	0.0514364999052	YAL054C
YLR276C	1.76590109261e-13	YDL170W
YLR276C	0.0140583330276	YDR384C
YLR276C	0.00165849374235	YKR075C
YLR276C	1.25029796409e-06	YLR009W
YLR276C	0.00920038560895	YJL172W
YLR276C	1.4269663058e-10	YPL012W
YLR276C	0.00467181831415	YOR100C
YLR276C	0.000845785746164	YNR046W
YLR276C	2.65759430377e-24	YMR193W
YLR276C	0.00626760407817	YGL254W
YLR276C	0.00406206284432	YER002W
YLR276C	0.0150762937465	YDL018C
YLR276C	3.2905851593e-06	YJR148W
YLR276C	0.00204248114785	YNR064C
YLR276C	0.0748482264906	YCL064C
YLR276C	1.10730226487e-21	YJL063C
YLR276C	0.0335730641417	YDL091C
YLR276C	0.00535112323637	YHR051W
YLR276C	0.000143509622512	YMR229C
YLR276C	2.80014608472e-07	YOR206W
YLR276C	0.0569248724554	YLR438W
YLR276C	0.700252415033	YNL037C
YLR276C	0.000832858336187	YKR009C
YLR276C	0.548077138295	YPR002W
YLR276C	1.1500135029e-08	YDR361C
YLR276C	0.000393412991013	YFR022W
YLR276C	0.00360105712376	YAL062W
YLR276C	0.000461070642415	YDR523C
YLR276C	0.0425378733193	YOR056C
YLR276C	6.78952568598e-19	YLR267W
YLR276C	2.6894241218e-11	YHR029C
YLR276C	3.61802170746e-05	YDR380W
YLR276C	6.31281692691e-06	YLL034C
YLR276C	0.00021647279631	YKL040C
YLR438W	3.56281556063e-28	YHR136C
YLR438W	0.00409929542562	YIL037C
YLR438W	0.028896217076	YHR216W
YNL037C	6.28030656498e-08	YOR388C
YNL037C	1.26293914758e-22	YMR193W
YNL037C	4.96303554524e-19	YJL063C
YNL037C	0.393858407607	YGL009C
YKR009C	5.058766709e-07	YGR043C
YKR009C	0.000370933292509	YGR067C
YKR009C	0.238931225892	YHR051W
YKR009C	2.45699257549e-06	YLR178C
YKR009C	9.64813651689e-15	YKL062W
YKL015W	0.00681185639272	YIL037C
YKL015W	3.67785673163e-08	YOR032C
YGL009C	1.91556383482e-06	YOR388C
YGL009C	2.15721531697e-05	YJL217W
YGL009C	0.00779285048558	YJL153C
YPR002W	3.9317856256e-09	YNR028W
YPR002W	9.56021114471e-06	YNL037C
YDR361C	4.93769745296e-06	YKL112W
YDR361C	0.0774622918844	YGR142W
YDR361C	3.55249709937e-17	YML123C
YDR361C	0.00112486934706	YCR021C
YDR361C	8.50119301643e-08	YGR043C
YDR361C	1.0662599272e-07	YHR018C
YDR361C	5.69586449335e-08	YAL054C
YDR361C	2.02382033459e-07	YDR384C
YDR361C	2.47225176895e-05	YKR075C
YDR361C	8.20438097023e-16	YLR009W
YDR361C	1.55180311682e-08	YJL172W
YDR361C	3.23847231349e-15	YPL012W
YDR361C	0.000765256883894	YOR100C
YDR361C	1.43590843974e-13	YNR046W
YDR361C	4.28130811376e-05	YER002W
YDR361C	7.07133340662e-05	YGR067C
YDR361C	0.00276811664495	YCL064C
YDR361C	5.36129630469e-09	YDL091C
YDR361C	0.000869040793742	YHR051W
YDR361C	4.88873702564e-08	YMR229C
YDR361C	5.61599263023e-14	YOR206W
YDR361C	2.29703601902e-15	YLR276C
YDR361C	0.0146927503247	YLR438W
YDR361C	6.74468093811e-07	YNL037C
YDR361C	0.00187438986125	YKR009C
YDR361C	6.24865385183e-08	YPR002W
YDR361C	0.115984697071	YFR022W
YDR361C	0.0522143370995	YAL062W
YDR361C	2.50056130695e-11	YOR056C
YDR361C	5.32726198296e-06	YDR380W
YDR361C	1.44126376599e-13	YLL034C
YDR361C	4.02583183689e-08	YLR178C
YOR302W	1.98102922986e-05	YBL103C
YOR302W	0.977056131035	YCR010C
YOR302W	0.99728661842	YPL061W
YOR302W	8.00133704074e-09	YJL088W
YOR302W	0.0362462109486	YNR028W
YOR302W	1.36967459034e-09	YHR029C
YNL270C	1.08460412947e-05	YLR174W
YNL270C	4.73317796033e-05	YDL160C
YNL270C	0.262276240618	YJL153C
YFR022W	9.82834129811e-06	YLR174W
YFR022W	0.454697279843	YNL270C
YFR022W	0.012760284953	YJL153C
YAL062W	0.00517812055616	YIL037C
YDR523C	3.32426496144e-12	YDR043C
YPL036W	2.66652011453e-05	YLR174W
YJL217W	0.999995143421	YOR388C
YJL217W	0.285869634274	YJR094C
YJL217W	0.0552654250838	YGL009C
YJL217W	0.0120564411179	YJL153C
YOR056C	3.44460326463e-13	YAL054C
YOR056C	7.16820018463e-28	YLR009W
YOR056C	1.23891594671e-32	YPL012W
YOR056C	2.18638311458e-18	YNR046W
YOR056C	6.88860212053e-24	YMR193W
YOR056C	0.0026666104578	YER002W
YOR056C	0.0271498324125	YDL018C
YOR056C	8.38035173835e-05	YGR183C
YOR056C	7.02757960449e-06	YJR148W
YOR056C	1.68928596788e-19	YKR056W
YOR056C	1.07628859357e-21	YJL063C
YOR056C	1.82964718037e-06	YDL091C
YOR056C	0.0758905937726	YHR051W
YOR056C	2.98034107843e-30	YOR206W
YOR056C	5.24521138216e-26	YLL011W
YOR056C	1.28073693479e-23	YLR276C
YOR056C	0.00136245156427	YLR438W
YOR056C	9.81681194461e-06	YBL042C
YOR056C	9.50481441898e-19	YLR267W
YOR056C	0.00318145084189	YOL014W
YOR056C	2.42260464238e-26	YNR053C
YOR056C	4.36878645688e-23	YLL034C
YOR056C	1.52252651418e-17	YDL110C
YBL042C	1.24356920419e-05	YPL036W
YLR130C	1.73770643726e-10	YDR171W
YLR130C	1.40010586902e-07	YCR010C
YLR130C	1.76722877784e-22	YMR193W
YLR130C	2.60340996385e-07	YLL033W
YLR130C	0.000133613792293	YPL036W
YLR267W	4.27108695353e-05	YNL036W
YLR267W	1.34079004208e-17	YOR348C
YLR267W	2.91402471363e-14	YPL111W
YLR267W	0.000137375975269	YJR110W
YLR267W	2.220379955e-06	YJR148W
YLR267W	1.58950543354e-11	YPL265W
YLR267W	3.78881344164e-17	YKR056W
YLR267W	0.0231912323181	YCL064C
YLR267W	3.26583556704e-22	YLL011W
YLR267W	9.39414593604e-10	YDR043C
YLR267W	1.04359222832e-15	YDR258C
YLR267W	0.000404586383345	YPL036W
YLR267W	4.13082825726e-14	YLR130C
YLR267W	1.38600548192e-20	YNR053C
YLR267W	3.184111571e-16	YDL110C
YLR267W	2.48969648735e-06	YGL229C
YHR029C	4.94907358065e-05	YBL103C
YHR029C	7.7970461595e-08	YKL112W
YHR029C	5.62982909667e-06	YER040W
YHR029C	0.00117398496739	YDL170W
YHR029C	0.000548722613738	YCR010C
YHR029C	0.00266099987683	YPL061W
YHR029C	0.0424948999643	YNR064C
YHR029C	6.0661828939e-16	YMR229C
YHR029C	0.000205312475693	YJL088W
YHR029C	0.962289281087	YNR028W
YHR029C	0.999942302022	YOR302W
YHR029C	0.00203771291148	YOL014W
YHR029C	9.60157336642e-06	YKL040C
YOL014W	0.431487476752	YJR094C
YNR053C	2.24928337163e-08	YMR280C
YNR053C	0.0630431068256	YNL036W
YNR053C	8.85878667684e-15	YDR171W
YNR053C	0.00496696466453	YOR348C
YNR053C	3.66676611696e-05	YPL111W
YNR053C	0.00292518347516	YJR110W
YNR053C	0.164233928884	YDL018C
YNR053C	0.00027732082798	YGR183C
YNR053C	0.0193835448082	YJR148W
YNR053C	0.932137656284	YPL265W
YNR053C	0.80391988472	YKR056W
YNR053C	0.00195915857095	YHL028W
YNR053C	0.99999859139	YLL011W
YNR053C	0.000521404990793	YDR043C
YNR053C	0.0200364084474	YDR258C
YNR053C	1.6844628974e-07	YLL033W
YNR053C	0.00182572842918	YDR523C
YNR053C	0.0134052458074	YPL036W
YNR053C	0.0250468444064	YBL042C
YNR053C	4.71808061653e-09	YLR130C
YNR053C	4.20993431194e-05	YLR267W
YNR053C	1.68731883879e-07	YLR258W
YNR053C	0.0388334703662	YDL110C
YNR053C	0.237995552403	YGL229C
YLR258W	9.1640613757e-32	YHR136C
YLR258W	1.83260401061e-24	YFL014W
YLR258W	1.13677934532e-12	YIL136W
YLR258W	0.000665145576	YER158C
YLR258W	0.00012403878198	YHL028W
YLR258W	2.45663965257e-11	YIL155C
YLR258W	5.63716521019e-12	YDR258C
YLR258W	2.94538374419e-13	YER067W
YLR258W	7.50256682755e-12	YLR178C
YLR258W	9.99613717642e-08	YGL229C
YLR258W	2.79619527669e-07	YHR087W
YLR258W	0.93301683978	YKL062W
YDR380W	3.30241757368e-08	YOR388C
YDR380W	0.397680539322	YKL071W
YDR380W	0.0126404830583	YGL009C
YLL034C	6.22842285522e-09	YKL112W
YLL034C	7.79782402116e-12	YER040W
YLL034C	0.000135708052375	YGR142W
YLL034C	5.64723044787e-15	YML123C
YLL034C	0.00320083344516	YCR021C
YLL034C	6.464456035e-08	YHR018C
YLL034C	0.00098538428738	YAL054C
YLL034C	0.00328746467068	YDR384C
YLL034C	0.000248504280335	YKR075C
YLL034C	1.4801043481e-06	YLR009W
YLL034C	3.184750836e-06	YJL172W
YLL034C	5.5326542534e-08	YPL012W
YLL034C	0.00295766510949	YOR100C
YLL034C	0.00587527308468	YNR046W
YLL034C	3.3797298228e-24	YMR193W
YLL034C	0.00712720526716	YGL254W
YLL034C	0.845588026112	YER002W
YLL034C	0.0066435017509	YDL018C
YLL034C	3.60603649552e-05	YGR183C
YLL034C	0.000237853526718	YNR064C
YLL034C	0.00757060060985	YCL064C
YLL034C	2.04935418597e-21	YJL063C
YLL034C	0.160682551964	YDL091C
YLL034C	0.409635094004	YHR051W
YLL034C	1.15405769668e-07	YMR229C
YLL034C	5.54647613159e-07	YOR206W
YLL034C	1.33687230671e-05	YLR276C
YLL034C	0.0464370309039	YLR438W
YLL034C	0.00102217647328	YNL037C
YLL034C	0.00904163727673	YKR009C
YLL034C	0.000283955364516	YPR002W
YLL034C	1.52807540277e-06	YDR361C
YLL034C	0.00311362531168	YFR022W
YLL034C	0.0988056283681	YAL062W
YLL034C	0.307284489366	YOR056C
YLL034C	3.15019314595e-05	YDR380W
YLL034C	2.75999263195e-11	YLR178C
YDL110C	6.25292132393e-08	YMR280C
YDL110C	0.000553662773097	YNL036W
YDL110C	0.000119266646023	YOR348C
YDL110C	7.97986746151e-13	YPL111W
YDL110C	0.134619183421	YGR183C
YDL110C	5.15373142406e-10	YPL265W
YDL110C	3.37085430237e-10	YKR056W
YDL110C	0.00131034547851	YHL028W
YDL110C	4.5319377476e-13	YLL011W
YDL110C	2.78325578999e-07	YDR043C
YDL110C	3.01019491701e-06	YDR258C
YDL110C	0.00369973003621	YPL036W
YDL110C	3.41477870703e-06	YBL042C
YDL110C	5.12091044604e-11	YLR130C
YDL110C	4.66794989606e-13	YLR267W
YDL110C	1.874293879e-14	YNR053C
YDL110C	2.52433272936e-06	YLR258W
YDL110C	0.000615870976351	YGL229C
YDL110C	4.64602396575e-14	YKL062W
YER067W	1.12931390529e-06	YDR216W
YER067W	0.993968044245	YDR171W
YER067W	4.34215139052e-21	YFL014W
YER067W	1.8897177067e-10	YER150W
YER067W	4.172737415e-08	YOR388C
YER067W	8.84484263935e-26	YMR169C
YER067W	0.000279173667724	YDL160C
YER067W	0.999962380675	YLR327C
YER067W	1.98484010174e-05	YIL155C
YER067W	0.0133396065	YKL071W
YER067W	3.78053982614e-16	YNL194C
YER067W	0.00111699597735	YLL033W
YER067W	7.94051244391e-08	YJL217W
YER067W	0.997768728863	YHR087W
YLR178C	5.9938953222e-30	YHR136C
YLR178C	0.999989359663	YGR043C
YLR178C	4.64245054162e-13	YFL014W
YLR178C	4.65984551119e-23	YER150W
YLR178C	1.37829546222e-19	YMR169C
YLR178C	0.714048308465	YIL136W
YLR178C	0.0146486566181	YER158C
YLR178C	0.00119090093554	YGR067C
YLR178C	0.0473677623548	YIL037C
YLR178C	4.33816808448e-14	YNL194C
YLR178C	0.906645235467	YKL015W
YLR178C	0.0526189280848	YGL009C
YLR178C	3.59411669152e-07	YLR258W
YLR178C	7.12464629943e-09	YOR032C
YLR178C	0.0665016994975	YKL062W
YGL229C	0.024446416765	YGL009C
YGL229C	0.00187732045567	YOL014W
YOR032C	0.125315812269	YER158C
YOR032C	1.39147885288e-05	YDL160C
YOR032C	0.00458387314111	YHR216W
YHR216W	1.7934145833e-05	YDL160C
YHR216W	0.0459034792268	YKL071W
YJL153C	2.56684095468e-06	YOR388C
YJL153C	0.0269439117397	YJR094C
YJL153C	0.0190562080556	YNL270C
YJL153C	5.84016998585e-08	YJL217W
YKL040C	0.00652798765885	YDL018C
YKL040C	0.102789479879	YJL153C
YHR087W	6.50746986614e-08	YDR216W
YHR087W	6.79517298389e-11	YMR280C
YHR087W	3.6207603467e-32	YHR136C
YHR087W	0.00603172198481	YDR171W
YHR087W	2.31714749412e-16	YFL014W
YHR087W	0.264828006891	YBR054W
YHR087W	2.39930747588e-11	YER150W
YHR087W	4.07724235536e-25	YMR169C
YHR087W	4.45250344184e-07	YIL136W
YHR087W	1.32507935914e-05	YDL160C
YHR087W	9.14728024284e-06	YLR327C
YHR087W	0.000139246391089	YHL028W
YHR087W	0.998564748557	YIL155C
YHR087W	1.07106056e-12	YNL194C
YHR087W	1.51765524056e-06	YLL033W
YHR087W	7.76881328705e-14	YLR130C
YHR087W	3.75292455572e-06	YLR258W
YHR087W	0.999997821191	YER067W
YKL062W	5.65815511074e-32	YHR136C
YKL062W	3.04454093865e-14	YFL014W
YKL062W	2.91427145616e-30	YMR169C
YKL062W	7.67417610449e-09	YIL136W
YKL062W	0.250473400846	YER158C
YKL062W	0.0982261212853	YHL028W
YKL062W	0.027161641883	YJR094C
YKL062W	1.45838543033e-09	YIL155C
YKL062W	0.360766597883	YKL071W
YKL062W	3.31956792091e-22	YNL194C
YKL062W	6.57342864834e-05	YKL015W
YKL062W	0.99920534778	YLR258W
YKL062W	1.48614229448e-06	YLR178C
YKL062W	8.43182675132e-07	YOR032C
