YBL103C	0.128168350559	YER040W
YBL103C	0.357161668262	YDL170W
YBL103C	0.153148037656	YJR110W
YBL103C	0.562019346915	YOR302W
YBL103C	0.102609181937	YPL036W
YKL112W	0.0117693409872	YOR302W
YKL112W	0.383543765747	YJL153C
YDR216W	0.975509325329	YMR280C
YDR216W	0.748061713196	YFL014W
YDR216W	1.0	YBR054W
YDR216W	0.900924002661	YCR010C
YDR216W	0.103366265757	YMR169C
YDR216W	1.0	YLR174W
YDR216W	1.0	YLR327C
YDR216W	0.39976121096	YNL270C
YDR216W	0.077165893459	YHR216W
YMR280C	1.0	YOR348C
YMR280C	0.120102696639	YIL155C
YER040W	0.556939713677	YBL103C
YER040W	0.455295150964	YGR142W
YER040W	0.380598937344	YHR018C
YER040W	0.675661766079	YDL170W
YER040W	0.217203649182	YCR010C
YER040W	0.204427038972	YJR110W
YER040W	0.00986054477382	YJL088W
YER040W	0.201049904224	YOR302W
YER040W	0.393963330136	YHR029C
YGR142W	0.868519551826	YDR216W
YGR142W	0.749627397668	YDR171W
YGR142W	0.611926472464	YCR021C
YGR142W	0.155921591733	YPL061W
YGR142W	1.0	YKR075C
YGR142W	1.0	YGL254W
YGR142W	0.226119935318	YDR361C
YGR142W	1.0	YDR523C
YML123C	1.0	YHR136C
YML123C	0.867466532959	YIL037C
YML123C	0.132337873358	YGL009C
YML123C	0.771329580408	YHR216W
YHR136C	1.0	YML123C
YHR136C	0.0473479270745	YCL064C
YHR136C	0.132533467041	YIL037C
YHR136C	1.0	YLR438W
YHR136C	0.783853217002	YGL009C
YDR171W	0.557338099926	YGR142W
YDR171W	0.205083008475	YOR348C
YDR171W	0.501786012186	YBR054W
YDR171W	0.369453011229	YCR010C
YDR171W	0.236473300161	YLR327C
YDR171W	0.075622944683	YHL028W
YDR171W	0.418032832771	YLL033W
YDR171W	1.0	YLR130C
YDR171W	0.808043477828	YER067W
YDR171W	0.94187478544	YHR087W
YGR043C	0.209254439593	YAL054C
YGR043C	0.486814082491	YPL061W
YGR043C	1.0	YMR169C
YGR043C	0.365484343745	YGR067C
YGR043C	0.26699096803	YDR043C
YHR018C	1.0	YKL112W
YHR018C	0.581259766844	YER040W
YHR018C	0.2944805303	YGR142W
YHR018C	0.897436214841	YDL170W
YHR018C	0.6325442815	YJL172W
YHR018C	0.0737579442057	YMR229C
YHR018C	1.0	YJL088W
YHR018C	0.698018701834	YLR438W
YHR018C	0.59214248364	YDR361C
YHR018C	0.346446080182	YHR029C
YHR018C	0.296332554446	YDL110C
YHR018C	0.104214606947	YLR178C
YHR018C	0.157103877721	YGL229C
YAL054C	0.313261502111	YOR100C
YAL054C	1.0	YKR009C
YAL054C	0.241521631228	YAL062W
YAL054C	0.245695094853	YDR523C
YFL014W	0.903884087187	YDR216W
YFL014W	0.0311771835547	YMR280C
YFL014W	0.115920828096	YHR136C
YFL014W	0.769321968454	YGR043C
YFL014W	0.302167226513	YER150W
YFL014W	0.557777797052	YGR067C
YFL014W	0.164890122208	YHR051W
YFL014W	0.994825162176	YNL194C
YFL014W	0.159926399946	YKL015W
YFL014W	0.219798878321	YPL036W
YFL014W	0.0591339747514	YJL217W
YFL014W	0.143163061274	YOL014W
YFL014W	0.708347204845	YLR178C
YFL014W	1.0	YKL062W
YOR348C	0.970551303637	YMR280C
YOR348C	0.164989863574	YGL254W
YOR348C	0.209996918221	YIL136W
YOR348C	0.663829048651	YGR183C
YOR348C	0.213999165381	YPL265W
YOR348C	0.241589855489	YJL063C
YOR348C	0.153899268627	YLR327C
YOR348C	0.978686265264	YHL028W
YOR348C	0.561151768946	YIL155C
YOR348C	0.65370632265	YLL011W
YOR348C	1.0	YDL110C
YOR348C	0.0581252145601	YHR087W
YDL170W	0.720258233751	YBL103C
YDL170W	0.131480448174	YDR216W
YDL170W	0.871831649441	YER040W
YDL170W	0.102042948962	YGR142W
YDL170W	0.430291868567	YHR018C
YDL170W	0.308745307338	YCR010C
YDL170W	0.744060476545	YJR110W
YDL170W	0.067838991002	YJL088W
YDL170W	0.179192762183	YOR302W
YDL170W	0.122494284809	YAL062W
YDL170W	0.391910588073	YHR029C
YBR054W	0.388073527536	YCR021C
YBR054W	0.0660409112798	YGR067C
YBR054W	0.0717404743679	YHL028W
YBR054W	0.88147064822	YGL009C
YCR010C	0.0843357469834	YDL160C
YDR384C	0.323281804828	YDR380W
YER150W	0.0339262216341	YDR171W
YER150W	0.0577102997847	YFL014W
YER150W	0.218455704892	YMR169C
YER150W	0.204609182044	YER158C
YER150W	0.659376268875	YNL194C
YER150W	0.807974602542	YER067W
YER150W	0.434959347933	YKL040C
YPL061W	0.125077035475	YNR064C
YPL061W	0.0229128984964	YDL160C
YPL061W	0.290016781623	YAL062W
YPL061W	0.12987406516	YPL036W
YPL061W	0.600751839377	YBL042C
YPL061W	0.0721512055898	YHR216W
YKR075C	0.148181369774	YGR142W
YLR009W	0.0550133438735	YBL103C
YLR009W	0.199426911795	YER040W
YLR009W	0.174290558406	YNL036W
YLR009W	0.0933416325843	YJL172W
YLR009W	0.395221898787	YPL012W
YLR009W	0.404572809497	YNR046W
YLR009W	0.155244863149	YGL254W
YLR009W	0.213210260872	YER002W
YLR009W	0.159431482528	YJR148W
YLR009W	0.241141611339	YNR064C
YLR009W	0.191363278066	YCL064C
YLR009W	0.175152222597	YDL091C
YLR009W	0.164461925845	YHR051W
YLR009W	0.23379127196	YMR229C
YLR009W	1.0	YOR206W
YLR009W	0.664387903148	YLR276C
YLR009W	0.183752971113	YNL037C
YLR009W	0.158953351825	YKR009C
YLR009W	0.108487620515	YPR002W
YLR009W	0.0787251538666	YFR022W
YLR009W	0.153686655173	YOR056C
YLR009W	0.14772354054	YBL042C
YLR009W	0.0561128566681	YLR130C
YLR009W	0.340722670027	YLR267W
YLR009W	0.461191375986	YLL034C
YPL111W	0.169164228232	YNL036W
YPL111W	0.201731422565	YKR075C
YPL111W	1.0	YPL265W
YPL111W	0.294105069863	YLR327C
YPL111W	0.367852130863	YLR438W
YPL111W	0.116187189671	YKL062W
YOR388C	0.0980670500612	YJR094C
YOR388C	1.0	YJL217W
YOR388C	1.0	YJL153C
YJL172W	0.158503863155	YKL112W
YJL172W	0.813864080217	YHR018C
YJL172W	1.0	YAL054C
YJL172W	0.102563785159	YDL170W
YJL172W	0.828453938108	YKR075C
YJL172W	0.348571066488	YOR100C
YJL172W	0.376198315846	YNR046W
YJL172W	0.171789962431	YCL064C
YJL172W	0.389273785054	YDL091C
YJL172W	0.926242055794	YMR229C
YJL172W	0.158828483396	YOR206W
YJL172W	0.0965879872588	YNR028W
YJL172W	0.335612096852	YLR276C
YJL172W	0.232821097906	YLR438W
YJL172W	0.181737581041	YDR361C
YJL172W	0.758478368772	YAL062W
YJL172W	0.142357223549	YDR523C
YJL172W	0.86768000161	YHR029C
YJL172W	0.169462488022	YDL110C
YPL012W	0.192470449939	YKL112W
YPL012W	0.900169186335	YGR142W
YPL012W	0.590426052602	YML123C
YPL012W	0.332983024517	YCR021C
YPL012W	0.189109194089	YHR018C
YPL012W	0.202662358588	YBR054W
YPL012W	0.850432396655	YDR384C
YPL012W	0.637599004572	YLR009W
YPL012W	0.221133684752	YJL172W
YPL012W	0.205106607007	YNR046W
YPL012W	0.194203975667	YGL254W
YPL012W	0.483654650921	YKR056W
YPL012W	0.151890694314	YCL064C
YPL012W	0.198860583082	YHR051W
YPL012W	0.126879399857	YMR229C
YPL012W	1.0	YOR206W
YPL012W	0.153221364937	YLR276C
YPL012W	0.115695639808	YNL037C
YPL012W	0.174694719637	YKR009C
YPL012W	0.3285232717	YDR361C
YPL012W	0.0965111946286	YFR022W
YPL012W	1.0	YDR380W
YPL012W	1.0	YLL034C
YOR100C	0.723829672602	YNR064C
YOR100C	1.0	YGR067C
YOR100C	0.0746009895226	YOL014W
YMR169C	0.106249723599	YDR216W
YMR169C	1.0	YGR043C
YMR169C	0.206810986618	YER150W
YMR169C	1.0	YDL018C
YMR169C	0.210024844183	YER158C
YMR169C	1.0	YNL194C
YMR169C	0.246454440956	YKL015W
YMR169C	0.396758078096	YOL014W
YMR169C	0.922834106541	YHR216W
YMR169C	0.294636871619	YKL040C
YNR046W	0.171546061892	YKR075C
YNR046W	0.373751725895	YLR009W
YNR046W	0.0309061105169	YPL012W
YNR046W	0.00689774065335	YMR193W
YNR046W	0.202265658745	YER002W
YNR046W	0.334573037332	YDL091C
YNR046W	0.166044594288	YLR276C
YNR046W	0.113681197215	YNL037C
YNR046W	0.217038881529	YKR009C
YNR046W	0.277875414278	YDR523C
YNR046W	1.0	YOR056C
YNR046W	0.716031795429	YBL042C
YNR046W	0.261892736848	YLR130C
YNR046W	0.413393133437	YLL034C
YNR046W	0.200455404244	YDL110C
YMR193W	1.0	YJL063C
YMR193W	1.0	YDL160C
YLR174W	0.180872448841	YNL270C
YDL018C	0.132895013835	YLR174W
YDL018C	0.936539912663	YGR183C
YDL018C	0.405585836773	YJL153C
YDL018C	1.0	YKL040C
YIL136W	0.560922974253	YMR280C
YIL136W	0.232284809687	YAL054C
YIL136W	0.122786477755	YFL014W
YIL136W	0.170596968611	YJL063C
YIL136W	0.64001621873	YHR051W
YIL136W	0.675275826652	YDR258C
YIL136W	0.271361555583	YNL194C
YIL136W	0.0651472662051	YJL217W
YIL136W	0.838613363098	YLR178C
YIL136W	0.201783127132	YHR087W
YGR183C	0.0160832605226	YMR193W
YGR183C	1.0	YHR051W
YER158C	0.909689319732	YHL028W
YER158C	0.252509364592	YDR043C
YER158C	1.0	YOR032C
YNR064C	0.484828826054	YPL061W
YGR067C	0.217639382541	YBR054W
YGR067C	0.163179772787	YOR100C
YGR067C	1.0	YLR174W
YGR067C	1.0	YIL037C
YGR067C	0.20233826142	YGL009C
YGR067C	0.276769123439	YAL062W
YGR067C	0.925399010477	YOL014W
YGR067C	0.249777675503	YGL229C
YPL265W	1.0	YNL036W
YPL265W	1.0	YDR171W
YPL265W	0.545289591914	YOR348C
YPL265W	0.2128753136	YKR075C
YPL265W	1.0	YPL111W
YPL265W	1.0	YJR110W
YPL265W	0.64033265381	YGL254W
YPL265W	0.198444833671	YLR174W
YPL265W	1.0	YER002W
YPL265W	0.0836467921705	YDL018C
YPL265W	1.0	YJR148W
YPL265W	1.0	YKR056W
YPL265W	1.0	YCL064C
YPL265W	0.226829740945	YLR327C
YPL265W	0.610726214946	YDL091C
YPL265W	0.147073864517	YLL011W
YPL265W	1.0	YDR043C
YPL265W	0.195551852714	YDR258C
YPL265W	0.160969689175	YLR276C
YPL265W	0.189630339023	YLL033W
YPL265W	1.0	YDR523C
YPL265W	1.0	YPL036W
YPL265W	1.0	YBL042C
YPL265W	1.0	YLR267W
YPL265W	0.886698043463	YNR053C
YPL265W	0.21107833649	YLR258W
YPL265W	0.534204957532	YDL110C
YPL265W	1.0	YGL229C
YPL265W	0.429838493022	YKL062W
YKR056W	0.109956274067	YPL111W
YKR056W	0.244269062407	YLR174W
YKR056W	0.155285638066	YDL018C
YKR056W	0.158500637459	YJR148W
YKR056W	0.178692911285	YPL265W
YKR056W	0.350809409824	YLL011W
YKR056W	0.18792614093	YOR056C
YKR056W	0.594141857183	YNR053C
YKR056W	0.288917213036	YLR258W
YKR056W	0.151731895555	YKL062W
YCL064C	1.0	YHR136C
YCL064C	0.412283198117	YIL037C
YCL064C	0.36446303313	YLR267W
YJL063C	1.0	YMR193W
YJL063C	0.566750662725	YKL071W
YJL063C	1.0	YNL037C
YDL160C	1.0	YMR193W
YDL160C	1.0	YNL270C
YDL160C	0.939635543312	YOL014W
YDL160C	0.849474220773	YOR032C
YDL160C	0.859953199423	YHR216W
YIL037C	0.417559242846	YOR388C
YIL037C	0.792661555177	YGR067C
YIL037C	0.567694832443	YJR094C
YLR327C	0.893750276401	YDR216W
YLR327C	0.127484019832	YER150W
YLR327C	0.370097497748	YKR075C
YLR327C	0.0230459341821	YMR169C
YLR327C	0.111927628053	YIL155C
YLR327C	1.0	YFR022W
YLR327C	0.191956522172	YER067W
YDL091C	0.20840989707	YBL042C
YDL091C	0.0800662835522	YNR053C
YDL091C	0.130231575457	YDR380W
YHR051W	0.184955201506	YDR384C
YHR051W	0.048073985391	YMR193W
YHR051W	1.0	YGR183C
YHL028W	0.498213987814	YBR054W
YHL028W	1.0	YER158C
YHL028W	0.13544234618	YJL063C
YMR229C	0.152422227764	YKL112W
YMR229C	0.885317085191	YGR043C
YMR229C	1.0	YDR384C
YMR229C	0.3674557185	YJL172W
YMR229C	0.151093291923	YNR064C
YMR229C	0.168972764067	YOR206W
YMR229C	0.456810532808	YNR028W
YMR229C	0.0459686456906	YOR302W
YMR229C	0.318475860653	YFR022W
YOR206W	0.125437985921	YKL112W
YOR206W	0.139219397604	YER040W
YOR206W	0.825709441594	YNL036W
YOR206W	0.325288978322	YML123C
YOR206W	0.667016975483	YCR021C
YOR206W	0.367862953081	YHR018C
YOR206W	1.0	YAL054C
YOR206W	0.140918206952	YBR054W
YOR206W	0.149567603345	YDR384C
YOR206W	0.88416103652	YLR009W
YOR206W	0.685524682664	YJL172W
YOR206W	1.0	YPL012W
YOR206W	0.605626466426	YNR046W
YOR206W	0.650551161183	YGL254W
YOR206W	0.180608288209	YER002W
YOR206W	0.840568517472	YJR148W
YOR206W	0.601776135063	YNR064C
YOR206W	0.101358294163	YKR056W
YOR206W	0.484956065189	YCL064C
YOR206W	0.435573992349	YDL091C
YOR206W	0.636677491073	YHR051W
YOR206W	0.39609129982	YMR229C
YOR206W	0.846778635063	YLR276C
YOR206W	0.0691602002596	YLR438W
YOR206W	0.298143714806	YNL037C
YOR206W	0.360894144328	YKR009C
YOR206W	0.408430492333	YPR002W
YOR206W	0.6714767283	YDR361C
YOR206W	0.160871409657	YLL033W
YOR206W	0.269031324951	YFR022W
YOR206W	0.17629677978	YDR523C
YOR206W	0.136244664031	YBL042C
YOR206W	0.508331714926	YLR267W
YOR206W	0.416758847648	YLL034C
YJR094C	0.0896819976215	YJL217W
YJR094C	0.0603644566885	YOL014W
YIL155C	0.0244906746713	YMR280C
YIL155C	0.1013552097	YKL040C
YJL088W	0.186135919783	YHR018C
YJL088W	0.632147869137	YLR438W
YJL088W	0.839128590343	YLL033W
YLL011W	0.0294486963634	YMR280C
YLL011W	0.194474312737	YNL036W
YLL011W	0.454710408086	YOR348C
YLL011W	0.122947170726	YPL111W
YLL011W	0.194677482616	YGL254W
YLL011W	0.238203147423	YLR174W
YLL011W	0.430276129798	YDL018C
YLL011W	0.0483938509845	YGR183C
YLL011W	0.266283846694	YPL265W
YLL011W	0.209169359617	YKR056W
YLL011W	0.110904593671	YIL155C
YLL011W	0.804448147286	YDR258C
YLL011W	0.64949825132	YLL033W
YLL011W	0.227180559299	YOR056C
YLL011W	1.0	YNR053C
YLL011W	0.119080549881	YLR258W
YLL011W	0.149880134903	YDR380W
YLL011W	0.465795042468	YDL110C
YLL011W	0.150525779227	YOR032C
YLL011W	0.138474774838	YKL062W
YNR028W	0.473045649054	YKL071W
YNR028W	0.246439313833	YPR002W
YNR028W	1.0	YKL040C
YDR043C	0.179792613744	YER158C
YDR258C	0.173854445648	YNL036W
YDR258C	0.187516103248	YAL054C
YDR258C	0.133718141162	YIL136W
YDR258C	0.0305890018173	YGR183C
YKL071W	0.372393829574	YDR384C
YKL071W	1.0	YPL012W
YKL071W	0.0446116997119	YMR169C
YKL071W	0.0767378592027	YGR067C
YKL071W	0.23943646982	YKR056W
YKL071W	0.452370829719	YJL063C
YKL071W	0.0918245035124	YIL037C
YKL071W	0.108077236963	YJR094C
YKL071W	0.0885356044121	YJL088W
YKL071W	0.152438314124	YDR258C
YKL071W	0.863242171796	YKL015W
YKL071W	0.0745681277008	YNR053C
YKL071W	0.162874663304	YOR032C
YKL071W	0.29656601458	YHR216W
YNL194C	0.096115912813	YDR216W
YNL194C	0.0447288589603	YHR136C
YNL194C	1.0	YFL014W
YNL194C	1.0	YER150W
YNL194C	1.0	YMR169C
YNL194C	1.0	YIL136W
YNL194C	0.159747935255	YER158C
YNL194C	1.0	YIL155C
YNL194C	0.163455090139	YKL015W
YNL194C	0.780201121679	YPL036W
YNL194C	0.786036761422	YJL217W
YNL194C	0.46007886063	YOL014W
YNL194C	0.118440090602	YER067W
YNL194C	0.219487287388	YLR178C
YNL194C	0.0916752245561	YKL040C
YNL194C	0.798216872868	YHR087W
YLR276C	0.0658659821065	YBL103C
YLR276C	0.0800939237572	YER040W
YLR276C	0.626248274105	YLR009W
YLR276C	0.0999965420441	YPL012W
YLR276C	0.163179772787	YOR100C
YLR276C	0.157082253598	YNR064C
YLR276C	0.243238028363	YMR229C
YLR276C	0.331339507842	YOR206W
YLR276C	0.288726477058	YNL037C
YLR276C	0.483081887152	YPR002W
YLR276C	0.157775487541	YDR523C
YLR276C	0.163475282955	YOR056C
YLR276C	0.571994541024	YLR130C
YLR276C	0.150945615047	YLR267W
YLR276C	0.128917591231	YDL110C
YLR438W	0.749350766296	YHR136C
YLR438W	0.127298300474	YPL111W
YLR438W	0.952652072926	YCL064C
YLR438W	0.911464395588	YJL088W
YNL037C	0.547629170281	YJL063C
YNL037C	0.380462065194	YKL071W
YNL037C	1.0	YPR002W
YKR009C	0.163805561564	YAL054C
YKR009C	0.16350450819	YGL229C
YKL015W	0.299323657856	YOR032C
YGL009C	0.280574605273	YBR054W
YGL009C	0.142733538021	YOR388C
YGL009C	0.489173071761	YJL217W
YPR002W	0.601922726593	YBL103C
YPR002W	1.0	YNL037C
YDR361C	0.371165473221	YKL112W
YDR361C	0.0998308136651	YGR142W
YDR361C	0.44302785283	YHR018C
YDR361C	0.032834853148	YPL012W
YDR361C	0.174987658614	YOR100C
YDR361C	0.175308644319	YER002W
YDR361C	0.2372564659	YFR022W
YDR361C	0.895785393053	YLR178C
YOR302W	1.0	YBL103C
YOR302W	1.0	YKL112W
YOR302W	1.0	YER040W
YOR302W	0.442661900074	YGR142W
YOR302W	0.233285384107	YDR171W
YOR302W	0.114682914809	YGR043C
YOR302W	0.882678284491	YDL170W
YOR302W	0.27037701389	YCR010C
YOR302W	1.0	YPL061W
YOR302W	1.0	YOR100C
YOR302W	0.874922964525	YNR064C
YOR302W	1.0	YMR229C
YOR302W	0.897345945039	YJL088W
YOR302W	0.762276823073	YNR028W
YOR302W	0.299696194046	YDR043C
YOR302W	0.618426611156	YPR002W
YOR302W	1.0	YFR022W
YOR302W	0.310719810129	YAL062W
YOR302W	0.767516752903	YPL036W
YOR302W	1.0	YLR130C
YOR302W	1.0	YHR029C
YNL270C	0.89275135452	YDL160C
YNL270C	0.421144930617	YJL217W
YNL270C	0.616456234253	YJL153C
YFR022W	1.0	YNL270C
YDR523C	0.231753086248	YDR380W
YJL217W	1.0	YOR388C
YJL217W	1.0	YJR094C
YJL217W	1.0	YGL009C
YOR056C	0.674084519138	YOR100C
YOR056C	1.0	YNR046W
YOR056C	0.228607147856	YER002W
YOR056C	0.146039362372	YJR148W
YOR056C	0.414987054916	YKR056W
YOR056C	0.446269979439	YDL091C
YOR056C	0.160066691018	YLL011W
YOR056C	0.672985716537	YLR276C
YOR056C	0.0608513610144	YLR130C
YOR056C	0.708656642929	YLL034C
YOR056C	0.204831962057	YDL110C
YOR056C	0.267249427974	YGL229C
YLR130C	0.72962298611	YCR010C
YLR130C	0.921715150076	YMR193W
YLR130C	0.237723176927	YNR028W
YLR130C	1.0	YOR302W
YLR267W	0.880345592747	YPL265W
YHR029C	0.0170872182251	YDR171W
YHR029C	0.189109194089	YHR018C
YHR029C	0.084498281168	YDL170W
YHR029C	0.20367402959	YCR010C
YHR029C	1.0	YJL172W
YHR029C	0.125077035475	YNR064C
YHR029C	0.0249545191849	YJL088W
YHR029C	0.53309088853	YNR028W
YHR029C	0.135134075011	YPR002W
YHR029C	1.0	YOR302W
YOL014W	0.121245718301	YJR094C
YNR053C	0.143115189951	YPL111W
YNR053C	0.186187942664	YLR174W
YNR053C	0.26301206665	YDL018C
YNR053C	0.172711593845	YJR148W
YNR053C	0.341024076641	YPL265W
YNR053C	0.551394170563	YKR056W
YNR053C	0.389273785054	YDL091C
YNR053C	1.0	YLL011W
YNR053C	0.584893299771	YOR056C
YNR053C	0.130334270634	YLR258W
YNR053C	0.164853398564	YDR380W
YNR053C	0.163767646914	YKL062W
YLR258W	0.0444501683063	YHR136C
YLR258W	0.0475107489443	YIL136W
YLR258W	0.164016301399	YIL037C
YLR258W	0.351717673016	YDR258C
YLR258W	0.630008072824	YER067W
YLR258W	0.249777675503	YGL229C
YLR258W	0.906519360399	YHR087W
YLR258W	1.0	YKL062W
YDR380W	0.180511379922	YDR384C
YDR380W	0.174466424021	YOR388C
YDR380W	1.0	YKL071W
YLL034C	0.0842849690758	YML123C
YLL034C	0.158205446645	YBR054W
YLL034C	0.478239958909	YLR009W
YLL034C	0.441040595505	YPL012W
YLL034C	0.162735708074	YOR100C
YLL034C	0.408495801223	YNR046W
YLL034C	1.0	YER002W
YLL034C	0.219156983229	YDL091C
YLL034C	0.15165663841	YOR206W
YLL034C	0.088418902681	YKR009C
YLL034C	0.682838061872	YOR056C
YLL034C	0.0491485044449	YLR130C
YDL110C	0.215295766087	YKR075C
YDL110C	0.0677793733152	YDL018C
YDL110C	0.257188098548	YGR183C
YDL110C	0.0886926204043	YLR327C
YDL110C	0.0959133126913	YIL155C
YDL110C	0.199219812833	YLL011W
YDL110C	0.250589629959	YLR258W
YER067W	0.708816518166	YDR171W
YER067W	0.520313101533	YCR021C
YER067W	0.144090623705	YOR348C
YER067W	0.935420620012	YER150W
YER067W	0.832211761701	YDL160C
YER067W	1.0	YLR327C
YER067W	0.820568186208	YDR258C
YER067W	0.00647073496837	YNL194C
YER067W	0.55949071484	YLL033W
YER067W	0.750222324497	YGL229C
YER067W	0.0773733461916	YKL040C
YER067W	0.0934806396013	YHR087W
YLR178C	0.407899842192	YMR280C
YLR178C	0.225316006078	YGR043C
YLR178C	0.207139085909	YAL054C
YLR178C	0.147190482628	YFL014W
YLR178C	1.0	YIL136W
YLR178C	0.245825424775	YER158C
YLR178C	0.141297533544	YGR067C
YLR178C	0.331314196121	YJL063C
YLR178C	0.433312837924	YDR043C
YLR178C	1.0	YKL015W
YLR178C	1.0	YDR361C
YLR178C	1.0	YAL062W
YLR178C	0.162364510612	YGL229C
YOR032C	1.0	YER158C
YOR032C	0.747490635408	YDR043C
YOR032C	0.566921897162	YKL015W
YHR216W	0.298894089297	YML123C
YHR216W	0.392515742718	YPL061W
YHR216W	1.0	YJR094C
YHR216W	0.0896819976215	YJL217W
YJL153C	0.609923087834	YOR388C
YJL153C	0.135870186493	YNL270C
YKL040C	0.898364446826	YJR110W
YKL040C	1.0	YDL018C
YKL040C	0.0634600873368	YGR183C
YKL040C	0.913510591404	YNR028W
YKL040C	0.183347862046	YLL033W
YKL040C	0.165673514037	YNL270C
YKL040C	0.247091632476	YJL153C
YHR087W	0.0455493783413	YHR136C
YHR087W	0.2572572602	YDR171W
YHR087W	0.479686898467	YCR021C
YHR087W	0.0714415092641	YFL014W
YHR087W	0.65082636782	YOR348C
YHR087W	0.428117147027	YER150W
YHR087W	0.589390563543	YIL136W
YHR087W	0.167788238299	YDL160C
YHR087W	0.888072371947	YIL155C
YHR087W	0.0679662783972	YNL194C
YHR087W	1.0	YLR258W
YHR087W	0.369991927176	YER067W
YKL062W	0.00536202546807	YGR043C
YKL062W	0.852809517372	YFL014W
YKL062W	0.262139588999	YDR384C
YKL062W	0.0193836281297	YIL136W
YKL062W	0.121056633599	YJL063C
YKL062W	0.195093659062	YHR051W
YKL062W	0.964260995952	YHL028W
YKL062W	0.111927628053	YIL155C
YKL062W	1.0	YKR009C
YKL062W	1.0	YLR258W
YKL062W	1.0	YDR380W
YKL062W	0.073585306856	YER067W
YKL062W	0.233552144669	YLR178C
YKL062W	0.307017424141	YOR032C
