YBL103C	0.175957370998	YER040W
YBL103C	0.327664462189	YDL170W
YBL103C	0.150080569836	YJR110W
YBL103C	0.00520640930159	YDL160C
YBL103C	0.00657600845209	YJL088W
YBL103C	0.0483240360345	YDR043C
YBL103C	0.0263719966718	YKL071W
YBL103C	0.0959881421747	YPR002W
YBL103C	0.558047406623	YOR302W
YBL103C	0.0923517618357	YPL036W
YBL103C	0.0386178861969	YHR029C
YBL103C	0.0116827457444	YDR380W
YBL103C	0.0329423214094	YKL040C
YKL112W	0.00346179789792	YDR216W
YKL112W	0.000598400194408	YGR043C
YKL112W	0.0153615639987	YHR018C
YKL112W	0.110565463498	YPL061W
YKL112W	0.008210316697	YJL172W
YKL112W	0.0070078657355	YGR067C
YKL112W	0.00573049803421	YMR229C
YKL112W	0.0662531873015	YDR043C
YKL112W	0.0143562697705	YDR361C
YKL112W	0.0119065341974	YOR302W
YKL112W	0.0262474099346	YFR022W
YKL112W	0.233127302913	YJL153C
YKL112W	0.00282013870457	YKL062W
YDR216W	0.824025813901	YMR280C
YDR216W	0.688518329326	YFL014W
YDR216W	0.00660196827897	YOR348C
YDR216W	0.0106269753926	YDL170W
YDR216W	0.887557046894	YBR054W
YDR216W	0.748675609627	YCR010C
YDR216W	0.00679275013451	YER150W
YDR216W	0.0828127038866	YMR169C
YDR216W	1.0	YLR174W
YDR216W	0.0308739009224	YJL063C
YDR216W	1.0	YLR327C
YDR216W	0.0161108274302	YJR094C
YDR216W	0.0117619597578	YKL071W
YDR216W	0.293248801913	YNL270C
YDR216W	0.180390304981	YHR216W
YDR216W	0.0146551625077	YKL040C
YMR280C	0.00224289558804	YDR216W
YMR280C	0.0220903246547	YHR136C
YMR280C	0.0013655413333	YFL014W
YMR280C	1.0	YOR348C
YMR280C	0.00133452620199	YER150W
YMR280C	0.15835523931	YKR075C
YMR280C	0.0445378708856	YOR100C
YMR280C	0.00648610949845	YIL136W
YMR280C	0.0619830641132	YJL063C
YMR280C	0.0071023931582	YLR327C
YMR280C	0.0735276477016	YIL155C
YMR280C	8.06062697026e-05	YNL194C
YMR280C	0.015410806403	YDR361C
YER040W	0.517743072428	YBL103C
YER040W	0.00304854437585	YDR216W
YER040W	0.469059266951	YGR142W
YER040W	0.0149415393039	YCR021C
YER040W	0.35501777735	YHR018C
YER040W	0.654413469472	YDL170W
YER040W	0.210491511105	YCR010C
YER040W	0.00931244236869	YJL172W
YER040W	0.00191708891894	YPL012W
YER040W	0.188477871675	YJR110W
YER040W	0.0455452426872	YGL254W
YER040W	0.00913465060124	YOR206W
YER040W	0.0100489396597	YJL088W
YER040W	0.00483897863199	YNR028W
YER040W	0.0177388795642	YLL033W
YER040W	0.197340332144	YOR302W
YER040W	0.307205041543	YHR029C
YER040W	0.0011496548127	YKL040C
YGR142W	0.842094843054	YDR216W
YGR142W	0.00903546598234	YER040W
YGR142W	0.713557867011	YDR171W
YGR142W	0.487654104342	YCR021C
YGR142W	0.00132843432164	YDL170W
YGR142W	0.0202707759707	YCR010C
YGR142W	0.139365673637	YPL061W
YGR142W	1.0	YKR075C
YGR142W	0.00484917933487	YPL012W
YGR142W	0.0185746712562	YJR110W
YGR142W	0.884633042265	YGL254W
YGR142W	0.0144930761569	YER002W
YGR142W	0.000162575948641	YJL088W
YGR142W	0.00950374616051	YKL071W
YGR142W	0.278299744807	YDR361C
YGR142W	0.00010468045911	YOR302W
YGR142W	0.0103032894769	YNL270C
YGR142W	0.0267756423818	YAL062W
YGR142W	0.443087292349	YDR523C
YGR142W	0.0129261522479	YHR029C
YGR142W	0.0113166368126	YDR380W
YGR142W	0.050248180534	YGL229C
YGR142W	0.000957493271152	YKL062W
YNL036W	0.0153140334168	YPL111W
YNL036W	0.00521536382475	YLR327C
YNL036W	0.0092328509095	YOR032C
YML123C	1.0	YHR136C
YML123C	0.838812508337	YIL037C
YML123C	0.00335055428376	YJR094C
YML123C	2.29035317327e-05	YNL194C
YML123C	0.0121638780813	YNL037C
YML123C	0.124907945678	YGL009C
YML123C	0.00147940285446	YJL217W
YML123C	0.0107273204544	YOR032C
YML123C	0.581218073232	YHR216W
YHR136C	1.0	YML123C
YHR136C	0.0169325952215	YPL111W
YHR136C	0.16171429892	YCL064C
YHR136C	0.18075717488	YIL037C
YHR136C	0.00358828821217	YJR094C
YHR136C	4.6834003933e-06	YNL194C
YHR136C	0.874312884543	YLR438W
YHR136C	0.0494430176159	YNL037C
YHR136C	0.696517759545	YGL009C
YHR136C	0.00305395486198	YJL217W
YHR136C	0.0179393757096	YLR267W
YHR136C	0.0403815894006	YOR032C
YHR136C	0.0877060123413	YHR216W
YDR171W	0.344396330392	YGR142W
YDR171W	0.161595463158	YCR021C
YDR171W	0.215311270772	YOR348C
YDR171W	0.483583941201	YBR054W
YDR171W	0.340884734025	YCR010C
YDR171W	0.0232572540409	YER150W
YDR171W	0.0102830413733	YMR169C
YDR171W	0.00699857053573	YJR110W
YDR171W	0.00214959373625	YMR193W
YDR171W	0.0463922870153	YGL254W
YDR171W	0.000821102274953	YIL136W
YDR171W	0.0331765813415	YJL063C
YDR171W	0.0123926742564	YDL160C
YDR171W	0.177000701062	YLR327C
YDR171W	0.15660092078	YHL028W
YDR171W	0.0270646202852	YNR028W
YDR171W	0.00021236058592	YNL194C
YDR171W	0.592203451397	YLL033W
YDR171W	0.973225634888	YLR130C
YDR171W	0.72965842423	YER067W
YDR171W	0.0258517657405	YOR032C
YDR171W	0.0615096789552	YKL040C
YDR171W	0.863572498933	YHR087W
YGR043C	0.0415138498624	YKL112W
YGR043C	0.00399680680072	YMR280C
YGR043C	0.0038264681865	YHR136C
YGR043C	0.212582415617	YAL054C
YGR043C	0.00124314624556	YFL014W
YGR043C	0.00176745320608	YER150W
YGR043C	0.474767907497	YPL061W
YGR043C	1.0	YMR169C
YGR043C	0.0105244719733	YDL018C
YGR043C	0.00253535474377	YGR183C
YGR043C	0.0302413642031	YER158C
YGR043C	0.393357657448	YGR067C
YGR043C	0.00462355352418	YJR094C
YGR043C	0.173462409699	YDR043C
YGR043C	0.0336972133335	YKL015W
YGR043C	0.0274705852726	YGL009C
YGR043C	0.0283754436823	YNL270C
YGR043C	0.0408825807482	YFR022W
YGR043C	0.0267101378589	YAL062W
YGR043C	0.00854086426203	YPL036W
YGR043C	0.00274244905142	YJL217W
YGR043C	0.063994877357	YOL014W
YGR043C	0.00154943169362	YLR178C
YGR043C	0.003190461146	YHR216W
YGR043C	0.0167412855493	YJL153C
YHR018C	0.884072875954	YKL112W
YHR018C	0.00416574126806	YDR216W
YHR018C	0.574837536889	YER040W
YHR018C	0.268078564338	YGR142W
YHR018C	0.0123115908229	YCR021C
YHR018C	0.000305033464389	YGR043C
YHR018C	0.84901097596	YDL170W
YHR018C	0.0308100495206	YBR054W
YHR018C	0.0242517112323	YCR010C
YHR018C	0.0264663412457	YKR075C
YHR018C	0.0171360338062	YLR009W
YHR018C	0.0220991108419	YPL111W
YHR018C	0.522263591115	YJL172W
YHR018C	0.00631074127662	YPL012W
YHR018C	0.089557315591	YNR046W
YHR018C	0.000993566689256	YMR193W
YHR018C	0.0806188532156	YGL254W
YHR018C	0.0265436956957	YER002W
YHR018C	0.0701584492711	YJR148W
YHR018C	0.0161148089065	YNR064C
YHR018C	0.0110576751004	YKR056W
YHR018C	0.00714981089018	YCL064C
YHR018C	0.228816050077	YDL091C
YHR018C	0.0816058689999	YHR051W
YHR018C	0.134459595552	YMR229C
YHR018C	0.0540026169584	YOR206W
YHR018C	0.999827397151	YJL088W
YHR018C	0.00768769658049	YNR028W
YHR018C	0.557903530604	YLR438W
YHR018C	0.0724628157059	YKR009C
YHR018C	0.478076875665	YDR361C
YHR018C	0.0180638203655	YLL033W
YHR018C	0.000570015165597	YOR302W
YHR018C	0.154094951384	YDR523C
YHR018C	0.0620744968931	YLR267W
YHR018C	0.404009751673	YHR029C
YHR018C	0.0130369491273	YNR053C
YHR018C	0.0412761692744	YLR258W
YHR018C	0.177430845102	YDL110C
YHR018C	0.111666684415	YLR178C
YHR018C	0.0744318711633	YGL229C
YAL054C	0.011889777448	YKL112W
YAL054C	0.0261580872839	YNL036W
YAL054C	0.00148525914586	YGR043C
YAL054C	0.0180735974474	YBR054W
YAL054C	0.0116580539599	YJL172W
YAL054C	0.00357309977761	YPL012W
YAL054C	0.279140102631	YOR100C
YAL054C	0.0162574043251	YNR046W
YAL054C	0.00156298059787	YMR193W
YAL054C	0.0201772098743	YER002W
YAL054C	0.00442978542098	YDL018C
YAL054C	0.0124610065469	YGR067C
YAL054C	0.00156804705736	YLR327C
YAL054C	0.0103175099646	YOR206W
YAL054C	0.0165091297218	YNL037C
YAL054C	0.830880287039	YKR009C
YAL054C	0.152403194911	YAL062W
YAL054C	0.249519681835	YDR523C
YAL054C	0.000655024879008	YLR130C
YAL054C	0.0516148770456	YLR267W
YAL054C	0.0306335421478	YGL229C
YFL014W	0.891377980893	YDR216W
YFL014W	0.113223573033	YMR280C
YFL014W	0.0898420403756	YHR136C
YFL014W	0.754539482247	YGR043C
YFL014W	0.0145342223271	YAL054C
YFL014W	0.27969285508	YER150W
YFL014W	0.00486644917627	YMR169C
YFL014W	0.00639028176963	YIL136W
YFL014W	0.468835238063	YGR067C
YFL014W	0.0167065598307	YJL063C
YFL014W	0.0320030693943	YDL160C
YFL014W	0.0487083080453	YIL037C
YFL014W	0.250125850067	YHR051W
YFL014W	0.00420729127005	YHL028W
YFL014W	0.00359875780274	YJR094C
YFL014W	0.140719800414	YIL155C
YFL014W	0.000137336309741	YJL088W
YFL014W	0.994816551548	YNL194C
YFL014W	0.441871407534	YKL015W
YFL014W	0.0365840565234	YGL009C
YFL014W	0.22842963279	YPL036W
YFL014W	0.0553505152216	YJL217W
YFL014W	0.0461080404492	YLR267W
YFL014W	0.0853961518342	YOL014W
YFL014W	0.0342588331269	YDR380W
YFL014W	0.00208684057142	YER067W
YFL014W	0.691601756896	YLR178C
YFL014W	0.0168980988065	YOR032C
YFL014W	0.0156721863293	YKL040C
YFL014W	0.0330990361077	YHR087W
YFL014W	0.998851177085	YKL062W
YOR348C	0.965827125374	YMR280C
YOR348C	0.00453066594277	YDR171W
YOR348C	0.000771817812189	YFL014W
YOR348C	0.0182133136246	YDR384C
YOR348C	0.00145244870587	YER150W
YOR348C	0.117305536615	YKR075C
YOR348C	0.0143626108457	YPL111W
YOR348C	0.107638182511	YGL254W
YOR348C	0.201805422676	YIL136W
YOR348C	0.592465522373	YGR183C
YOR348C	0.218010714086	YPL265W
YOR348C	0.165068618931	YJL063C
YOR348C	0.0190147412948	YIL037C
YOR348C	0.11519388625	YLR327C
YOR348C	0.822639335934	YHL028W
YOR348C	0.482352139532	YIL155C
YOR348C	0.473155257003	YLL011W
YOR348C	0.0772895863258	YDR258C
YOR348C	0.000134946576344	YNL194C
YOR348C	0.0415593869974	YLL033W
YOR348C	0.00276091428073	YLR130C
YOR348C	0.667419491509	YDL110C
YOR348C	0.0649175673237	YHR087W
YOR348C	0.00528788350324	YKL062W
YDL170W	0.66668620144	YBL103C
YDL170W	0.142018429796	YDR216W
YDL170W	0.770425437647	YER040W
YDL170W	0.0619024479498	YGR142W
YDL170W	0.0135663381495	YDR171W
YDL170W	0.0307785931978	YCR021C
YDL170W	0.358859836885	YHR018C
YDL170W	0.255383604994	YCR010C
YDL170W	0.0133958820128	YPL061W
YDL170W	0.00930884980306	YJL172W
YDL170W	0.00141986719437	YPL012W
YDL170W	0.735497208162	YJR110W
YDL170W	0.067571404827	YJL088W
YDL170W	0.0716917009893	YLL033W
YDL170W	0.176933010942	YOR302W
YDL170W	0.0166575999168	YNL270C
YDL170W	0.161004852722	YAL062W
YDL170W	0.00292784890703	YPL036W
YDL170W	0.309131248907	YHR029C
YDL170W	0.00870325732531	YNR053C
YDL170W	0.0052860589272	YLR258W
YDL170W	0.00420145815487	YKL040C
YBR054W	0.0050113334024	YHR136C
YBR054W	0.320722462423	YCR021C
YBR054W	0.00139642827705	YFL014W
YBR054W	0.00266288360333	YER150W
YBR054W	0.254248634082	YLR174W
YBR054W	0.0424062046174	YGR067C
YBR054W	0.0108656798453	YJL063C
YBR054W	0.0156225411877	YDL160C
YBR054W	0.0565943899483	YHL028W
YBR054W	0.0955094327365	YJR094C
YBR054W	0.802425824045	YGL009C
YBR054W	0.0133487830751	YFR022W
YBR054W	0.119985943634	YOR032C
YCR010C	0.000477429537788	YDR171W
YCR010C	0.00910791902704	YOR348C
YCR010C	0.0167670777093	YMR169C
YCR010C	0.105820333121	YDL160C
YCR010C	0.0244776600389	YDR523C
YCR010C	0.00423732393282	YLR130C
YDR384C	0.0174017675579	YBL103C
YDR384C	0.032671991368	YKL112W
YDR384C	0.00689832221044	YPL012W
YDR384C	0.0226923583556	YGR183C
YDR384C	0.011135316885	YKR056W
YDR384C	0.0686386990807	YHR051W
YDR384C	0.00346286991208	YMR229C
YDR384C	0.000500439607816	YJL088W
YDR384C	0.000253658512992	YOR302W
YDR384C	0.00905167860881	YNR053C
YDR384C	0.182483957915	YDR380W
YDR384C	0.0344465008641	YDL110C
YDR384C	0.00596484989076	YKL040C
YER150W	0.0037840053955	YDR216W
YER150W	0.00600418979103	YHR136C
YER150W	0.0320684034788	YDR171W
YER150W	0.0531167395573	YFL014W
YER150W	0.0200850913023	YBR054W
YER150W	0.175017521133	YMR169C
YER150W	0.00103660010868	YMR193W
YER150W	0.00439897094238	YDL018C
YER150W	0.000621312875109	YIL136W
YER150W	0.216801632711	YER158C
YER150W	0.00432236791207	YDL160C
YER150W	0.017056980003	YIL155C
YER150W	0.0624518863539	YNR028W
YER150W	0.657567325732	YNL194C
YER150W	0.002679169433	YGL009C
YER150W	0.0117784483372	YNL270C
YER150W	0.0561927379276	YJL217W
YER150W	0.0158177835681	YOL014W
YER150W	0.740325186652	YER067W
YER150W	0.00536716348408	YHR216W
YER150W	0.394738152824	YKL040C
YER150W	0.018605847709	YHR087W
YPL061W	0.0205087963415	YKL112W
YPL061W	0.0281460132174	YGR142W
YPL061W	0.0638014390172	YML123C
YPL061W	0.00120954946454	YGR043C
YPL061W	0.00493232505909	YJR110W
YPL061W	0.220297152795	YNR064C
YPL061W	0.0394296249799	YDL160C
YPL061W	0.00327264342177	YJR094C
YPL061W	0.000729701164123	YJL088W
YPL061W	0.00800398797716	YDR258C
YPL061W	0.00570829620146	YNL037C
YPL061W	0.00310080968695	YGL009C
YPL061W	0.00375747726001	YOR302W
YPL061W	0.170913037272	YAL062W
YPL061W	0.156965080225	YPL036W
YPL061W	0.223104202221	YBL042C
YPL061W	0.0166636030205	YOR032C
YPL061W	0.135567858216	YHR216W
YPL061W	0.0117529080652	YJL153C
YKR075C	0.127304645912	YGR142W
YKR075C	0.0293664761527	YNL270C
YLR009W	0.0514359857899	YBL103C
YLR009W	0.0284348355774	YKL112W
YLR009W	0.000255070883375	YDR216W
YLR009W	0.161147536384	YER040W
YLR009W	0.18400957886	YNL036W
YLR009W	0.106391872084	YML123C
YLR009W	0.00555846652254	YHR136C
YLR009W	0.147491550863	YCR021C
YLR009W	0.03469405494	YHR018C
YLR009W	0.205500389334	YAL054C
YLR009W	0.00686420823507	YDL170W
YLR009W	0.0864287881441	YBR054W
YLR009W	0.0490124110401	YDR384C
YLR009W	0.152172072886	YKR075C
YLR009W	0.0153994466021	YPL111W
YLR009W	0.107897937997	YJL172W
YLR009W	0.366277628629	YPL012W
YLR009W	0.118927643867	YOR100C
YLR009W	0.334768469265	YNR046W
YLR009W	0.00361256122591	YJR110W
YLR009W	0.00185509061771	YMR193W
YLR009W	0.126639626275	YGL254W
YLR009W	0.184683362661	YER002W
YLR009W	0.0129104414874	YDL018C
YLR009W	0.00303086869638	YGR183C
YLR009W	0.277422671761	YJR148W
YLR009W	0.245279122548	YNR064C
YLR009W	0.0757651960306	YKR056W
YLR009W	0.185017008818	YCL064C
YLR009W	0.0018857043915	YLR327C
YLR009W	0.267126854493	YDL091C
YLR009W	0.146535153687	YHR051W
YLR009W	0.0061703844498	YHL028W
YLR009W	0.20436226857	YMR229C
YLR009W	0.632556968839	YOR206W
YLR009W	0.0697447985262	YLL011W
YLR009W	0.478863640889	YLR276C
YLR009W	0.0621068476965	YLR438W
YLR009W	0.157165292449	YNL037C
YLR009W	0.130920029225	YKR009C
YLR009W	0.152906264132	YPR002W
YLR009W	0.0578266338505	YDR361C
YLR009W	0.0590634426154	YLL033W
YLR009W	0.0511991461964	YFR022W
YLR009W	0.0377830959968	YAL062W
YLR009W	0.124748088559	YDR523C
YLR009W	0.253967922934	YOR056C
YLR009W	0.149739960351	YBL042C
YLR009W	0.0515810443465	YLR130C
YLR009W	0.160135405079	YLR267W
YLR009W	0.00945404638079	YHR029C
YLR009W	0.0263069962538	YNR053C
YLR009W	0.0364960713212	YLR258W
YLR009W	0.420540756747	YLL034C
YLR009W	0.0507448746003	YDL110C
YLR009W	0.00322058199227	YLR178C
YLR009W	0.0303292437901	YGL229C
YLR009W	0.00109770847664	YKL040C
YPL111W	0.353920635623	YNL036W
YPL111W	0.00973928858283	YHR136C
YPL111W	0.00351627645218	YDR171W
YPL111W	0.00488190528885	YFL014W
YPL111W	0.00250037662882	YOR348C
YPL111W	0.135704846529	YKR075C
YPL111W	0.0113173281571	YJL172W
YPL111W	0.00935129229727	YMR169C
YPL111W	0.0106594426007	YJR110W
YPL111W	0.054617654256	YGL254W
YPL111W	0.0526170572493	YLR174W
YPL111W	0.01065996874	YDL018C
YPL111W	0.000609802435856	YIL136W
YPL111W	0.00682690133709	YGR183C
YPL111W	0.0103324633697	YER158C
YPL111W	0.0217777599368	YJR148W
YPL111W	0.715047096932	YPL265W
YPL111W	0.0109727723646	YKR056W
YPL111W	0.0162736117445	YIL037C
YPL111W	0.220138186917	YLR327C
YPL111W	0.00568355045062	YHL028W
YPL111W	0.0180437272036	YIL155C
YPL111W	0.000148409755087	YJL088W
YPL111W	1.85547674923e-05	YNL194C
YPL111W	0.0238740922573	YLR276C
YPL111W	0.43035200648	YLR438W
YPL111W	0.00624838099145	YPL036W
YPL111W	0.0151637835234	YOL014W
YPL111W	0.0711311227967	YNR053C
YPL111W	0.0284407817228	YLR258W
YPL111W	0.0337489459419	YDR380W
YPL111W	0.0180623906205	YDL110C
YPL111W	0.0842039236255	YKL062W
YOR388C	0.0395230193632	YIL037C
YOR388C	0.100063140897	YJR094C
YOR388C	0.00654443276065	YGL009C
YOR388C	1.0	YJL217W
YOR388C	0.940204498052	YJL153C
YJL172W	0.0457533504439	YBL103C
YJL172W	0.160202727761	YKL112W
YJL172W	0.00049850428139	YDR216W
YJL172W	0.0320123104594	YER040W
YJL172W	0.00481951999068	YHR136C
YJL172W	0.0602225724852	YCR021C
YJL172W	0.00132775590397	YGR043C
YJL172W	0.548361849271	YHR018C
YJL172W	1.0	YAL054C
YJL172W	0.101092142866	YDL170W
YJL172W	0.00976061093911	YCR010C
YJL172W	0.019819037752	YDR384C
YJL172W	0.308075867246	YKR075C
YJL172W	0.114360440723	YLR009W
YJL172W	0.0143245328807	YPL111W
YJL172W	0.0124666971408	YPL012W
YJL172W	0.358131535531	YOR100C
YJL172W	0.215201707431	YNR046W
YJL172W	0.0746203685049	YGL254W
YJL172W	0.0271561719261	YER002W
YJL172W	0.153305913529	YJR148W
YJL172W	0.0188787801674	YNR064C
YJL172W	0.184678525343	YCL064C
YJL172W	0.00334413867471	YLR327C
YJL172W	0.34953183493	YDL091C
YJL172W	0.0218059657743	YHR051W
YJL172W	0.804881890941	YMR229C
YJL172W	0.141170280385	YOR206W
YJL172W	0.235231887665	YNR028W
YJL172W	0.272768145766	YLR276C
YJL172W	0.168497060437	YLR438W
YJL172W	0.0541779362597	YNL037C
YJL172W	0.013841564252	YKR009C
YJL172W	0.110349302537	YDR361C
YJL172W	0.000193683613975	YOR302W
YJL172W	0.0183695894849	YFR022W
YJL172W	0.47684548343	YAL062W
YJL172W	0.179998967456	YDR523C
YJL172W	0.00420335612798	YLR130C
YJL172W	0.0829899494288	YLR267W
YJL172W	0.749119223602	YHR029C
YJL172W	0.00859036454215	YNR053C
YJL172W	0.0338884630697	YLR258W
YJL172W	0.129687700675	YDL110C
YJL172W	0.0344465885007	YLR178C
YJL172W	0.0258360763789	YGL229C
YJL172W	0.000935770678439	YKL040C
YPL012W	0.0169107211116	YBL103C
YPL012W	0.131343023618	YKL112W
YPL012W	0.00295312244504	YDR216W
YPL012W	0.046686025622	YER040W
YPL012W	0.835468846644	YGR142W
YPL012W	0.139587113978	YNL036W
YPL012W	0.563648353665	YML123C
YPL012W	0.232010432581	YCR021C
YPL012W	0.319616061792	YHR018C
YPL012W	0.236457912688	YAL054C
YPL012W	0.0127001018627	YDL170W
YPL012W	0.120397200006	YBR054W
YPL012W	0.710100419615	YDR384C
YPL012W	0.0271690600459	YKR075C
YPL012W	0.579214130211	YLR009W
YPL012W	0.01497598966	YPL111W
YPL012W	0.0234474086723	YOR388C
YPL012W	0.177670738678	YJL172W
YPL012W	0.30850554195	YNR046W
YPL012W	0.000996589188577	YMR193W
YPL012W	0.300752543905	YGL254W
YPL012W	0.138574754723	YER002W
YPL012W	0.0197001457487	YDL018C
YPL012W	0.01212146617	YER158C
YPL012W	0.138536451103	YJR148W
YPL012W	0.0747597448044	YNR064C
YPL012W	0.246677892588	YKR056W
YPL012W	0.166073979745	YCL064C
YPL012W	0.0014892507055	YDL160C
YPL012W	0.0366228648051	YDL091C
YPL012W	0.122151287652	YHR051W
YPL012W	0.0120006256997	YHL028W
YPL012W	0.0988691578708	YMR229C
YPL012W	1.0	YOR206W
YPL012W	0.000325431116094	YJL088W
YPL012W	0.0341770822829	YLL011W
YPL012W	0.0124086268753	YNR028W
YPL012W	0.0114684582334	YDR258C
YPL012W	0.010100966802	YKL071W
YPL012W	0.192197409138	YLR276C
YPL012W	0.0509047821151	YLR438W
YPL012W	0.107481041812	YNL037C
YPL012W	0.175796922603	YKR009C
YPL012W	0.0686926302472	YPR002W
YPL012W	0.453995890297	YDR361C
YPL012W	0.0396074628653	YLL033W
YPL012W	0.0627663525657	YFR022W
YPL012W	0.165844849129	YAL062W
YPL012W	0.0667980749729	YDR523C
YPL012W	0.0542093019061	YOR056C
YPL012W	0.0269635516498	YBL042C
YPL012W	0.011223600413	YLR130C
YPL012W	0.13941148976	YLR267W
YPL012W	0.00430217717238	YHR029C
YPL012W	0.0272897617628	YNR053C
YPL012W	0.0139468119566	YLR258W
YPL012W	0.922980773282	YDR380W
YPL012W	0.951918732909	YLL034C
YPL012W	0.0182411296413	YDL110C
YPL012W	0.0149966901386	YLR178C
YPL012W	0.0271008028057	YGL229C
YPL012W	0.00512690565098	YHR216W
YOR100C	0.0101725641206	YBL103C
YOR100C	0.0161127190564	YKL112W
YOR100C	0.0492006925813	YMR280C
YOR100C	0.00386762170599	YGR043C
YOR100C	0.00659955405875	YJL172W
YOR100C	0.023810632398	YER002W
YOR100C	0.514130228377	YNR064C
YOR100C	1.0	YGR067C
YOR100C	0.00287415368932	YMR229C
YOR100C	0.0270883277135	YDR043C
YOR100C	0.0155589922945	YKR009C
YOR100C	0.0377059378253	YKL015W
YOR100C	0.0222919146586	YPR002W
YOR100C	0.0172632562271	YDR361C
YOR100C	0.000402841009755	YOR302W
YOR100C	0.0191144694165	YAL062W
YOR100C	0.00668358789898	YHR029C
YOR100C	0.0639113375885	YOL014W
YMR169C	0.0224853240022	YKL112W
YMR169C	0.121754249568	YDR216W
YMR169C	0.00843349187992	YML123C
YMR169C	1.0	YGR043C
YMR169C	0.000564503017569	YFL014W
YMR169C	0.202897770649	YER150W
YMR169C	0.00174244990402	YMR193W
YMR169C	0.847837142034	YDL018C
YMR169C	0.000301687458927	YIL136W
YMR169C	0.0282404159174	YGR183C
YMR169C	0.106779210374	YER158C
YMR169C	0.0010350514907	YDL160C
YMR169C	0.105701034076	YJR094C
YMR169C	0.0341977948473	YDR043C
YMR169C	0.999986172597	YNL194C
YMR169C	0.228466086052	YKL015W
YMR169C	0.00889347714228	YNL270C
YMR169C	0.067508458524	YFR022W
YMR169C	0.00594322766354	YJL217W
YMR169C	0.328743467651	YOL014W
YMR169C	0.000986392804575	YLR178C
YMR169C	0.0217734292501	YOR032C
YMR169C	0.792171371491	YHR216W
YMR169C	0.0178930334552	YJL153C
YMR169C	0.243888672021	YKL040C
YNR046W	0.0316102542033	YBL103C
YNR046W	0.0124132239215	YKL112W
YNR046W	0.0337989156517	YER040W
YNR046W	0.0213081875855	YML123C
YNR046W	0.00473419334175	YHR136C
YNR046W	0.0859327135231	YAL054C
YNR046W	0.00346546581985	YDL170W
YNR046W	0.0379259445764	YBR054W
YNR046W	0.223876079147	YKR075C
YNR046W	0.269164894039	YLR009W
YNR046W	0.0148207587768	YPL111W
YNR046W	0.0127124668571	YJL172W
YNR046W	0.0277641017446	YPL012W
YNR046W	0.00469655853285	YMR169C
YNR046W	0.00602748172545	YJR110W
YNR046W	0.00651553695978	YMR193W
YNR046W	0.15927079436	YER002W
YNR046W	0.029281923442	YDL018C
YNR046W	0.00458301282074	YGR183C
YNR046W	0.0742804005641	YJR148W
YNR046W	0.0725558190532	YNR064C
YNR046W	0.0597703959996	YKR056W
YNR046W	0.00130633858952	YLR327C
YNR046W	0.34925401508	YDL091C
YNR046W	0.1003422282	YHR051W
YNR046W	0.0706209326304	YMR229C
YNR046W	0.108416095546	YOR206W
YNR046W	0.0272442774113	YLL011W
YNR046W	0.00781224637798	YDR258C
YNR046W	0.190258294542	YLR276C
YNR046W	0.0850650676064	YNL037C
YNR046W	0.199379724484	YKR009C
YNR046W	0.0111429066094	YPR002W
YNR046W	0.0114062623498	YFR022W
YNR046W	0.0757777605743	YAL062W
YNR046W	0.287557704841	YDR523C
YNR046W	0.800932745754	YOR056C
YNR046W	0.37017458798	YBL042C
YNR046W	0.241873445806	YLR130C
YNR046W	0.0353286000461	YLR267W
YNR046W	0.00462561376604	YHR029C
YNR046W	0.0193657676616	YNR053C
YNR046W	0.0401551873345	YLR258W
YNR046W	0.0161934223954	YDR380W
YNR046W	0.38194257436	YLL034C
YNR046W	0.162245180185	YDL110C
YNR046W	0.0419607099871	YGL229C
YNR046W	0.00290119854925	YKL040C
YJR110W	0.00138608636783	YFL014W
YJR110W	0.0100803522999	YDL170W
YJR110W	0.00904666168473	YNL270C
YJR110W	0.0170114407468	YKL040C
YMR193W	1.0	YJL063C
YMR193W	1.0	YDL160C
YMR193W	0.124147123979	YKL071W
YMR193W	0.0660880712443	YNL037C
YMR193W	0.0105732195312	YFR022W
YMR193W	0.0129931188901	YLR130C
YGL254W	0.0251214193534	YIL037C
YGL254W	0.0212283150157	YKL015W
YGL254W	0.00156855733973	YJL217W
YLR174W	0.187485334255	YBR054W
YLR174W	0.0151542656405	YGR067C
YLR174W	0.00349670810521	YJR094C
YLR174W	0.00970478931294	YGL009C
YLR174W	0.130935944288	YNL270C
YER002W	0.00739819154483	YMR280C
YER002W	0.0204707264129	YDR384C
YER002W	0.0155354188318	YPL111W
YER002W	0.00290444172871	YPL012W
YER002W	0.0172392197752	YOR100C
YER002W	0.00550548281323	YMR169C
YER002W	0.00115065961216	YMR193W
YER002W	0.00901147073486	YLR327C
YER002W	0.140838677179	YBL042C
YER002W	0.000333713529866	YLR130C
YER002W	0.0234552533128	YNR053C
YER002W	0.0252666692033	YLR258W
YER002W	0.05885357081	YLL034C
YER002W	0.00116174961843	YKL062W
YDL018C	0.00453316009375	YMR193W
YDL018C	0.0655350951015	YLR174W
YDL018C	0.823954646066	YGR183C
YDL018C	0.370712713818	YJL153C
YDL018C	1.0	YKL040C
YIL136W	0.524147402054	YMR280C
YIL136W	0.0123740260928	YHR136C
YIL136W	0.00292456912839	YGR043C
YIL136W	0.153086646583	YAL054C
YIL136W	0.113013056324	YFL014W
YIL136W	0.0199992901097	YOR348C
YIL136W	0.0369959246179	YER150W
YIL136W	0.00948132620233	YMR169C
YIL136W	0.00279002962992	YMR193W
YIL136W	0.00842682596753	YGR183C
YIL136W	0.0268101330915	YGR067C
YIL136W	0.12002780468	YJL063C
YIL136W	0.0275359801497	YIL037C
YIL136W	0.422267513131	YHR051W
YIL136W	0.00944811117631	YHL028W
YIL136W	0.0330776336468	YDR043C
YIL136W	0.592877779388	YDR258C
YIL136W	0.270634470784	YNL194C
YIL136W	0.0304567778923	YKR009C
YIL136W	0.00534835338017	YGL009C
YIL136W	0.010993972449	YDR361C
YIL136W	0.0174418740897	YPL036W
YIL136W	0.0564191993683	YJL217W
YIL136W	0.0182229726188	YLR267W
YIL136W	0.0105666952361	YOL014W
YIL136W	0.00201493148539	YER067W
YIL136W	0.805123134887	YLR178C
YIL136W	0.206947979247	YHR087W
YIL136W	0.00293663510824	YKL062W
YGR183C	0.0462662073563	YDR384C
YGR183C	0.0151920873276	YMR193W
YGR183C	0.043028568563	YDL018C
YGR183C	1.0	YHR051W
YER158C	0.0121164149861	YOR388C
YER158C	0.757700795706	YHL028W
YER158C	0.262081310362	YDR043C
YER158C	1.0	YOR032C
YER158C	0.00221869621989	YHR216W
YER158C	0.0122325705139	YJL153C
YJR148W	0.00101691202017	YFL014W
YJR148W	0.029085367473	YPL111W
YJR148W	0.0484379708852	YJL172W
YJR148W	0.00175156204912	YPL012W
YJR148W	0.00501623928167	YMR169C
YJR148W	0.0330622346511	YLR174W
YJR148W	0.0115331498187	YPL265W
YJR148W	0.00803464384072	YLR327C
YJR148W	0.0107476273548	YOR206W
YJR148W	0.0595700052325	YLR267W
YJR148W	0.018475005331	YNR053C
YJR148W	0.011180907347	YLR258W
YJR148W	0.0130581866038	YDR380W
YJR148W	0.00397301934798	YKL062W
YNR064C	0.0096222264462	YKL112W
YNR064C	0.217748729688	YPL061W
YNR064C	0.0696622835441	YOR100C
YNR064C	0.0364745155172	YGR067C
YNR064C	0.0147428169847	YKL015W
YNR064C	0.000223679008113	YOR302W
YNR064C	0.0130450649551	YPL036W
YNR064C	0.0453115764988	YOL014W
YNR064C	0.0315184942112	YJL153C
YGR067C	0.00425792661588	YMR280C
YGR067C	0.000845522229624	YGR043C
YGR067C	0.0670352632595	YAL054C
YGR067C	0.000692383179015	YFL014W
YGR067C	0.109689260805	YBR054W
YGR067C	0.0105535831369	YPL061W
YGR067C	0.162817451731	YOR100C
YGR067C	0.511623423741	YLR174W
YGR067C	0.0388541281427	YNR064C
YGR067C	1.0	YIL037C
YGR067C	0.00418015983056	YKL071W
YGR067C	0.18723745639	YGL009C
YGR067C	0.196813058409	YNL270C
YGR067C	0.0405541577248	YFR022W
YGR067C	0.18454397991	YAL062W
YGR067C	0.845435697534	YOL014W
YGR067C	0.19485317457	YGL229C
YGR067C	0.0284363346868	YJL153C
YPL265W	0.0172433346585	YMR280C
YPL265W	0.772565960314	YNL036W
YPL265W	0.0103227277364	YML123C
YPL265W	0.0048008171532	YHR136C
YPL265W	0.948419711378	YDR171W
YPL265W	0.0147496940015	YCR021C
YPL265W	0.0103050467489	YFL014W
YPL265W	0.489932796794	YOR348C
YPL265W	0.000887331555062	YDL170W
YPL265W	0.0169590600433	YDR384C
YPL265W	0.144365340198	YKR075C
YPL265W	1.0	YPL111W
YPL265W	0.0121916136633	YJL172W
YPL265W	0.00942772488098	YMR169C
YPL265W	0.0291967138362	YNR046W
YPL265W	0.964004128609	YJR110W
YPL265W	0.310065201815	YGL254W
YPL265W	0.184557255504	YLR174W
YPL265W	1.0	YER002W
YPL265W	0.0785299589477	YDL018C
YPL265W	0.00164218332485	YIL136W
YPL265W	0.0238489230446	YGR183C
YPL265W	0.0719632692738	YER158C
YPL265W	1.0	YJR148W
YPL265W	0.980030885221	YKR056W
YPL265W	0.85278347328	YCL064C
YPL265W	0.0146752211175	YIL037C
YPL265W	0.169782479214	YLR327C
YPL265W	0.364652414752	YDL091C
YPL265W	0.0147592720772	YHL028W
YPL265W	0.0869739482329	YIL155C
YPL265W	0.000132149229143	YJL088W
YPL265W	0.251254591092	YLL011W
YPL265W	1.0	YDR043C
YPL265W	0.233410797374	YDR258C
YPL265W	3.73771677144e-05	YNL194C
YPL265W	0.0691212650621	YLR276C
YPL265W	0.131168770538	YLR438W
YPL265W	0.00479807461187	YNL037C
YPL265W	0.176143530406	YLL033W
YPL265W	1.0	YDR523C
YPL265W	0.967643382915	YPL036W
YPL265W	0.144615314269	YOR056C
YPL265W	1.0	YBL042C
YPL265W	0.0199590703708	YLR130C
YPL265W	1.0	YLR267W
YPL265W	0.0107211963466	YOL014W
YPL265W	0.822215953994	YNR053C
YPL265W	0.123875691429	YLR258W
YPL265W	0.0741895069395	YDR380W
YPL265W	0.0211616723653	YLL034C
YPL265W	0.582116797094	YDL110C
YPL265W	0.825960823754	YGL229C
YPL265W	0.00609971239218	YHR087W
YPL265W	0.361005739442	YKL062W
YKR056W	0.0143992200565	YMR280C
YKR056W	0.00866031924579	YML123C
YKR056W	0.012340903755	YHR136C
YKR056W	0.00249554547611	YFL014W
YKR056W	0.0186285583927	YDR384C
YKR056W	0.0629678514236	YPL111W
YKR056W	0.0073493509751	YMR169C
YKR056W	0.0488160050754	YGL254W
YKR056W	0.193905802893	YLR174W
YKR056W	0.0168690070368	YER002W
YKR056W	0.140484704968	YDL018C
YKR056W	0.00187982604201	YIL136W
YKR056W	0.00411533243777	YGR183C
YKR056W	0.011788016494	YER158C
YKR056W	0.0981578436608	YJR148W
YKR056W	0.230703941089	YPL265W
YKR056W	0.00351530294891	YCL064C
YKR056W	0.0160296639899	YLR327C
YKR056W	0.015715357882	YHL028W
YKR056W	0.00534743045511	YIL155C
YKR056W	0.224827426208	YLL011W
YKR056W	0.00353598955626	YKL071W
YKR056W	3.05004757581e-05	YNL194C
YKR056W	0.00970101872334	YLR438W
YKR056W	0.0171159725503	YLL033W
YKR056W	0.00631440009056	YPL036W
YKR056W	0.225946906761	YOR056C
YKR056W	0.0192225226063	YBL042C
YKR056W	0.000218336339325	YLR130C
YKR056W	0.0164456711028	YLR267W
YKR056W	0.00865870970018	YOL014W
YKR056W	0.397683688439	YNR053C
YKR056W	0.169557047519	YLR258W
YKR056W	0.0467441887646	YDR380W
YKR056W	0.0464113346521	YDL110C
YKR056W	0.0478826035798	YGL229C
YKR056W	0.112234886877	YKL062W
YCL064C	0.951292214773	YHR136C
YCL064C	0.00221324002982	YFL014W
YCL064C	0.0210650571092	YPL111W
YCL064C	0.0016599870776	YPL012W
YCL064C	0.0050093988024	YMR169C
YCL064C	0.178710480996	YIL037C
YCL064C	0.00688636764638	YJL088W
YCL064C	0.125687115457	YLR438W
YCL064C	0.340005824373	YLR267W
YCL064C	0.00911584647309	YOR032C
YCL064C	0.0108544197622	YJL153C
YJL063C	1.0	YMR193W
YJL063C	0.473961758031	YKL071W
YJL063C	0.810471480973	YNL037C
YJL063C	0.00678300800822	YLR130C
YDL160C	0.000739500069031	YFL014W
YDL160C	0.0360094557443	YCR010C
YDL160C	0.0152756810137	YPL061W
YDL160C	1.0	YMR193W
YDL160C	0.00837760458569	YJR094C
YDL160C	0.016208841037	YDR043C
YDL160C	1.0	YNL270C
YDL160C	0.00908379323919	YFR022W
YDL160C	0.719093860019	YOL014W
YDL160C	0.671186563033	YOR032C
YDL160C	0.803641483547	YHR216W
YIL037C	0.0132655435271	YPL111W
YIL037C	0.32641575494	YOR388C
YIL037C	0.00648799476315	YMR169C
YIL037C	0.527332539429	YGR067C
YIL037C	0.444212282652	YJR094C
YIL037C	0.00231546612117	YGL009C
YIL037C	0.0546014753183	YNL270C
YIL037C	0.00185259805124	YJL217W
YLR327C	0.88161953024	YDR216W
YLR327C	0.00421547456546	YMR280C
YLR327C	0.00737572155468	YDR171W
YLR327C	0.00261389224073	YFL014W
YLR327C	0.0249380684393	YOR348C
YLR327C	0.00123877395569	YDL170W
YLR327C	0.112513023644	YER150W
YLR327C	0.214195164334	YKR075C
YLR327C	0.0103099797561	YOR388C
YLR327C	0.0184634330091	YMR169C
YLR327C	0.0282040888918	YDL018C
YLR327C	0.00291855480593	YDL160C
YLR327C	0.111000232119	YIL155C
YLR327C	1.16830215432e-05	YNL194C
YLR327C	0.0747476599999	YNL270C
YLR327C	0.898581577445	YFR022W
YLR327C	0.278409039099	YER067W
YLR327C	0.01806207804	YOR032C
YLR327C	0.0292332826391	YKL040C
YLR327C	0.00131443443371	YHR087W
YDL091C	0.0168921548763	YDR384C
YDL091C	0.0121765691372	YLR009W
YDL091C	0.015910600356	YPL111W
YDL091C	0.0117622540127	YJL172W
YDL091C	0.00264981790799	YPL012W
YDL091C	0.00685354804407	YMR169C
YDL091C	0.0234759966158	YNR046W
YDL091C	0.00340905452993	YJR110W
YDL091C	0.00314403984745	YMR193W
YDL091C	0.0542618330988	YER002W
YDL091C	0.01592102368	YER158C
YDL091C	0.0134601744865	YIL037C
YDL091C	0.0016076878431	YLR327C
YDL091C	0.0130814041571	YOR206W
YDL091C	0.0267499059194	YLL011W
YDL091C	0.00498010879037	YNL037C
YDL091C	0.357789235873	YBL042C
YDL091C	0.000942694385082	YLR130C
YDL091C	0.0569195932483	YOL014W
YDL091C	0.0422145517025	YNR053C
YDL091C	0.0113760818499	YLR258W
YDL091C	0.0550935175702	YDR380W
YDL091C	0.0670102648032	YLL034C
YHR051W	0.065956369507	YDR384C
YHR051W	0.0454102066691	YMR193W
YHR051W	1.0	YGR183C
YHR051W	0.00128810498776	YJL217W
YHR051W	0.0354169146473	YDL110C
YHR051W	0.0116625975174	YOR032C
YHL028W	0.00235891857498	YHR136C
YHL028W	0.438709122955	YBR054W
YHL028W	0.00116239984087	YER150W
YHL028W	0.000428613030183	YIL136W
YHL028W	0.737415857737	YER158C
YHL028W	0.0728349950202	YJL063C
YHL028W	0.00940144321782	YNR028W
YHL028W	0.00257620676527	YKL062W
YMR229C	0.111406314575	YKL112W
YMR229C	0.871005661734	YGR043C
YMR229C	0.108548016049	YHR018C
YMR229C	0.00598778855029	YCR010C
YMR229C	0.980180962248	YDR384C
YMR229C	0.0128741905336	YPL061W
YMR229C	0.0536113663159	YKR075C
YMR229C	0.140976583515	YLR009W
YMR229C	0.013952576024	YPL111W
YMR229C	0.331018828734	YJL172W
YMR229C	0.00793683464596	YPL012W
YMR229C	0.158251545241	YOR100C
YMR229C	0.12385674865	YNR046W
YMR229C	0.232102960091	YNR064C
YMR229C	0.182654710857	YOR206W
YMR229C	0.379741197262	YNR028W
YMR229C	0.0714317433102	YDR043C
YMR229C	0.105902358678	YLR276C
YMR229C	0.0101383393292	YKR009C
YMR229C	0.163772703566	YKL015W
YMR229C	0.167952123191	YPR002W
YMR229C	0.0573687896878	YDR361C
YMR229C	0.050792768888	YOR302W
YMR229C	0.437124067632	YFR022W
YMR229C	0.0166767381879	YAL062W
YMR229C	0.00769419421615	YHR029C
YMR229C	0.0136896509987	YNR053C
YMR229C	0.0122575536616	YJL153C
YOR206W	0.034322031208	YBL103C
YOR206W	0.0741282942029	YKL112W
YOR206W	0.000510946570461	YDR216W
YOR206W	0.122967448406	YER040W
YOR206W	0.0560239636375	YGR142W
YOR206W	0.377479727445	YNL036W
YOR206W	0.281334559191	YML123C
YOR206W	0.00474345430298	YHR136C
YOR206W	0.504130105377	YCR021C
YOR206W	0.000232431943931	YGR043C
YOR206W	0.450955404182	YHR018C
YOR206W	0.403031650112	YAL054C
YOR206W	0.0116083847941	YDL170W
YOR206W	0.0742072983998	YBR054W
YOR206W	0.0947456249537	YDR384C
YOR206W	0.0824652524736	YKR075C
YOR206W	0.777942139988	YLR009W
YOR206W	0.0157161362885	YPL111W
YOR206W	0.0102740723494	YOR388C
YOR206W	0.667203714085	YJL172W
YOR206W	0.99213873439	YPL012W
YOR206W	0.0930956969776	YOR100C
YOR206W	0.445466024842	YNR046W
YOR206W	0.00339814277441	YJR110W
YOR206W	0.00132621168914	YMR193W
YOR206W	0.417752442822	YGL254W
YOR206W	0.177268717745	YER002W
YOR206W	0.00460910677941	YDL018C
YOR206W	0.00704408041309	YER158C
YOR206W	0.528425063645	YJR148W
YOR206W	0.36642060632	YNR064C
YOR206W	0.100049391201	YKR056W
YOR206W	0.41943427356	YCL064C
YOR206W	0.00208255261467	YLR327C
YOR206W	0.310011827093	YDL091C
YOR206W	0.22364691156	YHR051W
YOR206W	0.00982721731125	YHL028W
YOR206W	0.364397704081	YMR229C
YOR206W	0.0551824714422	YLL011W
YOR206W	0.00997170314868	YNR028W
YOR206W	0.0103062211376	YDR258C
YOR206W	0.817166463985	YLR276C
YOR206W	0.0861472217438	YLR438W
YOR206W	0.293827866661	YNL037C
YOR206W	0.37619264403	YKR009C
YOR206W	0.340982925226	YPR002W
YOR206W	0.698637581242	YDR361C
YOR206W	0.128965480673	YLL033W
YOR206W	0.188654220036	YFR022W
YOR206W	0.237926292503	YDR523C
YOR206W	0.144749389906	YOR056C
YOR206W	0.137723081246	YBL042C
YOR206W	0.0150138867868	YLR130C
YOR206W	0.360381485881	YLR267W
YOR206W	0.00601118360062	YHR029C
YOR206W	0.0294403086391	YNR053C
YOR206W	0.0351803756708	YLR258W
YOR206W	0.0770192267183	YDR380W
YOR206W	0.3352874723	YLL034C
YOR206W	0.0432363673129	YDL110C
YOR206W	0.0106854968045	YLR178C
YOR206W	0.0323798527945	YGL229C
YJR094C	0.0456054618001	YOR388C
YJR094C	0.0829792680215	YJL217W
YJR094C	0.100260674972	YOL014W
YIL155C	0.0239024801039	YMR280C
YIL155C	0.0194954052574	YHR136C
YIL155C	0.000364274837448	YGR043C
YIL155C	0.012430374072	YFL014W
YIL155C	0.0238711804593	YOR348C
YIL155C	0.036164530563	YER150W
YIL155C	0.0109167438092	YMR169C
YIL155C	0.00297824459419	YIL136W
YIL155C	0.0407486361667	YER158C
YIL155C	0.0153949101971	YJL063C
YIL155C	0.0115577496226	YLR327C
YIL155C	0.00903240091799	YDR043C
YIL155C	0.00156908052674	YNL194C
YIL155C	0.019810223387	YKL015W
YIL155C	0.0275297549382	YPL036W
YIL155C	0.00894755246644	YJL217W
YIL155C	0.0847035386079	YKL040C
YIL155C	0.00417049759463	YHR087W
YJL088W	0.241751191578	YHR018C
YJL088W	0.000933788422333	YDL170W
YJL088W	0.403512398152	YLR438W
YJL088W	0.00259408742067	YGL009C
YJL088W	0.413471317153	YLL033W
YJL088W	0.00534253902153	YOR302W
YJL088W	0.0116180243143	YNL270C
YJL088W	0.00461420615968	YHR029C
YLL011W	0.0426004789135	YMR280C
YLL011W	0.340717887003	YNL036W
YLL011W	0.0100094036105	YML123C
YLL011W	0.0129580864193	YHR136C
YLL011W	0.00554720687443	YDR171W
YLL011W	0.00244297044172	YFL014W
YLL011W	0.449965274423	YOR348C
YLL011W	0.0199057892107	YBR054W
YLL011W	0.0150626208239	YDR384C
YLL011W	0.0984638214699	YPL111W
YLL011W	0.00152305358512	YPL012W
YLL011W	0.00658420406053	YMR169C
YLL011W	0.00444744030144	YJR110W
YLL011W	0.218582255375	YGL254W
YLL011W	0.20279170182	YLR174W
YLL011W	0.0206382188705	YER002W
YLL011W	0.432623915013	YDL018C
YLL011W	0.00567725732533	YIL136W
YLL011W	0.0551764706559	YGR183C
YLL011W	0.0165881115149	YER158C
YLL011W	0.0665408694252	YJR148W
YLL011W	0.344607777946	YPL265W
YLL011W	0.322777587277	YKR056W
YLL011W	0.0259434125472	YCL064C
YLL011W	0.0131879339789	YIL037C
YLL011W	0.0305990461877	YLR327C
YLL011W	0.237403853979	YDL091C
YLL011W	0.0382647260202	YHL028W
YLL011W	0.0997864391812	YIL155C
YLL011W	0.692106555635	YDR258C
YLL011W	2.4145638259e-05	YNL194C
YLL011W	0.136814156821	YLR276C
YLL011W	0.00592096820998	YLR438W
YLL011W	0.418785712498	YLL033W
YLL011W	0.00236587778756	YPL036W
YLL011W	0.295064515793	YOR056C
YLL011W	0.0202722856473	YLR130C
YLL011W	0.0227159816079	YLR267W
YLL011W	0.0279667652854	YOL014W
YLL011W	1.0	YNR053C
YLL011W	0.0698848858557	YLR258W
YLL011W	0.127323229835	YDR380W
YLL011W	0.0299384907204	YLL034C
YLL011W	0.536860946712	YDL110C
YLL011W	0.0848987659247	YOR032C
YLL011W	0.0140212571739	YHR087W
YLL011W	0.13562615348	YKL062W
YNR028W	0.0340747265264	YBL103C
YNR028W	0.00273667762543	YDR171W
YNR028W	0.000744359132022	YGR043C
YNR028W	0.00487468655007	YOR348C
YNR028W	0.0202080705937	YCR010C
YNR028W	0.0151363648854	YPL061W
YNR028W	0.00834115439716	YJL172W
YNR028W	0.0143270470002	YJR110W
YNR028W	0.0809366001932	YLR174W
YNR028W	0.0557776154002	YHL028W
YNR028W	0.00500062811229	YMR229C
YNR028W	0.392435111524	YKL071W
YNR028W	0.0533189175051	YKL015W
YNR028W	0.282421043531	YPR002W
YNR028W	0.00123122621038	YOR302W
YNR028W	0.0059775133596	YFR022W
YNR028W	0.0334932463042	YHR029C
YNR028W	0.929496714052	YKL040C
YDR043C	0.137290240046	YER158C
YDR043C	0.010290977862	YPL265W
YDR043C	0.00128531520158	YDL160C
YDR043C	0.0129423868889	YIL037C
YDR043C	5.43565945539e-06	YNL194C
YDR043C	0.00879076531625	YOR032C
YDR043C	0.0056096436028	YKL062W
YDR258C	0.21002330909	YNL036W
YDR258C	0.122271792083	YAL054C
YDR258C	0.0119363799069	YOR348C
YDR258C	0.0442705193776	YDR384C
YDR258C	0.0864300693397	YGL254W
YDR258C	0.133448841122	YIL136W
YDR258C	0.0252899768713	YGR183C
YDR258C	0.0122466688615	YPL265W
YDR258C	0.0483055505374	YJL063C
YDR258C	0.00429718149441	YLR327C
YDR258C	0.00923187347275	YIL155C
YDR258C	0.169811490371	YLL011W
YDR258C	0.000270408944136	YNL194C
YDR258C	0.0185543612093	YKR009C
YDR258C	0.000349300396473	YOR302W
YDR258C	0.0481522694283	YLR258W
YDR258C	0.0119885142663	YDR380W
YDR258C	0.0794262084628	YER067W
YDR258C	0.0401314762921	YKL062W
YKL071W	0.0085361452432	YBL103C
YKL071W	0.124452238124	YGR142W
YKL071W	0.0286209584113	YML123C
YKL071W	0.000900180771934	YFL014W
YKL071W	0.2453039426	YDR384C
YKL071W	0.00296774406428	YER150W
YKL071W	0.0315943298824	YPL061W
YKL071W	0.0371861934856	YPL111W
YKL071W	0.108680981154	YOR388C
YKL071W	0.984170580256	YPL012W
YKL071W	0.0357410171593	YMR169C
YKL071W	0.00530897933961	YJR110W
YKL071W	0.00297682906187	YMR193W
YKL071W	0.0847159807274	YGR067C
YKL071W	0.248991620366	YKR056W
YKL071W	0.292328915025	YJL063C
YKL071W	0.0572501665163	YIL037C
YKL071W	0.0196355237665	YOR206W
YKL071W	0.0877191251461	YJR094C
YKL071W	0.0892097625757	YJL088W
YKL071W	0.0355350723431	YNR028W
YKL071W	0.138164908292	YDR258C
YKL071W	3.54884623928e-06	YNL194C
YKL071W	0.0107146389197	YNL037C
YKL071W	0.423458606706	YKL015W
YKL071W	0.0129364116016	YPR002W
YKL071W	0.0203238943227	YNL270C
YKL071W	0.0104233454283	YJL217W
YKL071W	0.0493758612895	YHR029C
YKL071W	0.0134354450665	YOL014W
YKL071W	0.0393156762439	YNR053C
YKL071W	0.0501744019638	YDR380W
YKL071W	0.0114366315412	YLL034C
YKL071W	0.0823517741442	YOR032C
YKL071W	0.302158910878	YHR216W
YKL071W	0.038874111012	YJL153C
YNL194C	0.0992213383164	YDR216W
YNL194C	0.026872815121	YMR280C
YNL194C	0.0111599193652	YML123C
YNL194C	0.0346661770681	YHR136C
YNL194C	0.00249001104226	YGR043C
YNL194C	1.0	YFL014W
YNL194C	0.00528978383789	YOR348C
YNL194C	0.154059655308	YCR010C
YNL194C	0.985433496436	YER150W
YNL194C	0.0584376966978	YKR075C
YNL194C	1.0	YMR169C
YNL194C	0.00199215272723	YMR193W
YNL194C	0.998099204251	YIL136W
YNL194C	0.0146981197015	YGR183C
YNL194C	0.0837704475576	YER158C
YNL194C	0.0163625434316	YJL063C
YNL194C	0.00167227957992	YDL160C
YNL194C	0.0713543539216	YIL037C
YNL194C	0.00880597884885	YHR051W
YNL194C	0.024326451012	YJR094C
YNL194C	0.909548915805	YIL155C
YNL194C	0.0440784266576	YDR043C
YNL194C	0.00937417259681	YDR258C
YNL194C	0.217794756276	YKL015W
YNL194C	0.716463071446	YPL036W
YNL194C	0.646649038161	YJL217W
YNL194C	0.0970748792397	YLR267W
YNL194C	0.303635470274	YOL014W
YNL194C	0.166566655272	YER067W
YNL194C	0.24863172648	YLR178C
YNL194C	0.0152208108129	YOR032C
YNL194C	0.0106048089911	YHR216W
YNL194C	0.0824294515519	YKL040C
YNL194C	0.734057252611	YHR087W
YLR276C	0.0625926366476	YBL103C
YLR276C	0.0154426468741	YKL112W
YLR276C	0.0625872127436	YER040W
YLR276C	0.167238655193	YNL036W
YLR276C	0.0290073800119	YML123C
YLR276C	0.00882895695395	YHR136C
YLR276C	0.0438337478706	YCR021C
YLR276C	0.0414098433011	YAL054C
YLR276C	0.00541671400993	YDL170W
YLR276C	0.0422997885688	YBR054W
YLR276C	0.125882370147	YDR384C
YLR276C	0.179775326956	YKR075C
YLR276C	0.436654855731	YLR009W
YLR276C	0.0159491022639	YPL111W
YLR276C	0.0938247214784	YJL172W
YLR276C	0.0912765811666	YPL012W
YLR276C	0.112621497543	YOR100C
YLR276C	0.124423833607	YNR046W
YLR276C	0.00366743243889	YJR110W
YLR276C	0.00324570049108	YMR193W
YLR276C	0.0238889213798	YGL254W
YLR276C	0.0338031567789	YER002W
YLR276C	0.00396627662012	YDL018C
YLR276C	0.00236639288317	YGR183C
YLR276C	0.0834480217896	YJR148W
YLR276C	0.124769366744	YNR064C
YLR276C	0.0618590442237	YKR056W
YLR276C	0.0255717431914	YCL064C
YLR276C	0.00176921163221	YLR327C
YLR276C	0.0239699116183	YDL091C
YLR276C	0.0646110608588	YHR051W
YLR276C	0.213707867726	YMR229C
YLR276C	0.325485949398	YOR206W
YLR276C	0.0381617088	YLL011W
YLR276C	0.0073906179148	YNR028W
YLR276C	0.0100539887534	YDR258C
YLR276C	0.0493887707426	YLR438W
YLR276C	0.253206065546	YNL037C
YLR276C	0.0532038443788	YKR009C
YLR276C	0.361275935323	YPR002W
YLR276C	0.0475522828068	YLL033W
YLR276C	0.0195015299239	YFR022W
YLR276C	0.0956002908337	YDR523C
YLR276C	0.295652677528	YOR056C
YLR276C	0.0558271624096	YBL042C
YLR276C	0.526368873578	YLR130C
YLR276C	0.0912685437967	YLR267W
YLR276C	0.0239618864519	YHR029C
YLR276C	0.0189341240066	YNR053C
YLR276C	0.0071972155455	YLR258W
YLR276C	0.163756806382	YLL034C
YLR276C	0.0720179639796	YDL110C
YLR276C	0.0224120044039	YGL229C
YLR276C	0.00451775941713	YKL040C
YLR438W	0.629476598794	YHR136C
YLR438W	0.10112207499	YPL111W
YLR438W	0.0183111634635	YOR388C
YLR438W	0.83828570108	YCL064C
YLR438W	0.0336319494851	YIL037C
YLR438W	0.00454144562325	YJR094C
YLR438W	0.901738711344	YJL088W
YLR438W	0.0789933243275	YHR216W
YNL037C	0.0429193622309	YBL103C
YNL037C	0.031353499819	YBR054W
YNL037C	0.0264708924724	YOR388C
YNL037C	0.00183969754598	YMR193W
YNL037C	0.639161037257	YJL063C
YNL037C	0.304058840054	YKL071W
YNL037C	0.0713963077955	YGL009C
YNL037C	0.902640950322	YPR002W
YNL037C	0.0197698553345	YBL042C
YNL037C	0.0238720957473	YDR380W
YKR009C	0.0365443540927	YKL112W
YKR009C	0.0836098113163	YNL036W
YKR009C	0.000201100284234	YGR043C
YKR009C	0.19858926574	YAL054C
YKR009C	0.0255954181386	YPL061W
YKR009C	0.0133418415749	YOR388C
YKR009C	0.00152940678847	YPL012W
YKR009C	0.00233713312673	YMR193W
YKR009C	0.0152406313542	YER002W
YKR009C	0.000717076821742	YIL136W
YKR009C	0.00732715843686	YGR067C
YKR009C	0.0181305428048	YKR056W
YKR009C	0.0172578451546	YDR043C
YKR009C	0.0145482871841	YNR053C
YKR009C	0.0482462113229	YGL229C
YKR009C	0.00296857784657	YKL062W
YKL015W	0.055890883882	YIL037C
YKL015W	0.00422080132705	YJR094C
YKL015W	0.1908872783	YOR032C
YGL009C	0.107018631358	YBR054W
YGL009C	0.185104680204	YOR388C
YGL009C	0.00330550216229	YJR094C
YGL009C	0.0328084242523	YNL037C
YGL009C	0.538090070122	YJL217W
YGL009C	0.0247040361299	YGL229C
YGL009C	0.0294035169466	YOR032C
YGL009C	0.0163565332596	YJL153C
YPR002W	0.38151470642	YBL103C
YPR002W	0.00142333577251	YLR327C
YPR002W	0.00279665037695	YMR229C
YPR002W	0.0395801662643	YNR028W
YPR002W	0.00864606888167	YDR258C
YPR002W	0.0800998094466	YKL071W
YPR002W	1.0	YNL037C
YPR002W	0.0400732662274	YLL033W
YPR002W	0.0159518298923	YHR029C
YPR002W	0.00604462316321	YHR216W
YPR002W	0.00112516457536	YKL040C
YDR361C	0.256233180968	YKL112W
YDR361C	0.000462618493059	YDR216W
YDR361C	0.012922167326	YMR280C
YDR361C	0.120547056266	YGR142W
YDR361C	0.00207166279357	YGR043C
YDR361C	0.194734479087	YHR018C
YDR361C	0.000840093351253	YDL170W
YDR361C	0.0917951262034	YBR054W
YDR361C	0.0106407871354	YLR009W
YDR361C	0.0140746906007	YPL111W
YDR361C	0.0123996829944	YOR388C
YDR361C	0.0098537453782	YJL172W
YDR361C	0.0318172046528	YPL012W
YDR361C	0.12870286265	YOR100C
YDR361C	0.0989845770131	YER002W
YDR361C	0.0421027519617	YER158C
YDR361C	0.0695498235646	YKR056W
YDR361C	0.00781886200918	YCL064C
YDR361C	0.000955945852149	YDL160C
YDR361C	0.00174961142031	YLR327C
YDR361C	0.0234580184357	YMR229C
YDR361C	0.106961105626	YOR206W
YDR361C	0.011123919727	YLR438W
YDR361C	0.00768917061753	YNL037C
YDR361C	0.0196803603095	YKR009C
YDR361C	0.014378074528	YKL015W
YDR361C	0.185067222932	YFR022W
YDR361C	0.0160935331249	YAL062W
YDR361C	0.0188708628812	YNR053C
YDR361C	0.0143463979946	YLR258W
YDR361C	0.00996168835733	YLL034C
YDR361C	0.0332836204309	YDL110C
YDR361C	0.820757006541	YLR178C
YDR361C	0.0559036703947	YGL229C
YLL033W	0.0124307196595	YMR169C
YLL033W	0.000196568658604	YJL088W
YOR302W	0.991266191449	YBL103C
YOR302W	1.0	YKL112W
YOR302W	0.894286556073	YER040W
YOR302W	0.286634472935	YGR142W
YOR302W	0.236544965032	YDR171W
YOR302W	0.114259661682	YGR043C
YOR302W	0.882104393327	YDL170W
YOR302W	0.304619519933	YCR010C
YOR302W	1.0	YPL061W
YOR302W	0.00958426425566	YOR388C
YOR302W	0.893457388558	YOR100C
YOR302W	0.0265859861258	YJR110W
YOR302W	0.0533027895861	YLR174W
YOR302W	0.830844160853	YNR064C
YOR302W	1.0	YMR229C
YOR302W	0.88919436434	YJL088W
YOR302W	0.731221014051	YNR028W
YOR302W	0.232194105243	YDR043C
YOR302W	0.00606831632102	YGL009C
YOR302W	0.35572338825	YPR002W
YOR302W	0.770758336976	YFR022W
YOR302W	0.235008994392	YAL062W
YOR302W	0.691730536696	YPL036W
YOR302W	1.0	YLR130C
YOR302W	1.0	YHR029C
YOR302W	0.0425190273702	YJL153C
YOR302W	0.00321320016242	YKL062W
YNL270C	0.0262390837608	YNL036W
YNL270C	0.0191871413096	YGR067C
YNL270C	0.825770024429	YDL160C
YNL270C	0.0315468887633	YIL037C
YNL270C	0.00559639429408	YJR094C
YNL270C	0.0773979195665	YFR022W
YNL270C	0.431162722984	YJL217W
YNL270C	0.510081696681	YJL153C
YFR022W	0.0168298744544	YBR054W
YFR022W	0.141387523707	YLR174W
YFR022W	0.086188033714	YER158C
YFR022W	0.0632140801662	YGR067C
YFR022W	0.771283904169	YNL270C
YFR022W	0.0274521496255	YJL153C
YAL062W	0.000403646434847	YGR043C
YAL062W	0.0298871183475	YGR067C
YAL062W	0.00947794608449	YDR043C
YAL062W	0.0034478502919	YJL217W
YDR523C	0.000517797730687	YFL014W
YDR523C	0.035453695955	YCR010C
YDR523C	0.00107998108049	YER150W
YDR523C	0.000961163406259	YMR193W
YDR523C	0.0259568209211	YPL265W
YDR523C	0.031146221672	YIL037C
YDR523C	0.00501640002115	YLR327C
YDR523C	0.0049307669466	YNL037C
YDR523C	0.000226416346742	YLR130C
YDR523C	0.0109443333116	YNR053C
YDR523C	0.111353308716	YDR380W
YPL036W	0.0102362516799	YPL061W
YPL036W	0.00756596868524	YLR327C
YPL036W	0.00365620811114	YJR094C
YPL036W	0.0196455306101	YNL270C
YPL036W	0.0260792594159	YOL014W
YPL036W	0.0431488095987	YOR032C
YPL036W	0.00954562306204	YJL153C
YJL217W	1.0	YOR388C
YJL217W	0.957787444697	YJR094C
YJL217W	1.0	YGL009C
YJL217W	0.0115700220238	YOL014W
YJL217W	0.0630352984156	YJL153C
YOR056C	0.00535098231422	YMR280C
YOR056C	0.0240271808596	YML123C
YOR056C	0.00241927846561	YHR136C
YOR056C	0.0166705827781	YBR054W
YOR056C	0.0169799008284	YDR384C
YOR056C	0.090797321119	YLR009W
YOR056C	0.0165623269489	YPL111W
YOR056C	0.00918526406996	YJL172W
YOR056C	0.00442088686492	YPL012W
YOR056C	0.306742360325	YOR100C
YOR056C	0.00554059661791	YMR169C
YOR056C	0.933067265666	YNR046W
YOR056C	0.00525205719213	YMR193W
YOR056C	0.0106938693876	YLR174W
YOR056C	0.188734556457	YER002W
YOR056C	0.00261301711355	YGR183C
YOR056C	0.0998625541586	YJR148W
YOR056C	0.23370383617	YKR056W
YOR056C	0.0139196068048	YIL037C
YOR056C	0.00268439458544	YLR327C
YOR056C	0.173523096227	YDL091C
YOR056C	0.0285261923723	YHR051W
YOR056C	0.00443681548562	YMR229C
YOR056C	0.023414956689	YOR206W
YOR056C	0.112975714065	YLL011W
YOR056C	0.394235669629	YLR276C
YOR056C	0.00575830583466	YLR438W
YOR056C	0.00574918996531	YKR009C
YOR056C	0.160726073566	YBL042C
YOR056C	0.0566967974259	YLR130C
YOR056C	0.0318405896424	YOL014W
YOR056C	0.0334459734575	YNR053C
YOR056C	0.0071737149482	YLR258W
YOR056C	0.0309052568814	YDR380W
YOR056C	0.491705048926	YLL034C
YOR056C	0.19670401678	YDL110C
YOR056C	0.0788588187612	YGL229C
YBL042C	0.00181238172048	YMR193W
YBL042C	0.00861108192916	YLR327C
YBL042C	0.00120753332775	YLR130C
YBL042C	0.0258138895303	YNR053C
YLR130C	0.0879635588353	YGR142W
YLR130C	0.0179959736715	YDR171W
YLR130C	0.0468983365539	YOR348C
YLR130C	0.00144302244296	YDL170W
YLR130C	0.641696475236	YCR010C
YLR130C	0.0232988660136	YPL061W
YLR130C	0.0159465538734	YJR110W
YLR130C	0.870642929115	YMR193W
YLR130C	0.000349739714942	YJL088W
YLR130C	0.303627893558	YNR028W
YLR130C	0.01234188482	YDR043C
YLR130C	0.991485057966	YOR302W
YLR130C	0.00592675519473	YFR022W
YLR130C	0.0429797073818	YPL036W
YLR130C	0.0262908872696	YBL042C
YLR130C	0.0156017018988	YOR032C
YLR267W	0.0149747409139	YHR136C
YLR267W	0.00217802009317	YFL014W
YLR267W	0.0167651805595	YPL111W
YLR267W	0.00428874531272	YMR169C
YLR267W	0.0526502341182	YLR174W
YLR267W	0.766165159645	YPL265W
YLR267W	0.0196819615974	YCL064C
YLR267W	0.0192877731575	YLR327C
YLR267W	0.0064254173419	YPL036W
YLR267W	0.0578944809606	YNR053C
YLR267W	0.0263169877692	YDR380W
YLR267W	0.00173184890292	YKL062W
YHR029C	0.0362823633801	YBL103C
YHR029C	0.0280140921985	YKL112W
YHR029C	0.000259762405312	YDR216W
YHR029C	0.0857217141794	YER040W
YHR029C	0.1900225948	YGR142W
YHR029C	0.0164080618862	YDR171W
YHR029C	0.0132320542272	YCR021C
YHR029C	0.00624660661052	YGR043C
YHR029C	0.372099764869	YHR018C
YHR029C	0.112410626152	YDL170W
YHR029C	0.151170424995	YCR010C
YHR029C	0.100621904826	YPL061W
YHR029C	0.896193183024	YJL172W
YHR029C	0.00189810559888	YPL012W
YHR029C	0.0368803278976	YOR100C
YHR029C	0.0294291246821	YNR046W
YHR029C	0.0213944640833	YJR110W
YHR029C	0.045548958945	YGL254W
YHR029C	0.206897096438	YNR064C
YHR029C	0.0112687446483	YGR067C
YHR029C	0.0194833246611	YMR229C
YHR029C	0.0247987742567	YJL088W
YHR029C	0.423630658942	YNR028W
YHR029C	0.00315791686445	YKL071W
YHR029C	0.00780411810058	YNL037C
YHR029C	0.00571230849467	YKR009C
YHR029C	0.186672333404	YPR002W
YHR029C	0.145622081105	YLL033W
YHR029C	0.999361464084	YOR302W
YHR029C	0.162656746772	YAL062W
YHR029C	0.00993764697973	YOL014W
YHR029C	0.00140593540094	YKL040C
YOL014W	0.0106498194431	YOR388C
YOL014W	0.0515289766716	YGR067C
YOL014W	0.123829260683	YJR094C
YOL014W	0.00313580206234	YJL217W
YOL014W	0.0215911694421	YGL229C
YNR053C	0.0191415280325	YMR280C
YNR053C	0.0369882137122	YNL036W
YNR053C	0.0110036105643	YML123C
YNR053C	0.0103767082744	YHR136C
YNR053C	0.0207405971965	YDR171W
YNR053C	0.0033114218534	YFL014W
YNR053C	0.0366747756003	YOR348C
YNR053C	0.0161081695627	YDR384C
YNR053C	0.112131221462	YPL111W
YNR053C	0.00705253123706	YMR169C
YNR053C	0.0244908175018	YJR110W
YNR053C	0.0993743049094	YGL254W
YNR053C	0.145922599164	YLR174W
YNR053C	0.0235295802485	YER002W
YNR053C	0.256576744215	YDL018C
YNR053C	0.00362842552845	YIL136W
YNR053C	0.0134509592806	YGR183C
YNR053C	0.0232865244771	YER158C
YNR053C	0.103970608015	YJR148W
YNR053C	0.390590226493	YPL265W
YNR053C	0.454543910112	YKR056W
YNR053C	0.0980758496262	YCL064C
YNR053C	0.0529709910002	YLR327C
YNR053C	0.397943731269	YDL091C
YNR053C	0.0302048998163	YHL028W
YNR053C	0.0370284154251	YIL155C
YNR053C	1.0	YLL011W
YNR053C	0.100554740898	YDR258C
YNR053C	2.27665846248e-05	YNL194C
YNR053C	0.061371925705	YLR276C
YNR053C	0.00806795248966	YLR438W
YNR053C	0.116586620161	YLL033W
YNR053C	0.0110025408734	YPL036W
YNR053C	0.334373263176	YOR056C
YNR053C	0.0298731746456	YBL042C
YNR053C	0.00379776583759	YLR130C
YNR053C	0.0471155283745	YLR267W
YNR053C	0.0237353237879	YOL014W
YNR053C	0.0764893648497	YLR258W
YNR053C	0.137179073704	YDR380W
YNR053C	0.0219630304547	YLL034C
YNR053C	0.122959023481	YDL110C
YNR053C	0.150052458235	YGL229C
YNR053C	0.0244178421639	YOR032C
YNR053C	0.00841051915394	YHR087W
YNR053C	0.151867958274	YKL062W
YLR258W	0.0344501836405	YHR136C
YLR258W	0.0142777470407	YCR021C
YLR258W	0.000511453879324	YGR043C
YLR258W	0.000969343921038	YFL014W
YLR258W	0.0101738095708	YER150W
YLR258W	0.0311375745022	YOR388C
YLR258W	0.00508672852619	YMR169C
YLR258W	0.0456206530938	YIL136W
YLR258W	0.0097041013312	YER158C
YLR258W	0.00826923314855	YGR067C
YLR258W	0.00109238379011	YDL160C
YLR258W	0.0710953835812	YIL037C
YLR258W	0.00213722085216	YLR327C
YLR258W	0.000144194632709	YJL088W
YLR258W	0.334610658958	YDR258C
YLR258W	9.21450620793e-05	YNL194C
YLR258W	0.157951343312	YOL014W
YLR258W	0.519319348224	YER067W
YLR258W	0.24323568245	YGL229C
YLR258W	0.856876913085	YHR087W
YLR258W	0.834557777637	YKL062W
YDR380W	0.0221630622435	YBL103C
YDR380W	0.152033288866	YDR384C
YDR380W	0.341166699301	YOR388C
YDR380W	0.00236893811877	YPL012W
YDR380W	0.00396569393802	YMR193W
YDR380W	0.0487218094861	YJL063C
YDR380W	0.900119530437	YKL071W
YDR380W	0.034131379901	YAL062W
YDR380W	0.00272391084205	YJL217W
YLL034C	0.0286148575571	YBL103C
YLL034C	0.0325824240037	YKL112W
YLL034C	0.000270618529772	YDR216W
YLL034C	0.0305364689656	YER040W
YLL034C	0.0219170259233	YNL036W
YLL034C	0.0916468921499	YML123C
YLL034C	0.00262917473582	YHR136C
YLL034C	0.0276674910424	YAL054C
YLL034C	0.00388531027387	YDL170W
YLL034C	0.121372885468	YBR054W
YLL034C	0.0929134873351	YDR384C
YLL034C	0.448624973917	YLR009W
YLL034C	0.013023990335	YPL111W
YLL034C	0.418447768187	YPL012W
YLL034C	0.219792212842	YOR100C
YLL034C	0.30706579697	YNR046W
YLL034C	0.00234817264497	YMR193W
YLL034C	0.705561875229	YER002W
YLL034C	0.0154904420537	YDL018C
YLL034C	0.00656824021339	YGR183C
YLL034C	0.00695146334517	YER158C
YLL034C	0.0194346688174	YJR148W
YLL034C	0.0380960247596	YNR064C
YLL034C	0.0949841100929	YKR056W
YLL034C	0.00425579644286	YCL064C
YLL034C	0.00791954123775	YJL063C
YLL034C	0.261143545676	YDL091C
YLL034C	0.142136631815	YHR051W
YLL034C	0.00710114092826	YHL028W
YLL034C	0.0414576239204	YMR229C
YLL034C	0.199197055144	YOR206W
YLL034C	0.0775066340802	YLL011W
YLL034C	0.00974191494883	YDR258C
YLL034C	0.18448302546	YLR276C
YLL034C	0.0139278669347	YLR438W
YLL034C	0.0149675535907	YNL037C
YLL034C	0.0661581908156	YKR009C
YLL034C	0.0383730313301	YPR002W
YLL034C	0.0634749264616	YDR361C
YLL034C	0.0181502656352	YLL033W
YLL034C	0.0444653167309	YFR022W
YLL034C	0.0752520828343	YAL062W
YLL034C	0.0218317304406	YDR523C
YLL034C	0.450487961972	YOR056C
YLL034C	0.138622371397	YBL042C
YLL034C	0.0451791503386	YLR130C
YLL034C	0.01679515207	YLR267W
YLL034C	0.0237668819614	YNR053C
YLL034C	0.053766122806	YLR258W
YLL034C	0.0465448857818	YDL110C
YLL034C	0.00422695160779	YLR178C
YLL034C	0.0289309641118	YGL229C
YDL110C	0.010063286068	YMR280C
YDL110C	0.0124608039284	YHR136C
YDL110C	0.00113832796691	YFL014W
YDL110C	0.0280261723959	YOR348C
YDL110C	0.0578011466328	YBR054W
YDL110C	0.0372031024847	YDR384C
YDL110C	0.00105662730733	YER150W
YDL110C	0.11802481	YKR075C
YDL110C	0.017789007334	YPL111W
YDL110C	0.00741746903111	YMR169C
YDL110C	0.00119847245858	YMR193W
YDL110C	0.0280840397038	YGL254W
YDL110C	0.0167651788017	YLR174W
YDL110C	0.0567433441596	YDL018C
YDL110C	0.00328966219502	YIL136W
YDL110C	0.291003554237	YGR183C
YDL110C	0.0702700758128	YPL265W
YDL110C	0.0134580844651	YIL037C
YDL110C	0.06638658986	YLR327C
YDL110C	0.0208195803293	YHL028W
YDL110C	0.0639210596472	YIL155C
YDL110C	0.161769375421	YLL011W
YDL110C	5.36382623785e-05	YNL194C
YDL110C	0.02999618778	YLR276C
YDL110C	0.00551857957213	YLR438W
YDL110C	0.000247004513531	YLR130C
YDL110C	0.147063711948	YLR258W
YDL110C	0.0114776315158	YDR380W
YDL110C	0.0064399509106	YHR087W
YDL110C	0.0477499958488	YKL062W
YER067W	0.00766719760822	YHR136C
YER067W	0.721365518009	YDR171W
YER067W	0.382174246007	YCR021C
YER067W	0.0870259514313	YAL054C
YER067W	0.0014577167561	YFL014W
YER067W	0.11254003913	YOR348C
YER067W	0.0410763557906	YCR010C
YER067W	0.889818432038	YER150W
YER067W	0.0163854985666	YMR169C
YER067W	0.00238885611658	YIL136W
YER067W	0.188302771136	YER158C
YER067W	0.758852335366	YDL160C
YER067W	1.0	YLR327C
YER067W	0.00508214734899	YHL028W
YER067W	0.0538868038798	YIL155C
YER067W	0.0172248114579	YNR028W
YER067W	0.697083411445	YDR258C
YER067W	0.00645752962432	YNL194C
YER067W	0.548654842761	YLL033W
YER067W	0.0019016512451	YJL217W
YER067W	0.177545178714	YLR258W
YER067W	0.662288571424	YGL229C
YER067W	0.0655560084904	YKL040C
YER067W	0.174532581008	YHR087W
YLR178C	0.0291249585952	YKL112W
YLR178C	0.331210700936	YMR280C
YLR178C	0.012149331153	YHR136C
YLR178C	0.229145485447	YGR043C
YLR178C	0.144874442958	YAL054C
YLR178C	0.154234401164	YFL014W
YLR178C	0.0177630761298	YDR384C
YLR178C	0.0032704141043	YER150W
YLR178C	0.0119403528915	YMR169C
YLR178C	0.00159670890803	YMR193W
YLR178C	0.99148650374	YIL136W
YLR178C	0.11465598861	YER158C
YLR178C	0.178405256711	YGR067C
YLR178C	0.228868042609	YJL063C
YLR178C	0.00290943256963	YDL160C
YLR178C	0.0240936830529	YIL037C
YLR178C	0.260835931812	YDR043C
YLR178C	0.0105840347707	YDR258C
YLR178C	9.93633894107e-05	YNL194C
YLR178C	0.0224979853605	YKR009C
YLR178C	0.699305675061	YKL015W
YLR178C	0.00240421551986	YGL009C
YLR178C	0.665045333754	YDR361C
YLR178C	0.00023123547894	YOR302W
YLR178C	0.00788597691462	YFR022W
YLR178C	0.939092977717	YAL062W
YLR178C	0.00159480247397	YPL036W
YLR178C	0.156742291401	YDR380W
YLR178C	0.211579671263	YGL229C
YLR178C	0.016629185976	YOR032C
YLR178C	0.00693395231748	YHR087W
YLR178C	0.198910544629	YKL062W
YGL229C	0.00760874787604	YGR067C
YGL229C	0.0026377879049	YGL009C
YGL229C	0.00965251709305	YOL014W
YGL229C	0.0408503001466	YOR032C
YOR032C	1.0	YER158C
YOR032C	0.00874813586755	YGR067C
YOR032C	0.00234604453087	YDL160C
YOR032C	0.000126296307801	YJL088W
YOR032C	0.619039595862	YDR043C
YOR032C	0.545684411615	YKL015W
YOR032C	0.00228147337709	YGL009C
YOR032C	0.0214612029112	YGL229C
YOR032C	0.00895249015137	YJL153C
YOR032C	0.00162396997503	YKL062W
YHR216W	0.220049256459	YML123C
YHR216W	0.381568079749	YPL061W
YHR216W	0.0205395536672	YDL160C
YHR216W	0.884961044443	YJR094C
YHR216W	0.0446050514369	YKL071W
YHR216W	0.00778116351277	YGL009C
YHR216W	0.0789928897751	YJL217W
YJL153C	0.380502558278	YOR388C
YJL153C	0.0181548251752	YJR094C
YJL153C	0.116592798844	YNL270C
YJL153C	0.0191872771675	YDR380W
YKL040C	0.0107978610131	YPL061W
YKL040C	0.776944566779	YJR110W
YKL040C	1.0	YDL018C
YKL040C	0.0618391132048	YGR183C
YKL040C	0.0248005074279	YJL063C
YKL040C	0.00351470429348	YHL028W
YKL040C	0.678477020835	YNR028W
YKL040C	0.0206082864433	YKL015W
YKL040C	0.088950483229	YLL033W
YKL040C	0.120489933255	YNL270C
YKL040C	0.280633024971	YJL153C
YHR087W	0.0353021036446	YHR136C
YHR087W	0.2551485862	YDR171W
YHR087W	0.543327365089	YCR021C
YHR087W	0.0657549875035	YFL014W
YHR087W	0.511531681093	YOR348C
YHR087W	0.380687229762	YER150W
YHR087W	0.00566799047093	YMR169C
YHR087W	0.00260284824272	YMR193W
YHR087W	0.570274205813	YIL136W
YHR087W	0.00961958568227	YER158C
YHR087W	0.0358466888383	YJL063C
YHR087W	0.162514645515	YDL160C
YHR087W	0.0240330718548	YIL037C
YHR087W	0.0446401856168	YLR327C
YHR087W	0.0150676754135	YHL028W
YHR087W	0.760391313931	YIL155C
YHR087W	0.0145147046136	YNR028W
YHR087W	0.0677903006843	YNL194C
YHR087W	0.00124349245197	YJL217W
YHR087W	0.822454821286	YLR258W
YHR087W	0.391363237	YER067W
YHR087W	0.00486388990979	YKL040C
YKL062W	0.0315311098557	YKL112W
YKL062W	0.0201033827692	YHR136C
YKL062W	0.00522045069469	YGR043C
YKL062W	0.864525421628	YFL014W
YKL062W	0.149695392573	YDR384C
YKL062W	0.00257012169395	YER150W
YKL062W	0.0439804968707	YPL061W
YKL062W	0.00443500128263	YMR169C
YKL062W	0.0214047280124	YIL136W
YKL062W	0.0203829600328	YER158C
YKL062W	0.0816262357384	YJL063C
YKL062W	0.318800657952	YHR051W
YKL062W	0.952820257764	YHL028W
YKL062W	0.00493950730727	YJR094C
YKL062W	0.131183272998	YIL155C
YKL062W	0.000715456042654	YJL088W
YKL062W	0.0636165794961	YDR043C
YKL062W	0.0479104680074	YDR258C
YKL062W	0.0890624214992	YKL071W
YKL062W	2.53358447955e-05	YNL194C
YKL062W	0.952815662612	YKR009C
YKL062W	0.0570377484342	YDR361C
YKL062W	0.00116205863643	YOR302W
YKL062W	0.000970729277519	YJL217W
YKL062W	1.0	YLR258W
YKL062W	0.797010361206	YDR380W
YKL062W	0.0908301290043	YER067W
YKL062W	0.25210755724	YLR178C
YKL062W	0.023693236964	YGL229C
YKL062W	0.334517954909	YOR032C
