YBL103C	0.033698649156	YER040W
YBL103C	0.0165624325845	YDL170W
YBL103C	0.0471029361002	YJR110W
YBL103C	0.165819318292	YPR002W
YBL103C	0.0142053140465	YOR302W
YBL103C	0.000587129807471	YKL040C
YKL112W	0.119815194526	YPL061W
YKL112W	0.0373747901028	YJL153C
YDR216W	0.896890578464	YBR054W
YDR216W	0.612383068678	YCR010C
YDR216W	1.0	YLR174W
YDR216W	0.963878654543	YLR327C
YDR216W	0.02055351989	YNL270C
YDR216W	0.62147737372	YHR216W
YMR280C	0.87176177305	YOR348C
YMR280C	0.108240252569	YJL063C
YER040W	0.535114755583	YBL103C
YER040W	0.5697199754	YGR142W
YER040W	0.188543112141	YHR018C
YER040W	0.0089828588309	YDL170W
YER040W	0.0567937986188	YCR010C
YER040W	0.109664576518	YJR110W
YER040W	0.00181972286912	YJL088W
YER040W	0.000253463302754	YOR302W
YGR142W	0.553434217744	YDR216W
YGR142W	1.0	YKR075C
YGR142W	0.23935165277	YDR361C
YML123C	1.0	YHR136C
YML123C	0.545495045823	YIL037C
YML123C	0.053233086326	YHR216W
YHR136C	1.0	YML123C
YHR136C	0.362676341668	YIL037C
YHR136C	1.0	YLR438W
YDR171W	0.195102787683	YCR021C
YDR171W	0.103109421536	YBR054W
YDR171W	0.358181952706	YCR010C
YDR171W	0.000865753729074	YER150W
YDR171W	0.321681780093	YGL254W
YDR171W	0.0267286498972	YDL160C
YDR171W	0.0344926434615	YLR327C
YDR171W	0.101250409799	YHL028W
YDR171W	1.0	YLL033W
YDR171W	0.111930960691	YER067W
YDR171W	0.000163070984305	YKL040C
YDR171W	0.0743376609951	YHR087W
YGR043C	0.541576871012	YPL061W
YGR043C	0.999608982019	YMR169C
YGR043C	0.60022798878	YGR067C
YGR043C	0.20694284852	YDR043C
YGR043C	0.362012776112	YGL009C
YGR043C	0.0359402596705	YNL270C
YGR043C	0.180787578988	YFR022W
YGR043C	0.065719238492	YAL062W
YGR043C	0.691354208286	YPL036W
YGR043C	0.371504107997	YOL014W
YHR018C	0.840949472256	YKL112W
YHR018C	0.994690449329	YER040W
YHR018C	0.984940246615	YDL170W
YHR018C	0.0250408682952	YDR384C
YHR018C	0.179801393278	YKR075C
YHR018C	0.0860586386434	YJL172W
YHR018C	0.0760363038311	YJR148W
YHR018C	1.0	YJL088W
YHR018C	0.378270697503	YLR438W
YHR018C	0.433876582821	YDR361C
YHR018C	0.0717025307307	YAL062W
YHR018C	0.128946929418	YLR267W
YHR018C	0.453892177133	YHR029C
YHR018C	0.0995128890196	YDL110C
YHR018C	0.0237341538025	YLR178C
YAL054C	0.0522605610868	YGR067C
YAL054C	0.0713267666925	YAL062W
YFL014W	0.642447205627	YDR216W
YFL014W	0.172274112073	YMR280C
YFL014W	0.00586663141535	YHR136C
YFL014W	0.103109421536	YBR054W
YFL014W	0.1108504995	YGR067C
YFL014W	0.0146816403046	YDL160C
YFL014W	0.0145152869351	YJR094C
YFL014W	0.0807066531375	YIL155C
YFL014W	0.999520824321	YNL194C
YFL014W	0.11531265237	YKL015W
YFL014W	0.11128690713	YGL009C
YFL014W	0.0988704965978	YPL036W
YFL014W	0.036559311742	YDR380W
YFL014W	0.176190857931	YLR178C
YFL014W	0.918871044942	YKL062W
YOR348C	1.0	YMR280C
YOR348C	7.30253499203e-07	YDR171W
YOR348C	0.678318219907	YGL254W
YOR348C	0.0643796021903	YGR183C
YOR348C	0.146064473737	YJL063C
YOR348C	0.865825706893	YHL028W
YOR348C	0.476898186944	YIL155C
YOR348C	0.414917081841	YLL011W
YOR348C	0.00630948107364	YLR130C
YOR348C	0.773921862501	YDL110C
YOR348C	0.000761734191591	YHR087W
YDL170W	0.458785283401	YBL103C
YDL170W	0.304221129826	YDR216W
YDL170W	0.0629247054371	YER040W
YDL170W	0.0739162154621	YGR142W
YDL170W	0.0984689415678	YHR018C
YDL170W	0.265253362062	YCR010C
YDL170W	0.843232487382	YJR110W
YDL170W	0.00921767827204	YJL088W
YDL170W	0.12023974416	YLL033W
YDL170W	0.00101677504054	YOR302W
YDL170W	0.000530981699713	YKL040C
YBR054W	0.14688862903	YLR174W
YBR054W	0.247277688103	YGL009C
YBR054W	0.0706337890242	YOR032C
YCR010C	0.047276208403	YDL160C
YDR384C	0.0132831778114	YPL012W
YER150W	0.000322907614214	YHR136C
YER150W	4.60459391782e-05	YMR169C
YER150W	6.88899186376e-05	YNL194C
YER150W	0.512141693582	YER067W
YPL061W	0.0466495923649	YPL036W
YPL061W	0.0749442769134	YHR216W
YLR009W	0.021551548623	YBL103C
YLR009W	0.00242463386947	YER040W
YLR009W	0.203234322374	YNL036W
YLR009W	0.102727212119	YML123C
YLR009W	0.208041335075	YAL054C
YLR009W	0.182861794849	YKR075C
YLR009W	0.0497719671301	YJL172W
YLR009W	0.0487993519034	YPL012W
YLR009W	0.302318209384	YOR100C
YLR009W	0.248757715039	YNR046W
YLR009W	0.0814010716203	YGL254W
YLR009W	0.13024817026	YER002W
YLR009W	0.199799522698	YJR148W
YLR009W	0.318571639604	YNR064C
YLR009W	0.19991935298	YCL064C
YLR009W	0.331771612948	YDL091C
YLR009W	0.057121986995	YHR051W
YLR009W	0.136724041808	YMR229C
YLR009W	0.457501451454	YOR206W
YLR009W	0.239818989904	YLR276C
YLR009W	0.140954736031	YLR438W
YLR009W	0.192544217066	YNL037C
YLR009W	0.126977282149	YKR009C
YLR009W	0.192607384621	YLL033W
YLR009W	0.051751224696	YAL062W
YLR009W	0.149823323901	YDR523C
YLR009W	0.348986442257	YOR056C
YLR009W	0.15638108701	YBL042C
YLR009W	0.200256221946	YLR267W
YLR009W	0.000163438845008	YHR029C
YLR009W	0.151748355457	YLL034C
YPL111W	0.0064050187852	YJR110W
YPL111W	0.472710880102	YPL265W
YPL111W	0.0719482833133	YNR053C
YOR388C	0.0647851942194	YJR094C
YOR388C	1.0	YJL217W
YOR388C	0.883339187418	YJL153C
YJL172W	0.0296589532798	YBL103C
YJL172W	0.0874947209885	YKL112W
YJL172W	0.00288491680154	YER040W
YJL172W	1.0	YAL054C
YJL172W	0.00906095462248	YDL170W
YJL172W	0.0543434970805	YDR384C
YJL172W	0.300899595332	YKR075C
YJL172W	0.0701319065909	YNR046W
YJL172W	0.105981127381	YJR148W
YJL172W	0.220972006979	YCL064C
YJL172W	0.0281827022887	YMR229C
YJL172W	0.124976005966	YOR206W
YJL172W	0.173015544652	YNR028W
YJL172W	0.16566178147	YLR276C
YJL172W	0.193406104283	YLR438W
YJL172W	0.07941407558	YDR361C
YJL172W	0.805219477881	YAL062W
YJL172W	0.220974810827	YDR523C
YJL172W	0.545402944571	YHR029C
YJL172W	0.0525380612789	YDL110C
YPL012W	0.0277939687826	YKL112W
YPL012W	0.843225353221	YGR142W
YPL012W	0.169934591026	YNL036W
YPL012W	0.49196092208	YML123C
YPL012W	0.313844184716	YCR021C
YPL012W	0.37490188143	YHR018C
YPL012W	0.177183460773	YAL054C
YPL012W	0.951028299959	YDR384C
YPL012W	0.210152218928	YLR009W
YPL012W	0.10565871263	YJL172W
YPL012W	0.0759923280064	YNR046W
YPL012W	0.351780354309	YGL254W
YPL012W	0.0991936371768	YER002W
YPL012W	0.162874311205	YJR148W
YPL012W	0.37526545493	YKR056W
YPL012W	0.155928785607	YCL064C
YPL012W	0.147873834555	YHR051W
YPL012W	1.0	YOR206W
YPL012W	0.11569459259	YNL037C
YPL012W	0.399056475385	YDR361C
YPL012W	0.164804407836	YLR267W
YPL012W	0.91586895732	YDR380W
YPL012W	0.908632431814	YLL034C
YPL012W	0.0112486667806	YLR178C
YOR100C	0.00238494506646	YGR043C
YOR100C	0.0444313993552	YNR064C
YOR100C	0.947739438913	YGR067C
YMR169C	0.97797274822	YGR043C
YMR169C	0.999944182423	YNL194C
YMR169C	0.173198131543	YKL015W
YMR169C	0.152176888042	YFR022W
YMR169C	0.303578349366	YHR216W
YNR046W	0.202793658064	YAL054C
YNR046W	0.172769810838	YKR075C
YNR046W	0.232399579043	YLR009W
YNR046W	0.00914241871668	YER002W
YNR046W	0.0761803198948	YNR064C
YNR046W	0.0171990532245	YMR229C
YNR046W	0.0445821358873	YOR206W
YNR046W	0.283766082067	YLR276C
YNR046W	0.101039745854	YNL037C
YNR046W	0.239513104844	YDR523C
YNR046W	0.40652713619	YBL042C
YNR046W	7.02509707422e-05	YHR029C
YNR046W	0.541395078749	YLL034C
YNR046W	0.211252512914	YDL110C
YJR110W	3.80675071457e-05	YKL040C
YMR193W	1.0	YJL063C
YMR193W	1.0	YDL160C
YLR174W	0.0297662858286	YNL270C
YDL018C	0.000380397710756	YMR193W
YDL018C	0.159876812582	YLR174W
YDL018C	0.116248879618	YJL153C
YDL018C	1.0	YKL040C
YIL136W	0.76972219698	YMR280C
YIL136W	0.00224343559705	YFL014W
YIL136W	0.0627162956042	YGR067C
YIL136W	0.100383592247	YJL063C
YIL136W	0.435267349011	YDR258C
YIL136W	0.000466103337047	YNL194C
YIL136W	0.215854725308	YKR009C
YIL136W	0.0916655048028	YGL009C
YIL136W	0.823809142069	YLR178C
YIL136W	0.995769974899	YHR087W
YGR183C	0.00131902156749	YMR193W
YGR183C	1.0	YHR051W
YER158C	0.0921302318099	YHL028W
YER158C	0.123257486754	YDR043C
YER158C	1.0	YOR032C
YNR064C	0.18191323811	YPL061W
YGR067C	0.360544447448	YLR174W
YGR067C	1.0	YIL037C
YGR067C	0.116067104913	YNL270C
YGR067C	0.108889801423	YFR022W
YGR067C	1.0	YOL014W
YPL265W	1.0	YNL036W
YPL265W	7.84881934716e-07	YDR171W
YPL265W	0.393496396527	YOR348C
YPL265W	1.0	YPL111W
YPL265W	0.984932446311	YJR110W
YPL265W	1.0	YER002W
YPL265W	0.0380692676108	YDL018C
YPL265W	0.054264389551	YGR183C
YPL265W	1.0	YJR148W
YPL265W	0.884616880424	YKR056W
YPL265W	0.135619493068	YCL064C
YPL265W	0.678577414111	YDL091C
YPL265W	0.0947193002805	YLL011W
YPL265W	1.0	YDR043C
YPL265W	0.200037873932	YDR258C
YPL265W	1.0	YDR523C
YPL265W	1.0	YPL036W
YPL265W	1.0	YBL042C
YPL265W	0.408021721923	YLR130C
YPL265W	1.0	YLR267W
YPL265W	0.568843753325	YNR053C
YPL265W	0.0740271872009	YDL110C
YPL265W	0.605299744875	YGL229C
YPL265W	0.429725099046	YKL062W
YKR056W	0.109956376381	YPL111W
YKR056W	0.177048425695	YDL018C
YKR056W	0.108542528809	YPL265W
YKR056W	0.0865080483848	YLL011W
YKR056W	8.55941162213e-05	YLR130C
YKR056W	0.256542271961	YNR053C
YKR056W	0.0934765794323	YGL229C
YCL064C	0.971460494348	YHR136C
YJL063C	1.0	YMR193W
YJL063C	0.348448707337	YKL071W
YDL160C	0.989335968057	YMR193W
YDL160C	1.0	YNL270C
YDL160C	0.758318417565	YOR032C
YDL160C	0.795010875996	YHR216W
YIL037C	0.259419117066	YOR388C
YLR327C	0.14234465243	YDR216W
YLR327C	1.57835709549e-06	YDR171W
YLR327C	0.00344375554572	YER150W
YLR327C	0.558145731547	YFR022W
YLR327C	0.394635226096	YER067W
YDL091C	0.1556179127	YBL042C
YDL091C	0.188795158836	YOL014W
YHR051W	0.0071793047624	YMR193W
YHR051W	1.0	YGR183C
YHL028W	0.471074618477	YBR054W
YHL028W	0.723374786848	YER158C
YMR229C	0.97971066132	YGR043C
YMR229C	0.920615634624	YDR384C
YMR229C	0.074051508453	YLR009W
YMR229C	0.167138577625	YOR206W
YMR229C	0.131338389854	YNR028W
YMR229C	0.103828181732	YKL015W
YMR229C	0.14458573774	YPR002W
YMR229C	9.27245217799e-05	YOR302W
YMR229C	0.934889687041	YFR022W
YOR206W	0.0250500748077	YKL112W
YOR206W	0.336079254993	YNL036W
YOR206W	0.266693823196	YML123C
YOR206W	0.686155815284	YCR021C
YOR206W	0.62509811857	YHR018C
YOR206W	0.268058447287	YAL054C
YOR206W	0.0270836966557	YDR384C
YOR206W	0.789847781072	YLR009W
YOR206W	0.806986315251	YJL172W
YOR206W	1.0	YPL012W
YOR206W	0.125153215458	YOR100C
YOR206W	0.605118050364	YNR046W
YOR206W	0.566818574071	YGL254W
YOR206W	0.201368646671	YER002W
YOR206W	0.455308734885	YJR148W
YOR206W	0.403915271715	YNR064C
YOR206W	0.132977167885	YKR056W
YOR206W	0.423179854434	YCL064C
YOR206W	0.668228387052	YDL091C
YOR206W	0.129224882736	YHR051W
YOR206W	0.170580215221	YMR229C
YOR206W	1.0	YLR276C
YOR206W	0.124709789521	YLR438W
YOR206W	0.329955364301	YNL037C
YOR206W	0.873022717851	YKR009C
YOR206W	0.483809126971	YPR002W
YOR206W	0.600943524615	YDR361C
YOR206W	0.303539866429	YLL033W
YOR206W	0.298529077853	YDR523C
YOR206W	0.418258412526	YOR056C
YOR206W	0.129673299309	YBL042C
YOR206W	0.338252170883	YLR267W
YOR206W	0.0841310426801	YDR380W
YOR206W	0.0913675681861	YLL034C
YJR094C	0.15591110725	YOL014W
YIL155C	0.00359602749812	YMR280C
YIL155C	9.91814339181e-05	YER150W
YIL155C	0.0826625548082	YER158C
YIL155C	0.000781763025405	YLR327C
YIL155C	0.0270243338364	YJL217W
YLL011W	0.575658399487	YOR348C
YLL011W	0.0853257410095	YBR054W
YLL011W	0.122947372124	YPL111W
YLL011W	0.490595154155	YDL018C
YLL011W	0.171429692321	YGR183C
YLL011W	0.414839848124	YPL265W
YLL011W	0.0631303141294	YDL091C
YLL011W	0.0177526304688	YHL028W
YLL011W	0.0066465566276	YIL155C
YLL011W	0.760088055921	YDR258C
YLL011W	0.384033684253	YOR056C
YLL011W	0.525222500565	YLR130C
YLL011W	1.0	YNR053C
YLL011W	0.0286626576765	YLR258W
YLL011W	0.226078137499	YDL110C
YLL011W	0.0756263697891	YKL062W
YNR028W	0.202808167961	YLR174W
YNR028W	0.282754522749	YKL071W
YNR028W	0.260403565565	YPR002W
YNR028W	0.998680750001	YKL040C
YDR258C	0.121247648727	YBR054W
YDR258C	0.00156518656465	YIL136W
YDR258C	0.118727658634	YLL011W
YDR258C	0.177166478844	YLR258W
YDR258C	0.0220306556703	YDR380W
YDR258C	0.00297328118888	YER067W
YKL071W	0.752202404193	YPL012W
YKL071W	0.0291575462191	YIL037C
YKL071W	0.0376143316026	YJR094C
YKL071W	0.151756037678	YHR216W
YNL194C	0.357552794373	YDR216W
YNL194C	0.0498820798552	YMR280C
YNL194C	0.00107925976617	YHR136C
YNL194C	0.0220272517804	YGR043C
YNL194C	1.0	YFL014W
YNL194C	0.0294349786158	YCR010C
YNL194C	1.0	YER150W
YNL194C	1.0	YMR169C
YNL194C	0.950835965655	YIL136W
YNL194C	0.0502699072843	YJR094C
YNL194C	0.919293346863	YIL155C
YNL194C	0.314218752264	YKL015W
YNL194C	0.127698270229	YPL036W
YNL194C	0.059825972768	YJL217W
YNL194C	0.000993406781876	YHR087W
YLR276C	0.185645146497	YNL036W
YLR276C	0.0349520149392	YML123C
YLR276C	0.163667405702	YKR075C
YLR276C	0.427657757345	YLR009W
YLR276C	0.037583004989	YJL172W
YLR276C	0.267076905573	YOR100C
YLR276C	0.156901369431	YNR064C
YLR276C	0.647313987458	YMR229C
YLR276C	0.205801829068	YOR206W
YLR276C	0.162658672662	YLR438W
YLR276C	0.260766080189	YNL037C
YLR276C	0.516190873029	YPR002W
YLR276C	0.19080272982	YLL033W
YLR276C	0.0911596825741	YDR523C
YLR276C	0.167740269916	YLR267W
YLR276C	0.000471188479779	YHR029C
YLR276C	0.114246212043	YLL034C
YLR438W	0.0212707068563	YHR136C
YLR438W	0.127297639071	YPL111W
YLR438W	0.0953661152331	YJL088W
YNL037C	0.402228969406	YJL063C
YNL037C	0.289773860487	YKL071W
YNL037C	0.187757123852	YGL009C
YKR009C	0.10510668511	YNL036W
YKR009C	0.143923098801	YAL054C
YKR009C	6.33557648018e-05	YMR169C
YKR009C	0.538720301034	YHR051W
YKL015W	0.0316455896899	YIL037C
YKL015W	0.092168741641	YOR032C
YGL009C	0.140176931475	YOR388C
YGL009C	0.815746347116	YJL217W
YPR002W	0.0790229094273	YKL071W
YPR002W	1.0	YNL037C
YPR002W	0.19281027497	YLL033W
YDR361C	0.0187117631657	YKL112W
YDR361C	0.156774646779	YGR142W
YDR361C	0.00979628863622	YGR043C
YDR361C	0.0201360929489	YPL012W
YDR361C	0.115383119576	YKR056W
YDR361C	0.0651103129589	YFR022W
YDR361C	0.965017179417	YLR178C
YOR302W	0.954889459113	YBL103C
YOR302W	1.0	YKL112W
YOR302W	0.903376645407	YER040W
YOR302W	0.172683764076	YGR142W
YOR302W	0.00810810497753	YGR043C
YOR302W	0.974454708585	YDL170W
YOR302W	0.67795283932	YCR010C
YOR302W	1.0	YPL061W
YOR302W	0.891751115442	YOR100C
YOR302W	0.955568600645	YNR064C
YOR302W	1.0	YMR229C
YOR302W	0.891071197389	YJL088W
YOR302W	0.570474132893	YNR028W
YOR302W	0.0772087417193	YDR043C
YOR302W	0.0354274325225	YPL036W
YOR302W	1.0	YLR130C
YOR302W	1.0	YHR029C
YNL270C	0.0310254765994	YIL037C
YNL270C	0.732225375591	YJL153C
YFR022W	0.000134911270777	YMR169C
YFR022W	0.797672829698	YNL270C
YAL062W	0.0309523001452	YJL217W
YPL036W	0.0376376466254	YOR032C
YJL217W	1.0	YOR388C
YJL217W	0.914238502533	YJR094C
YJL217W	1.0	YGL009C
YJL217W	0.079286022479	YJL153C
YOR056C	0.834158962534	YNR046W
YOR056C	0.275534141729	YKR056W
YOR056C	0.20409688728	YLR276C
YOR056C	0.124322181836	YOL014W
YOR056C	0.192610353751	YLL034C
YOR056C	0.562669349587	YDL110C
YBL042C	0.0302271245061	YNR053C
YLR130C	0.999998484865	YDR171W
YLR130C	0.00178530790254	YMR193W
YLR130C	0.129881942979	YLR174W
YLR130C	0.429525867107	YNR028W
YLR130C	0.984431723088	YOR302W
YLR267W	0.527289119898	YPL265W
YLR267W	0.864380506932	YCL064C
YLR267W	0.0724385668948	YNR053C
YHR029C	0.183680045061	YGR142W
YHR029C	0.712987946292	YHR018C
YHR029C	0.00599879876231	YDL170W
YHR029C	0.0777756687803	YPL061W
YHR029C	0.913941361357	YJL172W
YHR029C	0.108248884558	YOR100C
YHR029C	0.0444313993552	YNR064C
YHR029C	0.00252528623656	YJL088W
YHR029C	0.582936074291	YNR028W
YHR029C	0.429191378403	YPR002W
YHR029C	1.0	YOR302W
YOL014W	0.020976303248	YJR094C
YOL014W	0.0664510461348	YJL217W
YNR053C	0.0308452039852	YOR348C
YNR053C	0.143115344439	YPL111W
YNR053C	0.00866253490411	YJR110W
YNR053C	0.244602958965	YDL018C
YNR053C	0.0388152375644	YGR183C
YNR053C	0.476617623067	YPL265W
YNR053C	0.216223235456	YKR056W
YNR053C	0.25829227176	YDL091C
YNR053C	0.0151712528402	YHL028W
YNR053C	1.0	YLL011W
YNR053C	0.0398740701468	YDR258C
YNR053C	0.615966315747	YOR056C
YNR053C	0.0603607023223	YLR130C
YNR053C	0.0192195657399	YLR258W
YNR053C	0.301223675693	YGL229C
YNR053C	0.101729945319	YKL062W
YLR258W	1.67517444178e-05	YFL014W
YLR258W	0.00630981335591	YIL136W
YLR258W	0.413139098085	YGL229C
YLR258W	0.00247488412774	YHR087W
YLR258W	0.392918585846	YKL062W
YDR380W	0.209917206108	YOR388C
YDR380W	0.845142233789	YKL071W
YLL034C	0.103666027667	YML123C
YLL034C	0.0218880033855	YDR384C
YLL034C	0.265891155159	YLR009W
YLL034C	0.165578973144	YPL012W
YLL034C	0.305451669585	YOR100C
YLL034C	0.165841037466	YNR046W
YLL034C	0.560047127176	YER002W
YLL034C	0.12705899468	YHR051W
YLL034C	0.106656259279	YLR276C
YLL034C	0.232755145218	YOR056C
YLL034C	0.151800564792	YBL042C
YDL110C	0.219242570251	YBR054W
YDL110C	0.049684193575	YDL018C
YDL110C	0.671111078373	YGR183C
YDL110C	0.285127910859	YLL011W
YDL110C	0.03524634789	YLR258W
YER067W	0.998381836732	YDR171W
YER067W	0.290588123609	YCR021C
YER067W	0.944635708155	YER150W
YER067W	0.128795483029	YER158C
YER067W	0.810753444354	YDL160C
YER067W	0.999712313001	YLR327C
YER067W	0.564732650989	YDR258C
YER067W	0.925662339005	YHR087W
YLR178C	0.00452558359373	YMR280C
YLR178C	0.000977554659895	YFL014W
YLR178C	0.000146705006065	YMR169C
YLR178C	0.966524444671	YIL136W
YLR178C	0.226205216116	YGR067C
YLR178C	0.243082712042	YJL063C
YLR178C	0.327318379435	YDR043C
YLR178C	0.309707730663	YKR009C
YLR178C	0.896171818268	YKL015W
YLR178C	0.247357688829	YDR361C
YLR178C	0.934280761508	YAL062W
YLR178C	0.0562997282601	YDR380W
YLR178C	0.586860901915	YGL229C
YLR178C	0.0811289550581	YKL062W
YGL229C	0.159467444081	YOL014W
YOR032C	1.0	YER158C
YOR032C	0.265272543571	YDR043C
YOR032C	0.397270463822	YKL015W
YHR216W	0.0789190275718	YPL061W
YHR216W	0.897600474178	YJR094C
YJL153C	0.319115337753	YOR388C
YKL040C	1.0	YDL018C
YKL040C	0.112709991204	YNR028W
YKL040C	0.151525744792	YJL153C
YHR087W	0.00161658491066	YDR171W
YHR087W	0.514309088707	YCR021C
YHR087W	1.899886064e-05	YFL014W
YHR087W	0.12823822695	YOR348C
YHR087W	0.050955601136	YER150W
YHR087W	0.0491640343448	YIL136W
YHR087W	0.0317374006184	YER158C
YHR087W	0.100560057041	YDL160C
YHR087W	0.00113462596847	YLR327C
YHR087W	0.516455256428	YIL155C
YHR087W	0.73970494985	YLR258W
YHR087W	0.978318838441	YER067W
YKL062W	0.996743259138	YFL014W
YKL062W	0.0256005554089	YIL136W
YKL062W	0.0334297746967	YER158C
YKL062W	0.90786976819	YHL028W
YKL062W	0.154857766211	YKL071W
YKL062W	0.474437544028	YKR009C
YKL062W	1.0	YLR258W
YKL062W	0.885110304328	YDR380W
YKL062W	0.041241405144	YOR032C
