YBL103C	1.33088805421e-05	YKL112W
YBL103C	0.0333550282921	YER040W
YBL103C	0.0165938317988	YDL170W
YBL103C	0.000577975396884	YCR010C
YBL103C	0.00618805231118	YDR384C
YBL103C	0.00885166141184	YOR388C
YBL103C	0.0472659024352	YJR110W
YBL103C	2.10031158424e-05	YDL160C
YBL103C	5.40153030095e-07	YLR327C
YBL103C	6.91089185636e-05	YOR206W
YBL103C	0.000630280801386	YJL088W
YBL103C	0.00120832605467	YNR028W
YBL103C	0.0113889518554	YDR043C
YBL103C	0.0325656283307	YKL071W
YBL103C	0.152646590295	YPR002W
YBL103C	0.00905687037276	YLL033W
YBL103C	0.0142052987635	YOR302W
YBL103C	0.00224197160562	YPL036W
YBL103C	0.00529283706971	YJL217W
YBL103C	7.35817635792e-09	YLR130C
YBL103C	0.000196138955924	YLR267W
YBL103C	2.37259691991e-08	YHR029C
YBL103C	0.000279779874145	YDR380W
YBL103C	0.0127294019142	YOR032C
YBL103C	0.000587212208819	YKL040C
YKL112W	0.00126279023903	YDR216W
YKL112W	0.000127110079197	YGR142W
YKL112W	0.000129828270781	YGR043C
YKL112W	3.58377352189e-06	YDL170W
YKL112W	0.0088712902867	YDR384C
YKL112W	0.082652221105	YPL061W
YKL112W	0.0129941330756	YPL111W
YKL112W	2.79339878828e-05	YJL172W
YKL112W	8.43499233363e-06	YMR169C
YKL112W	0.000812801569159	YNR064C
YKL112W	0.0286746113206	YIL037C
YKL112W	1.9742193846e-05	YMR229C
YKL112W	6.23461289744e-05	YOR206W
YKL112W	8.88326592362e-06	YJL088W
YKL112W	0.0361983009121	YDR043C
YKL112W	0.0245471716434	YKL015W
YKL112W	0.0516150721903	YDR361C
YKL112W	1.42036350127e-05	YOR302W
YKL112W	0.00041137675046	YPL036W
YKL112W	0.000169817295449	YLR267W
YKL112W	6.3715429569e-10	YHR029C
YKL112W	0.00517614816645	YOR032C
YKL112W	0.058040474219	YJL153C
YDR216W	0.000405078465386	YMR280C
YDR216W	3.39109544586e-05	YHR136C
YDR216W	3.48292577415e-09	YFL014W
YDR216W	0.000618407607135	YOR348C
YDR216W	0.873051493343	YBR054W
YDR216W	0.599846606215	YCR010C
YDR216W	8.77325460023e-08	YER150W
YDR216W	7.48348687321e-06	YMR169C
YDR216W	0.95794986106	YLR174W
YDR216W	0.00787780654369	YIL037C
YDR216W	0.963369570154	YLR327C
YDR216W	0.00194492894569	YJR094C
YDR216W	3.97226570233e-05	YDR258C
YDR216W	0.0012514277762	YKL071W
YDR216W	5.67509886641e-15	YNL194C
YDR216W	0.00287479580363	YGL009C
YDR216W	0.0245068262018	YNL270C
YDR216W	0.00394570408135	YOR032C
YDR216W	0.561920884236	YHR216W
YDR216W	7.17186387304e-07	YKL040C
YMR280C	0.00192455048944	YCR021C
YMR280C	4.70990029407e-08	YFL014W
YMR280C	0.852566387839	YOR348C
YMR280C	0.0216317719585	YBR054W
YMR280C	7.01613518966e-08	YER150W
YMR280C	2.2124128093e-06	YIL136W
YMR280C	0.000265998297086	YER158C
YMR280C	0.0729574062161	YJL063C
YMR280C	5.16668711087e-06	YDL160C
YMR280C	6.56466398981e-05	YLR327C
YMR280C	0.00147743686203	YHL028W
YMR280C	0.0015562251903	YJR094C
YMR280C	0.00241076952892	YIL155C
YMR280C	0.0109504692305	YLL011W
YMR280C	1.55438205475e-13	YNL194C
YMR280C	0.01477797631	YOL014W
YMR280C	7.04688722985e-06	YHR087W
YER040W	0.50616704044	YBL103C
YER040W	0.00249317321845	YDR216W
YER040W	0.541465894904	YGR142W
YER040W	0.204593840359	YHR018C
YER040W	0.0094458146355	YDL170W
YER040W	0.055308757231	YCR010C
YER040W	0.0146988647213	YDR384C
YER040W	0.00436848452473	YPL061W
YER040W	0.0148128670869	YKR075C
YER040W	0.00549670025955	YLR009W
YER040W	0.00285291312008	YJL172W
YER040W	0.000353108788462	YPL012W
YER040W	0.110112036748	YJR110W
YER040W	0.00248135552522	YOR206W
YER040W	0.0018231540542	YJL088W
YER040W	0.00198822406628	YNR028W
YER040W	0.00120994961421	YDR043C
YER040W	0.000118581209275	YLR438W
YER040W	0.00717072387362	YDR361C
YER040W	0.0339009060151	YLL033W
YER040W	0.000313492308024	YOR302W
YER040W	0.00171699551919	YLR267W
YER040W	2.9416404867e-07	YHR029C
YER040W	2.30865446464e-05	YKL040C
YGR142W	0.468845872234	YDR216W
YGR142W	6.24299003679e-06	YER040W
YGR142W	3.40290376403e-11	YML123C
YGR142W	0.000367618409409	YHR018C
YGR142W	0.000364739672014	YCR010C
YGR142W	0.00120877365573	YDR384C
YGR142W	0.0523495170265	YPL061W
YGR142W	1.0	YKR075C
YGR142W	0.00480636275841	YPL012W
YGR142W	0.00070114286202	YJR110W
YGR142W	0.0377341032302	YKR056W
YGR142W	0.00118231025407	YDR043C
YGR142W	0.00964818033471	YKL071W
YGR142W	0.000126293082218	YLR438W
YGR142W	0.206880191636	YDR361C
YGR142W	0.0040370091466	YLL033W
YGR142W	2.55862673583e-08	YOR302W
YGR142W	0.00731564302013	YDR523C
YGR142W	0.000912335223415	YLR267W
YGR142W	0.00159900668608	YNR053C
YGR142W	0.000242332997169	YLR178C
YGR142W	1.18725604173e-06	YKL040C
YNL036W	0.0153882928478	YPL111W
YNL036W	1.82335569771e-05	YGR183C
YNL036W	0.00419430181215	YLL011W
YNL036W	0.00374949142461	YOR032C
YML123C	1.0	YHR136C
YML123C	0.000509682731683	YPL012W
YML123C	0.438506277642	YIL037C
YML123C	0.00121148492255	YNL037C
YML123C	0.0308957801717	YGL009C
YML123C	0.00304560496441	YJL217W
YML123C	0.000391258821882	YDR380W
YML123C	0.00428080886688	YOR032C
YML123C	0.0616885643351	YHR216W
YHR136C	1.0	YML123C
YHR136C	0.0170147032365	YPL111W
YHR136C	0.302629776073	YIL037C
YHR136C	0.00119766582195	YJR094C
YHR136C	0.974361216392	YLR438W
YHR136C	0.00828277232399	YKL015W
YHR136C	0.0588961889534	YGL009C
YHR136C	0.00363789324997	YJL217W
YHR136C	0.000648948084928	YDR380W
YHR136C	0.01124426727	YOR032C
YHR136C	0.0116661718726	YHR216W
YDR171W	0.286670022905	YCR021C
YDR171W	0.00201193958668	YOR348C
YDR171W	0.128489674767	YBR054W
YDR171W	0.362681171344	YCR010C
YDR171W	0.000865692040943	YER150W
YDR171W	0.264057847022	YGL254W
YDR171W	4.28444548107e-06	YIL136W
YDR171W	5.86655863836e-05	YER158C
YDR171W	0.00281124501431	YJL063C
YDR171W	0.0264387212713	YDL160C
YDR171W	0.0346968350708	YLR327C
YDR171W	0.0965161475041	YHL028W
YDR171W	2.70097554209e-05	YJL088W
YDR171W	0.000358448329629	YNR028W
YDR171W	1.73241158144e-05	YDR258C
YDR171W	5.43573382759e-14	YNL194C
YDR171W	0.99477677175	YLL033W
YDR171W	2.95905278067e-06	YLR130C
YDR171W	0.115407449021	YER067W
YDR171W	0.0135719746738	YOR032C
YDR171W	0.000163502922311	YKL040C
YDR171W	0.0751328060696	YHR087W
YCR021C	0.00010368947773	YDR216W
YCR021C	0.000210930540556	YHR136C
YCR021C	0.0228980615195	YKR075C
YCR021C	1.50443899885e-06	YMR169C
YCR021C	4.11290665732e-05	YMR193W
YCR021C	4.67133789546e-06	YDL160C
YCR021C	0.00282758489505	YLL033W
YCR021C	0.00046697949449	YLR267W
YGR043C	1.71275511044e-05	YKL112W
YGR043C	0.000280931111625	YMR280C
YGR043C	0.00579210172084	YAL054C
YGR043C	2.10318962329e-08	YFL014W
YGR043C	0.373563393175	YPL061W
YGR043C	0.999219114623	YMR169C
YGR043C	0.00639867040298	YLR174W
YGR043C	7.63199162526e-05	YER158C
YGR043C	0.577460860199	YGR067C
YGR043C	0.00359058837213	YJR094C
YGR043C	0.173142515178	YDR043C
YGR043C	1.28894278022e-12	YNL194C
YGR043C	0.0553217738842	YKL015W
YGR043C	0.266721268977	YGL009C
YGR043C	0.0020273646139	YDR361C
YGR043C	0.0378988854726	YNL270C
YGR043C	0.172972863052	YFR022W
YGR043C	0.116677926151	YAL062W
YGR043C	0.660069340011	YPL036W
YGR043C	0.176758661796	YOL014W
YGR043C	0.011871502654	YHR216W
YGR043C	0.00623059604497	YJL153C
YHR018C	0.00808816623294	YBL103C
YHR018C	0.835212460324	YKL112W
YHR018C	0.000153142575239	YDR216W
YHR018C	0.985046323107	YER040W
YHR018C	0.00391911947856	YGR142W
YHR018C	0.0175138495583	YNL036W
YHR018C	0.00365588893009	YML123C
YHR018C	0.0120273420127	YCR021C
YHR018C	0.000654828522296	YGR043C
YHR018C	0.0177691025741	YAL054C
YHR018C	0.984201492404	YDL170W
YHR018C	0.000419534052438	YCR010C
YHR018C	0.024051752589	YDR384C
YHR018C	0.00564789030358	YPL061W
YHR018C	0.110148659117	YKR075C
YHR018C	0.0142973301397	YLR009W
YHR018C	0.022206271859	YPL111W
YHR018C	0.107222778873	YJL172W
YHR018C	0.00144373976858	YPL012W
YHR018C	5.96996920897e-06	YMR169C
YHR018C	0.0153873375583	YNR046W
YHR018C	5.64062994907e-05	YJR110W
YHR018C	4.46437596595e-05	YMR193W
YHR018C	0.0259936869542	YGL254W
YHR018C	0.000289456271721	YER002W
YHR018C	0.0906430087937	YJR148W
YHR018C	0.00470952838932	YNR064C
YHR018C	0.00344752932812	YGR067C
YHR018C	0.0691953586255	YKR056W
YHR018C	0.00509284028387	YCL064C
YHR018C	0.010577958078	YJL063C
YHR018C	0.00103062815991	YDL091C
YHR018C	0.0226702778104	YHR051W
YHR018C	4.05884751933e-05	YMR229C
YHR018C	0.0136038568582	YOR206W
YHR018C	0.00152421374782	YJR094C
YHR018C	0.998549489707	YJL088W
YHR018C	0.00451117752617	YNR028W
YHR018C	0.00472272206577	YLR276C
YHR018C	0.353086187079	YLR438W
YHR018C	0.00407520538209	YNL037C
YHR018C	0.000451125947483	YKR009C
YHR018C	0.00252863798105	YGL009C
YHR018C	0.35048324167	YDR361C
YHR018C	0.0229495106208	YLL033W
YHR018C	0.0642847602885	YAL062W
YHR018C	0.0634850753728	YDR523C
YHR018C	0.0236435707988	YBL042C
YHR018C	0.095818789037	YLR267W
YHR018C	0.453825564979	YHR029C
YHR018C	0.00578113554367	YNR053C
YHR018C	0.0013327764457	YLR258W
YHR018C	0.000551608509854	YLL034C
YHR018C	0.0583446190497	YDL110C
YHR018C	0.0233090440305	YLR178C
YHR018C	1.88756439244e-07	YKL040C
YAL054C	0.0544377224152	YNL036W
YAL054C	7.71192000554e-07	YML123C
YAL054C	0.000815952519884	YGR043C
YAL054C	0.00397070762422	YPL061W
YAL054C	0.0369405990602	YKR075C
YAL054C	0.00909536374661	YLR009W
YAL054C	7.08277262381e-05	YJL172W
YAL054C	0.00038023677281	YPL012W
YAL054C	0.0314372438081	YOR100C
YAL054C	3.39916360321e-05	YMR169C
YAL054C	0.0136493733032	YNR046W
YAL054C	9.91611979524e-05	YMR193W
YAL054C	6.97597475889e-05	YDL018C
YAL054C	2.48335781953e-05	YGR183C
YAL054C	0.0020589218621	YNR064C
YAL054C	0.0540564167976	YGR067C
YAL054C	0.00302309841695	YHR051W
YAL054C	0.00290971153199	YOR206W
YAL054C	0.00529258520964	YLL011W
YAL054C	0.000239569664176	YNR028W
YAL054C	0.0101896719174	YLR276C
YAL054C	7.01102590113e-05	YLR438W
YAL054C	0.013672132719	YNL037C
YAL054C	0.00545678877178	YLL033W
YAL054C	0.0601452614071	YAL062W
YAL054C	0.0298270925678	YDR523C
YAL054C	0.000310717851933	YBL042C
YAL054C	0.0584155011724	YLR267W
YAL054C	2.86934685241e-08	YHR029C
YAL054C	0.00167959585604	YNR053C
YAL054C	0.00103251415448	YLL034C
YAL054C	1.9872763014e-05	YLR178C
YFL014W	0.604943272792	YDR216W
YFL014W	0.175053227333	YMR280C
YFL014W	0.00585502141927	YHR136C
YFL014W	0.000473242105939	YGR043C
YFL014W	0.000464459588804	YOR348C
YFL014W	0.0536998940301	YBR054W
YFL014W	0.000165642709084	YCR010C
YFL014W	4.28985231944e-05	YER150W
YFL014W	0.000671847368272	YPL012W
YFL014W	0.00131090027308	YIL136W
YFL014W	0.110486266801	YGR067C
YFL014W	0.0145239437108	YDL160C
YFL014W	1.3024852208e-06	YLR327C
YFL014W	0.00346943306226	YHR051W
YFL014W	0.00754982120553	YHL028W
YFL014W	0.0132709266784	YJR094C
YFL014W	0.0883814402936	YIL155C
YFL014W	1.25612430386e-05	YJL088W
YFL014W	0.000101596760012	YDR258C
YFL014W	0.000915636805433	YKL071W
YFL014W	0.999520550554	YNL194C
YFL014W	0.00697237449558	YKR009C
YFL014W	0.211953747645	YKL015W
YFL014W	0.085419783849	YGL009C
YFL014W	0.00755619818254	YAL062W
YFL014W	0.0916450867354	YPL036W
YFL014W	0.0148561409385	YJL217W
YFL014W	0.0363550615329	YOL014W
YFL014W	0.0150921724116	YLR258W
YFL014W	0.0370055576472	YDR380W
YFL014W	0.000360978643027	YER067W
YFL014W	0.175414760083	YLR178C
YFL014W	0.00343064239345	YGL229C
YFL014W	7.26031179787e-05	YHR087W
YFL014W	0.917607565053	YKL062W
YOR348C	0.993178652688	YMR280C
YOR348C	7.32313145202e-07	YDR171W
YOR348C	3.27516000103e-10	YFL014W
YOR348C	2.20134959119e-07	YER150W
YOR348C	0.0144322567241	YPL111W
YOR348C	0.517250354994	YGL254W
YOR348C	0.00027979041684	YDL018C
YOR348C	6.03024240186e-05	YIL136W
YOR348C	0.0624197497393	YGR183C
YOR348C	0.000423791609959	YER158C
YOR348C	0.0785696916722	YPL265W
YOR348C	0.0984320009294	YJL063C
YOR348C	1.33536478784e-05	YDL160C
YOR348C	3.84406955034e-05	YLR327C
YOR348C	0.833256092231	YHL028W
YOR348C	0.459590372437	YIL155C
YOR348C	0.308893660556	YLL011W
YOR348C	2.89229404854e-05	YDR258C
YOR348C	4.81919970736e-15	YNL194C
YOR348C	0.00161455729711	YLL033W
YOR348C	0.00630900772679	YLR130C
YOR348C	0.000279188859566	YLR258W
YOR348C	0.532200277268	YDL110C
YOR348C	1.00178326428e-05	YER067W
YOR348C	0.00139110100435	YHR087W
YOR348C	6.20775110091e-06	YKL062W
YDL170W	0.438069752815	YBL103C
YDL170W	1.94674940819e-05	YKL112W
YDL170W	0.258266030561	YDR216W
YDL170W	0.0672819999418	YER040W
YDL170W	0.0978522737017	YGR142W
YDL170W	0.121182751131	YHR018C
YDL170W	0.257298916277	YCR010C
YDL170W	0.00871682312669	YDR384C
YDL170W	0.00527343797499	YPL061W
YDL170W	0.00902263219428	YKR075C
YDL170W	0.00457790547325	YOR388C
YDL170W	0.00203117266961	YJL172W
YDL170W	0.000321100926712	YPL012W
YDL170W	0.830329747832	YJR110W
YDL170W	0.000719909269696	YNR064C
YDL170W	1.16385641698e-06	YLR327C
YDL170W	0.000317342026156	YOR206W
YDL170W	0.00919953919268	YJL088W
YDL170W	0.00026543348654	YNR028W
YDL170W	0.000622855398252	YDR043C
YDL170W	0.0696810922743	YLL033W
YDL170W	0.00104958259496	YOR302W
YDL170W	0.0213167906359	YAL062W
YDL170W	0.00106421811721	YLR267W
YDL170W	1.29030386989e-06	YHR029C
YDL170W	0.00154648418853	YNR053C
YDL170W	0.000530981746945	YKL040C
YBR054W	0.000158123084564	YDR216W
YBR054W	0.000104436722207	YHR136C
YBR054W	0.0502001167162	YCR021C
YBR054W	3.58580849856e-10	YFL014W
YBR054W	2.82116806409e-08	YER150W
YBR054W	0.118604971008	YLR174W
YBR054W	0.00225571148282	YGR067C
YBR054W	0.00490196484807	YJL063C
YBR054W	0.00612491598031	YDL160C
YBR054W	1.40015957936e-06	YLR327C
YBR054W	0.0120346216649	YJR094C
YBR054W	0.22168995976	YGL009C
YBR054W	0.0184245094386	YFR022W
YBR054W	0.0121894804817	YOL014W
YBR054W	0.0569699960603	YOR032C
YBR054W	0.00842608511385	YHR216W
YCR010C	0.0957566301202	YDR216W
YCR010C	2.71972171047e-08	YDR171W
YCR010C	0.046763420774	YDL160C
YCR010C	3.48128021439e-06	YLR327C
YCR010C	1.2202853818e-05	YJL088W
YCR010C	0.000286871840377	YNR028W
YCR010C	4.79006864962e-07	YOR302W
YCR010C	4.29551630247e-07	YLR130C
YCR010C	0.00787675441598	YOR032C
YCR010C	1.09093653426e-06	YKL040C
YDR384C	0.000138378298841	YBL103C
YDR384C	1.33411931062e-07	YML123C
YDR384C	0.00642049526151	YPL061W
YDR384C	0.00215208813411	YLR009W
YDR384C	0.00542461542185	YOR388C
YDR384C	0.0127344431972	YPL012W
YDR384C	7.96928203222e-06	YMR169C
YDR384C	4.86345414081e-05	YMR193W
YDR384C	0.000157817653111	YGR183C
YDR384C	0.00641938452619	YKR056W
YDR384C	0.0109298602452	YJL063C
YDR384C	0.0446688139403	YHR051W
YDR384C	2.86215541742e-05	YJL088W
YDR384C	0.00290026094226	YLL011W
YDR384C	0.000257949297065	YNR028W
YDR384C	0.00142083755226	YKL071W
YDR384C	0.00737921306737	YLR276C
YDR384C	0.00191576732688	YLL033W
YDR384C	0.000490783243883	YLR267W
YDR384C	0.00145406453597	YNR053C
YDR384C	0.00160350633017	YDR380W
YDR384C	0.00060498602022	YLL034C
YDR384C	0.0279169915936	YDL110C
YDR384C	5.86771285504e-06	YLR178C
YDR384C	4.21749429636e-07	YKL040C
YER150W	0.00243303067509	YDR216W
YER150W	0.000191884361778	YMR280C
YER150W	0.000322250288436	YHR136C
YER150W	6.47789169196e-08	YDR171W
YER150W	2.61993582027e-07	YFL014W
YER150W	7.81495942326e-05	YOR348C
YER150W	0.000974828398222	YCR010C
YER150W	0.00437653991246	YOR388C
YER150W	4.60280171997e-05	YMR169C
YER150W	0.00116045403251	YIL136W
YER150W	0.026396635115	YER158C
YER150W	0.00140773366349	YDL160C
YER150W	0.0002546137926	YLR327C
YER150W	0.00951655866071	YIL155C
YER150W	1.58339429268e-05	YJL088W
YER150W	1.016375894e-05	YDR258C
YER150W	6.88884664592e-05	YNL194C
YER150W	0.00895981289571	YKL015W
YER150W	0.0257143851465	YGL009C
YER150W	0.00150856149829	YNL270C
YER150W	0.0200042568348	YFR022W
YER150W	0.0160264860453	YJL217W
YER150W	0.508907693829	YER067W
YER150W	0.00521156183599	YHR216W
YER150W	4.92607670115e-06	YKL040C
YER150W	0.00103372766897	YHR087W
YPL061W	0.000130551201806	YKL112W
YPL061W	0.00354014937912	YKR075C
YPL061W	3.55853690712e-05	YDL160C
YPL061W	0.00165230047078	YJR094C
YPL061W	0.000110753338943	YJL088W
YPL061W	0.00318265159381	YDR043C
YPL061W	9.55653479114e-06	YOR302W
YPL061W	0.00411124280991	YAL062W
YPL061W	0.0448316123024	YPL036W
YPL061W	2.37939883282e-08	YLR130C
YPL061W	0.0128370542913	YOR032C
YPL061W	0.116235503238	YHR216W
YPL061W	0.00493082840145	YJL153C
YLR009W	0.0203608765049	YBL103C
YLR009W	0.00370325698969	YKL112W
YLR009W	0.00477263494865	YER040W
YLR009W	0.0042035683488	YGR142W
YLR009W	0.149382769705	YNL036W
YLR009W	0.0999732525651	YML123C
YLR009W	0.151959954016	YCR021C
YLR009W	9.04500593386e-05	YGR043C
YLR009W	0.0523653281149	YHR018C
YLR009W	0.221079513375	YAL054C
YLR009W	6.92684105341e-05	YDL170W
YLR009W	0.0170637107497	YBR054W
YLR009W	0.0110728059212	YDR384C
YLR009W	0.11202349236	YKR075C
YLR009W	0.015474120211	YPL111W
YLR009W	0.0682037982515	YJL172W
YLR009W	0.0475473955129	YPL012W
YLR009W	0.232217018962	YOR100C
YLR009W	3.55099894287e-05	YMR169C
YLR009W	0.252305817381	YNR046W
YLR009W	2.45687637373e-05	YJR110W
YLR009W	6.9925184239e-05	YMR193W
YLR009W	0.111863008032	YGL254W
YLR009W	0.128647478035	YER002W
YLR009W	0.000114899471003	YDL018C
YLR009W	3.98530731328e-05	YGR183C
YLR009W	0.182492691005	YJR148W
YLR009W	0.282859484819	YNR064C
YLR009W	0.00136198362999	YGR067C
YLR009W	0.0429709522353	YKR056W
YLR009W	0.173509086614	YCL064C
YLR009W	0.0152827849289	YJL063C
YLR009W	0.304914252735	YDL091C
YLR009W	0.0576793667022	YHR051W
YLR009W	0.13640756188	YMR229C
YLR009W	0.434073196281	YOR206W
YLR009W	5.32294761533e-05	YJL088W
YLR009W	0.0183239265396	YLL011W
YLR009W	0.000530718545483	YNR028W
YLR009W	0.264676324827	YLR276C
YLR009W	0.123125222011	YLR438W
YLR009W	0.160624825275	YNL037C
YLR009W	0.125745258736	YKR009C
YLR009W	0.109518277695	YPR002W
YLR009W	0.00438580056482	YDR361C
YLR009W	0.111616252043	YLL033W
YLR009W	0.0103326325412	YFR022W
YLR009W	0.0418793786213	YAL062W
YLR009W	0.120646556863	YDR523C
YLR009W	0.271724706811	YOR056C
YLR009W	0.124248478432	YBL042C
YLR009W	0.148806989348	YLR267W
YLR009W	0.000163413152998	YHR029C
YLR009W	0.00303009301245	YNR053C
YLR009W	0.00345351524538	YLR258W
YLR009W	0.00809188267149	YDR380W
YLR009W	0.174917259883	YLL034C
YLR009W	0.029352692493	YDL110C
YLR009W	0.000601303126399	YLR178C
YLR009W	2.32266343784e-07	YKL040C
YPL111W	2.13182430003e-05	YMR280C
YPL111W	0.0801030664012	YNL036W
YPL111W	7.11344862791e-08	YDR171W
YPL111W	0.000342220464188	YOR348C
YPL111W	0.0102166020263	YBR054W
YPL111W	8.45602736312e-09	YER150W
YPL111W	0.00739059473918	YJR110W
YPL111W	0.00395030742633	YGL254W
YPL111W	0.0193971745054	YLR174W
YPL111W	0.00955114527863	YER002W
YPL111W	0.00237283699029	YDL018C
YPL111W	2.20272831403e-07	YIL136W
YPL111W	0.00607941969554	YGR183C
YPL111W	0.00309872697107	YER158C
YPL111W	0.00274665048374	YJR148W
YPL111W	0.44527313643	YPL265W
YPL111W	2.06752814513e-06	YLR327C
YPL111W	0.0216871314015	YDL091C
YPL111W	0.00240237714229	YHL028W
YPL111W	0.000417018628069	YIL155C
YPL111W	0.0154733807458	YLL011W
YPL111W	0.000772196574757	YDR043C
YPL111W	7.93988505365e-05	YDR258C
YPL111W	0.00390049401562	YLR276C
YPL111W	0.000361084027428	YLR438W
YPL111W	0.00497801862042	YDR523C
YPL111W	0.017139023124	YPL036W
YPL111W	0.00685702347282	YOR056C
YPL111W	0.00478207240366	YBL042C
YPL111W	3.75819858065e-05	YLR130C
YPL111W	0.0181502201437	YOL014W
YPL111W	0.0623034249373	YNR053C
YPL111W	0.000735282471252	YLR258W
YPL111W	0.000914509293083	YDR380W
YPL111W	0.00383527448931	YKL062W
YOR388C	0.0186999635229	YIL037C
YOR388C	0.077285656815	YJR094C
YOR388C	0.0218542047706	YGL009C
YOR388C	1.0	YJL217W
YOR388C	0.813955866102	YJL153C
YJL172W	0.0280369548783	YBL103C
YJL172W	0.0867738205791	YKL112W
YJL172W	0.00458608181403	YER040W
YJL172W	0.000214170642495	YGR142W
YJL172W	0.00615271927668	YNL036W
YJL172W	6.80662517753e-05	YML123C
YJL172W	0.0840334412597	YCR021C
YJL172W	0.00102064515568	YGR043C
YJL172W	0.0239235342942	YHR018C
YJL172W	0.754376518414	YAL054C
YJL172W	0.00936542193601	YDL170W
YJL172W	6.86861259167e-05	YCR010C
YJL172W	0.0507089296963	YDR384C
YJL172W	0.00502533258692	YPL061W
YJL172W	0.18434977793	YKR075C
YJL172W	0.0755808442611	YLR009W
YJL172W	0.0143939941149	YPL111W
YJL172W	0.00136270578366	YPL012W
YJL172W	0.0897436589005	YOR100C
YJL172W	1.97143106282e-05	YMR169C
YJL172W	0.0845780155685	YNR046W
YJL172W	3.79384963678e-05	YJR110W
YJL172W	5.73505613662e-05	YMR193W
YJL172W	0.0322454526595	YGL254W
YJL172W	0.000401724023538	YER002W
YJL172W	1.67315052643e-06	YDL018C
YJL172W	0.121531681499	YJR148W
YJL172W	0.0220893668612	YNR064C
YJL172W	0.00240749236983	YGR067C
YJL172W	0.000207413794719	YPL265W
YJL172W	0.0115949646609	YKR056W
YJL172W	0.198834146487	YCL064C
YJL172W	0.00648724956017	YJL063C
YJL172W	0.00967587262097	YDL091C
YJL172W	0.00307102158539	YHR051W
YJL172W	0.0281327127323	YMR229C
YJL172W	0.117454185282	YOR206W
YJL172W	0.000435924983412	YJL088W
YJL172W	0.00324537181035	YLL011W
YJL172W	0.194965393972	YNR028W
YJL172W	0.167821182787	YLR276C
YJL172W	0.169000948842	YLR438W
YJL172W	0.0499000466394	YNL037C
YJL172W	0.000953208465196	YKR009C
YJL172W	0.00400623612532	YPR002W
YJL172W	0.0771475124233	YDR361C
YJL172W	0.0338768322638	YLL033W
YJL172W	0.00306930423975	YFR022W
YJL172W	0.590434351595	YAL062W
YJL172W	0.185880135249	YDR523C
YJL172W	0.0203729964529	YBL042C
YJL172W	0.0884451554878	YLR267W
YJL172W	0.545405460687	YHR029C
YJL172W	0.00231945002649	YNR053C
YJL172W	0.00172198788683	YLR258W
YJL172W	0.00302664815244	YLL034C
YJL172W	0.0607957348908	YDL110C
YJL172W	0.00663111366682	YLR178C
YJL172W	4.14805879731e-07	YKL040C
YPL012W	0.0024331926599	YBL103C
YPL012W	0.0276423910109	YKL112W
YPL012W	0.000443047890149	YER040W
YPL012W	0.755723543348	YGR142W
YPL012W	0.123556666404	YNL036W
YPL012W	0.478773762147	YML123C
YPL012W	0.250184353992	YCR021C
YPL012W	0.000148792953713	YGR043C
YPL012W	0.34429868658	YHR018C
YPL012W	0.138879233214	YAL054C
YPL012W	5.3634421748e-05	YDL170W
YPL012W	0.021568619272	YBR054W
YPL012W	0.928445743536	YDR384C
YPL012W	0.00351565264681	YPL061W
YPL012W	0.0315347326429	YKR075C
YPL012W	0.282771247202	YLR009W
YPL012W	0.0150486098797	YPL111W
YPL012W	0.110979257718	YJL172W
YPL012W	0.0100737529202	YOR100C
YPL012W	3.50249386316e-05	YMR169C
YPL012W	0.0874304544038	YNR046W
YPL012W	2.60153075437e-05	YJR110W
YPL012W	3.61397335861e-05	YMR193W
YPL012W	0.300360683803	YGL254W
YPL012W	0.097594027486	YER002W
YPL012W	0.000124356675761	YDL018C
YPL012W	1.34977072859e-05	YGR183C
YPL012W	0.148429169347	YJR148W
YPL012W	0.0168638807735	YNR064C
YPL012W	0.220098097895	YKR056W
YPL012W	0.143503639498	YCL064C
YPL012W	0.00956951133186	YJL063C
YPL012W	0.0282880806717	YDL091C
YPL012W	0.12127824044	YHR051W
YPL012W	0.00130427117267	YMR229C
YPL012W	0.995693515076	YOR206W
YPL012W	0.000772265254899	YJL088W
YPL012W	0.0121827379396	YLL011W
YPL012W	0.0210774155153	YKL071W
YPL012W	0.140134075512	YLR276C
YPL012W	0.02316854132	YLR438W
YPL012W	0.101919816613	YNL037C
YPL012W	0.0274384841089	YKR009C
YPL012W	0.0598572577431	YPR002W
YPL012W	0.431809374292	YDR361C
YPL012W	0.0442629664433	YLL033W
YPL012W	0.00898663066661	YFR022W
YPL012W	0.0900823582871	YAL062W
YPL012W	0.0480991843412	YDR523C
YPL012W	0.0134159320758	YOR056C
YPL012W	0.0415029343235	YBL042C
YPL012W	0.122463769406	YLR267W
YPL012W	3.73585180678e-06	YHR029C
YPL012W	0.00295917998573	YNR053C
YPL012W	0.00350948751812	YLR258W
YPL012W	0.903482452653	YDR380W
YPL012W	0.795024176525	YLL034C
YPL012W	0.0105948573597	YDL110C
YPL012W	0.011706840705	YLR178C
YOR100C	0.000455113535833	YBL103C
YOR100C	3.09199019039e-05	YKL112W
YOR100C	8.16966199285e-06	YMR280C
YOR100C	0.0184956816716	YNL036W
YOR100C	1.18679688678e-10	YML123C
YOR100C	0.00237341786567	YGR043C
YOR100C	0.0736904079381	YAL054C
YOR100C	0.00854591722418	YDR384C
YOR100C	0.0161404347247	YPL061W
YOR100C	0.0027385551626	YLR009W
YOR100C	1.87014104277e-06	YMR169C
YOR100C	0.0531806685805	YNR064C
YOR100C	0.902621485492	YGR067C
YOR100C	0.0038957610653	YHR051W
YOR100C	6.76404473438e-06	YMR229C
YOR100C	0.00232705255646	YOR206W
YOR100C	0.00630945272292	YLL011W
YOR100C	0.000166983910943	YNR028W
YOR100C	0.00312171643389	YDR043C
YOR100C	0.0292467243984	YKL015W
YOR100C	0.0238242900913	YPR002W
YOR100C	0.0278316749617	YDR361C
YOR100C	0.0035386720382	YLL033W
YOR100C	7.7156261864e-08	YOR302W
YOR100C	0.000567264061251	YLR267W
YOR100C	7.1832671716e-09	YHR029C
YOR100C	0.0425813453866	YOL014W
YOR100C	0.00399315089027	YLL034C
YMR169C	0.0168040952418	YDR216W
YMR169C	1.81552559476e-05	YMR280C
YMR169C	3.8719408637e-05	YHR136C
YMR169C	0.977520701649	YGR043C
YMR169C	0.000213415108115	YCR010C
YMR169C	3.79594683938e-06	YER150W
YMR169C	0.00625585275614	YPL061W
YMR169C	2.45754579136e-06	YDL018C
YMR169C	0.000213013704789	YER158C
YMR169C	0.000410327232611	YDL160C
YMR169C	4.60207936723e-06	YLR327C
YMR169C	0.0325420195362	YJR094C
YMR169C	0.00102496521617	YIL155C
YMR169C	0.0125772832788	YDR043C
YMR169C	0.999944083103	YNL194C
YMR169C	0.0968655209407	YKL015W
YMR169C	0.0046688969352	YNL270C
YMR169C	0.116430372155	YFR022W
YMR169C	0.00284953035393	YJL217W
YMR169C	0.0433924106086	YOL014W
YMR169C	7.28550503098e-06	YER067W
YMR169C	0.00320251408816	YGL229C
YMR169C	0.277371590876	YHR216W
YNR046W	0.00627992298608	YBL103C
YNR046W	0.000289236057295	YKL112W
YNR046W	0.00071320686242	YER040W
YNR046W	0.000105162336141	YGR142W
YNR046W	0.0333234719911	YNL036W
YNR046W	0.0224039851294	YML123C
YNR046W	2.90839322311e-05	YHR136C
YNR046W	0.00195416529452	YCR021C
YNR046W	6.02584840205e-05	YGR043C
YNR046W	0.00062210227952	YHR018C
YNR046W	0.181287518971	YAL054C
YNR046W	1.66815051283e-05	YDL170W
YNR046W	0.0108110733532	YBR054W
YNR046W	0.00350772332542	YDR384C
YNR046W	0.105841022737	YKR075C
YNR046W	0.207165243119	YLR009W
YNR046W	0.0148926262648	YPL111W
YNR046W	0.00162879321021	YJL172W
YNR046W	0.00517245664997	YPL012W
YNR046W	0.0381216333314	YOR100C
YNR046W	4.19314096002e-05	YMR169C
YNR046W	2.98927233381e-05	YJR110W
YNR046W	0.0001860985866	YMR193W
YNR046W	0.00909146862953	YER002W
YNR046W	0.000804459112284	YDL018C
YNR046W	7.57128901355e-05	YGR183C
YNR046W	0.00611466375636	YJR148W
YNR046W	0.0688436636092	YNR064C
YNR046W	0.00129141660642	YGR067C
YNR046W	0.0274144597822	YKR056W
YNR046W	0.0122122559563	YCL064C
YNR046W	0.00874938980754	YJL063C
YNR046W	0.0177720072047	YDL091C
YNR046W	0.0412854189278	YHR051W
YNR046W	0.0171532882479	YMR229C
YNR046W	0.0419782164741	YOR206W
YNR046W	0.0138185638918	YLL011W
YNR046W	0.00194425113953	YNR028W
YNR046W	0.224631584984	YLR276C
YNR046W	0.0229252515392	YLR438W
YNR046W	0.0821156456135	YNL037C
YNR046W	0.0504950950289	YKR009C
YNR046W	0.0550883090324	YLL033W
YNR046W	0.0437330977743	YAL062W
YNR046W	0.193716158088	YDR523C
YNR046W	0.129036174543	YOR056C
YNR046W	0.324644826333	YBL042C
YNR046W	0.0331830074612	YLR267W
YNR046W	7.02396277343e-05	YHR029C
YNR046W	0.0169990476078	YOL014W
YNR046W	0.00376545467805	YNR053C
YNR046W	0.00223621596576	YLR258W
YNR046W	0.000587841232097	YDR380W
YNR046W	0.451328499015	YLL034C
YNR046W	0.151399685019	YDL110C
YNR046W	0.000383434732534	YLR178C
YNR046W	4.79249384569e-07	YKL040C
YJR110W	7.96448085518e-05	YCR010C
YJR110W	0.000958104203725	YPL265W
YJR110W	0.00364453830692	YNR053C
YJR110W	3.81275949602e-05	YKL040C
YMR193W	1.0	YJL063C
YMR193W	1.0	YDL160C
YMR193W	0.0419127211763	YKL071W
YMR193W	2.75562160307e-08	YLR130C
YMR193W	0.00960737316912	YOR032C
YGL254W	0.0101564793106	YKR075C
YGL254W	0.00541058397737	YOR388C
YGL254W	0.0171714518001	YKL015W
YGL254W	0.00454878922286	YLL033W
YGL254W	0.00350609498494	YJL217W
YLR174W	0.000683319654857	YDR216W
YLR174W	0.0246147286132	YBR054W
YLR174W	7.08320586686e-05	YMR193W
YLR174W	0.00100991473249	YGR067C
YLR174W	0.00524571684109	YGL009C
YLR174W	0.0297231043162	YNL270C
YLR174W	0.0486318850584	YFR022W
YLR174W	0.0288345260942	YOL014W
YLR174W	0.00253536503384	YHR216W
YLR174W	0.0056537701816	YJL153C
YER002W	3.08290468975e-06	YML123C
YER002W	0.0288776071956	YBR054W
YER002W	0.00217810439277	YLR009W
YER002W	0.015610751785	YPL111W
YER002W	0.000329207956198	YPL012W
YER002W	3.5943150034e-06	YMR169C
YER002W	0.00348662108788	YNR046W
YER002W	5.0636487461e-05	YMR193W
YER002W	0.00609257133209	YLR174W
YER002W	2.23900383428e-05	YDL018C
YER002W	2.23235120511e-07	YIL136W
YER002W	7.91298501873e-05	YGR183C
YER002W	0.000354984474676	YER158C
YER002W	0.00120375915983	YPL265W
YER002W	0.00905098887215	YKR056W
YER002W	0.0202418770487	YJL063C
YER002W	7.68189559213e-05	YOR206W
YER002W	0.00508969357844	YLL011W
YER002W	0.00104659498087	YDR361C
YER002W	0.00553219078458	YBL042C
YER002W	9.87779638875e-05	YLR267W
YER002W	0.00980867358947	YNR053C
YER002W	0.0090982940306	YLL034C
YER002W	2.6909787661e-07	YKL062W
YDL018C	5.33824693585e-05	YHR136C
YDL018C	1.69982742538e-06	YMR169C
YDL018C	0.000379390913316	YMR193W
YDL018C	0.0833235554143	YLR174W
YDL018C	0.0167494825729	YGR183C
YDL018C	0.00501695214018	YIL037C
YDL018C	0.00441220737676	YJR094C
YDL018C	1.1445805927e-08	YLR130C
YDL018C	0.112971925482	YJL153C
YDL018C	0.999999555519	YKL040C
YIL136W	0.766224069427	YMR280C
YIL136W	5.65293345354e-05	YHR136C
YIL136W	0.00218599165633	YFL014W
YIL136W	0.00645205244665	YOR348C
YIL136W	0.0063165969849	YBR054W
YIL136W	1.05704237254e-05	YER150W
YIL136W	4.44850967317e-06	YMR169C
YIL136W	0.00207687256044	YER158C
YIL136W	0.0614675029701	YGR067C
YIL136W	0.067647972982	YJL063C
YIL136W	4.63106342909e-05	YDL160C
YIL136W	0.00677652281426	YIL037C
YIL136W	0.0372500268322	YHR051W
YIL136W	0.00765286285532	YHL028W
YIL136W	0.00764327252104	YIL155C
YIL136W	0.0152469371108	YDR043C
YIL136W	0.43264009367	YDR258C
YIL136W	0.000466117559084	YNL194C
YIL136W	0.215359112344	YKR009C
YIL136W	0.0173205345693	YKL015W
YIL136W	0.0661017348733	YGL009C
YIL136W	0.00707925831821	YAL062W
YIL136W	0.0128181047844	YPL036W
YIL136W	0.0197754370868	YJL217W
YIL136W	0.000100370324278	YLR258W
YIL136W	0.00609436856998	YDR380W
YIL136W	0.000180375379164	YER067W
YIL136W	0.817884916945	YLR178C
YIL136W	0.0136660650132	YGL229C
YIL136W	0.991713663956	YHR087W
YIL136W	0.00772319242793	YKL062W
YGR183C	6.56703454979e-11	YFL014W
YGR183C	0.00131553029674	YMR193W
YGR183C	5.67662373086e-05	YDL018C
YGR183C	0.00462418692061	YIL037C
YGR183C	0.940838834579	YHR051W
YGR183C	0.00446490247063	YLL011W
YGR183C	0.00871205190048	YDL110C
YER158C	0.0884456265698	YHL028W
YER158C	0.103844410027	YDR043C
YER158C	0.015006332546	YKL015W
YER158C	1.0	YOR032C
YER158C	0.00686291847232	YHR216W
YER158C	0.00784716745798	YJL153C
YJR148W	5.54782785894e-09	YML123C
YJR148W	3.06610407019e-05	YHR136C
YJR148W	0.0148467018653	YBR054W
YJR148W	0.00193184695107	YLR009W
YJR148W	0.0292264056162	YPL111W
YJR148W	0.0127863670404	YLR174W
YJR148W	0.00040422810664	YDL018C
YJR148W	3.21065878019e-05	YGR183C
YJR148W	0.00402481561766	YPL265W
YJR148W	0.0405928577934	YKR056W
YJR148W	0.0236286557666	YCL064C
YJR148W	0.000110344696867	YOR206W
YJR148W	0.00768582040428	YLL011W
YJR148W	0.0060517446024	YLR276C
YJR148W	0.000229868242864	YLR267W
YJR148W	0.0149320255513	YOL014W
YJR148W	0.0165922084077	YNR053C
YJR148W	0.0112844794237	YGL229C
YJR148W	5.04573309774e-06	YKL062W
YNR064C	6.64808001318e-05	YKL112W
YNR064C	0.125478113773	YPL061W
YNR064C	0.00617038227946	YOR388C
YNR064C	0.0268573336135	YOR100C
YNR064C	0.0128656015167	YLR174W
YNR064C	0.00333433231084	YGR067C
YNR064C	0.00058613931171	YOR206W
YNR064C	0.00073636628504	YDR043C
YNR064C	0.0340798436192	YKL015W
YNR064C	9.48486726955e-08	YOR302W
YNR064C	0.00144493307126	YNL270C
YNR064C	0.00124959355332	YPL036W
YNR064C	0.0265091390155	YOL014W
YNR064C	0.0115135186521	YJL153C
YGR067C	8.37583390902e-06	YMR280C
YGR067C	4.04261647909e-09	YFL014W
YGR067C	0.0420300835562	YBR054W
YGR067C	0.0244343493452	YPL061W
YGR067C	0.00530681243921	YOR100C
YGR067C	0.187906632713	YLR174W
YGR067C	0.937750870116	YIL037C
YGR067C	0.00289248031873	YKL071W
YGR067C	0.0389082896413	YGL009C
YGR067C	0.117525875097	YNL270C
YGR067C	0.139883971268	YFR022W
YGR067C	0.0536371219664	YAL062W
YGR067C	0.983770263811	YOL014W
YGR067C	0.0558424060885	YGL229C
YGR067C	0.00317658596761	YOR032C
YGR067C	0.0151254667845	YJL153C
YPL265W	0.000974664117388	YMR280C
YPL265W	0.818305348135	YNL036W
YPL265W	3.56162150618e-11	YML123C
YPL265W	4.29965104482e-05	YHR136C
YPL265W	7.86398402796e-07	YDR171W
YPL265W	0.38899003512	YOR348C
YPL265W	0.017234114469	YBR054W
YPL265W	9.84699917166e-09	YER150W
YPL265W	1.0	YPL111W
YPL265W	0.00590638865795	YNR046W
YPL265W	0.977546240492	YJR110W
YPL265W	0.017542675651	YGL254W
YPL265W	0.0429096438024	YLR174W
YPL265W	0.984130994944	YER002W
YPL265W	0.0378320859522	YDL018C
YPL265W	3.01484085195e-06	YIL136W
YPL265W	0.0525228243979	YGR183C
YPL265W	0.0216897760418	YER158C
YPL265W	0.948224793404	YJR148W
YPL265W	0.656195591367	YKR056W
YPL265W	0.226030402114	YCL064C
YPL265W	1.20554745887e-06	YLR327C
YPL265W	0.608509416095	YDL091C
YPL265W	0.00714006455373	YHL028W
YPL265W	0.00767622720203	YIL155C
YPL265W	0.0705157421114	YLL011W
YPL265W	0.994300727488	YDR043C
YPL265W	0.192145674035	YDR258C
YPL265W	0.00939349085343	YLR276C
YPL265W	0.983649806144	YDR523C
YPL265W	0.953136400935	YPL036W
YPL265W	0.168672632126	YOR056C
YPL265W	0.972995891022	YBL042C
YPL265W	0.407983733676	YLR130C
YPL265W	0.999870401383	YLR267W
YPL265W	0.0127495028452	YOL014W
YPL265W	0.492588380381	YNR053C
YPL265W	0.020520339732	YLR258W
YPL265W	0.00224322327001	YDR380W
YPL265W	0.000570256385029	YLL034C
YPL265W	0.204374260171	YDL110C
YPL265W	0.52532578243	YGL229C
YPL265W	1.61777363051e-06	YHR087W
YPL265W	0.395529121113	YKL062W
YKR056W	6.30667791552e-05	YMR280C
YKR056W	1.22748711936e-10	YML123C
YKR056W	4.37675529167e-10	YDR171W
YKR056W	0.035793528566	YBR054W
YKR056W	7.89057563969e-09	YER150W
YKR056W	0.0632731894551	YPL111W
YKR056W	0.000467384767391	YPL012W
YKR056W	0.00101842590707	YJR110W
YKR056W	0.0468334463344	YLR174W
YKR056W	0.000820130416883	YER002W
YKR056W	0.175945039309	YDL018C
YKR056W	1.12706591826e-05	YIL136W
YKR056W	0.00735208126052	YGR183C
YKR056W	0.00738842310758	YER158C
YKR056W	0.00180539801897	YJR148W
YKR056W	0.132957565475	YPL265W
YKR056W	4.67829033772e-06	YDL160C
YKR056W	0.0357073985672	YDL091C
YKR056W	0.00543395640325	YHL028W
YKR056W	0.0644044327237	YLL011W
YKR056W	0.00541862806376	YPL036W
YKR056W	0.17132276879	YOR056C
YKR056W	8.55861719987e-05	YLR130C
YKR056W	0.023573495799	YOL014W
YKR056W	0.222157464651	YNR053C
YKR056W	0.0181941377612	YLR258W
YKR056W	0.000951470899869	YDR380W
YKR056W	0.0288668888616	YDL110C
YKR056W	0.173556100369	YGL229C
YKR056W	0.0490585252412	YKL062W
YCL064C	1.22557768094e-08	YML123C
YCL064C	0.969483142763	YHR136C
YCL064C	0.0122430091063	YKR075C
YCL064C	0.0211672038861	YPL111W
YCL064C	0.0119154985557	YIL037C
YCL064C	0.000229241680767	YJL088W
YCL064C	0.00217269861059	YJL217W
YCL064C	0.00226461996922	YLR267W
YCL064C	0.014146299639	YOL014W
YJL063C	1.0	YMR193W
YJL063C	0.309861672026	YKL071W
YJL063C	0.0357976804954	YNL037C
YDL160C	0.986761150893	YMR193W
YDL160C	0.977594018231	YNL270C
YDL160C	0.0326373987058	YOL014W
YDL160C	0.611640677095	YOR032C
YDL160C	0.689176517175	YHR216W
YIL037C	0.0133298696056	YPL111W
YIL037C	0.198483280494	YOR388C
YIL037C	0.00244432218583	YGR067C
YIL037C	0.00348533888281	YNL270C
YIL037C	0.0136187290235	YJL217W
YLR327C	0.187246923087	YDR216W
YLR327C	3.04975784051e-05	YHR136C
YLR327C	1.66616280202e-06	YDR171W
YLR327C	1.05249791255e-09	YFL014W
YLR327C	0.000943131657933	YOR348C
YLR327C	0.000141007598155	YCR010C
YLR327C	0.00344351074258	YER150W
YLR327C	0.00460694967339	YKR075C
YLR327C	0.0151562318481	YOR388C
YLR327C	0.00664162873533	YGL254W
YLR327C	5.45612613011e-06	YDL018C
YLR327C	0.000502177135499	YER158C
YLR327C	0.000740274442742	YDL160C
YLR327C	0.00197491284009	YIL155C
YLR327C	1.68677674866e-05	YJL088W
YLR327C	0.0175811412147	YNL270C
YLR327C	0.388185894496	YFR022W
YLR327C	0.00779772873045	YJL217W
YLR327C	0.392299650013	YER067W
YLR327C	0.0147961481692	YOR032C
YLR327C	2.26244657031e-06	YKL040C
YLR327C	0.000226283423469	YHR087W
YDL091C	3.07987441094e-05	YBL103C
YDL091C	1.64192864421e-05	YML123C
YDL091C	0.00799867707129	YBR054W
YDL091C	0.00200092641328	YDR384C
YDL091C	0.0102115138838	YKR075C
YDL091C	0.00742698053579	YLR009W
YDL091C	0.0159877526056	YPL111W
YDL091C	0.00443818685975	YOR388C
YDL091C	0.000346507263439	YPL012W
YDL091C	2.31940777408e-05	YMR169C
YDL091C	0.0418815702316	YNR046W
YDL091C	9.69118845835e-05	YMR193W
YDL091C	6.65418049783e-06	YDL018C
YDL091C	2.27223883864e-05	YGR183C
YDL091C	0.000252767980618	YER158C
YDL091C	0.0178705174458	YKR056W
YDL091C	0.0165106518938	YJL063C
YDL091C	0.000981315962167	YOR206W
YDL091C	0.00844003114191	YLL011W
YDL091C	0.0147525471459	YLR276C
YDL091C	0.00242116330219	YLR438W
YDL091C	0.00478399421146	YNL037C
YDL091C	0.126871213436	YBL042C
YDL091C	9.34062746371e-05	YLR267W
YDL091C	8.91565136707e-09	YHR029C
YDL091C	0.0815793956761	YOL014W
YDL091C	0.0103504712843	YNR053C
YDL091C	0.000632626359822	YDR380W
YDL091C	0.0184937699268	YLL034C
YHR051W	5.84334549456e-09	YFL014W
YHR051W	0.00225930978497	YDR384C
YHR051W	0.00241680917244	YPL061W
YHR051W	0.00716085877196	YMR193W
YHR051W	0.999879909758	YGR183C
YHR051W	1.33638661403e-05	YJL088W
YHR051W	0.00160589665802	YDR043C
YHR051W	0.00264135494137	YGL009C
YHR051W	0.00417742793457	YJL217W
YHR051W	0.000757127715968	YDR380W
YHR051W	0.04077151562	YDL110C
YHR051W	0.0111035280641	YOR032C
YHL028W	3.12448788486e-09	YFL014W
YHL028W	0.245302891091	YBR054W
YHL028W	9.90334854649e-08	YER150W
YHL028W	0.615314623753	YER158C
YHL028W	0.0313574589155	YJL063C
YHL028W	2.02295516044e-05	YDL160C
YHL028W	0.00856472669008	YIL037C
YHL028W	4.80335771659e-05	YLR438W
YHL028W	8.2286725447e-06	YKL062W
YMR229C	9.34665968538e-05	YBL103C
YMR229C	0.000897271008257	YKL112W
YMR229C	1.63805482945e-06	YER040W
YMR229C	0.00904704303774	YNL036W
YMR229C	4.21667114493e-11	YML123C
YMR229C	0.974666057912	YGR043C
YMR229C	0.000144894794137	YHR018C
YMR229C	0.0389741559346	YAL054C
YMR229C	3.39746124238e-06	YDL170W
YMR229C	0.00021457862347	YCR010C
YMR229C	0.820949810426	YDR384C
YMR229C	0.0168163050965	YPL061W
YMR229C	0.00763840249439	YKR075C
YMR229C	0.0912715375999	YLR009W
YMR229C	0.0140202335985	YPL111W
YMR229C	0.00546705561272	YOR388C
YMR229C	0.0198525426553	YJL172W
YMR229C	0.000895553675228	YPL012W
YMR229C	0.163897635724	YOR100C
YMR229C	1.28005380421e-05	YMR169C
YMR229C	0.042263606156	YNR046W
YMR229C	0.000262719621678	YJR148W
YMR229C	0.0284361142747	YNR064C
YMR229C	0.00696855062939	YGR067C
YMR229C	0.00374589968594	YJL063C
YMR229C	0.00120418256519	YHR051W
YMR229C	0.157079810599	YOR206W
YMR229C	0.00150252640798	YJR094C
YMR229C	0.00382241125659	YLL011W
YMR229C	0.158552603879	YNR028W
YMR229C	0.0095617233873	YDR043C
YMR229C	0.107100864395	YLR276C
YMR229C	4.88694882412e-05	YLR438W
YMR229C	0.00154022118081	YNL037C
YMR229C	0.104812553567	YKL015W
YMR229C	0.231577498915	YPR002W
YMR229C	0.0377743693953	YDR361C
YMR229C	0.00744855123367	YLL033W
YMR229C	9.72328087482e-05	YOR302W
YMR229C	0.777424417536	YFR022W
YMR229C	0.000669168960354	YDR523C
YMR229C	0.00431485596591	YLR267W
YMR229C	3.51561076046e-08	YHR029C
YMR229C	0.00234180849048	YNR053C
YMR229C	0.00227715129948	YLL034C
YMR229C	0.000214957436022	YLR178C
YMR229C	1.16635075343e-07	YKL040C
YOR206W	0.0101940292703	YBL103C
YOR206W	0.0248907204475	YKL112W
YOR206W	0.0028919436862	YER040W
YOR206W	0.0471367740568	YGR142W
YOR206W	0.263897982071	YNL036W
YOR206W	0.259544498111	YML123C
YOR206W	0.458758701978	YCR021C
YOR206W	0.000406822263715	YGR043C
YOR206W	0.559195144088	YHR018C
YOR206W	0.263430853916	YAL054C
YOR206W	8.97186538701e-05	YDL170W
YOR206W	0.0165741814553	YBR054W
YOR206W	0.0249476212016	YDR384C
YOR206W	0.0934936063785	YKR075C
YOR206W	0.752557879995	YLR009W
YOR206W	0.0157923455605	YPL111W
YOR206W	0.772444364994	YJL172W
YOR206W	0.999236336912	YPL012W
YOR206W	0.12811469441	YOR100C
YOR206W	3.64283119102e-05	YMR169C
YOR206W	0.57943024925	YNR046W
YOR206W	2.94154462496e-05	YJR110W
YOR206W	4.35750230478e-05	YMR193W
YOR206W	0.516201575061	YGL254W
YOR206W	0.19855196718	YER002W
YOR206W	6.47261663331e-05	YDL018C
YOR206W	1.52967523119e-05	YGR183C
YOR206W	0.415533077763	YJR148W
YOR206W	0.36710490492	YNR064C
YOR206W	0.0790092593099	YKR056W
YOR206W	0.291336358294	YCL064C
YOR206W	0.0173869979421	YJL063C
YOR206W	0.553873863938	YDL091C
YOR206W	0.113122552082	YHR051W
YOR206W	0.170504582578	YMR229C
YOR206W	0.000141659858772	YJL088W
YOR206W	0.0123540335126	YLL011W
YOR206W	0.000298480316854	YNR028W
YOR206W	0.768427038948	YLR276C
YOR206W	0.10897772989	YLR438W
YOR206W	0.302840184488	YNL037C
YOR206W	0.770097471613	YKR009C
YOR206W	0.395379643709	YPR002W
YOR206W	0.576397781307	YDR361C
YOR206W	0.17590185107	YLL033W
YOR206W	0.0591587394022	YFR022W
YOR206W	0.0205150928659	YAL062W
YOR206W	0.240399300097	YDR523C
YOR206W	0.272640708734	YOR056C
YOR206W	0.102747450563	YBL042C
YOR206W	0.251349425068	YLR267W
YOR206W	5.08129618908e-05	YHR029C
YOR206W	0.00349310666643	YNR053C
YOR206W	0.00833857887756	YLR258W
YOR206W	0.0856500709623	YDR380W
YOR206W	0.212498891109	YLL034C
YOR206W	0.0273140876337	YDL110C
YOR206W	0.00256307368553	YLR178C
YOR206W	1.89075921212e-07	YKL040C
YJR094C	0.00540724299058	YOR388C
YJR094C	0.0195666930151	YJL217W
YJR094C	0.0836033316852	YOL014W
YIL155C	8.9563415904e-05	YDR216W
YIL155C	0.00357346574133	YMR280C
YIL155C	7.4403134759e-05	YHR136C
YIL155C	1.68910714724e-08	YDR171W
YIL155C	0.0070586592148	YCR021C
YIL155C	3.49608233282e-06	YFL014W
YIL155C	0.00485315290216	YOR348C
YIL155C	3.99818297116e-05	YCR010C
YIL155C	9.9174195135e-05	YER150W
YIL155C	1.45420073783e-06	YMR169C
YIL155C	5.19148007974e-05	YIL136W
YIL155C	0.070273877184	YER158C
YIL155C	0.00344777265473	YGR067C
YIL155C	0.00352290132996	YJL063C
YIL155C	6.12754594477e-05	YDL160C
YIL155C	0.000864849860749	YLR327C
YIL155C	0.00280390927895	YLL011W
YIL155C	0.00167153729536	YDR043C
YIL155C	4.8932315069e-05	YDR258C
YIL155C	5.87753614009e-10	YNL194C
YIL155C	0.0403822288265	YKL015W
YIL155C	0.000721248473923	YNL270C
YIL155C	0.0023727649418	YFR022W
YIL155C	0.00161305316855	YPL036W
YIL155C	0.0216450154028	YJL217W
YIL155C	6.24153032948e-05	YER067W
YIL155C	1.39938069929e-07	YKL040C
YIL155C	0.000746632312988	YHR087W
YIL155C	3.28684864002e-07	YKL062W
YJL088W	4.45317632042e-05	YHR136C
YJL088W	0.11656007861	YCL064C
YJL088W	0.00289200488455	YJR094C
YJL088W	0.0252296660032	YLR438W
YJL088W	0.0340442771573	YLL033W
YJL088W	5.10448193511e-07	YOR302W
YJL088W	0.00210301453298	YLR267W
YJL088W	7.02388312158e-08	YKL040C
YLL011W	0.00465878354098	YMR280C
YLL011W	0.0795748126586	YNL036W
YLL011W	9.54536312605e-11	YML123C
YLL011W	2.95603084962e-05	YHR136C
YLL011W	1.7341116554e-08	YDR171W
YLL011W	0.576627501707	YOR348C
YLL011W	0.0444315546804	YBR054W
YLL011W	1.46480898703e-08	YER150W
YLL011W	0.00182511653329	YLR009W
YLL011W	0.070748665252	YPL111W
YLL011W	0.00346961866654	YNR046W
YLL011W	0.00327943763255	YJR110W
YLL011W	0.0571935459372	YGL254W
YLL011W	0.0371646652172	YLR174W
YLL011W	0.00132737515502	YER002W
YLL011W	0.487537644532	YDL018C
YLL011W	2.1746950795e-05	YIL136W
YLL011W	0.165927586682	YGR183C
YLL011W	0.0102851581173	YER158C
YLL011W	0.0215079093072	YJR148W
YLL011W	0.363890201185	YPL265W
YLL011W	0.135962876467	YKR056W
YLL011W	0.0244970480191	YCL064C
YLL011W	0.0855159912682	YDL091C
YLL011W	0.0226104118237	YHL028W
YLL011W	0.0104389037243	YIL155C
YLL011W	0.00492707593749	YDR043C
YLL011W	0.744863939899	YDR258C
YLL011W	0.00962330218047	YLR276C
YLL011W	0.00360867095317	YLL033W
YLL011W	0.00156370694538	YDR523C
YLL011W	0.00468938041566	YPL036W
YLL011W	0.303655981512	YOR056C
YLL011W	0.00232997196403	YBL042C
YLL011W	0.525172504552	YLR130C
YLL011W	0.0240716872639	YOL014W
YLL011W	1.0	YNR053C
YLL011W	0.0282607381866	YLR258W
YLL011W	0.00383156052296	YDR380W
YLL011W	0.00237270403499	YLL034C
YLL011W	0.324013309343	YDL110C
YLL011W	0.0441710485166	YGL229C
YLL011W	0.003358231806	YOR032C
YLL011W	8.03779441774e-06	YHR087W
YLL011W	0.0696084962897	YKL062W
YNR028W	0.000616332571284	YBL103C
YNR028W	1.47096071723e-05	YKL112W
YNR028W	1.91366139626e-09	YDR171W
YNR028W	0.00834017294163	YCR010C
YNR028W	0.0162860893803	YDR384C
YNR028W	0.00570307093193	YOR388C
YNR028W	8.93950167472e-05	YJL172W
YNR028W	6.15784500154e-05	YJR110W
YNR028W	0.105698322141	YLR174W
YNR028W	6.44350281534e-05	YMR229C
YNR028W	0.000363538523432	YOR206W
YNR028W	1.26498922183e-05	YJL088W
YNR028W	0.267373853919	YKL071W
YNR028W	0.0011548248341	YNL037C
YNR028W	0.0300755611383	YKL015W
YNR028W	0.213552365199	YPR002W
YNR028W	0.005806423899	YLL033W
YNR028W	4.56890176535e-05	YOR302W
YNR028W	4.50437813706e-07	YLR130C
YNR028W	6.48445545723e-08	YHR029C
YNR028W	0.99860259259	YKL040C
YDR043C	0.0159935845289	YER158C
YDR043C	0.00184171831726	YPL265W
YDR043C	0.00930749508973	YIL037C
YDR043C	0.0015657967572	YJR094C
YDR043C	1.00226176429e-08	YOR302W
YDR043C	0.00581260641071	YOR032C
YDR043C	7.52899072693e-08	YKL062W
YDR258C	0.0151505318854	YNL036W
YDR258C	1.4631723159e-09	YDR171W
YDR258C	0.00384942537707	YAL054C
YDR258C	1.12986283952e-10	YFL014W
YDR258C	0.0631375113894	YBR054W
YDR258C	0.00115701909572	YDR384C
YDR258C	3.71118325486e-08	YER150W
YDR258C	0.00303313252499	YPL061W
YDR258C	0.0701854420586	YGL254W
YDR258C	2.29795914054e-06	YDL018C
YDR258C	0.00261965193905	YIL136W
YDR258C	0.000539657855994	YGR183C
YDR258C	0.000225665830305	YPL265W
YDR258C	0.0383797791291	YJL063C
YDR258C	0.00112882063604	YIL155C
YDR258C	0.0883893696665	YLL011W
YDR258C	0.000355209258946	YKL071W
YDR258C	1.4665469698e-14	YNL194C
YDR258C	0.00046705915417	YKR009C
YDR258C	0.00246950802886	YJL217W
YDR258C	1.31374686465e-08	YLR130C
YDR258C	0.162533839641	YLR258W
YDR258C	0.0211309504619	YDR380W
YDR258C	0.00297562454902	YER067W
YDR258C	3.58822244194e-05	YHR087W
YDR258C	0.0125910132377	YKL062W
YKL071W	0.000185036863315	YHR136C
YKL071W	6.5860540917e-11	YFL014W
YKL071W	0.00844404681567	YKR075C
YKL071W	0.0373665134245	YPL111W
YKL071W	0.0140827261046	YOR388C
YKL071W	0.721126511541	YPL012W
YKL071W	0.000220781877914	YMR193W
YKL071W	0.0454524913932	YLR174W
YKL071W	6.01187980583e-06	YDL160C
YKL071W	0.0225501526171	YIL037C
YKL071W	1.66057935941e-06	YLR327C
YKL071W	0.000380297047921	YOR206W
YKL071W	0.0356104109552	YJR094C
YKL071W	0.000471748875383	YJL088W
YKL071W	0.00572367098973	YLL011W
YKL071W	0.0244038194303	YNL037C
YKL071W	0.0391232100538	YKL015W
YKL071W	0.00519083453581	YJL217W
YKL071W	0.00423703985581	YNR053C
YKL071W	0.000688604221553	YDR380W
YKL071W	0.00461582974874	YOR032C
YKL071W	0.199254593541	YHR216W
YKL071W	0.0138491015978	YJL153C
YNL194C	0.359983201314	YDR216W
YNL194C	0.049649454722	YMR280C
YNL194C	0.00107706259416	YHR136C
YNL194C	4.94236525391e-10	YDR171W
YNL194C	0.0220026995872	YGR043C
YNL194C	0.999999974928	YFL014W
YNL194C	0.00038765907187	YOR348C
YNL194C	0.0283644159935	YCR010C
YNL194C	0.999995264065	YER150W
YNL194C	1.0	YMR169C
YNL194C	0.948243157388	YIL136W
YNL194C	0.00225355404972	YER158C
YNL194C	0.00307908413102	YJL063C
YNL194C	0.000617008909309	YDL160C
YNL194C	0.00912702379906	YIL037C
YNL194C	3.95914948116e-06	YLR327C
YNL194C	0.0510318686173	YJR094C
YNL194C	0.885114037153	YIL155C
YNL194C	0.0170461912044	YDR043C
YNL194C	0.000917553617337	YDR258C
YNL194C	0.00186272620176	YKR009C
YNL194C	0.270802957726	YKL015W
YNL194C	0.0114467433217	YGL009C
YNL194C	0.00118328944378	YNL270C
YNL194C	0.123087132442	YPL036W
YNL194C	0.0479172840021	YJL217W
YNL194C	0.0150311668597	YOL014W
YNL194C	0.000276764844834	YDR380W
YNL194C	0.00501881844118	YER067W
YNL194C	0.00670032297192	YLR178C
YNL194C	0.00363075331749	YGL229C
YNL194C	0.00250781281895	YHR216W
YNL194C	4.63909818865e-08	YKL040C
YNL194C	0.0018638605309	YHR087W
YNL194C	1.15623374271e-05	YKL062W
YLR276C	0.0172625805853	YBL103C
YLR276C	0.000563680130378	YKL112W
YLR276C	0.00104727650175	YER040W
YLR276C	0.000213968668321	YGR142W
YLR276C	0.14567527314	YNL036W
YLR276C	0.0340149959683	YML123C
YLR276C	2.9292313301e-05	YHR136C
YLR276C	0.0281736043081	YCR021C
YLR276C	2.06881522589e-05	YGR043C
YLR276C	0.00260041932835	YHR018C
YLR276C	0.0673264937899	YAL054C
YLR276C	2.66978120901e-05	YDL170W
YLR276C	0.0102743915006	YBR054W
YLR276C	0.0203622156622	YDR384C
YLR276C	0.10026474911	YKR075C
YLR276C	0.303753832643	YLR009W
YLR276C	0.0160264412135	YPL111W
YLR276C	0.0451874689436	YJL172W
YLR276C	0.00867861034441	YPL012W
YLR276C	0.182094166785	YOR100C
YLR276C	3.31148586041e-05	YMR169C
YLR276C	0.098236188595	YNR046W
YLR276C	8.45007271571e-05	YMR193W
YLR276C	0.00558406904739	YGL254W
YLR276C	0.002474198672	YER002W
YLR276C	0.000104660090933	YDL018C
YLR276C	4.32927239347e-05	YGR183C
YLR276C	0.0164237623874	YJR148W
YLR276C	0.137466512224	YNR064C
YLR276C	0.000911444054415	YGR067C
YLR276C	0.017144982449	YKR056W
YLR276C	0.0289537138791	YCL064C
YLR276C	0.0162874211309	YJL063C
YLR276C	0.00683429560445	YDL091C
YLR276C	0.0129989337827	YHR051W
YLR276C	0.645465498994	YMR229C
YLR276C	0.194266300666	YOR206W
YLR276C	2.63221796229e-05	YJL088W
YLR276C	0.0197385478052	YLL011W
YLR276C	0.00548976438235	YNR028W
YLR276C	0.142282125984	YLR438W
YLR276C	0.252949265228	YNL037C
YLR276C	0.0216778731549	YKR009C
YLR276C	0.391662464988	YPR002W
YLR276C	0.110570429383	YLL033W
YLR276C	0.0106796493971	YAL062W
YLR276C	0.0734912054588	YDR523C
YLR276C	0.0265117781639	YOR056C
YLR276C	0.0663243627127	YBL042C
YLR276C	0.124644931986	YLR267W
YLR276C	0.000471113704266	YHR029C
YLR276C	0.00363160129797	YNR053C
YLR276C	0.000113627716612	YLR258W
YLR276C	0.0021877524814	YDR380W
YLR276C	0.113988909658	YLL034C
YLR276C	0.0451513662088	YDL110C
YLR276C	0.000150847783223	YLR178C
YLR276C	7.35440573512e-07	YKL040C
YLR438W	0.0212274099826	YHR136C
YLR438W	5.41990992187e-11	YFL014W
YLR438W	0.0732524774192	YPL111W
YLR438W	0.0168468792839	YOR388C
YLR438W	5.05720595224e-06	YDL160C
YLR438W	0.0156754812141	YIL037C
YLR438W	0.0950312743598	YJL088W
YLR438W	0.0033917250554	YJL217W
YLR438W	0.0403685739567	YHR216W
YNL037C	6.36571168019e-11	YML123C
YNL037C	0.00621674414588	YKR075C
YNL037C	0.0326243562946	YOR388C
YNL037C	0.000149448432826	YMR193W
YNL037C	0.271102533381	YJL063C
YNL037C	0.000121523050877	YOR206W
YNL037C	0.265201041862	YKL071W
YNL037C	0.171709513339	YGL009C
YNL037C	0.0537956571412	YPR002W
YNL037C	0.00198577795336	YLL033W
YNL037C	0.000243575428396	YLR267W
YKR009C	0.0817214759234	YNL036W
YKR009C	1.04537393855e-06	YML123C
YKR009C	0.000152984914311	YGR043C
YKR009C	0.167311619859	YAL054C
YKR009C	1.29260994113e-09	YFL014W
YKR009C	0.0319929787643	YPL061W
YKR009C	0.00397846988102	YKR075C
YKR009C	0.0128148285032	YPL111W
YKR009C	0.0072331133054	YOR388C
YKR009C	0.000524459746522	YPL012W
YKR009C	6.33311632854e-05	YMR169C
YKR009C	5.90125235712e-05	YMR193W
YKR009C	2.83945021931e-06	YDL018C
YKR009C	2.66253142151e-06	YIL136W
YKR009C	0.00522111103704	YKR056W
YKR009C	0.00880847452399	YJL063C
YKR009C	0.429604603803	YHR051W
YKR009C	0.00418361136755	YDR043C
YKR009C	3.54642515384e-05	YLR438W
YKR009C	0.00201546640989	YDR361C
YKR009C	0.00650471430165	YAL062W
YKR009C	0.000131690012993	YDR523C
YKR009C	0.000416931348699	YLR267W
YKR009C	0.00333856944562	YNR053C
YKR009C	0.000241621753964	YLR178C
YKR009C	0.00703128147441	YGL229C
YKR009C	4.3637881045e-08	YKL062W
YKL015W	5.08851695817e-05	YHR136C
YKL015W	0.0340624885228	YIL037C
YKL015W	0.0028404531683	YJL217W
YKL015W	0.0743434237725	YOR032C
YGL009C	3.07802770912e-05	YHR136C
YGL009C	0.0127786207969	YPL111W
YGL009C	0.107249461671	YOR388C
YGL009C	0.00882311218863	YLR174W
YGL009C	0.00122554424693	YJR094C
YGL009C	0.0140235113336	YNL037C
YGL009C	0.653368136227	YJL217W
YGL009C	0.0283315376289	YGL229C
YGL009C	0.00384219378471	YOR032C
YGL009C	0.0183724675446	YJL153C
YPR002W	0.00225502549581	YBL103C
YPR002W	0.018703251936	YNL036W
YPR002W	8.54180659069e-12	YML123C
YPR002W	2.25608089977e-06	YGR043C
YPR002W	0.00127407751918	YDR384C
YPR002W	0.00138965273827	YOR206W
YPR002W	0.0687475182999	YNR028W
YPR002W	0.0758985470835	YKL071W
YPR002W	0.00365783018942	YLR276C
YPR002W	0.899187890717	YNL037C
YPR002W	0.113348170286	YLL033W
YPR002W	0.0049455813465	YLR267W
YPR002W	4.93371683974e-06	YKL040C
YDR361C	0.000171267890853	YBL103C
YDR361C	0.0192577076983	YKL112W
YDR361C	6.57049306528e-05	YER040W
YDR361C	0.191062495247	YGR142W
YDR361C	0.015077506685	YNL036W
YDR361C	0.000584999045513	YML123C
YDR361C	0.00979204940387	YGR043C
YDR361C	0.0196995035266	YHR018C
YDR361C	0.00495930323332	YAL054C
YDR361C	6.91917307424e-07	YDL170W
YDR361C	0.0148774228683	YBR054W
YDR361C	0.00615114853972	YPL061W
YDR361C	0.00898555551729	YKR075C
YDR361C	0.00218017347134	YLR009W
YDR361C	0.0141429403222	YPL111W
YDR361C	9.82835665843e-05	YJL172W
YDR361C	0.0196402792691	YPL012W
YDR361C	0.0615924399073	YOR100C
YDR361C	2.2458189573e-05	YMR169C
YDR361C	0.00691124348373	YER002W
YDR361C	4.37190282534e-06	YDL018C
YDR361C	0.000100281958297	YER158C
YDR361C	0.0153404683991	YJR148W
YDR361C	0.00151443745609	YNR064C
YDR361C	0.0881339858514	YKR056W
YDR361C	0.0177326246026	YCL064C
YDR361C	0.0230194907683	YJL063C
YDR361C	0.0131816141258	YHR051W
YDR361C	1.82575978822e-05	YMR229C
YDR361C	0.00593740042434	YOR206W
YDR361C	0.000832984853853	YDR043C
YDR361C	0.0124912704683	YLR438W
YDR361C	0.00800380173945	YNL037C
YDR361C	0.0178223396484	YKL015W
YDR361C	0.0188284218347	YLL033W
YDR361C	0.135518602455	YFR022W
YDR361C	0.0116764162498	YDR523C
YDR361C	0.0101829061805	YBL042C
YDR361C	0.0292621623201	YLR267W
YDR361C	3.13751753416e-08	YHR029C
YDR361C	0.00286654028372	YNR053C
YDR361C	0.011321183456	YLR258W
YDR361C	0.00211242654131	YLL034C
YDR361C	0.0233634464442	YDL110C
YDR361C	0.952123873284	YLR178C
YLL033W	9.34019178954e-10	YDR171W
YLL033W	2.65814098035e-08	YER150W
YLL033W	0.00421633347509	YGL254W
YLL033W	9.81482578655e-06	YDL160C
YLL033W	0.000120891029485	YJL088W
YLL033W	0.00467823715495	YOR032C
YOR302W	0.951210901716	YBL103C
YOR302W	0.997281737478	YKL112W
YOR302W	0.000443635300838	YDR216W
YOR302W	0.898034598383	YER040W
YOR302W	0.159440902233	YGR142W
YOR302W	1.26352939706e-08	YDR171W
YOR302W	0.00806557095842	YGR043C
YOR302W	0.973682927835	YDL170W
YOR302W	0.659522801856	YCR010C
YOR302W	0.00974115136541	YDR384C
YOR302W	0.996283579585	YPL061W
YOR302W	0.009880096085	YOR388C
YOR302W	0.578315938416	YOR100C
YOR302W	0.00544093436767	YJR110W
YOR302W	0.0205089821868	YLR174W
YOR302W	0.873398902283	YNR064C
YOR302W	0.999367531115	YMR229C
YOR302W	0.00013281265029	YOR206W
YOR302W	0.889502847148	YJL088W
YOR302W	0.522916958978	YNR028W
YOR302W	0.0645997835969	YDR043C
YOR302W	0.00332165024132	YGL009C
YOR302W	0.0809859723161	YPR002W
YOR302W	0.00320915205102	YDR361C
YOR302W	0.0132493267085	YAL062W
YOR302W	0.0332394019559	YPL036W
YOR302W	0.9999968742	YLR130C
YOR302W	0.999998440079	YHR029C
YOR302W	0.00541209288016	YOR032C
YOR302W	0.013541121612	YJL153C
YOR302W	5.92011767459e-06	YKL040C
YNL270C	0.00950805231233	YOR388C
YNL270C	0.0100276200344	YLR174W
YNL270C	0.000553572119378	YDL160C
YNL270C	0.0648088059028	YIL037C
YNL270C	4.84115358199e-07	YLR327C
YNL270C	0.0524138886673	YFR022W
YNL270C	0.0114306204149	YJL217W
YNL270C	0.607296618831	YJL153C
YFR022W	0.000134858328757	YMR169C
YFR022W	8.79314861612e-05	YMR193W
YFR022W	0.049568947996	YLR174W
YFR022W	0.000247388713348	YER158C
YFR022W	0.00578409675805	YGR067C
YFR022W	4.79611129676e-07	YLR327C
YFR022W	0.765575736309	YNL270C
YFR022W	0.0106571267875	YOR032C
YFR022W	0.0113122170739	YJL153C
YAL062W	3.66763117117e-10	YFL014W
YAL062W	0.0106253432784	YPL061W
YAL062W	0.003279827194	YKR075C
YAL062W	0.00607850131063	YOR388C
YAL062W	0.000383978542852	YPL012W
YAL062W	0.00330746829064	YGR067C
YAL062W	0.00141113343773	YDR043C
YAL062W	0.024794260323	YJL217W
YDR523C	7.17282693721e-11	YML123C
YDR523C	0.00083908719782	YCR010C
YDR523C	0.00598787829349	YKR075C
YDR523C	2.99605611873e-06	YMR169C
YDR523C	0.0085645272164	YLR174W
YDR523C	5.79575859969e-05	YDL018C
YDR523C	3.85656164175e-05	YGR183C
YDR523C	0.00702879027651	YPL265W
YDR523C	0.00122809419315	YNL037C
YDR523C	0.0192714170401	YNR053C
YPL036W	3.81942511299e-05	YHR136C
YPL036W	0.00355622860451	YPL061W
YPL036W	0.00859599522102	YOR388C
YPL036W	7.70760688065e-05	YMR193W
YPL036W	0.0710203630686	YLR174W
YPL036W	0.00440300393861	YIL037C
YPL036W	7.46803413981e-07	YLR327C
YPL036W	0.00120607143787	YJR094C
YPL036W	0.000818384676415	YDR043C
YPL036W	4.0750944661e-08	YOR302W
YPL036W	0.00189151379765	YNL270C
YPL036W	1.71597156134e-06	YLR130C
YPL036W	0.0226639468146	YOL014W
YPL036W	0.0303567595089	YOR032C
YPL036W	0.0135875610416	YJL153C
YJL217W	1.0	YOR388C
YJL217W	0.846417949901	YJR094C
YJL217W	0.921712030524	YGL009C
YJL217W	0.0239488721067	YOL014W
YJL217W	0.06485992925	YJL153C
YOR056C	3.66682258155e-05	YBL103C
YOR056C	7.21519036137e-05	YML123C
YOR056C	0.00925693546167	YAL054C
YOR056C	0.0440289010501	YBR054W
YOR056C	0.00149854370896	YDR384C
YOR056C	0.00653506475308	YKR075C
YOR056C	0.0275949909536	YLR009W
YOR056C	0.0166426394924	YPL111W
YOR056C	0.000687603457062	YPL012W
YOR056C	0.00680655849494	YOR100C
YOR056C	6.00724281072e-06	YMR169C
YOR056C	0.560204690981	YNR046W
YOR056C	0.000159224887463	YMR193W
YOR056C	0.00110856434259	YDL018C
YOR056C	0.000191373085483	YGR183C
YOR056C	0.000698445114807	YNR064C
YOR056C	0.00302373327826	YGR067C
YOR056C	0.166244555711	YKR056W
YOR056C	0.011372553878	YJL063C
YOR056C	0.0166270052465	YHR051W
YOR056C	0.00202053968781	YOR206W
YOR056C	0.0323382854988	YLL011W
YOR056C	0.00024685854286	YNR028W
YOR056C	0.136459655311	YLR276C
YOR056C	0.00531796133228	YLR438W
YOR056C	0.00127789324714	YNL037C
YOR056C	0.0033315918595	YLL033W
YOR056C	0.0327986168527	YBL042C
YOR056C	0.000109687040818	YLR267W
YOR056C	1.48041176716e-08	YHR029C
YOR056C	0.0537202892447	YOL014W
YOR056C	0.00751450693789	YNR053C
YOR056C	0.00028764735811	YDR380W
YOR056C	0.206837331052	YLL034C
YOR056C	0.366117549256	YDL110C
YBL042C	5.93757513496e-05	YMR193W
YBL042C	6.40635323589e-06	YDL018C
YBL042C	1.60512272077e-05	YGR183C
YBL042C	0.00187357275041	YPL265W
YBL042C	0.00560519210852	YJL063C
YBL042C	0.00179693589804	YDL091C
YBL042C	4.36372613551e-08	YLR130C
YBL042C	0.0261752342096	YNR053C
YLR130C	2.4670984859e-05	YBL103C
YLR130C	8.92671290213e-05	YKL112W
YLR130C	0.999998086909	YDR171W
YLR130C	1.08205661293e-06	YDL170W
YLR130C	0.00177293502825	YCR010C
YLR130C	3.56657913936e-08	YER150W
YLR130C	0.0112126194129	YPL061W
YLR130C	0.00423776148388	YOR100C
YLR130C	0.00178060043889	YMR193W
YLR130C	0.0676921290128	YLR174W
YLR130C	0.00064006370082	YDL160C
YLR130C	1.05734222927e-06	YLR327C
YLR130C	4.95726425611e-06	YMR229C
YLR130C	7.54432955098e-05	YJL088W
YLR130C	0.00410092430701	YLL011W
YLR130C	0.448691890856	YNR028W
YLR130C	0.00138127239507	YDR043C
YLR130C	0.984357803985	YOR302W
YLR130C	4.30807029938e-10	YHR029C
YLR130C	0.00920121312631	YOR032C
YLR130C	0.00552470440936	YJL153C
YLR267W	5.20708986455e-08	YML123C
YLR267W	0.000253976121282	YHR136C
YLR267W	5.65304603478e-09	YDR171W
YLR267W	0.0168464767624	YPL111W
YLR267W	0.000155830441052	YJR110W
YLR267W	0.0185024807946	YLR174W
YLR267W	0.000307896757595	YDL018C
YLR267W	0.000486995100687	YGR183C
YLR267W	0.000260957752102	YER158C
YLR267W	0.533141221215	YPL265W
YLR267W	0.647682040134	YCL064C
YLR267W	6.19482784533e-07	YLR327C
YLR267W	0.00301677899398	YLL011W
YLR267W	0.00219171592267	YPL036W
YLR267W	7.73097970604e-08	YLR130C
YLR267W	0.0627280139046	YNR053C
YLR267W	0.00559475050034	YGL229C
YLR267W	4.75911208323e-07	YKL062W
YHR029C	0.00288567070882	YBL103C
YHR029C	0.00146426957448	YKL112W
YHR029C	0.000333507009256	YDR216W
YHR029C	0.00137413974899	YER040W
YHR029C	0.197118903355	YGR142W
YHR029C	0.000253113075771	YGR043C
YHR029C	0.6698534348	YHR018C
YHR029C	0.00722946360509	YAL054C
YHR029C	0.00643342224153	YDL170W
YHR029C	0.0169651058178	YCR010C
YHR029C	0.00825264968628	YDR384C
YHR029C	0.0573636822918	YPL061W
YHR029C	0.0178570001277	YKR075C
YHR029C	0.00730294305688	YLR009W
YHR029C	0.00483721165052	YOR388C
YHR029C	0.867952107969	YJL172W
YHR029C	0.221384518323	YOR100C
YHR029C	0.00583167522009	YJR110W
YHR029C	0.112791547149	YNR064C
YHR029C	0.0195203119684	YGR067C
YHR029C	0.000527248837677	YMR229C
YHR029C	0.00339184496936	YOR206W
YHR029C	0.00260441655234	YJR094C
YHR029C	0.00254693378514	YJL088W
YHR029C	0.478408522803	YNR028W
YHR029C	0.00169509737278	YKL071W
YHR029C	0.00584194783879	YLR276C
YHR029C	0.0169067030587	YNL037C
YHR029C	0.275521012192	YPR002W
YHR029C	0.00525907286634	YDR361C
YHR029C	0.0399876258174	YLL033W
YHR029C	0.999905888731	YOR302W
YHR029C	0.00796723461619	YAL062W
YHR029C	0.000678582572074	YLR267W
YHR029C	0.0152023441234	YOL014W
YHR029C	2.70269909087e-05	YKL040C
YOL014W	0.0138894944019	YOR388C
YOL014W	0.0136144444433	YLR174W
YOL014W	0.0717480473787	YJR094C
YOL014W	0.0532235108989	YJL217W
YNR053C	0.00079438824658	YMR280C
YNR053C	0.00686624091949	YNL036W
YNR053C	1.09559168979e-10	YML123C
YNR053C	3.30366811661e-05	YHR136C
YNR053C	3.89844127013e-08	YDR171W
YNR053C	0.0329616806732	YOR348C
YNR053C	0.015824575305	YBR054W
YNR053C	1.01869521031e-08	YER150W
YNR053C	0.00132235076977	YLR009W
YNR053C	0.0823541412669	YPL111W
YNR053C	0.0034341634938	YNR046W
YNR053C	0.0106094707884	YJR110W
YNR053C	0.0228298390468	YGL254W
YNR053C	0.0313758255094	YLR174W
YNR053C	0.00417035420511	YER002W
YNR053C	0.243078442658	YDL018C
YNR053C	1.4272849538e-05	YIL136W
YNR053C	0.0375694936827	YGR183C
YNR053C	0.0136600545804	YER158C
YNR053C	0.0257152487857	YJR148W
YNR053C	0.42432843462	YPL265W
YNR053C	0.309949624667	YKR056W
YNR053C	0.0781618539664	YCL064C
YNR053C	0.24678312677	YDL091C
YNR053C	0.0196260788211	YHL028W
YNR053C	0.00334422515512	YIL155C
YNR053C	1.0	YLL011W
YNR053C	0.062897631783	YDR258C
YNR053C	0.00796377233647	YLR276C
YNR053C	0.00980846829035	YDR523C
YNR053C	0.0155602671613	YPL036W
YNR053C	0.337653518836	YOR056C
YNR053C	0.0198920646099	YBL042C
YNR053C	0.0603551101832	YLR130C
YNR053C	0.000129598617061	YLR267W
YNR053C	0.0242166679343	YOL014W
YNR053C	0.020316903893	YLR258W
YNR053C	0.00385972267592	YDR380W
YNR053C	0.00127142281312	YLL034C
YNR053C	0.0111666915138	YDL110C
YNR053C	0.240067838761	YGL229C
YNR053C	3.98577709036e-06	YHR087W
YNR053C	0.0936347533463	YKL062W
YLR258W	0.00145205793764	YCR021C
YLR258W	1.63264614818e-05	YFL014W
YLR258W	0.0295529241282	YBR054W
YLR258W	1.09552211569e-05	YER150W
YLR258W	0.0155217236863	YPL061W
YLR258W	0.000307415461618	YPL012W
YLR258W	4.30883528423e-05	YDL018C
YLR258W	0.00628950383837	YIL136W
YLR258W	1.36826522218e-05	YGR183C
YLR258W	0.0201925035321	YER158C
YLR258W	1.42652657437e-05	YDL160C
YLR258W	0.00610181481981	YIL037C
YLR258W	0.000529551824137	YHL028W
YLR258W	0.000695856175856	YIL155C
YLR258W	1.52076580705e-05	YJL088W
YLR258W	0.000635054506446	YDR043C
YLR258W	0.0257896908206	YDR258C
YLR258W	0.000386655999885	YKL071W
YLR258W	3.19755701929e-13	YNL194C
YLR258W	0.00104790429192	YDR361C
YLR258W	0.00539612436285	YAL062W
YLR258W	0.00574145798478	YJL217W
YLR258W	0.000632471244484	YDR380W
YLR258W	0.0149422487334	YDL110C
YLR258W	0.00101381401966	YER067W
YLR258W	0.260548398653	YGL229C
YLR258W	0.00409786460457	YHR087W
YLR258W	0.369420009952	YKL062W
YDR380W	1.11103426826e-08	YML123C
YDR380W	1.26286183704e-09	YFL014W
YDR380W	0.00307593128269	YDR384C
YDR380W	0.00935998894303	YPL061W
YDR380W	0.011102244295	YKR075C
YDR380W	0.16060753108	YOR388C
YDR380W	0.00670362310716	YPL012W
YDR380W	2.99840642967e-06	YMR169C
YDR380W	0.000344320600235	YMR193W
YDR380W	0.00828228533838	YJL063C
YDR380W	0.814275829557	YKL071W
YDR380W	0.00577078277568	YGL009C
YDR380W	0.0114240278751	YJL217W
YDR380W	0.0134464187495	YOL014W
YLL034C	0.00518918885817	YBL103C
YLL034C	0.0016416161362	YKL112W
YLL034C	0.000380132848055	YER040W
YLL034C	0.00141611360094	YGR142W
YLL034C	0.0630145861844	YNL036W
YLL034C	0.100886866081	YML123C
YLL034C	0.0129084371392	YCR021C
YLL034C	6.66252471117e-05	YGR043C
YLL034C	0.00115274229546	YHR018C
YLL034C	0.0447873526172	YAL054C
YLL034C	1.23331376857e-05	YDL170W
YLL034C	0.0281320874348	YBR054W
YLL034C	0.0221779780806	YDR384C
YLL034C	0.0304426925157	YKR075C
YLL034C	0.200102346784	YLR009W
YLL034C	0.0130871450954	YPL111W
YLL034C	0.00135836129766	YJL172W
YLL034C	0.15916796008	YPL012W
YLL034C	0.219798832481	YOR100C
YLL034C	3.62165873828e-05	YMR169C
YLL034C	0.208335904666	YNR046W
YLL034C	8.15576334902e-05	YMR193W
YLL034C	0.00775152444274	YGL254W
YLL034C	0.556038436218	YER002W
YLL034C	0.000257848448059	YDL018C
YLL034C	9.29356792221e-05	YGR183C
YLL034C	0.00322875742866	YJR148W
YLL034C	0.0264509108457	YNR064C
YLL034C	0.00105530353456	YGR067C
YLL034C	0.059196328073	YKR056W
YLL034C	0.0122652557755	YCL064C
YLL034C	0.0228323962128	YJL063C
YLL034C	0.0776109990652	YDL091C
YLL034C	0.115689109506	YHR051W
YLL034C	0.000982559838317	YMR229C
YLL034C	0.0221917740572	YOR206W
YLL034C	0.0257712103986	YLL011W
YLL034C	0.00012272278861	YNR028W
YLL034C	0.100504850072	YLR276C
YLL034C	0.0368042799417	YLR438W
YLL034C	0.0223829586786	YNL037C
YLL034C	0.00314148294629	YKR009C
YLL034C	0.00767273359081	YPR002W
YLL034C	0.00234736231082	YDR361C
YLL034C	0.04722612769	YLL033W
YLL034C	0.00942983736675	YFR022W
YLL034C	0.0489620245118	YAL062W
YLL034C	0.0246623737203	YDR523C
YLL034C	0.286670699673	YOR056C
YLL034C	0.120819735279	YBL042C
YLL034C	0.0265268361163	YLR267W
YLL034C	9.41872180796e-06	YHR029C
YLL034C	0.0024508758935	YNR053C
YLL034C	0.0127471020998	YLR258W
YLL034C	0.0346017266391	YDL110C
YLL034C	0.00180581632295	YLR178C
YLL034C	4.54178711303e-08	YKL040C
YDL110C	0.000309126384728	YMR280C
YDL110C	1.17157866592e-11	YML123C
YDL110C	2.19100065013e-10	YDR171W
YDL110C	6.69446393389e-11	YFL014W
YDL110C	0.00107856203475	YOR348C
YDL110C	0.114166374702	YBR054W
YDL110C	1.28254787068e-08	YER150W
YDL110C	0.0178752681855	YPL111W
YDL110C	3.26410042926e-05	YMR193W
YDL110C	0.00446197230808	YGL254W
YDL110C	0.00867794942379	YLR174W
YDL110C	0.0493745798047	YDL018C
YDL110C	4.7226134851e-06	YIL136W
YDL110C	0.6495881593	YGR183C
YDL110C	0.00279805790021	YER158C
YDL110C	0.00447590945239	YPL265W
YDL110C	7.01416655975e-06	YDL160C
YDL110C	1.40935887367e-06	YLR327C
YDL110C	0.00709767678597	YHL028W
YDL110C	0.00132035344579	YIL155C
YDL110C	0.212269299206	YLL011W
YDL110C	1.33554317774e-05	YDR258C
YDL110C	0.00676768695009	YLR276C
YDL110C	0.00186458437751	YPL036W
YDL110C	0.011838075264	YOR056C
YDL110C	5.38422514631e-05	YLR130C
YDL110C	0.0203857146393	YOL014W
YDL110C	0.00531452194261	YNR053C
YDL110C	0.0324008313789	YLR258W
YDL110C	0.000903908215256	YDR380W
YDL110C	8.42661839116e-06	YHR087W
YDL110C	0.0063008433552	YKL062W
YER067W	9.41112153165e-05	YHR136C
YER067W	0.998381687617	YDR171W
YER067W	0.244105929265	YCR021C
YER067W	8.75583337088e-08	YFL014W
YER067W	0.00376006798423	YOR348C
YER067W	0.00579999577547	YCR010C
YER067W	0.944574769518	YER150W
YER067W	0.00413072830065	YKR075C
YER067W	0.00668001594057	YOR388C
YER067W	0.000263050310594	YPL012W
YER067W	0.0273066849416	YGL254W
YER067W	0.000203598432685	YIL136W
YER067W	0.1094936809	YER158C
YER067W	0.801959082077	YDL160C
YER067W	0.999476382897	YLR327C
YER067W	0.00164823630524	YHL028W
YER067W	0.00156886075994	YIL155C
YER067W	0.531017017983	YDR258C
YER067W	7.14323413766e-10	YNL194C
YER067W	0.0054642526622	YLL033W
YER067W	0.0236135513423	YFR022W
YER067W	0.00681670982264	YJL217W
YER067W	0.044704001838	YLR258W
YER067W	0.1124530751	YGL229C
YER067W	3.79618132914e-06	YKL040C
YER067W	0.922748937125	YHR087W
YER067W	3.71108676174e-07	YKL062W
YLR178C	0.00449082315222	YMR280C
YLR178C	0.00128301481758	YGR043C
YLR178C	0.00095278461784	YFL014W
YLR178C	0.00961636944416	YBR054W
YLR178C	1.05848994625e-08	YER150W
YLR178C	0.0207210447598	YPL061W
YLR178C	0.00132429110139	YPL012W
YLR178C	0.000146680075504	YMR169C
YLR178C	0.965422062977	YIL136W
YLR178C	0.0212756283165	YER158C
YLR178C	0.227802499672	YGR067C
YLR178C	0.163836537602	YJL063C
YLR178C	3.48928606112e-05	YDL160C
YLR178C	0.0278912644589	YIL037C
YLR178C	0.275763236506	YDR043C
YLR178C	9.93530587232e-05	YDR258C
YLR178C	1.15667746652e-09	YNL194C
YLR178C	0.317971931653	YKR009C
YLR178C	0.690657785432	YKL015W
YLR178C	0.0409295838716	YGL009C
YLR178C	0.20212265582	YDR361C
YLR178C	0.013145878539	YFR022W
YLR178C	0.773732346872	YAL062W
YLR178C	0.0267636696629	YPL036W
YLR178C	0.0208159617319	YOL014W
YLR178C	0.00147169988676	YLR258W
YLR178C	0.0570874211525	YDR380W
YLR178C	2.74301222721e-07	YER067W
YLR178C	0.409339738021	YGL229C
YLR178C	0.00403773625321	YOR032C
YLR178C	0.000907523111673	YHR087W
YLR178C	0.0746585972701	YKL062W
YGL229C	2.73305289354e-05	YDL160C
YGL229C	0.0130335745583	YGL009C
YGL229C	0.000843352590358	YNL270C
YGL229C	0.0689067708268	YOL014W
YGL229C	0.00150884248931	YNR053C
YGL229C	0.00944247747479	YOR032C
YOR032C	0.000153048982791	YMR193W
YOR032C	0.999646220473	YER158C
YOR032C	9.229504109e-06	YDL160C
YOR032C	0.225123918957	YDR043C
YOR032C	0.272036117605	YKL015W
YOR032C	0.00490235484004	YHR216W
YOR032C	0.00881464533377	YJL153C
YHR216W	0.0544382916456	YPL061W
YHR216W	0.00508731114007	YOR388C
YHR216W	2.55266290957e-05	YDL160C
YHR216W	0.820539388804	YJR094C
YHR216W	0.0009923208756	YKL071W
YHR216W	0.00326197174227	YOR032C
YJL153C	0.244171160632	YOR388C
YJL153C	0.00125558472391	YJR094C
YJL153C	0.0100205805851	YNL270C
YJL153C	0.0025486902597	YJL217W
YKL040C	0.000239585734793	YHR136C
YKL040C	0.0132465790757	YKR075C
YKL040C	0.0044348115213	YOR388C
YKL040C	5.27450486214e-05	YJR110W
YKL040C	1.0	YDL018C
YKL040C	9.5349329457e-06	YGR183C
YKL040C	0.10980133132	YNR028W
YKL040C	0.0332991486874	YLL033W
YKL040C	0.00300326098252	YNL270C
YKL040C	0.154184016053	YJL153C
YHR087W	5.45276892455e-05	YMR280C
YHR087W	7.58356486955e-05	YHR136C
YHR087W	0.00161678052302	YDR171W
YHR087W	0.408588663472	YCR021C
YHR087W	1.85121877358e-05	YFL014W
YHR087W	0.127864591721	YOR348C
YHR087W	0.0498359371294	YBR054W
YHR087W	0.0509524521207	YER150W
YHR087W	0.00436336840314	YGL254W
YHR087W	5.82253584633e-06	YDL018C
YHR087W	0.0490568776188	YIL136W
YHR087W	0.0269810289484	YER158C
YHR087W	0.00453358425395	YGR067C
YHR087W	0.0086151105439	YJL063C
YHR087W	0.0994695191579	YDL160C
YHR087W	0.00427292116791	YIL037C
YHR087W	0.00120748135722	YLR327C
YHR087W	0.00891538267129	YHL028W
YHR087W	0.511079251526	YIL155C
YHR087W	0.0033562553159	YLL011W
YHR087W	0.00685061932115	YDR258C
YHR087W	3.57843699984e-07	YNL194C
YHR087W	0.00258401965901	YGL009C
YHR087W	0.00481511528055	YJL217W
YHR087W	0.67219248076	YLR258W
YHR087W	0.000292079608481	YDR380W
YHR087W	0.973608839569	YER067W
YKL062W	4.18372448456e-05	YMR280C
YKL062W	3.7624578656e-05	YHR136C
YKL062W	0.996822474864	YFL014W
YKL062W	2.38130480077e-07	YER150W
YKL062W	0.0410132088491	YPL061W
YKL062W	0.00760547457602	YOR388C
YKL062W	0.00271946980975	YPL012W
YKL062W	0.0255169454645	YIL136W
YKL062W	0.0284252467914	YER158C
YKL062W	0.0176660104954	YJL063C
YKL062W	0.00661545794018	YIL037C
YKL062W	0.0184417055261	YHR051W
YKL062W	0.889698276442	YHL028W
YKL062W	0.00206646362238	YJR094C
YKL062W	0.0066741540961	YIL155C
YKL062W	0.000115799179731	YJL088W
YKL062W	0.0329110232155	YDR043C
YKL062W	0.002439008981	YDR258C
YKL062W	0.152275444236	YKL071W
YKL062W	1.30022152181e-11	YNL194C
YKL062W	0.457366796152	YKR009C
YKL062W	0.00942868434214	YDR361C
YKL062W	1.38017218617e-08	YOR302W
YKL062W	0.0120557403267	YAL062W
YKL062W	0.00202965702801	YPL036W
YKL062W	0.00332292662467	YJL217W
YKL062W	0.938423537644	YLR258W
YKL062W	0.859486492827	YDR380W
YKL062W	0.000146763594601	YER067W
YKL062W	0.102523588221	YGL229C
YKL062W	0.0332672538117	YOR032C
