YBL103C	0.0334270845184	YER040W
YBL103C	0.0165458486966	YDL170W
YBL103C	0.0463508869511	YJR110W
YBL103C	0.000630816948377	YJL088W
YBL103C	0.0318585798075	YKL071W
YBL103C	0.178252301263	YPR002W
YBL103C	0.0142031005195	YOR302W
YBL103C	0.0145971469519	YOR032C
YBL103C	0.000587091126186	YKL040C
YKL112W	0.0961855366576	YPL061W
YKL112W	0.0380769164901	YDR043C
YKL112W	0.0555245456706	YDR361C
YKL112W	1.40281060262e-05	YOR302W
YKL112W	0.0539481658443	YJL153C
YDR216W	0.000404875721371	YMR280C
YDR216W	0.865226207292	YBR054W
YDR216W	0.602197761723	YCR010C
YDR216W	1.0	YLR174W
YDR216W	0.963417883147	YLR327C
YDR216W	0.0226322089049	YNL270C
YDR216W	0.60345224344	YHR216W
YMR280C	4.83218074472e-08	YFL014W
YMR280C	0.858252262104	YOR348C
YMR280C	0.0900830349511	YJL063C
YMR280C	6.56560964024e-05	YLR327C
YER040W	0.509723763178	YBL103C
YER040W	0.54551743227	YGR142W
YER040W	0.202284180551	YHR018C
YER040W	0.00940058430446	YDL170W
YER040W	0.0549667647645	YCR010C
YER040W	0.0157911153958	YDR384C
YER040W	0.11002245615	YJR110W
YER040W	0.00181511505819	YJL088W
YER040W	0.0424727155697	YLL033W
YER040W	0.000312841314561	YOR302W
YER040W	2.30748231712e-05	YKL040C
YGR142W	0.47304990057	YDR216W
YGR142W	0.0609264183347	YPL061W
YGR142W	1.0	YKR075C
YGR142W	0.00487080954555	YPL012W
YGR142W	0.00947711481375	YKL071W
YGR142W	0.208699195653	YDR361C
YML123C	1.0	YHR136C
YML123C	0.510442966057	YIL037C
YML123C	0.0314168248422	YGL009C
YML123C	0.0467777595023	YHR216W
YHR136C	1.0	YML123C
YHR136C	0.329710603762	YIL037C
YHR136C	0.976522706739	YLR438W
YHR136C	0.0515294268287	YGL009C
YDR171W	0.306118619547	YCR021C
YDR171W	0.134773792708	YBR054W
YDR171W	0.362229870032	YCR010C
YDR171W	0.000865695499268	YER150W
YDR171W	0.30882063198	YGL254W
YDR171W	0.0264735908426	YDL160C
YDR171W	0.0346895374347	YLR327C
YDR171W	0.098742759561	YHL028W
YDR171W	1.0	YLL033W
YDR171W	2.43657615006e-06	YLR130C
YDR171W	0.11523482509	YER067W
YDR171W	0.0155639224311	YOR032C
YDR171W	0.000163060240862	YKL040C
YDR171W	0.0747785783197	YHR087W
YCR021C	0.000211134869294	YHR136C
YCR021C	0.0276515450676	YKR075C
YGR043C	2.15847284062e-08	YFL014W
YGR043C	0.43476841302	YPL061W
YGR043C	0.999423904693	YMR169C
YGR043C	0.587462597216	YGR067C
YGR043C	0.182135989484	YDR043C
YGR043C	0.048783061093	YKL015W
YGR043C	0.293309991147	YGL009C
YGR043C	0.0347439519963	YNL270C
YGR043C	0.179755204754	YFR022W
YGR043C	0.0537221702656	YAL062W
YGR043C	0.67277496547	YPL036W
YGR043C	0.260639829737	YOL014W
YHR018C	0.0081678404977	YBL103C
YHR018C	0.835536200324	YKL112W
YHR018C	0.987840116767	YER040W
YHR018C	0.00365597515186	YML123C
YHR018C	0.000653382451974	YGR043C
YHR018C	0.984379107804	YDL170W
YHR018C	0.0234324947399	YDR384C
YHR018C	0.133043070149	YKR075C
YHR018C	0.031575290832	YPL111W
YHR018C	0.105701612429	YJL172W
YHR018C	0.0925829670284	YJR148W
YHR018C	0.0959613574424	YKR056W
YHR018C	0.0246252944712	YHR051W
YHR018C	0.0138214525254	YOR206W
YHR018C	0.998800347497	YJL088W
YHR018C	0.356558568777	YLR438W
YHR018C	0.378312381801	YDR361C
YHR018C	0.0586132105723	YAL062W
YHR018C	0.0624109226157	YDR523C
YHR018C	0.015691769773	YBL042C
YHR018C	0.0978967039237	YLR267W
YHR018C	0.453862922068	YHR029C
YHR018C	0.081716561116	YDL110C
YHR018C	0.023335204393	YLR178C
YAL054C	0.0563187630458	YNL036W
YAL054C	0.000809931349672	YGR043C
YAL054C	0.0446185122627	YKR075C
YAL054C	0.0507574591686	YGR067C
YAL054C	0.00295624866209	YOR206W
YAL054C	0.0583060423808	YAL062W
YAL054C	0.0303863007045	YDR523C
YAL054C	0.0596822350089	YLR267W
YFL014W	0.610267756823	YDR216W
YFL014W	0.175271396171	YMR280C
YFL014W	0.00586056427192	YHR136C
YFL014W	0.000473793339867	YGR043C
YFL014W	0.0755916539223	YBR054W
YFL014W	4.28773860889e-05	YER150W
YFL014W	0.00129565612202	YIL136W
YFL014W	0.112174247418	YGR067C
YFL014W	0.0145415402505	YDL160C
YFL014W	0.0138777899646	YJR094C
YFL014W	0.0839121585711	YIL155C
YFL014W	0.999520464597	YNL194C
YFL014W	0.149066627229	YKL015W
YFL014W	0.0901668777979	YGL009C
YFL014W	0.0922452673707	YPL036W
YFL014W	0.0167142380041	YJL217W
YFL014W	0.0590240961822	YOL014W
YFL014W	0.00887718199034	YLR258W
YFL014W	0.0356581694313	YDR380W
YFL014W	0.000358266540981	YER067W
YFL014W	0.174035655879	YLR178C
YFL014W	0.917591878437	YKL062W
YOR348C	0.994315111244	YMR280C
YOR348C	7.30253239211e-07	YDR171W
YOR348C	0.589339573259	YGL254W
YOR348C	5.53270489049e-05	YIL136W
YOR348C	0.0623686827781	YGR183C
YOR348C	0.0777626744823	YPL265W
YOR348C	0.121562272633	YJL063C
YOR348C	0.848275459057	YHL028W
YOR348C	0.469393512008	YIL155C
YOR348C	0.359526462558	YLL011W
YOR348C	0.00630888659671	YLR130C
YOR348C	0.67749985529	YDL110C
YOR348C	0.00120281226361	YHR087W
YDL170W	0.437016095531	YBL103C
YDL170W	0.260034111736	YDR216W
YDL170W	0.0657321230912	YER040W
YDL170W	0.0987133794591	YGR142W
YDL170W	0.116850283156	YHR018C
YDL170W	0.258099870968	YCR010C
YDL170W	0.832576194963	YJR110W
YDL170W	0.00919433772966	YJL088W
YDL170W	0.0873072409971	YLL033W
YDL170W	0.00104486930563	YOR302W
YDL170W	0.0261948342279	YAL062W
YDL170W	1.24153970266e-06	YHR029C
YDL170W	0.000530946717577	YKL040C
YBR054W	0.102349245775	YLR174W
YBR054W	0.00613299676666	YDL160C
YBR054W	0.0110050321285	YJR094C
YBR054W	0.20034932824	YGL009C
YBR054W	0.0653317733297	YOR032C
YCR010C	0.0943186608808	YDR216W
YCR010C	0.0468250735694	YDL160C
YCR010C	4.01248549889e-07	YLR130C
YDR384C	0.0129051803412	YPL012W
YDR384C	0.0406640231467	YHR051W
YER150W	0.000322573670137	YHR136C
YER150W	6.47791151276e-08	YDR171W
YER150W	2.4505907476e-07	YFL014W
YER150W	4.60374137853e-05	YMR169C
YER150W	0.00116060762925	YIL136W
YER150W	0.0276312993093	YER158C
YER150W	0.00140958993156	YDL160C
YER150W	0.000254724281702	YLR327C
YER150W	0.00962494263965	YIL155C
YER150W	6.88910070197e-05	YNL194C
YER150W	0.0288916207184	YGL009C
YER150W	0.0180351292166	YJL217W
YER150W	0.509116525532	YER067W
YER150W	4.92613639995e-06	YKL040C
YER150W	0.000987871766671	YHR087W
YPL061W	9.55671282375e-06	YOR302W
YPL061W	0.043523642224	YPL036W
YPL061W	0.0147212554272	YOR032C
YPL061W	0.114858117612	YHR216W
YLR009W	0.0205289358065	YBL103C
YLR009W	0.00369823815452	YKL112W
YLR009W	0.00474623504156	YER040W
YLR009W	0.15720757324	YNL036W
YLR009W	0.0999755898868	YML123C
YLR009W	0.170006561217	YCR021C
YLR009W	0.0536704662334	YHR018C
YLR009W	0.207061531826	YAL054C
YLR009W	6.63394565714e-05	YDL170W
YLR009W	0.0107526897632	YDR384C
YLR009W	0.135307597768	YKR075C
YLR009W	0.0661398066239	YJL172W
YLR009W	0.0474106758027	YPL012W
YLR009W	0.272401157373	YOR100C
YLR009W	3.55174027837e-05	YMR169C
YLR009W	0.232905448159	YNR046W
YLR009W	0.100058835469	YGL254W
YLR009W	0.127837210917	YER002W
YLR009W	0.185657305532	YJR148W
YLR009W	0.299732873147	YNR064C
YLR009W	0.0511403736796	YKR056W
YLR009W	0.196577779476	YCL064C
YLR009W	0.310176176768	YDL091C
YLR009W	0.0494800881704	YHR051W
YLR009W	0.136418339448	YMR229C
YLR009W	0.436834370805	YOR206W
YLR009W	0.0213271718088	YLL011W
YLR009W	0.252259735652	YLR276C
YLR009W	0.124115834446	YLR438W
YLR009W	0.168241673458	YNL037C
YLR009W	0.130711368089	YKR009C
YLR009W	0.0420557773136	YPR002W
YLR009W	0.139854084558	YLL033W
YLR009W	0.0423040219023	YAL062W
YLR009W	0.123026593212	YDR523C
YLR009W	0.362023912138	YOR056C
YLR009W	0.128630132181	YBL042C
YLR009W	0.152034826709	YLR267W
YLR009W	0.000163428186309	YHR029C
YLR009W	0.00786299889167	YDR380W
YLR009W	0.165843978158	YLL034C
YPL111W	0.0324694862825	YNL036W
YPL111W	7.11371438188e-08	YDR171W
YPL111W	0.00710686610408	YJR110W
YPL111W	0.00807857691068	YER002W
YPL111W	0.00237576967604	YDL018C
YPL111W	0.00608481854162	YGR183C
YPL111W	0.449969178543	YPL265W
YPL111W	0.0111146715776	YPL036W
YPL111W	3.75622430013e-05	YLR130C
YPL111W	0.0668226183185	YNR053C
YPL111W	0.00383555068914	YKL062W
YOR388C	0.0219814374185	YIL037C
YOR388C	0.071876146524	YJR094C
YOR388C	1.0	YJL217W
YOR388C	0.873734463561	YJL153C
YJL172W	0.028251647184	YBL103C
YJL172W	0.0868429780906	YKL112W
YJL172W	0.00458125372908	YER040W
YJL172W	6.80632389346e-05	YML123C
YJL172W	0.0332930529342	YCR021C
YJL172W	0.000998731422614	YGR043C
YJL172W	0.0176530254989	YHR018C
YJL172W	0.896353338842	YAL054C
YJL172W	0.00934560179233	YDL170W
YJL172W	0.0508530173345	YDR384C
YJL172W	0.222649030911	YKR075C
YJL172W	0.0840251865558	YLR009W
YJL172W	0.0455042884308	YOR100C
YJL172W	0.0566008862374	YNR046W
YJL172W	0.0265601791313	YGL254W
YJL172W	0.115860731899	YJR148W
YJL172W	0.0225246664984	YNR064C
YJL172W	0.214133677684	YCL064C
YJL172W	0.0281050743947	YMR229C
YJL172W	0.119330364436	YOR206W
YJL172W	0.000436146939281	YJL088W
YJL172W	0.198305062636	YNR028W
YJL172W	0.17415827532	YLR276C
YJL172W	0.170301195235	YLR438W
YJL172W	0.0475448645353	YNL037C
YJL172W	0.0832720957983	YDR361C
YJL172W	0.658226401956	YAL062W
YJL172W	0.181452242907	YDR523C
YJL172W	0.0160668397991	YBL042C
YJL172W	0.0902143136057	YLR267W
YJL172W	0.545368271936	YHR029C
YJL172W	0.0851242940794	YDL110C
YJL172W	0.00629204043993	YLR178C
YPL012W	0.027586933186	YKL112W
YPL012W	0.763981365589	YGR142W
YPL012W	0.131449276641	YNL036W
YPL012W	0.478783395089	YML123C
YPL012W	0.28522427008	YCR021C
YPL012W	0.353530348083	YHR018C
YPL012W	0.142035506805	YAL054C
YPL012W	0.933696118157	YDR384C
YPL012W	0.0380889905991	YKR075C
YPL012W	0.294830303953	YLR009W
YPL012W	0.112032401821	YJL172W
YPL012W	3.50321169967e-05	YMR169C
YPL012W	0.0613306171398	YNR046W
YPL012W	0.323434273668	YGL254W
YPL012W	0.0973575129086	YER002W
YPL012W	0.151345735717	YJR148W
YPL012W	0.267675944331	YKR056W
YPL012W	0.16328227103	YCL064C
YPL012W	0.0203496953045	YDL091C
YPL012W	0.128090963861	YHR051W
YPL012W	0.00127905724003	YMR229C
YPL012W	1.0	YOR206W
YPL012W	0.000763505563223	YJL088W
YPL012W	0.00737531204629	YKL071W
YPL012W	0.0965691884718	YLR276C
YPL012W	0.0233166028962	YLR438W
YPL012W	0.101091853934	YNL037C
YPL012W	0.009793158432	YKR009C
YPL012W	0.426188582486	YDR361C
YPL012W	0.055460712674	YLL033W
YPL012W	0.0785742041248	YAL062W
YPL012W	0.0491248189286	YDR523C
YPL012W	0.0432417448634	YBL042C
YPL012W	0.125119755794	YLR267W
YPL012W	3.73619710373e-06	YHR029C
YPL012W	0.907312316018	YDR380W
YPL012W	0.817920187831	YLL034C
YPL012W	0.0110595869841	YLR178C
YOR100C	0.00237488747129	YGR043C
YOR100C	0.0371402930204	YAL054C
YOR100C	0.0396655687961	YNR064C
YOR100C	0.931275867975	YGR067C
YOR100C	0.0238119710989	YDR361C
YOR100C	0.0691364303527	YOL014W
YMR169C	0.0149123953269	YDR216W
YMR169C	0.977591846403	YGR043C
YMR169C	2.88637777044e-06	YER150W
YMR169C	0.0327433732126	YJR094C
YMR169C	0.0132305735592	YDR043C
YMR169C	0.999944083297	YNL194C
YMR169C	0.129811126845	YKL015W
YMR169C	0.00478089400746	YNL270C
YMR169C	0.123699497744	YFR022W
YMR169C	0.0704532767872	YOL014W
YMR169C	0.298628850922	YHR216W
YNR046W	0.00634182514094	YBL103C
YNR046W	0.0424903225957	YNL036W
YNR046W	0.022404515182	YML123C
YNR046W	0.162565399018	YAL054C
YNR046W	0.127840088689	YKR075C
YNR046W	0.230314075915	YLR009W
YNR046W	0.00524180347366	YPL012W
YNR046W	4.19401487051e-05	YMR169C
YNR046W	0.000186387084854	YMR193W
YNR046W	0.0089731879338	YER002W
YNR046W	0.000805453795972	YDL018C
YNR046W	0.0680090153258	YNR064C
YNR046W	0.0361135346639	YHR051W
YNR046W	0.0171516792621	YMR229C
YNR046W	0.0425681912432	YOR206W
YNR046W	0.249290398238	YLR276C
YNR046W	0.0229808015024	YLR438W
YNR046W	0.0882867124621	YNL037C
YNR046W	0.0509304277233	YKR009C
YNR046W	0.0690252432262	YLL033W
YNR046W	0.042182826313	YAL062W
YNR046W	0.196674860438	YDR523C
YNR046W	0.33438595589	YBL042C
YNR046W	0.0339027945605	YLR267W
YNR046W	7.02463893105e-05	YHR029C
YNR046W	0.463565843079	YLL034C
YNR046W	0.173473296299	YDL110C
YJR110W	3.80649991822e-05	YKL040C
YMR193W	1.0	YJL063C
YMR193W	1.0	YDL160C
YMR193W	0.0430379424579	YKL071W
YLR174W	0.0287754850805	YNL270C
YLR174W	0.0277787459669	YFR022W
YLR174W	0.0468166500405	YOL014W
YER002W	0.0249984925945	YJL063C
YER002W	0.010520088256	YNR053C
YDL018C	0.000379978156213	YMR193W
YDL018C	0.111399168831	YLR174W
YDL018C	0.0167643641894	YGR183C
YDL018C	0.103969317834	YJL153C
YDL018C	1.0	YKL040C
YIL136W	0.766673265977	YMR280C
YIL136W	0.0022434266395	YFL014W
YIL136W	0.00642165935853	YOR348C
YIL136W	1.05426578292e-05	YER150W
YIL136W	0.0609124691189	YGR067C
YIL136W	0.083544323246	YJL063C
YIL136W	0.0038934978634	YHL028W
YIL136W	0.00485657054081	YIL155C
YIL136W	0.0160389019374	YDR043C
YIL136W	0.43478545182	YDR258C
YIL136W	0.000466201154577	YNL194C
YIL136W	0.221548564763	YKR009C
YIL136W	0.0742692252217	YGL009C
YIL136W	0.0131796409528	YPL036W
YIL136W	0.0222540683378	YJL217W
YIL136W	0.00619725837593	YDR380W
YIL136W	0.819347528847	YLR178C
YIL136W	0.992706933463	YHR087W
YIL136W	0.00772978878696	YKL062W
YGR183C	0.00131756677038	YMR193W
YGR183C	1.0	YHR051W
YER158C	0.0898484593395	YHL028W
YER158C	0.108482242667	YDR043C
YER158C	1.0	YOR032C
YJR148W	0.0415542398679	YPL111W
YJR148W	0.000404720865738	YDL018C
YJR148W	0.00290208820543	YPL265W
YJR148W	0.0177955405382	YNR053C
YNR064C	0.146036756874	YPL061W
YGR067C	0.0591821387857	YBR054W
YGR067C	0.0284376649892	YPL061W
YGR067C	0.251220618697	YLR174W
YGR067C	0.971305169109	YIL037C
YGR067C	0.0319574977642	YGL009C
YGR067C	0.112203694643	YNL270C
YGR067C	0.136853750316	YFR022W
YGR067C	0.0385378009829	YAL062W
YGR067C	1.0	YOL014W
YGR067C	0.0397659952679	YGL229C
YGR067C	0.0181932350893	YJL153C
YPL265W	0.000661236261709	YMR280C
YPL265W	0.967530513717	YNL036W
YPL265W	7.84881655274e-07	YDR171W
YPL265W	0.389809671279	YOR348C
YPL265W	1.0	YPL111W
YPL265W	0.980257400041	YJR110W
YPL265W	0.0471289579459	YLR174W
YPL265W	0.989883163761	YER002W
YPL265W	0.0378787630531	YDL018C
YPL265W	0.0525694223467	YGR183C
YPL265W	0.0227048308639	YER158C
YPL265W	0.960690167772	YJR148W
YPL265W	0.821736141524	YKR056W
YPL265W	0.277152545912	YCL064C
YPL265W	0.658490350174	YDL091C
YPL265W	0.00543641149434	YHL028W
YPL265W	0.005305245806	YIL155C
YPL265W	0.0820744588645	YLL011W
YPL265W	1.0	YDR043C
YPL265W	0.191412460992	YDR258C
YPL265W	1.0	YDR523C
YPL265W	0.97225217595	YPL036W
YPL265W	0.144224100931	YOR056C
YPL265W	1.0	YBL042C
YPL265W	0.407983679519	YLR130C
YPL265W	1.0	YLR267W
YPL265W	0.528318776499	YNR053C
YPL265W	0.0211575593022	YLR258W
YPL265W	0.164918570754	YDL110C
YPL265W	0.614553483546	YGL229C
YPL265W	0.395557343562	YKL062W
YKR056W	0.0503927792502	YBR054W
YKR056W	0.089968907065	YPL111W
YKR056W	0.0452101158829	YLR174W
YKR056W	0.176162447735	YDL018C
YKR056W	0.00735861263022	YGR183C
YKR056W	0.130541605053	YPL265W
YKR056W	0.0175850393034	YDL091C
YKR056W	0.00482780079576	YHL028W
YKR056W	0.0749593930443	YLL011W
YKR056W	0.00503083489699	YPL036W
YKR056W	0.1485218877	YOR056C
YKR056W	8.55860515759e-05	YLR130C
YKR056W	0.238265953437	YNR053C
YKR056W	0.0176358617631	YLR258W
YKR056W	0.164992139423	YGL229C
YKR056W	0.04906199311	YKL062W
YCL064C	0.970455830898	YHR136C
YCL064C	0.0300978674852	YPL111W
YCL064C	0.000229467577801	YJL088W
YJL063C	1.0	YMR193W
YJL063C	0.316478904614	YKL071W
YJL063C	0.023772377244	YNL037C
YDL160C	0.988244793246	YMR193W
YDL160C	0.994424234706	YNL270C
YDL160C	0.0529896068037	YOL014W
YDL160C	0.701396423051	YOR032C
YDL160C	0.7306664039	YHR216W
YIL037C	0.23141206959	YOR388C
YLR327C	0.187303196088	YDR216W
YLR327C	1.62719269312e-06	YDR171W
YLR327C	0.00344352392186	YER150W
YLR327C	0.0176707210646	YOR388C
YLR327C	0.000741251509415	YDL160C
YLR327C	0.0180028458491	YNL270C
YLR327C	0.453697979692	YFR022W
YLR327C	0.392371131928	YER067W
YLR327C	0.0169677384458	YOR032C
YDL091C	0.0358919438102	YNR046W
YDL091C	0.128002388671	YBL042C
YDL091C	0.132454896177	YOL014W
YDL091C	0.0111012527686	YNR053C
YDL091C	0.0142384501178	YLL034C
YHR051W	0.00717138644469	YMR193W
YHR051W	1.0	YGR183C
YHR051W	0.0390955330878	YDL110C
YHL028W	0.345354566063	YBR054W
YHL028W	0.643740086987	YER158C
YHL028W	0.0387260712327	YJL063C
YMR229C	0.00085090995073	YKL112W
YMR229C	0.976052899029	YGR043C
YMR229C	0.881962175773	YDR384C
YMR229C	0.10146604478	YLR009W
YMR229C	0.0174274657887	YJL172W
YMR229C	0.0536540435818	YOR100C
YMR229C	0.0176639740961	YNR064C
YMR229C	0.15958829237	YOR206W
YMR229C	0.157159780874	YNR028W
YMR229C	0.125617865133	YLR276C
YMR229C	0.140459074355	YKL015W
YMR229C	0.182785286782	YPR002W
YMR229C	0.0346998675192	YDR361C
YMR229C	9.27100730862e-05	YOR302W
YMR229C	0.838155350086	YFR022W
YOR206W	0.0102945047387	YBL103C
YOR206W	0.0248634783118	YKL112W
YOR206W	0.00283239446285	YER040W
YOR206W	0.0430677062316	YGR142W
YOR206W	0.292436422362	YNL036W
YOR206W	0.259550237403	YML123C
YOR206W	0.511476115769	YCR021C
YOR206W	0.575146160185	YHR018C
YOR206W	0.252023878924	YAL054C
YOR206W	8.31586477313e-05	YDL170W
YOR206W	0.0253441123503	YDR384C
YOR206W	0.112926182943	YKR075C
YOR206W	0.748830075204	YLR009W
YOR206W	0.777049601004	YJL172W
YOR206W	1.0	YPL012W
YOR206W	0.147800693111	YOR100C
YOR206W	3.64359047693e-05	YMR169C
YOR206W	0.603766276304	YNR046W
YOR206W	0.549946711732	YGL254W
YOR206W	0.198867491962	YER002W
YOR206W	0.423081055261	YJR148W
YOR206W	0.387341343453	YNR064C
YOR206W	0.0948522932779	YKR056W
YOR206W	0.319967689238	YCL064C
YOR206W	0.596015732744	YDL091C
YOR206W	0.111936907799	YHR051W
YOR206W	0.170534141405	YMR229C
YOR206W	0.831872218133	YLR276C
YOR206W	0.109811560972	YLR438W
YOR206W	0.303513624286	YNL037C
YOR206W	0.796076979903	YKR009C
YOR206W	0.477175815562	YPR002W
YOR206W	0.573811417514	YDR361C
YOR206W	0.220403232357	YLL033W
YOR206W	0.0327990341622	YFR022W
YOR206W	0.245135500045	YDR523C
YOR206W	0.257865957682	YOR056C
YOR206W	0.106661834556	YBL042C
YOR206W	0.256801559943	YLR267W
YOR206W	5.08178448535e-05	YHR029C
YOR206W	0.0848246850902	YDR380W
YOR206W	0.207751228332	YLL034C
YOR206W	0.00209231333649	YLR178C
YJR094C	0.0220172615077	YJL217W
YJR094C	0.109384105244	YOL014W
YIL155C	0.00357412853761	YMR280C
YIL155C	3.58796054503e-06	YFL014W
YIL155C	0.00393575620595	YOR348C
YIL155C	9.91747630654e-05	YER150W
YIL155C	0.0735624204636	YER158C
YIL155C	0.000865226608334	YLR327C
YIL155C	5.78571773114e-10	YNL194C
YIL155C	0.0541170042071	YKL015W
YIL155C	0.0243579607351	YJL217W
YIL155C	0.000742331284104	YHR087W
YJL088W	0.106038582573	YCL064C
YJL088W	0.0234772932608	YLR438W
YLL011W	0.00453052157586	YMR280C
YLL011W	0.577262488205	YOR348C
YLL011W	0.0625540691529	YBR054W
YLL011W	0.100598446953	YPL111W
YLL011W	0.0028068231979	YJR110W
YLL011W	0.0354011504486	YGL254W
YLL011W	0.488140139422	YDL018C
YLL011W	0.166075025868	YGR183C
YLL011W	0.0146655894637	YJR148W
YLL011W	0.367334511372	YPL265W
YLL011W	0.119379225152	YKR056W
YLL011W	0.0776353632179	YDL091C
YLL011W	0.017312954342	YHL028W
YLL011W	0.00647363354449	YIL155C
YLL011W	0.74743640685	YDR258C
YLL011W	0.327496571582	YOR056C
YLL011W	0.525173014299	YLR130C
YLL011W	1.0	YNR053C
YLL011W	0.0268391802077	YLR258W
YLL011W	0.00389625686376	YDR380W
YLL011W	0.218370153474	YDL110C
YLL011W	0.0696132620678	YKL062W
YNR028W	0.00817248376728	YCR010C
YNR028W	0.0174965958118	YDR384C
YNR028W	0.141312933239	YLR174W
YNR028W	5.2762679497e-05	YMR229C
YNR028W	0.26628920724	YKL071W
YNR028W	0.263410074521	YPR002W
YNR028W	4.45688391611e-05	YOR302W
YNR028W	0.998614954917	YKL040C
YDR043C	0.0164894605189	YER158C
YDR258C	0.0888891642	YBR054W
YDR258C	0.048639805172	YGL254W
YDR258C	0.00262103759762	YIL136W
YDR258C	0.000540133917712	YGR183C
YDR258C	0.0473980779372	YJL063C
YDR258C	0.102877748313	YLL011W
YDR258C	0.165895399726	YLR258W
YDR258C	0.0214876269586	YDR380W
YDR258C	0.00295402363901	YER067W
YDR258C	0.0125828062512	YKL062W
YKL071W	0.000185222470486	YHR136C
YKL071W	0.0531319322445	YPL111W
YKL071W	0.0164192230488	YOR388C
YKL071W	0.730797089146	YPL012W
YKL071W	0.000221123785516	YMR193W
YKL071W	0.0607674383039	YLR174W
YKL071W	0.0265072492016	YIL037C
YKL071W	0.0359623475562	YJR094C
YKL071W	0.000472212791767	YJL088W
YKL071W	0.0524295091523	YKL015W
YKL071W	0.187383338675	YHR216W
YNL194C	0.360113978576	YDR216W
YNL194C	0.0495783097372	YMR280C
YNL194C	0.00107814361904	YHR136C
YNL194C	0.0219343602567	YGR043C
YNL194C	1.0	YFL014W
YNL194C	0.0284880670914	YCR010C
YNL194C	0.99999603247	YER150W
YNL194C	1.0	YMR169C
YNL194C	0.948309567234	YIL136W
YNL194C	0.000617822878744	YDL160C
YNL194C	0.0533729893466	YJR094C
YNL194C	0.895376144508	YIL155C
YNL194C	0.0179316619622	YDR043C
YNL194C	0.268040460687	YKL015W
YNL194C	0.119141316018	YPL036W
YNL194C	0.0539232050804	YJL217W
YNL194C	0.00493974917949	YER067W
YNL194C	0.00661681527389	YLR178C
YNL194C	0.00166661725073	YHR087W
YLR276C	0.0174051115483	YBL103C
YLR276C	0.000564507329099	YKL112W
YLR276C	0.143601841577	YNL036W
YLR276C	0.0340158000905	YML123C
YLR276C	0.0667019282599	YAL054C
YLR276C	0.00972494156411	YDR384C
YLR276C	0.121104813155	YKR075C
YLR276C	0.333305536425	YLR009W
YLR276C	0.0447781905512	YJL172W
YLR276C	0.00879493317714	YPL012W
YLR276C	0.197316403415	YOR100C
YLR276C	0.107215527109	YNR046W
YLR276C	0.00248982712791	YER002W
YLR276C	0.0167357660565	YJR148W
YLR276C	0.140071709504	YNR064C
YLR276C	0.645530992305	YMR229C
YLR276C	0.196504977691	YOR206W
YLR276C	0.0229735689249	YLL011W
YLR276C	0.00558402802001	YNR028W
YLR276C	0.1432269497	YLR438W
YLR276C	0.266915969628	YNL037C
YLR276C	0.0124880658525	YKR009C
YLR276C	0.480768407125	YPR002W
YLR276C	0.138543707256	YLL033W
YLR276C	0.0748552688148	YDR523C
YLR276C	0.0687692996796	YBL042C
YLR276C	0.127348666728	YLR267W
YLR276C	0.000471157751124	YHR029C
YLR276C	0.115334859883	YLL034C
YLR276C	0.0334461908411	YDL110C
YLR438W	0.0212487091509	YHR136C
YLR438W	0.104157938231	YPL111W
YLR438W	0.0196419933757	YOR388C
YLR438W	0.0184262182593	YIL037C
YLR438W	0.0951246339415	YJL088W
YLR438W	0.0182332859488	YHR216W
YNL037C	0.0380347368391	YOR388C
YNL037C	0.334755374726	YJL063C
YNL037C	0.27056272535	YKL071W
YNL037C	0.152124576724	YGL009C
YKR009C	0.081303033387	YNL036W
YKR009C	0.181879384276	YAL054C
YKR009C	0.0372346817829	YPL061W
YKR009C	6.33440344994e-05	YMR169C
YKR009C	0.466649173053	YHR051W
YKL015W	0.0287691400963	YIL037C
YKL015W	0.0852502381673	YOR032C
YGL009C	0.125043343715	YOR388C
YGL009C	0.0152908820781	YNL037C
YGL009C	0.735260214483	YJL217W
YPR002W	0.0238481423051	YNL036W
YPR002W	0.0693925097724	YNR028W
YPR002W	0.0717726405305	YKL071W
YPR002W	0.945732178604	YNL037C
YPR002W	0.140001405203	YLL033W
YPR002W	4.93377396688e-06	YKL040C
YDR361C	0.0192709166618	YKL112W
YDR361C	0.192950928179	YGR142W
YDR361C	0.000585011709167	YML123C
YDR361C	0.00975497652942	YGR043C
YDR361C	0.0195630830635	YPL012W
YDR361C	0.0576557370932	YOR100C
YDR361C	0.00590384114177	YER002W
YDR361C	0.0147364385068	YJR148W
YDR361C	0.0823025010335	YKR056W
YDR361C	0.0284288140572	YJL063C
YDR361C	0.0143183667981	YHR051W
YDR361C	0.00350770867487	YOR206W
YDR361C	0.0126242583612	YLR438W
YDR361C	0.129045615751	YFR022W
YDR361C	0.011821836931	YDR523C
YDR361C	0.0298969034394	YLR267W
YDR361C	0.0116771997836	YLR258W
YDR361C	0.0327225642824	YDL110C
YDR361C	0.955412938863	YLR178C
YOR302W	0.957029937187	YBL103C
YOR302W	0.998450553758	YKL112W
YOR302W	0.899675291732	YER040W
YOR302W	0.156455421306	YGR142W
YOR302W	0.00807391214071	YGR043C
YOR302W	0.97376148976	YDL170W
YOR302W	0.661848064185	YCR010C
YOR302W	0.0104646009452	YDR384C
YOR302W	1.0	YPL061W
YOR302W	0.704329964365	YOR100C
YOR302W	0.00546242574063	YJR110W
YOR302W	0.90058727615	YNR064C
YOR302W	0.999505321424	YMR229C
YOR302W	0.890014524119	YJL088W
YOR302W	0.523611823112	YNR028W
YOR302W	0.0679534986128	YDR043C
YOR302W	0.0880993054304	YPR002W
YOR302W	0.0330534699202	YPL036W
YOR302W	0.999997882777	YLR130C
YOR302W	0.99999875846	YHR029C
YOR302W	5.92002792575e-06	YKL040C
YNL270C	0.0569002235414	YIL037C
YNL270C	0.0501780699932	YFR022W
YNL270C	0.676806994638	YJL153C
YFR022W	0.000134886291993	YMR169C
YFR022W	0.0662709808473	YLR174W
YFR022W	0.00605169512446	YGR067C
YFR022W	0.776697252947	YNL270C
YAL062W	0.0278983717475	YJL217W
YDR523C	0.00685831064075	YPL265W
YDR523C	0.0206673629916	YNR053C
YPL036W	0.083841235043	YLR174W
YPL036W	1.7159744511e-06	YLR130C
YPL036W	0.0348124351244	YOR032C
YPL036W	0.016343424067	YJL153C
YJL217W	1.0	YOR388C
YJL217W	0.87408605647	YJR094C
YJL217W	1.0	YGL009C
YJL217W	0.0709109085439	YJL153C
YOR056C	7.21536630556e-05	YML123C
YOR056C	0.0619871601375	YBR054W
YOR056C	0.673219064437	YNR046W
YOR056C	0.000159471689288	YMR193W
YOR056C	0.00110993473103	YDL018C
YOR056C	0.196537839052	YKR056W
YOR056C	0.0180608712612	YHR051W
YOR056C	0.0376388805299	YLL011W
YOR056C	0.153784905345	YLR276C
YOR056C	0.0336875778309	YBL042C
YOR056C	0.0872219488522	YOL014W
YOR056C	0.215345452599	YLL034C
YOR056C	0.46204471347	YDL110C
YBL042C	0.0280737150453	YNR053C
YLR130C	0.999998193614	YDR171W
YLR130C	0.00137960379113	YCR010C
YLR130C	0.00178333882118	YMR193W
YLR130C	0.0904993054355	YLR174W
YLR130C	0.000640873071692	YDL160C
YLR130C	0.453903216889	YNR028W
YLR130C	0.98436599534	YOR302W
YLR267W	0.000254229970989	YHR136C
YLR267W	0.000308277029926	YDL018C
YLR267W	0.000487420797156	YGR183C
YLR267W	0.540270422611	YPL265W
YLR267W	0.722847454088	YCL064C
YLR267W	0.0672779736255	YNR053C
YHR029C	0.000698536290991	YKL112W
YHR029C	0.00116550065809	YER040W
YHR029C	0.199313766965	YGR142W
YHR029C	0.680865536293	YHR018C
YHR029C	0.00641786953838	YDL170W
YHR029C	0.0169128163151	YCR010C
YHR029C	0.0624369427445	YPL061W
YHR029C	0.876870921783	YJL172W
YHR029C	0.242015992053	YOR100C
YHR029C	0.00558803619512	YJR110W
YHR029C	0.0994127238498	YNR064C
YHR029C	0.0179666728563	YGR067C
YHR029C	0.000441915896523	YMR229C
YHR029C	0.00344609770165	YOR206W
YHR029C	0.00251889183347	YJL088W
YHR029C	0.480920631195	YNR028W
YHR029C	0.0152045620739	YNL037C
YHR029C	0.287453032003	YPR002W
YHR029C	0.0477577162055	YLL033W
YHR029C	0.99991232979	YOR302W
YHR029C	2.70272379243e-05	YKL040C
YOL014W	0.0161939408835	YOR388C
YOL014W	0.0430327648771	YJR094C
YOL014W	0.0598946113659	YJL217W
YNR053C	0.00049313091815	YMR280C
YNR053C	3.89859279367e-08	YDR171W
YNR053C	0.0329278405155	YOR348C
YNR053C	0.117100358771	YPL111W
YNR053C	0.00982891065686	YJR110W
YNR053C	0.00203825932857	YER002W
YNR053C	0.243378927576	YDL018C
YNR053C	0.0376028300308	YGR183C
YNR053C	0.0246442427643	YJR148W
YNR053C	0.424361209092	YPL265W
YNR053C	0.200489956725	YKR056W
YNR053C	0.246289247305	YDL091C
YNR053C	0.0147955092174	YHL028W
YNR053C	1.0	YLL011W
YNR053C	0.061151132158	YDR258C
YNR053C	0.0116023175756	YPL036W
YNR053C	0.379757439787	YOR056C
YNR053C	0.0603550151597	YLR130C
YNR053C	0.0179968443342	YLR258W
YNR053C	0.00392489285697	YDR380W
YNR053C	0.220454377031	YGL229C
YNR053C	0.0936413233025	YKL062W
YLR258W	1.67516775316e-05	YFL014W
YLR258W	0.0416002181868	YBR054W
YLR258W	1.09526654618e-05	YER150W
YLR258W	0.00629268084679	YIL136W
YLR258W	0.0211336833435	YER158C
YLR258W	0.0245358889378	YDR258C
YLR258W	0.000886946196012	YER067W
YLR258W	0.302361101882	YGL229C
YLR258W	0.00368798805317	YHR087W
YLR258W	0.36940713181	YKL062W
YDR380W	0.187254415393	YOR388C
YDR380W	0.00679352602009	YPL012W
YDR380W	0.000344854034488	YMR193W
YDR380W	0.834051170579	YKL071W
YLL034C	0.00524033918829	YBL103C
YLL034C	0.00163674794224	YKL112W
YLL034C	0.071344624847	YNL036W
YLL034C	0.100889258586	YML123C
YLL034C	0.0542387390294	YAL054C
YLL034C	0.0204821381652	YDR384C
YLL034C	0.036770168455	YKR075C
YLL034C	0.207228777168	YLR009W
YLL034C	0.160867116248	YPL012W
YLL034C	0.279321720576	YOR100C
YLL034C	3.62241502765e-05	YMR169C
YLL034C	0.229070236803	YNR046W
YLL034C	0.558570928009	YER002W
YLL034C	0.0249908491786	YNR064C
YLL034C	0.0699243677828	YKR056W
YLL034C	0.0281977611961	YJL063C
YLL034C	0.0734583951827	YDL091C
YLL034C	0.110060776775	YHR051W
YLL034C	0.000980715944972	YMR229C
YLL034C	0.0214422958905	YOR206W
YLL034C	0.0299950438859	YLL011W
YLL034C	0.116447413708	YLR276C
YLL034C	0.03706422811	YLR438W
YLL034C	0.0244053016975	YNL037C
YLL034C	0.0591739419543	YLL033W
YLL034C	0.0355984585229	YAL062W
YLL034C	0.0251116554042	YDR523C
YLL034C	0.38011013018	YOR056C
YLL034C	0.124862456756	YBL042C
YLL034C	0.0271022402882	YLR267W
YLL034C	9.41962691693e-06	YHR029C
YLL034C	0.0131479552568	YLR258W
YLL034C	0.0315882673076	YDL110C
YLL034C	0.00180791598378	YLR178C
YDL110C	0.160731272164	YBR054W
YDL110C	0.0254170246484	YPL111W
YDL110C	0.0494355661147	YDL018C
YDL110C	0.6501486889	YGR183C
YDL110C	0.00606690327802	YHL028W
YDL110C	0.24706389217	YLL011W
YDL110C	5.38195553939e-05	YLR130C
YDL110C	0.0330040254243	YLR258W
YDL110C	0.00630058920676	YKL062W
YER067W	0.998381723693	YDR171W
YER067W	0.245400738956	YCR021C
YER067W	8.98596770878e-08	YFL014W
YER067W	0.00257873827845	YOR348C
YER067W	0.00570469736321	YCR010C
YER067W	0.94457614035	YER150W
YER067W	0.0177988391399	YGL254W
YER067W	0.000203625665374	YIL136W
YER067W	0.114616678596	YER158C
YER067W	0.803016801917	YDL160C
YER067W	0.999499067732	YLR327C
YER067W	0.533654746104	YDR258C
YER067W	6.63549808978e-10	YNL194C
YER067W	0.0280367515328	YFR022W
YER067W	0.0248251550403	YLR258W
YER067W	0.108597932601	YGL229C
YER067W	0.923557283673	YHR087W
YLR178C	0.00449802385552	YMR280C
YLR178C	0.00128127960522	YGR043C
YLR178C	0.000977550756728	YFL014W
YLR178C	0.0241129927764	YPL061W
YLR178C	0.000146677843674	YMR169C
YLR178C	0.965499910147	YIL136W
YLR178C	0.0221284720519	YER158C
YLR178C	0.228655671763	YGR067C
YLR178C	0.202305777426	YJL063C
YLR178C	0.0141637296129	YIL037C
YLR178C	0.288081744988	YDR043C
YLR178C	1.11993195362e-09	YNL194C
YLR178C	0.311387317032	YKR009C
YLR178C	0.827005836429	YKL015W
YLR178C	0.045984630716	YGL009C
YLR178C	0.21567994246	YDR361C
YLR178C	0.907740028752	YAL062W
YLR178C	0.0260816980446	YPL036W
YLR178C	0.0576793785241	YDR380W
YLR178C	0.48453892212	YGL229C
YLR178C	0.000669583925964	YHR087W
YLR178C	0.074678332776	YKL062W
YGL229C	0.111879159824	YOL014W
YOR032C	1.0	YER158C
YOR032C	0.233473529294	YDR043C
YOR032C	0.330287300002	YKL015W
YHR216W	0.0633548111284	YPL061W
YHR216W	0.858178753779	YJR094C
YJL153C	0.284663449565	YOR388C
YJL153C	0.00773943186617	YNL270C
YKL040C	0.000239825884745	YHR136C
YKL040C	1.0	YDL018C
YKL040C	0.111122947502	YNR028W
YKL040C	0.157447628086	YJL153C
YHR087W	0.00161676546305	YDR171W
YHR087W	0.448480641497	YCR021C
YHR087W	1.89987847816e-05	YFL014W
YHR087W	0.128811584053	YOR348C
YHR087W	0.0537169781377	YBR054W
YHR087W	0.0509521739088	YER150W
YHR087W	0.0490305433493	YIL136W
YHR087W	0.0282435017176	YER158C
YHR087W	0.00474331935912	YGR067C
YHR087W	0.0996004592621	YDL160C
YHR087W	0.00120790469991	YLR327C
YHR087W	0.00454220225428	YHL028W
YHR087W	0.518827608641	YIL155C
YHR087W	0.00488017969546	YDR258C
YHR087W	3.57582171639e-07	YNL194C
YHR087W	0.692645974202	YLR258W
YHR087W	0.974138531894	YER067W
YKL062W	0.996739279356	YFL014W
YKL062W	0.0465057816929	YPL061W
YKL062W	0.00275578318178	YPL012W
YKL062W	0.0255310443593	YIL136W
YKL062W	0.0297495661482	YER158C
YKL062W	0.906258042797	YHL028W
YKL062W	0.00623018374042	YIL155C
YKL062W	0.0345949410055	YDR043C
YKL062W	0.00214373344304	YDR258C
YKL062W	0.149096402561	YKL071W
YKL062W	0.467064118205	YKR009C
YKL062W	0.966297662969	YLR258W
YKL062W	0.871156416989	YDR380W
YKL062W	0.0647360481295	YGL229C
YKL062W	0.0381456831057	YOR032C
