YDR216W	+	YLR174W
YER040W	+	YDL170W
YGR142W	+	YKR075C
YML123C	+	YHR136C
YHR136C	+	YML123C
YDR171W	-	YLL033W
YDR171W	-	YLR130C
YHR018C	-	YKL112W
YHR018C	+	YER040W
YHR018C	+	YGL254W
YHR018C	+	YJL088W
YHR018C	+	YLR438W
YHR018C	+	YHR029C
YFL014W	+	YNL194C
YOR348C	+	YMR280C
YOR348C	+	YHL028W
YDL170W	+	YBL103C
YER150W	+	YBR054W
YLR009W	-	YAL054C
YLR009W	-	YDL091C
YOR388C	-	YJL217W
YOR388C	+	YJL153C
YJL172W	-	YCR021C
YJL172W	+	YHR018C
YJL172W	+	YOR100C
YJL172W	-	YMR229C
YJL172W	+	YAL062W
YPL012W	+	YGR142W
YPL012W	+	YDR384C
YPL012W	+	YOR206W
YPL012W	-	YDR380W
YOR100C	+	YGR067C
YNR046W	+	YOR056C
YMR193W	+	YJL063C
YMR193W	-	YDL160C
YDL018C	+	YKL040C
YIL136W	+	YLR178C
YER158C	+	YOR032C
YGR067C	+	YIL037C
YGR067C	-	YOL014W
YPL265W	+	YNL036W
YPL265W	+	YPL111W
YPL265W	+	YJR110W
YPL265W	+	YJR148W
YPL265W	+	YDR043C
YPL265W	-	YDR523C
YPL265W	-	YPL036W
YPL265W	-	YBL042C
YPL265W	+	YLR267W
YPL265W	+	YGL229C
YJL063C	+	YMR193W
YDL160C	+	YHR216W
YLR327C	+	YDR216W
YHR051W	+	YGR183C
YHL028W	+	YER158C
YMR229C	-	YNR064C
YMR229C	-	YFR022W
YOR206W	+	YLR009W
YOR206W	-	YJL172W
YOR206W	+	YPL012W
YOR206W	+	YNR046W
YOR206W	-	YCL064C
YOR206W	+	YLR276C
YOR206W	-	YKR009C
YOR206W	+	YDR361C
YOR206W	+	YLL034C
YLL011W	-	YOR348C
YLL011W	-	YDL018C
YLL011W	-	YDR258C
YLL011W	+	YNR053C
YLL011W	-	YDL110C
YNL194C	+	YFL014W
YNL194C	+	YER150W
YNL194C	+	YMR169C
YLR276C	-	YNL037C
YLR276C	-	YPR002W
YNL037C	-	YGL009C
YOR302W	-	YCR010C
YOR302W	-	YPL061W
YFR022W	+	YNL270C
YJL217W	-	YOR388C
YHR029C	-	YNR028W
YHR029C	+	YOR302W
YOL014W	-	YJR094C
YNR053C	-	YPL265W
YNR053C	+	YKR056W
YNR053C	+	YLL011W
YLR258W	+	YKL062W
YDR380W	-	YKL071W
YLL034C	+	YER002W
YLL034C	-	YHR051W
YER067W	+	YDR171W
YER067W	+	YLR327C
YER067W	+	YHR087W
YLR178C	+	YGR043C
YLR178C	+	YIL136W
YLR178C	-	YKL015W
YHR087W	+	YIL155C
YHR087W	+	YER067W
YKL062W	+	YLR258W
