YDR216W	+	YBR054W
YDR216W	+	YCR010C
YDR216W	+	YLR174W
YDR216W	+	YLR327C
YDR216W	-	YHR216W
YMR280C	+	YOR348C
YER040W	+	YBL103C
YER040W	-	YGR142W
YGR142W	+	YDR216W
YGR142W	+	YKR075C
YML123C	+	YHR136C
YML123C	-	YIL037C
YHR136C	+	YML123C
YHR136C	-	YLR438W
YDR171W	-	YLL033W
YGR043C	-	YPL061W
YGR043C	+	YMR169C
YGR043C	+	YGR067C
YGR043C	-	YGL009C
YGR043C	+	YPL036W
YGR043C	-	YOL014W
YHR018C	-	YKL112W
YHR018C	+	YER040W
YHR018C	+	YDL170W
YHR018C	+	YJL088W
YHR018C	+	YLR438W
YHR018C	-	YDR361C
YFL014W	+	YDR216W
YFL014W	+	YNL194C
YFL014W	+	YKL062W
YOR348C	+	YMR280C
YOR348C	+	YGL254W
YOR348C	+	YHL028W
YOR348C	-	YLL011W
YOR348C	+	YDL110C
YDL170W	+	YJR110W
YER150W	+	YER067W
YLR009W	-	YOR100C
YLR009W	+	YOR206W
YPL111W	+	YPL265W
YOR388C	-	YJL217W
YOR388C	+	YJL153C
YJL172W	+	YAL054C
YJL172W	-	YKR075C
YJL172W	+	YAL062W
YJL172W	+	YHR029C
YPL012W	+	YGR142W
YPL012W	+	YML123C
YPL012W	+	YDR384C
YPL012W	+	YKR056W
YPL012W	+	YOR206W
YPL012W	+	YDR361C
YPL012W	-	YDR380W
YPL012W	+	YLL034C
YOR100C	+	YGR067C
YMR169C	+	YGR043C
YMR169C	+	YNL194C
YNR046W	+	YLR276C
YNR046W	+	YBL042C
YNR046W	+	YLL034C
YMR193W	+	YJL063C
YMR193W	-	YDL160C
YDL018C	+	YKL040C
YIL136W	+	YMR280C
YIL136W	+	YLR178C
YIL136W	+	YHR087W
YGR183C	+	YHR051W
YER158C	+	YOR032C
YGR067C	+	YLR174W
YGR067C	+	YIL037C
YGR067C	-	YOL014W
YPL265W	+	YNL036W
YPL265W	+	YPL111W
YPL265W	+	YJR110W
YPL265W	-	YER002W
YPL265W	+	YJR148W
YPL265W	-	YKR056W
YPL265W	+	YDL091C
YPL265W	+	YDR043C
YPL265W	-	YDR523C
YPL265W	-	YPL036W
YPL265W	-	YBL042C
YPL265W	+	YLR267W
YPL265W	-	YNR053C
YPL265W	+	YGL229C
YPL265W	+	YKL062W
YCL064C	+	YHR136C
YJL063C	+	YMR193W
YDL160C	-	YMR193W
YDL160C	-	YNL270C
YDL160C	-	YOR032C
YDL160C	+	YHR216W
YLR327C	+	YFR022W
YHR051W	+	YGR183C
YHL028W	+	YBR054W
YHL028W	+	YER158C
YMR229C	-	YGR043C
YMR229C	+	YDR384C
YMR229C	-	YFR022W
YOR206W	-	YNL036W
YOR206W	+	YCR021C
YOR206W	-	YHR018C
YOR206W	-	YAL054C
YOR206W	+	YLR009W
YOR206W	-	YJL172W
YOR206W	+	YPL012W
YOR206W	+	YNR046W
YOR206W	-	YGL254W
YOR206W	-	YJR148W
YOR206W	-	YNR064C
YOR206W	-	YCL064C
YOR206W	-	YDL091C
YOR206W	+	YLR276C
YOR206W	-	YNL037C
YOR206W	-	YKR009C
YOR206W	-	YPR002W
YOR206W	-	YLL033W
YOR206W	+	YDR523C
YOR206W	-	YLR267W
YLL011W	-	YOR348C
YLL011W	-	YDL018C
YLL011W	-	YDR258C
YLL011W	+	YLR130C
YLL011W	+	YNR053C
YNR028W	-	YPR002W
YNR028W	-	YKL040C
YKL071W	+	YPL012W
YNL194C	+	YFL014W
YNL194C	+	YER150W
YNL194C	+	YMR169C
YNL194C	+	YIL136W
YNL194C	+	YIL155C
YLR276C	+	YLR009W
YLR276C	+	YMR229C
YNL037C	+	YJL063C
YNL037C	+	YKL071W
YKR009C	+	YHR051W
YGL009C	-	YJL217W
YPR002W	+	YNL037C
YDR361C	-	YLR178C
YOR302W	+	YBL103C
YOR302W	-	YKL112W
YOR302W	+	YER040W
YOR302W	+	YDL170W
YOR302W	-	YCR010C
YOR302W	-	YPL061W
YOR302W	+	YOR100C
YOR302W	+	YNR064C
YOR302W	-	YMR229C
YOR302W	+	YJL088W
YOR302W	+	YLR130C
YOR302W	+	YHR029C
YNL270C	+	YJL153C
YFR022W	+	YNL270C
YJL217W	-	YOR388C
YJL217W	+	YJR094C
YJL217W	-	YGL009C
YOR056C	+	YNR046W
YOR056C	-	YDL110C
YLR130C	-	YDR171W
YLR130C	-	YNR028W
YLR130C	+	YOR302W
YLR267W	+	YCL064C
YHR029C	+	YHR018C
YHR029C	+	YJL172W
YHR029C	-	YNR028W
YHR029C	+	YOR302W
YNR053C	-	YPL265W
YNR053C	+	YLL011W
YNR053C	+	YOR056C
YDR380W	-	YKL071W
YLL034C	+	YER002W
YLL034C	+	YOR056C
YDL110C	+	YGR183C
YER067W	+	YDR171W
YER067W	+	YER150W
YER067W	+	YDL160C
YER067W	+	YLR327C
YER067W	+	YDR258C
YER067W	+	YHR087W
YLR178C	+	YIL136W
YLR178C	+	YDR043C
YLR178C	-	YKL015W
YLR178C	+	YAL062W
YLR178C	+	YGL229C
YOR032C	+	YER158C
YOR032C	-	YKL015W
YHR216W	+	YJR094C
YJL153C	+	YOR388C
YKL040C	+	YDL018C
YHR087W	+	YCR021C
YHR087W	+	YIL155C
YHR087W	+	YLR258W
YHR087W	+	YER067W
YKL062W	+	YFL014W
YKL062W	+	YHL028W
YKL062W	+	YKR009C
YKL062W	+	YLR258W
YKL062W	+	YDR380W
