YBL103C	3.34473761867e-18	YER040W
YBL103C	8.21273375226e-15	YDL170W
YBL103C	9.66396683171e-05	YCR010C
YBL103C	2.56249327686e-07	YPL061W
YBL103C	4.46968090989e-06	YDL160C
YBL103C	4.00179991207e-14	YJL088W
YBL103C	1.58927879007e-08	YNR028W
YBL103C	8.41074598218e-11	YOR302W
YBL103C	2.8781506409e-19	YHR029C
YBL103C	4.34645452565e-10	YOR032C
YBL103C	4.3957222308e-08	YKL040C
YKL112W	1.63202987403e-16	YBL103C
YKL112W	8.78113157018e-20	YGR142W
YKL112W	2.24213896243e-08	YCR021C
YKL112W	1.03736024145e-11	YGR043C
YKL112W	3.93518201345e-28	YHR018C
YKL112W	4.12352881045e-20	YDL170W
YKL112W	2.49437346759e-08	YCR010C
YKL112W	3.15105427731e-05	YPL061W
YKL112W	1.31926082251e-06	YGL254W
YKL112W	3.98218305546e-07	YNR064C
YKL112W	1.86951818413e-05	YGR067C
YKL112W	0.0582116937402	YIL037C
YKL112W	5.31182451172e-21	YMR229C
YKL112W	5.4310606497e-13	YJL088W
YKL112W	5.71654522563e-11	YNR028W
YKL112W	3.92447609963e-21	YKR009C
YKL112W	1.12605186529e-05	YKL015W
YKL112W	6.57678134349e-38	YDR361C
YKL112W	2.49622646915e-14	YOR302W
YKL112W	0.00034405407011	YFR022W
YKL112W	2.05709952632e-16	YHR029C
YKL112W	5.53362607898e-10	YOR032C
YKL112W	0.00955884542617	YJL153C
YDR216W	1.60112868104e-31	YFL014W
YDR216W	0.0215287147928	YBR054W
YDR216W	0.000365678102966	YCR010C
YDR216W	1.89891466263e-30	YER150W
YDR216W	9.28593562033e-31	YMR169C
YDR216W	0.991151225119	YLR174W
YDR216W	5.16992088542e-15	YLR327C
YDR216W	0.00540210282552	YKL071W
YDR216W	3.70893846391e-31	YNL194C
YDR216W	0.00144508890262	YGL009C
YDR216W	0.0148678104539	YNL270C
YDR216W	0.240597539381	YHR216W
YMR280C	2.82167144469e-09	YDR216W
YMR280C	9.98063453569e-33	YHR136C
YMR280C	3.83730513498e-18	YDR171W
YMR280C	4.11737657671e-26	YFL014W
YMR280C	1.03670914301e-14	YOR348C
YMR280C	0.0221958790251	YBR054W
YMR280C	5.01268241002e-27	YER150W
YMR280C	1.16341519384e-31	YMR169C
YMR280C	1.6855506644e-15	YIL136W
YMR280C	2.09278595627e-15	YLR327C
YMR280C	9.81019879591e-06	YHL028W
YMR280C	1.19726063898e-09	YIL155C
YMR280C	1.69665788393e-21	YDR258C
YMR280C	3.99674974497e-25	YNL194C
YMR280C	4.04319842421e-05	YKL015W
YMR280C	5.28301960415e-10	YLL033W
YMR280C	9.69769637793e-17	YLR258W
YMR280C	1.07012025551e-21	YER067W
YMR280C	1.59738725542e-15	YHR087W
YMR280C	9.08453193403e-17	YKL062W
YER040W	0.309349874677	YBL103C
YER040W	8.73121621205e-13	YKL112W
YER040W	3.08900776799e-08	YGR142W
YER040W	0.000345124740832	YCR021C
YER040W	8.05085785328e-17	YHR018C
YER040W	5.52261372385e-26	YAL054C
YER040W	0.929124501351	YDL170W
YER040W	0.000304403203568	YCR010C
YER040W	6.36036880926e-22	YDR384C
YER040W	3.72434999459e-06	YPL061W
YER040W	5.08936327962e-06	YKR075C
YER040W	5.51296124322e-41	YLR009W
YER040W	8.45851732711e-24	YJL172W
YER040W	7.16038597997e-46	YPL012W
YER040W	2.19054187833e-14	YOR100C
YER040W	6.77491064022e-34	YNR046W
YER040W	4.80266513875e-05	YJR110W
YER040W	0.00639030729786	YGL254W
YER040W	2.02677198851e-07	YNR064C
YER040W	8.05590656486e-23	YDL091C
YER040W	5.21983554027e-19	YMR229C
YER040W	5.34986462525e-43	YOR206W
YER040W	7.13050627558e-05	YJL088W
YER040W	3.83963251179e-05	YNR028W
YER040W	2.47389842773e-38	YLR276C
YER040W	4.62571854174e-06	YLR438W
YER040W	3.29066541978e-20	YKR009C
YER040W	5.06724751768e-14	YPR002W
YER040W	3.05659658133e-34	YDR361C
YER040W	9.05279582558e-06	YOR302W
YER040W	2.48978975268e-07	YAL062W
YER040W	0.00302549230366	YHR029C
YER040W	2.50422667771e-16	YDR380W
YER040W	1.99551587919e-39	YLL034C
YER040W	7.15291244437e-06	YKL040C
YGR142W	1.58914876378e-15	YBL103C
YGR142W	2.43194089708e-15	YKL112W
YGR142W	4.19995593372e-15	YER040W
YGR142W	0.0231812211975	YCR021C
YGR142W	1.71632859192e-24	YHR018C
YGR142W	1.00167423406e-25	YAL054C
YGR142W	5.46556635099e-16	YDL170W
YGR142W	4.13613454208e-06	YCR010C
YGR142W	9.25494798672e-22	YDR384C
YGR142W	1.59741174849e-06	YPL061W
YGR142W	0.960472769298	YKR075C
YGR142W	7.74355616325e-42	YLR009W
YGR142W	1.03164549544e-27	YJL172W
YGR142W	1.28634427796e-41	YPL012W
YGR142W	1.60849630987e-16	YOR100C
YGR142W	3.46181585915e-35	YNR046W
YGR142W	0.174512908596	YGL254W
YGR142W	9.99714244156e-23	YMR229C
YGR142W	3.41437117115e-42	YOR206W
YGR142W	7.87884982199e-13	YJL088W
YGR142W	2.23165419527e-13	YNR028W
YGR142W	0.0217149818766	YKL071W
YGR142W	9.35286749624e-40	YLR276C
YGR142W	1.00832762889e-05	YLR438W
YGR142W	8.44442119745e-19	YKR009C
YGR142W	1.81982176943e-20	YPR002W
YGR142W	2.8575448583e-29	YDR361C
YGR142W	9.74146537255e-19	YOR302W
YGR142W	1.65853410782e-06	YAL062W
YGR142W	3.74084232727e-15	YHR029C
YGR142W	2.54266605354e-13	YDR380W
YGR142W	4.72185394198e-39	YLL034C
YGR142W	1.15009304145e-10	YOR032C
YGR142W	3.25996056069e-06	YKL040C
YNL036W	2.35371828984e-25	YOR348C
YNL036W	4.26078468509e-32	YPL111W
YNL036W	1.81013667728e-34	YPL265W
YNL036W	2.01240517029e-23	YDR258C
YNL036W	3.56833334111e-09	YPL036W
YML123C	1.0	YHR136C
YML123C	0.0292888849904	YIL037C
YML123C	0.0249196930446	YGL009C
YML123C	0.0172871984557	YHR216W
YHR136C	1.0	YML123C
YHR136C	0.0295440036205	YIL037C
YHR136C	0.00527808677243	YKL071W
YHR136C	0.0362602486756	YGL009C
YHR136C	1.2397631575e-08	YJL217W
YHR136C	8.94935336964e-11	YOR032C
YHR136C	0.00503400887338	YHR216W
YDR171W	2.79287139457e-05	YDR216W
YDR171W	1.2162780236e-34	YFL014W
YDR171W	1.88761525673e-25	YOR348C
YDR171W	0.190140510586	YBR054W
YDR171W	2.45955767714e-05	YCR010C
YDR171W	1.24745185563e-22	YER150W
YDR171W	1.62436210772e-33	YMR169C
YDR171W	6.59235964555e-06	YDL160C
YDR171W	2.84617791176e-05	YLR327C
YDR171W	5.21887937264e-09	YHL028W
YDR171W	2.63182001914e-14	YIL155C
YDR171W	5.19632778781e-29	YNL194C
YDR171W	0.998877065778	YLL033W
YDR171W	0.999999809199	YLR130C
YDR171W	8.6696843263e-08	YER067W
YDR171W	5.24936185355e-10	YHR087W
YCR021C	5.52509639194e-14	YDR216W
YCR021C	2.57538989556e-09	YCR010C
YCR021C	8.24343708874e-07	YLR174W
YCR021C	1.2452402842e-06	YDL160C
YGR043C	2.32880906068e-14	YDR216W
YGR043C	1.36124808789e-32	YHR136C
YGR043C	1.70298455447e-24	YFL014W
YGR043C	2.65748870213e-29	YER150W
YGR043C	2.56118082243e-10	YPL061W
YGR043C	1.01537282135e-16	YMR169C
YGR043C	1.61108786841e-05	YLR174W
YGR043C	2.60332533084e-21	YIL136W
YGR043C	3.99851809208e-06	YER158C
YGR043C	0.000243442495057	YGR067C
YGR043C	0.0160203842913	YJR094C
YGR043C	2.61158430576e-22	YNL194C
YGR043C	0.00813771416518	YKL015W
YGR043C	0.0720391573971	YGL009C
YGR043C	0.106174308714	YNL270C
YGR043C	5.09453155346e-06	YFR022W
YGR043C	0.0336284250342	YOL014W
YGR043C	6.84235586653e-12	YLR178C
YGR043C	3.75306089617e-10	YOR032C
YGR043C	0.00697802765402	YHR216W
YGR043C	0.00369656760842	YJL153C
YHR018C	8.78058816491e-09	YBL103C
YHR018C	0.99501321441	YKL112W
YHR018C	0.999377078332	YER040W
YHR018C	0.156697450158	YGR142W
YHR018C	4.21558150492e-16	YML123C
YHR018C	0.073927436858	YCR021C
YHR018C	5.55890575762e-11	YGR043C
YHR018C	1.90427896937e-07	YAL054C
YHR018C	0.0696944566019	YDL170W
YHR018C	7.57505096156e-09	YCR010C
YHR018C	2.88678637123e-07	YDR384C
YHR018C	3.63142307594e-08	YPL061W
YHR018C	0.0159467177744	YKR075C
YHR018C	1.00684834087e-19	YLR009W
YHR018C	0.00366100854338	YJL172W
YHR018C	1.45486541981e-23	YPL012W
YHR018C	1.29952166886e-05	YOR100C
YHR018C	3.78655156645e-14	YNR046W
YHR018C	5.50952371583e-06	YJR110W
YHR018C	3.60223565906e-25	YMR193W
YHR018C	0.305222799229	YGL254W
YHR018C	1.78669408521e-07	YER002W
YHR018C	7.52519185805e-09	YJR148W
YHR018C	0.0155186950736	YNR064C
YHR018C	0.000320172390506	YGR067C
YHR018C	0.000397403516397	YCL064C
YHR018C	1.82800398446e-22	YJL063C
YHR018C	0.00188840013621	YIL037C
YHR018C	5.21747181923e-09	YDL091C
YHR018C	0.000654420393096	YHR051W
YHR018C	0.00334525843892	YMR229C
YHR018C	1.38060343262e-20	YOR206W
YHR018C	0.999648095235	YJL088W
YHR018C	5.81492487567e-09	YNR028W
YHR018C	1.03569351251e-17	YLR276C
YHR018C	0.539659461155	YLR438W
YHR018C	4.34528408266e-06	YNL037C
YHR018C	7.43918762434e-05	YKR009C
YHR018C	0.00354797000683	YGL009C
YHR018C	1.68327765286e-05	YPR002W
YHR018C	3.59227320233e-12	YDR361C
YHR018C	7.07324049436e-15	YOR302W
YHR018C	8.93287202438e-05	YFR022W
YHR018C	0.0911186300082	YAL062W
YHR018C	1.55189851036e-06	YDR523C
YHR018C	8.73422457868e-13	YOR056C
YHR018C	3.2778481565e-13	YBL042C
YHR018C	3.61397587935e-22	YLR267W
YHR018C	0.965111294105	YHR029C
YHR018C	5.48351699037e-07	YDR380W
YHR018C	2.0542048577e-19	YLL034C
YHR018C	9.39183928209e-13	YLR178C
YHR018C	2.74466749331e-06	YKL040C
YAL054C	7.58155501137e-20	YBL103C
YAL054C	4.28619011634e-15	YKL112W
YAL054C	3.04714669632e-22	YER040W
YAL054C	4.0648962378e-15	YGR142W
YAL054C	1.32687909732e-21	YML123C
YAL054C	1.78973449417e-06	YCR021C
YAL054C	1.60542745275e-08	YGR043C
YAL054C	8.46431934954e-20	YHR018C
YAL054C	2.30901170557e-22	YDL170W
YAL054C	1.28096507458e-18	YDR384C
YAL054C	1.3156021108e-05	YKR075C
YAL054C	3.25993073417e-29	YLR009W
YAL054C	2.2484601389e-17	YJL172W
YAL054C	4.57943553519e-34	YPL012W
YAL054C	5.71489234739e-08	YOR100C
YAL054C	3.47763436977e-34	YMR169C
YAL054C	2.30445239814e-21	YNR046W
YAL054C	5.64185793059e-25	YMR193W
YAL054C	0.000564741507485	YGL254W
YAL054C	1.01484158196e-10	YER002W
YAL054C	6.39091217841e-05	YDL018C
YAL054C	3.14732155024e-07	YGR183C
YAL054C	3.73296973346e-13	YJR148W
YAL054C	8.49003830279e-08	YNR064C
YAL054C	0.0321351498484	YGR067C
YAL054C	2.46490563412e-05	YCL064C
YAL054C	5.10817077276e-15	YDL091C
YAL054C	0.000387722795589	YHR051W
YAL054C	4.15071846712e-17	YMR229C
YAL054C	3.36916719695e-31	YOR206W
YAL054C	1.53810128896e-14	YJL088W
YAL054C	1.53798466728e-25	YLR276C
YAL054C	7.74575217259e-06	YLR438W
YAL054C	1.26776670889e-07	YNL037C
YAL054C	2.59689468959e-07	YKR009C
YAL054C	1.90517381339e-12	YPR002W
YAL054C	8.52665015676e-25	YDR361C
YAL054C	1.09312964167e-05	YFR022W
YAL054C	0.0548293732325	YAL062W
YAL054C	7.63034907229e-07	YDR523C
YAL054C	3.42080140492e-15	YOR056C
YAL054C	2.80442176785e-22	YLR267W
YAL054C	2.19393792719e-19	YHR029C
YAL054C	3.47484443895e-12	YDR380W
YAL054C	1.39133026019e-27	YLL034C
YAL054C	3.93437026405e-13	YLR178C
YFL014W	0.019432808879	YDR216W
YFL014W	8.27883085315e-16	YMR280C
YFL014W	3.51632749563e-29	YHR136C
YFL014W	3.29704287028e-11	YGR043C
YFL014W	0.174589068013	YBR054W
YFL014W	3.91669577463e-11	YER150W
YFL014W	1.62411579416e-19	YMR169C
YFL014W	7.81809520371e-06	YLR174W
YFL014W	3.83823863205e-05	YIL136W
YFL014W	8.10728157879e-06	YDL160C
YFL014W	2.30728932164e-16	YLR327C
YFL014W	5.87637168493e-11	YHL028W
YFL014W	1.84335299405e-06	YIL155C
YFL014W	0.017805721062	YKL071W
YFL014W	0.969615305558	YNL194C
YFL014W	0.0216820429761	YKL015W
YFL014W	0.0136692895452	YGL009C
YFL014W	5.67363323609e-08	YJL217W
YFL014W	2.05698254533e-15	YER067W
YFL014W	6.14646436308e-11	YLR178C
YFL014W	2.98617496529e-10	YOR032C
YFL014W	1.09524577573e-10	YHR087W
YFL014W	1.25823167469e-07	YKL062W
YOR348C	0.999999158194	YMR280C
YOR348C	7.934100039e-11	YNL036W
YOR348C	4.91820233848e-09	YDR171W
YOR348C	3.34413937267e-34	YFL014W
YOR348C	8.98173043298e-06	YBR054W
YOR348C	3.58725873898e-30	YER150W
YOR348C	4.30566274462e-22	YPL111W
YOR348C	1.68813717835e-34	YMR169C
YOR348C	6.05896822271e-18	YIL136W
YOR348C	3.86614688349e-05	YGR183C
YOR348C	4.42367548442e-21	YPL265W
YOR348C	1.74568436964e-24	YKR056W
YOR348C	1.13172975881e-22	YJL063C
YOR348C	1.77045848261e-14	YLR327C
YOR348C	0.894047452282	YHL028W
YOR348C	2.5563405181e-09	YIL155C
YOR348C	1.86438594452e-24	YLL011W
YOR348C	2.60727481007e-14	YDR043C
YOR348C	4.72566830436e-08	YDR258C
YOR348C	1.2605062378e-30	YNL194C
YOR348C	2.61941911844e-06	YLL033W
YOR348C	1.60034011466e-09	YPL036W
YOR348C	8.61783049446e-08	YLR130C
YOR348C	9.76491919707e-27	YNR053C
YOR348C	7.21278704743e-10	YLR258W
YOR348C	4.857948682e-16	YDL110C
YOR348C	5.44299212321e-17	YER067W
YOR348C	3.45011283314e-13	YGL229C
YOR348C	4.56371765782e-10	YHR087W
YOR348C	3.8841047665e-15	YKL062W
YDL170W	0.690580752642	YBL103C
YDL170W	7.63632965329e-12	YKL112W
YDL170W	1.12387043457e-13	YDR216W
YDL170W	0.000588821621643	YER040W
YDL170W	3.65467089052e-12	YGR142W
YDL170W	7.6588496218e-05	YCR021C
YDL170W	5.10446049822e-21	YHR018C
YDL170W	0.0139016217982	YCR010C
YDL170W	2.01519384488e-25	YDR384C
YDL170W	9.20987229821e-06	YPL061W
YDL170W	8.28312389489e-07	YKR075C
YDL170W	1.90971110792e-27	YJL172W
YDL170W	2.22675553824e-50	YPL012W
YDL170W	0.000329015088991	YJR110W
YDL170W	0.00068665524907	YGL254W
YDL170W	4.93365065722e-08	YNR064C
YDL170W	0.00159466713934	YIL037C
YDL170W	1.5199446986e-21	YMR229C
YDL170W	7.12329233123e-05	YJL088W
YDL170W	5.15861380763e-06	YNR028W
YDL170W	1.70729550823e-16	YPR002W
YDL170W	4.86268406615e-05	YOR302W
YDL170W	0.000573586940011	YHR029C
YDL170W	6.6001007346e-05	YKL040C
YBR054W	2.22613037715e-08	YDR216W
YBR054W	1.00713152161e-34	YER150W
YBR054W	0.00858082962441	YLR174W
YBR054W	3.12153639696e-05	YDL160C
YBR054W	0.0220315927707	YJR094C
YBR054W	0.296492692172	YGL009C
YBR054W	9.18236481296e-11	YLL033W
YBR054W	0.00228026779415	YHR216W
YCR010C	1.19781969854e-06	YDR216W
YCR010C	0.000397029487052	YDL160C
YCR010C	0.0208914576746	YJR094C
YCR010C	1.18121839318e-16	YLR130C
YDR384C	4.50360496336e-16	YBL103C
YDR384C	1.66065397473e-13	YKL112W
YDR384C	7.20603320712e-21	YER040W
YDR384C	7.71191455231e-14	YGR142W
YDR384C	1.05538306224e-20	YML123C
YDR384C	7.15737314393e-08	YCR021C
YDR384C	2.63476193671e-22	YHR018C
YDR384C	2.63028346026e-21	YAL054C
YDR384C	2.51126157465e-21	YDL170W
YDR384C	4.37060274544e-10	YPL061W
YDR384C	6.60219743553e-09	YKR075C
YDR384C	3.20546739179e-33	YLR009W
YDR384C	2.81260671326e-22	YJL172W
YDR384C	1.64211143369e-33	YPL012W
YDR384C	3.79529696104e-13	YOR100C
YDR384C	1.11873990317e-26	YNR046W
YDR384C	4.93389676831e-25	YMR193W
YDR384C	7.48824316904e-05	YGL254W
YDR384C	1.4807301198e-14	YER002W
YDR384C	3.65460159339e-06	YGR183C
YDR384C	1.54714491325e-09	YNR064C
YDR384C	2.35422629502e-22	YJL063C
YDR384C	3.41645809324e-17	YDL091C
YDR384C	0.0282088632585	YHR051W
YDR384C	2.14077695775e-16	YMR229C
YDR384C	1.29300099827e-34	YOR206W
YDR384C	3.81634886863e-12	YJL088W
YDR384C	2.24834041086e-13	YNR028W
YDR384C	0.00350861833819	YKL071W
YDR384C	8.63160440078e-29	YLR276C
YDR384C	1.41426523407e-06	YLR438W
YDR384C	3.17650773873e-13	YNL037C
YDR384C	9.64794890585e-15	YKR009C
YDR384C	3.39444604007e-13	YPR002W
YDR384C	6.22110313848e-27	YDR361C
YDR384C	1.28321014337e-06	YAL062W
YDR384C	7.66061570574e-20	YOR056C
YDR384C	3.59281476369e-06	YDR380W
YDR384C	9.5314671376e-30	YLL034C
YDR384C	1.47584848602e-15	YLR178C
YDR384C	7.72758002755e-11	YOR032C
YDR384C	1.15507027807e-06	YKL040C
YER150W	0.00538370032908	YDR216W
YER150W	7.88814127308e-31	YHR136C
YER150W	1.58266321496e-11	YDR171W
YER150W	9.14925911017e-13	YFL014W
YER150W	0.276139877142	YBR054W
YER150W	2.91427475943e-14	YMR169C
YER150W	2.48649469134e-06	YLR174W
YER150W	1.02693175766e-11	YIL136W
YER150W	0.000131012522796	YER158C
YER150W	1.18609333395e-06	YDL160C
YER150W	6.96010749106e-09	YLR327C
YER150W	0.0155219050168	YJR094C
YER150W	2.02516099682e-06	YIL155C
YER150W	0.002153550407	YKL071W
YER150W	0.0226498706484	YNL194C
YER150W	6.86491395905e-05	YKL015W
YER150W	0.00598957890457	YGL009C
YER150W	9.25494783967e-09	YLL033W
YER150W	0.000889612689846	YNL270C
YER150W	5.82990568937e-08	YJL217W
YER150W	2.09115000846e-06	YER067W
YER150W	0.00269519890097	YHR216W
YER150W	2.64918002386e-07	YHR087W
YPL061W	1.69874989087e-06	YDL160C
YPL061W	0.0177531172057	YJR094C
YPL061W	0.00212461173938	YNL270C
YPL061W	9.8806203494e-11	YOR032C
YPL061W	0.0605792678188	YHR216W
YPL061W	0.00322712447439	YJL153C
YLR009W	7.70502064941e-12	YBL103C
YLR009W	1.31333908816e-07	YKL112W
YLR009W	4.66908077767e-09	YER040W
YLR009W	0.00482348761156	YGR142W
YLR009W	1.65346040574e-11	YNL036W
YLR009W	2.9714792009e-15	YML123C
YLR009W	0.0660958267582	YCR021C
YLR009W	1.97504966597e-10	YGR043C
YLR009W	0.000686947079394	YHR018C
YLR009W	0.500387123925	YAL054C
YLR009W	7.44503917172e-12	YDL170W
YLR009W	0.0239620434609	YDR384C
YLR009W	1.18884678187e-10	YPL061W
YLR009W	0.0061487587828	YKR075C
YLR009W	5.63387886985e-33	YPL111W
YLR009W	0.136041709822	YJL172W
YLR009W	1.57491039186e-05	YPL012W
YLR009W	0.0378380043261	YOR100C
YLR009W	0.302491448798	YNR046W
YLR009W	1.4255885329e-05	YJR110W
YLR009W	1.59420075809e-24	YMR193W
YLR009W	0.0559132346508	YGL254W
YLR009W	0.0548509588284	YER002W
YLR009W	0.00809051614631	YDL018C
YLR009W	4.34918879311e-06	YGR183C
YLR009W	5.20813749853e-06	YJR148W
YLR009W	0.0230975037203	YNR064C
YLR009W	7.29529102973e-05	YGR067C
YLR009W	5.06264223036e-34	YPL265W
YLR009W	2.53799287955e-28	YKR056W
YLR009W	0.258177429585	YCL064C
YLR009W	7.50454012779e-22	YJL063C
YLR009W	0.351835386119	YDL091C
YLR009W	0.0515247356586	YHR051W
YLR009W	0.000571341379011	YMR229C
YLR009W	0.0136256799489	YOR206W
YLR009W	2.00207966198e-09	YJL088W
YLR009W	1.07283125605e-34	YLL011W
YLR009W	2.57341689448e-12	YNR028W
YLR009W	0.057383435774	YLR276C
YLR009W	0.0947975335629	YLR438W
YLR009W	0.109156174341	YNL037C
YLR009W	0.0412719852372	YKR009C
YLR009W	0.108053951524	YPR002W
YLR009W	0.00018852230186	YDR361C
YLR009W	7.29036018922e-23	YOR302W
YLR009W	0.0033858069301	YFR022W
YLR009W	0.0413560831101	YAL062W
YLR009W	0.00011426952803	YDR523C
YLR009W	0.109270447161	YOR056C
YLR009W	2.17875907599e-10	YBL042C
YLR009W	6.36539705507e-20	YLR267W
YLR009W	1.34223417701e-10	YHR029C
YLR009W	0.000384603897243	YOL014W
YLR009W	3.39634065551e-35	YNR053C
YLR009W	0.000269142557588	YDR380W
YLR009W	0.0320783599802	YLL034C
YLR009W	6.86852739005e-25	YDL110C
YLR009W	4.02685216688e-13	YLR178C
YLR009W	4.16162295191e-05	YKL040C
YPL111W	1.19769716883e-11	YMR280C
YPL111W	0.00509324867649	YNL036W
YPL111W	8.54183740974e-16	YDR171W
YPL111W	1.52687017597e-07	YOR348C
YPL111W	0.00014533978329	YJR110W
YPL111W	0.000143540703026	YDL018C
YPL111W	3.50226153001e-07	YGR183C
YPL111W	2.00485924621e-06	YJR148W
YPL111W	3.36586282843e-05	YPL265W
YPL111W	7.66496604509e-10	YKR056W
YPL111W	5.22813928576e-21	YLR327C
YPL111W	1.33865433889e-05	YHL028W
YPL111W	2.1276409854e-18	YIL155C
YPL111W	3.3501503384e-15	YLL011W
YPL111W	0.000182402948447	YDR043C
YPL111W	9.95592814703e-08	YDR258C
YPL111W	9.38875229912e-07	YLR438W
YPL111W	2.93204869179e-08	YLL033W
YPL111W	9.30833832314e-06	YDR523C
YPL111W	0.0843932449158	YPL036W
YPL111W	9.26804880457e-06	YBL042C
YPL111W	3.83008375587e-10	YLR130C
YPL111W	6.17066305337e-08	YLR267W
YPL111W	2.55637268592e-14	YNR053C
YPL111W	2.97443223921e-11	YLR258W
YPL111W	1.15263775428e-09	YDL110C
YPL111W	0.000356906166749	YGL229C
YPL111W	2.34065665281e-21	YHR087W
YPL111W	4.64019433154e-18	YKL062W
YOR388C	0.0344628420071	YJR094C
YOR388C	0.00471821123933	YGL009C
YOR388C	0.999977377403	YJL217W
YOR388C	0.508279423634	YJL153C
YJL172W	4.91194880594e-09	YBL103C
YJL172W	0.00486045767323	YKL112W
YJL172W	2.84620955861e-05	YER040W
YJL172W	0.0255315618258	YGR142W
YJL172W	5.29304537515e-19	YML123C
YJL172W	0.58945975429	YCR021C
YJL172W	1.18962026176e-10	YGR043C
YJL172W	0.992398607951	YHR018C
YJL172W	0.0137122627811	YAL054C
YJL172W	7.06808017636e-06	YDL170W
YJL172W	3.13051224644e-09	YCR010C
YJL172W	8.35348464441e-05	YDR384C
YJL172W	1.00742595181e-08	YPL061W
YJL172W	0.00667539611343	YKR075C
YJL172W	5.40503191956e-15	YLR009W
YJL172W	5.1418135897e-20	YPL012W
YJL172W	0.934799022743	YOR100C
YJL172W	1.22660765535e-09	YNR046W
YJL172W	1.52798923517e-05	YJR110W
YJL172W	4.57138229892e-25	YMR193W
YJL172W	0.132724210555	YGL254W
YJL172W	8.50481309611e-06	YER002W
YJL172W	2.76097440248e-05	YDL018C
YJL172W	7.65049830982e-07	YJR148W
YJL172W	0.0395092158148	YNR064C
YJL172W	0.000117558709413	YGR067C
YJL172W	1.30188520805e-34	YPL265W
YJL172W	0.161304507787	YCL064C
YJL172W	1.10183179714e-22	YJL063C
YJL172W	6.49915776793e-06	YDL091C
YJL172W	5.99004865019e-05	YHR051W
YJL172W	0.994806650847	YMR229C
YJL172W	4.61196537337e-16	YOR206W
YJL172W	3.99084465028e-06	YJL088W
YJL172W	6.87281961084e-07	YNR028W
YJL172W	1.67768032625e-11	YLR276C
YJL172W	0.0441657520402	YLR438W
YJL172W	0.0150029993822	YNL037C
YJL172W	6.37162275992e-06	YKR009C
YJL172W	0.0655017383132	YPR002W
YJL172W	1.41670071535e-10	YDR361C
YJL172W	3.60681820822e-17	YOR302W
YJL172W	0.00109212860255	YFR022W
YJL172W	0.382189962252	YAL062W
YJL172W	8.78767889125e-05	YDR523C
YJL172W	3.95537710195e-09	YOR056C
YJL172W	3.10074664519e-12	YBL042C
YJL172W	9.50277307341e-21	YLR267W
YJL172W	0.0312895892921	YHR029C
YJL172W	0.000263739390303	YOL014W
YJL172W	6.43626837827e-07	YDR380W
YJL172W	2.74234828354e-15	YLL034C
YJL172W	1.40281568888e-14	YLR178C
YJL172W	1.78921995242e-05	YKL040C
YPL012W	3.53861272501e-14	YBL103C
YPL012W	9.07686592056e-08	YKL112W
YPL012W	4.38507378113e-12	YER040W
YPL012W	0.579391283242	YGR142W
YPL012W	1.43078112165e-12	YNL036W
YPL012W	2.15459699217e-13	YML123C
YPL012W	1.44829790173e-33	YHR136C
YPL012W	0.0799915976976	YCR021C
YPL012W	9.63913399493e-10	YGR043C
YPL012W	7.1775473691e-06	YHR018C
YPL012W	0.000508280825347	YAL054C
YPL012W	1.49994099871e-13	YDL170W
YPL012W	0.887624204633	YDR384C
YPL012W	1.23630010276e-10	YPL061W
YPL012W	0.00126083510058	YKR075C
YPL012W	0.0011388063285	YLR009W
YPL012W	9.35802432312e-05	YJL172W
YPL012W	7.21198430144e-06	YOR100C
YPL012W	0.000981264890793	YNR046W
YPL012W	1.95557100375e-06	YJR110W
YPL012W	0.152959643908	YGL254W
YPL012W	0.0016767061593	YER002W
YPL012W	0.00186116197388	YDL018C
YPL012W	6.9022987295e-07	YGR183C
YPL012W	1.21291552961e-07	YJR148W
YPL012W	7.73003861156e-05	YNR064C
YPL012W	2.35642279387e-07	YGR067C
YPL012W	9.11592520715e-29	YKR056W
YPL012W	0.0540399450157	YCL064C
YPL012W	7.67280483292e-23	YJL063C
YPL012W	0.000993420478453	YDL091C
YPL012W	0.0636694068508	YHR051W
YPL012W	5.1945845033e-08	YMR229C
YPL012W	0.986373485375	YOR206W
YPL012W	3.49146003096e-08	YJL088W
YPL012W	9.69505571448e-37	YLL011W
YPL012W	5.98878502931e-15	YNR028W
YPL012W	0.00694798695948	YKL071W
YPL012W	0.00047356778244	YLR276C
YPL012W	0.0722510155381	YLR438W
YPL012W	0.000948617554354	YNL037C
YPL012W	0.123227802761	YKR009C
YPL012W	0.000252410565212	YPR002W
YPL012W	0.0538078717339	YDR361C
YPL012W	0.00259123137655	YFR022W
YPL012W	0.198626521191	YAL062W
YPL012W	1.9782479535e-06	YDR523C
YPL012W	0.00013655969383	YOR056C
YPL012W	2.57839477682e-12	YBL042C
YPL012W	1.60650567116e-21	YLR267W
YPL012W	3.37012066705e-14	YHR029C
YPL012W	4.75153255065e-37	YNR053C
YPL012W	0.993763525726	YDR380W
YPL012W	0.0867045431103	YLL034C
YPL012W	8.81689490204e-27	YDL110C
YPL012W	8.89484169867e-11	YLR178C
YPL012W	1.57909855974e-06	YKL040C
YOR100C	4.74040917806e-15	YBL103C
YOR100C	4.37464236295e-14	YKL112W
YOR100C	3.67345300872e-22	YER040W
YOR100C	1.98388851793e-17	YGR142W
YOR100C	1.86287616043e-24	YML123C
YOR100C	1.5104067612e-08	YCR021C
YOR100C	3.99595354464e-10	YGR043C
YOR100C	1.75557435583e-29	YHR018C
YOR100C	1.73692988448e-19	YAL054C
YOR100C	5.61765069183e-22	YDR384C
YOR100C	1.36245131171e-07	YPL061W
YOR100C	7.49211961841e-42	YLR009W
YOR100C	4.65874080369e-27	YJL172W
YOR100C	1.97486416595e-47	YPL012W
YOR100C	1.68693746063e-34	YNR046W
YOR100C	2.51995862596e-07	YGL254W
YOR100C	0.00611641715461	YNR064C
YOR100C	0.962089334393	YGR067C
YOR100C	2.89026170888e-06	YHR051W
YOR100C	1.56257348402e-17	YMR229C
YOR100C	4.73934100992e-44	YOR206W
YOR100C	6.19581869902e-15	YJL088W
YOR100C	5.00862149998e-11	YNR028W
YOR100C	4.24668928975e-38	YLR276C
YOR100C	1.47261527181e-14	YNL037C
YOR100C	4.84983012988e-17	YKR009C
YOR100C	1.47484085481e-05	YKL015W
YOR100C	1.72308528314e-10	YPR002W
YOR100C	3.48264994318e-32	YDR361C
YOR100C	1.26756834093e-18	YOR302W
YOR100C	1.2216223926e-05	YFR022W
YOR100C	7.25755460761e-05	YAL062W
YOR100C	4.73334423862e-23	YOR056C
YOR100C	4.09492480108e-16	YHR029C
YOR100C	0.0190019461992	YOL014W
YOR100C	1.26957259961e-38	YLL034C
YMR169C	0.000557965571307	YDR216W
YMR169C	1.94971556871e-33	YHR136C
YMR169C	9.73221760546e-06	YGR043C
YMR169C	8.04061710001e-22	YFL014W
YMR169C	0.000451555546717	YBR054W
YMR169C	6.1764196875e-15	YER150W
YMR169C	2.37009588013e-05	YLR174W
YMR169C	6.48961402563e-18	YIL136W
YMR169C	1.04556895445e-05	YER158C
YMR169C	5.00946731436e-07	YDL160C
YMR169C	4.51883312058e-19	YLR327C
YMR169C	0.0355541992687	YJR094C
YMR169C	3.73376539569e-15	YIL155C
YMR169C	0.00480034034456	YNL194C
YMR169C	0.000799348227062	YKL015W
YMR169C	0.00326266773317	YNL270C
YMR169C	0.00052866449019	YOL014W
YMR169C	2.07439665101e-22	YER067W
YMR169C	1.09278246443e-10	YOR032C
YMR169C	0.0539934592951	YHR216W
YNR046W	4.29731050222e-13	YBL103C
YNR046W	2.31520924709e-09	YKL112W
YNR046W	8.73665207119e-11	YER040W
YNR046W	3.28336904334e-05	YGR142W
YNR046W	1.32256159368e-11	YNL036W
YNR046W	1.91007456472e-16	YML123C
YNR046W	0.0013420668428	YCR021C
YNR046W	2.30842688254e-10	YGR043C
YNR046W	3.93367177325e-07	YHR018C
YNR046W	0.0538592766176	YAL054C
YNR046W	2.94291263149e-13	YDL170W
YNR046W	0.000127337593533	YDR384C
YNR046W	0.00241573454525	YKR075C
YNR046W	4.60583232205e-10	YLR009W
YNR046W	2.68993334128e-31	YPL111W
YNR046W	4.70082962035e-05	YJL172W
YNR046W	2.06627089414e-14	YPL012W
YNR046W	0.00129723161226	YOR100C
YNR046W	0.000203416467856	YJR110W
YNR046W	1.02223151792e-23	YMR193W
YNR046W	0.00448282091568	YGL254W
YNR046W	0.0588793641481	YER002W
YNR046W	0.244211619612	YDL018C
YNR046W	1.10930112519e-05	YGR183C
YNR046W	2.67392932118e-06	YJR148W
YNR046W	0.00119799846503	YNR064C
YNR046W	4.74410865549e-05	YGR067C
YNR046W	6.17563305803e-32	YPL265W
YNR046W	5.60733670261e-27	YKR056W
YNR046W	0.0127448250686	YCL064C
YNR046W	1.02352370039e-21	YJL063C
YNR046W	0.207181735958	YDL091C
YNR046W	0.0602273696502	YHR051W
YNR046W	1.76827862363e-05	YMR229C
YNR046W	1.43276968998e-11	YOR206W
YNR046W	5.04597336947e-11	YJL088W
YNR046W	8.45009970315e-34	YLL011W
YNR046W	7.58216560273e-12	YNR028W
YNR046W	4.16426365513e-15	YDR043C
YNR046W	5.91062391706e-08	YLR276C
YNR046W	0.0106240474283	YLR438W
YNR046W	0.0342149312491	YNL037C
YNR046W	0.0298026021232	YKR009C
YNR046W	0.000879504544672	YPR002W
YNR046W	5.02386256172e-11	YDR361C
YNR046W	1.76483796736e-23	YOR302W
YNR046W	0.000228774019181	YFR022W
YNR046W	0.0433319312329	YAL062W
YNR046W	0.00473531357781	YDR523C
YNR046W	0.507466183954	YOR056C
YNR046W	2.0551070594e-08	YBL042C
YNR046W	2.23483195934e-19	YLR267W
YNR046W	1.24456131958e-11	YHR029C
YNR046W	0.00090742969105	YOL014W
YNR046W	4.55068639894e-34	YNR053C
YNR046W	8.4615323922e-05	YDR380W
YNR046W	1.93883506887e-07	YLL034C
YNR046W	1.52464716912e-23	YDL110C
YNR046W	8.66096639433e-13	YLR178C
YNR046W	1.28444385257e-12	YGL229C
YNR046W	0.000207872853709	YKL040C
YJR110W	7.37599241028e-10	YCR010C
YJR110W	5.41298847713e-10	YPL036W
YJR110W	0.00041774745783	YKL040C
YMR193W	1.0	YJL063C
YMR193W	0.999158206854	YDL160C
YMR193W	0.0420794145649	YKL071W
YMR193W	2.93075214094e-17	YLR130C
YMR193W	2.17704759512e-10	YOR032C
YMR193W	0.00180770034857	YHR216W
YLR174W	7.12339182897e-11	YDR216W
YLR174W	0.0231028737044	YKL071W
YLR174W	0.00257003713157	YGL009C
YLR174W	0.0208734272459	YNL270C
YLR174W	0.00251477226565	YHR216W
YLR174W	0.00457536213551	YJL153C
YER002W	7.75030903777e-16	YMR280C
YER002W	6.74870515364e-12	YNL036W
YER002W	6.19384232343e-21	YML123C
YER002W	2.67972816769e-22	YAL054C
YER002W	5.22243387128e-23	YOR348C
YER002W	1.90415866377e-23	YDR384C
YER002W	9.43580501826e-42	YLR009W
YER002W	4.21692651536e-23	YPL111W
YER002W	3.98894153272e-45	YPL012W
YER002W	2.30660960628e-16	YOR100C
YER002W	6.65216211331e-33	YNR046W
YER002W	1.02620510046e-07	YJR110W
YER002W	4.45350428731e-25	YMR193W
YER002W	5.10447183544e-07	YGR183C
YER002W	2.63626853685e-06	YER158C
YER002W	2.12223890823e-09	YJR148W
YER002W	4.61758681751e-22	YPL265W
YER002W	1.83318366774e-21	YKR056W
YER002W	3.29822318608e-05	YCL064C
YER002W	4.03457388336e-22	YJL063C
YER002W	9.7134099069e-16	YDL091C
YER002W	3.71104272235e-06	YHR051W
YER002W	4.79085025282e-11	YHL028W
YER002W	7.55802089186e-44	YOR206W
YER002W	1.57957822401e-28	YLL011W
YER002W	1.19842032734e-10	YDR043C
YER002W	9.10559964412e-23	YDR258C
YER002W	3.20715544229e-38	YLR276C
YER002W	2.48409338999e-07	YLR438W
YER002W	2.64992643364e-12	YNL037C
YER002W	5.36317673196e-17	YKR009C
YER002W	1.69233507468e-33	YDR361C
YER002W	3.54075397157e-07	YAL062W
YER002W	0.000165262507781	YDR523C
YER002W	1.03859017297e-08	YPL036W
YER002W	6.99267354053e-17	YOR056C
YER002W	1.4896492293e-05	YBL042C
YER002W	1.10070411026e-16	YLR267W
YER002W	6.1936757803e-28	YNR053C
YER002W	1.49400804715e-14	YLR258W
YER002W	1.00914344827e-14	YDR380W
YER002W	3.15263732559e-36	YLL034C
YER002W	1.73293523479e-19	YDL110C
YER002W	2.10960630789e-10	YGL229C
YDL018C	1.94044042845e-06	YLR174W
YDL018C	0.0218025739522	YJR094C
YDL018C	8.70335943898e-08	YPL036W
YDL018C	0.042617843117	YJL153C
YDL018C	0.995831262391	YKL040C
YIL136W	5.56922155674e-10	YDR216W
YIL136W	3.58421946823e-07	YMR280C
YIL136W	1.54400689411e-29	YHR136C
YIL136W	9.01380813164e-18	YDR171W
YIL136W	5.33023912317e-10	YGR043C
YIL136W	4.05916154625e-07	YFL014W
YIL136W	1.33569946618e-23	YOR348C
YIL136W	0.0142557968181	YBR054W
YIL136W	4.64921746132e-12	YER150W
YIL136W	1.38627962299e-17	YMR169C
YIL136W	0.000229549034547	YER158C
YIL136W	6.50834923582e-22	YJL063C
YIL136W	0.00837042423032	YIL037C
YIL136W	3.01406296733e-18	YLR327C
YIL136W	6.77747082075e-06	YHL028W
YIL136W	0.000668142471339	YIL155C
YIL136W	2.6234965402e-19	YDR258C
YIL136W	0.002934483448	YNL194C
YIL136W	0.011074469411	YKL015W
YIL136W	0.00910395942752	YGL009C
YIL136W	1.52810374224e-10	YLL033W
YIL136W	6.2307192223e-08	YJL217W
YIL136W	7.63866209099e-08	YLR258W
YIL136W	6.65700451562e-13	YER067W
YIL136W	0.999996017373	YLR178C
YIL136W	3.15808559461e-10	YOR032C
YIL136W	0.00222771024681	YHR087W
YIL136W	0.000481565226836	YKL062W
YGR183C	3.68717706398e-25	YMR193W
YGR183C	3.83845981706e-05	YHR051W
YGR183C	1.99776102152e-06	YKL015W
YER158C	0.0194731358896	YJR094C
YER158C	0.00827450812583	YKL071W
YER158C	2.56421020799e-06	YKL015W
YER158C	0.00182283432725	YNL270C
YER158C	0.999999068311	YOR032C
YER158C	0.00411488758934	YHR216W
YER158C	0.00923389939192	YJL153C
YJR148W	1.07929563958e-17	YMR280C
YJR148W	1.54208280439e-07	YNL036W
YJR148W	5.08264313224e-19	YOR348C
YJR148W	1.86519939632e-16	YPL111W
YJR148W	0.000232659575521	YJR110W
YJR148W	5.13491645846e-12	YER002W
YJR148W	0.000973364107706	YDL018C
YJR148W	3.01941489829e-15	YPL265W
YJR148W	6.08966497778e-15	YKR056W
YJR148W	0.00363490547973	YCL064C
YJR148W	2.94333562862e-22	YDL091C
YJR148W	3.10130239767e-11	YHL028W
YJR148W	2.95035168314e-22	YLL011W
YJR148W	5.27952515234e-12	YDR043C
YJR148W	3.20936758042e-18	YDR258C
YJR148W	4.60118021285e-14	YNL037C
YJR148W	0.000519768621792	YDR523C
YJR148W	2.83476796172e-05	YPL036W
YJR148W	4.45888104796e-22	YOR056C
YJR148W	5.09884409009e-07	YBL042C
YJR148W	5.7529655236e-17	YLR130C
YJR148W	4.37410171136e-10	YLR267W
YJR148W	1.25723309202e-21	YNR053C
YJR148W	6.50871705593e-16	YLR258W
YJR148W	6.1526963485e-17	YDR380W
YJR148W	3.7019593171e-15	YDL110C
YJR148W	6.95850646158e-06	YGL229C
YNR064C	2.19737246619e-09	YCR010C
YNR064C	8.12870165088e-07	YPL061W
YNR064C	1.48963401894e-08	YOR388C
YNR064C	1.591836436e-06	YGR067C
YNR064C	1.70464525582e-06	YKL015W
YNR064C	1.74610536995e-23	YOR302W
YNR064C	0.00764437336	YNL270C
YNR064C	0.00444008270058	YOL014W
YNR064C	0.00300869315973	YJL153C
YGR067C	3.05798767784e-05	YBR054W
YGR067C	8.47362716227e-05	YLR174W
YGR067C	0.789761748231	YIL037C
YGR067C	0.0056390005351	YGL009C
YGR067C	0.194614910073	YNL270C
YGR067C	0.926748497734	YOL014W
YGR067C	0.00316273336622	YJL153C
YPL265W	6.01569839836e-09	YMR280C
YPL265W	0.642838939861	YNL036W
YPL265W	2.25027838248e-13	YDR171W
YPL265W	0.0466048246345	YOR348C
YPL265W	0.999958388387	YPL111W
YPL265W	0.994954255408	YJR110W
YPL265W	3.56778204943e-10	YER002W
YPL265W	0.0238147361314	YDL018C
YPL265W	4.23554068344e-05	YGR183C
YPL265W	3.27442757329e-05	YER158C
YPL265W	0.964199562861	YJR148W
YPL265W	0.0831737552917	YKR056W
YPL265W	2.28899944278e-05	YCL064C
YPL265W	1.1725169992e-20	YLR327C
YPL265W	0.000297695585659	YHL028W
YPL265W	2.30765243291e-16	YIL155C
YPL265W	1.39441608914e-06	YLL011W
YPL265W	0.998297462277	YDR043C
YPL265W	0.0153155270295	YDR258C
YPL265W	2.53521714183e-07	YLL033W
YPL265W	0.991790242594	YDR523C
YPL265W	0.888019462459	YPL036W
YPL265W	0.97393143252	YBL042C
YPL265W	8.02969995005e-08	YLR130C
YPL265W	0.999956831747	YLR267W
YPL265W	1.93066065967e-05	YNR053C
YPL265W	4.56403698669e-08	YLR258W
YPL265W	0.0221157965652	YDL110C
YPL265W	7.81986355219e-25	YER067W
YPL265W	0.456020316979	YGL229C
YPL265W	5.71650878819e-19	YHR087W
YPL265W	9.97765910972e-16	YKL062W
YKR056W	3.09366462766e-09	YMR280C
YKR056W	7.98869993358e-05	YNL036W
YKR056W	4.68502625993e-18	YDR171W
YKR056W	1.11979519245e-07	YOR348C
YKR056W	1.38650361943e-07	YPL111W
YKR056W	0.000525450207752	YJR110W
YKR056W	6.99277465601e-07	YLR174W
YKR056W	8.62411388927e-12	YER002W
YKR056W	0.086561682576	YDL018C
YKR056W	2.62610334e-23	YIL136W
YKR056W	3.30188795489e-05	YGR183C
YKR056W	1.24142531976e-05	YER158C
YKR056W	0.0118403024045	YJR148W
YKR056W	0.000506420837998	YPL265W
YKR056W	2.47722518057e-06	YCL064C
YKR056W	1.45306121264e-22	YDL091C
YKR056W	0.000461920889985	YHL028W
YKR056W	1.42392520715e-08	YLL011W
YKR056W	1.06275103666e-05	YDR043C
YKR056W	2.54925934983e-07	YDR258C
YKR056W	1.37017138516e-08	YLL033W
YKR056W	4.75383035547e-05	YDR523C
YKR056W	0.00518756810126	YPL036W
YKR056W	2.08400662092e-23	YOR056C
YKR056W	0.000379845389116	YBL042C
YKR056W	8.43201540508e-12	YLR130C
YKR056W	1.45134077645e-08	YLR267W
YKR056W	1.01382394006e-07	YNR053C
YKR056W	3.37659021242e-07	YLR258W
YKR056W	8.80766040362e-05	YDL110C
YKR056W	0.267889352526	YGL229C
YKR056W	5.17174472795e-20	YHR087W
YKR056W	5.714020979e-15	YKL062W
YCL064C	4.90628153852e-09	YPL036W
YJL063C	1.0	YMR193W
YJL063C	1.02116088866e-05	YDL160C
YJL063C	0.0588152673368	YKL071W
YJL063C	1.19191641048e-17	YLR130C
YDL160C	1.96985254708e-22	YMR193W
YDL160C	0.021212026937	YJR094C
YDL160C	0.00816418441052	YKL071W
YDL160C	0.160876651883	YNL270C
YDL160C	6.76163146068e-10	YOR032C
YDL160C	0.283813976034	YHR216W
YIL037C	8.46310874736e-08	YOR388C
YIL037C	0.00618177109551	YNL270C
YLR327C	0.928158565674	YDR216W
YLR327C	2.28659689143e-07	YDR171W
YLR327C	3.41295839092e-31	YFL014W
YLR327C	0.00169929894392	YBR054W
YLR327C	4.40736274891e-22	YER150W
YLR327C	8.61325775306e-08	YOR388C
YLR327C	1.35015257588e-31	YMR169C
YLR327C	2.14819561937e-06	YLR174W
YLR327C	3.32705934921e-06	YDL160C
YLR327C	9.76248777309e-13	YIL155C
YLR327C	5.44396536603e-29	YNL194C
YLR327C	5.47385958675e-07	YLL033W
YLR327C	0.00645487749832	YNL270C
YLR327C	7.94963119775e-08	YJL217W
YLR327C	1.66611930461e-15	YLR130C
YLR327C	7.00716122301e-10	YER067W
YLR327C	6.3956742314e-15	YHR087W
YDL091C	2.26243557266e-17	YKL112W
YDL091C	2.14142170034e-20	YER040W
YDL091C	1.17694050943e-15	YGR142W
YDL091C	1.31082361471e-12	YNL036W
YDL091C	1.55395283828e-19	YML123C
YDL091C	2.57149434924e-13	YGR043C
YDL091C	1.11727650297e-22	YHR018C
YDL091C	2.46095964348e-16	YAL054C
YDL091C	2.76955401854e-26	YOR348C
YDL091C	1.31788370244e-21	YDL170W
YDL091C	8.01585618671e-16	YDR384C
YDL091C	1.24844270565e-07	YKR075C
YDL091C	1.10428417237e-30	YLR009W
YDL091C	7.14337633004e-26	YPL111W
YDL091C	5.13419345756e-22	YJL172W
YDL091C	4.31201651712e-35	YPL012W
YDL091C	1.22999820279e-12	YOR100C
YDL091C	4.27068733567e-22	YNR046W
YDL091C	3.3267941634e-05	YJR110W
YDL091C	2.23501791524e-24	YMR193W
YDL091C	2.23174018921e-07	YGL254W
YDL091C	1.77222277226e-05	YER002W
YDL091C	6.30965491522e-06	YDL018C
YDL091C	2.08928052929e-07	YGR183C
YDL091C	3.28803327133e-06	YER158C
YDL091C	2.21945975266e-09	YJR148W
YDL091C	6.45371308152e-10	YNR064C
YDL091C	1.92719583561e-07	YGR067C
YDL091C	1.5794545825e-25	YPL265W
YDL091C	5.63536438097e-22	YKR056W
YDL091C	0.000162466515533	YCL064C
YDL091C	8.41686541632e-22	YJL063C
YDL091C	7.45322836484e-05	YHR051W
YDL091C	1.86332741489e-18	YMR229C
YDL091C	1.05207264532e-32	YOR206W
YDL091C	1.64440824513e-28	YLL011W
YDL091C	7.04068913054e-13	YDR043C
YDL091C	1.50716520103e-24	YDR258C
YDL091C	4.83625323937e-27	YLR276C
YDL091C	0.000953549138011	YLR438W
YDL091C	4.90439104498e-08	YNL037C
YDL091C	3.03728304759e-11	YKR009C
YDL091C	3.16667435535e-15	YPR002W
YDL091C	3.86657179181e-27	YDR361C
YDL091C	1.07955908294e-06	YFR022W
YDL091C	2.03327232221e-06	YAL062W
YDL091C	4.84931250025e-07	YDR523C
YDL091C	7.60501702064e-10	YPL036W
YDL091C	8.7537359781e-10	YOR056C
YDL091C	4.08640479352e-05	YBL042C
YDL091C	2.45076079956e-19	YLR267W
YDL091C	2.03179422155e-21	YHR029C
YDL091C	0.00267147223916	YOL014W
YDL091C	4.33153636847e-28	YNR053C
YDL091C	4.90978632016e-17	YLR258W
YDL091C	1.06196190841e-08	YDR380W
YDL091C	1.09302715717e-26	YLL034C
YDL091C	7.93972253812e-21	YDL110C
YDL091C	1.39562711453e-15	YLR178C
YDL091C	7.70710726899e-10	YGL229C
YHR051W	1.90284786862e-32	YHR136C
YHR051W	4.19504272018e-32	YFL014W
YHR051W	1.36756275137e-21	YMR193W
YHR051W	2.1134820419e-23	YIL136W
YHR051W	0.859029165106	YGR183C
YHR051W	1.27094826293e-22	YJL063C
YHR051W	1.04089756114e-32	YNL194C
YHR051W	2.4865689948e-05	YKL015W
YHR051W	0.00146781760095	YGL009C
YHR051W	1.72898976895e-08	YJL217W
YHR051W	7.4076632693e-09	YOR032C
YHR051W	3.08449533296e-18	YKL062W
YHL028W	1.57446717371e-33	YHR136C
YHL028W	2.06981921815e-19	YDR171W
YHL028W	4.29107184838e-34	YFL014W
YHL028W	0.00217809534552	YBR054W
YHL028W	5.62545698431e-33	YER150W
YHL028W	1.05225309725e-08	YOR388C
YHL028W	0.577156580533	YER158C
YHL028W	0.00212755811004	YIL037C
YHL028W	1.01336293685e-21	YLR327C
YHL028W	3.96597857434e-10	YLL033W
YHL028W	9.80936768536e-25	YER067W
YHL028W	4.38276259969e-09	YOR032C
YHL028W	4.25310355614e-18	YKL062W
YMR229C	4.03247534924e-11	YBL103C
YMR229C	0.000118692123504	YKL112W
YMR229C	5.72609043401e-14	YER040W
YMR229C	8.06587578199e-11	YGR142W
YMR229C	1.57144780168e-05	YCR021C
YMR229C	2.96492024785e-07	YGR043C
YMR229C	2.9562682022e-14	YHR018C
YMR229C	8.25231819208e-16	YAL054C
YMR229C	1.8339620014e-13	YDL170W
YMR229C	1.38269276275e-07	YCR010C
YMR229C	2.0728068934e-12	YDR384C
YMR229C	5.13245078412e-06	YPL061W
YMR229C	7.98313533214e-09	YKR075C
YMR229C	7.40032193454e-31	YLR009W
YMR229C	1.03739617514e-08	YOR388C
YMR229C	3.24315296753e-14	YJL172W
YMR229C	9.30490035721e-37	YPL012W
YMR229C	0.00010221600538	YOR100C
YMR229C	1.50421740722e-23	YNR046W
YMR229C	0.000224486965271	YGL254W
YMR229C	0.826714305435	YNR064C
YMR229C	0.00317343251357	YGR067C
YMR229C	1.16397638949e-06	YCL064C
YMR229C	0.00159220185575	YIL037C
YMR229C	7.68958279706e-16	YDL091C
YMR229C	4.71310392906e-07	YHR051W
YMR229C	1.97068112515e-32	YOR206W
YMR229C	3.25481545774e-09	YJL088W
YMR229C	0.0014202239424	YNR028W
YMR229C	8.53130597101e-27	YLR276C
YMR229C	6.44477200279e-06	YLR438W
YMR229C	5.97902972394e-10	YNL037C
YMR229C	5.02131347324e-14	YKR009C
YMR229C	6.57773426986e-05	YKL015W
YMR229C	2.07231717268e-05	YPR002W
YMR229C	1.45503344998e-23	YDR361C
YMR229C	1.78582793816e-09	YOR302W
YMR229C	0.849285406482	YFR022W
YMR229C	0.000335481917736	YAL062W
YMR229C	1.79982966134e-18	YOR056C
YMR229C	3.57632025368e-08	YHR029C
YMR229C	0.00145851920565	YOL014W
YMR229C	6.18711465526e-11	YDR380W
YMR229C	3.23965579067e-30	YLL034C
YMR229C	3.63049812644e-08	YKL040C
YOR206W	4.27648943214e-12	YBL103C
YOR206W	2.38782326287e-06	YKL112W
YOR206W	3.32150576583e-09	YER040W
YOR206W	0.155911164591	YGR142W
YOR206W	2.0739888265e-11	YNL036W
YOR206W	1.50504583225e-14	YML123C
YOR206W	0.150002157111	YCR021C
YOR206W	1.08015416034e-09	YGR043C
YOR206W	0.00690516310512	YHR018C
YOR206W	0.37911073908	YAL054C
YOR206W	1.49911013685e-11	YDL170W
YOR206W	0.0708560793897	YDR384C
YOR206W	1.0788965441e-10	YPL061W
YOR206W	0.00512310416348	YKR075C
YOR206W	0.998858462823	YLR009W
YOR206W	1.771236994e-33	YPL111W
YOR206W	0.850953103333	YJL172W
YOR206W	0.999984195428	YPL012W
YOR206W	0.0175463685969	YOR100C
YOR206W	0.689806264611	YNR046W
YOR206W	9.31316116408e-06	YJR110W
YOR206W	4.61915284538e-25	YMR193W
YOR206W	0.149599070582	YGL254W
YOR206W	0.0322076563407	YER002W
YOR206W	0.00216823708557	YDL018C
YOR206W	9.21439744204e-07	YGR183C
YOR206W	4.46090747681e-06	YJR148W
YOR206W	0.0429780614042	YNR064C
YOR206W	3.29770527265e-05	YGR067C
YOR206W	1.98568285056e-28	YKR056W
YOR206W	0.400831383681	YCL064C
YOR206W	3.98519943605e-22	YJL063C
YOR206W	0.245725466343	YDL091C
YOR206W	0.0653638570429	YHR051W
YOR206W	0.00111533978066	YMR229C
YOR206W	1.21130031686e-08	YJL088W
YOR206W	1.36592652634e-35	YLL011W
YOR206W	1.29368640395e-12	YNR028W
YOR206W	0.942129568753	YLR276C
YOR206W	0.11816708984	YLR438W
YOR206W	0.139382794008	YNL037C
YOR206W	0.793867661093	YKR009C
YOR206W	0.276894888788	YPR002W
YOR206W	0.946002066193	YDR361C
YOR206W	1.21274330177e-22	YOR302W
YOR206W	0.0234703030747	YFR022W
YOR206W	0.0326081341127	YAL062W
YOR206W	0.000123629765292	YDR523C
YOR206W	0.0333049775458	YOR056C
YOR206W	6.41531719747e-11	YBL042C
YOR206W	4.64985697268e-20	YLR267W
YOR206W	5.25604834942e-11	YHR029C
YOR206W	0.000370367979855	YOL014W
YOR206W	7.96509278397e-36	YNR053C
YOR206W	0.00580490642164	YDR380W
YOR206W	0.881210590127	YLL034C
YOR206W	1.64361360391e-25	YDL110C
YOR206W	2.88286211873e-12	YLR178C
YOR206W	1.59184103419e-05	YKL040C
YJR094C	2.69457509735e-08	YOR388C
YJR094C	1.8191169226e-07	YJL217W
YJR094C	0.00339528382074	YJL153C
YIL155C	1.08198028264e-05	YDR216W
YIL155C	1.26626092521e-10	YMR280C
YIL155C	1.22033614801e-33	YHR136C
YIL155C	7.51866775398e-13	YDR171W
YIL155C	9.69604425946e-18	YFL014W
YIL155C	2.80291868369e-24	YOR348C
YIL155C	2.46520295513e-06	YBR054W
YIL155C	4.56015440018e-16	YER150W
YIL155C	3.96698643609e-24	YMR169C
YIL155C	7.42440026014e-07	YLR174W
YIL155C	3.32315651523e-13	YIL136W
YIL155C	0.00230630270769	YER158C
YIL155C	3.47150380843e-09	YLR327C
YIL155C	3.0157362539e-07	YHL028W
YIL155C	3.7913800082e-15	YNL194C
YIL155C	0.00138610159291	YKL015W
YIL155C	6.16200749796e-08	YLL033W
YIL155C	0.00112077667641	YNL270C
YIL155C	1.04900298596e-07	YJL217W
YIL155C	8.20486991811e-16	YLR258W
YIL155C	4.9458699039e-11	YER067W
YIL155C	0.00166261685049	YHR216W
YIL155C	2.48269096398e-06	YHR087W
YIL155C	3.17028728537e-14	YKL062W
YJL088W	1.39107598402e-23	YOR302W
YLL011W	3.88295299308e-07	YMR280C
YLL011W	0.288348566946	YNL036W
YLL011W	7.55387229445e-15	YDR171W
YLL011W	0.948308687572	YOR348C
YLL011W	8.5833145783e-06	YBR054W
YLL011W	4.80525127478e-06	YPL111W
YLL011W	0.000390344264169	YJR110W
YLL011W	5.89237903342e-12	YER002W
YLL011W	0.408950190102	YDL018C
YLL011W	2.79484976449e-23	YIL136W
YLL011W	0.00549866742832	YGR183C
YLL011W	0.00454866774144	YJR148W
YLL011W	0.0673222583591	YPL265W
YLL011W	0.112908909269	YKR056W
YLL011W	5.66389533037e-06	YCL064C
YLL011W	2.80544658165e-21	YLR327C
YLL011W	3.36211517537e-22	YDL091C
YLL011W	0.00341985708448	YHL028W
YLL011W	2.49097892617e-15	YIL155C
YLL011W	0.000987822862184	YDR043C
YLL011W	0.96464474057	YDR258C
YLL011W	4.35897337421e-07	YLL033W
YLL011W	7.07516775569e-05	YDR523C
YLL011W	0.00471575031956	YPL036W
YLL011W	5.13100409702e-23	YOR056C
YLL011W	0.000563243081763	YBL042C
YLL011W	1.91651958628e-08	YLR130C
YLL011W	9.91982036083e-07	YLR267W
YLL011W	0.999980592011	YNR053C
YLL011W	4.4255252698e-07	YLR258W
YLL011W	0.93896268611	YDL110C
YLL011W	1.81434663654e-23	YER067W
YLL011W	0.0371116755918	YGL229C
YLL011W	4.06240499982e-17	YHR087W
YLL011W	4.55371349218e-15	YKL062W
YNR028W	0.00769703991706	YCR010C
YNR028W	1.72266999243e-09	YPL061W
YNR028W	1.06560674381e-08	YOR388C
YNR028W	0.00896073219667	YKL071W
YNR028W	2.43547862965e-19	YOR302W
YNR028W	0.00315372107633	YKL040C
YDR043C	0.0283261293839	YER158C
YDR043C	0.00371394587787	YIL037C
YDR043C	0.0253688440254	YJR094C
YDR043C	2.85732184738e-08	YOR032C
YDR258C	7.50662314372e-10	YMR280C
YDR258C	3.11147447566e-11	YNL036W
YDR258C	2.16041510124e-12	YDR171W
YDR258C	4.24444308257e-35	YFL014W
YDR258C	2.1675586795e-10	YOR348C
YDR258C	0.00185400320081	YBR054W
YDR258C	1.62205128714e-31	YER150W
YDR258C	1.28773731027e-24	YPL111W
YDR258C	5.45855947242e-16	YIL136W
YDR258C	6.66794419275e-24	YPL265W
YDR258C	1.82284093913e-26	YKR056W
YDR258C	8.79130178433e-18	YLR327C
YDR258C	5.56339439331e-06	YHL028W
YDR258C	9.66807705307e-13	YIL155C
YDR258C	8.69883553668e-27	YLL011W
YDR258C	2.26568545236e-13	YDR043C
YDR258C	1.45861437509e-30	YNL194C
YDR258C	1.30098483217e-09	YLL033W
YDR258C	6.61794660974e-10	YPL036W
YDR258C	1.41934590049e-08	YJL217W
YDR258C	1.83503888614e-14	YLR130C
YDR258C	1.80677416422e-28	YNR053C
YDR258C	0.00078763724949	YLR258W
YDR258C	5.62385802014e-20	YDL110C
YDR258C	5.66282770453e-15	YER067W
YDR258C	1.19076071608e-07	YGL229C
YDR258C	2.15368001903e-12	YHR087W
YDR258C	5.0152974747e-11	YKL062W
YKL071W	2.05326280654e-08	YOR388C
YKL071W	1.64028090095e-05	YLR174W
YKL071W	3.28138637322e-06	YDL160C
YKL071W	0.27624803673	YHR216W
YKL071W	0.00528138816924	YJL153C
YNL194C	0.0464257930996	YDR216W
YNL194C	8.28811440642e-15	YMR280C
YNL194C	2.4482977397e-28	YHR136C
YNL194C	2.91068714347e-16	YDR171W
YNL194C	5.21456753612e-09	YGR043C
YNL194C	0.999999594082	YFL014W
YNL194C	0.0290189978804	YBR054W
YNL194C	0.999999999743	YER150W
YNL194C	1.0	YMR169C
YNL194C	4.74069683884e-05	YLR174W
YNL194C	0.286172344982	YIL136W
YNL194C	0.000674676386984	YER158C
YNL194C	5.71902250786e-07	YDL160C
YNL194C	3.79565540626e-14	YLR327C
YNL194C	0.0292048311936	YJR094C
YNL194C	0.000743381239248	YIL155C
YNL194C	0.0500667734284	YKL015W
YNL194C	0.00091997609129	YNL270C
YNL194C	1.3545448837e-07	YJL217W
YNL194C	1.84771946189e-10	YER067W
YNL194C	5.92726473379e-12	YLR178C
YNL194C	1.07228648021e-09	YOR032C
YNL194C	0.00236549956925	YHR216W
YNL194C	5.22307883662e-07	YHR087W
YNL194C	1.41537348073e-15	YKL062W
YLR276C	7.67760501159e-13	YBL103C
YLR276C	1.67996458822e-09	YKL112W
YLR276C	4.56511261764e-11	YER040W
YLR276C	1.26937131339e-05	YGR142W
YLR276C	7.33500784065e-11	YNL036W
YLR276C	2.92479943694e-16	YML123C
YLR276C	0.0110935432409	YCR021C
YLR276C	2.74725767196e-11	YGR043C
YLR276C	1.53962041638e-06	YHR018C
YLR276C	0.0514366815436	YAL054C
YLR276C	1.76590009692e-13	YDL170W
YLR276C	0.0140587658873	YDR384C
YLR276C	0.00165847520403	YKR075C
YLR276C	1.25028704313e-06	YLR009W
YLR276C	1.05769107823e-31	YPL111W
YLR276C	0.00920038949148	YJL172W
YLR276C	1.42695838786e-10	YPL012W
YLR276C	0.00467301515701	YOR100C
YLR276C	0.0008457879405	YNR046W
YLR276C	2.15530114293e-05	YJR110W
YLR276C	2.65762261011e-24	YMR193W
YLR276C	0.00623725603024	YGL254W
YLR276C	0.00406207986765	YER002W
YLR276C	0.0149074491875	YDL018C
YLR276C	2.50988450595e-06	YGR183C
YLR276C	3.29059634826e-06	YJR148W
YLR276C	0.00204230137036	YNR064C
YLR276C	1.79106172142e-05	YGR067C
YLR276C	1.48132329539e-32	YPL265W
YLR276C	1.23741396912e-27	YKR056W
YLR276C	0.0747744244428	YCL064C
YLR276C	1.10731261555e-21	YJL063C
YLR276C	0.0335730568519	YDL091C
YLR276C	0.00534460449095	YHR051W
YLR276C	0.000143510529375	YMR229C
YLR276C	2.80019352748e-07	YOR206W
YLR276C	1.70814303565e-10	YJL088W
YLR276C	7.07956155145e-34	YLL011W
YLR276C	2.53606131854e-11	YNR028W
YLR276C	0.0568669253374	YLR438W
YLR276C	0.70025750182	YNL037C
YLR276C	0.000832860889277	YKR009C
YLR276C	0.54809592276	YPR002W
YLR276C	1.15002639744e-08	YDR361C
YLR276C	2.54137018274e-24	YOR302W
YLR276C	0.00039336646504	YFR022W
YLR276C	0.00359600824978	YAL062W
YLR276C	0.000461020739073	YDR523C
YLR276C	0.0425376077741	YOR056C
YLR276C	6.39593107875e-10	YBL042C
YLR276C	6.78957499039e-19	YLR267W
YLR276C	2.6895304955e-11	YHR029C
YLR276C	0.000511234637516	YOL014W
YLR276C	2.49731226465e-34	YNR053C
YLR276C	3.61807120665e-05	YDR380W
YLR276C	6.31289879154e-06	YLL034C
YLR276C	1.64170186792e-23	YDL110C
YLR276C	2.46620865305e-14	YLR178C
YLR276C	0.0002164671963	YKL040C
YLR438W	3.56486745318e-28	YHR136C
YLR438W	1.85362970024e-08	YOR388C
YLR438W	0.00402223123951	YIL037C
YLR438W	0.0282407817228	YHR216W
YNL037C	1.52900754466e-22	YML123C
YNL037C	6.2901624958e-33	YHR136C
YNL037C	6.27954394893e-08	YOR388C
YNL037C	1.26247585653e-22	YMR193W
YNL037C	4.9615009483e-19	YJL063C
YNL037C	0.00324687752442	YKL071W
YNL037C	0.378644325895	YGL009C
YNL037C	1.23270126599e-19	YPR002W
YKR009C	7.19711189564e-16	YKL112W
YKR009C	5.59170075581e-18	YGR142W
YKR009C	8.65836728701e-20	YML123C
YKR009C	1.00341423588e-09	YCR021C
YKR009C	5.06036736079e-07	YGR043C
YKR009C	5.39557898592e-27	YHR018C
YKR009C	4.23745804517e-17	YAL054C
YKR009C	3.60686140586e-33	YFL014W
YKR009C	7.66691772372e-22	YDR384C
YKR009C	2.785806109e-09	YPL061W
YKR009C	3.67546872416e-08	YKR075C
YKR009C	4.3874146309e-40	YLR009W
YKR009C	1.10179150387e-08	YOR388C
YKR009C	1.70481474605e-30	YJL172W
YKR009C	1.81162373166e-41	YPL012W
YKR009C	2.60377448416e-15	YOR100C
YKR009C	1.77307541e-30	YMR169C
YKR009C	2.08071445026e-31	YNR046W
YKR009C	8.79276880698e-25	YMR193W
YKR009C	6.59039111771e-05	YGL254W
YKR009C	3.31421511592e-15	YER002W
YKR009C	1.05049450342e-20	YIL136W
YKR009C	4.87084189555e-07	YGR183C
YKR009C	0.000370853551405	YGR067C
YKR009C	2.78195299875e-22	YJL063C
YKR009C	1.02872017015e-19	YDL091C
YKR009C	0.238636515787	YHR051W
YKR009C	1.15121293512e-40	YOR206W
YKR009C	3.51019546195e-15	YDR043C
YKR009C	8.88264431331e-33	YNL194C
YKR009C	4.06352190326e-37	YLR276C
YKR009C	5.43217387712e-05	YLR438W
YKR009C	3.26121795017e-14	YNL037C
YKR009C	4.57856498541e-30	YDR361C
YKR009C	4.42980988446e-07	YFR022W
YKR009C	0.00110622251545	YAL062W
YKR009C	3.50569515234e-21	YOR056C
YKR009C	0.000361677227801	YOL014W
YKR009C	3.85454205163e-16	YLR258W
YKR009C	2.37380027091e-11	YDR380W
YKR009C	2.08316016518e-36	YLL034C
YKR009C	2.45707813373e-06	YLR178C
YKR009C	1.2392325484e-12	YGL229C
YKR009C	9.65285870933e-15	YKL062W
YKL015W	0.00668360983188	YIL037C
YKL015W	3.67745419606e-08	YOR032C
YGL009C	1.91556934186e-06	YOR388C
YGL009C	8.00139827493e-06	YLR174W
YGL009C	2.15721340545e-05	YJL217W
YGL009C	0.0074751029212	YJL153C
YPR002W	6.40021718473e-15	YBL103C
YPR002W	4.6675305414e-09	YCR021C
YPR002W	5.11889652801e-27	YAL054C
YPR002W	7.37938652226e-10	YCR010C
YPR002W	4.44166082269e-25	YDR384C
YPR002W	1.89140550042e-44	YLR009W
YPR002W	2.88582929873e-31	YJL172W
YPR002W	6.11022918318e-49	YPL012W
YPR002W	1.52326087395e-13	YOR100C
YPR002W	1.01108358768e-37	YNR046W
YPR002W	0.00161625265772	YIL037C
YPR002W	2.80056260462e-21	YMR229C
YPR002W	6.61170036135e-46	YOR206W
YPR002W	3.93178608741e-09	YNR028W
YPR002W	4.40329094858e-39	YLR276C
YPR002W	9.55984160636e-06	YNL037C
YPR002W	1.14514017036e-23	YOR302W
YPR002W	1.47926941206e-19	YHR029C
YPR002W	0.000404533836958	YOL014W
YPR002W	8.10896533217e-16	YDR380W
YPR002W	1.07728199654e-42	YLL034C
YPR002W	2.68137149713e-06	YKL040C
YDR361C	2.78775190442e-14	YBL103C
YDR361C	4.93766459422e-06	YKL112W
YDR361C	1.12659937813e-13	YER040W
YDR361C	0.0774637839467	YGR142W
YDR361C	3.55398287658e-17	YML123C
YDR361C	0.00112430831614	YCR021C
YDR361C	8.50393958035e-08	YGR043C
YDR361C	1.066629319e-07	YHR018C
YDR361C	5.69588397085e-08	YAL054C
YDR361C	1.69356277788e-15	YDL170W
YDR361C	2.023880312e-07	YDR384C
YDR361C	2.07174846265e-09	YPL061W
YDR361C	2.47222054391e-05	YKR075C
YDR361C	8.20441594184e-16	YLR009W
YDR361C	1.55180400285e-08	YJL172W
YDR361C	3.23844650456e-15	YPL012W
YDR361C	0.000765452559511	YOR100C
YDR361C	1.2783928292e-34	YMR169C
YDR361C	1.43591146993e-13	YNR046W
YDR361C	0.00261684367624	YGL254W
YDR361C	4.28130883611e-05	YER002W
YDR361C	5.2514289393e-09	YJR148W
YDR361C	1.85215050111e-05	YNR064C
YDR361C	7.06985511533e-05	YGR067C
YDR361C	0.0027653872192	YCL064C
YDR361C	8.13812735857e-23	YJL063C
YDR361C	5.36129474124e-09	YDL091C
YDR361C	0.000867982127094	YHR051W
YDR361C	4.88880797289e-08	YMR229C
YDR361C	5.6160536902e-14	YOR206W
YDR361C	4.14061753786e-10	YJL088W
YDR361C	1.23143526808e-13	YNR028W
YDR361C	2.29704531158e-15	YLR276C
YDR361C	0.014677792085	YLR438W
YDR361C	6.74472817467e-07	YNL037C
YDR361C	0.00187439449023	YKR009C
YDR361C	7.24904713201e-06	YKL015W
YDR361C	6.24886289465e-08	YPR002W
YDR361C	3.82561776507e-22	YOR302W
YDR361C	0.115971002035	YFR022W
YDR361C	0.0521411123401	YAL062W
YDR361C	2.12040958526e-07	YDR523C
YDR361C	2.50054923576e-11	YOR056C
YDR361C	1.49111141439e-14	YHR029C
YDR361C	5.32733585874e-06	YDR380W
YDR361C	1.44128675035e-13	YLL034C
YDR361C	4.02602765134e-08	YLR178C
YLL033W	8.91916642986e-21	YDR171W
YLL033W	1.33779217748e-17	YLR130C
YOR302W	1.98253846437e-05	YBL103C
YOR302W	1.29586570991e-14	YKL112W
YOR302W	2.30718245866e-17	YER040W
YOR302W	1.3631273544e-13	YDL170W
YOR302W	0.977056749875	YCR010C
YOR302W	0.997286329536	YPL061W
YOR302W	1.86490560037e-08	YOR388C
YOR302W	1.42925135175e-08	YNR064C
YOR302W	0.00159918502411	YIL037C
YOR302W	7.99896695124e-09	YJL088W
YOR302W	0.0362453971986	YNR028W
YOR302W	0.00266680484405	YGL009C
YOR302W	0.00105103339936	YNL270C
YOR302W	1.15174794921e-06	YFR022W
YOR302W	1.36954442425e-09	YHR029C
YOR302W	0.000497661333811	YOL014W
YNL270C	1.08480348324e-05	YLR174W
YNL270C	4.73306717159e-05	YDL160C
YNL270C	0.00237350253604	YIL037C
YNL270C	1.53766519947e-08	YJL217W
YNL270C	0.00177710034032	YHR216W
YNL270C	0.251581367043	YJL153C
YFR022W	9.83012764439e-06	YLR174W
YFR022W	0.00167811944472	YIL037C
YFR022W	0.447321775335	YNL270C
YFR022W	0.0122399940181	YJL153C
YAL062W	0.00508060900489	YIL037C
YAL062W	0.00126226831065	YNL270C
YAL062W	4.87066921728e-08	YJL217W
YDR523C	9.05628461894e-13	YNL036W
YDR523C	4.58158256624e-26	YPL111W
YDR523C	7.09860682897e-06	YDL018C
YDR523C	1.64315175085e-25	YPL265W
YDR523C	1.2935292833e-27	YKR056W
YDR523C	2.4278860133e-34	YLL011W
YDR523C	3.32403989403e-12	YDR043C
YDR523C	1.47479508458e-14	YNL037C
YDR523C	4.56688131375e-09	YPL036W
YDR523C	4.23463672535e-13	YBL042C
YDR523C	9.26846047412e-20	YLR267W
YDR523C	6.26427645106e-33	YNR053C
YDR523C	1.79756947683e-25	YDL110C
YDR523C	2.1952643879e-12	YGL229C
YPL036W	1.67131168952e-08	YOR388C
YPL036W	2.66699910542e-05	YLR174W
YPL036W	0.0197442984764	YJR094C
YPL036W	0.00244831016701	YNL270C
YPL036W	1.90702785465e-15	YLR130C
YPL036W	0.00589915402623	YJL153C
YJL217W	0.99999500175	YOR388C
YJL217W	0.232663933127	YJR094C
YJL217W	0.0531349489721	YGL009C
YJL217W	0.0115648277774	YJL153C
YOR056C	4.95276274544e-17	YMR280C
YOR056C	1.39834779665e-21	YER040W
YOR056C	2.76170691207e-16	YGR142W
YOR056C	5.159596947e-11	YNL036W
YOR056C	3.62642965473e-19	YML123C
YOR056C	3.90929501446e-23	YHR018C
YOR056C	3.44461337608e-13	YAL054C
YOR056C	6.35720709939e-25	YOR348C
YOR056C	9.60805274181e-22	YDL170W
YOR056C	3.75673908445e-15	YDR384C
YOR056C	2.91445055056e-08	YKR075C
YOR056C	7.16832337359e-28	YLR009W
YOR056C	2.50561422517e-25	YPL111W
YOR056C	6.53095335698e-22	YJL172W
YOR056C	1.23892033014e-32	YPL012W
YOR056C	1.56821815951e-09	YOR100C
YOR056C	2.18638658856e-18	YNR046W
YOR056C	5.02299266715e-06	YJR110W
YOR056C	6.88867574837e-24	YMR193W
YOR056C	0.00266663384808	YER002W
YOR056C	0.0268457821713	YDL018C
YOR056C	8.40006295557e-05	YGR183C
YOR056C	7.02759800427e-06	YJR148W
YOR056C	2.27269166925e-09	YNR064C
YOR056C	1.14768193374e-05	YGR067C
YOR056C	6.8236241495e-25	YPL265W
YOR056C	1.68931533611e-19	YKR056W
YOR056C	0.000319472254396	YCL064C
YOR056C	1.07629829359e-21	YJL063C
YOR056C	1.82964562473e-06	YDL091C
YOR056C	0.0757980647113	YHR051W
YOR056C	9.11572759538e-18	YMR229C
YOR056C	2.98042531664e-30	YOR206W
YOR056C	5.24533171234e-26	YLL011W
YOR056C	4.92311122706e-14	YDR043C
YOR056C	1.73825305114e-23	YDR258C
YOR056C	1.28075113066e-23	YLR276C
YOR056C	0.00136106393644	YLR438W
YOR056C	4.27540759415e-08	YNL037C
YOR056C	2.16339437852e-09	YKR009C
YOR056C	2.73880918082e-13	YPR002W
YOR056C	3.76934025591e-26	YDR361C
YOR056C	4.14646193858e-07	YFR022W
YOR056C	1.46270257763e-05	YAL062W
YOR056C	1.23250126556e-05	YDR523C
YOR056C	5.28534578765e-09	YPL036W
YOR056C	9.81682284172e-06	YBL042C
YOR056C	9.50488096355e-19	YLR267W
YOR056C	0.00316848123608	YOL014W
YOR056C	2.422630986e-26	YNR053C
YOR056C	4.42815044024e-17	YLR258W
YOR056C	4.03549911979e-09	YDR380W
YOR056C	4.3689382931e-23	YLL034C
YOR056C	1.52252524998e-17	YDL110C
YOR056C	7.12328204042e-14	YLR178C
YOR056C	1.1564827635e-08	YGL229C
YOR056C	3.83238491307e-07	YKL040C
YBL042C	2.00270427458e-25	YPL111W
YBL042C	7.08388300734e-25	YPL265W
YBL042C	4.53758318021e-26	YKR056W
YBL042C	8.48540494249e-33	YLL011W
YBL042C	1.24355612501e-05	YPL036W
YBL042C	2.47342731008e-14	YLR130C
YBL042C	3.77328119261e-31	YNR053C
YBL042C	1.06583572925e-22	YDL110C
YBL042C	6.22473139307e-12	YGL229C
YLR130C	3.8586109361e-14	YDR216W
YLR130C	1.73760928356e-10	YDR171W
YLR130C	1.40023404028e-07	YCR010C
YLR130C	1.76720488745e-22	YMR193W
YLR130C	2.60332648825e-07	YLL033W
YLR130C	0.000133583315873	YPL036W
YLR130C	0.00397764086383	YJL153C
YLR267W	4.27096010658e-05	YNL036W
YLR267W	1.34077168276e-17	YOR348C
YLR267W	2.91398998645e-14	YPL111W
YLR267W	0.000137359564075	YJR110W
YLR267W	0.00011178199243	YDL018C
YLR267W	2.22025942109e-06	YJR148W
YLR267W	1.5894686235e-11	YPL265W
YLR267W	3.78891486838e-17	YKR056W
YLR267W	0.0231683868081	YCL064C
YLR267W	3.26594016564e-22	YLL011W
YLR267W	9.3939818408e-10	YDR043C
YLR267W	1.04356619363e-15	YDR258C
YLR267W	8.89243024221e-06	YDR523C
YLR267W	0.000404587326354	YPL036W
YLR267W	4.12160420586e-10	YBL042C
YLR267W	4.13083179554e-14	YLR130C
YLR267W	1.38603660659e-20	YNR053C
YLR267W	3.18405924214e-16	YDL110C
YLR267W	2.48966884845e-06	YGL229C
YHR029C	4.95335495695e-05	YBL103C
YHR029C	7.79704683015e-08	YKL112W
YHR029C	5.62981459387e-06	YER040W
YHR029C	5.11966695558e-11	YGR142W
YHR029C	0.000143526546846	YCR021C
YHR029C	1.44673241573e-19	YHR018C
YHR029C	7.3990111395e-26	YAL054C
YHR029C	0.00117397394364	YDL170W
YHR029C	0.000548807610604	YCR010C
YHR029C	0.00266123645992	YPL061W
YHR029C	5.70570078252e-06	YKR075C
YHR029C	2.94903471397e-45	YLR009W
YHR029C	1.73031540007e-23	YJL172W
YHR029C	4.54381920184e-11	YOR100C
YHR029C	1.79586162302e-37	YNR046W
YHR029C	0.00062974032142	YGL254W
YHR029C	0.0424910931366	YNR064C
YHR029C	3.3248179321e-05	YGR067C
YHR029C	6.06642816884e-16	YMR229C
YHR029C	1.57530689372e-47	YOR206W
YHR029C	0.0180980345222	YJR094C
YHR029C	0.000205314991347	YJL088W
YHR029C	0.962290110854	YNR028W
YHR029C	2.71209489874e-41	YLR276C
YHR029C	2.23445542393e-07	YLR438W
YHR029C	1.85675616632e-11	YPR002W
YHR029C	7.52795042843e-38	YDR361C
YHR029C	0.999942318494	YOR302W
YHR029C	1.60306551699e-06	YFR022W
YHR029C	8.232611817e-07	YAL062W
YHR029C	0.0020294081722	YOL014W
YHR029C	1.1370713531e-43	YLL034C
YHR029C	9.60129458678e-06	YKL040C
YOL014W	5.89368620368e-06	YLR174W
YOL014W	7.61467551562e-07	YDL160C
YOL014W	0.351180884614	YJR094C
YOL014W	4.23300265342e-08	YJL217W
YNR053C	2.24928755994e-08	YMR280C
YNR053C	0.0630428356937	YNL036W
YNR053C	8.85897792921e-15	YDR171W
YNR053C	0.00496695676941	YOR348C
YNR053C	3.66677103274e-05	YPL111W
YNR053C	0.00292487182445	YJR110W
YNR053C	2.3104991991e-11	YER002W
YNR053C	0.162394671494	YDL018C
YNR053C	7.73917208378e-24	YIL136W
YNR053C	0.000277972734736	YGR183C
YNR053C	6.72467056947e-06	YER158C
YNR053C	0.0193835825649	YJR148W
YNR053C	0.932137661643	YPL265W
YNR053C	0.803917334336	YKR056W
YNR053C	2.64956326402e-05	YCL064C
YNR053C	3.36065958004e-21	YLR327C
YNR053C	8.85630823847e-22	YDL091C
YNR053C	0.00195916689917	YHL028W
YNR053C	3.28676606886e-16	YIL155C
YNR053C	0.999998591344	YLL011W
YNR053C	0.000521405009312	YDR043C
YNR053C	0.0200363204836	YDR258C
YNR053C	1.68445775414e-07	YLL033W
YNR053C	0.0018255224618	YDR523C
YNR053C	0.0134051597333	YPL036W
YNR053C	2.36986980844e-23	YOR056C
YNR053C	0.0250466865866	YBL042C
YNR053C	4.71806146437e-09	YLR130C
YNR053C	4.20996127773e-05	YLR267W
YNR053C	1.68882122826e-07	YLR258W
YNR053C	0.0388334395679	YDL110C
YNR053C	3.00896062275e-24	YER067W
YNR053C	0.237996198612	YGL229C
YNR053C	4.75368038444e-18	YHR087W
YNR053C	2.13952455737e-15	YKL062W
YLR258W	3.07000147993e-13	YMR280C
YLR258W	9.16885765751e-32	YHR136C
YLR258W	1.50425538807e-19	YDR171W
YLR258W	1.83173431711e-24	YFL014W
YLR258W	2.36717522303e-20	YOR348C
YLR258W	0.000255365995137	YBR054W
YLR258W	1.81016239937e-25	YER150W
YLR258W	1.45659000709e-33	YMR169C
YLR258W	1.13719388945e-12	YIL136W
YLR258W	0.000664885953151	YER158C
YLR258W	0.00168666985791	YIL037C
YLR258W	3.23940539785e-17	YLR327C
YLR258W	0.000124013891274	YHL028W
YLR258W	2.45588033469e-11	YIL155C
YLR258W	3.98796955539e-14	YDR043C
YLR258W	5.63567467384e-12	YDR258C
YLR258W	0.00558818568805	YKL071W
YLR258W	1.09698575515e-26	YNL194C
YLR258W	1.22530962181e-10	YLL033W
YLR258W	1.96974020366e-08	YJL217W
YLR258W	2.94346281443e-13	YER067W
YLR258W	7.49969061612e-12	YLR178C
YLR258W	9.9926756234e-08	YGL229C
YLR258W	2.79533466313e-07	YHR087W
YLR258W	0.933029805636	YKL062W
YDR380W	2.99542392022e-20	YML123C
YDR380W	6.72976624581e-33	YHR136C
YDR380W	1.24115126651e-09	YKR075C
YDR380W	3.30243776767e-08	YOR388C
YDR380W	2.36944052785e-25	YMR193W
YDR380W	0.37624574832	YKL071W
YDR380W	0.012153221876	YGL009C
YLL034C	1.59078590973e-13	YBL103C
YLL034C	6.22840112325e-09	YKL112W
YLL034C	7.79795726704e-12	YER040W
YLL034C	0.000135710196328	YGR142W
YLL034C	6.47581559646e-12	YNL036W
YLL034C	5.64961566939e-15	YML123C
YLL034C	0.00319922892104	YCR021C
YLL034C	4.55564197361e-10	YGR043C
YLL034C	6.4666921896e-08	YHR018C
YLL034C	0.000985387840473	YAL054C
YLL034C	5.71424117255e-14	YDL170W
YLL034C	0.00328754311997	YDR384C
YLL034C	0.000248500845531	YKR075C
YLL034C	1.48010106602e-06	YLR009W
YLL034C	8.44639926554e-33	YPL111W
YLL034C	3.18475217996e-06	YJL172W
YLL034C	5.53257163123e-08	YPL012W
YLL034C	0.00295842303491	YOR100C
YLL034C	1.65490694409e-34	YMR169C
YLL034C	0.00587523253286	YNR046W
YLL034C	3.00056435651e-06	YJR110W
YLL034C	3.37976745697e-24	YMR193W
YLL034C	0.00709269974246	YGL254W
YLL034C	0.845587381508	YER002W
YLL034C	0.00656909939677	YDL018C
YLL034C	3.61451977973e-05	YGR183C
YLL034C	6.71329681522e-08	YJR148W
YLL034C	0.000237832644192	YNR064C
YLL034C	5.23778827898e-05	YGR067C
YLL034C	1.72121593336e-33	YPL265W
YLL034C	1.2396939646e-27	YKR056W
YLL034C	0.00756314061433	YCL064C
YLL034C	2.04937311365e-21	YJL063C
YLL034C	0.160682594867	YDL091C
YLL034C	0.409136030279	YHR051W
YLL034C	1.15404607874e-07	YMR229C
YLL034C	5.5464251004e-07	YOR206W
YLL034C	1.86220633809e-11	YJL088W
YLL034C	5.21758350962e-34	YLL011W
YLL034C	5.26229840885e-14	YNR028W
YLL034C	2.42594099162e-15	YDR043C
YLL034C	1.3368567049e-05	YLR276C
YLL034C	0.0463897236859	YLR438W
YLL034C	0.00102218287077	YNL037C
YLL034C	0.00904166802399	YKR009C
YLL034C	0.00028396487455	YPR002W
YLL034C	1.52807500864e-06	YDR361C
YLL034C	1.9177148728e-24	YOR302W
YLL034C	0.00311325928971	YFR022W
YLL034C	0.0986669359336	YAL062W
YLL034C	2.32874998271e-05	YDR523C
YLL034C	0.307284219015	YOR056C
YLL034C	4.45526398822e-10	YBL042C
YLL034C	9.30998420804e-21	YLR267W
YLL034C	2.3878956321e-13	YHR029C
YLL034C	0.000352831074096	YOL014W
YLL034C	8.78043240912e-35	YNR053C
YLL034C	3.15023847371e-05	YDR380W
YLL034C	2.6266486968e-24	YDL110C
YLL034C	2.76012533474e-11	YLR178C
YLL034C	2.86330170748e-06	YKL040C
YDL110C	6.2529015301e-08	YMR280C
YDL110C	0.000553657711459	YNL036W
YDL110C	3.40974524291e-18	YDR171W
YDL110C	0.000119266141089	YOR348C
YDL110C	5.20352395509e-05	YBR054W
YDL110C	3.01635239283e-35	YER150W
YDL110C	7.97985468221e-13	YPL111W
YDL110C	3.12019836937e-15	YER002W
YDL110C	0.00583636097368	YDL018C
YDL110C	9.77431947598e-23	YIL136W
YDL110C	0.134934923375	YGR183C
YDL110C	3.06884656187e-06	YER158C
YDL110C	2.75481478612e-08	YJR148W
YDL110C	5.15370093651e-10	YPL265W
YDL110C	3.37094705111e-10	YKR056W
YDL110C	3.16452792709e-20	YLR327C
YDL110C	3.20171346824e-07	YHR051W
YDL110C	0.00131034690074	YHL028W
YDL110C	1.91390785984e-15	YIL155C
YDL110C	4.53209150494e-13	YLL011W
YDL110C	2.78323329269e-07	YDR043C
YDL110C	3.0101695945e-06	YDR258C
YDL110C	2.77372035267e-35	YNL194C
YDL110C	1.67667722463e-08	YLL033W
YDL110C	0.00369974127742	YPL036W
YDL110C	3.41478923768e-06	YBL042C
YDL110C	5.12092284222e-11	YLR130C
YDL110C	4.66795928221e-13	YLR267W
YDL110C	1.87434001743e-14	YNR053C
YDL110C	2.52655019254e-06	YLR258W
YDL110C	2.01229799045e-24	YER067W
YDL110C	0.000615870377913	YGL229C
YDL110C	1.09970231453e-17	YHR087W
YDL110C	4.64826225941e-14	YKL062W
YER067W	1.12932280948e-06	YDR216W
YER067W	4.54204563894e-17	YMR280C
YER067W	3.01769797756e-33	YHR136C
YER067W	0.993967996017	YDR171W
YER067W	4.3421127425e-21	YFL014W
YER067W	0.00179634744862	YBR054W
YER067W	7.19559721731e-10	YCR010C
YER067W	1.88968575633e-10	YER150W
YER067W	4.17272781072e-08	YOR388C
YER067W	8.84483835721e-26	YMR169C
YER067W	1.3287552008e-16	YIL136W
YER067W	5.50640891731e-05	YER158C
YER067W	0.000279166686098	YDL160C
YER067W	0.999962380402	YLR327C
YER067W	2.83566533341e-07	YHL028W
YER067W	1.98484728296e-05	YIL155C
YER067W	5.43252737353e-22	YDR258C
YER067W	0.0126206245356	YKL071W
YER067W	3.78186621124e-16	YNL194C
YER067W	0.00111699830736	YLL033W
YER067W	7.94038386942e-08	YJL217W
YER067W	1.06404170024e-14	YLR130C
YER067W	3.94645777785e-12	YLR258W
YER067W	0.99776873921	YHR087W
YER067W	3.17595596685e-17	YKL062W
YLR178C	4.93298789185e-14	YMR280C
YLR178C	1.20049903895e-22	YML123C
YLR178C	5.99675212113e-30	YHR136C
YLR178C	0.999989354839	YGR043C
YLR178C	4.63982074022e-13	YFL014W
YLR178C	0.000100175230665	YBR054W
YLR178C	4.657445211e-23	YER150W
YLR178C	1.377685338e-19	YMR169C
YLR178C	0.713788819293	YIL136W
YLR178C	0.0146357445492	YER158C
YLR178C	0.00119025761939	YGR067C
YLR178C	1.088390666e-22	YJL063C
YLR178C	0.046472085739	YIL037C
YLR178C	2.16800086295e-07	YHR051W
YLR178C	8.29006496009e-11	YHL028W
YLR178C	2.24563694787e-13	YIL155C
YLR178C	1.12524014565e-15	YDR043C
YLR178C	3.27290474719e-24	YDR258C
YLR178C	0.00543442719137	YKL071W
YLR178C	4.33840205764e-14	YNL194C
YLR178C	4.58857208182e-21	YKR009C
YLR178C	0.906543203232	YKL015W
YLR178C	0.0505858527476	YGL009C
YLR178C	2.40488321449e-06	YFR022W
YLR178C	0.000400757863336	YOL014W
YLR178C	3.59581715258e-07	YLR258W
YLR178C	1.72128370405e-24	YER067W
YLR178C	3.15903710077e-13	YGL229C
YLR178C	7.12259185028e-09	YOR032C
YLR178C	1.52188847573e-15	YHR087W
YLR178C	0.0664885032636	YKL062W
YGL229C	0.0235040442016	YGL009C
YGL229C	0.00186966605681	YOL014W
YOR032C	0.125292181245	YER158C
YOR032C	1.39137524004e-05	YDL160C
YOR032C	0.0169580727252	YJR094C
YOR032C	2.97317081721e-06	YKL015W
YOR032C	0.00447980466536	YHR216W
YOR032C	0.00456044232107	YJL153C
YHR216W	1.79330127716e-05	YDL160C
YHR216W	0.0434284286467	YKL071W
YJL153C	2.56651597806e-06	YOR388C
YJL153C	0.0219269549715	YJR094C
YJL153C	0.0187442730091	YNL270C
YJL153C	5.8394636449e-08	YJL217W
YKL040C	1.51013230635e-13	YDR216W
YKL040C	7.20312860067e-09	YCR010C
YKL040C	1.684845246e-06	YLR174W
YKL040C	0.00645487921833	YDL018C
YKL040C	0.00134373019732	YNL270C
YKL040C	0.0985984527084	YJL153C
YHR087W	6.5075895179e-08	YDR216W
YHR087W	6.7951380613e-11	YMR280C
YHR087W	3.62284520597e-32	YHR136C
YHR087W	0.00603177021245	YDR171W
YHR087W	2.31713446379e-16	YFL014W
YHR087W	2.01263088252e-19	YOR348C
YHR087W	0.263693668666	YBR054W
YHR087W	2.39930265078e-11	YER150W
YHR087W	1.01079993952e-08	YOR388C
YHR087W	4.07723203008e-25	YMR169C
YHR087W	4.456500802e-07	YIL136W
YHR087W	8.68664007204e-05	YER158C
YHR087W	1.32503951018e-05	YDL160C
YHR087W	9.14738686696e-06	YLR327C
YHR087W	0.000139246179223	YHL028W
YHR087W	0.998564754153	YIL155C
YHR087W	2.07070825468e-19	YDR258C
YHR087W	1.07143509975e-12	YNL194C
YHR087W	2.39942604013e-06	YKL015W
YHR087W	0.00144805688031	YGL009C
YHR087W	1.51765512819e-06	YLL033W
YHR087W	3.32786786608e-08	YJL217W
YHR087W	7.76882109875e-14	YLR130C
YHR087W	3.75622741247e-06	YLR258W
YHR087W	0.999997821217	YER067W
YHR087W	0.00134808298939	YHR216W
YHR087W	1.15395308348e-15	YKL062W
YKL062W	1.18817927929e-14	YDR216W
YKL062W	3.07986362259e-13	YMR280C
YKL062W	5.66112047885e-32	YHR136C
YKL062W	2.85779600865e-14	YFL014W
YKL062W	1.36513990001e-25	YOR348C
YKL062W	9.53274341869e-26	YER150W
YKL062W	2.73550390771e-30	YMR169C
YKL062W	7.67770226577e-09	YIL136W
YKL062W	0.250365676639	YER158C
YKL062W	0.002694206733	YIL037C
YKL062W	0.0982041721004	YHL028W
YKL062W	0.0207503254563	YJR094C
YKL062W	1.36893601631e-09	YIL155C
YKL062W	1.92817856128e-14	YDR043C
YKL062W	5.17684777883e-19	YDR258C
YKL062W	0.341227679514	YKL071W
YKL062W	3.11703231093e-22	YNL194C
YKL062W	6.57256233815e-05	YKL015W
YKL062W	0.999204648516	YLR258W
YKL062W	2.53678986348e-18	YER067W
YKL062W	1.48508473138e-06	YLR178C
YKL062W	9.87507748859e-12	YGL229C
YKL062W	8.42994883063e-07	YOR032C
YKL062W	1.10490153797e-16	YHR087W
