YBL103C	8.41074598218e-11	YOR302W
YKL112W	3.15107501497e-05	YPL061W
YKL112W	0.0610647348598	YIL037C
YDR216W	0.000365835449779	YCR010C
YDR216W	0.991259403265	YLR174W
YDR216W	0.262881396159	YHR216W
YER040W	0.309349876213	YBL103C
YER040W	0.929124501359	YDL170W
YER040W	7.13050671013e-05	YJL088W
YER040W	3.83963524971e-05	YNR028W
YER040W	9.05279582558e-06	YOR302W
YER040W	0.00302549230849	YHR029C
YGR142W	0.96591400812	YKR075C
YGR142W	0.190720606474	YGL254W
YML123C	1.0	YHR136C
YML123C	0.0307243765189	YIL037C
YHR136C	1.0	YML123C
YHR136C	0.03099199889	YIL037C
YDR171W	0.203667686052	YBR054W
YDR171W	2.84617791176e-05	YLR327C
YDR171W	0.998878315829	YLL033W
YDR171W	0.999999809641	YLR130C
YDR171W	8.66968432673e-08	YER067W
YGR043C	1.01537282135e-16	YMR169C
YGR043C	0.00815807506272	YKL015W
YGR043C	0.0846626081991	YGL009C
YGR043C	0.114182980414	YNL270C
YGR043C	0.0340717864414	YOL014W
YHR018C	8.78058820851e-09	YBL103C
YHR018C	0.995013523168	YKL112W
YHR018C	0.999377081797	YER040W
YHR018C	0.157485627333	YGR142W
YHR018C	0.0770497410259	YCR021C
YHR018C	0.0696944566025	YDL170W
YHR018C	0.0160370585968	YKR075C
YHR018C	0.0036611923666	YJL172W
YHR018C	0.333570037007	YGL254W
YHR018C	0.00334531831686	YMR229C
YHR018C	0.999648156156	YJL088W
YHR018C	0.612037813316	YLR438W
YHR018C	0.110389097763	YAL062W
YHR018C	0.965111295645	YHR029C
YAL054C	0.0321686365007	YGR067C
YAL054C	0.0664251102274	YAL062W
YFL014W	0.0194336088916	YDR216W
YFL014W	3.51632749563e-29	YHR136C
YFL014W	0.187009866454	YBR054W
YFL014W	3.91669577463e-11	YER150W
YFL014W	1.62411579416e-19	YMR169C
YFL014W	3.83823863209e-05	YIL136W
YFL014W	0.969615305558	YNL194C
YFL014W	0.0217362923447	YKL015W
YFL014W	1.25823167469e-07	YKL062W
YOR348C	0.999999168261	YMR280C
YOR348C	4.91820233857e-09	YDR171W
YOR348C	0.894995256495	YHL028W
YOR348C	2.61942239652e-06	YLL033W
YOR348C	8.61783049828e-08	YLR130C
YDL170W	0.690580756072	YBL103C
YDL170W	0.000588821623684	YER040W
YDL170W	0.0139076034959	YCR010C
YDL170W	9.20993291006e-06	YPL061W
YDL170W	0.000329303579741	YJR110W
YDL170W	7.12329276534e-05	YJL088W
YDL170W	5.15861748606e-06	YNR028W
YDL170W	4.86268406615e-05	YOR302W
YDL170W	0.000573586940927	YHR029C
YBR054W	0.00858176616994	YLR174W
YBR054W	3.12180815328e-05	YDL160C
YBR054W	0.348447227011	YGL009C
YCR010C	0.00039706405185	YDL160C
YER150W	0.00538392196602	YDR216W
YER150W	9.14925911017e-13	YFL014W
YER150W	0.295785309669	YBR054W
YER150W	2.91427475943e-14	YMR169C
YER150W	6.96010749106e-09	YLR327C
YER150W	2.02516474034e-06	YIL155C
YER150W	0.0226498706484	YNL194C
YER150W	2.09115000857e-06	YER067W
YPL061W	0.0661900472609	YHR216W
YLR009W	4.66908079386e-09	YER040W
YLR009W	2.9714792009e-15	YML123C
YLR009W	0.0688873651117	YCR021C
YLR009W	0.000686947467312	YHR018C
YLR009W	0.501135778709	YAL054C
YLR009W	0.0239671092332	YDR384C
YLR009W	0.00618359252933	YKR075C
YLR009W	0.136048540624	YJL172W
YLR009W	1.57491039186e-05	YPL012W
YLR009W	0.0379208677224	YOR100C
YLR009W	0.302491449169	YNR046W
YLR009W	0.0550940646561	YER002W
YLR009W	0.0236948465483	YNR064C
YLR009W	0.272015485552	YCL064C
YLR009W	0.352188194115	YDL091C
YLR009W	0.000571351605648	YMR229C
YLR009W	0.0136256799489	YOR206W
YLR009W	0.057383435775	YLR276C
YLR009W	0.107511642667	YLR438W
YLR009W	0.109373345969	YNL037C
YLR009W	0.0413873848863	YKR009C
YLR009W	0.108116009472	YPR002W
YLR009W	0.000188522301897	YDR361C
YLR009W	0.00340204906825	YFR022W
YLR009W	0.109285371668	YOR056C
YLR009W	0.000269153762259	YDR380W
YLR009W	0.0320783599802	YLL034C
YPL111W	0.00509387395518	YNL036W
YPL111W	1.52687034728e-07	YOR348C
YPL111W	3.36586282848e-05	YPL265W
YPL111W	7.66496604509e-10	YKR056W
YPL111W	3.3501503384e-15	YLL011W
YPL111W	0.000182402999409	YDR043C
YPL111W	0.0847558996858	YPL036W
YPL111W	6.17066305607e-08	YLR267W
YPL111W	2.55637268592e-14	YNR053C
YPL111W	1.15263775428e-09	YDL110C
YOR388C	0.0497125388976	YJR094C
YOR388C	0.999978005586	YJL217W
YOR388C	0.556520221153	YJL153C
YJL172W	0.00486045918145	YKL112W
YJL172W	2.84620956848e-05	YER040W
YJL172W	0.0256599837897	YGR142W
YJL172W	0.61435541855	YCR021C
YJL172W	0.992399168356	YHR018C
YJL172W	0.0137327783992	YAL054C
YJL172W	7.06808017642e-06	YDL170W
YJL172W	0.00671321334849	YKR075C
YJL172W	0.936846187312	YOR100C
YJL172W	0.145050828243	YGL254W
YJL172W	0.040530994921	YNR064C
YJL172W	0.169950270548	YCL064C
YJL172W	0.994824457235	YMR229C
YJL172W	3.9908448935e-06	YJL088W
YJL172W	0.0150328485944	YNL037C
YJL172W	0.0655393575158	YPR002W
YJL172W	0.463018431065	YAL062W
YJL172W	0.031289589342	YHR029C
YPL012W	0.582305580729	YGR142W
YPL012W	2.15459699217e-13	YML123C
YPL012W	0.0833700199654	YCR021C
YPL012W	7.17755142224e-06	YHR018C
YPL012W	0.887811855662	YDR384C
YPL012W	0.0011388063285	YLR009W
YPL012W	9.3584941997e-05	YJL172W
YPL012W	0.000981264891997	YNR046W
YPL012W	0.16716560561	YGL254W
YPL012W	0.0569364328487	YCL064C
YPL012W	0.0746764221255	YHR051W
YPL012W	0.986373485375	YOR206W
YPL012W	0.000473567782448	YLR276C
YPL012W	0.0819412180139	YLR438W
YPL012W	0.123572357187	YKR009C
YPL012W	0.0538078717445	YDR361C
YPL012W	0.24063358354	YAL062W
YPL012W	0.993804897087	YDR380W
YPL012W	0.0867045431104	YLL034C
YPL012W	8.89484169969e-11	YLR178C
YOR100C	0.963091886151	YGR067C
YOR100C	0.0192524702602	YOL014W
YMR169C	0.000557988541712	YDR216W
YMR169C	9.73221785241e-06	YGR043C
YMR169C	0.0512868182418	YJR094C
YMR169C	0.00480034034456	YNL194C
YMR169C	0.0589942690164	YHR216W
YNR046W	0.0539398582378	YAL054C
YNR046W	4.60583232205e-10	YLR009W
YNR046W	2.06627089414e-14	YPL012W
YNR046W	0.0591403243366	YER002W
YNR046W	0.262886004	YDL018C
YNR046W	0.207389490425	YDL091C
YNR046W	1.43276968998e-11	YOR206W
YNR046W	5.91062391716e-08	YLR276C
YNR046W	0.0342830035535	YNL037C
YNR046W	0.0298859324939	YKR009C
YNR046W	0.000880009665001	YPR002W
YNR046W	0.00473847950763	YDR523C
YNR046W	0.507535495311	YOR056C
YNR046W	8.46188465418e-05	YDR380W
YNR046W	1.93883506887e-07	YLL034C
YNR046W	0.000207908807176	YKL040C
YJR110W	0.000417819710985	YKL040C
YMR193W	1.0	YJL063C
YMR193W	0.999245192084	YDL160C
YMR193W	0.0488275511572	YKL071W
YLR174W	0.0224478987737	YNL270C
YDL018C	0.046662702391	YJL153C
YDL018C	0.996003500305	YKL040C
YIL136W	3.58421950432e-07	YMR280C
YIL136W	1.54400689411e-29	YHR136C
YIL136W	4.05916154625e-07	YFL014W
YIL136W	4.64921746132e-12	YER150W
YIL136W	1.38627962299e-17	YMR169C
YIL136W	0.000668143706404	YIL155C
YIL136W	0.002934483448	YNL194C
YIL136W	0.0111021781917	YKL015W
YIL136W	0.999996017488	YLR178C
YIL136W	0.00222771083941	YHR087W
YIL136W	0.000481565226836	YKL062W
YER158C	0.99999908425	YOR032C
YJR148W	0.000520116128024	YDR523C
YNR064C	0.00449862131225	YOL014W
YGR067C	8.4745520073e-05	YLR174W
YGR067C	0.828469138406	YIL037C
YGR067C	0.209294609346	YNL270C
YGR067C	0.938966867093	YOL014W
YPL265W	0.642917858743	YNL036W
YPL265W	0.0466048298634	YOR348C
YPL265W	0.999958388387	YPL111W
YPL265W	0.995826662507	YJR110W
YPL265W	0.964219673427	YJR148W
YPL265W	0.0831737552917	YKR056W
YPL265W	1.39441608914e-06	YLL011W
YPL265W	0.998297741194	YDR043C
YPL265W	0.0153155292781	YDR258C
YPL265W	0.992453332429	YDR523C
YPL265W	0.891835460935	YPL036W
YPL265W	0.973968373557	YBL042C
YPL265W	8.02969995361e-08	YLR130C
YPL265W	0.999956832185	YLR267W
YPL265W	1.93066065967e-05	YNR053C
YPL265W	0.0221157965652	YDL110C
YPL265W	0.456187548908	YGL229C
YKR056W	1.38650361943e-07	YPL111W
YKR056W	0.000525910938975	YJR110W
YKR056W	0.0931808849556	YDL018C
YKR056W	0.0118405493608	YJR148W
YKR056W	0.000506420838006	YPL265W
YKR056W	1.42392520715e-08	YLL011W
YKR056W	1.06275133359e-05	YDR043C
YKR056W	2.54925972411e-07	YDR258C
YKR056W	0.00520986012615	YPL036W
YKR056W	0.00037985979658	YBL042C
YKR056W	1.45134077709e-08	YLR267W
YKR056W	1.01382394006e-07	YNR053C
YKR056W	8.80766040362e-05	YDL110C
YKR056W	0.267987593003	YGL229C
YJL063C	1.0	YMR193W
YJL063C	0.0682472773065	YKL071W
YDL160C	1.96985254708e-22	YMR193W
YDL160C	0.173011492266	YNL270C
YDL160C	0.310100487566	YHR216W
YIL037C	8.46311167052e-08	YOR388C
YLR327C	0.928196776237	YDR216W
YLR327C	2.28659689148e-07	YDR171W
YLR327C	8.61326072809e-08	YOR388C
YLR327C	5.47386643705e-07	YLL033W
YLR327C	7.00716122336e-10	YER067W
YDL091C	4.08655979009e-05	YBL042C
YHR051W	1.36756275137e-21	YMR193W
YHR051W	0.859179754165	YGR183C
YHR051W	7.40766338737e-09	YOR032C
YHL028W	0.579604649533	YER158C
YMR229C	0.000118692160335	YKL112W
YMR229C	2.96492032309e-07	YGR043C
YMR229C	5.13248456171e-06	YPL061W
YMR229C	0.848094618526	YNR064C
YMR229C	0.00317673941059	YGR067C
YMR229C	0.00142022495511	YNR028W
YMR229C	1.78582793816e-09	YOR302W
YMR229C	0.853359534507	YFR022W
YMR229C	3.57632025939e-08	YHR029C
YOR206W	2.38782400382e-06	YKL112W
YOR206W	0.156695386805	YGR142W
YOR206W	1.50504583225e-14	YML123C
YOR206W	0.156337455347	YCR021C
YOR206W	0.00690516700445	YHR018C
YOR206W	0.379677946058	YAL054C
YOR206W	1.49911013686e-11	YDL170W
YOR206W	0.0708710589454	YDR384C
YOR206W	0.00515212740511	YKR075C
YOR206W	0.998858462823	YLR009W
YOR206W	0.850995830614	YJL172W
YOR206W	0.999984195428	YPL012W
YOR206W	0.0175847942941	YOR100C
YOR206W	0.689806265457	YNR046W
YOR206W	0.163492922666	YGL254W
YOR206W	0.0323504044188	YER002W
YOR206W	0.0440895510721	YNR064C
YOR206W	0.422315551098	YCL064C
YOR206W	0.24597187109	YDL091C
YOR206W	0.0766638048275	YHR051W
YOR206W	0.00111535974452	YMR229C
YOR206W	0.942129568769	YLR276C
YOR206W	0.134015490281	YLR438W
YOR206W	0.139660102997	YNL037C
YOR206W	0.796087376209	YKR009C
YOR206W	0.277053916093	YPR002W
YOR206W	0.946002066378	YDR361C
YOR206W	0.023582893046	YFR022W
YOR206W	0.0333095264463	YOR056C
YOR206W	0.00580514808565	YDR380W
YOR206W	0.881210590127	YLL034C
YJR094C	1.81911806537e-07	YJL217W
YIL155C	3.47150380843e-09	YLR327C
YIL155C	1.04900364494e-07	YJL217W
YIL155C	2.48269162441e-06	YHR087W
YLL011W	3.88295303217e-07	YMR280C
YLL011W	0.288383966398	YNL036W
YLL011W	0.948308793968	YOR348C
YLL011W	4.80525127478e-06	YPL111W
YLL011W	0.000390686530263	YJR110W
YLL011W	0.440221810418	YDL018C
YLL011W	0.0054996313527	YGR183C
YLL011W	0.00454876261421	YJR148W
YLL011W	0.0673222583602	YPL265W
YLL011W	0.112908909269	YKR056W
YLL011W	0.00342348256872	YHL028W
YLL011W	0.000987823138174	YDR043C
YLL011W	0.9646448822	YDR258C
YLL011W	0.00473601484843	YPL036W
YLL011W	0.000563264445467	YBL042C
YLL011W	1.91651958713e-08	YLR130C
YLL011W	9.91982036518e-07	YLR267W
YLL011W	0.999980592011	YNR053C
YLL011W	4.42552964622e-07	YLR258W
YLL011W	0.93896268611	YDL110C
YLL011W	0.0371252851984	YGL229C
YNR028W	0.00770035185915	YCR010C
YNR028W	0.00315426654056	YKL040C
YDR043C	0.0284462775752	YER158C
YDR043C	2.85732189293e-08	YOR032C
YDR258C	0.000787638028389	YLR258W
YDR258C	5.0152974747e-11	YKL062W
YKL071W	0.301833799998	YHR216W
YNL194C	0.0464277043632	YDR216W
YNL194C	2.4482977397e-28	YHR136C
YNL194C	0.999999594082	YFL014W
YNL194C	0.0310834978387	YBR054W
YNL194C	0.999999999743	YER150W
YNL194C	1.0	YMR169C
YNL194C	4.74121425716e-05	YLR174W
YNL194C	0.286172344985	YIL136W
YNL194C	0.000743382613392	YIL155C
YNL194C	0.050192042567	YKL015W
YNL194C	1.35454573463e-07	YJL217W
YNL194C	1.84771946199e-10	YER067W
YNL194C	5.22308022602e-07	YHR087W
YLR276C	1.5396212858e-06	YHR018C
YLR276C	0.0515136385952	YAL054C
YLR276C	0.0140617380256	YDR384C
YLR276C	1.25028704313e-06	YLR009W
YLR276C	0.00920085145304	YJL172W
YLR276C	1.42695838786e-10	YPL012W
YLR276C	0.0046832488338	YOR100C
YLR276C	0.000845787941538	YNR046W
YLR276C	0.00408008347797	YER002W
YLR276C	0.0787822599534	YCL064C
YLR276C	1.10731261555e-21	YJL063C
YLR276C	0.0336067227177	YDL091C
YLR276C	0.000143513098119	YMR229C
YLR276C	2.80019352748e-07	YOR206W
YLR276C	0.0644938357219	YLR438W
YLR276C	0.701650698886	YNL037C
YLR276C	0.548410707254	YPR002W
YLR276C	1.15002639766e-08	YDR361C
YLR276C	0.000461328967721	YDR523C
YLR276C	0.0425434176968	YOR056C
YLR276C	3.61822183054e-05	YDR380W
YLR276C	6.31289879154e-06	YLL034C
YLR276C	0.000216504636235	YKL040C
YLR438W	3.56486745318e-28	YHR136C
YNL037C	1.26247585653e-22	YMR193W
YNL037C	4.9615009483e-19	YJL063C
YNL037C	0.444994324869	YGL009C
YKR009C	5.0603674892e-07	YGR043C
YKR009C	0.00037124000188	YGR067C
YKR009C	0.27989142775	YHR051W
YKR009C	2.45707813401e-06	YLR178C
YKL015W	3.67745425468e-08	YOR032C
YGL009C	1.9155700035e-06	YOR388C
YGL009C	2.15721476061e-05	YJL217W
YDR361C	4.9376661264e-06	YKL112W
YDR361C	0.0778534213427	YGR142W
YDR361C	8.50393979614e-08	YGR043C
YDR361C	0.116527329396	YFR022W
YDR361C	4.0260276518e-08	YLR178C
YOR302W	1.98253847422e-05	YBL103C
YOR302W	0.977477165439	YCR010C
YOR302W	0.997292892858	YPL061W
YOR302W	0.036245423044	YNR028W
YNL270C	4.73347922539e-05	YDL160C
YNL270C	0.275458953313	YJL153C
YFR022W	0.4810630192	YNL270C
YFR022W	0.0134016917883	YJL153C
YPL036W	2.66729019221e-05	YLR174W
YJL217W	0.999995347149	YOR388C
YJL217W	0.335616976199	YJR094C
YJL217W	0.0624458076558	YGL009C
YOR056C	0.0288986265701	YDL018C
YOR056C	8.4015354988e-05	YGR183C
YOR056C	7.02774458075e-06	YJR148W
YOR056C	1.07629829359e-21	YJL063C
YOR056C	0.0889018534434	YHR051W
YOR056C	0.00321025489327	YOL014W
YLR130C	1.73760928359e-10	YDR171W
YLR130C	1.76720488745e-22	YMR193W
YHR029C	4.95335498154e-05	YBL103C
YHR029C	5.62981461339e-06	YER040W
YHR029C	0.00117397394365	YDL170W
YHR029C	0.000549043755804	YCR010C
YHR029C	0.002661253974	YPL061W
YHR029C	0.0435899889327	YNR064C
YHR029C	0.00020531500386	YJL088W
YHR029C	0.962290797031	YNR028W
YHR029C	0.999942318494	YOR302W
YOL014W	0.506577298032	YJR094C
YNR053C	2.24928758258e-08	YMR280C
YNR053C	0.0630505752219	YNL036W
YNR053C	0.00496695732669	YOR348C
YNR053C	3.66677103274e-05	YPL111W
YNR053C	0.00292743644381	YJR110W
YNR053C	0.174812674056	YDL018C
YNR053C	0.00027802146376	YGR183C
YNR053C	0.0193839868535	YJR148W
YNR053C	0.932137661658	YPL265W
YNR053C	0.803917334336	YKR056W
YNR053C	0.0019612438657	YHL028W
YNR053C	0.999998591344	YLL011W
YNR053C	0.000521405154988	YDR043C
YNR053C	0.0200363234254	YDR258C
YNR053C	0.00182674296725	YDR523C
YNR053C	0.0134627644044	YPL036W
YNR053C	0.0250476366027	YBL042C
YNR053C	4.71806146646e-09	YLR130C
YNR053C	4.20996127957e-05	YLR267W
YNR053C	0.0388334395679	YDL110C
YNR053C	0.238083476661	YGL229C
YLR258W	2.79533540672e-07	YHR087W
YLR258W	0.933029805636	YKL062W
YDR380W	0.436583035047	YKL071W
YLL034C	5.64961566939e-15	YML123C
YLL034C	0.00328823813352	YDR384C
YLL034C	1.48010106602e-06	YLR009W
YLL034C	5.53257163123e-08	YPL012W
YLL034C	0.00296490183802	YOR100C
YLL034C	0.00587523254006	YNR046W
YLL034C	0.84933512311	YER002W
YLL034C	2.04937311365e-21	YJL063C
YLL034C	0.160843721651	YDL091C
YLL034C	0.479866491853	YHR051W
YLL034C	5.5464251004e-07	YOR206W
YLL034C	1.33685670492e-05	YLR276C
YLL034C	0.00906694922408	YKR009C
YLL034C	1.52807500894e-06	YDR361C
YLL034C	0.00312819398284	YFR022W
YLL034C	0.119533777404	YAL062W
YLL034C	0.307326188877	YOR056C
YDL110C	6.25290159305e-08	YMR280C
YDL110C	0.000553725681902	YNL036W
YDL110C	0.00011926615447	YOR348C
YDL110C	7.97985468221e-13	YPL111W
YDL110C	0.134958577663	YGR183C
YDL110C	5.15370093659e-10	YPL265W
YDL110C	3.37094705111e-10	YKR056W
YDL110C	0.00131173603541	YHL028W
YDL110C	4.53209150494e-13	YLL011W
YDL110C	3.01017003646e-06	YDR258C
YDL110C	1.87434001743e-14	YNR053C
YDL110C	2.52655269106e-06	YLR258W
YDL110C	0.000616096230112	YGL229C
YER067W	0.993967996036	YDR171W
YER067W	1.88968575633e-10	YER150W
YER067W	0.000279190989935	YDL160C
YER067W	0.999962380402	YLR327C
YER067W	1.98485095196e-05	YIL155C
YER067W	0.00111699970523	YLL033W
YER067W	0.997769004627	YHR087W
YLR178C	0.999989380214	YGR043C
YLR178C	4.63982074022e-13	YFL014W
YLR178C	0.713788819301	YIL136W
YLR178C	0.0146978235651	YER158C
YLR178C	0.00119149793546	YGR067C
YLR178C	0.0487497513249	YIL037C
YLR178C	0.908811411834	YKL015W
YLR178C	0.0594500322648	YGL009C
YLR178C	0.0664885032636	YKL062W
YOR032C	0.125823620918	YER158C
YHR216W	0.0503929021672	YKL071W
YJL153C	2.56651686453e-06	YOR388C
YKL040C	0.107956431355	YJL153C
YHR087W	0.00603177021257	YDR171W
YHR087W	0.282453639986	YBR054W
YHR087W	2.39930265078e-11	YER150W
YHR087W	4.45650080205e-07	YIL136W
YHR087W	9.14738686696e-06	YLR327C
YHR087W	0.998566600006	YIL155C
YHR087W	1.07143509975e-12	YNL194C
YHR087W	1.51765702747e-06	YLL033W
YHR087W	3.75623112703e-06	YLR258W
YHR087W	0.999997821268	YER067W
YKL062W	2.85779600865e-14	YFL014W
YKL062W	7.67770226586e-09	YIL136W
YKL062W	0.251427628408	YER158C
YKL062W	0.0983082810353	YHL028W
YKL062W	0.395949234322	YKL071W
YKL062W	0.999205636635	YLR258W
YKL062W	1.48508473155e-06	YLR178C
YKL062W	8.429948965e-07	YOR032C
