YBL103C	1.33077659264e-05	YKL112W
YBL103C	0.03334360394	YER040W
YBL103C	1.46138908293e-05	YGR142W
YBL103C	0.0165920099236	YDL170W
YBL103C	0.00057792796602	YCR010C
YBL103C	0.00613656125465	YDR384C
YBL103C	0.00219330806092	YPL061W
YBL103C	0.00301558452815	YKR075C
YBL103C	0.00865493796949	YOR388C
YBL103C	0.0472615938708	YJR110W
YBL103C	2.1001559467e-05	YDL160C
YBL103C	5.40261863564e-07	YLR327C
YBL103C	6.90757209767e-05	YOR206W
YBL103C	0.000630247847973	YJL088W
YBL103C	0.00127417392353	YNR028W
YBL103C	0.0113344335356	YDR043C
YBL103C	0.0326695320699	YKL071W
YBL103C	0.000711128344842	YNL037C
YBL103C	0.152148625595	YPR002W
YBL103C	0.00895331788288	YLL033W
YBL103C	0.0142045603193	YOR302W
YBL103C	0.00223559522426	YPL036W
YBL103C	0.00521574678721	YJL217W
YBL103C	1.18997317385e-08	YLR130C
YBL103C	0.000196056131203	YLR267W
YBL103C	2.37231433141e-08	YHR029C
YBL103C	0.000279325160141	YDR380W
YBL103C	0.0125097948972	YOR032C
YBL103C	0.000587083821728	YKL040C
YKL112W	0.00126262201008	YDR216W
YKL112W	0.000145253959016	YGR142W
YKL112W	7.43526186463e-13	YML123C
YKL112W	0.000129823460984	YGR043C
YKL112W	0.000194132193916	YHR018C
YKL112W	3.5838840626e-06	YDL170W
YKL112W	2.36299526352e-05	YCR010C
YKL112W	0.00879406956377	YDR384C
YKL112W	0.0810607121042	YPL061W
YKL112W	0.0118146609944	YPL111W
YKL112W	6.76893063553e-05	YJL172W
YKL112W	0.000240647929073	YPL012W
YKL112W	8.43456864042e-06	YMR169C
YKL112W	0.0013463025139	YNR064C
YKL112W	0.0315449467001	YIL037C
YKL112W	2.14593008041e-05	YMR229C
YKL112W	6.21976199776e-05	YOR206W
YKL112W	0.00116174902393	YJR094C
YKL112W	8.88386451871e-06	YJL088W
YKL112W	0.0360266709707	YDR043C
YKL112W	0.0229961098575	YKL015W
YKL112W	0.0510995333285	YDR361C
YKL112W	1.42034540172e-05	YOR302W
YKL112W	0.00124924169143	YFR022W
YKL112W	0.000409593822886	YPL036W
YKL112W	0.000169774364253	YLR267W
YKL112W	6.36896305225e-10	YHR029C
YKL112W	0.000995423374468	YNR053C
YKL112W	3.87743026831e-06	YLR178C
YKL112W	0.00508692812866	YOR032C
YKL112W	0.0566795612828	YJL153C
YDR216W	0.000406127203917	YMR280C
YDR216W	3.39023257458e-05	YHR136C
YDR216W	9.1621050518e-11	YDR171W
YDR216W	0.000875026328582	YCR021C
YDR216W	3.61989718377e-09	YFL014W
YDR216W	0.000627422345261	YOR348C
YDR216W	0.863922081876	YBR054W
YDR216W	0.599738562526	YCR010C
YDR216W	8.75922368154e-08	YER150W
YDR216W	0.00239631096002	YKR075C
YDR216W	7.47625810765e-06	YMR169C
YDR216W	3.23730538771e-05	YMR193W
YDR216W	0.95584012489	YLR174W
YDR216W	3.91710428925e-06	YDL160C
YDR216W	0.00765509480668	YIL037C
YDR216W	0.963353994023	YLR327C
YDR216W	0.00192426235567	YJR094C
YDR216W	4.2464631596e-05	YDR258C
YDR216W	0.00124570899567	YKL071W
YDR216W	5.67550084505e-15	YNL194C
YDR216W	0.00283182962511	YGL009C
YDR216W	0.02438339545	YNL270C
YDR216W	0.00940316670723	YOL014W
YDR216W	9.98056339658e-08	YER067W
YDR216W	0.00387666429936	YOR032C
YDR216W	0.554648919349	YHR216W
YDR216W	7.17126265845e-07	YKL040C
YMR280C	3.37413891064e-05	YDR216W
YMR280C	0.00256398373883	YCR021C
YMR280C	4.8321805224e-08	YFL014W
YMR280C	0.852472619635	YOR348C
YMR280C	0.0207647931911	YBR054W
YMR280C	7.01293700017e-08	YER150W
YMR280C	2.21247811119e-06	YIL136W
YMR280C	0.000265840057289	YER158C
YMR280C	0.0719203138047	YJL063C
YMR280C	5.16447557707e-06	YDL160C
YMR280C	6.56502219229e-05	YLR327C
YMR280C	0.00147273749625	YHL028W
YMR280C	0.00153938647397	YJR094C
YMR280C	0.00253867784322	YIL155C
YMR280C	0.0107776915549	YLL011W
YMR280C	5.5526856181e-06	YDR258C
YMR280C	1.56205777399e-13	YNL194C
YMR280C	0.00714754177085	YKL015W
YMR280C	0.0134807841168	YOL014W
YMR280C	7.04406899202e-06	YHR087W
YER040W	0.506019691133	YBL103C
YER040W	0.00249227979888	YDR216W
YER040W	0.541347864735	YGR142W
YER040W	1.43746938745e-12	YML123C
YER040W	1.36549001093e-06	YGR043C
YER040W	0.204357937983	YHR018C
YER040W	0.00944770093044	YDL170W
YER040W	0.0553046316152	YCR010C
YER040W	0.0145767190315	YDR384C
YER040W	0.00428460208409	YPL061W
YER040W	0.0144481985058	YKR075C
YER040W	0.006352690791	YLR009W
YER040W	0.0101460094532	YPL111W
YER040W	0.00420429865366	YOR388C
YER040W	0.00285191472728	YJL172W
YER040W	0.000352588896871	YPL012W
YER040W	0.110117713807	YJR110W
YER040W	2.21235411335e-07	YLR327C
YER040W	0.00248022516874	YOR206W
YER040W	0.00182919646262	YJL088W
YER040W	0.00205650032515	YNR028W
YER040W	0.00120400102074	YDR043C
YER040W	0.00134744915503	YLR276C
YER040W	0.000118549386629	YLR438W
YER040W	0.000657078606949	YPR002W
YER040W	0.0071215607546	YDR361C
YER040W	0.0335101255267	YLL033W
YER040W	0.000313460696641	YOR302W
YER040W	9.10028666876e-05	YDR523C
YER040W	0.001716230886	YLR267W
YER040W	2.94244204935e-07	YHR029C
YER040W	0.00124313559161	YNR053C
YER040W	0.00183014292709	YOR032C
YER040W	2.30745360794e-05	YKL040C
YGR142W	2.1225442637e-06	YKL112W
YGR142W	0.468792272889	YDR216W
YGR142W	6.55687037721e-06	YER040W
YGR142W	3.40291416207e-11	YML123C
YGR142W	8.45991336571e-11	YDR171W
YGR142W	0.000367305487765	YHR018C
YGR142W	5.49566332939e-07	YDL170W
YGR142W	0.000419949077257	YCR010C
YGR142W	0.00119875091004	YDR384C
YGR142W	0.0513459614385	YPL061W
YGR142W	1.0	YKR075C
YGR142W	0.00810605071345	YPL111W
YGR142W	0.00368450382037	YOR388C
YGR142W	2.59010793949e-05	YJL172W
YGR142W	0.00479964851133	YPL012W
YGR142W	9.49317050613e-07	YMR169C
YGR142W	0.000720039382645	YJR110W
YGR142W	6.87264007832e-05	YPL265W
YGR142W	0.0362319623188	YKR056W
YGR142W	4.70749379189e-06	YJL088W
YGR142W	0.00117675269649	YDR043C
YGR142W	0.0104138366861	YKL071W
YGR142W	0.000126268530859	YLR438W
YGR142W	0.205512831292	YDR361C
YGR142W	0.0039909307312	YLL033W
YGR142W	2.55865605488e-08	YOR302W
YGR142W	0.00737095707059	YDR523C
YGR142W	0.000912112645078	YLR267W
YGR142W	9.65030493285e-11	YHR029C
YGR142W	0.00158846325816	YNR053C
YGR142W	0.000242345510953	YLR178C
YGR142W	0.00235415820428	YOR032C
YGR142W	1.18725366857e-06	YKL040C
YNL036W	1.07873704455e-09	YER150W
YNL036W	0.0139926502015	YPL111W
YNL036W	1.07989965732e-06	YDL018C
YNL036W	1.82324018588e-05	YGR183C
YNL036W	3.67124288915e-07	YLR327C
YNL036W	0.00412859180331	YLL011W
YNL036W	0.0036849529708	YOR032C
YML123C	1.0	YHR136C
YML123C	0.00761421064216	YPL111W
YML123C	0.000508950013749	YPL012W
YML123C	0.426127950672	YIL037C
YML123C	0.00120037800117	YNL037C
YML123C	0.0323004019795	YGL009C
YML123C	0.00300140403971	YJL217W
YML123C	1.44928264374e-05	YLR267W
YML123C	0.000390626075471	YDR380W
YML123C	0.00420701813338	YOR032C
YML123C	0.0622938957968	YHR216W
YML123C	0.00327196106758	YJL153C
YHR136C	1.0	YML123C
YHR136C	3.7379817009e-11	YFL014W
YHR136C	0.00311059452844	YKR075C
YHR136C	0.0154712031293	YPL111W
YHR136C	0.294085905323	YIL037C
YHR136C	0.00118519411494	YJR094C
YHR136C	0.974140646759	YLR438W
YHR136C	0.000826415397764	YNL037C
YHR136C	0.00777617776277	YKL015W
YHR136C	0.0609341766209	YGL009C
YHR136C	0.00358510711466	YJL217W
YHR136C	0.000647895199626	YDR380W
YHR136C	0.0110505634101	YOR032C
YHR136C	0.0130853970501	YHR216W
YDR171W	3.00365329347e-05	YDR216W
YDR171W	1.37111765663e-05	YGR142W
YDR171W	0.28415118341	YCR021C
YDR171W	0.00202787384064	YOR348C
YDR171W	0.130238183264	YBR054W
YDR171W	0.362681468348	YCR010C
YDR171W	0.000865694818824	YER150W
YDR171W	8.51689383244e-06	YJR110W
YDR171W	0.25544244392	YGL254W
YDR171W	4.28430135323e-06	YIL136W
YDR171W	5.8649789967e-05	YER158C
YDR171W	0.00277184232732	YJL063C
YDR171W	0.0264380001661	YDL160C
YDR171W	0.0347091100774	YLR327C
YDR171W	0.0962272867851	YHL028W
YDR171W	2.70118616572e-05	YJL088W
YDR171W	0.00040071880402	YNR028W
YDR171W	1.73244613163e-05	YDR258C
YDR171W	5.56565292817e-14	YNL194C
YDR171W	0.991587350059	YLL033W
YDR171W	5.09689233581e-09	YOR302W
YDR171W	0.00160812026336	YFR022W
YDR171W	2.99061257802e-06	YLR130C
YDR171W	0.000821249696336	YNR053C
YDR171W	0.115406794112	YER067W
YDR171W	0.0133383241295	YOR032C
YDR171W	0.000163562644116	YKL040C
YDR171W	0.0751317479701	YHR087W
YCR021C	0.000103682813158	YDR216W
YCR021C	0.000210877862565	YHR136C
YCR021C	0.0223311474876	YKR075C
YCR021C	1.50423638352e-06	YMR169C
YCR021C	4.11136364992e-05	YMR193W
YCR021C	4.67092364075e-06	YDL160C
YCR021C	0.00279521674151	YLL033W
YCR021C	0.000466832865435	YLR267W
YCR021C	0.00178408447446	YOR032C
YGR043C	1.71275721329e-05	YKL112W
YGR043C	0.000280937107769	YMR280C
YGR043C	0.00475341576517	YNL036W
YGR043C	0.00786847182777	YAL054C
YGR043C	2.15847274131e-08	YFL014W
YGR043C	0.366402667017	YPL061W
YGR043C	0.999211585144	YMR169C
YGR043C	0.00610266151847	YLR174W
YGR043C	9.22293411253e-05	YER158C
YGR043C	0.576459668397	YGR067C
YGR043C	0.00355324749689	YJR094C
YGR043C	0.172328906065	YDR043C
YGR043C	1.28916822268e-12	YNL194C
YGR043C	0.000125897047228	YKR009C
YGR043C	0.0632980831645	YKL015W
YGR043C	0.264519993373	YGL009C
YGR043C	0.00201396926975	YDR361C
YGR043C	4.08087533711e-09	YOR302W
YGR043C	0.0382076631448	YNL270C
YGR043C	0.17332721072	YFR022W
YGR043C	0.113329070971	YAL062W
YGR043C	0.658542790494	YPL036W
YGR043C	0.00189410866707	YJL217W
YGR043C	0.161265760829	YOL014W
YGR043C	0.00185003183358	YGL229C
YGR043C	0.00292878006006	YOR032C
YGR043C	0.0136022243475	YHR216W
YGR043C	0.00608716293741	YJL153C
YGR043C	4.2795618967e-08	YKL062W
YHR018C	0.00810403235121	YBL103C
YHR018C	0.83520848689	YKL112W
YHR018C	0.000192322689106	YDR216W
YHR018C	0.985050348647	YER040W
YHR018C	0.00394634619983	YGR142W
YHR018C	0.0167664780495	YNL036W
YHR018C	0.00365589642424	YML123C
YHR018C	0.0129839036748	YCR021C
YHR018C	0.000654823658351	YGR043C
YHR018C	0.0210597565701	YAL054C
YHR018C	0.984199790381	YDL170W
YHR018C	0.00515076977269	YBR054W
YHR018C	0.000430955991246	YCR010C
YHR018C	0.0246076972619	YDR384C
YHR018C	0.0055396294222	YPL061W
YHR018C	0.107444427226	YKR075C
YHR018C	0.0141867987109	YLR009W
YHR018C	0.0201924024441	YPL111W
YHR018C	0.003902468921	YOR388C
YHR018C	0.107208626413	YJL172W
YHR018C	0.00144172782271	YPL012W
YHR018C	5.9699294478e-06	YMR169C
YHR018C	0.0150435897498	YNR046W
YHR018C	5.64093711768e-05	YJR110W
YHR018C	4.46362407484e-05	YMR193W
YHR018C	0.0286102987675	YGL254W
YHR018C	0.000349792907558	YER002W
YHR018C	2.15441817399e-07	YDL018C
YHR018C	0.0906648224779	YJR148W
YHR018C	0.00469217827416	YNR064C
YHR018C	0.00342606253348	YGR067C
YHR018C	7.85149083653e-05	YPL265W
YHR018C	0.066440879123	YKR056W
YHR018C	0.00748460156131	YCL064C
YHR018C	0.0104297348293	YJL063C
YHR018C	0.00128359206837	YDL091C
YHR018C	0.0230663425835	YHR051W
YHR018C	4.34353993054e-05	YMR229C
YHR018C	0.0136275471377	YOR206W
YHR018C	0.00150836717144	YJR094C
YHR018C	0.998507801876	YJL088W
YHR018C	0.00450848421921	YNR028W
YHR018C	0.00565616731913	YLR276C
YHR018C	0.353160306423	YLR438W
YHR018C	0.0040378887664	YNL037C
YHR018C	0.000520152575522	YKR009C
YHR018C	0.00249112612896	YGL009C
YHR018C	0.349312015429	YDR361C
YHR018C	0.0226875721282	YLL033W
YHR018C	9.82843569281e-09	YOR302W
YHR018C	0.0656182161881	YAL062W
YHR018C	0.0634494082692	YDR523C
YHR018C	0.023599129693	YBL042C
YHR018C	0.0958905446375	YLR267W
YHR018C	0.453862813534	YHR029C
YHR018C	0.00574302214394	YNR053C
YHR018C	0.00133261555493	YLR258W
YHR018C	0.00054961566907	YLL034C
YHR018C	0.0546172650349	YDL110C
YHR018C	0.023306536784	YLR178C
YHR018C	1.88755868634e-07	YKL040C
YAL054C	1.71981729502e-06	YKL112W
YAL054C	1.04044520452e-06	YMR280C
YAL054C	3.46529976086e-07	YER040W
YAL054C	0.0600959634848	YNL036W
YAL054C	7.71193653226e-07	YML123C
YAL054C	0.00081594483227	YGR043C
YAL054C	4.10108352596e-11	YFL014W
YAL054C	1.72150397274e-07	YDL170W
YAL054C	0.00465363228942	YBR054W
YAL054C	0.00389457762421	YPL061W
YAL054C	0.0360335227409	YKR075C
YAL054C	0.00902505186869	YLR009W
YAL054C	0.0105394255554	YPL111W
YAL054C	7.804579184e-05	YJL172W
YAL054C	0.000379705933468	YPL012W
YAL054C	0.0320155930647	YOR100C
YAL054C	3.39912900151e-05	YMR169C
YAL054C	0.0174831881346	YNR046W
YAL054C	9.91439156687e-05	YMR193W
YAL054C	6.97593035848e-05	YDL018C
YAL054C	3.00516355929e-05	YGR183C
YAL054C	1.86250581136e-05	YJR148W
YAL054C	0.00205135674403	YNR064C
YAL054C	0.0554933541274	YGR067C
YAL054C	0.00105108740694	YJL063C
YAL054C	0.00300827640827	YHR051W
YAL054C	0.00290864496834	YOR206W
YAL054C	0.00520968951535	YLL011W
YAL054C	0.000239429989346	YNR028W
YAL054C	0.000372109539152	YDR043C
YAL054C	0.0100140176623	YLR276C
YAL054C	7.00965878171e-05	YLR438W
YAL054C	0.0135468004108	YNL037C
YAL054C	0.00539450589824	YLL033W
YAL054C	0.061226479819	YAL062W
YAL054C	0.0299138354742	YDR523C
YAL054C	0.000310133903219	YBL042C
YAL054C	0.058400983374	YLR267W
YAL054C	2.8752750413e-08	YHR029C
YAL054C	0.00166852191435	YNR053C
YAL054C	0.00133478269829	YLL034C
YAL054C	0.00645882528965	YDL110C
YAL054C	2.11479827947e-05	YLR178C
YFL014W	0.604867729232	YDR216W
YFL014W	0.175023144978	YMR280C
YFL014W	0.0058534304221	YHR136C
YFL014W	0.000474508035983	YGR043C
YFL014W	0.000469209406118	YOR348C
YFL014W	0.0515466175996	YBR054W
YFL014W	0.000165606471102	YCR010C
YFL014W	4.28896112359e-05	YER150W
YFL014W	0.000670849358348	YPL012W
YFL014W	4.92130301036e-07	YMR169C
YFL014W	0.00131129625711	YIL136W
YFL014W	1.72608749549e-05	YER158C
YFL014W	0.109771387841	YGR067C
YFL014W	0.00262766504571	YJL063C
YFL014W	0.014521990834	YDL160C
YFL014W	0.00403629684411	YIL037C
YFL014W	1.30228131936e-06	YLR327C
YFL014W	0.00481212524931	YHR051W
YFL014W	0.00782291346294	YHL028W
YFL014W	0.0131310785982	YJR094C
YFL014W	0.0883806760073	YIL155C
YFL014W	1.25602696572e-05	YJL088W
YFL014W	0.000564527549206	YDR043C
YFL014W	0.000106256820163	YDR258C
YFL014W	0.000912702719309	YKL071W
YFL014W	0.999520464546	YNL194C
YFL014W	0.00700858248564	YKR009C
YFL014W	0.205259844527	YKL015W
YFL014W	0.0841481881166	YGL009C
YFL014W	0.000596889252251	YDR361C
YFL014W	0.00733755264265	YAL062W
YFL014W	0.0918602838214	YPL036W
YFL014W	0.0146373781629	YJL217W
YFL014W	0.0331669430712	YOL014W
YFL014W	0.0150857411312	YLR258W
YFL014W	0.0370687857186	YDR380W
YFL014W	0.000360898704945	YER067W
YFL014W	0.175364739538	YLR178C
YFL014W	0.00334308318814	YGL229C
YFL014W	0.00157640135577	YHR216W
YFL014W	7.25831075867e-05	YHR087W
YFL014W	0.917563800462	YKL062W
YOR348C	0.993171335255	YMR280C
YOR348C	7.32443633383e-07	YDR171W
YOR348C	3.3612432866e-10	YFL014W
YOR348C	2.2013591925e-07	YER150W
YOR348C	0.0131234452675	YPL111W
YOR348C	0.50347413311	YGL254W
YOR348C	0.000279788625622	YDL018C
YOR348C	6.0336789002e-05	YIL136W
YOR348C	0.062438841486	YGR183C
YOR348C	0.000423686248785	YER158C
YOR348C	0.0784891189279	YPL265W
YOR348C	0.0970526448108	YJL063C
YOR348C	1.3353300074e-05	YDL160C
YOR348C	3.84537911567e-05	YLR327C
YOR348C	0.831494269525	YHL028W
YOR348C	0.459429510648	YIL155C
YOR348C	0.304055698736	YLL011W
YOR348C	2.89235026803e-05	YDR258C
YOR348C	5.73230084639e-15	YNL194C
YOR348C	0.00258363973933	YLL033W
YOR348C	0.00630901294874	YLR130C
YOR348C	0.00101745979515	YNR053C
YOR348C	0.000279033601837	YLR258W
YOR348C	0.513615502422	YDL110C
YOR348C	1.00178512153e-05	YER067W
YOR348C	0.0013921638893	YHR087W
YOR348C	6.2083894649e-06	YKL062W
YDL170W	0.438147481105	YBL103C
YDL170W	2.50509298642e-05	YKL112W
YDL170W	0.257973914194	YDR216W
YDL170W	0.0672122970938	YER040W
YDL170W	0.0978641840996	YGR142W
YDL170W	2.92119252457e-13	YML123C
YDL170W	9.3006881529e-11	YDR171W
YDL170W	6.31730878519e-07	YGR043C
YDL170W	0.121057090177	YHR018C
YDL170W	0.257266628797	YCR010C
YDL170W	0.00864402705476	YDR384C
YDL170W	0.00517224089156	YPL061W
YDL170W	0.00879974293574	YKR075C
YDL170W	0.0012172288625	YLR009W
YDL170W	0.0093357476986	YPL111W
YDL170W	0.00447598370016	YOR388C
YDL170W	0.00204732013643	YJL172W
YDL170W	0.000320623791287	YPL012W
YDL170W	0.830217129567	YJR110W
YDL170W	0.000717225123311	YNR064C
YDL170W	1.16396111227e-06	YLR327C
YDL170W	0.000317216092902	YOR206W
YDL170W	0.000928208191534	YJR094C
YDL170W	0.00920632152213	YJL088W
YDL170W	0.000363278370683	YNR028W
YDL170W	0.000619772667649	YDR043C
YDL170W	0.000652021204893	YPR002W
YDL170W	0.00182741608382	YDR361C
YDL170W	0.0721327165584	YLL033W
YDL170W	0.00104945452593	YOR302W
YDL170W	0.0207010274053	YAL062W
YDL170W	0.00106375670264	YLR267W
YDL170W	1.29093020193e-06	YHR029C
YDL170W	0.0015361800114	YNR053C
YDL170W	0.00166537521681	YOR032C
YDL170W	0.000530940111656	YKL040C
YBR054W	0.000158130123822	YDR216W
YBR054W	0.000104414222419	YHR136C
YBR054W	0.0505520476908	YCR021C
YBR054W	3.68004539738e-10	YFL014W
YBR054W	2.8211699149e-08	YER150W
YBR054W	0.00373843917614	YOR388C
YBR054W	0.117172955347	YLR174W
YBR054W	0.00224164918938	YGR067C
YBR054W	0.00483326247595	YJL063C
YBR054W	0.0061247516629	YDL160C
YBR054W	1.40064280004e-06	YLR327C
YBR054W	0.0119094533184	YJR094C
YBR054W	0.222492054824	YGL009C
YBR054W	0.000478740667014	YNL270C
YBR054W	0.0181030652931	YFR022W
YBR054W	0.0111211061928	YOL014W
YBR054W	0.0559895085884	YOR032C
YBR054W	0.00830001037246	YHR216W
YCR010C	0.0958021763792	YDR216W
YCR010C	1.8971978716e-05	YGR142W
YCR010C	2.72955177427e-08	YDR171W
YCR010C	1.54880097094e-09	YER150W
YCR010C	0.0467621226818	YDL160C
YCR010C	3.48250429953e-06	YLR327C
YCR010C	0.000914084865492	YJR094C
YCR010C	1.22038167659e-05	YJL088W
YCR010C	0.000286708345669	YNR028W
YCR010C	4.7901143514e-07	YOR302W
YCR010C	4.31015270333e-07	YLR130C
YCR010C	2.54443575989e-07	YER067W
YCR010C	0.00774120405532	YOR032C
YCR010C	1.09093675068e-06	YKL040C
YDR384C	0.000138421720148	YBL103C
YDR384C	1.7092498226e-06	YKL112W
YDR384C	5.10761364747e-07	YER040W
YDR384C	1.33411715037e-07	YML123C
YDR384C	2.073447499e-11	YFL014W
YDR384C	1.17569434455e-07	YDL170W
YDR384C	0.00629741905215	YPL061W
YDR384C	0.00238809916879	YKR075C
YDR384C	0.00213545600338	YLR009W
YDR384C	0.00530422977558	YOR388C
YDR384C	0.0127166396128	YPL012W
YDR384C	7.9692495819e-06	YMR169C
YDR384C	4.86263766272e-05	YMR193W
YDR384C	0.000157955994469	YGR183C
YDR384C	0.00616392074753	YKR056W
YDR384C	0.0107766959468	YJL063C
YDR384C	0.0448525482629	YHR051W
YDR384C	7.12579123543e-07	YMR229C
YDR384C	2.86238900351e-05	YJL088W
YDR384C	0.00285483231131	YLL011W
YDR384C	0.000257799218501	YNR028W
YDR384C	0.00167121399103	YKL071W
YDR384C	0.00828229709834	YLR276C
YDR384C	0.000476323298841	YDR361C
YDR384C	0.00189390206677	YLL033W
YDR384C	0.00214053358418	YJL217W
YDR384C	0.000490663728971	YLR267W
YDR384C	0.00144447372511	YNR053C
YDR384C	0.0016009470531	YDR380W
YDR384C	0.000602807622645	YLL034C
YDR384C	0.0261335456778	YDL110C
YDR384C	5.86803181002e-06	YLR178C
YDR384C	4.21749489744e-07	YKL040C
YER150W	0.00243290217758	YDR216W
YER150W	0.000191887739133	YMR280C
YER150W	0.000322181013046	YHR136C
YER150W	6.47791070259e-08	YDR171W
YER150W	5.9296840147e-07	YGR043C
YER150W	2.68422961329e-07	YFL014W
YER150W	9.53603102241e-05	YOR348C
YER150W	0.0103310818149	YBR054W
YER150W	0.00097477584578	YCR010C
YER150W	0.00427938743996	YOR388C
YER150W	4.6027633508e-05	YMR169C
YER150W	8.42201621553e-07	YDL018C
YER150W	0.00116042695233	YIL136W
YER150W	0.0263895063715	YER158C
YER150W	0.000836800919137	YJL063C
YER150W	0.00140769490117	YDL160C
YER150W	0.00376376769006	YIL037C
YER150W	0.000254701490633	YLR327C
YER150W	0.000320441270645	YHL028W
YER150W	0.00112364619642	YJR094C
YER150W	0.00967606093035	YIL155C
YER150W	1.58351906409e-05	YJL088W
YER150W	0.00060315805408	YDR043C
YER150W	1.01639905968e-05	YDR258C
YER150W	6.88910086318e-05	YNL194C
YER150W	0.00841206952969	YKL015W
YER150W	0.0253330549915	YGL009C
YER150W	0.0015012947645	YNL270C
YER150W	0.0196552453236	YFR022W
YER150W	0.0157941394933	YJL217W
YER150W	0.00941027979464	YOL014W
YER150W	0.508907893797	YER067W
YER150W	0.00288954604307	YGL229C
YER150W	0.00623841226742	YHR216W
YER150W	4.92607511005e-06	YKL040C
YER150W	0.00103623574505	YHR087W
YPL061W	0.000132318917784	YKL112W
YPL061W	0.00345323310855	YKR075C
YPL061W	0.00752331990393	YPL111W
YPL061W	5.93657880429e-07	YMR169C
YPL061W	0.0052184200743	YLR174W
YPL061W	0.000843382422016	YNR064C
YPL061W	3.55843931941e-05	YDL160C
YPL061W	0.00302997441094	YIL037C
YPL061W	0.00163512174622	YJR094C
YPL061W	0.000110762437551	YJL088W
YPL061W	0.00316770646672	YDR043C
YPL061W	9.56942347669e-06	YOR302W
YPL061W	0.00910246350978	YAL062W
YPL061W	0.0452545792138	YPL036W
YPL061W	2.37941828404e-08	YLR130C
YPL061W	0.0126161562003	YOR032C
YPL061W	0.120364808438	YHR216W
YPL061W	0.008883671102	YJL153C
YKR075C	2.85340063799e-05	YHR136C
YKR075C	0.00209423883229	YPL061W
YKR075C	0.00416832165051	YOR388C
YKR075C	2.93783028829e-05	YMR193W
YKR075C	0.00112695832173	YJR094C
YKR075C	0.00112723965406	YGL009C
YKR075C	0.00122280190474	YLL033W
YKR075C	0.000638919664858	YNL270C
YLR009W	0.0203681669756	YBL103C
YLR009W	0.00370317818593	YKL112W
YLR009W	0.00477031220124	YER040W
YLR009W	0.00420276135481	YGR142W
YLR009W	0.151105668285	YNL036W
YLR009W	0.0999734370167	YML123C
YLR009W	2.34217428811e-05	YHR136C
YLR009W	0.151843485338	YCR021C
YLR009W	9.18635878392e-05	YGR043C
YLR009W	0.0524337731493	YHR018C
YLR009W	0.222611297083	YAL054C
YLR009W	6.98410451287e-05	YDL170W
YLR009W	0.0163818876452	YBR054W
YLR009W	0.0125468915295	YDR384C
YLR009W	0.00230277659904	YPL061W
YLR009W	0.109273240051	YKR075C
YLR009W	0.0140708283775	YPL111W
YLR009W	0.0682207942125	YJL172W
YLR009W	0.0474806062905	YPL012W
YLR009W	0.229316994605	YOR100C
YLR009W	3.55098573979e-05	YMR169C
YLR009W	0.246668092013	YNR046W
YLR009W	2.45701487886e-05	YJR110W
YLR009W	6.991345299e-05	YMR193W
YLR009W	0.111244857672	YGL254W
YLR009W	0.128611272038	YER002W
YLR009W	0.000114898853089	YDL018C
YLR009W	4.48561653164e-05	YGR183C
YLR009W	0.182441259888	YJR148W
YLR009W	0.283410946529	YNR064C
YLR009W	0.00135350430231	YGR067C
YLR009W	0.0412603234963	YKR056W
YLR009W	0.17097938774	YCL064C
YLR009W	0.0150686447264	YJL063C
YLR009W	0.303993194983	YDL091C
YLR009W	0.0573966065459	YHR051W
YLR009W	0.136406694244	YMR229C
YLR009W	0.433998675374	YOR206W
YLR009W	5.3225994709e-05	YJL088W
YLR009W	0.0180366365253	YLL011W
YLR009W	0.000530409410334	YNR028W
YLR009W	0.000152753972097	YKL071W
YLR009W	0.26337354267	YLR276C
YLR009W	0.123101634231	YLR438W
YLR009W	0.162161442236	YNL037C
YLR009W	0.125760043574	YKR009C
YLR009W	0.108435053704	YPR002W
YLR009W	0.00501003706388	YDR361C
YLR009W	0.110342083526	YLL033W
YLR009W	0.0114395084565	YFR022W
YLR009W	0.0431544014581	YAL062W
YLR009W	0.12064740541	YDR523C
YLR009W	0.27106600809	YOR056C
YLR009W	0.124014855146	YBL042C
YLR009W	0.148770959827	YLR267W
YLR009W	0.000163428713952	YHR029C
YLR009W	0.00301006343839	YNR053C
YLR009W	0.00345310005549	YLR258W
YLR009W	0.00820696386421	YDR380W
YLR009W	0.174543750781	YLL034C
YLR009W	0.0274775127044	YDL110C
YLR009W	0.000602283903532	YLR178C
YLR009W	2.41096049438e-07	YKL040C
YLR009W	8.14987682967e-07	YHR087W
YPL111W	2.13176756455e-05	YMR280C
YPL111W	0.0851290462836	YNL036W
YPL111W	6.61427994313e-13	YML123C
YPL111W	2.60813431298e-05	YHR136C
YPL111W	7.11371349219e-08	YDR171W
YPL111W	0.000342183666523	YOR348C
YPL111W	0.00980835614623	YBR054W
YPL111W	8.45611463125e-09	YER150W
YPL111W	0.000533329273314	YLR009W
YPL111W	0.00165884800127	YNR046W
YPL111W	0.00739959164919	YJR110W
YPL111W	0.00674212647122	YGL254W
YPL111W	0.0225506686956	YLR174W
YPL111W	0.0095984734905	YER002W
YPL111W	0.00237282343418	YDL018C
YPL111W	2.68133358802e-07	YIL136W
YPL111W	0.00607908217031	YGR183C
YPL111W	0.00309796725231	YER158C
YPL111W	0.00286291694912	YJR148W
YPL111W	0.444927731418	YPL265W
YPL111W	0.00773211230505	YKR056W
YPL111W	2.33012146206e-06	YDL160C
YPL111W	0.0034040943639	YIL037C
YPL111W	2.06825424203e-06	YLR327C
YPL111W	0.022509482064	YDL091C
YPL111W	0.00239520439133	YHL028W
YPL111W	0.000416794863262	YIL155C
YPL111W	0.0152310297813	YLL011W
YPL111W	0.000768425512672	YDR043C
YPL111W	8.66451640275e-05	YDR258C
YPL111W	0.00383325557564	YLR276C
YPL111W	0.000400487952239	YLR438W
YPL111W	0.00511662809728	YDR523C
YPL111W	0.0173232516051	YPL036W
YPL111W	0.00742914154982	YOR056C
YPL111W	0.0052441400464	YBL042C
YPL111W	3.75820588008e-05	YLR130C
YPL111W	3.24419404903e-05	YLR267W
YPL111W	0.0165594293922	YOL014W
YPL111W	0.0618926610074	YNR053C
YPL111W	0.000734874536886	YLR258W
YPL111W	0.000913044011515	YDR380W
YPL111W	0.00310158814875	YGL229C
YPL111W	0.00383539613867	YKL062W
YOR388C	0.0181725491812	YIL037C
YOR388C	0.0774281680538	YJR094C
YOR388C	0.021530039141	YGL009C
YOR388C	1.0	YJL217W
YOR388C	0.804854917323	YJL153C
YJL172W	0.028044354114	YBL103C
YJL172W	0.0867781666612	YKL112W
YJL172W	0.00458360789122	YER040W
YJL172W	0.000214116089791	YGR142W
YJL172W	0.00588924604866	YNL036W
YJL172W	6.80617732637e-05	YML123C
YJL172W	0.0864694732401	YCR021C
YJL172W	0.00102089445625	YGR043C
YJL172W	0.0242407678158	YHR018C
YJL172W	0.735475109105	YAL054C
YJL172W	0.00936427863231	YDL170W
YJL172W	6.86793630465e-05	YCR010C
YJL172W	0.0516994516601	YDR384C
YJL172W	0.00492861681057	YPL061W
YJL172W	0.179809422406	YKR075C
YJL172W	0.0749949940525	YLR009W
YJL172W	0.0130870091258	YPL111W
YJL172W	0.00388653440625	YOR388C
YJL172W	0.0013607661462	YPL012W
YJL172W	0.0924986158363	YOR100C
YJL172W	1.97111953383e-05	YMR169C
YJL172W	0.082687004417	YNR046W
YJL172W	4.64517310701e-05	YJR110W
YJL172W	5.73364139812e-05	YMR193W
YJL172W	0.037364014717	YGL254W
YJL172W	0.000443934130004	YER002W
YJL172W	1.67304781931e-06	YDL018C
YJL172W	3.71865178742e-06	YGR183C
YJL172W	0.121464342781	YJR148W
YJL172W	0.0223875566902	YNR064C
YJL172W	0.00239230367311	YGR067C
YJL172W	0.00020718171502	YPL265W
YJL172W	0.0147782637375	YKR056W
YJL172W	0.196622372392	YCL064C
YJL172W	0.00639588964625	YJL063C
YJL172W	2.00285048158e-07	YLR327C
YJL172W	0.00963523931736	YDL091C
YJL172W	0.00338039614579	YHR051W
YJL172W	0.0281348254099	YMR229C
YJL172W	0.117470885112	YOR206W
YJL172W	0.000444228963544	YJL088W
YJL172W	0.00319451411082	YLL011W
YJL172W	0.19484397807	YNR028W
YJL172W	0.000163272269494	YKL071W
YJL172W	0.164925071344	YLR276C
YJL172W	0.168957308367	YLR438W
YJL172W	0.0511635274968	YNL037C
YJL172W	0.000952582757542	YKR009C
YJL172W	0.00730917111024	YPR002W
YJL172W	0.076635750607	YDR361C
YJL172W	0.0334891856131	YLL033W
YJL172W	0.00301549290781	YFR022W
YJL172W	0.575643166828	YAL062W
YJL172W	0.185846693876	YDR523C
YJL172W	0.000256431505162	YOR056C
YJL172W	0.020334288603	YBL042C
YJL172W	0.088407146013	YLR267W
YJL172W	0.545368137646	YHR029C
YJL172W	0.00230411006284	YNR053C
YJL172W	0.00172153569726	YLR258W
YJL172W	0.00341705663664	YLL034C
YJL172W	0.0568949068237	YDL110C
YJL172W	0.00662860682051	YLR178C
YJL172W	4.24727073943e-07	YKL040C
YPL012W	0.00243404410512	YBL103C
YPL012W	0.0276415159603	YKL112W
YPL012W	0.000131769693399	YDR216W
YPL012W	0.000442855562645	YER040W
YPL012W	0.755649960976	YGR142W
YPL012W	0.118284011198	YNL036W
YPL012W	0.478773084987	YML123C
YPL012W	0.248831918233	YCR021C
YPL012W	0.000148790600559	YGR043C
YPL012W	0.344034789708	YHR018C
YPL012W	0.137472661585	YAL054C
YPL012W	5.44450482525e-11	YFL014W
YPL012W	5.36349050287e-05	YDL170W
YPL012W	0.0207066540278	YBR054W
YPL012W	0.926100075384	YDR384C
YPL012W	0.0034482514822	YPL061W
YPL012W	0.030760337791	YKR075C
YPL012W	0.283008465632	YLR009W
YPL012W	0.0136838270457	YPL111W
YPL012W	0.110981122656	YJL172W
YPL012W	0.011400192808	YOR100C
YPL012W	3.50246747059e-05	YMR169C
YPL012W	0.0934509329421	YNR046W
YPL012W	2.60166767686e-05	YJR110W
YPL012W	3.613357224e-05	YMR193W
YPL012W	0.300647525625	YGL254W
YPL012W	0.0975975921689	YER002W
YPL012W	0.000124355117803	YDL018C
YPL012W	1.34968972431e-05	YGR183C
YPL012W	3.39146350781e-05	YER158C
YPL012W	0.148466320563	YJR148W
YPL012W	0.0170992214102	YNR064C
YPL012W	0.215223985007	YKR056W
YPL012W	0.144796772187	YCL064C
YPL012W	0.00943539659287	YJL063C
YPL012W	0.0290587685904	YDL091C
YPL012W	0.121343307492	YHR051W
YPL012W	0.0013059216646	YMR229C
YPL012W	0.995526276019	YOR206W
YPL012W	0.000772213706567	YJL088W
YPL012W	0.0119914968672	YLL011W
YPL012W	4.35462966558e-05	YNR028W
YPL012W	0.000370415601193	YDR043C
YPL012W	0.0211807453333	YKL071W
YPL012W	0.139842308748	YLR276C
YPL012W	0.0231639731079	YLR438W
YPL012W	0.100986340705	YNL037C
YPL012W	0.027481513486	YKR009C
YPL012W	0.0603746628205	YPR002W
YPL012W	0.431201669684	YDR361C
YPL012W	0.0437573962149	YLL033W
YPL012W	0.0109808288201	YFR022W
YPL012W	0.0874978611791	YAL062W
YPL012W	0.0480965497897	YDR523C
YPL012W	0.0143027427665	YOR056C
YPL012W	0.0415755204568	YBL042C
YPL012W	0.122433698685	YLR267W
YPL012W	3.73619516972e-06	YHR029C
YPL012W	0.00293958002542	YNR053C
YPL012W	0.00350904893691	YLR258W
YPL012W	0.903362947178	YDR380W
YPL012W	0.793191398353	YLL034C
YPL012W	0.0173825047192	YDL110C
YPL012W	0.0117072045191	YLR178C
YPL012W	0.0015442092079	YHR216W
YPL012W	4.40198953459e-08	YKL040C
YOR100C	0.000467346870994	YBL103C
YOR100C	3.09199496539e-05	YKL112W
YOR100C	8.16985325096e-06	YMR280C
YOR100C	3.77765524737e-07	YER040W
YOR100C	0.0177065386031	YNL036W
YOR100C	1.1868010216e-10	YML123C
YOR100C	0.00237339924174	YGR043C
YOR100C	0.0718514698748	YAL054C
YOR100C	0.00847505040132	YDR384C
YOR100C	0.015831016975	YPL061W
YOR100C	0.00368004060387	YLR009W
YOR100C	0.00834836175873	YPL111W
YOR100C	9.06302924211e-06	YJL172W
YOR100C	1.8701293882e-06	YMR169C
YOR100C	0.0539106676316	YNR064C
YOR100C	0.899719573822	YGR067C
YOR100C	0.00121276832801	YJL063C
YOR100C	0.00387666486535	YHR051W
YOR100C	6.76431952242e-06	YMR229C
YOR100C	0.00232620260039	YOR206W
YOR100C	0.00621063474036	YLL011W
YOR100C	0.000166886791516	YNR028W
YOR100C	0.00310705414896	YDR043C
YOR100C	0.00286716612579	YLR276C
YOR100C	0.0274581394718	YKL015W
YOR100C	0.0249655342096	YPR002W
YOR100C	0.0276473839292	YDR361C
YOR100C	0.00349828502901	YLL033W
YOR100C	8.37309563729e-08	YOR302W
YOR100C	0.00243694510929	YAL062W
YOR100C	0.000567123904813	YLR267W
YOR100C	7.31754543524e-09	YHR029C
YOR100C	0.0388492869519	YOL014W
YOR100C	0.00084150326273	YNR053C
YOR100C	0.00397873322968	YLL034C
YOR100C	1.07966453329e-06	YLR178C
YOR100C	6.55210275403e-09	YKL040C
YMR169C	0.0168046068293	YDR216W
YMR169C	1.81555731316e-05	YMR280C
YMR169C	3.8711030176e-05	YHR136C
YMR169C	0.977514366542	YGR043C
YMR169C	0.000213403750068	YCR010C
YMR169C	3.79593063916e-06	YER150W
YMR169C	0.00613591137101	YPL061W
YMR169C	2.45752973782e-06	YDL018C
YMR169C	0.00023765373562	YER158C
YMR169C	0.000410315643806	YDL160C
YMR169C	4.6036551133e-06	YLR327C
YMR169C	0.0322035851351	YJR094C
YMR169C	0.00102461363556	YIL155C
YMR169C	0.0125181754278	YDR043C
YMR169C	0.999944082909	YNL194C
YMR169C	2.86383715897e-05	YKR009C
YMR169C	0.0972443482795	YKL015W
YMR169C	0.00464641458072	YNL270C
YMR169C	0.114399156565	YFR022W
YMR169C	0.00025039390043	YPL036W
YMR169C	0.00280822970711	YJL217W
YMR169C	0.0395892520433	YOL014W
YMR169C	0.000138676203521	YDR380W
YMR169C	7.28555371192e-06	YER067W
YMR169C	0.00312122117989	YGL229C
YMR169C	0.273226478493	YHR216W
YMR169C	0.00382457652744	YJL153C
YMR169C	2.88328276855e-08	YKL040C
YNR046W	0.00630289873899	YBL103C
YNR046W	0.000289229981907	YKL112W
YNR046W	0.000712698446877	YER040W
YNR046W	0.000135963599332	YGR142W
YNR046W	0.0399399783159	YNL036W
YNR046W	0.0224040327241	YML123C
YNR046W	2.90776490736e-05	YHR136C
YNR046W	0.00193701170015	YCR021C
YNR046W	6.09994980577e-05	YGR043C
YNR046W	0.000621505933599	YHR018C
YNR046W	0.18095308131	YAL054C
YNR046W	1.68430739666e-05	YDL170W
YNR046W	0.0103790932505	YBR054W
YNR046W	0.00347862388568	YDR384C
YNR046W	0.00201051211107	YPL061W
YNR046W	0.103242544616	YKR075C
YNR046W	0.205562206541	YLR009W
YNR046W	0.0135420561564	YPL111W
YNR046W	0.00378522053072	YOR388C
YNR046W	0.00164221850083	YJL172W
YNR046W	0.00516522233189	YPL012W
YNR046W	0.0376456693001	YOR100C
YNR046W	4.19312388587e-05	YMR169C
YNR046W	2.98944157614e-05	YJR110W
YNR046W	0.000186067382427	YMR193W
YNR046W	0.00437254883875	YLR174W
YNR046W	0.00913068565538	YER002W
YNR046W	0.000804598719282	YDL018C
YNR046W	7.57258358e-05	YGR183C
YNR046W	0.00616671369446	YJR148W
YNR046W	0.0685892631122	YNR064C
YNR046W	0.00128337639413	YGR067C
YNR046W	0.0263231912554	YKR056W
YNR046W	0.0119335953014	YCL064C
YNR046W	0.00862677870241	YJL063C
YNR046W	0.0181497506746	YDL091C
YNR046W	0.0410827592462	YHR051W
YNR046W	0.0171541486552	YMR229C
YNR046W	0.0419626953832	YOR206W
YNR046W	6.42220915862e-06	YJL088W
YNR046W	0.0136020706157	YLL011W
YNR046W	0.00194311918677	YNR028W
YNR046W	0.220757928621	YLR276C
YNR046W	0.0229208387194	YLR438W
YNR046W	0.0813639893724	YNL037C
YNR046W	0.05046310773	YKR009C
YNR046W	0.00278143073948	YPR002W
YNR046W	0.0544595402954	YLL033W
YNR046W	0.00132419813179	YFR022W
YNR046W	0.0459335255405	YAL062W
YNR046W	0.193628247085	YDR523C
YNR046W	0.129332712095	YOR056C
YNR046W	0.32416357218	YBL042C
YNR046W	2.22751151723e-09	YLR130C
YNR046W	0.0331749731082	YLR267W
YNR046W	7.02467423914e-05	YHR029C
YNR046W	0.0155091488405	YOL014W
YNR046W	0.00374060599484	YNR053C
YNR046W	0.00223594670616	YLR258W
YNR046W	0.000586892920991	YDR380W
YNR046W	0.450074436992	YLL034C
YNR046W	0.14172742305	YDL110C
YNR046W	0.000383818238301	YLR178C
YNR046W	4.79249087967e-07	YKL040C
YJR110W	2.49798910475e-05	YDR216W
YJR110W	7.96467760333e-05	YCR010C
YJR110W	0.00370061282764	YOR388C
YJR110W	0.000957132621891	YPL265W
YJR110W	4.3866474001e-05	YNR028W
YJR110W	0.00105772045403	YLL033W
YJR110W	2.55593415478e-09	YOR302W
YJR110W	0.00195590098363	YJL217W
YJR110W	0.00362051102633	YNR053C
YJR110W	3.81664221438e-05	YKL040C
YMR193W	1.0	YJL063C
YMR193W	1.0	YDL160C
YMR193W	0.0418190378196	YKL071W
YMR193W	0.00106205707806	YNL037C
YMR193W	2.75565475147e-08	YLR130C
YMR193W	0.00944205340444	YOR032C
YGL254W	0.00990659611652	YKR075C
YGL254W	0.00529018061127	YOR388C
YGL254W	0.00265124344239	YIL037C
YGL254W	0.0161191998133	YKL015W
YGL254W	0.00449666019062	YLL033W
YGL254W	0.00345515846127	YJL217W
YGL254W	1.50759807438e-05	YLR267W
YLR174W	0.000683353370271	YDR216W
YLR174W	0.023634858565	YBR054W
YLR174W	7.08200064773e-05	YMR193W
YLR174W	0.00100362416597	YGR067C
YLR174W	0.00385777078609	YIL037C
YLR174W	0.00022834041578	YKL071W
YLR174W	0.00670717199219	YGL009C
YLR174W	0.0310530415318	YNL270C
YLR174W	0.0526619024973	YFR022W
YLR174W	0.0263073095077	YOL014W
YLR174W	0.00249743226702	YHR216W
YLR174W	0.00552360031196	YJL153C
YER002W	1.06113459614e-05	YBL103C
YER002W	3.0829114687e-06	YML123C
YER002W	2.72554627226e-05	YHR136C
YER002W	0.0277237231768	YBR054W
YER002W	0.00216126343153	YLR009W
YER002W	0.0141950727659	YPL111W
YER002W	0.000328746753111	YPL012W
YER002W	0.00108391636251	YOR100C
YER002W	3.59430103691e-06	YMR169C
YER002W	0.0034087273474	YNR046W
YER002W	5.06279922492e-05	YMR193W
YER002W	0.00581073025483	YLR174W
YER002W	2.23899166814e-05	YDL018C
YER002W	2.23374638457e-07	YIL136W
YER002W	7.91254554765e-05	YGR183C
YER002W	0.000354897528606	YER158C
YER002W	0.00120254075474	YPL265W
YER002W	0.0125050132123	YKR056W
YER002W	0.0199582466667	YJL063C
YER002W	7.67904831141e-05	YOR206W
YER002W	0.00500995657191	YLL011W
YER002W	0.00194165382353	YLR276C
YER002W	0.00103967326356	YDR361C
YER002W	0.00577484390732	YBL042C
YER002W	9.87540420024e-05	YLR267W
YER002W	0.00974395006633	YNR053C
YER002W	6.40638126131e-05	YLR258W
YER002W	0.00906545258212	YLL034C
YER002W	0.00559437471331	YDL110C
YER002W	1.17132227357e-06	YHR087W
YER002W	2.69105369981e-07	YKL062W
YDL018C	5.33709994875e-05	YHR136C
YDL018C	1.69982040885e-06	YMR169C
YDL018C	0.000379326394645	YMR193W
YDL018C	0.0794690414241	YLR174W
YDL018C	0.0167575055957	YGR183C
YDL018C	0.00487545577544	YIL037C
YDL018C	0.00436633723369	YJR094C
YDL018C	0.000386626228556	YNL270C
YDL018C	1.14459378583e-08	YLR130C
YDL018C	0.114443034791	YJL153C
YDL018C	0.999999456736	YKL040C
YIL136W	0.766238773626	YMR280C
YIL136W	5.65171937858e-05	YHR136C
YIL136W	0.00224343074566	YFL014W
YIL136W	0.00645249258603	YOR348C
YIL136W	0.00606414829725	YBR054W
YIL136W	1.40297668761e-05	YCR010C
YIL136W	1.05704180251e-05	YER150W
YIL136W	0.00013978311905	YPL012W
YIL136W	4.44846256733e-06	YMR169C
YIL136W	2.43918678323e-05	YMR193W
YIL136W	1.22172085858e-07	YDL018C
YIL136W	4.40250002866e-06	YGR183C
YIL136W	0.00207634484979	YER158C
YIL136W	0.0615685750187	YGR067C
YIL136W	0.0666999501928	YJL063C
YIL136W	4.63094177525e-05	YDL160C
YIL136W	0.00658540050108	YIL037C
YIL136W	0.0383194377054	YHR051W
YIL136W	0.00791369849375	YHL028W
YIL136W	0.00100171654998	YJR094C
YIL136W	0.0076621976592	YIL155C
YIL136W	0.00262467614356	YLL011W
YIL136W	0.0151752898106	YDR043C
YIL136W	0.432655027974	YDR258C
YIL136W	0.000466201154404	YNL194C
YIL136W	0.215287758904	YKR009C
YIL136W	0.0162614353915	YKL015W
YIL136W	0.0651215238167	YGL009C
YIL136W	0.000721306892837	YDR361C
YIL136W	0.00687535525431	YAL062W
YIL136W	0.0130783384262	YPL036W
YIL136W	0.0194888462068	YJL217W
YIL136W	0.000176452571567	YLR258W
YIL136W	0.00608462794058	YDR380W
YIL136W	0.00018037438011	YER067W
YIL136W	0.817932482914	YLR178C
YIL136W	0.0157591841842	YGL229C
YIL136W	0.991706541933	YHR087W
YIL136W	0.00772971030409	YKL062W
YGR183C	6.73963303661e-11	YFL014W
YGR183C	0.000595296151762	YDR384C
YGR183C	0.00131530679998	YMR193W
YGR183C	5.67659277992e-05	YDL018C
YGR183C	0.00449376721575	YIL037C
YGR183C	0.937458424386	YHR051W
YGR183C	0.00439497355758	YLL011W
YGR183C	0.0047429263341	YKL015W
YGR183C	0.00206325753437	YJL217W
YGR183C	0.00012574858452	YDR380W
YGR183C	0.0154473556109	YDL110C
YER158C	2.13033110231e-09	YER150W
YER158C	0.088943228891	YHL028W
YER158C	0.00113260507482	YJR094C
YER158C	0.103354902426	YDR043C
YER158C	0.0140889470223	YKL015W
YER158C	1.0	YOR032C
YER158C	0.00792717564304	YHR216W
YER158C	0.00766645482375	YJL153C
YJR148W	5.54772412583e-09	YML123C
YJR148W	3.06535678016e-05	YHR136C
YJR148W	0.014252992911	YBR054W
YJR148W	1.39974879688e-05	YCR010C
YJR148W	0.0019169082159	YLR009W
YJR148W	0.0265739416031	YPL111W
YJR148W	0.000247611632388	YPL012W
YJR148W	6.59796763413e-07	YMR169C
YJR148W	0.00231557662739	YNR046W
YJR148W	0.0121937074427	YLR174W
YJR148W	0.000404218962893	YDL018C
YJR148W	3.21035037259e-05	YGR183C
YJR148W	0.00412658754621	YPL265W
YJR148W	0.0389766973972	YKR056W
YJR148W	0.0244010175371	YCL064C
YJR148W	0.00110004569997	YJL063C
YJR148W	1.87392411448e-07	YLR327C
YJR148W	0.00011030365608	YOR206W
YJR148W	0.00756538841914	YLL011W
YJR148W	9.14305216277e-05	YNR028W
YJR148W	0.00594740002607	YLR276C
YJR148W	0.000639242089836	YDR361C
YJR148W	0.000169346347555	YOR056C
YJR148W	4.20490077925e-09	YLR130C
YJR148W	0.000229776890219	YLR267W
YJR148W	0.0136230705588	YOL014W
YJR148W	0.0164826429387	YNR053C
YJR148W	0.000270927105296	YDR380W
YJR148W	0.0109969123731	YGL229C
YJR148W	5.04568199779e-06	YKL062W
YNR064C	6.64809139404e-05	YKL112W
YNR064C	0.123073009903	YPL061W
YNR064C	0.00603344622028	YOR388C
YNR064C	0.0298864210816	YOR100C
YNR064C	0.0122704346224	YLR174W
YNR064C	0.00419660937092	YGR067C
YNR064C	1.11510597227e-06	YMR229C
YNR064C	0.000585925038815	YOR206W
YNR064C	0.000732908776431	YDR043C
YNR064C	0.0319957664439	YKL015W
YNR064C	9.48496694822e-08	YOR302W
YNR064C	0.00183619947845	YNL270C
YNR064C	0.00124610281574	YPL036W
YNR064C	2.93471684106e-05	YLR267W
YNR064C	0.0241857434116	YOL014W
YNR064C	0.0112484803872	YJL153C
YNR064C	1.50396931218e-08	YKL040C
YGR067C	8.3759549738e-06	YMR280C
YGR067C	0.00601187851011	YAL054C
YGR067C	4.14886841606e-09	YFL014W
YGR067C	0.04745898254	YBR054W
YGR067C	0.0239659459697	YPL061W
YGR067C	0.00524000612535	YOR100C
YGR067C	1.26172110799e-06	YMR169C
YGR067C	0.179213740671	YLR174W
YGR067C	0.935825659855	YIL037C
YGR067C	4.69909912141e-05	YOR206W
YGR067C	0.00288578611605	YKL071W
YGR067C	0.0401970628252	YGL009C
YGR067C	0.118666654594	YNL270C
YGR067C	0.137443736477	YFR022W
YGR067C	0.0637619524232	YAL062W
YGR067C	0.985193515198	YOL014W
YGR067C	0.0544250358331	YGL229C
YGR067C	0.00312191346666	YOR032C
YGR067C	0.00127024562843	YHR216W
YGR067C	0.0147772256446	YJL153C
YPL265W	0.000974559671264	YMR280C
YPL265W	0.788142886158	YNL036W
YPL265W	3.56162781207e-11	YML123C
YPL265W	4.29872312904e-05	YHR136C
YPL265W	7.86587981934e-07	YDR171W
YPL265W	0.388997002045	YOR348C
YPL265W	0.0165454313073	YBR054W
YPL265W	9.84708814307e-09	YER150W
YPL265W	0.00091175085783	YLR009W
YPL265W	1.0	YPL111W
YPL265W	0.000137604634667	YPL012W
YPL265W	0.00577445785304	YNR046W
YPL265W	0.977447929427	YJR110W
YPL265W	0.0169701511243	YGL254W
YPL265W	0.0409253656698	YLR174W
YPL265W	0.983851127478	YER002W
YPL265W	0.0378317888036	YDL018C
YPL265W	3.01597277913e-06	YIL136W
YPL265W	0.0525198633132	YGR183C
YPL265W	0.0216844409682	YER158C
YPL265W	0.947948845011	YJR148W
YPL265W	0.634391633738	YKR056W
YPL265W	0.228020857291	YCL064C
YPL265W	1.20597108309e-06	YLR327C
YPL265W	0.606003812744	YDL091C
YPL265W	0.00751673476633	YHL028W
YPL265W	2.53319285655e-05	YOR206W
YPL265W	0.00769341741062	YIL155C
YPL265W	0.0694113216615	YLL011W
YPL265W	0.993300258061	YDR043C
YPL265W	0.192150645393	YDR258C
YPL265W	0.00923156703482	YLR276C
YPL265W	2.8326268628e-05	YLR438W
YPL265W	0.00113363043717	YLL033W
YPL265W	0.983180480094	YDR523C
YPL265W	0.95071530059	YPL036W
YPL265W	0.167966685323	YOR056C
YPL265W	0.971291555353	YBL042C
YPL265W	0.407983599498	YLR130C
YPL265W	0.999742538373	YLR267W
YPL265W	0.0116320647201	YOL014W
YPL265W	0.489341120724	YNR053C
YPL265W	0.0205509421582	YLR258W
YPL265W	0.00223963108679	YDR380W
YPL265W	0.000913763127634	YLL034C
YPL265W	0.198607193276	YDL110C
YPL265W	0.521639060271	YGL229C
YPL265W	1.61776813834e-06	YHR087W
YPL265W	0.395540023352	YKL062W
YKR056W	6.62143258814e-05	YMR280C
YKR056W	1.22748469739e-10	YML123C
YKR056W	2.64630446112e-05	YHR136C
YKR056W	4.37692363625e-10	YDR171W
YKR056W	1.46922312436e-05	YOR348C
YKR056W	0.0343632820161	YBR054W
YKR056W	7.89066236173e-09	YER150W
YKR056W	0.000596043109381	YLR009W
YKR056W	0.0575351273429	YPL111W
YKR056W	0.00046672487568	YPL012W
YKR056W	0.00166442859691	YNR046W
YKR056W	0.00104096542303	YJR110W
YKR056W	0.00319291762303	YGL254W
YKR056W	0.0446682198749	YLR174W
YKR056W	0.00088667052819	YER002W
YKR056W	0.175943984985	YDL018C
YKR056W	1.1276001991e-05	YIL136W
YKR056W	0.00735167540867	YGR183C
YKR056W	0.00738661332933	YER158C
YKR056W	0.00187767606634	YJR148W
YKR056W	0.13312280711	YPL265W
YKR056W	0.00811900232136	YCL064C
YKR056W	4.6781452301e-06	YDL160C
YKR056W	0.0366559131844	YDL091C
YKR056W	0.00623552423542	YHL028W
YKR056W	0.0633940279855	YLL011W
YKR056W	6.4908321906e-06	YDR258C
YKR056W	0.000309848583993	YKL071W
YKR056W	2.92728374561e-16	YNL194C
YKR056W	0.0025037223812	YLR276C
YKR056W	1.71481325431e-05	YLR438W
YKR056W	7.73737356727e-05	YDR523C
YKR056W	0.00658474766579	YPL036W
YKR056W	0.17136444652	YOR056C
YKR056W	0.000187524404053	YBL042C
YKR056W	8.55919005924e-05	YLR130C
YKR056W	0.0215073332047	YOL014W
YKR056W	0.220687459677	YNR053C
YKR056W	0.018184245723	YLR258W
YKR056W	0.000949951791288	YDR380W
YKR056W	0.000486362296711	YLL034C
YKR056W	0.0270227289625	YDL110C
YKR056W	0.177424541826	YGL229C
YKR056W	0.0490598877144	YKL062W
YCL064C	1.22558238457e-08	YML123C
YCL064C	0.969274530628	YHR136C
YCL064C	0.0119424311931	YKR075C
YCL064C	0.0192475900286	YPL111W
YCL064C	0.00366841480466	YOR388C
YCL064C	0.000139489944609	YPL012W
YCL064C	5.71215515479e-07	YMR169C
YCL064C	0.00530785570739	YLR174W
YCL064C	0.0152692155254	YIL037C
YCL064C	0.000237044229156	YJL088W
YCL064C	4.92144321942e-05	YLR438W
YCL064C	0.00214121790458	YJL217W
YCL064C	0.00226407144296	YLR267W
YCL064C	0.0129064251701	YOL014W
YCL064C	0.00142626834522	YNR053C
YCL064C	0.00248938596634	YOR032C
YJL063C	1.0	YMR193W
YJL063C	0.310086047869	YKL071W
YJL063C	0.0354701640925	YNL037C
YJL063C	0.00585848772276	YKL015W
YDL160C	0.986549695869	YMR193W
YDL160C	0.0010089599832	YJR094C
YDL160C	0.973362228271	YNL270C
YDL160C	0.0297760302301	YOL014W
YDL160C	0.601098654618	YOR032C
YDL160C	0.685210643306	YHR216W
YIL037C	0.0121209266795	YPL111W
YIL037C	0.194076569509	YOR388C
YIL037C	0.00242908905298	YGR067C
YIL037C	0.0068266476902	YKL015W
YIL037C	0.00459425027366	YNL270C
YIL037C	0.0134213265523	YJL217W
YIL037C	0.00394641030712	YJL153C
YLR327C	0.18730597306	YDR216W
YLR327C	1.00243693056e-06	YMR280C
YLR327C	3.04910188152e-05	YHR136C
YLR327C	1.66623165395e-06	YDR171W
YLR327C	0.000782089415555	YCR021C
YLR327C	1.08015546631e-09	YFL014W
YLR327C	0.000959425270002	YOR348C
YLR327C	0.000141000314231	YCR010C
YLR327C	0.00344351749009	YER150W
YLR327C	0.0044937922296	YKR075C
YLR327C	0.0148197668819	YOR388C
YLR327C	8.99954827864e-07	YMR169C
YLR327C	0.0099271344012	YGL254W
YLR327C	5.45609119998e-06	YDL018C
YLR327C	0.000502046078571	YER158C
YLR327C	0.000588887445457	YGR067C
YLR327C	0.00074025498262	YDL160C
YLR327C	0.00210106172541	YIL155C
YLR327C	1.68690602284e-05	YJL088W
YLR327C	1.31775886912e-15	YNL194C
YLR327C	0.0174964526127	YNL270C
YLR327C	0.381413361156	YFR022W
YLR327C	0.00768464399118	YJL217W
YLR327C	0.392299167954	YER067W
YLR327C	0.014541398297	YOR032C
YLR327C	2.26244326972e-06	YKL040C
YLR327C	0.000226281079398	YHR087W
YDL091C	3.08097945866e-05	YBL103C
YDL091C	1.14080916922e-06	YER040W
YDL091C	1.6419350375e-05	YML123C
YDL091C	0.00767904167047	YBR054W
YDL091C	0.00198433747188	YDR384C
YDL091C	0.0099607939266	YKR075C
YDL091C	0.00794256892251	YLR009W
YDL091C	0.0145378894346	YPL111W
YDL091C	0.00433968967713	YOR388C
YDL091C	0.000346024382886	YPL012W
YDL091C	2.31939236956e-05	YMR169C
YDL091C	0.043791189028	YNR046W
YDL091C	9.68951512912e-05	YMR193W
YDL091C	0.00470534787106	YLR174W
YDL091C	6.65413616309e-06	YDL018C
YDL091C	4.41953822945e-08	YIL136W
YDL091C	2.27210844833e-05	YGR183C
YDL091C	0.000252705345635	YER158C
YDL091C	0.0171592794754	YKR056W
YDL091C	0.0162792979004	YJL063C
YDL091C	0.000791203423503	YHR051W
YDL091C	0.000980957426861	YOR206W
YDL091C	0.00830784519324	YLL011W
YDL091C	5.09329206903e-05	YNR028W
YDL091C	0.0157185914452	YLR276C
YDL091C	0.00242069942545	YLR438W
YDL091C	0.00474019375522	YNL037C
YDL091C	0.00125702875359	YLL033W
YDL091C	0.127079282209	YBL042C
YDL091C	9.33835458485e-05	YLR267W
YDL091C	8.91650467934e-09	YHR029C
YDL091C	0.0744293311574	YOL014W
YDL091C	0.0102822381351	YNR053C
YDL091C	6.82464642053e-05	YLR258W
YDL091C	0.000631615797636	YDR380W
YDL091C	0.0186867247334	YLL034C
YDL091C	0.00788572159333	YDL110C
YDL091C	3.39558700038e-07	YLR178C
YDL091C	1.10093308944e-08	YKL062W
YHR051W	3.29011035394e-06	YMR280C
YHR051W	7.65270342684e-14	YML123C
YHR051W	5.99552317717e-09	YFL014W
YHR051W	0.0022405100102	YDR384C
YHR051W	0.00237032246545	YPL061W
YHR051W	0.00715908564793	YMR193W
YHR051W	0.999851654611	YGR183C
YHR051W	1.33641024828e-05	YJL088W
YHR051W	0.00229999318549	YLL011W
YHR051W	0.00159821267682	YDR043C
YHR051W	3.32543151863e-16	YNL194C
YHR051W	0.0127887770657	YKL015W
YHR051W	0.00260209837298	YGL009C
YHR051W	0.00411641460859	YJL217W
YHR051W	0.000755863298327	YDR380W
YHR051W	0.0381634673162	YDL110C
YHR051W	0.0109112791662	YOR032C
YHL028W	2.5237313967e-05	YHR136C
YHL028W	3.20662874488e-09	YFL014W
YHL028W	4.79870427982e-06	YOR348C
YHL028W	0.235500334091	YBR054W
YHL028W	9.90343157271e-08	YER150W
YHL028W	0.00302507711867	YGL254W
YHL028W	0.615263130356	YER158C
YHL028W	0.030918043525	YJL063C
YHL028W	2.02290021118e-05	YDL160C
YHL028W	0.00832317292159	YIL037C
YHL028W	4.80253375808e-05	YLR438W
YHL028W	0.00198124380116	YJL217W
YHL028W	0.00180487865027	YOR032C
YHL028W	8.25338464285e-06	YKL062W
YMR229C	0.000107633997265	YBL103C
YMR229C	0.000900958644543	YKL112W
YMR229C	3.0977549247e-05	YDR216W
YMR229C	1.63631026463e-06	YER040W
YMR229C	0.00866103332754	YNL036W
YMR229C	4.21667177799e-11	YML123C
YMR229C	0.974658785701	YGR043C
YMR229C	0.000350543723404	YHR018C
YMR229C	0.0380018346634	YAL054C
YMR229C	3.39777550012e-06	YDL170W
YMR229C	0.000226887623417	YCR010C
YMR229C	0.814135956226	YDR384C
YMR229C	0.0164939236123	YPL061W
YMR229C	0.00745084806069	YKR075C
YMR229C	0.0905614820592	YLR009W
YMR229C	0.01274876383	YPL111W
YMR229C	0.00534571188829	YOR388C
YMR229C	0.0198636252912	YJL172W
YMR229C	0.00089428717843	YPL012W
YMR229C	0.162936770285	YOR100C
YMR229C	1.28004735249e-05	YMR169C
YMR229C	0.0413185981218	YNR046W
YMR229C	9.61220786505e-06	YJR110W
YMR229C	0.0054920491202	YLR174W
YMR229C	0.000262645398971	YJR148W
YMR229C	0.0296108512666	YNR064C
YMR229C	0.00692440871976	YGR067C
YMR229C	0.00298494034072	YCL064C
YMR229C	0.00369340490236	YJL063C
YMR229C	0.00119828756972	YHR051W
YMR229C	0.157018484121	YOR206W
YMR229C	0.001486902675	YJR094C
YMR229C	0.00376238440853	YLL011W
YMR229C	0.158500047988	YNR028W
YMR229C	0.00951681325031	YDR043C
YMR229C	0.10524983539	YLR276C
YMR229C	4.88600617153e-05	YLR438W
YMR229C	0.00152615583952	YNL037C
YMR229C	0.0984035254302	YKL015W
YMR229C	0.232477835044	YPR002W
YMR229C	0.037523107021	YDR361C
YMR229C	0.00736348837244	YLL033W
YMR229C	9.7233118396e-05	YOR302W
YMR229C	0.769026792261	YFR022W
YMR229C	0.000668789938722	YDR523C
YMR229C	0.000125646895189	YBL042C
YMR229C	0.00431380618158	YLR267W
YMR229C	3.51512535275e-08	YHR029C
YMR229C	0.0100709352113	YOL014W
YMR229C	0.00232631121328	YNR053C
YMR229C	0.00226882579945	YLL034C
YMR229C	0.00699184389453	YDL110C
YMR229C	0.000216754597532	YLR178C
YMR229C	0.0028389946416	YJL153C
YMR229C	1.16634433905e-07	YKL040C
YOR206W	0.0102161550307	YBL103C
YOR206W	0.0248901289997	YKL112W
YOR206W	0.00289064563563	YER040W
YOR206W	0.0471459715971	YGR142W
YOR206W	0.252638408593	YNL036W
YOR206W	0.259544648259	YML123C
YOR206W	0.455659676901	YCR021C
YOR206W	0.000406819812313	YGR043C
YOR206W	0.55909247637	YHR018C
YOR206W	0.264650075679	YAL054C
YOR206W	2.35809951057e-11	YFL014W
YOR206W	8.97196407982e-05	YDL170W
YOR206W	0.0159119059714	YBR054W
YOR206W	0.0262670385882	YDR384C
YOR206W	0.00216723711554	YPL061W
YOR206W	0.0911982039469	YKR075C
YOR206W	0.752046244711	YLR009W
YOR206W	0.0143601955592	YPL111W
YOR206W	0.772406683368	YJL172W
YOR206W	0.999237414073	YPL012W
YOR206W	0.127472878083	YOR100C
YOR206W	3.64281642552e-05	YMR169C
YOR206W	0.575987852534	YNR046W
YOR206W	2.94170996002e-05	YJR110W
YOR206W	4.35676703421e-05	YMR193W
YOR206W	0.509232725033	YGL254W
YOR206W	0.198496095956	YER002W
YOR206W	6.47257652137e-05	YDL018C
YOR206W	1.52959044729e-05	YGR183C
YOR206W	0.415415962149	YJR148W
YOR206W	0.366286461968	YNR064C
YOR206W	0.000484158351407	YGR067C
YOR206W	0.075864295463	YKR056W
YOR206W	0.287737718178	YCL064C
YOR206W	0.0171433658264	YJL063C
YOR206W	0.552900946602	YDL091C
YOR206W	0.113309097044	YHR051W
YOR206W	0.1705069086	YMR229C
YOR206W	0.000141650593588	YJL088W
YOR206W	0.0121603487158	YLL011W
YOR206W	0.000298306290153	YNR028W
YOR206W	0.767031295228	YLR276C
YOR206W	0.108977386546	YLR438W
YOR206W	0.301698629956	YNL037C
YOR206W	0.769901701352	YKR009C
YOR206W	0.391469707289	YPR002W
YOR206W	0.575801795443	YDR361C
YOR206W	0.173893754701	YLL033W
YOR206W	0.0601085184998	YFR022W
YOR206W	0.0199258139133	YAL062W
YOR206W	0.240263820051	YDR523C
YOR206W	0.272158096668	YOR056C
YOR206W	0.102800639026	YBL042C
YOR206W	0.251307490134	YLR267W
YOR206W	5.08180905283e-05	YHR029C
YOR206W	0.00984291927201	YOL014W
YOR206W	0.00347003391721	YNR053C
YOR206W	0.00833756956242	YLR258W
YOR206W	0.085511407448	YDR380W
YOR206W	0.213412208684	YLL034C
YOR206W	0.0255691344854	YDL110C
YOR206W	0.00256304241291	YLR178C
YOR206W	1.89075472862e-07	YKL040C
YOR206W	1.59467485653e-06	YHR087W
YJR094C	0.00528657880679	YOR388C
YJR094C	0.0192814642655	YJL217W
YJR094C	0.0762718290634	YOL014W
YJR094C	0.00293881914339	YJL153C
YIL155C	0.000149355816437	YDR216W
YIL155C	0.00357848924968	YMR280C
YIL155C	7.43871552709e-05	YHR136C
YIL155C	1.68911216716e-08	YDR171W
YIL155C	0.00905845955337	YCR021C
YIL155C	3.58796037996e-06	YFL014W
YIL155C	0.00485348791487	YOR348C
YIL155C	3.99797137731e-05	YCR010C
YIL155C	9.91745778279e-05	YER150W
YIL155C	1.45418647638e-06	YMR169C
YIL155C	5.19135535302e-05	YIL136W
YIL155C	0.0702564125486	YER158C
YIL155C	0.00342628979852	YGR067C
YIL155C	0.0034735312421	YJL063C
YIL155C	6.12738623475e-05	YDL160C
YIL155C	0.000865149193496	YLR327C
YIL155C	0.00039737492077	YHL028W
YIL155C	0.00275999531312	YLL011W
YIL155C	0.00166368293135	YDR043C
YIL155C	5.68776200756e-05	YDR258C
YIL155C	5.87857979203e-10	YNL194C
YIL155C	0.0433164120189	YKL015W
YIL155C	0.000717776054494	YNL270C
YIL155C	0.00233137289182	YFR022W
YIL155C	0.00160854779603	YPL036W
YIL155C	0.0213313154013	YJL217W
YIL155C	6.27291937661e-05	YER067W
YIL155C	1.39938084662e-07	YKL040C
YIL155C	0.000746627078902	YHR087W
YIL155C	3.28943270811e-07	YKL062W
YJL088W	8.18622102535e-12	YML123C
YJL088W	4.45221236954e-05	YHR136C
YJL088W	0.000296840530083	YHR018C
YJL088W	0.00164732030129	YPL061W
YJL088W	0.00312879707204	YKR075C
YJL088W	0.000161220831163	YPL012W
YJL088W	0.11390048746	YCL064C
YJL088W	0.00286193532395	YJR094C
YJL088W	0.0252479165435	YLR438W
YJL088W	0.0336557011913	YLL033W
YJL088W	5.10451305249e-07	YOR302W
YJL088W	0.00210248577085	YLR267W
YJL088W	7.02387679841e-08	YKL040C
YLL011W	0.00466030023135	YMR280C
YLL011W	0.0892176457507	YNL036W
YLL011W	9.54538340407e-11	YML123C
YLL011W	2.95539339849e-05	YHR136C
YLL011W	1.73418029264e-08	YDR171W
YLL011W	0.576586457984	YOR348C
YLL011W	0.0426561731966	YBR054W
YLL011W	1.46482563166e-08	YER150W
YLL011W	0.00181098306666	YLR009W
YLL011W	0.0643327194335	YPL111W
YLL011W	0.000204771832448	YPL012W
YLL011W	0.00339210110947	YNR046W
YLL011W	0.00328391183728	YJR110W
YLL011W	2.29382830871e-05	YMR193W
YLL011W	0.0553274754307	YGL254W
YLL011W	0.0354461512464	YLR174W
YLL011W	0.0013895774955	YER002W
YLL011W	0.487534930367	YDL018C
YLL011W	2.17582632104e-05	YIL136W
YLL011W	0.165918461131	YGR183C
YLL011W	0.010282639939	YER158C
YLL011W	0.0215486236145	YJR148W
YLL011W	0.36379959552	YPL265W
YLL011W	0.149254839805	YKR056W
YLL011W	0.0271960369652	YCL064C
YLL011W	0.00116792564046	YJL063C
YLL011W	2.47742821994e-06	YDL160C
YLL011W	2.96076301216e-07	YLR327C
YLL011W	0.0851638314442	YDL091C
YLL011W	0.0225432118644	YHL028W
YLL011W	3.5138669976e-05	YOR206W
YLL011W	0.0104825323729	YIL155C
YLL011W	0.00490298462796	YDR043C
YLL011W	0.744824883213	YDR258C
YLL011W	0.00945721068667	YLR276C
YLL011W	0.00614784942115	YLL033W
YLL011W	0.00166485226025	YDR523C
YLL011W	0.00496427004553	YPL036W
YLL011W	0.302639932407	YOR056C
YLL011W	0.00308322366873	YBL042C
YLL011W	0.525172680766	YLR130C
YLL011W	1.82252488715e-05	YLR267W
YLL011W	0.0219618875528	YOL014W
YLL011W	1.0	YNR053C
YLL011W	0.0283548048057	YLR258W
YLL011W	0.00382544537259	YDR380W
YLL011W	0.00236412234596	YLL034C
YLL011W	0.344494462069	YDL110C
YLL011W	7.51294583456e-08	YER067W
YLL011W	0.0457999445781	YGL229C
YLL011W	0.0033004468718	YOR032C
YLL011W	1.04669774955e-05	YHR087W
YLL011W	0.0696104309016	YKL062W
YNR028W	0.000616331374719	YBL103C
YNR028W	1.47095964723e-05	YKL112W
YNR028W	6.26397936291e-07	YER040W
YNR028W	2.53859481633e-05	YGR142W
YNR028W	1.97302927895e-09	YDR171W
YNR028W	0.0083388019423	YCR010C
YNR028W	0.0161510415676	YDR384C
YNR028W	0.00177381993063	YPL061W
YNR028W	0.0025105193032	YKR075C
YNR028W	0.00557650120343	YOR388C
YNR028W	8.93835524981e-05	YJL172W
YNR028W	0.000158816372767	YPL012W
YNR028W	6.15818996811e-05	YJR110W
YNR028W	0.100808681638	YLR174W
YNR028W	6.54542022137e-05	YMR229C
YNR028W	0.000363404556739	YOR206W
YNR028W	1.26509253074e-05	YJL088W
YNR028W	0.266783150204	YKL071W
YNR028W	0.00107869990481	YLR276C
YNR028W	0.00114427913439	YNL037C
YNR028W	0.0282366116274	YKL015W
YNR028W	0.212815189872	YPR002W
YNR028W	0.00574014863848	YLL033W
YNR028W	4.56893978039e-05	YOR302W
YNR028W	4.53006511596e-07	YLR130C
YNR028W	2.77768064222e-05	YLR267W
YNR028W	6.5100465207e-08	YHR029C
YNR028W	0.998602569202	YKL040C
YDR043C	2.52834530684e-05	YMR193W
YDR043C	6.78172432622e-06	YGR183C
YDR043C	0.0159744817037	YER158C
YDR043C	0.00194641572774	YPL265W
YDR043C	0.00904481779339	YIL037C
YDR043C	0.00154951932189	YJR094C
YDR043C	0.00259748840117	YLL011W
YDR043C	1.00224337043e-08	YOR302W
YDR043C	0.00178468504	YJL217W
YDR043C	0.000758830427171	YNR053C
YDR043C	0.00569255820727	YOR032C
YDR043C	7.51295774835e-08	YKL062W
YDR258C	0.0184630742141	YNL036W
YDR258C	2.17177973571e-13	YML123C
YDR258C	1.62356683251e-09	YDR171W
YDR258C	0.000865733749239	YCR021C
YDR258C	0.00375336737422	YAL054C
YDR258C	1.15956317087e-10	YFL014W
YDR258C	1.14528183148e-05	YOR348C
YDR258C	0.0642668127517	YBR054W
YDR258C	0.00114742328076	YDR384C
YDR258C	3.7112089779e-08	YER150W
YDR258C	0.00297498271818	YPL061W
YDR258C	0.00851920696378	YPL111W
YDR258C	0.067894448835	YGL254W
YDR258C	2.29793445913e-06	YDL018C
YDR258C	0.00262081320445	YIL136W
YDR258C	0.000539624714573	YGR183C
YDR258C	4.09155264256e-05	YER158C
YDR258C	0.000462632509021	YPL265W
YDR258C	0.0378415829443	YJL063C
YDR258C	4.41983800161e-06	YDL160C
YDR258C	3.61465718963e-07	YLR327C
YDR258C	0.000483721997971	YDL091C
YDR258C	0.00116123880618	YIL155C
YDR258C	0.0870049047994	YLL011W
YDR258C	0.000354376020504	YKL071W
YDR258C	1.59462784985e-14	YNL194C
YDR258C	0.000466806002726	YKR009C
YDR258C	0.00243369859877	YJL217W
YDR258C	0.00201039323444	YOR056C
YDR258C	1.31374522609e-08	YLR130C
YDR258C	0.00108679416285	YNR053C
YDR258C	0.162443239193	YLR258W
YDR258C	0.0210971057584	YDR380W
YDR258C	0.00297572981996	YER067W
YDR258C	0.00307635049786	YGL229C
YDR258C	3.58820958333e-05	YHR087W
YDR258C	0.0125912084623	YKL062W
YKL071W	0.00018499700597	YHR136C
YKL071W	6.75920041367e-11	YFL014W
YKL071W	8.92152412897e-10	YER150W
YKL071W	0.00823672780672	YKR075C
YKL071W	0.000930005605422	YLR009W
YKL071W	0.0339778773288	YPL111W
YKL071W	0.0137701827263	YOR388C
YKL071W	0.720120367713	YPL012W
YKL071W	0.000220744500595	YMR193W
YKL071W	0.0433497854831	YLR174W
YKL071W	6.01170184152e-06	YDL160C
YKL071W	0.0219141396717	YIL037C
YKL071W	1.66116247777e-06	YLR327C
YKL071W	0.000380157181664	YOR206W
YKL071W	0.0352401526062	YJR094C
YKL071W	0.00047178677834	YJL088W
YKL071W	0.00563401612841	YLL011W
YKL071W	0.0241809365418	YNL037C
YKL071W	0.0367313294697	YKL015W
YKL071W	0.00511562482623	YJL217W
YKL071W	0.0090886888565	YOL014W
YKL071W	0.00420909354728	YNR053C
YKL071W	0.00068750616686	YDR380W
YKL071W	0.00453640200796	YOR032C
YKL071W	0.19785760833	YHR216W
YKL071W	0.0135302759908	YJL153C
YNL194C	0.359909207043	YDR216W
YNL194C	0.0496516388264	YMR280C
YNL194C	0.00107683123438	YHR136C
YNL194C	4.94239429963e-10	YDR171W
YNL194C	0.0220071763409	YGR043C
YNL194C	0.999999974684	YFL014W
YNL194C	0.000387685391514	YOR348C
YNL194C	0.00219733727586	YBR054W
YNL194C	0.0283781422172	YCR010C
YNL194C	0.999995259212	YER150W
YNL194C	1.0	YMR169C
YNL194C	1.1044933748e-07	YDL018C
YNL194C	0.948243536883	YIL136W
YNL194C	0.00228213912008	YER158C
YNL194C	0.00303593744719	YJL063C
YNL194C	0.000616992287446	YDL160C
YNL194C	0.00886960147307	YIL037C
YNL194C	4.3486735981e-06	YLR327C
YNL194C	0.0505011907457	YJR094C
YNL194C	0.884872753396	YIL155C
YNL194C	4.70600211074e-06	YJL088W
YNL194C	0.0169661344725	YDR043C
YNL194C	0.00091757375078	YDR258C
YNL194C	0.00201375712551	YKR009C
YNL194C	0.259666661331	YKL015W
YNL194C	0.0112769992587	YGL009C
YNL194C	0.00117758831599	YNL270C
YNL194C	0.122743387782	YPL036W
YNL194C	0.0472228733567	YJL217W
YNL194C	0.0137137534232	YOL014W
YNL194C	0.000276322419542	YDR380W
YNL194C	0.00501904137284	YER067W
YNL194C	0.00670277754876	YLR178C
YNL194C	0.00353859811628	YGL229C
YNL194C	0.00576057308266	YHR216W
YNL194C	4.63909910897e-08	YKL040C
YNL194C	0.00186468907919	YHR087W
YNL194C	1.15720772348e-05	YKL062W
YLR276C	0.01726876104	YBL103C
YLR276C	0.00056366752409	YKL112W
YLR276C	0.00104669731728	YER040W
YLR276C	0.00025884487737	YGR142W
YLR276C	0.144201692026	YNL036W
YLR276C	0.0340150675957	YML123C
YLR276C	2.92859911263e-05	YHR136C
YLR276C	0.0287195375941	YCR021C
YLR276C	2.06880387898e-05	YGR043C
YLR276C	0.00259778141797	YHR018C
YLR276C	0.0715980532333	YAL054C
YLR276C	2.68332037495e-05	YDL170W
YLR276C	0.00986385165459	YBR054W
YLR276C	0.0209315753009	YDR384C
YLR276C	0.00159714682571	YPL061W
YLR276C	0.0978031946288	YKR075C
YLR276C	0.3013986527	YLR009W
YLR276C	0.0145730603063	YPL111W
YLR276C	0.0451930694946	YJL172W
YLR276C	0.00866644189967	YPL012W
YLR276C	0.180994560908	YOR100C
YLR276C	3.31147360953e-05	YMR169C
YLR276C	0.0960412053295	YNR046W
YLR276C	1.16064384082e-05	YJR110W
YLR276C	8.44865380041e-05	YMR193W
YLR276C	0.00540191221021	YGL254W
YLR276C	0.00398658265011	YLR174W
YLR276C	0.00250878186372	YER002W
YLR276C	0.000104659498852	YDL018C
YLR276C	4.3290343764e-05	YGR183C
YLR276C	0.0164819982127	YJR148W
YLR276C	0.136958262294	YNR064C
YLR276C	0.0009057695753	YGR067C
YLR276C	0.0209456461917	YKR056W
YLR276C	0.0296051113969	YCL064C
YLR276C	0.0160592053053	YJL063C
YLR276C	0.00747506785008	YDL091C
YLR276C	0.0132191275112	YHR051W
YLR276C	0.645460099973	YMR229C
YLR276C	0.194243848123	YOR206W
YLR276C	2.63204614667e-05	YJL088W
YLR276C	0.0194290136594	YLL011W
YLR276C	0.00548656811183	YNR028W
YLR276C	0.142254898806	YLR438W
YLR276C	0.254132704349	YNL037C
YLR276C	0.0217061147982	YKR009C
YLR276C	0.38909362207	YPR002W
YLR276C	0.000496601167677	YDR361C
YLR276C	0.109308221968	YLL033W
YLR276C	0.00204772826007	YFR022W
YLR276C	0.0103726630318	YAL062W
YLR276C	0.0735142301463	YDR523C
YLR276C	0.0266122631718	YOR056C
YLR276C	0.0664242149167	YBL042C
YLR276C	4.10787190096e-09	YLR130C
YLR276C	0.124628283804	YLR267W
YLR276C	0.000471158742415	YHR029C
YLR276C	0.00982794041629	YOL014W
YLR276C	0.00360760979739	YNR053C
YLR276C	0.000113614056015	YLR258W
YLR276C	0.00218422386958	YDR380W
YLR276C	0.11420754818	YLL034C
YLR276C	0.0498049277725	YDL110C
YLR276C	0.000150836338485	YLR178C
YLR276C	7.35439034589e-07	YKL040C
YLR276C	6.28548644088e-07	YHR087W
YLR438W	0.0212228438771	YHR136C
YLR438W	5.5623825471e-11	YFL014W
YLR438W	0.0666090145515	YPL111W
YLR438W	0.0164729985754	YOR388C
YLR438W	2.86328442743e-05	YMR193W
YLR438W	5.0570698082e-06	YDL160C
YLR438W	0.0152333694637	YIL037C
YLR438W	0.0950388159119	YJL088W
YLR438W	0.00334257015585	YJL217W
YLR438W	0.0397663347005	YHR216W
YNL037C	9.61218407463e-06	YBL103C
YNL037C	6.36549140869e-11	YML123C
YNL037C	0.00597357592385	YBR054W
YNL037C	0.00225701127092	YPL061W
YNL037C	0.00606373904816	YKR075C
YNL037C	0.0318982983948	YOR388C
YNL037C	0.000149395135525	YMR193W
YNL037C	0.267261328519	YJL063C
YNL037C	0.000121476058723	YOR206W
YNL037C	4.72777274179e-05	YNR028W
YNL037C	0.26491200376	YKL071W
YNL037C	0.1740336734	YGL009C
YNL037C	0.0537653997239	YPR002W
YNL037C	0.00196306239154	YLL033W
YNL037C	0.000243479575738	YLR267W
YKR009C	0.0782345165194	YNL036W
YKR009C	1.04537754171e-06	YML123C
YKR009C	0.000152983548221	YGR043C
YKR009C	0.163127177834	YAL054C
YKR009C	1.32658437479e-09	YFL014W
YKR009C	0.0313796639825	YPL061W
YKR009C	0.00388078643955	YKR075C
YKR009C	0.0116526942831	YPL111W
YKR009C	0.00707256508905	YOR388C
YKR009C	0.000523727297673	YPL012W
YKR009C	6.33305775702e-05	YMR169C
YKR009C	5.90024132768e-05	YMR193W
YKR009C	2.83943272848e-06	YDL018C
YKR009C	2.66418464106e-06	YIL136W
YKR009C	9.4444067478e-06	YGR183C
YKR009C	3.61016477345e-05	YER158C
YKR009C	0.00143251339598	YGR067C
YKR009C	0.00933114185514	YKR056W
YKR009C	0.0086850394679	YJL063C
YKR009C	0.42749911486	YHR051W
YKR009C	3.70013738001e-05	YOR206W
YKR009C	0.00209214679511	YLL011W
YKR009C	0.00416395801491	YDR043C
YKR009C	3.54573724784e-05	YLR438W
YKR009C	0.00200214904658	YDR361C
YKR009C	0.0091266756187	YAL062W
YKR009C	0.000131615866506	YDR523C
YKR009C	0.00211244085033	YJL217W
YKR009C	0.000416828700426	YLR267W
YKR009C	0.00331655740583	YNR053C
YKR009C	0.000141013330961	YDR380W
YKR009C	0.00562098484963	YDL110C
YKR009C	0.000242140943999	YLR178C
YKR009C	0.008984927684	YGL229C
YKR009C	8.41531523339e-08	YKL062W
YKL015W	5.08664794157e-05	YHR136C
YKL015W	3.66400206615e-11	YFL014W
YKL015W	0.00249421176361	YKR075C
YKL015W	0.0331011203952	YIL037C
YKL015W	0.000485826087552	YDR043C
YKL015W	0.00279918077774	YJL217W
YKL015W	0.0730596874807	YOR032C
YGL009C	3.07734979192e-05	YHR136C
YGL009C	0.00244315771136	YKR075C
YGL009C	0.0116197597477	YPL111W
YGL009C	0.104869133365	YOR388C
YGL009C	0.00841493476546	YLR174W
YGL009C	0.00121280289563	YJR094C
YGL009C	0.0159297319295	YNL037C
YGL009C	0.643899040144	YJL217W
YGL009C	0.000166933220417	YDR380W
YGL009C	0.0276124464259	YGL229C
YGL009C	0.00377606980841	YOR032C
YGL009C	0.0179495100926	YJL153C
YPR002W	0.00225521287631	YBL103C
YPR002W	0.0179051749198	YNL036W
YPR002W	8.54181789584e-12	YML123C
YPR002W	2.25605760322e-06	YGR043C
YPR002W	0.00126351242523	YDR384C
YPR002W	0.00272518596839	YKR075C
YPR002W	0.000724795087938	YLR009W
YPR002W	0.00149141483438	YOR100C
YPR002W	2.79975031641e-05	YMR193W
YPR002W	0.000792668981685	YJL063C
YPR002W	0.00138914470192	YOR206W
YPR002W	0.00204743961932	YLL011W
YPR002W	0.0687075363857	YNR028W
YPR002W	0.0760186163575	YKL071W
YPR002W	0.00359477703777	YLR276C
YPR002W	0.891974988965	YNL037C
YPR002W	0.112054446924	YLL033W
YPR002W	2.21492001439e-09	YOR302W
YPR002W	0.00494434487325	YLR267W
YPR002W	8.85230138291e-11	YHR029C
YPR002W	0.00992807473718	YOL014W
YPR002W	4.93371258196e-06	YKL040C
YDR361C	0.000171329232671	YBL103C
YDR361C	0.0192605142447	YKL112W
YDR361C	6.67487479198e-05	YER040W
YDR361C	0.191024560597	YGR142W
YDR361C	0.0187680495202	YNL036W
YDR361C	0.00058499911155	YML123C
YDR361C	0.000759848683246	YCR021C
YDR361C	0.00979299062186	YGR043C
YDR361C	0.0196813197585	YHR018C
YDR361C	0.00696612684495	YAL054C
YDR361C	5.26858466053e-11	YFL014W
YDR361C	7.64900149857e-07	YDL170W
YDR361C	0.0142829612728	YBR054W
YDR361C	0.00603323989208	YPL061W
YDR361C	0.0087649488449	YKR075C
YDR361C	0.00216329959341	YLR009W
YDR361C	0.0128603712379	YPL111W
YDR361C	9.82706405826e-05	YJL172W
YDR361C	0.0196127157602	YPL012W
YDR361C	0.0620596020989	YOR100C
YDR361C	2.24581060705e-05	YMR169C
YDR361C	0.00694989793095	YER002W
YDR361C	4.37187776708e-06	YDL018C
YDR361C	5.54231612401e-06	YGR183C
YDR361C	0.000100257407517	YER158C
YDR361C	0.0153894628435	YJR148W
YDR361C	0.00150888344461	YNR064C
YDR361C	0.000425776433472	YGR067C
YDR361C	0.084624661918	YKR056W
YDR361C	0.0205525586405	YCL064C
YDR361C	0.0226969398755	YJL063C
YDR361C	0.0131171112817	YHR051W
YDR361C	1.8257809932e-05	YMR229C
YDR361C	0.00596210696534	YOR206W
YDR361C	7.87989745693e-06	YJL088W
YDR361C	0.00194099432939	YLL011W
YDR361C	5.12596568206e-05	YNR028W
YDR361C	0.00082907422611	YDR043C
YDR361C	0.0124888784459	YLR438W
YDR361C	0.00793053906383	YNL037C
YDR361C	7.52913778204e-05	YKR009C
YDR361C	0.0167325170877	YKL015W
YDR361C	0.0186135045558	YLL033W
YDR361C	0.135203184282	YFR022W
YDR361C	0.00573879339926	YAL062W
YDR361C	0.0117289439562	YDR523C
YDR361C	0.010280218688	YBL042C
YDR361C	0.0292550800157	YLR267W
YDR361C	3.13781747371e-08	YHR029C
YDR361C	0.00284760296384	YNR053C
YDR361C	0.011384233846	YLR258W
YDR361C	0.00273119514406	YLL034C
YDR361C	0.0218709272836	YDL110C
YDR361C	0.952117111851	YLR178C
YLL033W	1.08160011171e-09	YDR171W
YLL033W	2.65817123432e-08	YER150W
YLL033W	0.00763997329433	YGL254W
YLL033W	9.81456832549e-06	YDL160C
YLL033W	0.000120900963177	YJL088W
YLL033W	0.00195987007108	YJL217W
YLL033W	1.68395903239e-07	YER067W
YLL033W	0.0045977396367	YOR032C
YLL033W	1.48852485231e-08	YKL040C
YOR302W	0.951101921152	YBL103C
YOR302W	0.997260085079	YKL112W
YOR302W	0.000443609612276	YDR216W
YOR302W	0.898113099963	YER040W
YOR302W	0.159413924415	YGR142W
YOR302W	1.26350230023e-08	YDR171W
YOR302W	0.00806495606042	YGR043C
YOR302W	7.42193489909e-05	YHR018C
YOR302W	0.973681615843	YDL170W
YOR302W	0.659428745488	YCR010C
YOR302W	0.00965983364261	YDR384C
YOR302W	0.996355047195	YPL061W
YOR302W	0.00966048781092	YOR388C
YOR302W	2.02509383734e-05	YJL172W
YOR302W	0.573504304176	YOR100C
YOR302W	0.00547390978156	YJR110W
YOR302W	0.0195589307701	YLR174W
YOR302W	0.870166323732	YNR064C
YOR302W	2.37677572733e-06	YDL160C
YOR302W	2.51697277348e-07	YLR327C
YOR302W	0.999358238415	YMR229C
YOR302W	0.000132760864847	YOR206W
YOR302W	0.889458452171	YJL088W
YOR302W	0.523003274974	YNR028W
YOR302W	0.0642945532753	YDR043C
YOR302W	0.00460530367525	YGL009C
YOR302W	0.0801786406305	YPR002W
YOR302W	0.00318783405344	YDR361C
YOR302W	0.00124566109365	YLL033W
YOR302W	0.00204829996731	YFR022W
YOR302W	0.0167862724089	YAL062W
YOR302W	0.0334960930317	YPL036W
YOR302W	0.999996836632	YLR130C
YOR302W	1.69880426037e-05	YLR267W
YOR302W	0.999998438987	YHR029C
YOR302W	0.0091498327029	YOL014W
YOR302W	0.00531872698762	YOR032C
YOR302W	0.0132286973148	YJL153C
YOR302W	5.91995427007e-06	YKL040C
YNL270C	0.00929703262734	YOR388C
YNL270C	0.00956374602901	YLR174W
YNL270C	0.000553557484772	YDL160C
YNL270C	0.0629755466317	YIL037C
YNL270C	4.84284040428e-07	YLR327C
YNL270C	0.0009561107421	YJR094C
YNL270C	0.00618900230493	YKL015W
YNL270C	0.0534812346654	YFR022W
YNL270C	0.0112649935692	YJL217W
YNL270C	0.589832279136	YJL153C
YFR022W	0.000134857636488	YMR169C
YFR022W	8.79166849079e-05	YMR193W
YFR022W	0.0472758583161	YLR174W
YFR022W	0.000247327770582	YER158C
YFR022W	0.00618143813979	YGR067C
YFR022W	2.20932835478e-06	YDL160C
YFR022W	4.79779001862e-07	YLR327C
YFR022W	0.000484176017202	YDR043C
YFR022W	4.50841633033e-09	YOR302W
YFR022W	0.763615217582	YNL270C
YFR022W	0.0104737372442	YOR032C
YFR022W	0.0192407251577	YJL153C
YAL062W	3.75303234765e-07	YGR043C
YAL062W	3.76364684265e-10	YFL014W
YAL062W	0.0104208297477	YPL061W
YAL062W	0.00319888778732	YKR075C
YAL062W	0.00594324121718	YOR388C
YAL062W	0.000383420304199	YPL012W
YAL062W	0.0032866488909	YGR067C
YAL062W	0.00301557424489	YIL037C
YAL062W	0.00140437878147	YDR043C
YAL062W	0.0244318058232	YJL217W
YDR523C	7.17234938114e-11	YML123C
YDR523C	0.000839066147284	YCR010C
YDR523C	1.44665199395e-09	YER150W
YDR523C	0.00584040409536	YKR075C
YDR523C	0.00956577642866	YPL111W
YDR523C	2.99591282163e-06	YMR169C
YDR523C	3.14366079045e-05	YMR193W
YDR523C	0.00816761284954	YLR174W
YDR523C	5.79562134683e-05	YDL018C
YDR523C	3.85607038651e-05	YGR183C
YDR523C	3.1502521396e-05	YER158C
YDR523C	0.00710636141268	YPL265W
YDR523C	3.36235778244e-05	YOR206W
YDR523C	0.00152476102588	YLL011W
YDR523C	0.00224574809818	YNL037C
YDR523C	2.91901234528e-05	YLR267W
YDR523C	0.0191425915916	YNR053C
YDR523C	0.000136847390721	YDR380W
YPL036W	3.81858198702e-05	YHR136C
YPL036W	0.00348801594803	YPL061W
YPL036W	0.00840519390338	YOR388C
YPL036W	7.70629211822e-05	YMR193W
YPL036W	0.0677356708724	YLR174W
YPL036W	0.00427879933175	YIL037C
YPL036W	7.47065962703e-07	YLR327C
YPL036W	0.00119352957947	YJR094C
YPL036W	0.000814541318308	YDR043C
YPL036W	4.07513046284e-08	YOR302W
YPL036W	0.0023865913386	YNL270C
YPL036W	1.71597248859e-06	YLR130C
YPL036W	0.0206774655904	YOL014W
YPL036W	0.000113726751589	YDR380W
YPL036W	0.0298343522002	YOR032C
YPL036W	0.0132747399822	YJL153C
YJL217W	1.0	YOR388C
YJL217W	0.838621804648	YJR094C
YJL217W	0.910897967401	YGL009C
YJL217W	0.0218498306143	YOL014W
YJL217W	0.0660678169167	YJL153C
YOR056C	3.66813637982e-05	YBL103C
YOR056C	2.4897042111e-07	YER040W
YOR056C	7.21521093017e-05	YML123C
YOR056C	2.73748224725e-05	YHR136C
YOR056C	0.0112427872832	YAL054C
YOR056C	1.2366456812e-07	YDL170W
YOR056C	0.0422695929233	YBR054W
YOR056C	0.00148611781675	YDR384C
YOR056C	0.0063746226056	YKR075C
YOR056C	0.0273815378296	YLR009W
YOR056C	0.0151333845197	YPL111W
YOR056C	0.000686642474891	YPL012W
YOR056C	0.0093658062631	YOR100C
YOR056C	6.00721890898e-06	YMR169C
YOR056C	0.550268946701	YNR046W
YOR056C	0.000159198153779	YMR193W
YOR056C	0.00567263514191	YLR174W
YOR056C	0.00110855827767	YDL018C
YOR056C	1.02676571048e-07	YIL136W
YOR056C	0.000191362449874	YGR183C
YOR056C	0.00107881129908	YNR064C
YOR056C	0.00300490758046	YGR067C
YOR056C	0.163909596191	YKR056W
YOR056C	0.0112132022313	YJL063C
YOR056C	0.000258068375982	YDL091C
YOR056C	0.017300343161	YHR051W
YOR056C	0.00201978521206	YOR206W
YOR056C	0.0318316377541	YLL011W
YOR056C	0.000246714623034	YNR028W
YOR056C	0.134106020325	YLR276C
YOR056C	0.00533968304965	YLR438W
YOR056C	0.00126619550516	YNL037C
YOR056C	0.00329356409454	YLL033W
YOR056C	0.0329251805469	YBL042C
YOR056C	6.66936227896e-09	YLR130C
YOR056C	0.000109660474948	YLR267W
YOR056C	1.48055301545e-08	YHR029C
YOR056C	0.0490119391784	YOL014W
YOR056C	0.00746491739596	YNR053C
YOR056C	5.71401001285e-05	YLR258W
YOR056C	0.00028718826375	YDR380W
YOR056C	0.206089926499	YLL034C
YOR056C	0.342727770767	YDL110C
YOR056C	1.38333510606e-06	YLR178C
YOR056C	0.00445928373692	YGL229C
YOR056C	4.11862872514e-08	YKL040C
YOR056C	1.20682065564e-08	YKL062W
YBL042C	1.4914301524e-12	YML123C
YBL042C	0.0109950312652	YPL111W
YBL042C	0.00195236307695	YNR046W
YBL042C	5.93657744877e-05	YMR193W
YBL042C	0.00518802399593	YLR174W
YBL042C	6.40631735189e-06	YDL018C
YBL042C	1.60503234832e-05	YGR183C
YBL042C	0.00187167071375	YPL265W
YBL042C	0.0055266481194	YJL063C
YBL042C	0.00200143119431	YDL091C
YBL042C	4.36374182763e-08	YLR130C
YBL042C	0.0260025268725	YNR053C
YBL042C	0.00476881299263	YDL110C
YLR130C	4.90641722937e-05	YBL103C
YLR130C	9.10124288247e-05	YKL112W
YLR130C	3.33166846782e-07	YER040W
YLR130C	0.999998085933	YDR171W
YLR130C	1.22580341879e-06	YDL170W
YLR130C	0.00182390466797	YCR010C
YLR130C	3.56646486401e-08	YER150W
YLR130C	0.0109966702885	YPL061W
YLR130C	0.00418435984117	YOR100C
YLR130C	0.00178027993033	YMR193W
YLR130C	0.0645596652829	YLR174W
YLR130C	1.40288368932e-06	YDL018C
YLR130C	0.000226081319932	YNR064C
YLR130C	0.00064001149208	YDL160C
YLR130C	1.05768669401e-06	YLR327C
YLR130C	6.15365462791e-06	YMR229C
YLR130C	7.54486264875e-05	YJL088W
YLR130C	0.00403649905912	YLL011W
YLR130C	0.448509828646	YNR028W
YLR130C	0.0013747696653	YDR043C
YLR130C	0.984358666886	YOR302W
YLR130C	5.16351683528e-10	YHR029C
YLR130C	0.0090427847353	YOR032C
YLR130C	0.00539737785056	YJL153C
YLR267W	5.207086961e-08	YML123C
YLR267W	0.000253920506175	YHR136C
YLR267W	5.65319641415e-09	YDR171W
YLR267W	0.00223885049684	YAL054C
YLR267W	0.00353854172778	YBR054W
YLR267W	1.16317063899e-09	YER150W
YLR267W	0.0153186193607	YPL111W
YLR267W	6.90014879224e-07	YMR169C
YLR267W	0.000173964206318	YJR110W
YLR267W	0.0176463531914	YLR174W
YLR267W	0.000307894729107	YDL018C
YLR267W	0.000486961288519	YGR183C
YLR267W	0.000260890231	YER158C
YLR267W	0.532595214413	YPL265W
YLR267W	0.635885121324	YCL064C
YLR267W	6.19688709694e-07	YLR327C
YLR267W	0.00296952825268	YLL011W
YLR267W	0.00212212200421	YLR276C
YLR267W	0.000709642173598	YNL037C
YLR267W	0.00279865146929	YPL036W
YLR267W	8.31416173878e-08	YLR130C
YLR267W	0.0623144216681	YNR053C
YLR267W	3.68333159338e-05	YLR258W
YLR267W	0.000258898217328	YDR380W
YLR267W	0.00545177808675	YGL229C
YLR267W	0.00200412596751	YOR032C
YLR267W	4.7592133766e-07	YKL062W
YHR029C	0.00288571231246	YBL103C
YHR029C	0.0014642665406	YKL112W
YHR029C	0.000374356905467	YDR216W
YHR029C	0.00137543618138	YER040W
YHR029C	0.197133962997	YGR142W
YHR029C	1.1283735709e-12	YML123C
YHR029C	6.50433922491e-11	YDR171W
YHR029C	0.000254950466711	YGR043C
YHR029C	0.669390969741	YHR018C
YHR029C	0.009290097921	YAL054C
YHR029C	0.00643519873451	YDL170W
YHR029C	0.0169804517728	YCR010C
YHR029C	0.00818422437891	YDR384C
YHR029C	0.0562639142032	YPL061W
YHR029C	0.017418595809	YKR075C
YHR029C	0.00724647651234	YLR009W
YHR029C	0.00472986494272	YOR388C
YHR029C	0.867837838154	YJL172W
YHR029C	0.000230886691349	YPL012W
YHR029C	0.2218465096	YOR100C
YHR029C	7.03092327955e-07	YMR169C
YHR029C	0.00585466757321	YJR110W
YHR029C	0.112763010553	YNR064C
YHR029C	0.0193963370072	YGR067C
YHR029C	0.000100420397241	YPL265W
YHR029C	0.000527268857596	YMR229C
YHR029C	0.0033906060978	YOR206W
YHR029C	0.00257733924908	YJR094C
YHR029C	0.00255490458116	YJL088W
YHR029C	0.00168025323518	YLL011W
YHR029C	0.478187518227	YNR028W
YHR029C	0.000406973989159	YDR043C
YHR029C	0.00169134811929	YKL071W
YHR029C	0.00574124250798	YLR276C
YHR029C	0.0178120544345	YNL037C
YHR029C	0.273910401004	YPR002W
YHR029C	0.00522425173355	YDR361C
YHR029C	0.0395312041731	YLL033W
YHR029C	0.999905875688	YOR302W
YHR029C	0.00773820749514	YAL062W
YHR029C	0.000678414343215	YLR267W
YHR029C	0.0138699324268	YOL014W
YHR029C	0.000728528937913	YNR053C
YHR029C	0.00315545183688	YJL153C
YHR029C	2.70269016574e-05	YKL040C
YOL014W	0.0135812470762	YOR388C
YOL014W	0.0129846440543	YLR174W
YOL014W	2.60570552188e-06	YDL160C
YOL014W	0.0794489927079	YJR094C
YOL014W	0.052452291051	YJL217W
YNR053C	0.000795672275704	YMR280C
YNR053C	0.0190473475935	YNL036W
YNR053C	1.09559075239e-10	YML123C
YNR053C	3.30295071616e-05	YHR136C
YNR053C	3.89859230609e-08	YDR171W
YNR053C	0.0329767078297	YOR348C
YNR053C	0.0151922513653	YBR054W
YNR053C	1.01870557173e-08	YER150W
YNR053C	0.00131210010154	YLR009W
YNR053C	0.0748856941092	YPL111W
YNR053C	0.000176738088922	YPL012W
YNR053C	0.00335742312771	YNR046W
YNR053C	0.0106451205634	YJR110W
YNR053C	0.0251587471638	YGL254W
YNR053C	0.0299249607414	YLR174W
YNR053C	0.00424333154254	YER002W
YNR053C	0.243077108257	YDL018C
YNR053C	1.42797763277e-05	YIL136W
YNR053C	0.0375673805275	YGR183C
YNR053C	0.0136567060364	YER158C
YNR053C	0.0257619383586	YJR148W
YNR053C	0.424402423533	YPL265W
YNR053C	0.314396972549	YKR056W
YNR053C	0.076377964562	YCL064C
YNR053C	0.00075216414199	YJL063C
YNR053C	2.76305818226e-06	YDL160C
YNR053C	4.46334619699e-07	YLR327C
YNR053C	0.246024350718	YDL091C
YNR053C	0.019811773704	YHL028W
YNR053C	3.53037678251e-05	YOR206W
YNR053C	0.00334245645333	YIL155C
YNR053C	1.0	YLL011W
YNR053C	0.00102833179871	YDR043C
YNR053C	0.0629109562147	YDR258C
YNR053C	0.00782633177017	YLR276C
YNR053C	0.000848724744495	YLL033W
YNR053C	0.00996066581253	YDR523C
YNR053C	0.0155166524391	YPL036W
YNR053C	0.336237207195	YOR056C
YNR053C	0.0201935565274	YBL042C
YNR053C	0.0603550314128	YLR130C
YNR053C	0.000206794437439	YLR267W
YNR053C	0.0220941570573	YOL014W
YNR053C	0.0203060183517	YLR258W
YNR053C	0.0038535609285	YDR380W
YNR053C	0.00126681050835	YLL034C
YNR053C	0.0104532951845	YDL110C
YNR053C	0.236083387513	YGL229C
YNR053C	0.00204813412648	YOR032C
YNR053C	4.47126965193e-06	YHR087W
YNR053C	0.0936373259046	YKL062W
YLR258W	1.50409661975e-06	YMR280C
YLR258W	2.90381863723e-05	YHR136C
YLR258W	0.00236567261586	YCR021C
YLR258W	1.67516767609e-05	YFL014W
YLR258W	0.0283675568356	YBR054W
YLR258W	1.09526450045e-05	YER150W
YLR258W	0.0152221406797	YPL061W
YLR258W	0.0036259676979	YOR388C
YLR258W	0.000306974785538	YPL012W
YLR258W	4.30849882481e-05	YDL018C
YLR258W	0.0062918274023	YIL136W
YLR258W	1.36791890668e-05	YGR183C
YLR258W	0.0201839032253	YER158C
YLR258W	0.00070341122671	YGR067C
YLR258W	0.00198665144632	YJL063C
YLR258W	1.42638357702e-05	YDL160C
YLR258W	0.0059294516344	YIL037C
YLR258W	3.13422977082e-07	YLR327C
YLR258W	0.000527975435741	YHL028W
YLR258W	0.000695516080856	YIL155C
YLR258W	1.52074954874e-05	YJL088W
YLR258W	0.002725308869	YLL011W
YLR258W	0.000631968514787	YDR043C
YLR258W	0.0257941665629	YDR258C
YLR258W	0.000385787270806	YKL071W
YLR258W	3.20095988618e-13	YNL194C
YLR258W	1.98699477889e-05	YLR438W
YLR258W	2.46317144994e-05	YKR009C
YLR258W	0.00104096612313	YDR361C
YLR258W	0.00524042665006	YAL062W
YLR258W	0.00565726346453	YJL217W
YLR258W	0.000631411431544	YDR380W
YLR258W	0.0139853129638	YDL110C
YLR258W	0.00101356279085	YER067W
YLR258W	0.256992919196	YGL229C
YLR258W	0.00409720979829	YHR087W
YLR258W	0.369402688918	YKL062W
YDR380W	9.8978143177e-06	YBL103C
YDR380W	1.11103857368e-08	YML123C
YDR380W	1.29606104448e-09	YFL014W
YDR380W	0.00484636267127	YDR384C
YDR380W	0.00918056016879	YPL061W
YDR380W	0.0108296809427	YKR075C
YDR380W	0.157043211399	YOR388C
YDR380W	0.00669427468762	YPL012W
YDR380W	2.99837652161e-06	YMR169C
YDR380W	0.000344262519943	YMR193W
YDR380W	0.00816622647006	YJL063C
YDR380W	0.812579199568	YKL071W
YDR380W	0.00568520461345	YGL009C
YDR380W	0.0112584919415	YJL217W
YDR380W	0.0122679058486	YOL014W
YLL034C	0.00520382919435	YBL103C
YLL034C	0.00164158058745	YKL112W
YLL034C	0.000379870789794	YER040W
YLL034C	0.00144360150778	YGR142W
YLL034C	0.0650498253447	YNL036W
YLL034C	0.100887086041	YML123C
YLL034C	0.0127951446363	YCR021C
YLL034C	6.72134858891e-05	YGR043C
YLL034C	0.00120854666248	YHR018C
YLL034C	0.0436652473934	YAL054C
YLL034C	2.66005637056e-11	YFL014W
YLL034C	1.25983732056e-05	YDL170W
YLL034C	0.0270079866673	YBR054W
YLL034C	0.0228653483168	YDR384C
YLL034C	0.0021764886264	YPL061W
YLL034C	0.0296952684888	YKR075C
YLL034C	0.198552724549	YLR009W
YLL034C	0.0119003162747	YPL111W
YLL034C	0.00135818270772	YJL172W
YLL034C	0.15894403958	YPL012W
YLL034C	0.217056384728	YOR100C
YLL034C	3.62164547479e-05	YMR169C
YLL034C	0.211823570474	YNR046W
YLL034C	6.63802596168e-06	YJR110W
YLL034C	8.15439582737e-05	YMR193W
YLL034C	0.00749866597536	YGL254W
YLL034C	0.00409235483083	YLR174W
YLL034C	0.55591194735	YER002W
YLL034C	0.000257846998967	YDL018C
YLL034C	1.86658860775e-08	YIL136W
YLL034C	0.000101857340483	YGR183C
YLL034C	2.194393872e-05	YER158C
YLL034C	0.00322784693338	YJR148W
YLL034C	0.026353213673	YNR064C
YLL034C	0.00104873284708	YGR067C
YLL034C	0.056840023076	YKR056W
YLL034C	0.0134024548022	YCL064C
YLL034C	0.022512472353	YJL063C
YLL034C	0.0775034399147	YDL091C
YLL034C	0.115122305419	YHR051W
YLL034C	0.000982541809095	YMR229C
YLL034C	0.0222612180062	YOR206W
YLL034C	4.95059916199e-06	YJL088W
YLL034C	0.0253671564604	YLL011W
YLL034C	0.000122651327368	YNR028W
YLL034C	0.000517883667824	YDR043C
YLL034C	0.100899298343	YLR276C
YLL034C	0.0368151609387	YLR438W
YLL034C	0.0221780683523	YNL037C
YLL034C	0.00313949234866	YKR009C
YLL034C	0.00896562637609	YPR002W
YLL034C	0.00371633836844	YDR361C
YLL034C	0.046687060062	YLL033W
YLL034C	0.0107055289258	YFR022W
YLL034C	0.0540128986327	YAL062W
YLL034C	0.0246485001992	YDR523C
YLL034C	0.286271745704	YOR056C
YLL034C	0.120592473829	YBL042C
YLL034C	0.0265204123845	YLR267W
YLL034C	9.41969003938e-06	YHR029C
YLL034C	0.0087145942802	YOL014W
YLL034C	0.00243466505158	YNR053C
YLL034C	0.0127771094549	YLR258W
YLL034C	0.000147564718777	YDR380W
YLL034C	0.0323912057405	YDL110C
YLL034C	0.00180562207671	YLR178C
YLL034C	4.5417810792e-08	YKL040C
YLL034C	9.29376959574e-07	YHR087W
YDL110C	0.00031060056529	YMR280C
YDL110C	1.171582835e-11	YML123C
YDL110C	2.35286408676e-05	YHR136C
YDL110C	2.19106468666e-10	YDR171W
YDL110C	6.87037525898e-11	YFL014W
YDL110C	0.00108295624293	YOR348C
YDL110C	0.109604076543	YBR054W
YDL110C	0.000967682102604	YDR384C
YDL110C	1.28255279589e-08	YER150W
YDL110C	0.000691140744908	YLR009W
YDL110C	0.0162541904479	YPL111W
YDL110C	0.00191190481452	YNR046W
YDL110C	3.26354054024e-05	YMR193W
YDL110C	0.00778099432709	YGL254W
YDL110C	0.00827649002945	YLR174W
YDL110C	3.08194656375e-05	YER002W
YDL110C	0.049374260031	YDL018C
YDL110C	4.92351752173e-06	YIL136W
YDL110C	0.649555160529	YGR183C
YDL110C	0.00279735428932	YER158C
YDL110C	0.00453492437095	YPL265W
YDL110C	0.00322408822901	YKR056W
YDL110C	0.002567883	YJL063C
YDL110C	7.01398204274e-06	YDL160C
YDL110C	0.00260719880083	YIL037C
YDL110C	1.40983203806e-06	YLR327C
YDL110C	0.000899388277308	YDL091C
YDL110C	0.00762207827645	YHL028W
YDL110C	0.00131983015344	YIL155C
YDL110C	0.208944798755	YLL011W
YDL110C	2.03791824581e-05	YDR258C
YDL110C	0.00665102777257	YLR276C
YDL110C	1.71500958229e-05	YLR438W
YDL110C	0.00209712618516	YPL036W
YDL110C	0.0018365651817	YJL217W
YDL110C	0.0121828474229	YOR056C
YDL110C	5.38423539775e-05	YLR130C
YDL110C	0.0185990053218	YOL014W
YDL110C	0.00527948676122	YNR053C
YDL110C	0.0324472541159	YLR258W
YDL110C	0.000902463011404	YDR380W
YDL110C	0.000814478116043	YLL034C
YDL110C	8.42654443702e-06	YHR087W
YDL110C	0.006301005333	YKL062W
YER067W	1.02960138245e-06	YMR280C
YER067W	9.40909856174e-05	YHR136C
YER067W	0.998381680462	YDR171W
YER067W	0.242720785452	YCR021C
YER067W	8.98596729535e-08	YFL014W
YER067W	0.00376481476313	YOR348C
YER067W	0.0057996910371	YCR010C
YER067W	0.944574403861	YER150W
YER067W	0.00402927569387	YKR075C
YER067W	0.00653174065842	YOR388C
YER067W	0.000262683375697	YPL012W
YER067W	0.0294467146619	YGL254W
YER067W	1.49857316908e-06	YDL018C
YER067W	0.000203593966066	YIL136W
YER067W	0.109465629402	YER158C
YER067W	0.801937238841	YDL160C
YER067W	0.0036269918096	YIL037C
YER067W	0.999475923839	YLR327C
YER067W	0.00217459206166	YHL028W
YER067W	0.00179942367751	YIL155C
YER067W	0.00165016653751	YLL011W
YER067W	0.531033305002	YDR258C
YER067W	0.000152344257172	YKL071W
YER067W	7.14443778648e-10	YNL194C
YER067W	8.74174572999e-05	YKR009C
YER067W	0.00649092320304	YLL033W
YER067W	0.0232016009377	YFR022W
YER067W	0.00671786559065	YJL217W
YER067W	0.0448877318193	YLR258W
YER067W	0.114627875853	YGL229C
YER067W	3.79618144606e-06	YKL040C
YER067W	0.922745591355	YHR087W
YER067W	3.7137541966e-07	YKL062W
YLR178C	0.0044900823391	YMR280C
YLR178C	2.08536692661e-13	YML123C
YLR178C	0.00128280045971	YGR043C
YLR178C	0.00216265541107	YAL054C
YLR178C	0.000977554529354	YFL014W
YLR178C	0.0139152093525	YBR054W
YLR178C	1.05822587046e-08	YER150W
YLR178C	0.0203213126769	YPL061W
YLR178C	0.00132240547748	YPL012W
YLR178C	0.000146646683149	YMR169C
YLR178C	3.67342557263e-07	YDL018C
YLR178C	0.965407859455	YIL136W
YLR178C	0.0212613530466	YER158C
YLR178C	0.226346601641	YGR067C
YLR178C	0.00442147290923	YKR056W
YLR178C	0.161516483152	YJL063C
YLR178C	3.48899917317e-05	YDL160C
YLR178C	0.0271029962376	YIL037C
YLR178C	0.000436508178885	YHR051W
YLR178C	0.274933659367	YDR043C
YLR178C	0.000105208461138	YDR258C
YLR178C	0.000249638493355	YKL071W
YLR178C	1.15671640254e-09	YNL194C
YLR178C	0.317758311095	YKR009C
YLR178C	0.68652271459	YKL015W
YLR178C	0.042875177784	YGL009C
YLR178C	0.20078514203	YDR361C
YLR178C	0.012915446553	YFR022W
YLR178C	0.757032991898	YAL062W
YLR178C	0.0272503903391	YPL036W
YLR178C	0.0189909467718	YOL014W
YLR178C	0.000806876734987	YNR053C
YLR178C	0.00154545282722	YLR258W
YLR178C	0.0569898042433	YDR380W
YLR178C	2.74227272615e-07	YER067W
YLR178C	0.398904972717	YGL229C
YLR178C	0.0039676590587	YOR032C
YLR178C	0.000907281329105	YHR087W
YLR178C	0.0746957724759	YKL062W
YGL229C	3.39300439875e-09	YER150W
YGL229C	1.28182776111e-07	YDL018C
YGL229C	2.73297356701e-05	YDL160C
YGL229C	0.0157440129029	YGL009C
YGL229C	0.0012610355982	YNL270C
YGL229C	0.0628673705273	YOL014W
YGL229C	0.00149889553405	YNR053C
YGL229C	8.45006922224e-08	YER067W
YGL229C	0.00927999395845	YOR032C
YOR032C	2.20731635752e-05	YHR136C
YOR032C	0.000153018017641	YMR193W
YOR032C	0.999546290548	YER158C
YOR032C	9.22902450385e-06	YDL160C
YOR032C	7.79178479376e-06	YJL088W
YOR032C	0.224524427085	YDR043C
YOR032C	0.26134515038	YKL015W
YOR032C	0.00943253355197	YOL014W
YOR032C	0.00482923036443	YHR216W
YOR032C	0.00861128879784	YJL153C
YHR216W	0.0533924983293	YPL061W
YHR216W	0.00497436489021	YOR388C
YHR216W	7.56603549006e-07	YMR169C
YHR216W	2.57627631924e-05	YMR193W
YHR216W	2.55254466338e-05	YDL160C
YHR216W	0.812003402265	YJR094C
YHR216W	0.000990026011521	YKL071W
YHR216W	0.00320582930106	YOR032C
YJL153C	0.238736492242	YOR388C
YJL153C	0.00124246551414	YJR094C
YJL153C	0.00997179859812	YNL270C
YJL153C	0.00251160196918	YJL217W
YJL153C	0.00177367206797	YOR032C
YKL040C	0.000239533953497	YHR136C
YKL040C	0.0129213613298	YKR075C
YKL040C	0.00433639255858	YOR388C
YKL040C	5.27480034341e-05	YJR110W
YKL040C	2.38246629179e-05	YMR193W
YKL040C	0.999999856217	YDL018C
YKL040C	9.53439610501e-06	YGR183C
YKL040C	0.109737753175	YNR028W
YKL040C	0.0329190747139	YLL033W
YKL040C	0.00298889809923	YNL270C
YKL040C	0.00197889169514	YJL217W
YKL040C	0.163429728695	YJL153C
YHR087W	5.45287180314e-05	YMR280C
YHR087W	7.58193318905e-05	YHR136C
YHR087W	0.00161678745903	YDR171W
YHR087W	0.406065018045	YCR021C
YHR087W	1.89987839075e-05	YFL014W
YHR087W	0.127873357015	YOR348C
YHR087W	0.047846221087	YBR054W
YHR087W	2.9435342723e-05	YCR010C
YHR087W	0.0509528162212	YER150W
YHR087W	0.00264238128896	YKR075C
YHR087W	0.00797766251925	YGL254W
YHR087W	5.82249358317e-06	YDL018C
YHR087W	0.0490560761445	YIL136W
YHR087W	0.0269741954654	YER158C
YHR087W	0.00450534105868	YGR067C
YHR087W	0.00849436647476	YJL063C
YHR087W	0.0994665579814	YDL160C
YHR087W	0.00415240494003	YIL037C
YHR087W	0.00120779662447	YLR327C
YHR087W	0.0092872129844	YHL028W
YHR087W	0.510837832549	YIL155C
YHR087W	0.00330368815387	YLL011W
YHR087W	0.00685076661667	YDR258C
YHR087W	3.57908121477e-07	YNL194C
YHR087W	0.00254569950324	YGL009C
YHR087W	0.00230922445364	YFR022W
YHR087W	0.00474532239581	YJL217W
YHR087W	0.67197721881	YLR258W
YHR087W	0.00029161215318	YDR380W
YHR087W	0.973608885657	YER067W
YHR087W	3.67126147788e-08	YKL040C
YKL062W	1.74101412831e-06	YKL112W
YKL062W	4.18221400429e-05	YMR280C
YKL062W	3.76155108501e-05	YHR136C
YKL062W	0.996739250964	YFL014W
YKL062W	0.00101582211162	YDR384C
YKL062W	2.3201310121e-07	YER150W
YKL062W	0.039192917272	YPL061W
YKL062W	0.00743542550194	YOR388C
YKL062W	0.00271552203433	YPL012W
YKL062W	0.0255272478514	YIL136W
YKL062W	0.0284430688704	YER158C
YKL062W	0.017417862911	YJL063C
YKL062W	3.69827696891e-06	YDL160C
YKL062W	0.00642874045208	YIL037C
YKL062W	0.0194100126596	YHR051W
YKL062W	0.887293741435	YHL028W
YKL062W	0.00309609528171	YJR094C
YKL062W	0.00656540578797	YIL155C
YKL062W	0.000115803340759	YJL088W
YKL062W	0.0327321819029	YDR043C
YKL062W	0.00237638791959	YDR258C
YKL062W	0.152144683097	YKL071W
YKL062W	1.26703695983e-11	YNL194C
YKL062W	3.12145311065e-05	YLR438W
YKL062W	0.457198199797	YKR009C
YKL062W	0.00936621277363	YDR361C
YKL062W	1.38014929813e-08	YOR302W
YKL062W	0.0114072386235	YAL062W
YKL062W	0.00202390333185	YPL036W
YKL062W	0.0032735665126	YJL217W
YKL062W	0.937935932792	YLR258W
YKL062W	0.858242496314	YDR380W
YKL062W	0.00429299480213	YDL110C
YKL062W	0.000146662309234	YER067W
YKL062W	0.099917310713	YGL229C
YKL062W	0.0326909548448	YOR032C
