YBL103C	0.17538503884	YER040W
YBL103C	0.331505090934	YDL170W
YBL103C	0.152489151252	YJR110W
YBL103C	0.00311232939754	YDL160C
YBL103C	0.0064554475418	YJL088W
YBL103C	0.0277094000994	YDR043C
YBL103C	0.027393826995	YKL071W
YBL103C	0.071356784339	YPR002W
YBL103C	0.559001220643	YOR302W
YBL103C	0.0899635676065	YPL036W
YBL103C	0.0402628804456	YHR029C
YBL103C	0.0304933500545	YKL040C
YKL112W	0.00322598052338	YDR216W
YKL112W	0.000600754751638	YGR043C
YKL112W	0.126168012283	YPL061W
YKL112W	0.0059035167863	YMR229C
YKL112W	0.0742610642016	YDR043C
YKL112W	0.0162219987685	YDR361C
YKL112W	0.0119268848327	YOR302W
YKL112W	0.0281913201125	YFR022W
YKL112W	0.237396974698	YJL153C
YKL112W	0.00286076472134	YKL062W
YDR216W	0.855826868793	YMR280C
YDR216W	0.694458668171	YFL014W
YDR216W	0.0107515365577	YDL170W
YDR216W	0.932028515812	YBR054W
YDR216W	0.774308803288	YCR010C
YDR216W	0.00569928810339	YER150W
YDR216W	0.0871816547888	YMR169C
YDR216W	1.0	YLR174W
YDR216W	0.0346102424833	YJL063C
YDR216W	1.0	YLR327C
YDR216W	0.0167353166067	YJR094C
YDR216W	0.01221769799	YKL071W
YDR216W	0.326881171186	YNL270C
YDR216W	0.169037834248	YHR216W
YDR216W	0.0148389588897	YKL040C
YMR280C	0.00183382143049	YDR216W
YMR280C	0.0229593085157	YHR136C
YMR280C	0.00137732283262	YFL014W
YMR280C	1.0	YOR348C
YMR280C	0.138970406386	YKR075C
YMR280C	0.0535282806854	YOR100C
YMR280C	0.0065061459699	YIL136W
YMR280C	0.056994862409	YJL063C
YMR280C	0.00723415684889	YLR327C
YMR280C	0.0780095823155	YIL155C
YMR280C	8.06127772062e-05	YNL194C
YMR280C	0.0174135821135	YDR361C
YER040W	0.522765340167	YBL103C
YER040W	0.00306004352492	YDR216W
YER040W	0.476618465949	YGR142W
YER040W	0.324623016445	YHR018C
YER040W	0.659774120002	YDL170W
YER040W	0.227047185954	YCR010C
YER040W	0.187440275213	YJR110W
YER040W	0.0324031261903	YGL254W
YER040W	0.00991392852556	YJL088W
YER040W	0.197353998342	YOR302W
YER040W	0.316053906865	YHR029C
YGR142W	0.844853701374	YDR216W
YGR142W	0.00938502320533	YER040W
YGR142W	0.714737929534	YDR171W
YGR142W	0.53903987066	YCR021C
YGR142W	0.0218651223371	YCR010C
YGR142W	0.15903239101	YPL061W
YGR142W	1.0	YKR075C
YGR142W	0.00348415417119	YPL012W
YGR142W	0.0193271124303	YJR110W
YGR142W	0.933855160708	YGL254W
YGR142W	0.00987198585553	YKL071W
YGR142W	0.275252714092	YDR361C
YGR142W	0.0326338242979	YAL062W
YGR142W	0.47812341137	YDR523C
YGR142W	0.00958330608711	YHR029C
YGR142W	0.0376047017728	YGL229C
YNL036W	0.0178247836225	YPL111W
YNL036W	0.00531211932258	YLR327C
YML123C	1.0	YHR136C
YML123C	0.846574622229	YIL037C
YML123C	2.29053807801e-05	YNL194C
YML123C	0.128123784161	YGL009C
YML123C	0.594064643634	YHR216W
YHR136C	1.0	YML123C
YHR136C	0.0197087101598	YPL111W
YHR136C	0.151174674823	YCL064C
YHR136C	0.17621038028	YIL037C
YHR136C	0.886234586154	YLR438W
YHR136C	0.0523030251281	YNL037C
YHR136C	0.709572804739	YGL009C
YHR136C	0.0031016839315	YJL217W
YHR136C	0.0295615821344	YOR032C
YHR136C	0.0817714429561	YHR216W
YDR171W	0.378871610479	YGR142W
YDR171W	0.119965922614	YCR021C
YDR171W	0.222982695798	YOR348C
YDR171W	0.546062095827	YBR054W
YDR171W	0.329433235383	YCR010C
YDR171W	0.0236271151893	YER150W
YDR171W	0.0108255439215	YMR169C
YDR171W	0.0072820755603	YJR110W
YDR171W	0.00217694796378	YMR193W
YDR171W	0.000823638771183	YIL136W
YDR171W	0.0371915919496	YJL063C
YDR171W	0.0125815647966	YDL160C
YDR171W	0.180284420381	YLR327C
YDR171W	0.152516565452	YHL028W
YDR171W	0.0287801248011	YNR028W
YDR171W	0.00021237773021	YNL194C
YDR171W	0.545751713421	YLL033W
YDR171W	0.976131742273	YLR130C
YDR171W	0.729883906774	YER067W
YDR171W	0.0292065485423	YOR032C
YDR171W	0.0571202846751	YKL040C
YDR171W	0.87280964014	YHR087W
YGR043C	0.0458898750582	YKL112W
YGR043C	0.215259030105	YAL054C
YGR043C	0.499773449845	YPL061W
YGR043C	1.0	YMR169C
YGR043C	0.00695133318196	YDL018C
YGR043C	0.0332536388093	YER158C
YGR043C	0.365148435039	YGR067C
YGR043C	0.00480277207428	YJR094C
YGR043C	0.194428429302	YDR043C
YGR043C	0.0224289316108	YKL015W
YGR043C	0.0230746866003	YGL009C
YGR043C	0.0205911658759	YNL270C
YGR043C	0.0374483072081	YFR022W
YGR043C	0.0325539881893	YAL062W
YGR043C	0.0030815241573	YPL036W
YGR043C	0.00278530971811	YJL217W
YGR043C	0.0486218550879	YOL014W
YGR043C	0.0188497599009	YJL153C
YHR018C	0.93208183423	YKL112W
YHR018C	0.00418145449835	YDR216W
YHR018C	0.590863147635	YER040W
YHR018C	0.272562570093	YGR142W
YHR018C	0.849149590668	YDL170W
YHR018C	0.0376508525265	YBR054W
YHR018C	0.0203532828593	YCR010C
YHR018C	0.0197080352205	YLR009W
YHR018C	0.0257222808834	YPL111W
YHR018C	0.557147312088	YJL172W
YHR018C	0.00641915681691	YPL012W
YHR018C	0.087949470326	YNR046W
YHR018C	0.0729035663285	YGL254W
YHR018C	0.0323204455553	YER002W
YHR018C	0.0343133058956	YJR148W
YHR018C	0.00745574908463	YCL064C
YHR018C	0.260118972737	YDL091C
YHR018C	0.0731068935004	YHR051W
YHR018C	0.132486367335	YMR229C
YHR018C	0.0332035588599	YOR206W
YHR018C	0.999827150381	YJL088W
YHR018C	0.00817498507972	YNR028W
YHR018C	0.562793137135	YLR438W
YHR018C	0.0695982279034	YKR009C
YHR018C	0.472779734552	YDR361C
YHR018C	0.000570989434898	YOR302W
YHR018C	0.145322270526	YDR523C
YHR018C	0.0758732924257	YLR267W
YHR018C	0.404708695442	YHR029C
YHR018C	0.0375839340061	YLR258W
YHR018C	0.221815222945	YDL110C
YHR018C	0.113004716901	YLR178C
YHR018C	0.0962909608846	YGL229C
YAL054C	0.034144755759	YNL036W
YAL054C	0.00149110327441	YGR043C
YAL054C	0.012802997164	YJL172W
YAL054C	0.00363448393613	YPL012W
YAL054C	0.316142757217	YOR100C
YAL054C	0.0136977916812	YGR067C
YAL054C	0.0174640923698	YNL037C
YAL054C	0.882362332164	YKR009C
YAL054C	0.185747143401	YAL062W
YAL054C	0.257678986405	YDR523C
YAL054C	0.0362232536875	YLR267W
YAL054C	0.0396299752056	YGL229C
YFL014W	0.891847433315	YDR216W
YFL014W	0.104290047469	YMR280C
YFL014W	0.0933762248815	YHR136C
YFL014W	0.756690027376	YGR043C
YFL014W	0.28414082303	YER150W
YFL014W	0.00512759597443	YIL136W
YFL014W	0.483689849232	YGR067C
YFL014W	0.0187283779998	YJL063C
YFL014W	0.0324908637913	YDL160C
YFL014W	0.0384751522516	YIL037C
YFL014W	0.240350829631	YHR051W
YFL014W	0.122291012529	YIL155C
YFL014W	0.994839127297	YNL194C
YFL014W	0.393129977849	YKL015W
YFL014W	0.0347165994551	YGL009C
YFL014W	0.233676101999	YPL036W
YFL014W	0.0562155668379	YJL217W
YFL014W	0.0311753144184	YLR267W
YFL014W	0.0948910447602	YOL014W
YFL014W	0.020650393734	YDR380W
YFL014W	0.698502823261	YLR178C
YFL014W	0.0190909645406	YOR032C
YFL014W	0.0158687376227	YKL040C
YFL014W	0.0327302174696	YHR087W
YFL014W	1.0	YKL062W
YOR348C	0.968573585683	YMR280C
YOR348C	0.00354369435716	YDR171W
YOR348C	0.123629151072	YKR075C
YOR348C	0.108188277512	YGL254W
YOR348C	0.202265619807	YIL136W
YOR348C	0.594811988346	YGR183C
YOR348C	0.223186623931	YPL265W
YOR348C	0.153631212568	YJL063C
YOR348C	0.0221388830513	YIL037C
YOR348C	0.117330964733	YLR327C
YOR348C	0.847687886241	YHL028W
YOR348C	0.503907507195	YIL155C
YOR348C	0.488110516776	YLL011W
YOR348C	0.0731660712829	YDR258C
YOR348C	0.000134957470848	YNL194C
YOR348C	0.0282219678412	YLL033W
YOR348C	0.00113715375203	YLR130C
YOR348C	0.654307879641	YDL110C
YOR348C	0.0658112585479	YHR087W
YOR348C	0.0053640590628	YKL062W
YDL170W	0.670314836926	YBL103C
YDL170W	0.142176200121	YDR216W
YDL170W	0.776429633153	YER040W
YDL170W	0.0550118609768	YGR142W
YDL170W	0.0132894917624	YDR171W
YDL170W	0.0188088535248	YCR021C
YDL170W	0.390837071905	YHR018C
YDL170W	0.254857892276	YCR010C
YDL170W	0.737126142787	YJR110W
YDL170W	0.0676680118515	YJL088W
YDL170W	0.0662864123644	YLL033W
YDL170W	0.176707707808	YOR302W
YDL170W	0.0185680409755	YNL270C
YDL170W	0.15655765973	YAL062W
YDL170W	0.322299217862	YHR029C
YDL170W	0.00315820575655	YKL040C
YBR054W	0.339926651853	YCR021C
YBR054W	0.00140847626007	YFL014W
YBR054W	0.277315755873	YLR174W
YBR054W	0.0466151233173	YGR067C
YBR054W	0.0158606617244	YDL160C
YBR054W	0.0596322053013	YHL028W
YBR054W	0.0947290800194	YJR094C
YBR054W	0.81804885952	YGL009C
YBR054W	0.0143374076802	YFR022W
YBR054W	0.107217121282	YOR032C
YCR010C	0.00558149863731	YOR348C
YCR010C	0.0176516586474	YMR169C
YCR010C	0.102649824054	YDL160C
YCR010C	0.0304645776246	YDR523C
YCR010C	0.0042573280704	YLR130C
YDR384C	0.0361159855506	YKL112W
YDR384C	0.00701683211233	YPL012W
YDR384C	0.0233726527075	YGR183C
YDR384C	0.0528390118838	YHR051W
YDR384C	0.000501155087708	YJL088W
YDR384C	0.209857461197	YDR380W
YDR384C	0.0430633031392	YDL110C
YDR384C	0.00443376684739	YKL040C
YER150W	0.00379827871311	YDR216W
YER150W	0.00624038116025	YHR136C
YER150W	0.0317282959401	YDR171W
YER150W	0.0535750155652	YFL014W
YER150W	0.184250922784	YMR169C
YER150W	0.214072906773	YER158C
YER150W	0.00438824993181	YDL160C
YER150W	0.0136776967025	YIL155C
YER150W	0.0664104304583	YNR028W
YER150W	0.657596837437	YNL194C
YER150W	0.057070952314	YJL217W
YER150W	0.017576506392	YOL014W
YER150W	0.745717147806	YER067W
YER150W	0.00555597464253	YHR216W
YER150W	0.393902826826	YKL040C
YER150W	0.016816712519	YHR087W
YPL061W	0.0226706534042	YKL112W
YPL061W	0.0224554912943	YGR142W
YPL061W	0.0608400624037	YML123C
YPL061W	0.00121430874347	YGR043C
YPL061W	0.2094458047	YNR064C
YPL061W	0.0400306157757	YDL160C
YPL061W	0.000730744419898	YJL088W
YPL061W	0.00318064210326	YGL009C
YPL061W	0.00362851322533	YOR302W
YPL061W	0.163265570829	YAL062W
YPL061W	0.158932067475	YPL036W
YPL061W	0.279884489883	YBL042C
YPL061W	0.018826038244	YOR032C
YPL061W	0.126443310811	YHR216W
YKR075C	0.132853966954	YGR142W
YKR075C	0.0198105974249	YNL270C
YLR009W	0.056525472797	YBL103C
YLR009W	0.031432186036	YKL112W
YLR009W	0.157192771405	YER040W
YLR009W	0.210071402298	YNL036W
YLR009W	0.096394711673	YML123C
YLR009W	0.00577712413738	YHR136C
YLR009W	0.13782824479	YCR021C
YLR009W	0.205931450343	YAL054C
YLR009W	0.0069446651613	YDL170W
YLR009W	0.0839378484143	YBR054W
YLR009W	0.0387005741378	YDR384C
YLR009W	0.140584255219	YKR075C
YLR009W	0.0179242003799	YPL111W
YLR009W	0.107570711754	YJL172W
YLR009W	0.371099272684	YPL012W
YLR009W	0.121180565349	YOR100C
YLR009W	0.323302811092	YNR046W
YLR009W	0.00187869720438	YMR193W
YLR009W	0.101813112392	YGL254W
YLR009W	0.178423298955	YER002W
YLR009W	0.00584017387935	YDL018C
YLR009W	0.241124390918	YJR148W
YLR009W	0.266403549963	YNR064C
YLR009W	0.0851737123181	YKR056W
YLR009W	0.179093864559	YCL064C
YLR009W	0.312816894992	YDL091C
YLR009W	0.164969890146	YHR051W
YLR009W	0.205193874499	YMR229C
YLR009W	0.662205006144	YOR206W
YLR009W	0.0334784656883	YLL011W
YLR009W	0.503525543629	YLR276C
YLR009W	0.0668404173329	YLR438W
YLR009W	0.159149932124	YNL037C
YLR009W	0.126303880669	YKR009C
YLR009W	0.148483244138	YPR002W
YLR009W	0.0401798684917	YDR361C
YLR009W	0.0726406951563	YLL033W
YLR009W	0.0549910076272	YFR022W
YLR009W	0.0583582617651	YDR523C
YLR009W	0.195657569044	YOR056C
YLR009W	0.161222119898	YBL042C
YLR009W	0.051824555186	YLR130C
YLR009W	0.12939540477	YLR267W
YLR009W	0.00545238129986	YHR029C
YLR009W	0.0298100587127	YNR053C
YLR009W	0.0391365743098	YLR258W
YLR009W	0.446418010223	YLL034C
YLR009W	0.0634387198368	YDL110C
YLR009W	0.0392363107605	YGL229C
YPL111W	0.278596426247	YNL036W
YPL111W	0.0101224103671	YHR136C
YPL111W	0.002527194632	YDR171W
YPL111W	0.00492402496874	YFL014W
YPL111W	0.152234556513	YKR075C
YPL111W	0.0124288085128	YJL172W
YPL111W	0.00984463854731	YMR169C
YPL111W	0.0110912458555	YJR110W
YPL111W	0.0403575475204	YGL254W
YPL111W	0.0602370230247	YLR174W
YPL111W	0.0111092831139	YDL018C
YPL111W	0.000611686198241	YIL136W
YPL111W	0.00703156505463	YGR183C
YPL111W	0.704689298992	YPL265W
YPL111W	0.224222193438	YLR327C
YPL111W	0.0191435965458	YIL155C
YPL111W	0.454992561723	YLR438W
YPL111W	0.00349222408477	YPL036W
YPL111W	0.0168497904197	YOL014W
YPL111W	0.0628319430885	YNR053C
YPL111W	0.03049848181	YLR258W
YPL111W	0.023564976989	YDR380W
YPL111W	0.0854169384348	YKL062W
YOR388C	0.0460166925202	YIL037C
YOR388C	0.0992559878952	YJR094C
YOR388C	0.00671292355287	YGL009C
YOR388C	1.0	YJL217W
YOR388C	0.944984424828	YJL153C
YJL172W	0.0502805521499	YBL103C
YJL172W	0.146728545773	YKL112W
YJL172W	0.0332507783334	YER040W
YJL172W	0.0702581650063	YCR021C
YJL172W	0.000772693723726	YGR043C
YJL172W	0.596265907417	YHR018C
YJL172W	1.0	YAL054C
YJL172W	0.101218615883	YDL170W
YJL172W	0.0238311607913	YDR384C
YJL172W	0.420357740505	YKR075C
YJL172W	0.116476397371	YLR009W
YJL172W	0.0126808690815	YPL012W
YJL172W	0.329235995126	YOR100C
YJL172W	0.234573623479	YNR046W
YJL172W	0.0965477870428	YGL254W
YJL172W	0.0330662160346	YER002W
YJL172W	0.143037096139	YJR148W
YJL172W	0.0218334626077	YNR064C
YJL172W	0.181834819534	YCL064C
YJL172W	0.00340617917911	YLR327C
YJL172W	0.364284062094	YDL091C
YJL172W	0.825615961346	YMR229C
YJL172W	0.158641624306	YOR206W
YJL172W	0.235253619583	YNR028W
YJL172W	0.290812334477	YLR276C
YJL172W	0.173179935202	YLR438W
YJL172W	0.0573118328576	YNL037C
YJL172W	0.00753372200454	YKR009C
YJL172W	0.112150590239	YDR361C
YJL172W	0.0197300601771	YFR022W
YJL172W	0.537551537993	YAL062W
YJL172W	0.20243046207	YDR523C
YJL172W	0.00422319990571	YLR130C
YJL172W	0.0823598354631	YLR267W
YJL172W	0.759180121374	YHR029C
YJL172W	0.0363403047277	YLR258W
YJL172W	0.162129116964	YDL110C
YJL172W	0.0336129632538	YLR178C
YJL172W	0.0334235936989	YGL229C
YPL012W	0.127141203943	YKL112W
YPL012W	0.00250261995817	YDR216W
YPL012W	0.0415144088114	YER040W
YPL012W	0.848863591553	YGR142W
YPL012W	0.0913938793028	YNL036W
YPL012W	0.570967270177	YML123C
YPL012W	0.234883748353	YCR021C
YPL012W	0.28374842963	YHR018C
YPL012W	0.259076242465	YAL054C
YPL012W	0.0118501772028	YDL170W
YPL012W	0.147129176764	YBR054W
YPL012W	0.689590359494	YDR384C
YPL012W	0.557294029946	YLR009W
YPL012W	0.0261081547049	YOR388C
YPL012W	0.174616950869	YJL172W
YPL012W	0.343814136794	YNR046W
YPL012W	0.271573919083	YGL254W
YPL012W	0.145073066634	YER002W
YPL012W	0.0205305007779	YDL018C
YPL012W	0.0133288582866	YER158C
YPL012W	0.147303601544	YJR148W
YPL012W	0.0864602521071	YNR064C
YPL012W	0.254839987428	YKR056W
YPL012W	0.166576259722	YCL064C
YPL012W	0.137518431571	YHR051W
YPL012W	0.0126447829215	YHL028W
YPL012W	0.0961343201266	YMR229C
YPL012W	1.0	YOR206W
YPL012W	0.000172849619463	YJL088W
YPL012W	0.0131951539065	YNR028W
YPL012W	0.0126832460672	YDR258C
YPL012W	0.186259728246	YLR276C
YPL012W	0.0412051489889	YLR438W
YPL012W	0.107821349686	YNL037C
YPL012W	0.167905688002	YKR009C
YPL012W	0.0645455525163	YPR002W
YPL012W	0.417440583617	YDR361C
YPL012W	0.048712257676	YLL033W
YPL012W	0.0674148931982	YFR022W
YPL012W	0.154326580544	YAL062W
YPL012W	0.0381751442648	YDR523C
YPL012W	0.0255820415983	YOR056C
YPL012W	0.0338258079579	YBL042C
YPL012W	0.0112765863188	YLR130C
YPL012W	0.145219571693	YLR267W
YPL012W	0.0309236901301	YNR053C
YPL012W	0.926736207166	YDR380W
YPL012W	0.946013518676	YLL034C
YPL012W	0.0144367232461	YLR178C
YPL012W	0.0350597439259	YGL229C
YOR100C	0.0178111802879	YKL112W
YOR100C	0.0513526902385	YMR280C
YOR100C	0.0033706918374	YGR043C
YOR100C	0.0289925810211	YER002W
YOR100C	0.531554811333	YNR064C
YOR100C	1.0	YGR067C
YOR100C	0.0171725524992	YDR043C
YOR100C	0.0101292699004	YKR009C
YOR100C	0.0266476099081	YKL015W
YOR100C	0.0195067747913	YDR361C
YOR100C	0.00040352954517	YOR302W
YOR100C	0.0069682866419	YHR029C
YOR100C	0.0710174108029	YOL014W
YMR169C	0.0248555292396	YKL112W
YMR169C	0.121547098472	YDR216W
YMR169C	1.0	YGR043C
YMR169C	0.206124462946	YER150W
YMR169C	0.883573214438	YDL018C
YMR169C	0.0290870355214	YGR183C
YMR169C	0.107715552411	YER158C
YMR169C	0.105315729022	YJR094C
YMR169C	0.0383312070278	YDR043C
YMR169C	1.0	YNL194C
YMR169C	0.199686861141	YKL015W
YMR169C	0.0472060694787	YFR022W
YMR169C	0.00603611205089	YJL217W
YMR169C	0.330627100378	YOL014W
YMR169C	0.0245989664578	YOR032C
YMR169C	0.801344306319	YHR216W
YMR169C	0.0201465642252	YJL153C
YMR169C	0.246947379524	YKL040C
YNR046W	0.034738025074	YBL103C
YNR046W	0.035106502346	YER040W
YNR046W	0.0127034732084	YML123C
YNR046W	0.0715432394815	YAL054C
YNR046W	0.00350608532297	YDL170W
YNR046W	0.0259726552074	YBR054W
YNR046W	0.231339601501	YKR075C
YNR046W	0.27915848413	YLR009W
YNR046W	0.0139609644696	YJL172W
YNR046W	0.0282410758367	YPL012W
YNR046W	0.00627164892301	YJR110W
YNR046W	0.00659844912937	YMR193W
YNR046W	0.168300247066	YER002W
YNR046W	0.0265640767196	YDL018C
YNR046W	0.00472040699053	YGR183C
YNR046W	0.041973913311	YJR148W
YNR046W	0.0535180080068	YNR064C
YNR046W	0.0514123641447	YKR056W
YNR046W	0.307342857587	YDL091C
YNR046W	0.112965701039	YHR051W
YNR046W	0.070410151012	YMR229C
YNR046W	0.0863451798856	YOR206W
YNR046W	0.0337372551687	YLL011W
YNR046W	0.0983985212945	YLR276C
YNR046W	0.0850477946274	YNL037C
YNR046W	0.199752456709	YKR009C
YNR046W	0.0122510218719	YFR022W
YNR046W	0.0306584231274	YAL062W
YNR046W	0.308231265792	YDR523C
YNR046W	0.901308539938	YOR056C
YNR046W	0.440269787896	YBL042C
YNR046W	0.243015315006	YLR130C
YNR046W	0.0431819400309	YLR267W
YNR046W	0.0219445300953	YNR053C
YNR046W	0.0430604285927	YLR258W
YNR046W	0.395017882565	YLL034C
YNR046W	0.148094601747	YDL110C
YNR046W	0.05428369623	YGL229C
YNR046W	0.00293758366586	YKL040C
YJR110W	0.00139804512382	YFL014W
YJR110W	0.010198506373	YDL170W
YJR110W	0.0172247881771	YKL040C
YMR193W	1.0	YJL063C
YMR193W	1.0	YDL160C
YMR193W	0.124395931218	YKL071W
YMR193W	0.0649730830616	YNL037C
YMR193W	0.0113562830453	YFR022W
YMR193W	0.0121971956499	YLR130C
YGL254W	0.0292488946615	YIL037C
YGL254W	0.0251699986449	YKL015W
YLR174W	0.114061693689	YBR054W
YLR174W	0.0166583632746	YGR067C
YLR174W	0.00748659681427	YGL009C
YLR174W	0.145952837795	YNL270C
YER002W	0.00772178233261	YMR280C
YER002W	0.024614775892	YDR384C
YER002W	0.0180824653848	YPL111W
YER002W	0.00295433865927	YPL012W
YER002W	0.00917865165769	YLR327C
YER002W	0.102491364941	YBL042C
YER002W	0.026578575206	YNR053C
YER002W	0.0199504925863	YLR258W
YER002W	0.0391652677631	YLL034C
YDL018C	0.00459084592085	YMR193W
YDL018C	0.0616332453289	YLR174W
YDL018C	0.844540175373	YGR183C
YDL018C	0.390339216267	YJL153C
YDL018C	1.0	YKL040C
YIL136W	0.521663998384	YMR280C
YIL136W	0.0128607925454	YHR136C
YIL136W	0.00267586547035	YGR043C
YIL136W	0.165569045399	YAL054C
YIL136W	0.11398810059	YFL014W
YIL136W	0.0207118540833	YOR348C
YIL136W	0.0375842724573	YER150W
YIL136W	0.0099815326528	YMR169C
YIL136W	0.00282553359703	YMR193W
YIL136W	0.00456364169558	YGR183C
YIL136W	0.0294711038512	YGR067C
YIL136W	0.120646697067	YJL063C
YIL136W	0.450748545902	YHR051W
YIL136W	0.00995525715341	YHL028W
YIL136W	0.0266935536173	YDR043C
YIL136W	0.604185593566	YDR258C
YIL136W	0.270629243388	YNL194C
YIL136W	0.0262776576439	YKR009C
YIL136W	0.00548605030992	YGL009C
YIL136W	0.01784247122	YPL036W
YIL136W	0.0573009530323	YJL217W
YIL136W	0.805413808418	YLR178C
YIL136W	0.202525947825	YHR087W
YGR183C	0.0556322380787	YDR384C
YGR183C	0.0153854112131	YMR193W
YGR183C	0.0448422093737	YDL018C
YGR183C	1.0	YHR051W
YER158C	0.777508596598	YHL028W
YER158C	0.266964390097	YDR043C
YER158C	1.0	YOR032C
YJR148W	0.0338539408707	YPL111W
YJR148W	0.0531950877915	YJL172W
YJR148W	0.0240972953238	YLR174W
YJR148W	0.00818370265825	YLR327C
YJR148W	0.032097481837	YLR267W
YJR148W	0.0209351530795	YNR053C
YJR148W	0.0119898497399	YLR258W
YJR148W	0.0040302533948	YKL062W
YNR064C	0.248476545321	YPL061W
YNR064C	0.0657869940297	YOR100C
YNR064C	0.0287369241825	YGR067C
YNR064C	0.013344678148	YPL036W
YNR064C	0.0394730533337	YOL014W
YNR064C	0.0354880780554	YJL153C
YGR067C	0.000848849151134	YGR043C
YGR067C	0.134043737241	YBR054W
YGR067C	0.195683764928	YOR100C
YGR067C	0.573473825348	YLR174W
YGR067C	0.0449351147921	YNR064C
YGR067C	1.0	YIL037C
YGR067C	0.192058009754	YGL009C
YGR067C	0.18267335819	YNL270C
YGR067C	0.0365572461022	YFR022W
YGR067C	0.202456466416	YAL062W
YGR067C	0.861333859165	YOL014W
YGR067C	0.190394927734	YGL229C
YGR067C	0.0320177372121	YJL153C
YPL265W	0.00984005386607	YMR280C
YPL265W	0.855221124424	YNL036W
YPL265W	0.951968654061	YDR171W
YPL265W	0.0103939557393	YFL014W
YPL265W	0.494697734371	YOR348C
YPL265W	0.162861784412	YKR075C
YPL265W	1.0	YPL111W
YPL265W	0.0133889580279	YJL172W
YPL265W	0.00992510348584	YMR169C
YPL265W	0.972114579431	YJR110W
YPL265W	0.338864658533	YGL254W
YPL265W	0.178994585804	YLR174W
YPL265W	1.0	YER002W
YPL265W	0.0778879016374	YDL018C
YPL265W	0.00164725625175	YIL136W
YPL265W	0.0219026637746	YGR183C
YPL265W	0.0404855436642	YER158C
YPL265W	1.0	YJR148W
YPL265W	1.0	YKR056W
YPL265W	0.881339827073	YCL064C
YPL265W	0.172932285987	YLR327C
YPL265W	0.37559696517	YDL091C
YPL265W	0.015551505077	YHL028W
YPL265W	0.0791175341877	YIL155C
YPL265W	0.241651447598	YLL011W
YPL265W	1.0	YDR043C
YPL265W	0.246937157415	YDR258C
YPL265W	3.73801852471e-05	YNL194C
YPL265W	0.0603299118126	YLR276C
YPL265W	0.110740717427	YLR438W
YPL265W	0.216634654693	YLL033W
YPL265W	1.0	YDR523C
YPL265W	0.979585753082	YPL036W
YPL265W	0.135651354055	YOR056C
YPL265W	1.0	YBL042C
YPL265W	0.0200532958763	YLR130C
YPL265W	1.0	YLR267W
YPL265W	0.820589491257	YNR053C
YPL265W	0.13283813921	YLR258W
YPL265W	0.0853183027793	YDR380W
YPL265W	0.609777411933	YDL110C
YPL265W	0.890314254928	YGL229C
YPL265W	0.00286326672858	YHR087W
YPL265W	0.363761918737	YKL062W
YKR056W	0.0104106814537	YMR280C
YKR056W	0.0128263672492	YHR136C
YKR056W	0.00251707632736	YFL014W
YKR056W	0.0732914899849	YPL111W
YKR056W	0.00773708078063	YMR169C
YKR056W	0.0357139530523	YGL254W
YKR056W	0.205278157714	YLR174W
YKR056W	0.146406091682	YDL018C
YKR056W	0.0016915743029	YIL136W
YKR056W	0.00423870601446	YGR183C
YKR056W	0.0962771467063	YJR148W
YKR056W	0.250591635282	YPL265W
YKR056W	0.0163270465258	YLR327C
YKR056W	0.00974572066517	YHL028W
YKR056W	0.278409301608	YLL011W
YKR056W	3.05029381218e-05	YNL194C
YKR056W	0.00483234081247	YPL036W
YKR056W	0.234750746215	YOR056C
YKR056W	0.428592178462	YNR053C
YKR056W	0.181824556719	YLR258W
YKR056W	0.0401287668992	YDR380W
YKR056W	0.0302242015007	YDL110C
YKR056W	0.113851706784	YKL062W
YCL064C	0.969482793872	YHR136C
YCL064C	0.00223233523058	YFL014W
YCL064C	0.024518693067	YPL111W
YCL064C	0.208072798755	YIL037C
YCL064C	0.00689621310527	YJL088W
YCL064C	0.113765413846	YLR438W
YCL064C	0.395058503607	YLR267W
YJL063C	1.0	YMR193W
YJL063C	0.473692379331	YKL071W
YJL063C	0.846868647409	YNL037C
YJL063C	0.00627658025444	YLR130C
YDL160C	0.0388416879691	YCR010C
YDL160C	0.0174313230261	YPL061W
YDL160C	1.0	YMR193W
YDL160C	0.00870233796216	YJR094C
YDL160C	0.0181679679712	YDR043C
YDL160C	1.0	YNL270C
YDL160C	0.00975654831007	YFR022W
YDL160C	0.74245951601	YOL014W
YDL160C	0.705496140138	YOR032C
YDL160C	0.820800126497	YHR216W
YIL037C	0.34018170578	YOR388C
YIL037C	0.00683028198774	YMR169C
YIL037C	0.579671573452	YGR067C
YIL037C	0.461430874547	YJR094C
YIL037C	0.0481397201232	YNL270C
YLR327C	0.882217332317	YDR216W
YLR327C	0.00741022466567	YDR171W
YLR327C	0.00263644415395	YFL014W
YLR327C	0.0231385154758	YOR348C
YLR327C	0.114302323278	YER150W
YLR327C	0.219228738645	YKR075C
YLR327C	0.0194375085858	YMR169C
YLR327C	0.0171536641085	YDL018C
YLR327C	0.0029630397478	YDL160C
YLR327C	0.0981246508857	YIL155C
YLR327C	0.0735391709885	YNL270C
YLR327C	0.928699974531	YFR022W
YLR327C	0.274024889032	YER067W
YLR327C	0.0204059933215	YOR032C
YLR327C	0.0295999091832	YKL040C
YDL091C	0.0185191582733	YPL111W
YDL091C	0.0129174307552	YJL172W
YDL091C	0.00269534052214	YPL012W
YDL091C	0.00721512076788	YMR169C
YDL091C	0.00318404870116	YMR193W
YDL091C	0.0496380123926	YER002W
YDL091C	0.0175068812165	YER158C
YDL091C	0.0331250628569	YLL011W
YDL091C	0.424045719223	YBL042C
YDL091C	0.000947144785494	YLR130C
YDL091C	0.0533712280779	YOL014W
YDL091C	0.0478358780548	YNR053C
YDL091C	0.0121991451835	YLR258W
YDL091C	0.0633578198204	YDR380W
YDL091C	0.063405100895	YLL034C
YHR051W	0.0793084339715	YDR384C
YHR051W	0.0459880652217	YMR193W
YHR051W	1.0	YGR183C
YHR051W	0.0442764662144	YDL110C
YHL028W	0.407847694673	YBR054W
YHL028W	0.781300543484	YER158C
YHL028W	0.0720988172914	YJL063C
YHL028W	0.00999735840623	YNR028W
YMR229C	0.0894153279147	YKL112W
YMR229C	0.872572218278	YGR043C
YMR229C	0.0653099601347	YHR018C
YMR229C	0.976168839209	YDR384C
YMR229C	0.120045462584	YLR009W
YMR229C	0.363528350452	YJL172W
YMR229C	0.00807318569866	YPL012W
YMR229C	0.108589351273	YOR100C
YMR229C	0.125280947274	YNR046W
YMR229C	0.207896817092	YNR064C
YMR229C	0.182746240407	YOR206W
YMR229C	0.374603860444	YNR028W
YMR229C	0.0800655408751	YDR043C
YMR229C	0.111122662086	YLR276C
YMR229C	0.194182097062	YKL015W
YMR229C	0.142350377815	YPR002W
YMR229C	0.0364450936158	YDR361C
YMR229C	0.0506135704278	YOR302W
YMR229C	0.410316970141	YFR022W
YOR206W	0.0377181269415	YBL103C
YOR206W	0.0735855839966	YKL112W
YOR206W	0.112417635471	YER040W
YOR206W	0.028819636959	YGR142W
YOR206W	0.492733010549	YNL036W
YOR206W	0.267339113122	YML123C
YOR206W	0.505891563234	YCR021C
YOR206W	0.480739197928	YHR018C
YOR206W	0.434332832553	YAL054C
YOR206W	0.0108383419642	YDL170W
YOR206W	0.0906836597771	YBR054W
YOR206W	0.113925723882	YDR384C
YOR206W	0.839464763587	YLR009W
YOR206W	0.0182928116388	YPL111W
YOR206W	0.644904878643	YJL172W
YOR206W	0.99347451336	YPL012W
YOR206W	0.0935006299601	YOR100C
YOR206W	0.453072854307	YNR046W
YOR206W	0.457161615153	YGL254W
YOR206W	0.176745347932	YER002W
YOR206W	0.00480337919969	YDL018C
YOR206W	0.617968313531	YJR148W
YOR206W	0.394834568795	YNR064C
YOR206W	0.0941098090652	YKR056W
YOR206W	0.433716014597	YCL064C
YOR206W	0.284938788836	YDL091C
YOR206W	0.241868822439	YHR051W
YOR206W	0.0103547125569	YHL028W
YOR206W	0.37251873707	YMR229C
YOR206W	0.0106037645485	YNR028W
YOR206W	0.854362231865	YLR276C
YOR206W	0.0852105393444	YLR438W
YOR206W	0.28825903637	YNL037C
YOR206W	0.37566022259	YKR009C
YOR206W	0.358900648179	YPR002W
YOR206W	0.74248939141	YDR361C
YOR206W	0.137150417532	YLL033W
YOR206W	0.187923464302	YFR022W
YOR206W	0.296119972063	YDR523C
YOR206W	0.155159368555	YOR056C
YOR206W	0.0976144216165	YBL042C
YOR206W	0.0150847663943	YLR130C
YOR206W	0.376189697695	YLR267W
YOR206W	0.00626724014397	YHR029C
YOR206W	0.0333606056954	YNR053C
YOR206W	0.0306175734811	YLR258W
YOR206W	0.0732637928335	YDR380W
YOR206W	0.363432924814	YLL034C
YOR206W	0.0299504976548	YDL110C
YOR206W	0.00894628183701	YLR178C
YOR206W	0.0418891409037	YGL229C
YJR094C	0.0383985095439	YOR388C
YJR094C	0.0842761186403	YJL217W
YJR094C	0.0877827009848	YOL014W
YIL155C	0.0207559949157	YMR280C
YIL155C	0.0202623108053	YHR136C
YIL155C	0.0125376197775	YFL014W
YIL155C	0.0247216978081	YOR348C
YIL155C	0.0353326554442	YER150W
YIL155C	0.0114926786052	YMR169C
YIL155C	0.00298744479545	YIL136W
YIL155C	0.0448075166173	YER158C
YIL155C	0.0172579932892	YJL063C
YIL155C	0.0117721691446	YLR327C
YIL155C	0.00156920720172	YNL194C
YIL155C	0.0234885950881	YKL015W
YIL155C	0.028162045985	YPL036W
YIL155C	0.00710917234031	YJL217W
YIL155C	0.084171142427	YKL040C
YJL088W	0.21068749386	YHR018C
YJL088W	0.43426672085	YLR438W
YJL088W	0.487467822496	YLL033W
YJL088W	0.00535167048342	YOR302W
YLL011W	0.0444637886761	YMR280C
YLL011W	0.351937855337	YNL036W
YLL011W	0.0134678284962	YHR136C
YLL011W	0.00557315632128	YDR171W
YLL011W	0.00246404769064	YFL014W
YLL011W	0.449801212024	YOR348C
YLL011W	0.0819505881624	YPL111W
YLL011W	0.00693156700027	YMR169C
YLL011W	0.231095639051	YGL254W
YLL011W	0.20074712324	YLR174W
YLL011W	0.433540687505	YDL018C
YLL011W	0.00533373297068	YIL136W
YLL011W	0.0512555692044	YGR183C
YLL011W	0.0182404161776	YER158C
YLL011W	0.058485760835	YJR148W
YLL011W	0.364306854842	YPL265W
YLL011W	0.302379190017	YKR056W
YLL011W	0.0224688415607	YCL064C
YLL011W	0.0311667200924	YLR327C
YLL011W	0.267327294312	YDL091C
YLL011W	0.0403186605585	YHL028W
YLL011W	0.0815297957695	YIL155C
YLL011W	0.68300103358	YDR258C
YLL011W	2.41475875842e-05	YNL194C
YLL011W	0.0917873650978	YLR276C
YLL011W	0.442341947322	YLL033W
YLL011W	0.314124148794	YOR056C
YLL011W	0.0200674344347	YLR130C
YLL011W	0.0277656107023	YLR267W
YLL011W	0.0310762899674	YOL014W
YLL011W	1.0	YNR053C
YLL011W	0.0749410807634	YLR258W
YLL011W	0.127674913829	YDR380W
YLL011W	0.0336154570772	YLL034C
YLL011W	0.546843752684	YDL110C
YLL011W	0.0859845333792	YOR032C
YLL011W	0.014214281574	YHR087W
YLL011W	0.135932576129	YKL062W
YNR028W	0.0168036115009	YBL103C
YNR028W	0.00230797707413	YDR171W
YNR028W	0.000747288001685	YGR043C
YNR028W	0.0128269763871	YCR010C
YNR028W	0.0172723471721	YPL061W
YNR028W	0.0149074212053	YJR110W
YNR028W	0.0475088235816	YLR174W
YNR028W	0.04750642363	YHL028W
YNR028W	0.00515161017885	YMR229C
YNR028W	0.399539733785	YKL071W
YNR028W	0.025333386724	YKL015W
YNR028W	0.305056576356	YPR002W
YNR028W	0.00108499329737	YOR302W
YNR028W	0.0349199478399	YHR029C
YNR028W	0.941153912192	YKL040C
YDR043C	0.150965413592	YER158C
YDR043C	0.00569045433551	YKL062W
YDR258C	0.154133530716	YNL036W
YDR258C	0.144565280258	YAL054C
YDR258C	0.00737730952639	YOR348C
YDR258C	0.0532325473519	YDR384C
YDR258C	0.111827803801	YGL254W
YDR258C	0.133395263301	YIL136W
YDR258C	0.0260481452448	YGR183C
YDR258C	0.0541514602121	YJL063C
YDR258C	0.00437690286165	YLR327C
YDR258C	0.00979460945794	YIL155C
YDR258C	0.139249731488	YLL011W
YDR258C	0.000270430774785	YNL194C
YDR258C	0.0197040051182	YKR009C
YDR258C	0.00034989742033	YOR302W
YDR258C	0.0516361022556	YLR258W
YDR258C	0.080237068556	YER067W
YDR258C	0.039738310899	YKL062W
YKL071W	0.111081507824	YGR142W
YKL071W	0.0198643445273	YML123C
YKL071W	0.294962740977	YDR384C
YKL071W	0.00301494023051	YER150W
YKL071W	0.0201394455383	YPL061W
YKL071W	0.0432829049397	YPL111W
YKL071W	0.121013793426	YOR388C
YKL071W	0.987707276287	YPL012W
YKL071W	0.037626606469	YMR169C
YKL071W	0.00552404073113	YJR110W
YKL071W	0.00301471010799	YMR193W
YKL071W	0.0931242473637	YGR067C
YKL071W	0.251412696215	YKR056W
YKL071W	0.294140319559	YJL063C
YKL071W	0.0666564283741	YIL037C
YKL071W	0.0220656314907	YOR206W
YKL071W	0.0911193008644	YJR094C
YKL071W	0.0889128288244	YJL088W
YKL071W	0.0117534539845	YNR028W
YKL071W	0.152799922541	YDR258C
YKL071W	0.464670579	YKL015W
YKL071W	0.0144642248081	YPR002W
YKL071W	0.0226548184884	YNL270C
YKL071W	0.00889970093014	YJL217W
YKL071W	0.0514791097022	YHR029C
YKL071W	0.0149292841867	YOL014W
YKL071W	0.0445509858234	YNR053C
YKL071W	0.0439139611903	YDR380W
YKL071W	0.0930385612042	YOR032C
YKL071W	0.302615896243	YHR216W
YKL071W	0.0437700950015	YJL153C
YNL194C	0.0987560357525	YDR216W
YNL194C	0.02360404505	YMR280C
YNL194C	0.0123390838827	YML123C
YNL194C	0.0360298667768	YHR136C
YNL194C	0.0024998086218	YGR043C
YNL194C	1.0	YFL014W
YNL194C	0.160678008489	YCR010C
YNL194C	0.98520184468	YER150W
YNL194C	0.0420350228159	YKR075C
YNL194C	1.0	YMR169C
YNL194C	0.00201750347051	YMR193W
YNL194C	0.999019184042	YIL136W
YNL194C	0.0151387547232	YGR183C
YNL194C	0.0819300076591	YER158C
YNL194C	0.0183427289359	YJL063C
YNL194C	0.0830779484284	YIL037C
YNL194C	0.0205835864018	YJR094C
YNL194C	0.935460876856	YIL155C
YNL194C	0.049406089054	YDR043C
YNL194C	0.198651724478	YKL015W
YNL194C	0.717237856639	YPL036W
YNL194C	0.656755263791	YJL217W
YNL194C	0.0950689088094	YLR267W
YNL194C	0.326519057637	YOL014W
YNL194C	0.165758469592	YER067W
YNL194C	0.246999123825	YLR178C
YNL194C	0.010977875002	YHR216W
YNL194C	0.0834632329896	YKL040C
YNL194C	0.740897713237	YHR087W
YLR276C	0.0687860517454	YBL103C
YLR276C	0.0170704749853	YKL112W
YLR276C	0.0650085391394	YER040W
YLR276C	0.128162303311	YNL036W
YLR276C	0.0320723191157	YML123C
YLR276C	0.00917626833223	YHR136C
YLR276C	0.0511382786163	YCR021C
YLR276C	0.0291162351573	YAL054C
YLR276C	0.00548020453128	YDL170W
YLR276C	0.0516916761281	YBR054W
YLR276C	0.133422944925	YDR384C
YLR276C	0.207718402775	YKR075C
YLR276C	0.396511011966	YLR009W
YLR276C	0.0185639726053	YPL111W
YLR276C	0.0926540422291	YJL172W
YLR276C	0.0913738377314	YPL012W
YLR276C	0.0972350192396	YOR100C
YLR276C	0.145248855194	YNR046W
YLR276C	0.00328700300709	YMR193W
YLR276C	0.0411597955611	YER002W
YLR276C	0.0792060089552	YJR148W
YLR276C	0.127396177433	YNR064C
YLR276C	0.0574195575574	YKR056W
YLR276C	0.023169863809	YCL064C
YLR276C	0.0567132336326	YHR051W
YLR276C	0.207787701659	YMR229C
YLR276C	0.350142207299	YOR206W
YLR276C	0.0438096745954	YLR438W
YLR276C	0.26097867047	YNL037C
YLR276C	0.0565003995624	YKR009C
YLR276C	0.379239176772	YPR002W
YLR276C	0.0584833989757	YLL033W
YLR276C	0.0209458332893	YFR022W
YLR276C	0.0662286511316	YDR523C
YLR276C	0.300034494509	YOR056C
YLR276C	0.0440042532839	YBL042C
YLR276C	0.528281118046	YLR130C
YLR276C	0.111557004234	YLR267W
YLR276C	0.016629838205	YHR029C
YLR276C	0.0214554083965	YNR053C
YLR276C	0.158150923288	YLL034C
YLR276C	0.0900332787518	YDL110C
YLR276C	0.00338285804542	YKL040C
YLR438W	0.634132163146	YHR136C
YLR438W	0.102508569268	YPL111W
YLR438W	0.848825325177	YCL064C
YLR438W	0.0391577137387	YIL037C
YLR438W	0.00471748150036	YJR094C
YLR438W	0.903027929676	YJL088W
YLR438W	0.0753343184923	YHR216W
YNL037C	0.0471661465216	YBL103C
YNL037C	0.0383149659363	YBR054W
YNL037C	0.0174935950511	YOR388C
YNL037C	0.00186310825117	YMR193W
YNL037C	0.70433129671	YJL063C
YNL037C	0.303441016812	YKL071W
YNL037C	0.0653144938131	YGL009C
YNL037C	0.914178990853	YPR002W
YNL037C	0.0274530291003	YDR380W
YKR009C	0.0313722582209	YKL112W
YKR009C	0.0434946487801	YNL036W
YKR009C	0.218324697578	YAL054C
YKR009C	0.0148558362569	YOR388C
YKR009C	0.00236687384947	YMR193W
YKR009C	0.000719291969246	YIL136W
YKR009C	0.0193437629072	YDR043C
YKR009C	0.0624151183455	YGL229C
YKR009C	0.00301134223017	YKL062W
YKL015W	0.0650738141904	YIL037C
YKL015W	0.199635050279	YOR032C
YGL009C	0.130780143802	YBR054W
YGL009C	0.172085936271	YOR388C
YGL009C	0.0275997008528	YNL037C
YGL009C	0.534535824801	YJL217W
YGL009C	0.0332192103871	YOR032C
YGL009C	0.0184165501417	YJL153C
YPR002W	0.419264816805	YBL103C
YPR002W	0.0420889749323	YNR028W
YPR002W	0.080051127845	YKL071W
YPR002W	1.0	YNL037C
YPR002W	0.0128259938452	YHR029C
YPR002W	0.00625726663965	YHR216W
YDR361C	0.271422246528	YKL112W
YDR361C	0.013487372252	YMR280C
YDR361C	0.122316771488	YGR142W
YDR361C	0.0020798142759	YGR043C
YDR361C	0.235512372441	YHR018C
YDR361C	0.0653835795232	YBR054W
YDR361C	0.0138067641689	YOR388C
YDR361C	0.0300035029427	YPL012W
YDR361C	0.115472962598	YOR100C
YDR361C	0.0721007664371	YER002W
YDR361C	0.046296512856	YER158C
YDR361C	0.0680730078398	YKR056W
YDR361C	0.00815342869388	YCL064C
YDR361C	0.0198113193639	YMR229C
YDR361C	0.0951792672116	YOR206W
YDR361C	0.0119717465064	YLR438W
YDR361C	0.00813394698412	YNL037C
YDR361C	0.0142923871184	YKR009C
YDR361C	0.191773097564	YFR022W
YDR361C	0.0213837233647	YNR053C
YDR361C	0.0416095278252	YDL110C
YDR361C	0.828025417992	YLR178C
YDR361C	0.0464835747463	YGL229C
YLL033W	0.0130865272992	YMR169C
YLL033W	0.000196849693359	YJL088W
YOR302W	1.0	YBL103C
YOR302W	1.0	YKL112W
YOR302W	0.916725913626	YER040W
YOR302W	0.285832444294	YGR142W
YOR302W	0.23765150588	YDR171W
YOR302W	0.113670915787	YGR043C
YOR302W	0.882182448879	YDL170W
YOR302W	0.320602704247	YCR010C
YOR302W	1.0	YPL061W
YOR302W	0.93421300597	YOR100C
YOR302W	0.0276629575747	YJR110W
YOR302W	0.878633378622	YNR064C
YOR302W	1.0	YMR229C
YOR302W	0.889460422412	YJL088W
YOR302W	0.749082626154	YNR028W
YOR302W	0.217097809911	YDR043C
YOR302W	0.00622454917751	YGL009C
YOR302W	0.37301624959	YPR002W
YOR302W	0.812144436691	YFR022W
YOR302W	0.260650638208	YAL062W
YOR302W	0.700641114557	YPL036W
YOR302W	1.0	YLR130C
YOR302W	1.0	YHR029C
YOR302W	0.0346126366374	YJL153C
YNL270C	0.034250482332	YNL036W
YNL270C	0.835607907859	YDL160C
YNL270C	0.0367300753733	YIL037C
YNL270C	0.00581332217562	YJR094C
YNL270C	0.0611975948448	YFR022W
YNL270C	0.435922979098	YJL217W
YNL270C	0.514720600617	YJL153C
YFR022W	0.149210418779	YLR174W
YFR022W	0.0947730308581	YER158C
YFR022W	0.069488231001	YGR067C
YFR022W	0.791545894098	YNL270C
YFR022W	0.0309095993663	YJL153C
YAL062W	0.0328534873596	YGR067C
YAL062W	0.00350173539949	YJL217W
YDR523C	0.0197520006974	YCR010C
YDR523C	0.0362635782625	YIL037C
YDR523C	0.0051094643399	YLR327C
YDR523C	0.112748158269	YDR380W
YPL036W	0.00770633263517	YLR327C
YPL036W	0.0218986540183	YNL270C
YPL036W	0.0191018677466	YOL014W
YPL036W	0.0364941416858	YOR032C
YJL217W	1.0	YOR388C
YJL217W	0.965319503666	YJR094C
YJL217W	1.0	YGL009C
YJL217W	0.0128564514226	YOL014W
YJL217W	0.0709742532567	YJL153C
YOR056C	0.0169294388973	YML123C
YOR056C	0.0739935566241	YLR009W
YOR056C	0.0192777360551	YPL111W
YOR056C	0.00449683560327	YPL012W
YOR056C	0.328484765121	YOR100C
YOR056C	1.0	YNR046W
YOR056C	0.00531889120126	YMR193W
YOR056C	0.229809180542	YER002W
YOR056C	0.12666316462	YJR148W
YOR056C	0.262725160792	YKR056W
YOR056C	0.170863901946	YDL091C
YOR056C	0.00457077457155	YMR229C
YOR056C	0.0263128099772	YOR206W
YOR056C	0.139900590342	YLL011W
YOR056C	0.508318231423	YLR276C
YOR056C	0.120849601317	YBL042C
YOR056C	0.0562009297741	YLR130C
YOR056C	0.03538083101	YOL014W
YOR056C	0.0378996683184	YNR053C
YOR056C	0.0355411994614	YDR380W
YOR056C	0.527635657886	YLL034C
YOR056C	0.121172275411	YDL110C
YOR056C	0.102018010754	YGL229C
YBL042C	0.00183544482357	YMR193W
YBL042C	0.00877083483364	YLR327C
YBL042C	0.00121323401602	YLR130C
YBL042C	0.0196055645376	YNR053C
YLR130C	0.0991585769868	YGR142W
YLR130C	0.0168847130611	YDR171W
YLR130C	0.0485692991164	YOR348C
YLR130C	0.626989729429	YCR010C
YLR130C	0.0265867072807	YPL061W
YLR130C	0.0128608935688	YJR110W
YLR130C	0.881722122533	YMR193W
YLR130C	0.00035023973878	YJL088W
YLR130C	0.287963120715	YNR028W
YLR130C	0.991847417337	YOR302W
YLR130C	0.0371185722132	YPL036W
YLR130C	0.0329819496843	YBL042C
YLR130C	0.0176263342483	YOR032C
YLR267W	0.0155638136587	YHR136C
YLR267W	0.00219681142641	YFL014W
YLR267W	0.0195138477062	YPL111W
YLR267W	0.0476222563933	YLR174W
YLR267W	0.828265123799	YPL265W
YLR267W	0.00724781352398	YCL064C
YLR267W	0.0196456001772	YLR327C
YLR267W	0.00425147215586	YPL036W
YLR267W	0.0488859198136	YNR053C
YLR267W	0.0302646671121	YDR380W
YHR029C	0.0398724300265	YBL103C
YHR029C	0.0141726127506	YKL112W
YHR029C	0.0550027674268	YER040W
YHR029C	0.16555350515	YGR142W
YHR029C	0.0159802150232	YDR171W
YHR029C	0.00627118546744	YGR043C
YHR029C	0.412276550238	YHR018C
YHR029C	0.112669765653	YDL170W
YHR029C	0.155273812326	YCR010C
YHR029C	0.103140509121	YPL061W
YHR029C	0.902406307325	YJL172W
YHR029C	0.0185901013152	YJR110W
YHR029C	0.0337417131014	YGL254W
YHR029C	0.147750944433	YNR064C
YHR029C	0.0141279507867	YMR229C
YHR029C	0.0246890927159	YJL088W
YHR029C	0.430522716717	YNR028W
YHR029C	0.0082555435489	YNL037C
YHR029C	0.197110943953	YPR002W
YHR029C	0.1292589958	YLL033W
YHR029C	0.999684000383	YOR302W
YHR029C	0.156031335697	YAL062W
YOL014W	0.0566433526326	YGR067C
YOL014W	0.124146643394	YJR094C
YNR053C	0.015916902907	YMR280C
YNR053C	0.0482815700345	YNL036W
YNR053C	0.0121662593898	YML123C
YNR053C	0.0107849047206	YHR136C
YNR053C	0.0195025875673	YDR171W
YNR053C	0.00333999185224	YFL014W
YNR053C	0.0338286672337	YOR348C
YNR053C	0.113051336441	YPL111W
YNR053C	0.00742460171978	YMR169C
YNR053C	0.0167941747139	YJR110W
YNR053C	0.0976155017359	YGL254W
YNR053C	0.154688389209	YLR174W
YNR053C	0.028650363012	YER002W
YNR053C	0.254767313447	YDL018C
YNR053C	0.00332188598809	YIL136W
YNR053C	0.0138542056724	YGR183C
YNR053C	0.0256060430636	YER158C
YNR053C	0.103461151188	YJR148W
YNR053C	0.360268573493	YPL265W
YNR053C	0.465675284955	YKR056W
YNR053C	0.0889435178419	YCL064C
YNR053C	0.0539537095175	YLR327C
YNR053C	0.357075740519	YDL091C
YNR053C	0.0252823733732	YHL028W
YNR053C	0.039285511116	YIL155C
YNR053C	1.0	YLL011W
YNR053C	0.0988955698975	YDR258C
YNR053C	2.27684226162e-05	YNL194C
YNR053C	0.0791315224287	YLR276C
YNR053C	0.0965206335567	YLL033W
YNR053C	0.00783820986533	YPL036W
YNR053C	0.315473750936	YOR056C
YNR053C	0.0374759335039	YBL042C
YNR053C	0.00241998201433	YLR130C
YNR053C	0.0364733129419	YLR267W
YNR053C	0.0263743696124	YOL014W
YNR053C	0.0820233960255	YLR258W
YNR053C	0.157756618531	YDR380W
YNR053C	0.126130301164	YDL110C
YNR053C	0.109685745072	YGL229C
YNR053C	0.0275865447496	YOR032C
YNR053C	0.00852630302367	YHR087W
YNR053C	0.154055719539	YKL062W
YLR258W	0.0358053766519	YHR136C
YLR258W	0.0103356041182	YER150W
YLR258W	0.0346709789385	YOR388C
YLR258W	0.0457615814752	YIL136W
YLR258W	0.082776428992	YIL037C
YLR258W	0.359686917163	YDR258C
YLR258W	9.21525011324e-05	YNL194C
YLR258W	0.153978700136	YOL014W
YLR258W	0.522545478489	YER067W
YLR258W	0.192550841815	YGL229C
YLR258W	0.86626705018	YHR087W
YLR258W	0.837237474841	YKL062W
YDR380W	0.0152400752397	YBL103C
YDR380W	0.162576775145	YDR384C
YDR380W	0.36844139222	YOR388C
YDR380W	0.00240963535144	YPL012W
YDR380W	0.00401615858743	YMR193W
YDR380W	0.0250278374673	YJL063C
YDR380W	0.918927068454	YKL071W
YDR380W	0.0415989069039	YAL062W
YDR380W	0.0027664817823	YJL217W
YLL034C	0.0205245141053	YBL103C
YLL034C	0.0360169767819	YKL112W
YLL034C	0.0317178406085	YER040W
YLL034C	0.0905620314338	YML123C
YLL034C	0.00393085086812	YDL170W
YLL034C	0.14832149518	YBR054W
YLL034C	0.111722692296	YDR384C
YLL034C	0.496976569835	YLR009W
YLL034C	0.421827864314	YPL012W
YLL034C	0.240945908503	YOR100C
YLL034C	0.263727327705	YNR046W
YLL034C	0.0023780538489	YMR193W
YLL034C	0.752671408778	YER002W
YLL034C	0.00689511242989	YDL018C
YLL034C	0.0293371101154	YNR064C
YLL034C	0.106779229669	YKR056W
YLL034C	0.299634521809	YDL091C
YLL034C	0.160018015788	YHR051W
YLL034C	0.00748230865452	YHL028W
YLL034C	0.0402877152653	YMR229C
YLL034C	0.199734256604	YOR206W
YLL034C	0.0959783609508	YLL011W
YLL034C	0.177275566236	YLR276C
YLL034C	0.0149894008954	YLR438W
YLL034C	0.0158333445107	YNL037C
YLL034C	0.0702574082578	YKR009C
YLL034C	0.0312972306807	YPR002W
YLL034C	0.0605211830499	YDR361C
YLL034C	0.047758463825	YFR022W
YLL034C	0.0917163149345	YAL062W
YLL034C	0.422257986356	YOR056C
YLL034C	0.0961338932463	YBL042C
YLL034C	0.0453924382424	YLR130C
YLL034C	0.026931700596	YNR053C
YLL034C	0.0576561198062	YLR258W
YLL034C	0.0344169895117	YDL110C
YLL034C	0.00197389677	YLR178C
YLL034C	0.0374273854749	YGL229C
YDL110C	0.00639460454196	YMR280C
YDL110C	0.0129509840266	YHR136C
YDL110C	0.0290247298776	YOR348C
YDL110C	0.0460902095007	YBR054W
YDL110C	0.0447344179037	YDR384C
YDL110C	0.161040340156	YKR075C
YDL110C	0.020705531845	YPL111W
YDL110C	0.00780879254181	YMR169C
YDL110C	0.0363366187939	YGL254W
YDL110C	0.0191931003802	YLR174W
YDL110C	0.0591350585052	YDL018C
YDL110C	0.00329982440747	YIL136W
YDL110C	0.289279419128	YGR183C
YDL110C	0.0362005769856	YPL265W
YDL110C	0.0676181947426	YLR327C
YDL110C	0.0132156211627	YHL028W
YDL110C	0.062297997222	YIL155C
YDL110C	0.172799436003	YLL011W
YDL110C	5.36425927015e-05	YNL194C
YDL110C	0.0386763814043	YLR276C
YDL110C	0.157703820783	YLR258W
YDL110C	0.0036881843488	YHR087W
YDL110C	0.0484378670265	YKL062W
YER067W	0.00796880797768	YHR136C
YER067W	0.720949626162	YDR171W
YER067W	0.397852887876	YCR021C
YER067W	0.0849929347654	YAL054C
YER067W	0.00147029351855	YFL014W
YER067W	0.112396969388	YOR348C
YER067W	0.0371695583575	YCR010C
YER067W	0.890674698349	YER150W
YER067W	0.0172499485288	YMR169C
YER067W	0.00239623561694	YIL136W
YER067W	0.181227258439	YER158C
YER067W	0.764882203066	YDL160C
YER067W	1.0	YLR327C
YER067W	0.039942011855	YIL155C
YER067W	0.0132160638136	YNR028W
YER067W	0.726856643652	YDR258C
YER067W	0.00645327266381	YNL194C
YER067W	0.561131041838	YLL033W
YER067W	0.152626186125	YLR258W
YER067W	0.774556821204	YGL229C
YER067W	0.0663781731831	YKL040C
YER067W	0.165820015457	YHR087W
YLR178C	0.032195055757	YKL112W
YLR178C	0.345697583438	YMR280C
YLR178C	0.0126272586103	YHR136C
YLR178C	0.229253483358	YGR043C
YLR178C	0.171289011894	YAL054C
YLR178C	0.15556509138	YFL014W
YLR178C	0.00332242364568	YER150W
YLR178C	0.0125702902451	YMR169C
YLR178C	0.992783994214	YIL136W
YLR178C	0.126076615028	YER158C
YLR178C	0.184201517614	YGR067C
YLR178C	0.214241003693	YJL063C
YLR178C	0.00295377846934	YDL160C
YLR178C	0.0280523002187	YIL037C
YLR178C	0.265704761135	YDR043C
YLR178C	9.40683954938e-05	YNL194C
YLR178C	0.0177640132259	YKR009C
YLR178C	0.753836906306	YKL015W
YLR178C	0.740696772533	YDR361C
YLR178C	0.925767268798	YAL062W
YLR178C	0.151380654152	YDR380W
YLR178C	0.183842859564	YGL229C
YLR178C	0.0187871549008	YOR032C
YLR178C	0.00702940894949	YHR087W
YLR178C	0.200610613866	YKL062W
YGL229C	0.0461514422719	YOR032C
YOR032C	1.0	YER158C
YOR032C	0.668976009878	YDR043C
YOR032C	0.609636255568	YKL015W
YHR216W	0.243299807546	YML123C
YHR216W	0.3757811216	YPL061W
YHR216W	0.019660685878	YDL160C
YHR216W	0.889670200683	YJR094C
YHR216W	0.0430517384871	YKL071W
YHR216W	0.0802274388429	YJL217W
YJL153C	0.378192440565	YOR388C
YJL153C	0.0188585439552	YJR094C
YJL153C	0.120183480887	YNL270C
YJL153C	0.0220654643819	YDR380W
YKL040C	0.798849199325	YJR110W
YKL040C	1.0	YDL018C
YKL040C	0.0636929883632	YGR183C
YKL040C	0.0189238909155	YJL063C
YKL040C	0.702919020019	YNR028W
YKL040C	0.0244348428723	YKL015W
YKL040C	0.109398041329	YLL033W
YKL040C	0.134308785719	YNL270C
YKL040C	0.290433266324	YJL153C
YHR087W	0.0366908092796	YHR136C
YHR087W	0.255944733958	YDR171W
YHR087W	0.565101706661	YCR021C
YHR087W	0.0663223026931	YFL014W
YHR087W	0.52716781666	YOR348C
YHR087W	0.384132827056	YER150W
YHR087W	0.00263597027031	YMR193W
YHR087W	0.571288114456	YIL136W
YHR087W	0.0401848343051	YJL063C
YHR087W	0.162818275509	YDL160C
YHR087W	0.0279817305377	YIL037C
YHR087W	0.0454683509238	YLR327C
YHR087W	0.010259656691	YHL028W
YHR087W	0.790503751172	YIL155C
YHR087W	0.0154347264373	YNR028W
YHR087W	0.0677828606156	YNL194C
YHR087W	0.847373813875	YLR258W
YHR087W	0.391435805398	YER067W
YHR087W	0.00492488994083	YKL040C
YKL062W	0.0348548423363	YKL112W
YKL062W	0.0208942047898	YHR136C
YKL062W	0.00524099188107	YGR043C
YKL062W	0.863356585787	YFL014W
YKL062W	0.162056623989	YDR384C
YKL062W	0.0202140193261	YPL061W
YKL062W	0.0210199294887	YIL136W
YKL062W	0.0224132610634	YER158C
YKL062W	0.0915045953866	YJL063C
YKL062W	0.308900624467	YHR051W
YKL062W	0.960337723965	YHL028W
YKL062W	0.00513097288309	YJR094C
YKL062W	0.12691386619	YIL155C
YKL062W	0.000716478932139	YJL088W
YKL062W	0.0356774614243	YDR043C
YKL062W	0.0417878448361	YDR258C
YKL062W	0.0759556596799	YKL071W
YKL062W	2.53378902084e-05	YNL194C
YKL062W	0.95595832913	YKR009C
YKL062W	0.0489017127261	YDR361C
YKL062W	0.00116404482578	YOR302W
YKL062W	1.0	YLR258W
YKL062W	0.827968952114	YDR380W
YKL062W	0.0903972343526	YER067W
YKL062W	0.249084244496	YLR178C
YKL062W	0.355243253861	YOR032C
