YBL103C	+	YOR302W
YDR216W	+	YMR280C
YDR216W	+	YFL014W
YDR216W	+	YBR054W
YDR216W	+	YCR010C
YDR216W	+	YLR174W
YDR216W	+	YLR327C
YDR216W	+	YNL270C
YMR280C	+	YOR348C
YER040W	-	YGR142W
YER040W	+	YDL170W
YER040W	+	YHR029C
YGR142W	+	YDR216W
YGR142W	+	YDR171W
YGR142W	+	YCR021C
YGR142W	+	YKR075C
YGR142W	-	YGL254W
YGR142W	+	YDR523C
YML123C	+	YHR136C
YML123C	-	YIL037C
YML123C	-	YHR216W
YHR136C	+	YML123C
YHR136C	-	YLR438W
YHR136C	+	YGL009C
YDR171W	+	YGR142W
YDR171W	+	YCR010C
YDR171W	-	YLL033W
YDR171W	-	YLR130C
YDR171W	+	YER067W
YDR171W	+	YHR087W
YGR043C	-	YPL061W
YGR043C	+	YMR169C
YHR018C	-	YKL112W
YHR018C	+	YER040W
YHR018C	+	YDL170W
YHR018C	+	YJL172W
YHR018C	+	YJL088W
YHR018C	+	YLR438W
YHR018C	-	YDR361C
YHR018C	+	YDL110C
YAL054C	+	YKR009C
YFL014W	+	YDR216W
YFL014W	+	YGR043C
YFL014W	+	YGR067C
YFL014W	+	YNL194C
YFL014W	+	YLR178C
YFL014W	+	YKL062W
YOR348C	+	YMR280C
YOR348C	+	YGR183C
YOR348C	+	YHL028W
YOR348C	+	YIL155C
YOR348C	-	YLL011W
YOR348C	+	YDL110C
YDL170W	+	YBL103C
YDL170W	+	YER040W
YDL170W	+	YHR018C
YDL170W	+	YJR110W
YBR054W	-	YGL009C
YDR384C	-	YDR380W
YER150W	+	YNL194C
YER150W	+	YER067W
YER150W	-	YKL040C
YPL061W	-	YAL062W
YPL061W	+	YBL042C
YLR009W	+	YOR206W
YLR009W	+	YLR276C
YLR009W	+	YLL034C
YPL111W	+	YPL265W
YPL111W	+	YLR327C
YOR388C	-	YJL217W
YOR388C	+	YJL153C
YJL172W	+	YHR018C
YJL172W	+	YAL054C
YJL172W	-	YKR075C
YJL172W	+	YOR100C
YJL172W	-	YMR229C
YJL172W	+	YAL062W
YJL172W	+	YHR029C
YPL012W	+	YGR142W
YPL012W	+	YML123C
YPL012W	+	YDR384C
YPL012W	+	YLR009W
YPL012W	+	YKR056W
YPL012W	+	YOR206W
YPL012W	-	YDR380W
YPL012W	+	YLL034C
YOR100C	+	YNR064C
YOR100C	+	YGR067C
YMR169C	+	YGR043C
YMR169C	+	YDL018C
YMR169C	+	YNL194C
YMR169C	-	YHR216W
YNR046W	+	YDR523C
YNR046W	+	YOR056C
YNR046W	+	YBL042C
YMR193W	+	YJL063C
YMR193W	-	YDL160C
YDL018C	+	YGR183C
YDL018C	+	YKL040C
YIL136W	+	YMR280C
YIL136W	+	YAL054C
YIL136W	+	YHR051W
YIL136W	+	YDR258C
YIL136W	+	YLR178C
YGR183C	+	YHR051W
YER158C	+	YHL028W
YER158C	+	YOR032C
YGR067C	+	YLR174W
YGR067C	+	YIL037C
YGR067C	-	YOL014W
YPL265W	+	YNL036W
YPL265W	+	YDR171W
YPL265W	+	YOR348C
YPL265W	+	YPL111W
YPL265W	+	YJR110W
YPL265W	+	YGL254W
YPL265W	-	YER002W
YPL265W	+	YJR148W
YPL265W	-	YKR056W
YPL265W	+	YCL064C
YPL265W	+	YDL091C
YPL265W	+	YDR043C
YPL265W	-	YDR523C
YPL265W	-	YPL036W
YPL265W	-	YBL042C
YPL265W	+	YLR267W
YPL265W	-	YNR053C
YPL265W	+	YGL229C
YPL265W	+	YKL062W
YKR056W	+	YLR174W
YKR056W	+	YNR053C
YKR056W	-	YLR258W
YCL064C	+	YHR136C
YCL064C	-	YIL037C
YJL063C	+	YMR193W
YJL063C	+	YKL071W
YJL063C	+	YNL037C
YDL160C	-	YMR193W
YDL160C	-	YNL270C
YDL160C	-	YOL014W
YDL160C	-	YOR032C
YDL160C	+	YHR216W
YIL037C	+	YGR067C
YIL037C	-	YJR094C
YLR327C	+	YDR216W
YLR327C	+	YFR022W
YHR051W	+	YGR183C
YHL028W	+	YBR054W
YHL028W	+	YER158C
YMR229C	-	YGR043C
YMR229C	+	YDR384C
YMR229C	+	YNR028W
YMR229C	-	YFR022W
YOR206W	-	YNL036W
YOR206W	+	YCR021C
YOR206W	-	YAL054C
YOR206W	+	YLR009W
YOR206W	-	YJL172W
YOR206W	+	YPL012W
YOR206W	+	YNR046W
YOR206W	-	YGL254W
YOR206W	-	YJR148W
YOR206W	-	YNR064C
YOR206W	-	YCL064C
YOR206W	-	YDL091C
YOR206W	-	YHR051W
YOR206W	+	YMR229C
YOR206W	+	YLR276C
YOR206W	-	YNL037C
YOR206W	-	YKR009C
YOR206W	+	YDR361C
YOR206W	-	YLR267W
YJL088W	+	YLR438W
YJL088W	+	YLL033W
YLL011W	-	YDL018C
YLL011W	-	YPL265W
YLL011W	-	YDR258C
YLL011W	+	YLL033W
YLL011W	+	YNR053C
YLL011W	-	YDL110C
YNR028W	-	YKL071W
YNR028W	-	YKL040C
YKL071W	+	YPL012W
YKL071W	+	YJL063C
YKL071W	-	YKL015W
YNL194C	+	YFL014W
YNL194C	+	YER150W
YNL194C	+	YMR169C
YNL194C	+	YIL136W
YNL194C	+	YIL155C
YNL194C	+	YPL036W
YNL194C	-	YJL217W
YNL194C	-	YOL014W
YNL194C	+	YHR087W
YLR276C	+	YLR009W
YLR276C	+	YOR206W
YLR276C	-	YPR002W
YLR276C	+	YLR130C
YLR438W	-	YHR136C
YLR438W	+	YCL064C
YLR438W	+	YJL088W
YNL037C	+	YPR002W
YKL015W	-	YOR032C
YGL009C	-	YBR054W
YPR002W	+	YBL103C
YPR002W	+	YNL037C
YDR361C	+	YKL112W
YDR361C	-	YHR018C
YDR361C	-	YLR178C
YOR302W	+	YBL103C
YOR302W	-	YKL112W
YOR302W	+	YER040W
YOR302W	+	YDL170W
YOR302W	-	YCR010C
YOR302W	-	YPL061W
YOR302W	+	YOR100C
YOR302W	+	YNR064C
YOR302W	-	YMR229C
YOR302W	+	YJL088W
YOR302W	-	YNR028W
YOR302W	+	YPR002W
YOR302W	+	YFR022W
YOR302W	+	YPL036W
YOR302W	+	YLR130C
YOR302W	+	YHR029C
YNL270C	-	YDL160C
YNL270C	+	YJL217W
YNL270C	+	YJL153C
YFR022W	+	YNL270C
YJL217W	-	YOR388C
YJL217W	+	YJR094C
YJL217W	-	YGL009C
YOR056C	-	YOR100C
YOR056C	+	YNR046W
YOR056C	+	YER002W
YOR056C	-	YDL091C
YOR056C	+	YLR276C
YOR056C	+	YLL034C
YOR056C	-	YGL229C
YLR130C	-	YMR193W
YLR130C	+	YOR302W
YLR267W	+	YPL265W
YHR029C	+	YJL172W
YHR029C	+	YOR302W
YNR053C	+	YKR056W
YNR053C	+	YLL011W
YNR053C	+	YOR056C
YLR258W	+	YER067W
YLR258W	+	YHR087W
YLR258W	+	YKL062W
YDR380W	-	YKL071W
YLL034C	+	YPL012W
YLL034C	+	YNR046W
YLL034C	+	YER002W
YLL034C	+	YOR056C
YDL110C	-	YKR075C
YER067W	+	YDR171W
YER067W	+	YER150W
YER067W	+	YDL160C
YER067W	+	YLR327C
YER067W	+	YDR258C
YER067W	+	YGL229C
YLR178C	+	YIL136W
YLR178C	+	YER158C
YLR178C	+	YJL063C
YLR178C	+	YDR043C
YLR178C	-	YKL015W
YLR178C	-	YDR361C
YLR178C	+	YAL062W
YOR032C	+	YER158C
YOR032C	+	YDR043C
YOR032C	-	YKL015W
YHR216W	+	YJR094C
YJL153C	+	YOR388C
YKL040C	+	YJR110W
YKL040C	+	YDL018C
YKL040C	-	YNR028W
YHR087W	+	YCR021C
YHR087W	+	YOR348C
YHR087W	+	YER150W
YHR087W	+	YIL136W
YHR087W	+	YIL155C
YHR087W	+	YLR258W
YKL062W	+	YFL014W
YKL062W	-	YDR384C
YKL062W	+	YHL028W
YKL062W	+	YKR009C
YKL062W	+	YLR258W
YKL062W	+	YDR380W
