YBL103C	0.197473451467	YER040W
YBL103C	0.332145480627	YDL170W
YBL103C	0.159385851403	YJR110W
YBL103C	0.00647642995912	YJL088W
YBL103C	0.0435494136474	YPR002W
YBL103C	0.55944226479	YOR302W
YBL103C	0.0916833786243	YPL036W
YBL103C	0.0433978829937	YHR029C
YBL103C	0.0197174839909	YKL040C
YKL112W	0.130052029896	YPL061W
YKL112W	0.0580209717563	YDR043C
YKL112W	0.0115874315411	YOR302W
YKL112W	0.0331151461504	YFR022W
YKL112W	0.294824260839	YJL153C
YDR216W	0.914636415955	YMR280C
YDR216W	0.709384721732	YFL014W
YDR216W	0.0112482953448	YDL170W
YDR216W	0.943665895457	YBR054W
YDR216W	0.798875254297	YCR010C
YDR216W	0.0952309835246	YMR169C
YDR216W	1.0	YLR174W
YDR216W	1.0	YLR327C
YDR216W	0.0179350174623	YJR094C
YDR216W	0.387364251684	YNL270C
YDR216W	0.156694933238	YHR216W
YDR216W	0.0155835414522	YKL040C
YMR280C	0.0255482478542	YHR136C
YMR280C	1.0	YOR348C
YMR280C	0.237946433211	YKR075C
YMR280C	0.0812437803617	YOR100C
YMR280C	0.0065999167801	YIL136W
YMR280C	0.075119825986	YJL063C
YMR280C	0.0890197363781	YIL155C
YER040W	0.467725048532	YBL103C
YER040W	0.437003297813	YGR142W
YER040W	0.389928487526	YHR018C
YER040W	0.652074118977	YDL170W
YER040W	0.223989908846	YCR010C
YER040W	0.206232502982	YJR110W
YER040W	0.00969498193	YJL088W
YER040W	0.197942433996	YOR302W
YER040W	0.340662921232	YHR029C
YGR142W	0.854225711256	YDR216W
YGR142W	0.722771012534	YDR171W
YGR142W	0.57943540684	YCR021C
YGR142W	0.176618147329	YPL061W
YGR142W	1.0	YKR075C
YGR142W	1.0	YGL254W
YGR142W	0.296392512416	YDR361C
YGR142W	0.714596730586	YDR523C
YML123C	1.0	YHR136C
YML123C	0.851669721659	YIL037C
YML123C	0.123718055349	YGL009C
YML123C	0.633113285273	YHR216W
YHR136C	1.0	YML123C
YHR136C	0.111454221387	YCL064C
YHR136C	0.148330278341	YIL037C
YHR136C	0.920156685981	YLR438W
YHR136C	0.0241121324956	YNL037C
YHR136C	0.732796993223	YGL009C
YHR136C	0.0382342530679	YOR032C
YHR136C	0.0886346720774	YHR216W
YDR171W	0.462652556588	YGR142W
YDR171W	0.0861696776542	YCR021C
YDR171W	0.234395170991	YOR348C
YDR171W	0.555177058962	YBR054W
YDR171W	0.268445812267	YCR010C
YDR171W	0.0490189079737	YJL063C
YDR171W	0.0131891766223	YDL160C
YDR171W	0.194073437789	YLR327C
YDR171W	0.101757675622	YHL028W
YDR171W	0.0330613474401	YNR028W
YDR171W	0.000212466459821	YNL194C
YDR171W	0.478910170379	YLL033W
YDR171W	0.991985177346	YLR130C
YDR171W	0.747123326301	YER067W
YDR171W	0.0448215370133	YKL040C
YDR171W	0.901786783523	YHR087W
YGR043C	0.0589071845767	YKL112W
YGR043C	0.211502918027	YAL054C
YGR043C	0.468493453806	YPL061W
YGR043C	1.0	YMR169C
YGR043C	0.33540703021	YGR067C
YGR043C	0.248990609865	YDR043C
YGR043C	0.0165665208108	YGL009C
YGR043C	0.0271473919093	YFR022W
YGR043C	0.0394845097745	YOL014W
YHR018C	0.949278410067	YKL112W
YHR018C	0.00291151439509	YDR216W
YHR018C	0.564107239645	YER040W
YHR018C	0.33131249192	YGR142W
YHR018C	0.880883141653	YDL170W
YHR018C	0.0315752380144	YPL111W
YHR018C	0.589929685194	YJL172W
YHR018C	0.00664623325546	YPL012W
YHR018C	0.128422322723	YMR229C
YHR018C	1.0	YJL088W
YHR018C	0.656173449635	YLR438W
YHR018C	0.034529365582	YKR009C
YHR018C	0.509137357318	YDR361C
YHR018C	0.0736239781623	YDR523C
YHR018C	0.0689110084661	YLR267W
YHR018C	0.412747048896	YHR029C
YHR018C	0.0456254791205	YLR258W
YHR018C	0.273946912762	YDL110C
YHR018C	0.107650938773	YLR178C
YHR018C	0.0944377753893	YGL229C
YAL054C	0.342917712499	YOR100C
YAL054C	0.0196644808795	YNL037C
YAL054C	0.952383476123	YKR009C
YAL054C	0.22982231905	YAL062W
YAL054C	0.235145907677	YDR523C
YFL014W	0.89552109767	YDR216W
YFL014W	0.0658381438062	YMR280C
YFL014W	0.103905522038	YHR136C
YFL014W	0.761044771076	YGR043C
YFL014W	0.277747767049	YER150W
YFL014W	0.00420654610925	YIL136W
YFL014W	0.537067640109	YGR067C
YFL014W	0.0250981472839	YDL160C
YFL014W	0.0540828245311	YIL037C
YFL014W	0.0951969116286	YHR051W
YFL014W	0.0456527698669	YIL155C
YFL014W	0.994836971128	YNL194C
YFL014W	0.2470887785	YKL015W
YFL014W	0.0310660275481	YGL009C
YFL014W	0.231427012856	YPL036W
YFL014W	0.0516694754761	YJL217W
YFL014W	0.114080698164	YOL014W
YFL014W	0.711109983792	YLR178C
YFL014W	0.0166649919564	YKL040C
YFL014W	0.0218598223979	YHR087W
YFL014W	1.0	YKL062W
YOR348C	0.972832145213	YMR280C
YOR348C	0.169808507744	YGL254W
YOR348C	0.205180803563	YIL136W
YOR348C	0.620200131541	YGR183C
YOR348C	0.205160146504	YPL265W
YOR348C	0.169500596202	YJL063C
YOR348C	0.126304999826	YLR327C
YOR348C	0.919264929396	YHL028W
YOR348C	0.497783742798	YIL155C
YOR348C	0.524077440973	YLL011W
YOR348C	0.000135013854932	YNL194C
YOR348C	0.796378404537	YDL110C
YOR348C	0.0647916960132	YHR087W
YDL170W	0.765069310049	YBL103C
YDL170W	0.142862774349	YDR216W
YDL170W	0.849443275273	YER040W
YDL170W	0.0728904772674	YGR142W
YDL170W	0.0135705173571	YDR171W
YDL170W	0.411995770809	YHR018C
YDL170W	0.287302178249	YCR010C
YDL170W	0.728777092188	YJR110W
YDL170W	0.0675486929869	YJL088W
YDL170W	0.176423120608	YOR302W
YDL170W	0.137351586292	YAL062W
YDL170W	0.338887900426	YHR029C
YBR054W	0.334394915506	YCR021C
YBR054W	0.285910163549	YLR174W
YBR054W	0.0554808755016	YGR067C
YBR054W	0.0662472332327	YHL028W
YBR054W	0.0937763383022	YJR094C
YBR054W	0.839614649107	YGL009C
YBR054W	0.0730961883957	YOR032C
YCR010C	0.0192814052211	YMR169C
YCR010C	0.0930574222286	YDL160C
YDR384C	0.0463607936239	YKL112W
YDR384C	0.017469241603	YGR183C
YDR384C	0.0803012883006	YHR051W
YDR384C	0.284948951185	YDR380W
YDR384C	0.0651158892597	YDL110C
YER150W	0.00385137198611	YDR216W
YER150W	0.0323992368154	YDR171W
YER150W	0.0547265074948	YFL014W
YER150W	0.20126248618	YMR169C
YER150W	0.185378070686	YER158C
YER150W	0.076289395206	YNR028W
YER150W	0.657871575808	YNL194C
YER150W	0.05968310321	YJL217W
YER150W	0.752803227917	YER067W
YER150W	0.399057399432	YKL040C
YER150W	0.01375953741	YHR087W
YPL061W	0.0719956508783	YML123C
YPL061W	0.203413772012	YNR064C
YPL061W	0.0330020226934	YDL160C
YPL061W	0.000733119589749	YJL088W
YPL061W	0.00364487578196	YOR302W
YPL061W	0.196879986757	YAL062W
YPL061W	0.151077374187	YPL036W
YPL061W	0.443495074987	YBL042C
YPL061W	0.0802868936138	YHR216W
YKR075C	0.105847693298	YGR142W
YLR009W	0.0462009052349	YBL103C
YLR009W	0.161372830091	YER040W
YLR009W	0.0997747943068	YNL036W
YLR009W	0.0957087451362	YML123C
YLR009W	0.130276832417	YCR021C
YLR009W	0.162428976896	YAL054C
YLR009W	0.0784037214424	YBR054W
YLR009W	0.166976871603	YKR075C
YLR009W	0.105223674273	YJL172W
YLR009W	0.380673554539	YPL012W
YLR009W	0.0838280919148	YOR100C
YLR009W	0.330942952016	YNR046W
YLR009W	0.0948573076685	YGL254W
YLR009W	0.127339350006	YER002W
YLR009W	0.16424551766	YJR148W
YLR009W	0.283802626813	YNR064C
YLR009W	0.0474602944612	YKR056W
YLR009W	0.185348872197	YCL064C
YLR009W	0.281549341718	YDL091C
YLR009W	0.187965613068	YHR051W
YLR009W	0.213917883305	YMR229C
YLR009W	0.815108386928	YOR206W
YLR009W	0.560027542132	YLR276C
YLR009W	0.0472006974078	YLR438W
YLR009W	0.154790838913	YNL037C
YLR009W	0.139000609478	YKR009C
YLR009W	0.14545733841	YPR002W
YLR009W	0.0645956006057	YFR022W
YLR009W	0.0872214622173	YDR523C
YLR009W	0.177443741159	YOR056C
YLR009W	0.165192297778	YBL042C
YLR009W	0.0531455524066	YLR130C
YLR009W	0.202345281559	YLR267W
YLR009W	0.0385493897917	YNR053C
YLR009W	0.46029806413	YLL034C
YPL111W	0.273393474353	YNL036W
YPL111W	0.00502985741606	YFL014W
YPL111W	0.1215051213	YKR075C
YPL111W	0.011894045254	YDL018C
YPL111W	0.836161364675	YPL265W
YPL111W	0.241371782526	YLR327C
YPL111W	0.447691012947	YLR438W
YPL111W	0.0567024513342	YNR053C
YPL111W	0.0886392979587	YKL062W
YOR388C	0.0646836350588	YIL037C
YOR388C	0.0838134873705	YJR094C
YOR388C	1.0	YJL217W
YOR388C	1.0	YJL153C
YJL172W	0.0340223252361	YBL103C
YJL172W	0.170080518448	YKL112W
YJL172W	0.620494990513	YHR018C
YJL172W	1.0	YAL054C
YJL172W	0.095380049831	YDL170W
YJL172W	0.577569637065	YKR075C
YJL172W	0.0704534879652	YLR009W
YJL172W	0.0131294523878	YPL012W
YJL172W	0.458836154333	YOR100C
YJL172W	0.283260735532	YNR046W
YJL172W	0.151538004123	YGL254W
YJL172W	0.183982842159	YCL064C
YJL172W	0.461509172864	YDL091C
YJL172W	0.871577677277	YMR229C
YJL172W	0.103508805047	YOR206W
YJL172W	0.191822861074	YNR028W
YJL172W	0.358989662155	YLR276C
YJL172W	0.183628648381	YLR438W
YJL172W	0.0645328378672	YNL037C
YJL172W	0.137863724108	YDR361C
YJL172W	0.698236585475	YAL062W
YJL172W	0.150214188093	YDR523C
YJL172W	0.772409312003	YHR029C
YJL172W	0.245154942988	YDL110C
YJL172W	0.0299068957565	YLR178C
YPL012W	0.144936951178	YKL112W
YPL012W	0.0365892995443	YER040W
YPL012W	0.928689676964	YGR142W
YPL012W	0.0834275208837	YNL036W
YPL012W	0.549381868455	YML123C
YPL012W	0.272127109945	YCR021C
YPL012W	0.274242538193	YHR018C
YPL012W	0.156570867732	YAL054C
YPL012W	0.01239769705	YDL170W
YPL012W	0.132709229767	YBR054W
YPL012W	0.818947492885	YDR384C
YPL012W	0.623427447186	YLR009W
YPL012W	0.170049299153	YJL172W
YPL012W	0.311942137381	YNR046W
YPL012W	0.262663511335	YGL254W
YPL012W	0.167382976275	YER002W
YPL012W	0.0823468990376	YJR148W
YPL012W	0.0698183790053	YNR064C
YPL012W	0.347513557405	YKR056W
YPL012W	0.158826287393	YCL064C
YPL012W	0.114809262681	YHR051W
YPL012W	0.102739821979	YMR229C
YPL012W	1.0	YOR206W
YPL012W	0.176210972065	YLR276C
YPL012W	0.0974603296807	YNL037C
YPL012W	0.152766029928	YKR009C
YPL012W	0.0428372748035	YPR002W
YPL012W	0.425869782259	YDR361C
YPL012W	0.0742048969604	YLL033W
YPL012W	0.0791894112112	YFR022W
YPL012W	0.0719410954755	YAL062W
YPL012W	0.0115640241778	YLR130C
YPL012W	0.165417299772	YLR267W
YPL012W	0.0399895013998	YNR053C
YPL012W	0.928605112702	YDR380W
YPL012W	0.955459760669	YLL034C
YPL012W	0.00780421245693	YLR178C
YOR100C	0.0355601850652	YMR280C
YOR100C	0.00339703520652	YGR043C
YOR100C	0.627206385687	YNR064C
YOR100C	1.0	YGR067C
YOR100C	0.0594464304742	YOL014W
YMR169C	0.122698558605	YDR216W
YMR169C	1.0	YGR043C
YMR169C	0.220905806599	YER150W
YMR169C	0.945989015671	YDL018C
YMR169C	0.0249845926023	YGR183C
YMR169C	0.137309944373	YER158C
YMR169C	0.0944956239926	YJR094C
YMR169C	1.0	YNL194C
YMR169C	0.233507456143	YKL015W
YMR169C	0.363615656898	YOL014W
YMR169C	0.843305066762	YHR216W
YMR169C	0.256960855071	YKL040C
YNR046W	0.0277239462043	YBL103C
YNR046W	0.0319078444519	YER040W
YNR046W	0.255453491332	YKR075C
YNR046W	0.312142628977	YLR009W
YNR046W	0.0292400984662	YPL012W
YNR046W	0.00675373674053	YMR193W
YNR046W	0.120802710938	YER002W
YNR046W	0.0112569835185	YDL018C
YNR046W	0.0632148285367	YJR148W
YNR046W	0.0729448429675	YNR064C
YNR046W	0.371914245842	YDL091C
YNR046W	0.0740372702984	YHR051W
YNR046W	0.0573302989744	YMR229C
YNR046W	0.0893195538095	YOR206W
YNR046W	0.100413116455	YLR276C
YNR046W	0.0957633924445	YNL037C
YNR046W	0.202882066465	YKR009C
YNR046W	0.316237830978	YDR523C
YNR046W	1.0	YOR056C
YNR046W	0.516458719797	YBL042C
YNR046W	0.248043585687	YLR130C
YNR046W	0.0386912204515	YLR258W
YNR046W	0.370446333253	YLL034C
YNR046W	0.130895918639	YDL110C
YNR046W	0.0854807233029	YGL229C
YJR110W	0.0106697132212	YDL170W
YMR193W	1.0	YJL063C
YMR193W	1.0	YDL160C
YMR193W	0.112899295068	YKL071W
YMR193W	0.0493050462244	YNL037C
YMR193W	0.00801482265417	YLR130C
YLR174W	0.121084625679	YBR054W
YLR174W	0.140199912436	YNL270C
YER002W	0.162404196099	YBL042C
YDL018C	0.00469888668653	YMR193W
YDL018C	0.0873095910725	YLR174W
YDL018C	0.888467188233	YGR183C
YDL018C	0.399063753315	YJL153C
YDL018C	1.0	YKL040C
YIL136W	0.529972637955	YMR280C
YIL136W	0.00269677848026	YGR043C
YIL136W	0.139420809167	YAL054C
YIL136W	0.116438055602	YFL014W
YIL136W	0.036080222301	YER150W
YIL136W	0.119691647778	YJL063C
YIL136W	0.540575974466	YHR051W
YIL136W	0.60605941284	YDR258C
YIL136W	0.270742309986	YNL194C
YIL136W	0.0165787134298	YKR009C
YIL136W	0.0135184452358	YPL036W
YIL136W	0.0569237073556	YJL217W
YIL136W	0.812463412249	YLR178C
YIL136W	0.199623859792	YHR087W
YGR183C	0.0809135737995	YDR384C
YGR183C	0.0157474908028	YMR193W
YGR183C	0.0427540008105	YDL018C
YGR183C	1.0	YHR051W
YER158C	0.840033482697	YHL028W
YER158C	0.238396168639	YDR043C
YER158C	1.0	YOR032C
YJR148W	0.0415572104808	YPL111W
YJR148W	0.0483329560749	YJL172W
YNR064C	0.32939359053	YPL061W
YNR064C	0.0342024132816	YGR067C
YNR064C	0.0474556212799	YOL014W
YGR067C	0.142516622352	YBR054W
YGR067C	0.180437631605	YOR100C
YGR067C	0.656981692187	YLR174W
YGR067C	1.0	YIL037C
YGR067C	0.200123693897	YGL009C
YGR067C	0.124254824635	YNL270C
YGR067C	0.0272080580916	YFR022W
YGR067C	0.248841752045	YAL062W
YGR067C	0.893097948246	YOL014W
YGR067C	0.235568930667	YGL229C
YGR067C	0.039762957044	YJL153C
YPL265W	0.823446688593	YNL036W
YPL265W	0.968561531827	YDR171W
YPL265W	0.0106173538293	YFL014W
YPL265W	0.493250386822	YOR348C
YPL265W	0.204028198683	YKR075C
YPL265W	1.0	YPL111W
YPL265W	0.981522089194	YJR110W
YPL265W	0.470253941488	YGL254W
YPL265W	0.253563543626	YLR174W
YPL265W	1.0	YER002W
YPL265W	0.078134047858	YDL018C
YPL265W	0.0233535352689	YGR183C
YPL265W	0.0516087753718	YER158C
YPL265W	1.0	YJR148W
YPL265W	1.0	YKR056W
YPL265W	0.940788741222	YCL064C
YPL265W	0.186158976883	YLR327C
YPL265W	0.538490827136	YDL091C
YPL265W	0.0702472418737	YIL155C
YPL265W	0.211474810004	YLL011W
YPL265W	1.0	YDR043C
YPL265W	0.262424503524	YDR258C
YPL265W	0.0973441394714	YLR276C
YPL265W	0.0537267716504	YLR438W
YPL265W	0.273176524262	YLL033W
YPL265W	1.0	YDR523C
YPL265W	0.991729673029	YPL036W
YPL265W	0.0798006334943	YOR056C
YPL265W	1.0	YBL042C
YPL265W	0.0133244547075	YLR130C
YPL265W	1.0	YLR267W
YPL265W	0.855759640214	YNR053C
YPL265W	0.161260493538	YLR258W
YPL265W	0.0619173896282	YDR380W
YPL265W	0.552453541009	YDL110C
YPL265W	1.0	YGL229C
YPL265W	0.394174047233	YKL062W
YKR056W	0.0899685471591	YPL111W
YKR056W	0.238524740016	YLR174W
YKR056W	0.156748249376	YDL018C
YKR056W	0.100425614053	YJR148W
YKR056W	0.133002910073	YPL265W
YKR056W	0.0175758173751	YLR327C
YKR056W	0.365597341433	YLL011W
YKR056W	0.192759752632	YOR056C
YKR056W	0.515740733559	YNR053C
YKR056W	0.220728157804	YLR258W
YKR056W	0.0544876983407	YDR380W
YKR056W	0.115756381904	YKL062W
YCL064C	0.982681178371	YHR136C
YCL064C	0.0300977807101	YPL111W
YCL064C	0.29247875593	YIL037C
YCL064C	0.00691862816176	YJL088W
YCL064C	0.0798433140186	YLR438W
YCL064C	0.378595562142	YLR267W
YJL063C	1.0	YMR193W
YJL063C	0.525108691091	YKL071W
YJL063C	0.92658282128	YNL037C
YDL160C	0.0502328455834	YCR010C
YDL160C	1.0	YMR193W
YDL160C	1.0	YNL270C
YDL160C	0.796212163974	YOL014W
YDL160C	0.756002257369	YOR032C
YDL160C	0.863983876897	YHR216W
YIL037C	0.40650494601	YOR388C
YIL037C	0.689919582097	YGR067C
YIL037C	0.485183184766	YJR094C
YIL037C	0.0403283258409	YNL270C
YLR327C	0.884309299596	YDR216W
YLR327C	0.00653363582107	YDR171W
YLR327C	0.0253416289675	YOR348C
YLR327C	0.110490437714	YER150W
YLR327C	0.306845167727	YKR075C
YLR327C	0.0212321395411	YMR169C
YLR327C	0.0112569835185	YDL018C
YLR327C	0.082960401569	YIL155C
YLR327C	0.0602854608885	YNL270C
YLR327C	1.0	YFR022W
YLR327C	0.268281806842	YER067W
YLR327C	0.0310851600282	YKL040C
YDL091C	0.00325898196304	YMR193W
YDL091C	0.0720829182016	YER002W
YDL091C	0.358815004008	YBL042C
YDL091C	0.0471325895328	YOL014W
YDL091C	0.0618597878968	YNR053C
YDL091C	0.0860286034348	YDR380W
YDL091C	0.0337743762056	YLL034C
YHR051W	0.115349104165	YDR384C
YHR051W	0.0470703463229	YMR193W
YHR051W	1.0	YGR183C
YHR051W	0.0669503094434	YDL110C
YHL028W	0.380072419902	YBR054W
YHL028W	0.905110806307	YER158C
YHL028W	0.0950269968171	YJL063C
YMR229C	0.114779245286	YKL112W
YMR229C	0.877312453457	YGR043C
YMR229C	1.0	YDR384C
YMR229C	0.067568123806	YLR009W
YMR229C	0.359849253003	YJL172W
YMR229C	0.00835877309098	YPL012W
YMR229C	0.179743961148	YNR046W
YMR229C	0.169379842301	YNR064C
YMR229C	0.17378957268	YOR206W
YMR229C	0.410011600777	YNR028W
YMR229C	0.0716134770446	YDR043C
YMR229C	0.131033228331	YKL015W
YMR229C	0.0435494136474	YPR002W
YMR229C	0.0505243846043	YOR302W
YMR229C	0.384695651156	YFR022W
YOR206W	0.0281016922516	YBL103C
YOR206W	0.0944591715096	YKL112W
YOR206W	0.112653944208	YER040W
YOR206W	0.725658043703	YNL036W
YOR206W	0.316358213552	YML123C
YOR206W	0.597596057638	YCR021C
YOR206W	0.483962829254	YHR018C
YOR206W	0.681000155373	YAL054C
YOR206W	0.0113391114662	YDL170W
YOR206W	0.0922773564617	YBR054W
YOR206W	0.0932792855648	YDR384C
YOR206W	0.857628792617	YLR009W
YOR206W	0.66505168116	YJL172W
YOR206W	0.993243675525	YPL012W
YOR206W	0.517251536824	YNR046W
YOR206W	0.490941176873	YGL254W
YOR206W	0.179595876374	YER002W
YOR206W	0.816637705763	YJR148W
YOR206W	0.468302478976	YNR064C
YOR206W	0.128333213578	YKR056W
YOR206W	0.446430055608	YCL064C
YOR206W	0.33412179422	YDL091C
YOR206W	0.367576480883	YHR051W
YOR206W	0.364822972603	YMR229C
YOR206W	0.823789027935	YLR276C
YOR206W	0.0824793631797	YLR438W
YOR206W	0.303181256155	YNL037C
YOR206W	0.363209151793	YKR009C
YOR206W	0.401694125634	YPR002W
YOR206W	0.750786593322	YDR361C
YOR206W	0.100366891249	YLL033W
YOR206W	0.220745710404	YFR022W
YOR206W	0.254101840569	YDR523C
YOR206W	0.0783031697712	YOR056C
YOR206W	0.0826943693308	YBL042C
YOR206W	0.0154692739778	YLR130C
YOR206W	0.388876371025	YLR267W
YOR206W	0.0431408406481	YNR053C
YOR206W	0.037168580047	YLR258W
YOR206W	0.0713948872982	YDR380W
YOR206W	0.35750763229	YLL034C
YOR206W	0.0659629743673	YGL229C
YJR094C	0.051022357726	YOR388C
YJR094C	0.0881334563907	YJL217W
YJR094C	0.0875864384568	YOL014W
YIL155C	0.0225938386171	YMR280C
YIL155C	0.0225471310775	YHR136C
YIL155C	0.0128070918036	YFL014W
YIL155C	0.0378663873208	YER150W
YIL155C	0.0125537773922	YMR169C
YIL155C	0.0571181920948	YER158C
YIL155C	0.00156986280315	YNL194C
YIL155C	0.0184172977329	YPL036W
YIL155C	0.0883946439128	YKL040C
YJL088W	0.101588796373	YHR018C
YJL088W	0.498582215403	YLR438W
YJL088W	0.742574893169	YLL033W
YJL088W	0.00537580351144	YOR302W
YLL011W	0.0418835043824	YMR280C
YLL011W	0.196801329769	YNL036W
YLL011W	0.014986488824	YHR136C
YLL011W	0.453610260701	YOR348C
YLL011W	0.100597973344	YPL111W
YLL011W	0.193955996739	YGL254W
YLL011W	0.230979105698	YLR174W
YLL011W	0.419044868422	YDL018C
YLL011W	0.00541060620168	YIL136W
YLL011W	0.0439397295595	YGR183C
YLL011W	0.0880825029497	YJR148W
YLL011W	0.315056950734	YPL265W
YLL011W	0.314778799208	YKR056W
YLL011W	0.0335505003714	YLR327C
YLL011W	0.0759990650182	YDL091C
YLL011W	0.0321263267631	YHL028W
YLL011W	0.0822021317427	YIL155C
YLL011W	0.668595918909	YDR258C
YLL011W	0.148101692864	YLR276C
YLL011W	0.405218804855	YLL033W
YLL011W	0.38310245667	YOR056C
YLL011W	0.0125232522709	YLR130C
YLL011W	0.0373607948442	YOL014W
YLL011W	1.0	YNR053C
YLL011W	0.0909756470701	YLR258W
YLL011W	0.173359729889	YDR380W
YLL011W	0.507782364844	YDL110C
YLL011W	0.111210367368	YOR032C
YLL011W	0.147297149382	YKL062W
YNR028W	0.0164019967677	YJR110W
YNR028W	0.0673009499518	YLR174W
YNR028W	0.0446457609584	YHL028W
YNR028W	0.416221907238	YKL071W
YNR028W	0.354044967145	YPR002W
YNR028W	0.0304887027311	YHR029C
YNR028W	0.980282516009	YKL040C
YDR043C	0.160825149221	YER158C
YDR258C	0.190606352875	YNL036W
YDR258C	0.186701394623	YAL054C
YDR258C	0.0774233753206	YDR384C
YDR258C	0.0725384353755	YGL254W
YDR258C	0.134857966554	YIL136W
YDR258C	0.0277736208218	YGR183C
YDR258C	0.0713721920904	YJL063C
YDR258C	0.115574774118	YLL011W
YDR258C	0.000270543758464	YNL194C
YDR258C	0.0626842816654	YLR258W
YDR258C	0.0647355578398	YER067W
YKL071W	0.0529460397022	YGR142W
YKL071W	0.320020242927	YDR384C
YKL071W	0.0531316811141	YPL111W
YKL071W	0.0644318157694	YOR388C
YKL071W	1.0	YPL012W
YKL071W	0.0411006048167	YMR169C
YKL071W	0.0644673662156	YGR067C
YKL071W	0.172038910907	YKR056W
YKL071W	0.317385534201	YJL063C
YKL071W	0.0651414286923	YIL037C
YKL071W	0.0923687429118	YJR094C
YKL071W	0.0888625628973	YJL088W
YKL071W	0.152917792086	YDR258C
YKL071W	0.592280067061	YKL015W
YKL071W	0.00930704233265	YJL217W
YKL071W	0.0475815630904	YHR029C
YKL071W	0.057611873048	YNR053C
YKL071W	0.120333880575	YOR032C
YKL071W	0.285021284637	YHR216W
YKL071W	0.0543582576066	YJL153C
YNL194C	0.0936196721426	YDR216W
YNL194C	0.0256940699175	YMR280C
YNL194C	0.0400926694259	YHR136C
YNL194C	0.00251934567367	YGR043C
YNL194C	1.0	YFL014W
YNL194C	0.175093431257	YCR010C
YNL194C	0.984140657589	YER150W
YNL194C	1.0	YMR169C
YNL194C	1.0	YIL136W
YNL194C	0.0114596929071	YGR183C
YNL194C	0.104439930375	YER158C
YNL194C	0.116779007862	YIL037C
YNL194C	1.0	YIL155C
YNL194C	0.0394311329297	YDR043C
YNL194C	0.236729534985	YKL015W
YNL194C	0.736637244175	YPL036W
YNL194C	0.686815106516	YJL217W
YNL194C	0.0869929537174	YLR267W
YNL194C	0.366617737595	YOL014W
YNL194C	0.16912671051	YER067W
YNL194C	0.24167004825	YLR178C
YNL194C	0.0799524647451	YKL040C
YNL194C	0.7647567804	YHR087W
YLR276C	0.0553150887265	YBL103C
YLR276C	0.064810626778	YER040W
YLR276C	0.0911396411064	YNL036W
YLR276C	0.0877732215502	YDR384C
YLR276C	0.47834882031	YLR009W
YLR276C	0.0596753454134	YJL172W
YLR276C	0.094606169678	YPL012W
YLR276C	0.0966095396904	YOR100C
YLR276C	0.0741683815125	YNR046W
YLR276C	0.00336435919107	YMR193W
YLR276C	0.0695281065711	YJR148W
YLR276C	0.105131672238	YNR064C
YLR276C	0.0254119426428	YCL064C
YLR276C	0.196960513375	YMR229C
YLR276C	0.337156437616	YOR206W
YLR276C	0.0305178413968	YLR438W
YLR276C	0.26460686406	YNL037C
YLR276C	0.0621801161871	YKR009C
YLR276C	0.410011261153	YPR002W
YLR276C	0.098984438838	YDR523C
YLR276C	0.262453463371	YOR056C
YLR276C	0.541746894764	YLR130C
YLR276C	0.174450039178	YLR267W
YLR276C	0.170729778542	YLL034C
YLR276C	0.0841822479001	YDL110C
YLR438W	0.688998655533	YHR136C
YLR438W	0.104158159656	YPL111W
YLR438W	0.888545778613	YCL064C
YLR438W	0.0550422711085	YIL037C
YLR438W	0.9051835706	YJL088W
YLR438W	0.0489599875014	YHR216W
YNL037C	0.0377992591028	YBL103C
YNL037C	0.0538273537606	YBR054W
YNL037C	0.682614465799	YJL063C
YNL037C	0.323317524819	YKL071W
YNL037C	0.0561140600643	YGL009C
YNL037C	0.956450586353	YPR002W
YKR009C	0.174842238748	YAL054C
YKR009C	0.0982853016971	YGL229C
YKL015W	0.221144139715	YOR032C
YGL009C	0.183728443789	YBR054W
YGL009C	0.170033821368	YOR388C
YGL009C	0.523350434967	YJL217W
YGL009C	0.0429649431781	YOR032C
YPR002W	0.505502354374	YBL103C
YPR002W	0.0350670832673	YNR028W
YPR002W	0.0668603440821	YKL071W
YPR002W	1.0	YNL037C
YPR002W	0.013824668628	YHR029C
YDR361C	0.330222116316	YKL112W
YDR361C	0.0146816143128	YMR280C
YDR361C	0.0713103230363	YGR142W
YDR361C	0.241794632553	YHR018C
YDR361C	0.0918551009802	YBR054W
YDR361C	0.0310648710922	YPL012W
YDR361C	0.175261747452	YOR100C
YDR361C	0.104702694545	YER002W
YDR361C	0.0488902132747	YKR056W
YDR361C	0.0211725783459	YMR229C
YDR361C	0.133617542172	YOR206W
YDR361C	0.0157291328645	YKR009C
YDR361C	0.194673787979	YFR022W
YDR361C	0.854637953013	YLR178C
YDR361C	0.0731978451537	YGL229C
YLL033W	0.0142947833308	YMR169C
YOR302W	1.0	YBL103C
YOR302W	1.0	YKL112W
YOR302W	0.906238175372	YER040W
YOR302W	0.378726749344	YGR142W
YOR302W	0.232001699781	YDR171W
YOR302W	0.112970313927	YGR043C
YOR302W	0.890895689408	YDL170W
YOR302W	0.340717671524	YCR010C
YOR302W	1.0	YPL061W
YOR302W	1.0	YOR100C
YOR302W	0.0179304514264	YJR110W
YOR302W	0.862133271877	YNR064C
YOR302W	1.0	YMR229C
YOR302W	0.890046491943	YJL088W
YOR302W	0.806724961492	YNR028W
YOR302W	0.258682663123	YDR043C
YOR302W	0.437682497184	YPR002W
YOR302W	0.876620313144	YFR022W
YOR302W	0.282875482655	YAL062W
YOR302W	0.725997806399	YPL036W
YOR302W	1.0	YLR130C
YOR302W	1.0	YHR029C
YOR302W	0.0429855731114	YJL153C
YNL270C	0.855971618241	YDL160C
YNL270C	0.0359090907047	YFR022W
YNL270C	0.445756261446	YJL217W
YNL270C	0.528218791487	YJL153C
YFR022W	0.0571081442645	YLR174W
YFR022W	0.102861371669	YER158C
YFR022W	0.0342768939873	YGR067C
YFR022W	0.883471160497	YNL270C
YDR523C	0.153091861798	YDR380W
YPL036W	0.0472006620744	YOR032C
YJL217W	1.0	YOR388C
YJL217W	1.0	YJR094C
YJL217W	1.0	YGL009C
YOR056C	0.065933086375	YLR009W
YOR056C	0.399087423606	YOR100C
YOR056C	1.0	YNR046W
YOR056C	0.00544406575249	YMR193W
YOR056C	0.281958172696	YER002W
YOR056C	0.0925301808072	YJR148W
YOR056C	0.358266205269	YKR056W
YOR056C	0.269191642666	YDL091C
YOR056C	0.115706495747	YLL011W
YOR056C	0.5715138972	YLR276C
YOR056C	0.0762443251555	YBL042C
YOR056C	0.0576334798802	YLR130C
YOR056C	0.0490106074952	YNR053C
YOR056C	0.651784054911	YLL034C
YOR056C	0.133753779007	YDL110C
YOR056C	0.160648112689	YGL229C
YLR130C	0.105674654366	YGR142W
YLR130C	0.0153386304607	YDR171W
YLR130C	0.0398028128725	YOR348C
YLR130C	0.659282328476	YCR010C
YLR130C	0.0141502901032	YJR110W
YLR130C	0.902472532125	YMR193W
YLR130C	0.235831570728	YNR028W
YLR130C	0.993890391153	YOR302W
YLR130C	0.0312414407894	YPL036W
YLR267W	0.017318821629	YHR136C
YLR267W	0.866839478336	YPL265W
YLR267W	0.021148189931	YLR327C
YHR029C	0.0325400702891	YBL103C
YHR029C	0.0468450978874	YER040W
YHR029C	0.0529460397022	YGR142W
YHR029C	0.0163181398672	YDR171W
YHR029C	0.00632019740966	YGR043C
YHR029C	0.475991954779	YHR018C
YHR029C	0.102966702422	YDL170W
YHR029C	0.147990241382	YCR010C
YHR029C	0.0527950660062	YPL061W
YHR029C	0.956165048895	YJL172W
YHR029C	0.137866728123	YNR064C
YHR029C	0.024535521933	YJL088W
YHR029C	0.43341656182	YNR028W
YHR029C	0.164723122024	YPR002W
YHR029C	0.0828533186221	YLL033W
YHR029C	1.0	YOR302W
YHR029C	0.134051192251	YAL062W
YOL014W	0.0674163784576	YGR067C
YOL014W	0.10362325035	YJR094C
YNR053C	0.0764171097083	YNL036W
YNR053C	0.0160998377126	YDR171W
YNR053C	0.0213510583579	YOR348C
YNR053C	0.117099872887	YPL111W
YNR053C	0.0184779108056	YJR110W
YNR053C	0.0934431186535	YGL254W
YNR053C	0.122322069636	YLR174W
YNR053C	0.25960943386	YDL018C
YNR053C	0.00336976317098	YIL136W
YNR053C	0.014771932954	YGR183C
YNR053C	0.109429641066	YJR148W
YNR053C	0.344907565541	YPL265W
YNR053C	0.513182289885	YKR056W
YNR053C	0.0592112587776	YCL064C
YNR053C	0.0580803480711	YLR327C
YNR053C	0.385510107846	YDL091C
YNR053C	0.0142453873752	YHL028W
YNR053C	0.0448302085362	YIL155C
YNR053C	1.0	YLL011W
YNR053C	0.0689795775666	YDR258C
YNR053C	0.147032882673	YLL033W
YNR053C	0.00827032697105	YPL036W
YNR053C	0.344337157203	YOR056C
YNR053C	0.0317080131917	YOL014W
YNR053C	0.0995733108235	YLR258W
YNR053C	0.186165765725	YDR380W
YNR053C	0.14338568961	YDL110C
YNR053C	0.166935468894	YKL062W
YLR258W	0.039842865328	YHR136C
YLR258W	0.046421127171	YIL136W
YLR258W	0.116355175289	YIL037C
YLR258W	0.382456942407	YDR258C
YLR258W	0.116201397569	YOL014W
YLR258W	0.536512144607	YER067W
YLR258W	0.23896385599	YGL229C
YLR258W	0.902293848613	YHR087W
YLR258W	0.85009843749	YKL062W
YDR380W	0.112577671761	YDR384C
YDR380W	0.331095596554	YOR388C
YDR380W	0.00411067468671	YMR193W
YDR380W	0.913953515232	YKL071W
YDR380W	0.0609550337225	YAL062W
YLL034C	0.0462336996232	YKL112W
YLL034C	0.028558215281	YER040W
YLL034C	0.0676937297383	YML123C
YLL034C	0.15993165031	YBR054W
YLL034C	0.0651667532633	YDR384C
YLL034C	0.524497612764	YLR009W
YLL034C	0.424022367483	YPL012W
YLL034C	0.181777918538	YOR100C
YLL034C	0.302690295586	YNR046W
YLL034C	0.854576933521	YER002W
YLL034C	0.0695365160119	YKR056W
YLL034C	0.28171380269	YDL091C
YLL034C	0.175310084769	YHR051W
YLL034C	0.043055931418	YMR229C
YLL034C	0.224196026804	YOR206W
YLL034C	0.163609949722	YLR276C
YLL034C	0.0773200515804	YKR009C
YLL034C	0.0329870613381	YDR361C
YLL034C	0.0560998386445	YFR022W
YLL034C	0.481799625699	YOR056C
YLL034C	0.0788657896139	YBL042C
YLL034C	0.046549482129	YLR130C
YLL034C	0.0518463358474	YLR258W
YDL110C	0.0317882941198	YOR348C
YDL110C	0.0647505211362	YBR054W
YDL110C	0.0650633832007	YDR384C
YDL110C	0.129675079079	YKR075C
YDL110C	0.0254169565748	YPL111W
YDL110C	0.0633123717117	YDL018C
YDL110C	0.0033473836245	YIL136W
YDL110C	0.269961049854	YGR183C
YDL110C	0.0477508677104	YPL265W
YDL110C	0.0727899586834	YLR327C
YDL110C	0.0146816360901	YHL028W
YDL110C	0.071090642008	YIL155C
YDL110C	0.25403333953	YLL011W
YDL110C	0.191446493632	YLR258W
YDL110C	0.0461852958924	YKL062W
YER067W	0.721922391287	YDR171W
YER067W	0.474155404556	YCR021C
YER067W	0.0807852323441	YAL054C
YER067W	0.123098748417	YOR348C
YER067W	0.0480703281192	YCR010C
YER067W	0.918225711368	YER150W
YER067W	0.0188426059143	YMR169C
YER067W	0.134632128698	YER158C
YER067W	0.793672522761	YDL160C
YER067W	1.0	YLR327C
YER067W	0.0362070683253	YIL155C
YER067W	0.808286239377	YDR258C
YER067W	0.00645596878629	YNL194C
YER067W	0.581271777088	YLL033W
YER067W	0.127706136346	YLR258W
YER067W	0.76103614401	YGL229C
YER067W	0.0674794063887	YKL040C
YER067W	0.131127671851	YHR087W
YLR178C	0.376307444776	YMR280C
YLR178C	0.228457152341	YGR043C
YLR178C	0.206747407091	YAL054C
YLR178C	0.158908663853	YFL014W
YLR178C	0.0137308830182	YMR169C
YLR178C	0.995793453891	YIL136W
YLR178C	0.160715631204	YER158C
YLR178C	0.18176182014	YGR067C
YLR178C	0.282371888206	YJL063C
YLR178C	0.31700270025	YDR043C
YLR178C	9.41076964701e-05	YNL194C
YLR178C	0.868966771669	YKL015W
YLR178C	0.815193173508	YDR361C
YLR178C	0.939044966277	YAL062W
YLR178C	0.151618263874	YDR380W
YLR178C	0.186418336734	YGL229C
YLR178C	0.190913921245	YKL062W
YGL229C	0.0596911868671	YOR032C
YOR032C	1.0	YER158C
YOR032C	0.722172698431	YDR043C
YOR032C	0.638447971215	YKL015W
YHR216W	0.268685736355	YML123C
YHR216W	0.46258693517	YPL061W
YHR216W	0.0179689368368	YDL160C
YHR216W	0.918927642548	YJR094C
YHR216W	0.0783614123054	YJL217W
YJL153C	0.470673925226	YOR388C
YJL153C	0.0202104521293	YJR094C
YJL153C	0.105317246331	YNL270C
YKL040C	0.857121815129	YJR110W
YKL040C	1.0	YDL018C
YKL040C	0.0576192846544	YGR183C
YKL040C	0.777774618195	YNR028W
YKL040C	0.114389840743	YLL033W
YKL040C	0.167450791389	YNL270C
YKL040C	0.279596440827	YJL153C
YHR087W	0.0408281411787	YHR136C
YHR087W	0.254483366538	YDR171W
YHR087W	0.525844595444	YCR021C
YHR087W	0.0677477730452	YFL014W
YHR087W	0.577361638752	YOR348C
YHR087W	0.396852578904	YER150W
YHR087W	0.575873353117	YIL136W
YHR087W	0.0529640327686	YJL063C
YHR087W	0.168040153333	YDL160C
YHR087W	0.0489459885426	YLR327C
YHR087W	0.835179760239	YIL155C
YHR087W	0.0678111797188	YNL194C
YHR087W	0.872293863654	YLR258W
YHR087W	0.383347164409	YER067W
YKL062W	0.0447419093709	YKL112W
YKL062W	0.0232502787407	YHR136C
YKL062W	0.00528195242874	YGR043C
YKL062W	0.860419698377	YFL014W
YKL062W	0.163485895563	YDR384C
YKL062W	0.0189390798175	YIL136W
YKL062W	0.0849339121779	YJL063C
YKL062W	0.364227113905	YHR051W
YKL062W	0.966997567865	YHL028W
YKL062W	0.144826296663	YIL155C
YKL062W	0.0456895779613	YDR043C
YKL062W	0.0502796132903	YDR258C
YKL062W	0.0860464847681	YKL071W
YKL062W	0.98342128657	YKR009C
YKL062W	0.0317697957304	YDR361C
YKL062W	0.00116929401414	YOR302W
YKL062W	1.0	YLR258W
YKL062W	0.848381736126	YDR380W
YKL062W	0.0780700615724	YER067W
YKL062W	0.234756555709	YLR178C
YKL062W	0.359615767731	YOR032C
