YBL103C	0.0333383064249	YER040W
YBL103C	0.0165923618402	YDL170W
YBL103C	0.000406613674489	YCR010C
YBL103C	0.00626914164769	YDR384C
YBL103C	0.00947683721082	YOR388C
YBL103C	0.0472862655942	YJR110W
YBL103C	2.10038356029e-05	YDL160C
YBL103C	0.00063036481019	YJL088W
YBL103C	0.00107375240207	YNR028W
YBL103C	0.0114884080823	YDR043C
YBL103C	0.032672515434	YKL071W
YBL103C	0.156797938769	YPR002W
YBL103C	0.00931199462179	YLL033W
YBL103C	0.0142045513562	YOR302W
YBL103C	0.00225639295064	YPL036W
YBL103C	0.00548482825249	YJL217W
YBL103C	2.11205438659e-08	YHR029C
YBL103C	0.0132935483886	YOR032C
YBL103C	0.000587084693993	YKL040C
YKL112W	0.0010994473232	YDR216W
YKL112W	0.00012698731165	YGR043C
YKL112W	0.00782014816929	YDR384C
YKL112W	0.0861193599951	YPL061W
YKL112W	8.43488313432e-06	YMR169C
YKL112W	0.0303493708179	YIL037C
YKL112W	1.76462940285e-05	YMR229C
YKL112W	0.0365160814307	YDR043C
YKL112W	0.0151869741893	YKL015W
YKL112W	0.0522317798557	YDR361C
YKL112W	1.4028005704e-05	YOR302W
YKL112W	0.0054056302108	YOR032C
YKL112W	0.0622374292186	YJL153C
YDR216W	0.000404212647274	YMR280C
YDR216W	3.57308338402e-09	YFL014W
YDR216W	0.000547361214681	YOR348C
YDR216W	0.893672070254	YBR054W
YDR216W	0.600367246938	YCR010C
YDR216W	8.75922504278e-08	YER150W
YDR216W	7.4765368697e-06	YMR169C
YDR216W	0.985912894896	YLR174W
YDR216W	0.0083405474238	YIL037C
YDR216W	0.963363058017	YLR327C
YDR216W	0.00197177109757	YJR094C
YDR216W	0.000894936321366	YKL071W
YDR216W	0.0222771318736	YNL270C
YDR216W	0.575929013809	YHR216W
YDR216W	7.17127331322e-07	YKL040C
YMR280C	4.83218053737e-08	YFL014W
YMR280C	0.853190290491	YOR348C
YMR280C	0.0166890085981	YBR054W
YMR280C	7.01293809002e-08	YER150W
YMR280C	0.0772600285271	YJL063C
YMR280C	6.56508745226e-05	YLR327C
YMR280C	0.00148632599671	YHL028W
YMR280C	0.00194744252404	YIL155C
YMR280C	0.0114364079735	YLL011W
YMR280C	1.52107390691e-13	YNL194C
YER040W	0.506305905101	YBL103C
YER040W	0.00249741735037	YDR216W
YER040W	0.541624902155	YGR142W
YER040W	0.204586303121	YHR018C
YER040W	0.00943170958899	YDL170W
YER040W	0.0553821000011	YCR010C
YER040W	0.0148916490156	YDR384C
YER040W	0.0156905719216	YKR075C
YER040W	0.00559792829651	YLR009W
YER040W	0.00250142526201	YJL172W
YER040W	0.110157032794	YJR110W
YER040W	0.00248497768454	YOR206W
YER040W	0.00181381407407	YJL088W
YER040W	0.00199296023262	YNR028W
YER040W	0.007279357938	YDR361C
YER040W	0.0348525666979	YLL033W
YER040W	0.000313303038135	YOR302W
YER040W	0.00172038540888	YLR267W
YER040W	2.8320941051e-07	YHR029C
YER040W	2.30745703626e-05	YKL040C
YGR142W	0.469604524895	YDR216W
YGR142W	0.000365259219077	YCR010C
YGR142W	0.0545502404634	YPL061W
YGR142W	1.0	YKR075C
YGR142W	0.00482512966027	YPL012W
YGR142W	0.000701546202406	YJR110W
YGR142W	0.0410244113561	YKR056W
YGR142W	0.00927409517366	YKL071W
YGR142W	0.000126365642309	YLR438W
YGR142W	0.208684223404	YDR361C
YGR142W	0.00703721788872	YDR523C
YGR142W	0.000914320618891	YLR267W
YGR142W	0.000242422347335	YLR178C
YGR142W	1.18725543255e-06	YKL040C
YNL036W	0.0178287373919	YPL111W
YML123C	1.0	YHR136C
YML123C	0.000511652009754	YPL012W
YML123C	0.459780946802	YIL037C
YML123C	0.0287639896251	YGL009C
YML123C	0.0564831825823	YHR216W
YHR136C	1.0	YML123C
YHR136C	0.0197126358307	YPL111W
YHR136C	0.304938089086	YIL037C
YHR136C	0.974616672048	YLR438W
YHR136C	0.0605818022375	YGL009C
YHR136C	0.000651424676555	YDR380W
YHR136C	0.0117428943175	YOR032C
YHR136C	0.0120061635983	YHR216W
YDR171W	0.289990483895	YCR021C
YDR171W	0.00185069542616	YOR348C
YDR171W	0.106327929746	YBR054W
YDR171W	0.363003283134	YCR010C
YDR171W	0.000865694016866	YER150W
YDR171W	0.277083311895	YGL254W
YDR171W	4.28435967857e-06	YIL136W
YDR171W	0.0264408655001	YDL160C
YDR171W	0.0347085776124	YLR327C
YDR171W	0.0971151466613	YHL028W
YDR171W	2.70168745537e-05	YJL088W
YDR171W	1.0	YLL033W
YDR171W	2.87138976948e-06	YLR130C
YDR171W	0.115410037373	YER067W
YDR171W	0.0141739859601	YOR032C
YDR171W	0.000163058454368	YKL040C
YDR171W	0.075135531525	YHR087W
YCR021C	0.000211000575552	YHR136C
YCR021C	0.0242513608603	YKR075C
YGR043C	0.000280973084663	YMR280C
YGR043C	2.158472748e-08	YFL014W
YGR043C	0.389268270224	YPL061W
YGR043C	0.999248842052	YMR169C
YGR043C	0.580897786187	YGR067C
YGR043C	0.00364097478508	YJR094C
YGR043C	0.174669937498	YDR043C
YGR043C	1.246799303e-12	YNL194C
YGR043C	0.0401354408197	YKL015W
YGR043C	0.268542909243	YGL009C
YGR043C	0.0364829623429	YNL270C
YGR043C	0.171504122117	YFR022W
YGR043C	0.105337535495	YAL062W
YGR043C	0.664349237597	YPL036W
YGR043C	0.189664864098	YOL014W
YGR043C	0.00564379193159	YHR216W
YHR018C	0.00809640336061	YBL103C
YHR018C	0.835249672924	YKL112W
YHR018C	0.985216538805	YER040W
YHR018C	0.00385613912017	YGR142W
YHR018C	0.011620659645	YNL036W
YHR018C	0.00365589642646	YML123C
YHR018C	0.00713068386075	YCR021C
YHR018C	0.000652486180779	YGR043C
YHR018C	0.984219583098	YDL170W
YHR018C	0.000420131939858	YCR010C
YHR018C	0.0220977732402	YDR384C
YHR018C	0.005885333697	YPL061W
YHR018C	0.116683371445	YKR075C
YHR018C	0.0145609247572	YLR009W
YHR018C	0.025728152659	YPL111W
YHR018C	0.107142586087	YJL172W
YHR018C	0.00144938190015	YPL012W
YHR018C	0.0231308541018	YGL254W
YHR018C	0.0906203200157	YJR148W
YHR018C	0.00474853816113	YNR064C
YHR018C	0.00349602920159	YGR067C
YHR018C	0.0752291010909	YKR056W
YHR018C	0.01120408919	YJL063C
YHR018C	0.0231518199854	YHR051W
YHR018C	3.29974600942e-05	YMR229C
YHR018C	0.013624947004	YOR206W
YHR018C	0.998579969249	YJL088W
YHR018C	0.0045219774372	YNR028W
YHR018C	0.353241369694	YLR438W
YHR018C	0.00414053777578	YNL037C
YHR018C	0.355877365663	YDR361C
YHR018C	0.0235964535609	YLL033W
YHR018C	0.068430411187	YAL062W
YHR018C	0.0634991171263	YDR523C
YHR018C	0.0237628313669	YBL042C
YHR018C	0.0960269617966	YLR267W
YHR018C	0.453862829266	YHR029C
YHR018C	0.00592256392356	YNR053C
YHR018C	0.00110450047726	YLR258W
YHR018C	0.0654055135332	YDL110C
YHR018C	0.0232620794038	YLR178C
YAL054C	0.0478128021978	YNL036W
YAL054C	7.71193653693e-07	YML123C
YAL054C	0.000808820334009	YGR043C
YAL054C	0.0391319775905	YKR075C
YAL054C	0.00781925144295	YLR009W
YAL054C	0.0270118987014	YOR100C
YAL054C	3.39925574247e-05	YMR169C
YAL054C	0.0107600516295	YNR046W
YAL054C	9.92178393921e-05	YMR193W
YAL054C	6.97639275175e-05	YDL018C
YAL054C	0.0533675789292	YGR067C
YAL054C	0.00291421840632	YOR206W
YAL054C	0.00552809796138	YLL011W
YAL054C	0.0107625314106	YLR276C
YAL054C	0.0138911797939	YNL037C
YAL054C	0.00561061391641	YLL033W
YAL054C	0.0504993839547	YAL062W
YAL054C	0.0297104976518	YDR523C
YAL054C	0.05854235609	YLR267W
YAL054C	2.86961762384e-08	YHR029C
YFL014W	0.605704178372	YDR216W
YFL014W	0.175019363829	YMR280C
YFL014W	0.00585683662093	YHR136C
YFL014W	0.000473143418337	YGR043C
YFL014W	0.000464779300545	YOR348C
YFL014W	0.059636995488	YBR054W
YFL014W	4.28773126664e-05	YER150W
YFL014W	0.000674410871733	YPL012W
YFL014W	0.00130647948389	YIL136W
YFL014W	0.108722201471	YGR067C
YFL014W	0.0145235647183	YDL160C
YFL014W	0.00759651407319	YHL028W
YFL014W	0.0134552760872	YJR094C
YFL014W	0.0880461176741	YIL155C
YFL014W	7.79443620503e-05	YDR258C
YFL014W	0.999520464546	YNL194C
YFL014W	0.0066192256985	YKR009C
YFL014W	0.200137251711	YKL015W
YFL014W	0.087865005576	YGL009C
YFL014W	0.00804169320224	YAL062W
YFL014W	0.0916556565436	YPL036W
YFL014W	0.0153925235572	YJL217W
YFL014W	0.0429512142953	YOL014W
YFL014W	0.0146860089108	YLR258W
YFL014W	0.0371418589987	YDR380W
YFL014W	0.000358048247285	YER067W
YFL014W	0.175339856676	YLR178C
YFL014W	6.52216618782e-05	YHR087W
YFL014W	0.917564892325	YKL062W
YOR348C	0.993255947562	YMR280C
YOR348C	7.30253152797e-07	YDR171W
YOR348C	2.2013595346e-07	YER150W
YOR348C	0.536907428308	YGL254W
YOR348C	0.000279807171159	YDL018C
YOR348C	5.91755431193e-05	YIL136W
YOR348C	0.0624170876891	YGR183C
YOR348C	0.00042458223592	YER158C
YOR348C	0.0777382850917	YPL265W
YOR348C	0.104258306312	YJL063C
YOR348C	3.79418921046e-05	YLR327C
YOR348C	0.837154306297	YHL028W
YOR348C	0.460994904964	YIL155C
YOR348C	0.322639129141	YLL011W
YOR348C	0.00630900292101	YLR130C
YOR348C	0.584078767212	YDL110C
YOR348C	9.71001405345e-06	YER067W
YOR348C	0.00138379986452	YHR087W
YOR348C	6.20839961182e-06	YKL062W
YDL170W	0.438093647979	YBL103C
YDL170W	0.258068178776	YDR216W
YDL170W	0.0671674996795	YER040W
YDL170W	0.097828719467	YGR142W
YDL170W	0.12107906936	YHR018C
YDL170W	0.257449758123	YCR010C
YDL170W	0.00883078124116	YDR384C
YDL170W	0.00955641628046	YKR075C
YDL170W	0.00203256114162	YJL172W
YDL170W	0.830650523487	YJR110W
YDL170W	0.00918774768607	YJL088W
YDL170W	0.0716432043313	YLL033W
YDL170W	0.00104925090202	YOR302W
YDL170W	0.0226875798337	YAL062W
YDL170W	0.001066331765	YLR267W
YDL170W	1.27950540327e-06	YHR029C
YDL170W	0.000530940900505	YKL040C
YBR054W	0.000104474982619	YHR136C
YBR054W	0.049280168209	YCR021C
YBR054W	2.82117035333e-08	YER150W
YBR054W	0.0969232778597	YLR174W
YBR054W	0.00612541545967	YDL160C
YBR054W	1.40065672321e-06	YLR327C
YBR054W	0.0106699803078	YJR094C
YBR054W	0.218495329466	YGL009C
YBR054W	0.019048625593	YFR022W
YBR054W	0.0594973177247	YOR032C
YBR054W	0.00867169488807	YHR216W
YCR010C	0.0959397501786	YDR216W
YCR010C	2.66951404217e-08	YDR171W
YCR010C	0.0467671907315	YDL160C
YCR010C	3.48253891756e-06	YLR327C
YCR010C	4.79011711759e-07	YOR302W
YCR010C	4.0124816366e-07	YLR130C
YCR010C	0.00822619967317	YOR032C
YCR010C	1.09093837155e-06	YKL040C
YDR384C	1.33411715118e-07	YML123C
YDR384C	0.00669041369504	YPL061W
YDR384C	0.0127841517623	YPL012W
YDR384C	7.96954672577e-06	YMR169C
YDR384C	0.000143836869625	YGR183C
YDR384C	0.0115768103924	YJL063C
YDR384C	0.0456179605624	YHR051W
YDR384C	2.86292020939e-05	YJL088W
YDR384C	0.00142776734234	YKL071W
YDR384C	0.00779406513007	YLR276C
YDR384C	0.000491851490889	YLR267W
YDR384C	0.00160966837978	YDR380W
YDR384C	0.0205737552151	YDL110C
YDR384C	4.21750116363e-07	YKL040C
YER150W	0.00222744633106	YDR216W
YER150W	0.000191912312337	YMR280C
YER150W	0.000322368495003	YHR136C
YER150W	6.4779107462e-08	YDR171W
YER150W	2.68422962161e-07	YFL014W
YER150W	0.000976141270505	YCR010C
YER150W	4.60293497084e-05	YMR169C
YER150W	0.00116044275007	YIL136W
YER150W	0.0264453133708	YER158C
YER150W	0.00140784746627	YDL160C
YER150W	0.000254704022508	YLR327C
YER150W	0.00945272868912	YIL155C
YER150W	6.88910084659e-05	YNL194C
YER150W	0.0264520136191	YGL009C
YER150W	0.00152051062969	YNL270C
YER150W	0.0206818791761	YFR022W
YER150W	0.016608962446	YJL217W
YER150W	0.50892549586	YER067W
YER150W	4.92608242901e-06	YKL040C
YER150W	0.00103369221333	YHR087W
YPL061W	0.000130568395985	YKL112W
YPL061W	3.55882498085e-05	YDL160C
YPL061W	0.00167549180116	YJR094C
YPL061W	0.000110782992989	YJL088W
YPL061W	0.00321073871581	YDR043C
YPL061W	9.55664447873e-06	YOR302W
YPL061W	0.0443261104572	YPL036W
YPL061W	0.0134065733535	YOR032C
YPL061W	0.116662371476	YHR216W
YLR009W	0.0203493867075	YBL103C
YLR009W	0.00369322451024	YKL112W
YLR009W	0.00473362964374	YER040W
YLR009W	0.0041407043234	YGR142W
YLR009W	0.161707883314	YNL036W
YLR009W	0.0999734370772	YML123C
YLR009W	0.156315820921	YCR021C
YLR009W	9.0455049364e-05	YGR043C
YLR009W	0.0522137357941	YHR018C
YLR009W	0.222396204392	YAL054C
YLR009W	6.63287058533e-05	YDL170W
YLR009W	0.0189530682143	YBR054W
YLR009W	0.010140213526	YDR384C
YLR009W	0.118669440445	YKR075C
YLR009W	0.0179283481269	YPL111W
YLR009W	0.0680555535181	YJL172W
YLR009W	0.0469660445332	YPL012W
YLR009W	0.240668916441	YOR100C
YLR009W	3.55111814293e-05	YMR169C
YLR009W	0.245700207429	YNR046W
YLR009W	6.99655818849e-05	YMR193W
YLR009W	0.11151217138	YGL254W
YLR009W	0.128557791626	YER002W
YLR009W	0.000114906469056	YDL018C
YLR009W	3.98595926937e-05	YGR183C
YLR009W	0.182396310485	YJR148W
YLR009W	0.285198939593	YNR064C
YLR009W	0.0400915998263	YKR056W
YLR009W	0.175002150172	YCL064C
YLR009W	0.0161874143734	YJL063C
YLR009W	0.310000903565	YDL091C
YLR009W	0.0579415144781	YHR051W
YLR009W	0.136407206294	YMR229C
YLR009W	0.434659268071	YOR206W
YLR009W	5.32358724584e-05	YJL088W
YLR009W	0.0191390088242	YLL011W
YLR009W	0.000531996846255	YNR028W
YLR009W	0.267055248474	YLR276C
YLR009W	0.123164438598	YLR438W
YLR009W	0.161153887395	YNL037C
YLR009W	0.126049085155	YKR009C
YLR009W	0.102993011851	YPR002W
YLR009W	0.114762471499	YLL033W
YLR009W	0.00796824446133	YFR022W
YLR009W	0.0366398911269	YAL062W
YLR009W	0.12088651643	YDR523C
YLR009W	0.274353367419	YOR056C
YLR009W	0.124079803465	YBL042C
YLR009W	0.149131093397	YLR267W
YLR009W	0.000163428107532	YHR029C
YLR009W	0.00310416583482	YNR053C
YLR009W	0.00346313213968	YLR258W
YLR009W	0.00776215092049	YDR380W
YLR009W	0.174851187851	YLL034C
YLR009W	0.020479481752	YDL110C
YLR009W	0.000601472837931	YLR178C
YLR009W	2.32266311107e-07	YKL040C
YPL111W	0.073093992051	YNL036W
YPL111W	7.11371354008e-08	YDR171W
YPL111W	0.000308494229685	YOR348C
YPL111W	0.00735718415576	YJR110W
YPL111W	0.0209887950835	YLR174W
YPL111W	0.00945484252811	YER002W
YPL111W	0.00237298071464	YDL018C
YPL111W	0.00608041082556	YGR183C
YPL111W	0.00310451865399	YER158C
YPL111W	0.00233822372884	YJR148W
YPL111W	0.447194749998	YPL265W
YPL111W	2.06827480162e-06	YLR327C
YPL111W	0.0192475647556	YDL091C
YPL111W	0.00241730421297	YHL028W
YPL111W	0.0161619275843	YLL011W
YPL111W	0.000235176954733	YLR438W
YPL111W	0.00410830576484	YDR523C
YPL111W	0.0167706169701	YPL036W
YPL111W	0.00345099584778	YBL042C
YPL111W	3.75622068451e-05	YLR130C
YPL111W	0.0214444725552	YOL014W
YPL111W	0.0638275862478	YNR053C
YPL111W	0.000918017914355	YDR380W
YPL111W	0.00383538791338	YKL062W
YOR388C	0.01979975586	YIL037C
YOR388C	0.0767359762418	YJR094C
YOR388C	0.0175182403715	YGL009C
YOR388C	1.0	YJL217W
YOR388C	0.834360067015	YJL153C
YJL172W	0.0280045541129	YBL103C
YJL172W	0.0867650238175	YKL112W
YJL172W	0.00456908650069	YER040W
YJL172W	6.80617733049e-05	YML123C
YJL172W	0.0824500576757	YCR021C
YJL172W	0.00102055891893	YGR043C
YJL172W	0.0230176975893	YHR018C
YJL172W	0.796100514058	YAL054C
YJL172W	0.00936447724874	YDL170W
YJL172W	0.0499980731081	YDR384C
YJL172W	0.195270896458	YKR075C
YJL172W	0.076972718639	YLR009W
YJL172W	0.00136799040122	YPL012W
YJL172W	0.0839522801614	YOR100C
YJL172W	1.9711930296e-05	YMR169C
YJL172W	0.0886503997778	YNR046W
YJL172W	0.0238306046816	YGL254W
YJL172W	0.000286377197529	YER002W
YJL172W	0.121382673108	YJR148W
YJL172W	0.0214324539467	YNR064C
YJL172W	0.00244115903271	YGR067C
YJL172W	0.012605877481	YKR056W
YJL172W	0.197503649669	YCL064C
YJL172W	0.00985818407699	YDL091C
YJL172W	0.0281164858208	YMR229C
YJL172W	0.11763379344	YOR206W
YJL172W	0.000435834330867	YJL088W
YJL172W	0.195427116913	YNR028W
YJL172W	0.170598658252	YLR276C
YJL172W	0.169065704801	YLR438W
YJL172W	0.0473990321166	YNL037C
YJL172W	0.078333820175	YDR361C
YJL172W	0.0348307879154	YLL033W
YJL172W	0.607865344023	YAL062W
YJL172W	0.18624358479	YDR523C
YJL172W	0.0200196136148	YBL042C
YJL172W	0.0884912984698	YLR267W
YJL172W	0.545368154133	YHR029C
YJL172W	0.00172653717152	YLR258W
YJL172W	0.00304960387244	YLL034C
YJL172W	0.0681330453995	YDL110C
YJL172W	0.00662426135223	YLR178C
YJL172W	4.14792482521e-07	YKL040C
YPL012W	0.00243566504098	YBL103C
YPL012W	0.0276451698894	YKL112W
YPL012W	0.000400798882052	YER040W
YPL012W	0.756434121618	YGR142W
YPL012W	0.123604157784	YNL036W
YPL012W	0.478773085277	YML123C
YPL012W	0.257353802661	YCR021C
YPL012W	0.000146949535118	YGR043C
YPL012W	0.345085883435	YHR018C
YPL012W	0.147532232678	YAL054C
YPL012W	5.21640482038e-05	YDL170W
YPL012W	0.0239566181125	YBR054W
YPL012W	0.933392873945	YDR384C
YPL012W	0.0334053613844	YKR075C
YPL012W	0.28263671387	YLR009W
YPL012W	0.0174352503209	YPL111W
YPL012W	0.11092427484	YJL172W
YPL012W	3.50259806467e-05	YMR169C
YPL012W	0.0862675633699	YNR046W
YPL012W	0.306410032279	YGL254W
YPL012W	0.0976301643524	YER002W
YPL012W	0.00012436336057	YDL018C
YPL012W	0.148498048324	YJR148W
YPL012W	0.0170033932381	YNR064C
YPL012W	0.239286662362	YKR056W
YPL012W	0.147476560276	YCL064C
YPL012W	0.0101359264353	YJL063C
YPL012W	0.0262470615783	YDL091C
YPL012W	0.123854048353	YHR051W
YPL012W	0.00130428324722	YMR229C
YPL012W	0.995964441037	YOR206W
YPL012W	0.000762958320442	YJL088W
YPL012W	0.0127243992545	YLL011W
YPL012W	0.0204773990873	YKL071W
YPL012W	0.136488203731	YLR276C
YPL012W	0.0230843006922	YLR438W
YPL012W	0.099020768681	YNL037C
YPL012W	0.0272136657885	YKR009C
YPL012W	0.060142719128	YPR002W
YPL012W	0.43460247746	YDR361C
YPL012W	0.0455103508607	YLL033W
YPL012W	0.0843841490253	YAL062W
YPL012W	0.0480322640001	YDR523C
YPL012W	0.00571958685824	YOR056C
YPL012W	0.0417120554351	YBL042C
YPL012W	0.122730076991	YLR267W
YPL012W	3.73619530277e-06	YHR029C
YPL012W	0.00351924356603	YLR258W
YPL012W	0.904363943657	YDR380W
YPL012W	0.798065533584	YLL034C
YPL012W	0.0116752476915	YLR178C
YOR100C	0.00045546556509	YBL103C
YOR100C	3.09240369588e-05	YKL112W
YOR100C	0.0200216906459	YNL036W
YOR100C	0.00237162974188	YGR043C
YOR100C	0.0718879930638	YAL054C
YOR100C	0.00865815384748	YDR384C
YOR100C	0.0168189621651	YPL061W
YOR100C	0.00278905776367	YLR009W
YOR100C	0.0511837735369	YNR064C
YOR100C	0.911945545689	YGR067C
YOR100C	0.00397848058787	YHR051W
YOR100C	0.00233065998384	YOR206W
YOR100C	0.00659021946431	YLL011W
YOR100C	0.00314926245629	YDR043C
YOR100C	0.0202145593265	YKL015W
YOR100C	0.0157115666446	YPR002W
YOR100C	0.0282599855011	YDR361C
YOR100C	0.000568496755784	YLR267W
YOR100C	0.0503098535643	YOL014W
YOR100C	0.00352506852376	YLL034C
YMR169C	0.0164884401575	YDR216W
YMR169C	3.87335567043e-05	YHR136C
YMR169C	0.977548393069	YGR043C
YMR169C	3.78886242234e-06	YER150W
YMR169C	0.00651882701916	YPL061W
YMR169C	0.00041036011356	YDL160C
YMR169C	4.60370087619e-06	YLR327C
YMR169C	0.0317464904518	YJR094C
YMR169C	0.00102841951475	YIL155C
YMR169C	0.0126882307182	YDR043C
YMR169C	0.99994408291	YNL194C
YMR169C	0.106799915432	YKL015W
YMR169C	0.00470588649677	YNL270C
YMR169C	0.117193556608	YFR022W
YMR169C	0.0512681088712	YOL014W
YMR169C	0.285461891072	YHR216W
YNR046W	0.00628635860335	YBL103C
YNR046W	0.000289268215188	YKL112W
YNR046W	0.000707986377012	YER040W
YNR046W	0.0360729050092	YNL036W
YNR046W	0.0224040327377	YML123C
YNR046W	6.02617826027e-05	YGR043C
YNR046W	0.172748703727	YAL054C
YNR046W	1.5354393332e-05	YDL170W
YNR046W	0.00355377954744	YDR384C
YNR046W	0.112120176851	YKR075C
YNR046W	0.210983174101	YLR009W
YNR046W	0.0015092074339	YJL172W
YNR046W	0.00519264429815	YPL012W
YNR046W	0.0269611139824	YOR100C
YNR046W	4.19328023197e-05	YMR169C
YNR046W	0.000186206118058	YMR193W
YNR046W	0.00892787849636	YER002W
YNR046W	0.000804508258377	YDL018C
YNR046W	6.3205422187e-05	YGR183C
YNR046W	0.00612595194351	YJR148W
YNR046W	0.0694131199417	YNR064C
YNR046W	0.0219174088494	YKR056W
YNR046W	0.0128650901346	YCL064C
YNR046W	0.0143187076087	YDL091C
YNR046W	0.038044327222	YHR051W
YNR046W	0.0171538459661	YMR229C
YNR046W	0.0419629810021	YOR206W
YNR046W	0.0144334088663	YLL011W
YNR046W	0.00194893465146	YNR028W
YNR046W	0.237258832673	YLR276C
YNR046W	0.022938466832	YLR438W
YNR046W	0.0822692015423	YNL037C
YNR046W	0.0503819608018	YKR009C
YNR046W	0.0566412309906	YLL033W
YNR046W	0.046553203278	YAL062W
YNR046W	0.19387272068	YDR523C
YNR046W	0.131284895091	YOR056C
YNR046W	0.326282063581	YBL042C
YNR046W	0.0332552805924	YLR267W
YNR046W	7.02463554496e-05	YHR029C
YNR046W	0.00385754704788	YNR053C
YNR046W	0.00224244266782	YLR258W
YNR046W	0.454754816417	YLL034C
YNR046W	0.156659352641	YDL110C
YNR046W	0.00038349324035	YLR178C
YNR046W	2.61508133644e-07	YKL040C
YJR110W	0.00373369759893	YNR053C
YJR110W	3.80645821407e-05	YKL040C
YMR193W	1.0	YJL063C
YMR193W	1.0	YDL160C
YMR193W	0.0421159796286	YKL071W
YMR193W	2.75565525053e-08	YLR130C
YMR193W	0.0100336092518	YOR032C
YGL254W	0.0107584456845	YKR075C
YGL254W	0.018929607623	YKL015W
YLR174W	0.000684762025562	YDR216W
YLR174W	7.0872811317e-05	YMR193W
YLR174W	0.00539596908073	YGL009C
YLR174W	0.0299587428951	YNL270C
YLR174W	0.0502794662919	YFR022W
YLR174W	0.0340679840699	YOL014W
YER002W	3.08291147057e-06	YML123C
YER002W	0.0320750348132	YBR054W
YER002W	0.0180866541333	YPL111W
YER002W	7.91427492798e-05	YGR183C
YER002W	0.000355648045341	YER158C
YER002W	0.000932900259254	YPL265W
YER002W	0.0214400441996	YJL063C
YER002W	0.00556009489371	YBL042C
YER002W	0.0100485712382	YNR053C
YER002W	0.00916742771046	YLL034C
YDL018C	5.34020568714e-05	YHR136C
YDL018C	0.000379609228133	YMR193W
YDL018C	0.0901607112419	YLR174W
YDL018C	0.0167522204325	YGR183C
YDL018C	0.00447413916001	YJR094C
YDL018C	0.121187800183	YJL153C
YDL018C	1.0	YKL040C
YIL136W	0.766321015266	YMR280C
YIL136W	5.65500819874e-05	YHR136C
YIL136W	0.00224343052812	YFL014W
YIL136W	0.0063750306036	YOR348C
YIL136W	1.05426397761e-05	YER150W
YIL136W	0.0020807357836	YER158C
YIL136W	0.0614166308361	YGR067C
YIL136W	0.0716520796703	YJL063C
YIL136W	4.63144367384e-05	YDL160C
YIL136W	0.00717507053421	YIL037C
YIL136W	0.0331691864121	YHR051W
YIL136W	0.00645170340123	YHL028W
YIL136W	0.00766901865088	YIL155C
YIL136W	0.0153814411248	YDR043C
YIL136W	0.432733659775	YDR258C
YIL136W	0.000466201154373	YNL194C
YIL136W	0.214918637154	YKR009C
YIL136W	0.0679979353251	YGL009C
YIL136W	0.0129012209003	YPL036W
YIL136W	0.0204942798499	YJL217W
YIL136W	0.00611777458829	YDR380W
YIL136W	0.000179226690464	YER067W
YIL136W	0.818064063011	YLR178C
YIL136W	0.0109533395613	YGL229C
YIL136W	0.991750325021	YHR087W
YIL136W	0.00772946074482	YKL062W
YGR183C	0.00131628751953	YMR193W
YGR183C	5.67696904777e-05	YDL018C
YGR183C	0.953366661172	YHR051W
YER158C	0.0883674544326	YHL028W
YER158C	0.104035378181	YDR043C
YER158C	0.0165453770685	YKL015W
YER158C	1.0	YOR032C
YER158C	0.0070633742412	YHR216W
YER158C	0.00841820982117	YJL153C
YJR148W	5.54772412919e-09	YML123C
YJR148W	0.0164900378242	YBR054W
YJR148W	0.0338591917533	YPL111W
YJR148W	0.0138342342629	YLR174W
YJR148W	0.000404245756183	YDL018C
YJR148W	3.2110520326e-05	YGR183C
YJR148W	0.00381526393813	YPL265W
YJR148W	0.0441321961327	YKR056W
YJR148W	0.00802777366552	YLL011W
YJR148W	0.0169979331417	YNR053C
YJR148W	5.04569024439e-06	YKL062W
YNR064C	6.64897020455e-05	YKL112W
YNR064C	0.130753463304	YPL061W
YNR064C	0.00660640062948	YOR388C
YNR064C	0.0237221553647	YOR100C
YNR064C	0.0139212842256	YLR174W
YNR064C	0.00338068834578	YGR067C
YNR064C	0.000587047766719	YOR206W
YNR064C	0.0375742785869	YKL015W
YNR064C	0.0313205545031	YOL014W
YNR064C	0.00756841862057	YJL153C
YGR067C	4.14886842891e-09	YFL014W
YGR067C	0.046690934258	YBR054W
YGR067C	0.0254615568382	YPL061W
YGR067C	0.203324943068	YLR174W
YGR067C	0.954083754385	YIL037C
YGR067C	0.00222182273864	YKL071W
YGR067C	0.0368090903874	YGL009C
YGR067C	0.116895540487	YNL270C
YGR067C	0.134034244748	YFR022W
YGR067C	0.0506038976183	YAL062W
YGR067C	1.0	YOL014W
YGR067C	0.0587280409651	YGL229C
YGR067C	0.0162262465391	YJL153C
YPL265W	0.000966654311371	YMR280C
YPL265W	0.869365875737	YNL036W
YPL265W	4.30122462042e-05	YHR136C
YPL265W	7.86234287526e-07	YDR171W
YPL265W	0.389153983707	YOR348C
YPL265W	0.0191422804864	YBR054W
YPL265W	1.0	YPL111W
YPL265W	0.977611571505	YJR110W
YPL265W	0.00789183977136	YGL254W
YPL265W	0.0381437349407	YLR174W
YPL265W	0.98517120039	YER002W
YPL265W	0.0378342964497	YDL018C
YPL265W	0.05253134215	YGR183C
YPL265W	0.0217302979678	YER158C
YPL265W	0.949685368906	YJR148W
YPL265W	0.684759116337	YKR056W
YPL265W	0.232830496583	YCL064C
YPL265W	1.20598307111e-06	YLR327C
YPL265W	0.620025817794	YDL091C
YPL265W	0.00655828618368	YHL028W
YPL265W	0.00769989703317	YIL155C
YPL265W	0.0736536380226	YLL011W
YPL265W	0.996846504028	YDR043C
YPL265W	0.192178330346	YDR258C
YPL265W	0.00992159526096	YLR276C
YPL265W	0.985467329366	YDR523C
YPL265W	0.957635975346	YPL036W
YPL265W	0.16827569657	YOR056C
YPL265W	0.977590375257	YBL042C
YPL265W	0.40798367097	YLR130C
YPL265W	1.0	YLR267W
YPL265W	0.504639194361	YNR053C
YPL265W	0.0205696251656	YLR258W
YPL265W	0.00225183171161	YDR380W
YPL265W	0.193443272682	YDL110C
YPL265W	0.534230340068	YGL229C
YPL265W	0.395540556626	YKL062W
YKR056W	6.30694441671e-05	YMR280C
YKR056W	1.22748469813e-10	YML123C
YKR056W	0.0397566899629	YBR054W
YKR056W	0.0733083912939	YPL111W
YKR056W	0.000469202700055	YPL012W
YKR056W	0.00101882916803	YJR110W
YKR056W	0.0506778287702	YLR174W
YKR056W	0.000547264348894	YER002W
YKR056W	0.175955647273	YDL018C
YKR056W	8.42885717643e-06	YIL136W
YKR056W	0.0073532822042	YGR183C
YKR056W	0.00740223411129	YER158C
YKR056W	0.00134220486213	YJR148W
YKR056W	0.13353036676	YPL265W
YKR056W	0.0316475723142	YDL091C
YKR056W	0.00474822239541	YHL028W
YKR056W	0.0672685763399	YLL011W
YKR056W	0.00492455845736	YPL036W
YKR056W	0.176472181809	YOR056C
YKR056W	8.55859691936e-05	YLR130C
YKR056W	0.0278520114264	YOL014W
YKR056W	0.227586722514	YNR053C
YKR056W	0.0180989463433	YLR258W
YKR056W	0.000955126753123	YDR380W
YKR056W	0.0225460602309	YDL110C
YKR056W	0.182508909484	YGL229C
YKR056W	0.0490599109831	YKL062W
YCL064C	1.22558238532e-08	YML123C
YCL064C	0.969838565995	YHR136C
YCL064C	0.0129693383904	YKR075C
YCL064C	0.0245243197755	YPL111W
YCL064C	0.0126162778716	YIL037C
YCL064C	0.000229303106864	YJL088W
YCL064C	0.00226955213713	YLR267W
YJL063C	1.0	YMR193W
YJL063C	0.310405902487	YKL071W
YJL063C	0.0334425302176	YNL037C
YDL160C	0.987285287422	YMR193W
YDL160C	0.983231843922	YNL270C
YDL160C	0.0385599798127	YOL014W
YDL160C	0.638758198444	YOR032C
YDL160C	0.701549815009	YHR216W
YIL037C	0.212506671008	YOR388C
YIL037C	0.00247869563952	YGR067C
YIL037C	0.00169597294976	YNL270C
YIL037C	0.0141137355902	YJL217W
YLR327C	0.187354681579	YDR216W
YLR327C	1.6648470579e-06	YDR171W
YLR327C	0.000944003994088	YOR348C
YLR327C	0.00344351802523	YER150W
YLR327C	0.0162270970326	YOR388C
YLR327C	0.00696928631828	YGL254W
YLR327C	0.000503107776535	YER158C
YLR327C	0.000740335210994	YDL160C
YLR327C	0.00198156260141	YIL155C
YLR327C	1.68721908106e-05	YJL088W
YLR327C	0.0177203989573	YNL270C
YLR327C	0.395065070248	YFR022W
YLR327C	0.00808109637848	YJL217W
YLR327C	0.392302234107	YER067W
YLR327C	0.0154524341515	YOR032C
YLR327C	2.26244663117e-06	YKL040C
YLR327C	0.000226292474672	YHR087W
YDL091C	1.6419350385e-05	YML123C
YDL091C	0.0108173038624	YKR075C
YDL091C	0.00756394520671	YLR009W
YDL091C	0.018523454044	YPL111W
YDL091C	2.31947885114e-05	YMR169C
YDL091C	0.0438990906961	YNR046W
YDL091C	9.69673982901e-05	YMR193W
YDL091C	0.0174879523413	YJL063C
YDL091C	0.000982837101226	YOR206W
YDL091C	0.0088156082893	YLL011W
YDL091C	0.0155819378793	YLR276C
YDL091C	0.00237561781406	YLR438W
YDL091C	0.00486069637958	YNL037C
YDL091C	0.127511320491	YBL042C
YDL091C	0.0963860355032	YOL014W
YDL091C	0.0106036875892	YNR053C
YDL091C	0.000635056590818	YDR380W
YDL091C	0.0186343200682	YLL034C
YHR051W	5.99552319575e-09	YFL014W
YHR051W	0.00228891622428	YDR384C
YHR051W	0.00716442360805	YMR193W
YHR051W	0.999906416512	YGR183C
YHR051W	0.00161992386968	YDR043C
YHR051W	0.00432878129735	YJL217W
YHR051W	0.000759980942776	YDR380W
YHR051W	0.0312918627943	YDL110C
YHR051W	0.0115948837506	YOR032C
YHL028W	3.20662875481e-09	YFL014W
YHL028W	0.272462734038	YBR054W
YHL028W	9.90343311177e-08	YER150W
YHL028W	0.616109584251	YER158C
YHL028W	0.0332135498078	YJL063C
YHL028W	2.02311945185e-05	YDL160C
YHL028W	0.00906844659958	YIL037C
YHL028W	8.23473784937e-06	YKL062W
YMR229C	0.000870915363748	YKL112W
YMR229C	0.974714007703	YGR043C
YMR229C	0.041406544604	YAL054C
YMR229C	0.000214883808095	YCR010C
YMR229C	0.831725361854	YDR384C
YMR229C	0.017523237934	YPL061W
YMR229C	0.0929497170597	YLR009W
YMR229C	0.0197919558299	YJL172W
YMR229C	0.00089903491459	YPL012W
YMR229C	0.159739894747	YOR100C
YMR229C	1.28009508072e-05	YMR169C
YMR229C	0.0382645730785	YNR046W
YMR229C	0.0279841860218	YNR064C
YMR229C	0.00251027848807	YGR067C
YMR229C	0.157319357137	YOR206W
YMR229C	0.158794330876	YNR028W
YMR229C	0.00964609602402	YDR043C
YMR229C	0.107334614087	YLR276C
YMR229C	0.115560334675	YKL015W
YMR229C	0.235715604225	YPR002W
YMR229C	0.0383545315928	YDR361C
YMR229C	0.00765847532935	YLL033W
YMR229C	9.72331745461e-05	YOR302W
YMR229C	0.797252081802	YFR022W
YMR229C	0.000670497343504	YDR523C
YMR229C	0.00432424871972	YLR267W
YMR229C	2.42040660649e-08	YHR029C
YMR229C	0.00229434728335	YLL034C
YMR229C	0.000215037201132	YLR178C
YOR206W	0.0102044674826	YBL103C
YOR206W	0.0248934192233	YKL112W
YOR206W	0.00289087059203	YER040W
YOR206W	0.0471917969213	YGR142W
YOR206W	0.267627836532	YNL036W
YOR206W	0.259544648417	YML123C
YOR206W	0.465161126679	YCR021C
YOR206W	0.000400146894516	YGR043C
YOR206W	0.560669380476	YHR018C
YOR206W	0.261501157255	YAL054C
YOR206W	8.84639825713e-05	YDL170W
YOR206W	0.0184093216745	YBR054W
YOR206W	0.0239005045732	YDR384C
YOR206W	0.0990401659811	YKR075C
YOR206W	0.753342439009	YLR009W
YOR206W	0.0182970453656	YPL111W
YOR206W	0.773002565766	YJL172W
YOR206W	1.0	YPL012W
YOR206W	0.134127852581	YOR100C
YOR206W	3.64295225269e-05	YMR169C
YOR206W	0.586596896601	YNR046W
YOR206W	0.526982390938	YGL254W
YOR206W	0.198476895195	YER002W
YOR206W	6.47300555028e-05	YDL018C
YOR206W	0.415992186665	YJR148W
YOR206W	0.368559308339	YNR064C
YOR206W	0.0743596479863	YKR056W
YOR206W	0.299191207392	YCL064C
YOR206W	0.0184161728826	YJL063C
YOR206W	0.563210361152	YDL091C
YOR206W	0.112477240415	YHR051W
YOR206W	0.170507411592	YMR229C
YOR206W	0.000141676881289	YJL088W
YOR206W	0.012903571076	YLL011W
YOR206W	0.78057978681	YLR276C
YOR206W	0.10899439361	YLR438W
YOR206W	0.304957965074	YNL037C
YOR206W	0.771659460276	YKR009C
YOR206W	0.405368708518	YPR002W
YOR206W	0.575113050888	YDR361C
YOR206W	0.180860071063	YLL033W
YOR206W	0.0554237256391	YFR022W
YOR206W	0.017464345442	YAL062W
YOR206W	0.240745048124	YDR523C
YOR206W	0.275978081939	YOR056C
YOR206W	0.102888640823	YBL042C
YOR206W	0.251896872904	YLR267W
YOR206W	5.08178203578e-05	YHR029C
YOR206W	0.00357851618477	YNR053C
YOR206W	0.00836179220249	YLR258W
YOR206W	0.0856777827648	YDR380W
YOR206W	0.210907277572	YLL034C
YOR206W	0.0177283653989	YDL110C
YOR206W	0.00255490356659	YLR178C
YJR094C	0.020276199031	YJL217W
YJR094C	0.0795976634752	YOL014W
YIL155C	0.00356827510672	YMR280C
YIL155C	7.44304422707e-05	YHR136C
YIL155C	1.68911217853e-08	YDR171W
YIL155C	3.58796039107e-06	YFL014W
YIL155C	0.00473253193605	YOR348C
YIL155C	9.91745932402e-05	YER150W
YIL155C	5.19142602676e-05	YIL136W
YIL155C	0.0704049867399	YER158C
YIL155C	0.00349626110781	YGR067C
YIL155C	6.12805031705e-05	YDL160C
YIL155C	0.000865157793561	YLR327C
YIL155C	0.00168628351605	YDR043C
YIL155C	4.89479845075e-05	YDR258C
YIL155C	5.87744084295e-10	YNL194C
YIL155C	0.0445238525634	YKL015W
YIL155C	0.00162351210467	YPL036W
YIL155C	0.0224318024147	YJL217W
YIL155C	6.24179124388e-05	YER067W
YIL155C	0.000741446728626	YHR087W
YJL088W	4.4548031786e-05	YHR136C
YJL088W	0.111139545589	YCL064C
YJL088W	0.00293259458007	YJR094C
YJL088W	0.0251481509975	YLR438W
YJL088W	0.0332190672839	YLL033W
YJL088W	5.10451600024e-07	YOR302W
YJL088W	0.00210757531055	YLR267W
YLL011W	0.00465321483322	YMR280C
YLL011W	0.0575401322118	YNL036W
YLL011W	1.73418030431e-08	YDR171W
YLL011W	0.576987327147	YOR348C
YLL011W	0.0493511723353	YBR054W
YLL011W	0.0819695442946	YPL111W
YLL011W	0.00324284889863	YJR110W
YLL011W	0.0549479593804	YGL254W
YLL011W	0.0325502363329	YLR174W
YLL011W	0.000833833267008	YER002W
YLL011W	0.487567102389	YDL018C
YLL011W	2.17585594216e-05	YIL136W
YLL011W	0.165954724572	YGR183C
YLL011W	0.0103043850703	YER158C
YLL011W	0.0213422492735	YJR148W
YLL011W	0.364891077736	YPL265W
YLL011W	0.147818485727	YKR056W
YLL011W	0.00789268054113	YCL064C
YLL011W	0.0802783788898	YDL091C
YLL011W	0.0208048021175	YHL028W
YLL011W	0.0104724230216	YIL155C
YLL011W	0.00315349597235	YDR043C
YLL011W	0.744954908669	YDR258C
YLL011W	0.010164105008	YLR276C
YLL011W	0.00156678841713	YDR523C
YLL011W	0.0039099728785	YPL036W
YLL011W	0.312784605161	YOR056C
YLL011W	0.00188598727116	YBL042C
YLL011W	0.525172748472	YLR130C
YLL011W	0.0284406596225	YOL014W
YLL011W	1.0	YNR053C
YLL011W	0.028327445074	YLR258W
YLL011W	0.00384628488674	YDR380W
YLL011W	0.0014889495067	YLL034C
YLL011W	0.290398146654	YDL110C
YLL011W	0.0413077475708	YGL229C
YLL011W	0.069610307772	YKL062W
YNR028W	0.000616741816594	YBL103C
YNR028W	0.00835048258293	YCR010C
YNR028W	0.0164999847868	YDR384C
YNR028W	0.00610606272363	YOR388C
YNR028W	0.114371361136	YLR174W
YNR028W	6.30036987656e-05	YMR229C
YNR028W	0.268677480522	YKL071W
YNR028W	0.0331597092227	YKL015W
YNR028W	0.22247614809	YPR002W
YNR028W	0.00597010336828	YLL033W
YNR028W	4.56894241886e-05	YOR302W
YNR028W	4.50441612397e-07	YLR130C
YNR028W	6.4854246894e-08	YHR029C
YNR028W	0.998604014054	YKL040C
YDR043C	0.0157817026936	YER158C
YDR043C	0.00184939513188	YPL265W
YDR043C	0.00985470900761	YIL037C
YDR043C	0.00604920373233	YOR032C
YDR258C	1.46321912244e-09	YDR171W
YDR258C	0.0701278832949	YBR054W
YDR258C	3.71120955464e-08	YER150W
YDR258C	0.0736464091629	YGL254W
YDR258C	0.00262066524567	YIL136W
YDR258C	0.000539742655931	YGR183C
YDR258C	0.0406511265472	YJL063C
YDR258C	0.000915090722783	YIL155C
YDR258C	0.0923225146977	YLL011W
YDR258C	0.162600651378	YLR258W
YDR258C	0.0212120344507	YDR380W
YDR258C	0.00297495272086	YER067W
YDR258C	3.0474986442e-05	YHR087W
YDR258C	0.0125912189585	YKL062W
YKL071W	0.000185104658499	YHR136C
YKL071W	0.0089449885394	YKR075C
YKL071W	0.0432929175894	YPL111W
YKL071W	0.0150778411723	YOR388C
YKL071W	0.723943458988	YPL012W
YKL071W	0.000220909092192	YMR193W
YKL071W	0.0491820137918	YLR174W
YKL071W	0.0238763759038	YIL037C
YKL071W	1.66117899065e-06	YLR327C
YKL071W	0.000380885624805	YOR206W
YKL071W	0.0348674620633	YJR094C
YKL071W	0.000471874333145	YJL088W
YKL071W	0.00597835878358	YLL011W
YKL071W	0.0227489655601	YNL037C
YKL071W	0.0431354944655	YKL015W
YKL071W	0.00537954097866	YJL217W
YKL071W	0.00434068073729	YNR053C
YKL071W	0.192541133743	YHR216W
YKL071W	0.00972397968734	YJL153C
YNL194C	0.359958740967	YDR216W
YNL194C	0.0496272272162	YMR280C
YNL194C	0.0010774578586	YHR136C
YNL194C	0.0219784635125	YGR043C
YNL194C	0.999999974909	YFL014W
YNL194C	0.000326826091435	YOR348C
YNL194C	0.0283551671909	YCR010C
YNL194C	0.999995299296	YER150W
YNL194C	1.0	YMR169C
YNL194C	0.948249704476	YIL136W
YNL194C	0.00225776215003	YER158C
YNL194C	0.000617059156686	YDL160C
YNL194C	0.00966380346483	YIL037C
YNL194C	3.96057432684e-06	YLR327C
YNL194C	0.0517480311413	YJR094C
YNL194C	0.885737562552	YIL155C
YNL194C	0.0171966138217	YDR043C
YNL194C	0.000879154766653	YDR258C
YNL194C	0.00186738084181	YKR009C
YNL194C	0.267698556059	YKL015W
YNL194C	0.0117751032426	YGL009C
YNL194C	0.00119266089125	YNL270C
YNL194C	0.122959200831	YPL036W
YNL194C	0.0496591112486	YJL217W
YNL194C	0.00501902514163	YER067W
YNL194C	0.00659608031321	YLR178C
YNL194C	0.00186154497687	YHR087W
YNL194C	1.15720961481e-05	YKL062W
YLR276C	0.0172528838769	YBL103C
YLR276C	0.000563742035242	YKL112W
YLR276C	0.00104274959859	YER040W
YLR276C	0.151904605063	YNL036W
YLR276C	0.0340150676163	YML123C
YLR276C	0.0251630285071	YCR021C
YLR276C	0.00214437801403	YHR018C
YLR276C	0.0585098730168	YAL054C
YLR276C	2.49518507089e-05	YDL170W
YLR276C	0.0183076646141	YDR384C
YLR276C	0.106213107389	YKR075C
YLR276C	0.309346963561	YLR009W
YLR276C	0.0185682670156	YPL111W
YLR276C	0.0451973302652	YJL172W
YLR276C	0.00871245170566	YPL012W
YLR276C	0.190638249254	YOR100C
YLR276C	3.31159708215e-05	YMR169C
YLR276C	0.102967707049	YNR046W
YLR276C	8.45495328882e-05	YMR193W
YLR276C	0.00247725493314	YER002W
YLR276C	0.000104666436113	YDL018C
YLR276C	4.32998053802e-05	YGR183C
YLR276C	0.0163809880416	YJR148W
YLR276C	0.138603330262	YNR064C
YLR276C	0.018639990167	YKR056W
YLR276C	0.0252202673099	YCL064C
YLR276C	0.0172515189989	YJL063C
YLR276C	0.00356902186705	YDL091C
YLR276C	0.00922399239564	YHR051W
YLR276C	0.645480624917	YMR229C
YLR276C	0.194367342492	YOR206W
YLR276C	2.63253460523e-05	YJL088W
YLR276C	0.0206164859701	YLL011W
YLR276C	0.00550298858842	YNR028W
YLR276C	0.142364305159	YLR438W
YLR276C	0.254527484758	YNL037C
YLR276C	0.0217301769887	YKR009C
YLR276C	0.404372496565	YPR002W
YLR276C	0.113687192659	YLL033W
YLR276C	0.0113680647832	YAL062W
YLR276C	0.0731904587522	YDR523C
YLR276C	0.0246043833829	YOR056C
YLR276C	0.0663365655001	YBL042C
YLR276C	0.124916417658	YLR267W
YLR276C	0.000471157524012	YHR029C
YLR276C	0.00372039304408	YNR053C
YLR276C	0.00219612265778	YDR380W
YLR276C	0.114853284356	YLL034C
YLR276C	0.0506156582781	YDL110C
YLR276C	5.71765555033e-07	YKL040C
YLR438W	0.0212351937678	YHR136C
YLR438W	0.0848698860669	YPL111W
YLR438W	0.0180373246375	YOR388C
YLR438W	0.016597396067	YIL037C
YLR438W	0.0950564533392	YJL088W
YLR438W	0.0329420785011	YHR216W
YNL037C	0.0349274578576	YOR388C
YNL037C	0.000149506527581	YMR193W
YNL037C	0.2871041125	YJL063C
YNL037C	0.266059893583	YKL071W
YNL037C	0.168200892064	YGL009C
YNL037C	0.0387031066202	YPR002W
YKR009C	0.0824903725318	YNL036W
YKR009C	1.04537754234e-06	YML123C
YKR009C	0.000152992835819	YGR043C
YKR009C	0.170505827092	YAL054C
YKR009C	1.3265843789e-09	YFL014W
YKR009C	0.0333379328763	YPL061W
YKR009C	0.00774419738745	YOR388C
YKR009C	0.000526507745709	YPL012W
YKR009C	6.33329389334e-05	YMR169C
YKR009C	0.00932985913926	YJL063C
YKR009C	0.438726840952	YHR051W
YKR009C	0.00422052401317	YDR043C
YKR009C	0.00342024159926	YNR053C
YKR009C	0.000219848321917	YLR178C
YKL015W	5.08960793819e-05	YHR136C
YKL015W	0.0259137716685	YIL037C
YKL015W	0.0776369635759	YOR032C
YGL009C	0.114827825323	YOR388C
YGL009C	0.0142486748499	YNL037C
YGL009C	0.677117926007	YJL217W
YGL009C	0.0227193186775	YGL229C
YGL009C	0.0197095979329	YJL153C
YPR002W	0.00225671472068	YBL103C
YPR002W	0.0202462989092	YNL036W
YPR002W	0.00139180652966	YOR206W
YPR002W	0.0689131677512	YNR028W
YPR002W	0.0759480159248	YKL071W
YPR002W	0.912296825509	YNL037C
YPR002W	0.114883360934	YLL033W
YPR002W	0.00495631377211	YLR267W
YPR002W	4.93371991227e-06	YKL040C
YDR361C	0.000171443328261	YBL103C
YDR361C	0.019244791378	YKL112W
YDR361C	6.56462186686e-05	YER040W
YDR361C	0.191249897614	YGR142W
YDR361C	0.0163215171122	YNL036W
YDR361C	0.000584999111904	YML123C
YDR361C	0.00979258924287	YGR043C
YDR361C	0.01974976226	YHR018C
YDR361C	0.0165247097996	YBR054W
YDR361C	0.006409748258	YPL061W
YDR361C	0.00951863031119	YKR075C
YDR361C	0.0193796147136	YPL012W
YDR361C	0.0613458356988	YOR100C
YDR361C	2.24589434503e-05	YMR169C
YDR361C	0.00691975892364	YER002W
YDR361C	0.0153688016823	YJR148W
YDR361C	0.0861419240609	YKR056W
YDR361C	0.0186805860658	YCL064C
YDR361C	0.0243820713438	YJL063C
YDR361C	0.0134616156969	YHR051W
YDR361C	1.65824774862e-05	YMR229C
YDR361C	0.00574909228712	YOR206W
YDR361C	0.0124984834764	YLR438W
YDR361C	0.0081321449093	YNL037C
YDR361C	0.0193591757362	YLL033W
YDR361C	0.132344908049	YFR022W
YDR361C	0.011558914716	YDR523C
YDR361C	0.00890573029481	YBL042C
YDR361C	0.029325898517	YLR267W
YDR361C	3.13781758545e-08	YHR029C
YDR361C	0.0113527094076	YLR258W
YDR361C	0.0261909714724	YDL110C
YDR361C	0.952418983478	YLR178C
YLL033W	0.000120923400135	YJL088W
YOR302W	0.951465738947	YBL103C
YOR302W	0.997386237997	YKL112W
YOR302W	0.000372432045748	YDR216W
YOR302W	0.89826579005	YER040W
YOR302W	0.159555145645	YGR142W
YOR302W	1.26350230873e-08	YDR171W
YOR302W	0.00806283682815	YGR043C
YOR302W	0.973702267639	YDL170W
YOR302W	0.65973661297	YCR010C
YOR302W	0.00986853432821	YDR384C
YOR302W	1.0	YPL061W
YOR302W	0.0105778771245	YOR388C
YOR302W	0.602302358817	YOR100C
YOR302W	0.00544377269508	YJR110W
YOR302W	0.0221903659307	YLR174W
YOR302W	0.878302348741	YNR064C
YOR302W	0.999391896994	YMR229C
YOR302W	0.889597844113	YJL088W
YOR302W	0.522570653063	YNR028W
YOR302W	0.0651679736066	YDR043C
YOR302W	0.0792529434436	YPR002W
YOR302W	0.0323552150237	YPL036W
YOR302W	0.999996997521	YLR130C
YOR302W	0.999998463203	YHR029C
YOR302W	0.00565195154327	YOR032C
YOR302W	5.9199630657e-06	YKL040C
YNL270C	0.0101799071309	YOR388C
YNL270C	0.0108504409851	YLR174W
YNL270C	0.000553617478987	YDL160C
YNL270C	0.0633706012274	YIL037C
YNL270C	0.0541895201198	YFR022W
YNL270C	0.0118461569384	YJL217W
YNL270C	0.642536837048	YJL153C
YFR022W	0.000134862664831	YMR169C
YFR022W	8.79822373793e-05	YMR193W
YFR022W	0.0536362957696	YLR174W
YFR022W	0.00586546049302	YGR067C
YFR022W	0.770812617431	YNL270C
YFR022W	0.0111299293081	YOR032C
YFR022W	0.0121355129631	YJL153C
YAL062W	0.0110711485897	YPL061W
YAL062W	0.00650762948485	YOR388C
YAL062W	0.0033537684691	YGR067C
YAL062W	0.0014234568047	YDR043C
YAL062W	0.0256922477846	YJL217W
YDR523C	0.00084024147561	YCR010C
YDR523C	5.79600550438e-05	YDL018C
YDR523C	3.85691317626e-05	YGR183C
YDR523C	0.00675232501155	YPL265W
YDR523C	0.019741038694	YNR053C
YPL036W	0.00920337668837	YOR388C
YPL036W	7.71203808662e-05	YMR193W
YPL036W	0.0678567485038	YLR174W
YPL036W	0.001906574171	YNL270C
YPL036W	1.71597279936e-06	YLR130C
YPL036W	0.0267773322898	YOL014W
YPL036W	0.0317035097595	YOR032C
YPL036W	0.0145764305746	YJL153C
YJL217W	1.0	YOR388C
YJL217W	0.8555072529	YJR094C
YJL217W	0.940156534366	YGL009C
YJL217W	0.0282955458094	YOL014W
YJL217W	0.06324427067	YJL153C
YOR056C	7.21521093454e-05	YML123C
YOR056C	0.00983358891839	YAL054C
YOR056C	0.0489039172663	YBR054W
YOR056C	0.0258095366923	YLR009W
YOR056C	0.0192822041977	YPL111W
YOR056C	0.000690287833323	YPL012W
YOR056C	0.00712621222173	YOR100C
YOR056C	6.00744289598e-06	YMR169C
YOR056C	0.587187511155	YNR046W
YOR056C	0.000159316855166	YMR193W
YOR056C	0.00110863175745	YDL018C
YOR056C	0.000191404274399	YGR183C
YOR056C	0.00306627346895	YGR067C
YOR056C	0.180742049608	YKR056W
YOR056C	0.0120457250314	YJL063C
YOR056C	0.0169801843673	YHR051W
YOR056C	0.00202365544984	YOR206W
YOR056C	0.0337771399346	YLL011W
YOR056C	0.131402037841	YLR276C
YOR056C	0.00532103106675	YLR438W
YOR056C	0.0324958698683	YBL042C
YOR056C	1.48055306817e-08	YHR029C
YOR056C	0.0634704952506	YOL014W
YOR056C	0.00769829009076	YNR053C
YOR056C	0.208408183256	YLL034C
YOR056C	0.410424905655	YDL110C
YBL042C	0.0010363403091	YPL265W
YBL042C	3.65606530982e-08	YLR130C
YBL042C	0.0268154333583	YNR053C
YLR130C	8.92751389405e-05	YKL112W
YLR130C	0.999998092171	YDR171W
YLR130C	0.00162007713092	YCR010C
YLR130C	3.56646541826e-08	YER150W
YLR130C	0.00781050632468	YPL061W
YLR130C	0.00178160734332	YMR193W
YLR130C	0.0732454454607	YLR174W
YLR130C	0.000640080856127	YDL160C
YLR130C	4.95690369257e-06	YMR229C
YLR130C	7.5462628342e-05	YJL088W
YLR130C	0.449753854654	YNR028W
YLR130C	0.00139344545844	YDR043C
YLR130C	0.984359229631	YOR302W
YLR130C	0.00960932592688	YOR032C
YLR267W	5.20708696415e-08	YML123C
YLR267W	0.000254068266321	YHR136C
YLR267W	5.65319645221e-09	YDR171W
YLR267W	0.0195182211987	YPL111W
YLR267W	0.000155889831451	YJR110W
YLR267W	0.0200204724513	YLR174W
YLR267W	0.000307915137632	YDL018C
YLR267W	0.000487067719663	YGR183C
YLR267W	0.535209945749	YPL265W
YLR267W	0.676937060754	YCL064C
YLR267W	0.00220593032237	YPL036W
YLR267W	7.73098974639e-08	YLR130C
YLR267W	0.0642625322416	YNR053C
YLR267W	4.759221155e-07	YKL062W
YHR029C	0.00281011694748	YBL103C
YHR029C	0.00144674834396	YKL112W
YHR029C	0.00122840384563	YER040W
YHR029C	0.197135093613	YGR142W
YHR029C	0.00025312670036	YGR043C
YHR029C	0.670753686967	YHR018C
YHR029C	0.00643139911234	YDL170W
YHR029C	0.0168339162059	YCR010C
YHR029C	0.00836104452946	YDR384C
YHR029C	0.0559026828363	YPL061W
YHR029C	0.0189163881022	YKR075C
YHR029C	0.00583878749411	YLR009W
YHR029C	0.86853147168	YJL172W
YHR029C	0.214235591071	YOR100C
YHR029C	0.0057608592271	YJR110W
YHR029C	0.110900854112	YNR064C
YHR029C	0.0197924468448	YGR067C
YHR029C	0.000522496109191	YMR229C
YHR029C	0.00339710305189	YOR206W
YHR029C	0.00264097201975	YJR094C
YHR029C	0.00251708641719	YJL088W
YHR029C	0.478902084751	YNR028W
YHR029C	0.00100345336019	YKL071W
YHR029C	0.0141682383083	YNL037C
YHR029C	0.278465756144	YPR002W
YHR029C	0.00407210985694	YDR361C
YHR029C	0.0391893705657	YLL033W
YHR029C	0.99990616836	YOR302W
YHR029C	0.00848079647831	YAL062W
YHR029C	0.000680056597724	YLR267W
YHR029C	2.70269418129e-05	YKL040C
YOL014W	0.0148709636181	YOR388C
YOL014W	0.0147315825405	YLR174W
YOL014W	0.064387354938	YJR094C
YOL014W	0.0551583156932	YJL217W
YNR053C	0.000778013070239	YMR280C
YNR053C	3.89859233233e-08	YDR171W
YNR053C	0.0326887458953	YOR348C
YNR053C	0.0175767153756	YBR054W
YNR053C	0.0954156185898	YPL111W
YNR053C	0.0106136764413	YJR110W
YNR053C	0.0139000896775	YGL254W
YNR053C	0.0274773327493	YLR174W
YNR053C	0.00399285946594	YER002W
YNR053C	0.243093220405	YDL018C
YNR053C	1.42799707288e-05	YIL136W
YNR053C	0.0375755913224	YGR183C
YNR053C	0.0136855864472	YER158C
YNR053C	0.0252919532292	YJR148W
YNR053C	0.423175524184	YPL265W
YNR053C	0.278434178856	YKR056W
YNR053C	0.0823397621226	YCL064C
YNR053C	0.248800666246	YDL091C
YNR053C	0.0192813743565	YHL028W
YNR053C	0.0033548718507	YIL155C
YNR053C	1.0	YLL011W
YNR053C	0.062866760985	YDR258C
YNR053C	0.00841132344149	YLR276C
YNR053C	0.0088575764516	YDR523C
YNR053C	0.0126762686198	YPL036W
YNR053C	0.34246751646	YOR056C
YNR053C	0.0170726416239	YBL042C
YNR053C	0.0603550319566	YLR130C
YNR053C	0.0286119487227	YOL014W
YNR053C	0.0203650122072	YLR258W
YNR053C	0.00387455360509	YDR380W
YNR053C	0.241953002877	YGL229C
YNR053C	0.0936373492871	YKL062W
YLR258W	1.67516768128e-05	YFL014W
YLR258W	0.0328199198665	YBR054W
YLR258W	1.09526467066e-05	YER150W
YLR258W	0.0161720885379	YPL061W
YLR258W	4.30878440978e-05	YDL018C
YLR258W	0.00629178689088	YIL136W
YLR258W	0.0202265869746	YER158C
YLR258W	0.0257946283122	YDR258C
YLR258W	3.1979190225e-13	YNL194C
YLR258W	0.00594912286735	YJL217W
YLR258W	0.0167477550502	YDL110C
YLR258W	0.000995873476727	YER067W
YLR258W	0.263958554925	YGL229C
YLR258W	0.00409279144274	YHR087W
YLR258W	0.369403026751	YKL062W
YDR380W	1.11103857435e-08	YML123C
YDR380W	1.29606104849e-09	YFL014W
YDR380W	0.00203827403215	YDR384C
YDR380W	0.00975347915913	YPL061W
YDR380W	0.0117609048388	YKR075C
YDR380W	0.171956512541	YOR388C
YDR380W	0.0067298143339	YPL012W
YDR380W	0.000344519209092	YMR193W
YDR380W	0.817187501741	YKL071W
YDR380W	0.00593631956008	YGL009C
YDR380W	0.0118393198905	YJL217W
YLL034C	0.00519450640922	YBL103C
YLL034C	0.00163452902837	YKL112W
YLL034C	0.000372693381952	YER040W
YLL034C	0.000983479523218	YGR142W
YLL034C	0.0605692712553	YNL036W
YLL034C	0.100887086102	YML123C
YLL034C	0.00642547969533	YCR021C
YLL034C	6.66289190277e-05	YGR043C
YLL034C	0.000700102983399	YHR018C
YLL034C	0.0475773611947	YAL054C
YLL034C	1.09384924418e-05	YDL170W
YLL034C	0.0312469615665	YBR054W
YLL034C	0.0213571277696	YDR384C
YLL034C	0.0322487087761	YKR075C
YLL034C	0.203788842106	YLR009W
YLL034C	0.00131106817644	YJL172W
YLL034C	0.159358457092	YPL012W
YLL034C	0.228167640959	YOR100C
YLL034C	3.62178051257e-05	YMR169C
YLL034C	0.209705999214	YNR046W
YLL034C	8.16047591103e-05	YMR193W
YLL034C	0.0081339466197	YGL254W
YLL034C	0.556723879276	YER002W
YLL034C	0.000257864090124	YDL018C
YLL034C	9.29508461606e-05	YGR183C
YLL034C	0.00323471973508	YJR148W
YLL034C	0.0266697541063	YNR064C
YLL034C	0.054817350159	YKR056W
YLL034C	0.012920943391	YCL064C
YLL034C	0.0241839080532	YJL063C
YLL034C	0.0727957601522	YDL091C
YLL034C	0.116541974984	YHR051W
YLL034C	0.000980562225877	YMR229C
YLL034C	0.0222255859309	YOR206W
YLL034C	0.0269175591945	YLL011W
YLL034C	0.0994988905327	YLR276C
YLL034C	0.0368255226145	YLR438W
YLL034C	0.0227418671288	YNL037C
YLL034C	0.00296565098923	YKR009C
YLL034C	0.00238347877726	YDR361C
YLL034C	0.0485573792746	YLL033W
YLL034C	0.00701104004905	YFR022W
YLL034C	0.0456268308676	YAL062W
YLL034C	0.0245531624983	YDR523C
YLL034C	0.28805968531	YOR056C
YLL034C	0.120445410666	YBL042C
YLL034C	0.0265846110078	YLR267W
YLL034C	9.41962237638e-06	YHR029C
YLL034C	0.0127825949801	YLR258W
YLL034C	0.0252830860313	YDL110C
YLL034C	0.00180225055936	YLR178C
YDL110C	0.000283100779061	YMR280C
YDL110C	0.000861449020738	YOR348C
YDL110C	0.126806726079	YBR054W
YDL110C	0.0207102792424	YPL111W
YDL110C	0.0493775327594	YDL018C
YDL110C	4.72557718593e-06	YIL136W
YDL110C	0.649677734705	YGR183C
YDL110C	0.00280326997212	YER158C
YDL110C	0.00387382583221	YPL265W
YDL110C	1.40984605258e-06	YLR327C
YDL110C	0.00596690029977	YHL028W
YDL110C	0.00114310249335	YIL155C
YDL110C	0.221715192937	YLL011W
YDL110C	0.00714816946895	YLR276C
YDL110C	0.00187667740629	YPL036W
YDL110C	5.38195035889e-05	YLR130C
YDL110C	0.0240857247995	YOL014W
YDL110C	0.00544453722156	YNR053C
YDL110C	0.0320868972758	YLR258W
YDL110C	0.000907379273138	YDR380W
YDL110C	8.42696878883e-06	YHR087W
YDL110C	0.00630099011483	YKL062W
YER067W	9.41457385712e-05	YHR136C
YER067W	0.998381684037	YDR171W
YER067W	0.244739669757	YCR021C
YER067W	8.98596732319e-08	YFL014W
YER067W	0.00369221959112	YOR348C
YER067W	0.00567808433575	YCR010C
YER067W	0.944574522874	YER150W
YER067W	0.00715201462348	YOR388C
YER067W	0.0286536754863	YGL254W
YER067W	0.000203596737741	YIL136W
YER067W	0.109697120974	YER158C
YER067W	0.802024152299	YDL160C
YER067W	0.999477308404	YLR327C
YER067W	0.000917781527699	YIL155C
YER067W	0.531136380877	YDR258C
YER067W	7.14426170771e-10	YNL194C
YER067W	0.00561829145466	YLL033W
YER067W	0.0244134682313	YFR022W
YER067W	0.00706444167849	YJL217W
YER067W	0.0445529526125	YLR258W
YER067W	0.1105203503	YGL229C
YER067W	3.79618708627e-06	YKL040C
YER067W	0.922763125117	YHR087W
YER067W	3.71376026631e-07	YKL062W
YLR178C	0.00449065734044	YMR280C
YLR178C	0.00127952202205	YGR043C
YLR178C	0.000977554532382	YFL014W
YLR178C	0.02158947777	YPL061W
YLR178C	0.00132942607719	YPL012W
YLR178C	0.000146652151062	YMR169C
YLR178C	0.96541894714	YIL136W
YLR178C	0.0211786775309	YER158C
YLR178C	0.229171847164	YGR067C
YLR178C	0.173508254286	YJL063C
YLR178C	3.48937730873e-05	YDL160C
YLR178C	0.0249408253768	YIL037C
YLR178C	0.276272803273	YDR043C
YLR178C	9.93717422622e-05	YDR258C
YLR178C	1.15671640254e-09	YNL194C
YLR178C	0.318252758961	YKR009C
YLR178C	0.73300398393	YKL015W
YLR178C	0.0421016906537	YGL009C
YLR178C	0.205234072675	YDR361C
YLR178C	0.0135900468662	YFR022W
YLR178C	0.823514951346	YAL062W
YLR178C	0.0255307219015	YPL036W
YLR178C	0.0245932892493	YOL014W
YLR178C	0.00131521479536	YLR258W
YLR178C	0.0569396037405	YDR380W
YLR178C	0.430443585756	YGL229C
YLR178C	0.000907327018827	YHR087W
YLR178C	0.074694990303	YKL062W
YGL229C	2.73326976498e-05	YDL160C
YGL229C	0.0134071751824	YGL009C
YGL229C	0.0814132884632	YOL014W
YGL229C	0.00986139658928	YOR032C
YOR032C	0.000153132110993	YMR193W
YOR032C	1.0	YER158C
YOR032C	0.227056563592	YDR043C
YOR032C	0.290270770097	YKL015W
YOR032C	0.00504548914824	YHR216W
YOR032C	0.00945569205031	YJL153C
YHR216W	0.056724492856	YPL061W
YHR216W	2.55282130658e-05	YDL160C
YHR216W	0.832051219521	YJR094C
YJL153C	0.261407635876	YOR388C
YJL153C	0.00925381479615	YNL270C
YKL040C	0.000239673341892	YHR136C
YKL040C	0.0140324448884	YKR075C
YKL040C	1.0	YDL018C
YKL040C	0.110066181834	YNR028W
YKL040C	0.034237837939	YLL033W
YKL040C	0.00234534215722	YNL270C
YKL040C	0.140424944645	YJL153C
YHR087W	5.4535700996e-05	YMR280C
YHR087W	7.58634522953e-05	YHR136C
YHR087W	0.00161678687548	YDR171W
YHR087W	0.415989678139	YCR021C
YHR087W	1.89987839663e-05	YFL014W
YHR087W	0.127876261351	YOR348C
YHR087W	0.042379270946	YBR054W
YHR087W	0.0509528198396	YER150W
YHR087W	0.0490563928008	YIL136W
YHR087W	0.0270312389313	YER158C
YHR087W	0.00459734863282	YGR067C
YHR087W	0.099477338105	YDL160C
YHR087W	0.00120780863064	YLR327C
YHR087W	0.00682816823415	YHL028W
YHR087W	0.512520365786	YIL155C
YHR087W	0.00685281404917	YDR258C
YHR087W	3.57908118243e-07	YNL194C
YHR087W	0.00499013456856	YJL217W
YHR087W	0.673398469944	YLR258W
YHR087W	0.973619510255	YER067W
YKL062W	4.18274957991e-05	YMR280C
YKL062W	0.996739253874	YFL014W
YKL062W	2.32013137266e-07	YER150W
YKL062W	0.0416387774569	YPL061W
YKL062W	0.00814151612911	YOR388C
YKL062W	0.00272993863614	YPL012W
YKL062W	0.0255274173475	YIL136W
YKL062W	0.0284726603201	YER158C
YKL062W	0.0187110499689	YJL063C
YKL062W	0.0134641524157	YHR051W
YKL062W	0.895223491338	YHL028W
YKL062W	0.00204161185917	YJR094C
YKL062W	0.00611871039511	YIL155C
YKL062W	0.000115824831694	YJL088W
YKL062W	0.033176837814	YDR043C
YKL062W	0.00237709813118	YDR258C
YKL062W	0.151633236656	YKL071W
YKL062W	1.26153501632e-11	YNL194C
YKL062W	0.458341997345	YKR009C
YKL062W	0.00957374621269	YDR361C
YKL062W	0.0125019223387	YAL062W
YKL062W	0.00204273169007	YPL036W
YKL062W	0.939445823681	YLR258W
YKL062W	0.862179403488	YDR380W
YKL062W	0.0001434682019	YER067W
YKL062W	0.102676809815	YGL229C
YKL062W	0.0347390819488	YOR032C
